<?xml version="1.0" encoding="UTF-8"?>
<testsuites>
  <testsuite name="examples" timestamp="2025-10-28T15:51:51Z" hostname="46686dd56c18" tests="37" skipped="37" failures="0" errors="0" time="0.573">
    <testcase time="0.0089999999999999" classname="examples" name="example_add_facet_labels.Rd">
      <skipped message="Reason: On CRAN ('test-examples.R:143:7')"/>
    </testcase>
    <testcase time="0.0640000000000001" classname="examples" name="example_call_fun_dots.Rd">
      <skipped message="Reason: On CRAN ('test-examples.R:143:7')"/>
    </testcase>
    <testcase time="0.0349999999999999" classname="examples" name="example_create_sparklines.Rd">
      <skipped message="Reason: On CRAN ('test-examples.R:143:7')"/>
    </testcase>
    <testcase time="0.0170000000000001" classname="examples" name="example_establish_updating_selection.Rd">
      <skipped message="Reason: On CRAN ('test-examples.R:143:7')"/>
    </testcase>
    <testcase time="0.026" classname="examples" name="example_get_scatterplotmatrix_stats.Rd">
      <skipped message="Reason: On CRAN ('test-examples.R:143:7')"/>
    </testcase>
    <testcase time="0.014" classname="examples" name="example_plot_var_summary.Rd">
      <skipped message="Reason: On CRAN ('test-examples.R:143:7')"/>
    </testcase>
    <testcase time="0.0129999999999999" classname="examples" name="example_remove_outliers_from.Rd">
      <skipped message="Reason: On CRAN ('test-examples.R:143:7')"/>
    </testcase>
    <testcase time="0.0130000000000001" classname="examples" name="example_render_single_tab.Rd">
      <skipped message="Reason: On CRAN ('test-examples.R:143:7')"/>
    </testcase>
    <testcase time="0.0129999999999999" classname="examples" name="example_render_tab_header.Rd">
      <skipped message="Reason: On CRAN ('test-examples.R:143:7')"/>
    </testcase>
    <testcase time="0.012" classname="examples" name="example_render_tab_table.Rd">
      <skipped message="Reason: On CRAN ('test-examples.R:143:7')"/>
    </testcase>
    <testcase time="0.0129999999999999" classname="examples" name="example_render_tabset_panel_content.Rd">
      <skipped message="Reason: On CRAN ('test-examples.R:143:7')"/>
    </testcase>
    <testcase time="0.0130000000000001" classname="examples" name="example_select_decorators.Rd">
      <skipped message="Reason: On CRAN ('test-examples.R:143:7')"/>
    </testcase>
    <testcase time="0.012" classname="examples" name="example_set_chunk_attrs.Rd">
      <skipped message="Reason: On CRAN ('test-examples.R:143:7')"/>
    </testcase>
    <testcase time="0.0129999999999999" classname="examples" name="example_set_chunk_dims.Rd">
      <skipped message="Reason: On CRAN ('test-examples.R:143:7')"/>
    </testcase>
    <testcase time="0.0130000000000001" classname="examples" name="example_shared_params.Rd">
      <skipped message="Reason: On CRAN ('test-examples.R:143:7')"/>
    </testcase>
    <testcase time="0.0169999999999999" classname="examples" name="example_srv_decorate_teal_data.Rd">
      <skipped message="Reason: On CRAN ('test-examples.R:143:7')"/>
    </testcase>
    <testcase time="0.0130000000000001" classname="examples" name="example_teal.modules.general.Rd">
      <skipped message="Reason: On CRAN ('test-examples.R:143:7')"/>
    </testcase>
    <testcase time="0.0129999999999999" classname="examples" name="example_tm_a_pca.Rd">
      <skipped message="Reason: On CRAN ('test-examples.R:143:7')"/>
    </testcase>
    <testcase time="0.0130000000000001" classname="examples" name="example_tm_a_regression.Rd">
      <skipped message="Reason: On CRAN ('test-examples.R:143:7')"/>
    </testcase>
    <testcase time="0.0129999999999999" classname="examples" name="example_tm_data_table.Rd">
      <skipped message="Reason: On CRAN ('test-examples.R:143:7')"/>
    </testcase>
    <testcase time="0.0129999999999999" classname="examples" name="example_tm_file_viewer.Rd">
      <skipped message="Reason: On CRAN ('test-examples.R:143:7')"/>
    </testcase>
    <testcase time="0.0130000000000001" classname="examples" name="example_tm_front_page.Rd">
      <skipped message="Reason: On CRAN ('test-examples.R:143:7')"/>
    </testcase>
    <testcase time="0.012" classname="examples" name="example_tm_g_association.Rd">
      <skipped message="Reason: On CRAN ('test-examples.R:143:7')"/>
    </testcase>
    <testcase time="0.0129999999999999" classname="examples" name="example_tm_g_bivariate.Rd">
      <skipped message="Reason: On CRAN ('test-examples.R:143:7')"/>
    </testcase>
    <testcase time="0.0130000000000001" classname="examples" name="example_tm_g_distribution.Rd">
      <skipped message="Reason: On CRAN ('test-examples.R:143:7')"/>
    </testcase>
    <testcase time="0.0129999999999999" classname="examples" name="example_tm_g_response.Rd">
      <skipped message="Reason: On CRAN ('test-examples.R:143:7')"/>
    </testcase>
    <testcase time="0.016" classname="examples" name="example_tm_g_scatterplot.Rd">
      <skipped message="Reason: On CRAN ('test-examples.R:143:7')"/>
    </testcase>
    <testcase time="0.014" classname="examples" name="example_tm_g_scatterplotmatrix.Rd">
      <skipped message="Reason: On CRAN ('test-examples.R:143:7')"/>
    </testcase>
    <testcase time="0.0129999999999999" classname="examples" name="example_tm_missing_data.Rd">
      <skipped message="Reason: On CRAN ('test-examples.R:143:7')"/>
    </testcase>
    <testcase time="0.0130000000000001" classname="examples" name="example_tm_outliers.Rd">
      <skipped message="Reason: On CRAN ('test-examples.R:143:7')"/>
    </testcase>
    <testcase time="0.0129999999999999" classname="examples" name="example_tm_t_crosstable.Rd">
      <skipped message="Reason: On CRAN ('test-examples.R:143:7')"/>
    </testcase>
    <testcase time="0.0130000000000001" classname="examples" name="example_tm_variable_browser.Rd">
      <skipped message="Reason: On CRAN ('test-examples.R:143:7')"/>
    </testcase>
    <testcase time="0.0129999999999999" classname="examples" name="example_validate_input.Rd">
      <skipped message="Reason: On CRAN ('test-examples.R:143:7')"/>
    </testcase>
    <testcase time="0.0130000000000001" classname="examples" name="example_var_missings_info.Rd">
      <skipped message="Reason: On CRAN ('test-examples.R:143:7')"/>
    </testcase>
    <testcase time="0.0129999999999999" classname="examples" name="example_var_summary_table.Rd">
      <skipped message="Reason: On CRAN ('test-examples.R:143:7')"/>
    </testcase>
    <testcase time="0.0130000000000001" classname="examples" name="example_variable_type_icons.Rd">
      <skipped message="Reason: On CRAN ('test-examples.R:143:7')"/>
    </testcase>
    <testcase time="0.0129999999999999" classname="examples" name="example_varname_w_label.Rd">
      <skipped message="Reason: On CRAN ('test-examples.R:143:7')"/>
    </testcase>
  </testsuite>
  <testsuite name="shinytest2-tm_a_pca" timestamp="2025-10-28T15:51:52Z" hostname="46686dd56c18" tests="11" skipped="11" failures="0" errors="0" time="1.068">
    <testcase time="0.214" classname="shinytest2_tm_a_pca" name="e2e_tm_a_pca_Module_is_initialised_with_the_specified_defaults_in_function_call.">
      <skipped message="Reason: On CRAN ('test-shinytest2-tm_a_pca.R:39:3')"/>
    </testcase>
    <testcase time="0.107" classname="shinytest2_tm_a_pca" name="e2e_tm_a_pca_Eigenvector_table_should_have_data_extract_selection_Murder_Assault_on_header.">
      <skipped message="Reason: On CRAN ('test-shinytest2-tm_a_pca.R:68:3')"/>
    </testcase>
    <testcase time="0.0840000000000001" classname="shinytest2_tm_a_pca" name="e2e_tm_a_pca_Eigenvector_table_should_have_data_extract_selection_Murder_UrbanPop_on_header.">
      <skipped message="Reason: On CRAN ('test-shinytest2-tm_a_pca.R:85:3')"/>
    </testcase>
    <testcase time="0.081" classname="shinytest2_tm_a_pca" name="e2e_tm_a_pca_Color_by_columns_data_extract_must_be_from_non_selected_variable_set.">
      <skipped message="Reason: On CRAN ('test-shinytest2-tm_a_pca.R:102:3')"/>
    </testcase>
    <testcase time="0.0800000000000001" classname="shinytest2_tm_a_pca" name="e2e_tm_a_pca_Changing_output_encodings_of_tables_display_does_not_generate_errors.">
      <skipped message="Reason: On CRAN ('test-shinytest2-tm_a_pca.R:119:3')"/>
    </testcase>
    <testcase time="0.0859999999999999" classname="shinytest2_tm_a_pca" name="e2e_tm_a_pca_Changing_output_encodings_for_plot_type_does_not_generate_errors.">
      <skipped message="Reason: On CRAN ('test-shinytest2-tm_a_pca.R:140:3')"/>
    </testcase>
    <testcase time="0.081" classname="shinytest2_tm_a_pca" name="e2e_tm_a_pca_Changing_output_encodings_of_standardization_does_not_generate_errors.">
      <skipped message="Reason: On CRAN ('test-shinytest2-tm_a_pca.R:163:3')"/>
    </testcase>
    <testcase time="0.0870000000000002" classname="shinytest2_tm_a_pca" name="e2e_tm_a_pca_Changing_output_encodings_of_NA_action_does_not_generate_errors.">
      <skipped message="Reason: On CRAN ('test-shinytest2-tm_a_pca.R:181:3')"/>
    </testcase>
    <testcase time="0.081" classname="shinytest2_tm_a_pca" name="e2e_tm_a_pca_Changing_output_encodings_of_plot_type_hides_and_shows_options.">
      <skipped message="Reason: On CRAN ('test-shinytest2-tm_a_pca.R:195:3')"/>
    </testcase>
    <testcase time="0.0859999999999999" classname="shinytest2_tm_a_pca" name="e2e_tm_a_pca_Changing_output_encodings_of_theme_does_not_generate_errors.">
      <skipped message="Reason: On CRAN ('test-shinytest2-tm_a_pca.R:223:3')"/>
    </testcase>
    <testcase time="0.081" classname="shinytest2_tm_a_pca" name="e2e_tm_a_pca_Changing_output_encodings_of_font_size_does_not_generate_errors.">
      <skipped message="Reason: On CRAN ('test-shinytest2-tm_a_pca.R:241:3')"/>
    </testcase>
  </testsuite>
  <testsuite name="shinytest2-tm_a_regression" timestamp="2025-10-28T15:51:53Z" hostname="46686dd56c18" tests="7" skipped="7" failures="0" errors="0" time="0.605">
    <testcase time="0.1" classname="shinytest2_tm_a_regression" name="e2e_tm_a_regression_Data_parameter_and_module_label_is_passed_properly.">
      <skipped message="Reason: On CRAN ('test-shinytest2-tm_a_regression.R:53:3')"/>
    </testcase>
    <testcase time="0.0920000000000001" classname="shinytest2_tm_a_regression" name="e2e_tm_a_regression_Data_extract_spec_elements_are_initialized_with_the_default_values_specified_by_response_and_regressor_arg.">
      <skipped message="Reason: On CRAN ('test-shinytest2-tm_a_regression.R:70:3')"/>
    </testcase>
    <testcase time="0.081" classname="shinytest2_tm_a_regression" name="e2e_tm_a_regression_Plot_type_is_set_properly.">
      <skipped message="Reason: On CRAN ('test-shinytest2-tm_a_regression.R:93:3')"/>
    </testcase>
    <testcase time="0.085" classname="shinytest2_tm_a_regression" name="e2e_tm_a_regression_Plot_type_has_7_specific_choices_changing_choices_does_not_throw_errors.">
      <skipped message="Reason: On CRAN ('test-shinytest2-tm_a_regression.R:106:3')"/>
    </testcase>
    <testcase time="0.081" classname="shinytest2_tm_a_regression" name="e2e_tm_a_regression_Outlier_definition_and_label_are_visible_by_default.">
      <skipped message="Reason: On CRAN ('test-shinytest2-tm_a_regression.R:133:3')"/>
    </testcase>
    <testcase time="0.085" classname="shinytest2_tm_a_regression" name="e2e_tm_a_regression_Outlier_definition_and_label_have_default_values_and_label_text.">
      <skipped message="Reason: On CRAN ('test-shinytest2-tm_a_regression.R:145:3')"/>
    </testcase>
    <testcase time="0.081" classname="shinytest2_tm_a_regression" name="e2e_tm_a_regression_Unchecking_display_outlier_hides_outlier_label_and_definition.">
      <skipped message="Reason: On CRAN ('test-shinytest2-tm_a_regression.R:173:3')"/>
    </testcase>
  </testsuite>
  <testsuite name="shinytest2-tm_data_table" timestamp="2025-10-28T15:51:54Z" hostname="46686dd56c18" tests="4" skipped="4" failures="0" errors="0" time="0.371">
    <testcase time="0.102" classname="shinytest2_tm_data_table" name="e2e_tm_data_table_Initializes_without_errors">
      <skipped message="Reason: On CRAN ('test-shinytest2-tm_data_table.R:27:3')"/>
    </testcase>
    <testcase time="0.0859999999999999" classname="shinytest2_tm_data_table" name="e2e_tm_data_table_Verify_checkbox_displayed_over_data_table">
      <skipped message="Reason: On CRAN ('test-shinytest2-tm_data_table.R:39:3')"/>
    </testcase>
    <testcase time="0.0920000000000001" classname="shinytest2_tm_data_table" name="e2e_tm_data_table_Verify_module_displays_data_table">
      <skipped message="Reason: On CRAN ('test-shinytest2-tm_data_table.R:48:3')"/>
    </testcase>
    <testcase time="0.0909999999999997" classname="shinytest2_tm_data_table" name="e2e_tm_data_table_Verify_default_variable_selection_and_set_new_selection">
      <skipped message="Reason: On CRAN ('test-shinytest2-tm_data_table.R:84:3')"/>
    </testcase>
  </testsuite>
  <testsuite name="shinytest2-tm_file_viewer" timestamp="2025-10-28T15:51:54Z" hostname="46686dd56c18" tests="4" skipped="4" failures="0" errors="0" time="0.83">
    <testcase time="0.451000000000001" classname="shinytest2_tm_file_viewer" name="e2e_tm_file_viewer_Initializes_without_errors_and_shows_files_tree_specified_in_input_path_argument">
      <skipped message="Reason: On CRAN ('test-shinytest2-tm_file_viewer.R:23:3')"/>
    </testcase>
    <testcase time="0.127" classname="shinytest2_tm_file_viewer" name="e2e_tm_file_viewer_Shows_selected_image_file">
      <skipped message="Reason: On CRAN ('test-shinytest2-tm_file_viewer.R:45:3')"/>
    </testcase>
    <testcase time="0.125" classname="shinytest2_tm_file_viewer" name="e2e_tm_file_viewer_Shows_selected_text_file">
      <skipped message="Reason: On CRAN ('test-shinytest2-tm_file_viewer.R:61:3')"/>
    </testcase>
    <testcase time="0.127000000000001" classname="shinytest2_tm_file_viewer" name="e2e_tm_file_viewer_Shows_selected_url">
      <skipped message="Reason: On CRAN ('test-shinytest2-tm_file_viewer.R:83:3')"/>
    </testcase>
  </testsuite>
  <testsuite name="shinytest2-tm_front_page" timestamp="2025-10-28T15:51:55Z" hostname="46686dd56c18" tests="3" skipped="3" failures="0" errors="0" time="0.417">
    <testcase time="0.146999999999999" classname="shinytest2_tm_front_page" name="e2e_tm_front_page_Initializes_without_errors_and_check_html_elements">
      <skipped message="Reason: On CRAN ('test-shinytest2-tm_front_page.R:28:3')"/>
    </testcase>
    <testcase time="0.135000000000001" classname="shinytest2_tm_front_page" name="e2e_tm_front_page_Verify_the_module_displays_tables">
      <skipped message="Reason: On CRAN ('test-shinytest2-tm_front_page.R:49:3')"/>
    </testcase>
    <testcase time="0.135" classname="shinytest2_tm_front_page" name="e2e_tm_front_page_Verify_the_module_displays_metadata">
      <skipped message="Reason: On CRAN ('test-shinytest2-tm_front_page.R:61:3')"/>
    </testcase>
  </testsuite>
  <testsuite name="shinytest2-tm_g_association" timestamp="2025-10-28T15:51:55Z" hostname="46686dd56c18" tests="4" skipped="4" failures="0" errors="0" time="0.055">
    <testcase time="0.0170000000000003" classname="shinytest2_tm_g_association" name="e2e_tm_g_association_Data_parameter_and_module_label_is_passed_properly.">
      <skipped message="Reason: ggmosaic issue: will be resumed via the issue #925 in tmg ('test-shinytest2-tm_g_association.R:51:3')"/>
    </testcase>
    <testcase time="0.0129999999999999" classname="shinytest2_tm_g_association" name="e2e_tm_g_association_Data_extract_spec_elements_are_initialized_with_the_default_values_specified_by_ref_and_vars_arguments.">
      <skipped message="Reason: ggmosaic issue: will be resumed via the issue  ('test-shinytest2-tm_g_association.R:68:3')"/>
    </testcase>
    <testcase time="0.0129999999999999" classname="shinytest2_tm_g_association" name="e2e_tm_g_association_Module_plot_is_visible.">
      <skipped message="Reason: ggmosaic issue: will be resumed via the issue  ('test-shinytest2-tm_g_association.R:90:3')"/>
    </testcase>
    <testcase time="0.0119999999999996" classname="shinytest2_tm_g_association" name="e2e_tm_g_association_Check_and_set_default_values_for_radio_buttons.">
      <skipped message="Reason: ggmosaic issue: will be resumed via the issue  ('test-shinytest2-tm_g_association.R:100:3')"/>
    </testcase>
  </testsuite>
  <testsuite name="shinytest2-tm_g_bivariate" timestamp="2025-10-28T15:51:55Z" hostname="46686dd56c18" tests="4" skipped="4" failures="0" errors="0" time="0.426">
    <testcase time="0.135" classname="shinytest2_tm_g_bivariate" name="e2e_tm_g_bivariate_Module_is_initialised_with_the_specified_defaults.">
      <skipped message="Reason: On CRAN ('test-shinytest2-tm_g_bivariate.R:92:3')"/>
    </testcase>
    <testcase time="0.108000000000001" classname="shinytest2_tm_g_bivariate" name="e2e_tm_g_bivariate_Coloring_options_are_hidden_when_coloring_is_toggled_off.">
      <skipped message="Reason: On CRAN ('test-shinytest2-tm_g_bivariate.R:119:3')"/>
    </testcase>
    <testcase time="0.0880000000000001" classname="shinytest2_tm_g_bivariate" name="e2e_tm_g_bivariate_Facetting_options_are_hidden_when_facet_is_toggled_off.">
      <skipped message="Reason: On CRAN ('test-shinytest2-tm_g_bivariate.R:161:3')"/>
    </testcase>
    <testcase time="0.0949999999999998" classname="shinytest2_tm_g_bivariate" name="e2e_tm_g_bivariate_Setting_encoding_inputs_produces_outputs_without_validation_errors.">
      <skipped message="Reason: On CRAN ('test-shinytest2-tm_g_bivariate.R:197:3')"/>
    </testcase>
  </testsuite>
  <testsuite name="shinytest2-tm_g_distribution" timestamp="2025-10-28T15:51:56Z" hostname="46686dd56c18" tests="3" skipped="3" failures="0" errors="0" time="0.26">
    <testcase time="0.085" classname="shinytest2_tm_g_distribution" name="e2e_tm_g_distribution_Module_is_initialised_with_the_specified_defaults.">
      <skipped message="Reason: On CRAN ('test-shinytest2-tm_g_distribution.R:52:3')"/>
    </testcase>
    <testcase time="0.0950000000000006" classname="shinytest2_tm_g_distribution" name="e2e_tm_g_distribution_Histogram_encoding_inputs_produce_output_without_validation_errors.">
      <skipped message="Reason: On CRAN ('test-shinytest2-tm_g_distribution.R:76:3')"/>
    </testcase>
    <testcase time="0.0800000000000001" classname="shinytest2_tm_g_distribution" name="e2e_tm_g_distribution_QQ_plot_encoding_inputs_produce_output_without_validation_errors.">
      <skipped message="Reason: On CRAN ('test-shinytest2-tm_g_distribution.R:113:3')"/>
    </testcase>
  </testsuite>
  <testsuite name="shinytest2-tm_g_response" timestamp="2025-10-28T15:51:56Z" hostname="46686dd56c18" tests="4" skipped="4" failures="0" errors="0" time="0.369">
    <testcase time="0.0939999999999994" classname="shinytest2_tm_g_response" name="e2e_tm_g_response_module_is_initialised_with_the_specified_defaults.">
      <skipped message="Reason: On CRAN ('test-shinytest2-tm_g_response.R:47:3')"/>
    </testcase>
    <testcase time="0.0990000000000002" classname="shinytest2_tm_g_response" name="e2e_tm_g_response_encoding_inputs_produce_output_without_validation_errors.">
      <skipped message="Reason: On CRAN ('test-shinytest2-tm_g_response.R:65:3')"/>
    </testcase>
    <testcase time="0.0860000000000003" classname="shinytest2_tm_g_response" name="e2e_tm_g_response_deselecting_response_produces_validation_error.">
      <skipped message="Reason: On CRAN ('test-shinytest2-tm_g_response.R:95:3')"/>
    </testcase>
    <testcase time="0.0899999999999999" classname="shinytest2_tm_g_response" name="e2e_tm_g_response_deselecting_x_produces_validation_error.">
      <skipped message="Reason: On CRAN ('test-shinytest2-tm_g_response.R:106:3')"/>
    </testcase>
  </testsuite>
  <testsuite name="shinytest2-tm_g_scatterplot" timestamp="2025-10-28T15:51:56Z" hostname="46686dd56c18" tests="5" skipped="5" failures="0" errors="0" time="0.49">
    <testcase time="0.0949999999999998" classname="shinytest2_tm_g_scatterplot" name="e2e_tm_g_scatterplot_Module_is_initialised_with_the_specified_defaults.">
      <skipped message="Reason: On CRAN ('test-shinytest2-tm_g_scatterplot.R:91:3')"/>
    </testcase>
    <testcase time="0.112" classname="shinytest2_tm_g_scatterplot" name="e2e_tm_g_scatterplot_Base_for_the_log_transformation_can_be_applied.">
      <skipped message="Reason: On CRAN ('test-shinytest2-tm_g_scatterplot.R:117:3')"/>
    </testcase>
    <testcase time="0.0970000000000004" classname="shinytest2_tm_g_scatterplot" name="e2e_tm_g_scatterplot_The_log_transform_is_only_possible_for_positive_numeric_vars.">
      <skipped message="Reason: On CRAN ('test-shinytest2-tm_g_scatterplot.R:137:3')"/>
    </testcase>
    <testcase time="0.0949999999999998" classname="shinytest2_tm_g_scatterplot" name="e2e_tm_g_scatterplot_Get_validation_error_when_facetting_with_the_same_row_col_variable.">
      <skipped message="Reason: On CRAN ('test-shinytest2-tm_g_scatterplot.R:156:3')"/>
    </testcase>
    <testcase time="0.0910000000000002" classname="shinytest2_tm_g_scatterplot" name="e2e_tm_g_scatterplot_The_encoding_inputs_are_set_without_validation_errors.">
      <skipped message="Reason: On CRAN ('test-shinytest2-tm_g_scatterplot.R:168:3')"/>
    </testcase>
  </testsuite>
  <testsuite name="shinytest2-tm_g_scatterplotmatrix" timestamp="2025-10-28T15:51:57Z" hostname="46686dd56c18" tests="4" skipped="4" failures="0" errors="0" time="0.615">
    <testcase time="0.157" classname="shinytest2_tm_g_scatterplotmatrix" name="e2e_tm_g_scatterplotmatrix_Initializes_without_errors">
      <skipped message="Reason: On CRAN ('test-shinytest2-tm_g_scatterplotmatrix.R:51:3')"/>
    </testcase>
    <testcase time="0.162999999999999" classname="shinytest2_tm_g_scatterplotmatrix" name="e2e_tm_g_scatterplotmatrix_Verify_module_displays_data_table">
      <skipped message="Reason: On CRAN ('test-shinytest2-tm_g_scatterplotmatrix.R:65:3')"/>
    </testcase>
    <testcase time="0.147" classname="shinytest2_tm_g_scatterplotmatrix" name="e2e_tm_g_scatterplotmatrix_Verify_default_values_and_settings_data_extracts_for_data_selection">
      <skipped message="Reason: On CRAN ('test-shinytest2-tm_g_scatterplotmatrix.R:79:3')"/>
    </testcase>
    <testcase time="0.148" classname="shinytest2_tm_g_scatterplotmatrix" name="e2e_tm_g_scatterplotmatrix_Change_plot_settings">
      <skipped message="Reason: On CRAN ('test-shinytest2-tm_g_scatterplotmatrix.R:106:3')"/>
    </testcase>
  </testsuite>
  <testsuite name="shinytest2-tm_misssing_data" timestamp="2025-10-28T15:51:57Z" hostname="46686dd56c18" tests="5" skipped="5" failures="0" errors="0" time="1.098">
    <testcase time="0.217000000000001" classname="shinytest2_tm_misssing_data" name="e2e_tm_missing_data_Initializes_without_errors">
      <skipped message="Reason: On CRAN ('test-shinytest2-tm_misssing_data.R:42:3')"/>
    </testcase>
    <testcase time="0.225" classname="shinytest2_tm_misssing_data" name="e2e_tm_missing_data_Default_settings_and_visibility_of_the_summary_graph">
      <skipped message="Reason: On CRAN ('test-shinytest2-tm_misssing_data.R:57:3')"/>
    </testcase>
    <testcase time="0.212000000000001" classname="shinytest2_tm_misssing_data" name="e2e_tm_missing_data_Check_default_settings_and_visibility_of_the_combinations_graph_and_encodings">
      <skipped message="Reason: On CRAN ('test-shinytest2-tm_misssing_data.R:86:3')"/>
    </testcase>
    <testcase time="0.227" classname="shinytest2_tm_misssing_data" name="e2e_tm_missing_data_Validate_functionality_and_UI_response_for_By_Variable_Levels_">
      <skipped message="Reason: On CRAN ('test-shinytest2-tm_misssing_data.R:118:3')"/>
    </testcase>
    <testcase time="0.216999999999999" classname="shinytest2_tm_misssing_data" name="e2e_tm_missing_data_Validate_By_Variable_Levels_table_values">
      <skipped message="Reason: On CRAN ('test-shinytest2-tm_misssing_data.R:148:3')"/>
    </testcase>
  </testsuite>
  <testsuite name="shinytest2-tm_outliers" timestamp="2025-10-28T15:51:58Z" hostname="46686dd56c18" tests="10" skipped="10" failures="0" errors="0" time="1.089">
    <testcase time="0.108000000000001" classname="shinytest2_tm_outliers" name="e2e_tm_outliers_Data_parameter_and_module_label_is_passed_properly.">
      <skipped message="Reason: On CRAN ('test-shinytest2-tm_outliers.R:56:3')"/>
    </testcase>
    <testcase time="0.122" classname="shinytest2_tm_outliers" name="e2e_tm_outliers_Data_extract_spec_elements_are_initialized_with_the_default_values_specified_by_outlier_var_and_categorical_var_argument.">
      <skipped message="Reason: On CRAN ('test-shinytest2-tm_outliers.R:73:3')"/>
    </testcase>
    <testcase time="0.109" classname="shinytest2_tm_outliers" name="e2e_tm_outliers_Plot_type_is_correctly_set_by_default_and_has_appropriate_possible_options.">
      <skipped message="Reason: On CRAN ('test-shinytest2-tm_outliers.R:109:3')"/>
    </testcase>
    <testcase time="0.109" classname="shinytest2_tm_outliers" name="e2e_tm_outliers_Module_is_divided_into_3_tabs.">
      <skipped message="Reason: On CRAN ('test-shinytest2-tm_outliers.R:126:3')"/>
    </testcase>
    <testcase time="0.101000000000001" classname="shinytest2_tm_outliers" name="e2e_tm_outliers_Plot_type_is_hidden_when_Boxplot_tab_is_not_selected.">
      <skipped message="Reason: On CRAN ('test-shinytest2-tm_outliers.R:143:3')"/>
    </testcase>
    <testcase time="0.109999999999999" classname="shinytest2_tm_outliers" name="e2e_tm_outliers_Default_radio_buttons_are_set_properly.">
      <skipped message="Reason: On CRAN ('test-shinytest2-tm_outliers.R:160:3')"/>
    </testcase>
    <testcase time="0.109999999999999" classname="shinytest2_tm_outliers" name="e2e_tm_outliers_Method_parameters_are_set_properly.">
      <skipped message="Reason: On CRAN ('test-shinytest2-tm_outliers.R:176:3')"/>
    </testcase>
    <testcase time="0.108000000000001" classname="shinytest2_tm_outliers" name="e2e_tm_outliers_Outlier_definition_text_and_range_are_displayed_properly_depending_on_method.">
      <skipped message="Reason: On CRAN ('test-shinytest2-tm_outliers.R:191:3')"/>
    </testcase>
    <testcase time="0.102" classname="shinytest2_tm_outliers" name="e2e_tm_outliers_Outliers_summary_table_is_displayed_with_proper_content.">
      <skipped message="Reason: On CRAN ('test-shinytest2-tm_outliers.R:252:3')"/>
    </testcase>
    <testcase time="0.109999999999999" classname="shinytest2_tm_outliers" name="e2e_tm_outliers_Outlier_table_is_displayed_with_proper_content.">
      <skipped message="Reason: On CRAN ('test-shinytest2-tm_outliers.R:302:3')"/>
    </testcase>
  </testsuite>
  <testsuite name="shinytest2-tm_t_crosstable" timestamp="2025-10-28T15:52:00Z" hostname="46686dd56c18" tests="4" skipped="4" failures="0" errors="0" time="0.838">
    <testcase time="0.433" classname="shinytest2_tm_t_crosstable" name="e2e_tm_t_crosstable_Initializes_without_errors">
      <skipped message="Reason: On CRAN ('test-shinytest2-tm_t_crosstable.R:50:3')"/>
    </testcase>
    <testcase time="0.143000000000001" classname="shinytest2_tm_t_crosstable" name="e2e_tm_t_crosstable_Verify_module_displays_data_table">
      <skipped message="Reason: On CRAN ('test-shinytest2-tm_t_crosstable.R:64:3')"/>
    </testcase>
    <testcase time="0.129" classname="shinytest2_tm_t_crosstable" name="e2e_tm_t_crosstable_Verify_default_values_and_settings_data_extracts_for_data_selection">
      <skipped message="Reason: On CRAN ('test-shinytest2-tm_t_crosstable.R:76:3')"/>
    </testcase>
    <testcase time="0.133000000000001" classname="shinytest2_tm_t_crosstable" name="e2e_tm_t_crosstable_Change_plot_settings">
      <skipped message="Reason: On CRAN ('test-shinytest2-tm_t_crosstable.R:99:3')"/>
    </testcase>
  </testsuite>
  <testsuite name="shinytest2-tm_variable_browser" timestamp="2025-10-28T15:52:00Z" hostname="46686dd56c18" tests="6" skipped="6" failures="0" errors="0" time="0.866">
    <testcase time="0.117999999999999" classname="shinytest2_tm_variable_browser" name="e2e_tm_variable_browser_content_is_displayed_correctly.">
      <skipped message="Reason: On CRAN ('test-shinytest2-tm_variable_browser.R:34:3')"/>
    </testcase>
    <testcase time="0.114000000000001" classname="shinytest2_tm_variable_browser" name="e2e_tm_variable_browser_Selecting_treat_variable_as_factor_changes_the_table_headers.">
      <skipped message="Reason: On CRAN ('test-shinytest2-tm_variable_browser.R:72:3')"/>
    </testcase>
    <testcase time="0.286999999999999" classname="shinytest2_tm_variable_browser" name="e2e_tm_variable_browser_selection_of_categorical_variable_has_a_table_with_level_header.">
      <skipped message="Reason: On CRAN ('test-shinytest2-tm_variable_browser.R:108:3')"/>
    </testcase>
    <testcase time="0.115" classname="shinytest2_tm_variable_browser" name="e2e_tm_variable_browser_changing_display_density_encoding_doesn_t_show_errors.">
      <skipped message="Reason: On CRAN ('test-shinytest2-tm_variable_browser.R:166:3')"/>
    </testcase>
    <testcase time="0.127000000000001" classname="shinytest2_tm_variable_browser" name="e2e_tm_variable_browser_changing_outlier_definition_encoding_doesn_t_show_errors.">
      <skipped message="Reason: On CRAN ('test-shinytest2-tm_variable_browser.R:181:3')"/>
    </testcase>
    <testcase time="0.105" classname="shinytest2_tm_variable_browser" name="e2e_tm_variable_browser_changing_plot_setting_encodings_doesn_t_show_errors.">
      <skipped message="Reason: On CRAN ('test-shinytest2-tm_variable_browser.R:212:3')"/>
    </testcase>
  </testsuite>
  <testsuite name="tm_g_bivariate" timestamp="2025-10-28T15:52:01Z" hostname="46686dd56c18" tests="18" skipped="0" failures="0" errors="0" time="0.144">
    <testcase time="0.0199999999999996" classname="tm_g_bivariate" name="tm_g_bivariate_creates_a_teal_module_object"/>
    <testcase time="0.00500000000000078" classname="tm_g_bivariate" name="tm_g_bivariate_creates_a_teal_module_object_with_default_options"/>
    <testcase time="0.00499999999999901" classname="tm_g_bivariate" name="tm_g_bivariate_creates_a_teal_module_object_with_multiple_data_extract_specs"/>
    <testcase time="0.00500000000000078" classname="tm_g_bivariate" name="tm_g_bivariate_creates_a_module_with_datanames_taken_from_data_extracts"/>
    <testcase time="0.00899999999999856" classname="tm_g_bivariate" name="tm_g_bivariate_fails_when_x_contains_a_spec_with_multiple_selection"/>
    <testcase time="0.0080000000000009" classname="tm_g_bivariate" name="tm_g_bivariate_fails_when_x_contains_multiple_spec_with_at_least_one_multiple_selection"/>
    <testcase time="0.00799999999999912" classname="tm_g_bivariate" name="tm_g_bivariate_fails_when_x_contains_multiple_spec_with_at_least_one_multiple_selection"/>
    <testcase time="0.00700000000000145" classname="tm_g_bivariate" name="tm_g_bivariate_fails_when_y_contains_multiple_spec_with_at_least_one_multiple_selection"/>
    <testcase time="0.00799999999999912" classname="tm_g_bivariate" name="tm_g_bivariate_fails_when_plot_height_is_not_valid"/>
    <testcase time="0.0080000000000009" classname="tm_g_bivariate" name="tm_g_bivariate_fails_when_plot_height_is_not_valid"/>
    <testcase time="0.00699999999999967" classname="tm_g_bivariate" name="tm_g_bivariate_fails_when_plot_height_is_not_valid"/>
    <testcase time="0.00799999999999912" classname="tm_g_bivariate" name="tm_g_bivariate_fails_when_plot_width_is_not_valid"/>
    <testcase time="0.00699999999999967" classname="tm_g_bivariate" name="tm_g_bivariate_fails_when_plot_width_is_not_valid"/>
    <testcase time="0.0080000000000009" classname="tm_g_bivariate" name="tm_g_bivariate_fails_when_plot_width_is_not_valid"/>
    <testcase time="0.00799999999999912" classname="tm_g_bivariate" name="tm_g_bivariate_fails_when_color_setting_is_FALSE_and_color_is_supplied"/>
    <testcase time="0.0080000000000009" classname="tm_g_bivariate" name="tm_g_bivariate_fails_when_color_setting_is_FALSE_and_size_is_supplied"/>
    <testcase time="0.00799999999999912" classname="tm_g_bivariate" name="tm_g_bivariate_fails_when_color_setting_is_FALSE_and_fill_is_supplied"/>
    <testcase time="0.00700000000000145" classname="tm_g_bivariate" name="tm_g_bivariate_determines_color_size_and_fill_when_color_setting_is_TRUE"/>
  </testsuite>
  <testsuite name="utils" timestamp="2025-10-28T15:52:01Z" hostname="46686dd56c18" tests="12" skipped="0" failures="0" errors="0" time="0.062">
    <testcase time="0.0129999999999999" classname="utils" name="set_chunk_attrs_changes_last_chunk_output_with_default_parameters"/>
    <testcase time="0.000999999999999446" classname="utils" name="set_chunk_attrs_changes_last_chunk_output_with_default_parameters"/>
    <testcase time="0.00399999999999956" classname="utils" name="set_chunk_attrs_changes_last_2_chunks"/>
    <testcase time="0.00200000000000067" classname="utils" name="set_chunk_attrs_changes_last_2_chunks"/>
    <testcase time="0.00300000000000011" classname="utils" name="set_chunk_attrs_only_changes_the_numeric_chunk_outputs"/>
    <testcase time="0.00199999999999889" classname="utils" name="set_chunk_attrs_only_changes_the_numeric_chunk_outputs"/>
    <testcase time="0.00400000000000134" classname="utils" name="set_chunk_attrs_throws_warning_when_last_chunk_is_not_chunk_output"/>
    <testcase time="0.00399999999999956" classname="utils" name="set_chunk_attrs_throws_warning_when_second_to_last_chunk_is_not_chunk_output"/>
    <testcase time="0.00500000000000078" classname="utils" name="set_chunk_attrs_modifies_all_elements_up_until_the_first_non_chunk_output"/>
    <testcase time="0.00199999999999889" classname="utils" name="set_chunk_attrs_modifies_all_elements_up_until_the_first_non_chunk_output"/>
    <testcase time="0.00200000000000067" classname="utils" name="set_chunk_attrs_modifies_all_elements_up_until_the_first_non_chunk_output"/>
    <testcase time="0.0199999999999996" classname="utils" name="set_chunk_dims_skips_when_one_of_the_dimensions_is_auto_string"/>
  </testsuite>
  <testsuite name="bivariate_ggplot_call" timestamp="2025-10-28T15:52:01Z" hostname="46686dd56c18" tests="21" skipped="0" failures="0" errors="0" time="0.082">
    <testcase time="0.00900000000000034" classname="bivariate_ggplot_call" name="bivariate_ggplot_call_with_numerics"/>
    <testcase time="0.00300000000000011" classname="bivariate_ggplot_call" name="bivariate_ggplot_call_with_numerics"/>
    <testcase time="0.00199999999999889" classname="bivariate_ggplot_call" name="bivariate_ggplot_call_with_numerics"/>
    <testcase time="0.00300000000000011" classname="bivariate_ggplot_call" name="bivariate_ggplot_call_with_numerics"/>
    <testcase time="0.00699999999999967" classname="bivariate_ggplot_call" name="bivariate_ggplot_call_with_factor_char_logical"/>
    <testcase time="0.00500000000000078" classname="bivariate_ggplot_call" name="bivariate_ggplot_call_with_factor_char_logical"/>
    <testcase time="0.00399999999999956" classname="bivariate_ggplot_call" name="bivariate_ggplot_call_with_factor_char_logical"/>
    <testcase time="0.00500000000000078" classname="bivariate_ggplot_call" name="bivariate_ggplot_call_with_factor_char_logical"/>
    <testcase time="0.00399999999999956" classname="bivariate_ggplot_call" name="bivariate_ggplot_call_with_factor_char_logical"/>
    <testcase time="0.00500000000000078" classname="bivariate_ggplot_call" name="bivariate_ggplot_call_with_factor_char_logical"/>
    <testcase time="0.00399999999999956" classname="bivariate_ggplot_call" name="bivariate_ggplot_call_with_factor_char_logical"/>
    <testcase time="0.00499999999999901" classname="bivariate_ggplot_call" name="bivariate_ggplot_call_with_single_data_numeric"/>
    <testcase time="0.00300000000000011" classname="bivariate_ggplot_call" name="bivariate_ggplot_call_with_single_data_numeric"/>
    <testcase time="0.00200000000000067" classname="bivariate_ggplot_call" name="bivariate_ggplot_call_with_single_data_numeric"/>
    <testcase time="0.00300000000000011" classname="bivariate_ggplot_call" name="bivariate_ggplot_call_with_single_data_numeric"/>
    <testcase time="0.00300000000000011" classname="bivariate_ggplot_call" name="bivariate_ggplot_call_with_single_data_numeric"/>
    <testcase time="0.00200000000000067" classname="bivariate_ggplot_call" name="bivariate_ggplot_call_with_single_data_numeric"/>
    <testcase time="0.00499999999999901" classname="bivariate_ggplot_call" name="bivariate_ggplot_call_with_single_data_factor"/>
    <testcase time="0.00300000000000011" classname="bivariate_ggplot_call" name="bivariate_ggplot_call_with_single_data_factor"/>
    <testcase time="0.00300000000000011" classname="bivariate_ggplot_call" name="bivariate_ggplot_call_with_single_data_factor"/>
    <testcase time="0.00200000000000067" classname="bivariate_ggplot_call" name="bivariate_ggplot_call_with_single_data_factor"/>
  </testsuite>
  <testsuite name="front_page" timestamp="2025-10-28T15:52:02Z" hostname="46686dd56c18" tests="4" skipped="0" failures="0" errors="0" time="0.02">
    <testcase time="0.00699999999999967" classname="front_page" name="convert_metadata_to_dataframe_returns_a_data_frame_with_no_rows_if_no_metadata"/>
    <testcase time="0.00499999999999901" classname="front_page" name="convert_metadata_to_dataframe_returns_a_data_frame_with_metadata_if_more_than_one_dataset"/>
    <testcase time="0.00400000000000134" classname="front_page" name="convert_metadata_to_dataframe_returns_a_data_frame_with_metadata_if_one_dataset"/>
    <testcase time="0.00399999999999956" classname="front_page" name="convert_metadata_to_dataframe_converts_metadata_values_to_characters"/>
  </testsuite>
  <testsuite name="g_expert_cl" timestamp="2025-10-28T15:52:02Z" hostname="46686dd56c18" tests="15" skipped="0" failures="0" errors="0" time="0.03">
    <testcase time="0.00699999999999967" classname="g_expert_cl" name="coloring_ggplot_call_can_work_with_all_combinations"/>
    <testcase time="0.000999999999999446" classname="g_expert_cl" name="coloring_ggplot_call_can_work_with_all_combinations"/>
    <testcase time="0.00200000000000067" classname="g_expert_cl" name="coloring_ggplot_call_can_work_with_all_combinations"/>
    <testcase time="0.000999999999999446" classname="g_expert_cl" name="coloring_ggplot_call_can_work_with_all_combinations"/>
    <testcase time="0.00100000000000122" classname="g_expert_cl" name="coloring_ggplot_call_can_work_with_all_combinations"/>
    <testcase time="0.000999999999999446" classname="g_expert_cl" name="coloring_ggplot_call_can_work_with_all_combinations"/>
    <testcase time="0.00200000000000067" classname="g_expert_cl" name="coloring_ggplot_call_can_work_with_all_combinations"/>
    <testcase time="0.00299999999999834" classname="g_expert_cl" name="coloring_ggplot_call_can_work_with_all_combinations_without_colour_var"/>
    <testcase time="0.00200000000000067" classname="g_expert_cl" name="coloring_ggplot_call_can_work_with_all_combinations_without_colour_var"/>
    <testcase time="0.000999999999999446" classname="g_expert_cl" name="coloring_ggplot_call_can_work_with_all_combinations_without_colour_var"/>
    <testcase time="0.00100000000000122" classname="g_expert_cl" name="coloring_ggplot_call_can_work_with_all_combinations_without_colour_var"/>
    <testcase time="0.00199999999999889" classname="g_expert_cl" name="coloring_ggplot_call_can_work_with_all_combinations_without_colour_var"/>
    <testcase time="0.00300000000000011" classname="g_expert_cl" name="coloring_ggplot_call_can_work_size_var"/>
    <testcase time="0.00200000000000067" classname="g_expert_cl" name="coloring_ggplot_call_can_work_size_var"/>
    <testcase time="0.000999999999999446" classname="g_expert_cl" name="coloring_ggplot_call_can_work_size_var"/>
  </testsuite>
  <testsuite name="scatterplotmatrix_get_stats" timestamp="2025-10-28T15:52:02Z" hostname="46686dd56c18" tests="6" skipped="0" failures="0" errors="0" time="0.026">
    <testcase time="0.00999999999999979" classname="scatterplotmatrix_get_stats" name="get_scatterplotmatrix_stats_x_y_numeric"/>
    <testcase time="0.00300000000000011" classname="scatterplotmatrix_get_stats" name="get_scatterplotmatrix_stats_x_y_numeric"/>
    <testcase time="0.00300000000000011" classname="scatterplotmatrix_get_stats" name="get_scatterplotmatrix_stats_x_y_numeric"/>
    <testcase time="0.00399999999999956" classname="scatterplotmatrix_get_stats" name="get_scatterplotmatrix_stats_x_y_character"/>
    <testcase time="0.00300000000000011" classname="scatterplotmatrix_get_stats" name="get_scatterplotmatrix_stats_x_y_character"/>
    <testcase time="0.00300000000000011" classname="scatterplotmatrix_get_stats" name="get_scatterplotmatrix_stats_x_y_character"/>
  </testsuite>
  <testsuite name="variable_browser" timestamp="2025-10-28T15:52:02Z" hostname="46686dd56c18" tests="3" skipped="0" failures="0" errors="0" time="0.014">
    <testcase time="0.00600000000000023" classname="variable_browser" name="remove_outliers_from_does_not_remove_outliers_when_outlier_definition_is_zero"/>
    <testcase time="0.00500000000000078" classname="variable_browser" name="remove_outliers_from_removes_outliers_when_outlier_definition_is_non_zero"/>
    <testcase time="0.00300000000000011" classname="variable_browser" name="remove_outliers_from_keeps_missing_values_unchanged"/>
  </testsuite>
</testsuites>
