<?xml version="1.0" encoding="UTF-8"?>
<testsuites>
  <testsuite name="examples" timestamp="2025-02-24T15:22:37Z" hostname="e0671571f88a" tests="38" skipped="0" failures="0" errors="0" time="4.819">
    <testcase time="1.713" classname="examples" name="example_add_facet_labels.Rd"/>
    <testcase time="0.052" classname="examples" name="example_call_fun_dots.Rd"/>
    <testcase time="0.0129999999999999" classname="examples" name="example_create_sparklines.Rd"/>
    <testcase time="0.00600000000000023" classname="examples" name="example_establish_updating_selection.Rd"/>
    <testcase time="0.0150000000000001" classname="examples" name="example_get_scatterplotmatrix_stats.Rd"/>
    <testcase time="0.00599999999999978" classname="examples" name="example_include_css_files.Rd"/>
    <testcase time="0.00600000000000023" classname="examples" name="example_is_tab_active_js.Rd"/>
    <testcase time="0.00599999999999978" classname="examples" name="example_plot_var_summary.Rd"/>
    <testcase time="0.00700000000000012" classname="examples" name="example_remove_outliers_from.Rd"/>
    <testcase time="0.00599999999999978" classname="examples" name="example_render_single_tab.Rd"/>
    <testcase time="0.00600000000000023" classname="examples" name="example_render_tab_header.Rd"/>
    <testcase time="0.00599999999999978" classname="examples" name="example_render_tab_table.Rd"/>
    <testcase time="0.00700000000000012" classname="examples" name="example_render_tabset_panel_content.Rd"/>
    <testcase time="0.00599999999999978" classname="examples" name="example_select_decorators.Rd"/>
    <testcase time="0.00600000000000023" classname="examples" name="example_shared_params.Rd"/>
    <testcase time="0.00599999999999978" classname="examples" name="example_srv_decorate_teal_data.Rd"/>
    <testcase time="0.00599999999999978" classname="examples" name="example_teal.modules.general.Rd"/>
    <testcase time="0.175" classname="examples" name="example_tm_a_pca.Rd"/>
    <testcase time="0.126" classname="examples" name="example_tm_a_regression.Rd"/>
    <testcase time="0.122" classname="examples" name="example_tm_data_table.Rd"/>
    <testcase time="0.257" classname="examples" name="example_tm_file_viewer.Rd"/>
    <testcase time="0.0430000000000001" classname="examples" name="example_tm_file_viewer.Rd"/>
    <testcase time="0.0739999999999998" classname="examples" name="example_tm_front_page.Rd"/>
    <testcase time="0.151" classname="examples" name="example_tm_g_association.Rd"/>
    <testcase time="0.137" classname="examples" name="example_tm_g_bivariate.Rd"/>
    <testcase time="0.115" classname="examples" name="example_tm_g_distribution.Rd"/>
    <testcase time="0.15" classname="examples" name="example_tm_g_response.Rd"/>
    <testcase time="0.138999999999999" classname="examples" name="example_tm_g_scatterplot.Rd"/>
    <testcase time="0.348" classname="examples" name="example_tm_g_scatterplotmatrix.Rd"/>
    <testcase time="0.211" classname="examples" name="example_tm_missing_data.Rd"/>
    <testcase time="0.154" classname="examples" name="example_tm_outliers.Rd"/>
    <testcase time="0.429" classname="examples" name="example_tm_t_crosstable.Rd"/>
    <testcase time="0.282" classname="examples" name="example_tm_variable_browser.Rd"/>
    <testcase time="0.00699999999999967" classname="examples" name="example_validate_input.Rd"/>
    <testcase time="0.00600000000000023" classname="examples" name="example_var_missings_info.Rd"/>
    <testcase time="0.00699999999999967" classname="examples" name="example_var_summary_table.Rd"/>
    <testcase time="0.00600000000000023" classname="examples" name="example_variable_type_icons.Rd"/>
    <testcase time="0.00699999999999967" classname="examples" name="example_varname_w_label.Rd"/>
  </testsuite>
  <testsuite name="shinytest2-tm_a_pca" timestamp="2025-02-24T15:22:42Z" hostname="e0671571f88a" tests="49" skipped="0" failures="0" errors="0" time="117.535">
    <testcase time="6.109" classname="shinytest2_tm_a_pca" name="e2e_tm_a_pca_Module_is_initialised_with_the_specified_defaults_in_function_call."/>
    <testcase time="0.0889999999999986" classname="shinytest2_tm_a_pca" name="e2e_tm_a_pca_Module_is_initialised_with_the_specified_defaults_in_function_call."/>
    <testcase time="0.00600000000000023" classname="shinytest2_tm_a_pca" name="e2e_tm_a_pca_Module_is_initialised_with_the_specified_defaults_in_function_call."/>
    <testcase time="0.00400000000000134" classname="shinytest2_tm_a_pca" name="e2e_tm_a_pca_Module_is_initialised_with_the_specified_defaults_in_function_call."/>
    <testcase time="0.0549999999999997" classname="shinytest2_tm_a_pca" name="e2e_tm_a_pca_Module_is_initialised_with_the_specified_defaults_in_function_call."/>
    <testcase time="0.0489999999999995" classname="shinytest2_tm_a_pca" name="e2e_tm_a_pca_Module_is_initialised_with_the_specified_defaults_in_function_call."/>
    <testcase time="0.0500000000000007" classname="shinytest2_tm_a_pca" name="e2e_tm_a_pca_Module_is_initialised_with_the_specified_defaults_in_function_call."/>
    <testcase time="5.143" classname="shinytest2_tm_a_pca" name="e2e_tm_a_pca_Eigenvector_table_should_have_data_extract_selection_Murder_Assault_on_header."/>
    <testcase time="0.135999999999999" classname="shinytest2_tm_a_pca" name="e2e_tm_a_pca_Eigenvector_table_should_have_data_extract_selection_Murder_Assault_on_header."/>
    <testcase time="0.0949999999999989" classname="shinytest2_tm_a_pca" name="e2e_tm_a_pca_Eigenvector_table_should_have_data_extract_selection_Murder_Assault_on_header."/>
    <testcase time="0.0949999999999989" classname="shinytest2_tm_a_pca" name="e2e_tm_a_pca_Eigenvector_table_should_have_data_extract_selection_Murder_Assault_on_header."/>
    <testcase time="7.665" classname="shinytest2_tm_a_pca" name="e2e_tm_a_pca_Eigenvector_table_should_have_data_extract_selection_Murder_UrbanPop_on_header."/>
    <testcase time="0.141999999999999" classname="shinytest2_tm_a_pca" name="e2e_tm_a_pca_Eigenvector_table_should_have_data_extract_selection_Murder_UrbanPop_on_header."/>
    <testcase time="0.097999999999999" classname="shinytest2_tm_a_pca" name="e2e_tm_a_pca_Eigenvector_table_should_have_data_extract_selection_Murder_UrbanPop_on_header."/>
    <testcase time="0.097999999999999" classname="shinytest2_tm_a_pca" name="e2e_tm_a_pca_Eigenvector_table_should_have_data_extract_selection_Murder_UrbanPop_on_header."/>
    <testcase time="7.55" classname="shinytest2_tm_a_pca" name="e2e_tm_a_pca_Color_by_columns_data_extract_must_be_from_non_selected_variable_set."/>
    <testcase time="0.844000000000001" classname="shinytest2_tm_a_pca" name="e2e_tm_a_pca_Color_by_columns_data_extract_must_be_from_non_selected_variable_set."/>
    <testcase time="5.158" classname="shinytest2_tm_a_pca" name="e2e_tm_a_pca_Changing_output_encodings_of_tables_display_does_not_generate_errors."/>
    <testcase time="0.557000000000002" classname="shinytest2_tm_a_pca" name="e2e_tm_a_pca_Changing_output_encodings_of_tables_display_does_not_generate_errors."/>
    <testcase time="0.0899999999999963" classname="shinytest2_tm_a_pca" name="e2e_tm_a_pca_Changing_output_encodings_of_tables_display_does_not_generate_errors."/>
    <testcase time="0.0499999999999972" classname="shinytest2_tm_a_pca" name="e2e_tm_a_pca_Changing_output_encodings_of_tables_display_does_not_generate_errors."/>
    <testcase time="0.0520000000000067" classname="shinytest2_tm_a_pca" name="e2e_tm_a_pca_Changing_output_encodings_of_tables_display_does_not_generate_errors."/>
    <testcase time="0.0479999999999947" classname="shinytest2_tm_a_pca" name="e2e_tm_a_pca_Changing_output_encodings_of_tables_display_does_not_generate_errors."/>
    <testcase time="6.082" classname="shinytest2_tm_a_pca" name="e2e_tm_a_pca_Changing_output_encodings_for_plot_type_does_not_generate_errors."/>
    <testcase time="1.033" classname="shinytest2_tm_a_pca" name="e2e_tm_a_pca_Changing_output_encodings_for_plot_type_does_not_generate_errors."/>
    <testcase time="0.911999999999999" classname="shinytest2_tm_a_pca" name="e2e_tm_a_pca_Changing_output_encodings_for_plot_type_does_not_generate_errors."/>
    <testcase time="1.081" classname="shinytest2_tm_a_pca" name="e2e_tm_a_pca_Changing_output_encodings_for_plot_type_does_not_generate_errors."/>
    <testcase time="5.227" classname="shinytest2_tm_a_pca" name="e2e_tm_a_pca_Changing_output_encodings_of_standardization_does_not_generate_errors."/>
    <testcase time="1.183" classname="shinytest2_tm_a_pca" name="e2e_tm_a_pca_Changing_output_encodings_of_standardization_does_not_generate_errors."/>
    <testcase time="1.266" classname="shinytest2_tm_a_pca" name="e2e_tm_a_pca_Changing_output_encodings_of_standardization_does_not_generate_errors."/>
    <testcase time="1.19" classname="shinytest2_tm_a_pca" name="e2e_tm_a_pca_Changing_output_encodings_of_standardization_does_not_generate_errors."/>
    <testcase time="5.165" classname="shinytest2_tm_a_pca" name="e2e_tm_a_pca_Changing_output_encodings_of_NA_action_does_not_generate_errors."/>
    <testcase time="7.73800000000001" classname="shinytest2_tm_a_pca" name="e2e_tm_a_pca_Changing_output_encodings_of_plot_type_hides_and_shows_options."/>
    <testcase time="2.13" classname="shinytest2_tm_a_pca" name="e2e_tm_a_pca_Changing_output_encodings_of_plot_type_hides_and_shows_options."/>
    <testcase time="2.11" classname="shinytest2_tm_a_pca" name="e2e_tm_a_pca_Changing_output_encodings_of_plot_type_hides_and_shows_options."/>
    <testcase time="2.102" classname="shinytest2_tm_a_pca" name="e2e_tm_a_pca_Changing_output_encodings_of_plot_type_hides_and_shows_options."/>
    <testcase time="2.56899999999999" classname="shinytest2_tm_a_pca" name="e2e_tm_a_pca_Changing_output_encodings_of_plot_type_hides_and_shows_options."/>
    <testcase time="2.116" classname="shinytest2_tm_a_pca" name="e2e_tm_a_pca_Changing_output_encodings_of_plot_type_hides_and_shows_options."/>
    <testcase time="2.77900000000001" classname="shinytest2_tm_a_pca" name="e2e_tm_a_pca_Changing_output_encodings_of_plot_type_hides_and_shows_options."/>
    <testcase time="2.121" classname="shinytest2_tm_a_pca" name="e2e_tm_a_pca_Changing_output_encodings_of_plot_type_hides_and_shows_options."/>
    <testcase time="2.116" classname="shinytest2_tm_a_pca" name="e2e_tm_a_pca_Changing_output_encodings_of_plot_type_hides_and_shows_options."/>
    <testcase time="5.148" classname="shinytest2_tm_a_pca" name="e2e_tm_a_pca_Changing_output_encodings_of_theme_does_not_generate_errors."/>
    <testcase time="0.531000000000006" classname="shinytest2_tm_a_pca" name="e2e_tm_a_pca_Changing_output_encodings_of_theme_does_not_generate_errors."/>
    <testcase time="0.531000000000006" classname="shinytest2_tm_a_pca" name="e2e_tm_a_pca_Changing_output_encodings_of_theme_does_not_generate_errors."/>
    <testcase time="0.529999999999987" classname="shinytest2_tm_a_pca" name="e2e_tm_a_pca_Changing_output_encodings_of_theme_does_not_generate_errors."/>
    <testcase time="5.116" classname="shinytest2_tm_a_pca" name="e2e_tm_a_pca_Changing_output_encodings_of_font_size_does_not_generate_errors."/>
    <testcase time="1.02300000000001" classname="shinytest2_tm_a_pca" name="e2e_tm_a_pca_Changing_output_encodings_of_font_size_does_not_generate_errors."/>
    <testcase time="1.02199999999999" classname="shinytest2_tm_a_pca" name="e2e_tm_a_pca_Changing_output_encodings_of_font_size_does_not_generate_errors."/>
    <testcase time="20.531" classname="shinytest2_tm_a_pca" name="e2e_tm_a_pca_Changing_output_encodings_of_font_size_does_not_generate_errors."/>
  </testsuite>
  <testsuite name="shinytest2-tm_a_regression" timestamp="2025-02-24T15:24:39Z" hostname="e0671571f88a" tests="31" skipped="0" failures="0" errors="0" time="53.278">
    <testcase time="4.87999999999998" classname="shinytest2_tm_a_regression" name="e2e_tm_a_regression_Data_parameter_and_module_label_is_passed_properly."/>
    <testcase time="0.00500000000002387" classname="shinytest2_tm_a_regression" name="e2e_tm_a_regression_Data_parameter_and_module_label_is_passed_properly."/>
    <testcase time="0.00399999999999068" classname="shinytest2_tm_a_regression" name="e2e_tm_a_regression_Data_parameter_and_module_label_is_passed_properly."/>
    <testcase time="4.90899999999999" classname="shinytest2_tm_a_regression" name="e2e_tm_a_regression_Data_extract_spec_elements_are_initialized_with_the_default_values_specified_by_response_and_regressor_arg."/>
    <testcase time="0.0879999999999939" classname="shinytest2_tm_a_regression" name="e2e_tm_a_regression_Data_extract_spec_elements_are_initialized_with_the_default_values_specified_by_response_and_regressor_arg."/>
    <testcase time="6.40300000000002" classname="shinytest2_tm_a_regression" name="e2e_tm_a_regression_Plot_type_is_set_properly."/>
    <testcase time="4.77099999999999" classname="shinytest2_tm_a_regression" name="e2e_tm_a_regression_Plot_type_has_7_specific_choices_changing_choices_does_not_throw_errors."/>
    <testcase time="1.786" classname="shinytest2_tm_a_regression" name="e2e_tm_a_regression_Plot_type_has_7_specific_choices_changing_choices_does_not_throw_errors."/>
    <testcase time="0.00200000000000955" classname="shinytest2_tm_a_regression" name="e2e_tm_a_regression_Plot_type_has_7_specific_choices_changing_choices_does_not_throw_errors."/>
    <testcase time="1.01399999999998" classname="shinytest2_tm_a_regression" name="e2e_tm_a_regression_Plot_type_has_7_specific_choices_changing_choices_does_not_throw_errors."/>
    <testcase time="0.00200000000000955" classname="shinytest2_tm_a_regression" name="e2e_tm_a_regression_Plot_type_has_7_specific_choices_changing_choices_does_not_throw_errors."/>
    <testcase time="1.04900000000001" classname="shinytest2_tm_a_regression" name="e2e_tm_a_regression_Plot_type_has_7_specific_choices_changing_choices_does_not_throw_errors."/>
    <testcase time="0.00100000000000477" classname="shinytest2_tm_a_regression" name="e2e_tm_a_regression_Plot_type_has_7_specific_choices_changing_choices_does_not_throw_errors."/>
    <testcase time="1.02499999999998" classname="shinytest2_tm_a_regression" name="e2e_tm_a_regression_Plot_type_has_7_specific_choices_changing_choices_does_not_throw_errors."/>
    <testcase time="0.00200000000000955" classname="shinytest2_tm_a_regression" name="e2e_tm_a_regression_Plot_type_has_7_specific_choices_changing_choices_does_not_throw_errors."/>
    <testcase time="0.995000000000005" classname="shinytest2_tm_a_regression" name="e2e_tm_a_regression_Plot_type_has_7_specific_choices_changing_choices_does_not_throw_errors."/>
    <testcase time="0.00200000000000955" classname="shinytest2_tm_a_regression" name="e2e_tm_a_regression_Plot_type_has_7_specific_choices_changing_choices_does_not_throw_errors."/>
    <testcase time="1.29599999999999" classname="shinytest2_tm_a_regression" name="e2e_tm_a_regression_Plot_type_has_7_specific_choices_changing_choices_does_not_throw_errors."/>
    <testcase time="0.00200000000000955" classname="shinytest2_tm_a_regression" name="e2e_tm_a_regression_Plot_type_has_7_specific_choices_changing_choices_does_not_throw_errors."/>
    <testcase time="1.05099999999999" classname="shinytest2_tm_a_regression" name="e2e_tm_a_regression_Plot_type_has_7_specific_choices_changing_choices_does_not_throw_errors."/>
    <testcase time="4.86199999999999" classname="shinytest2_tm_a_regression" name="e2e_tm_a_regression_Outlier_definition_and_label_are_visible_by_default."/>
    <testcase time="2.11000000000001" classname="shinytest2_tm_a_regression" name="e2e_tm_a_regression_Outlier_definition_and_label_are_visible_by_default."/>
    <testcase time="2.11099999999999" classname="shinytest2_tm_a_regression" name="e2e_tm_a_regression_Outlier_definition_and_label_are_visible_by_default."/>
    <testcase time="4.87" classname="shinytest2_tm_a_regression" name="e2e_tm_a_regression_Outlier_definition_and_label_have_default_values_and_label_text."/>
    <testcase time="0.00399999999999068" classname="shinytest2_tm_a_regression" name="e2e_tm_a_regression_Outlier_definition_and_label_have_default_values_and_label_text."/>
    <testcase time="0.00200000000000955" classname="shinytest2_tm_a_regression" name="e2e_tm_a_regression_Outlier_definition_and_label_have_default_values_and_label_text."/>
    <testcase time="0.0869999999999891" classname="shinytest2_tm_a_regression" name="e2e_tm_a_regression_Outlier_definition_and_label_have_default_values_and_label_text."/>
    <testcase time="0.0500000000000114" classname="shinytest2_tm_a_regression" name="e2e_tm_a_regression_Outlier_definition_and_label_have_default_values_and_label_text."/>
    <testcase time="7.78999999999999" classname="shinytest2_tm_a_regression" name="e2e_tm_a_regression_Unchecking_display_outlier_hides_outlier_label_and_definition."/>
    <testcase time="2.09899999999999" classname="shinytest2_tm_a_regression" name="e2e_tm_a_regression_Unchecking_display_outlier_hides_outlier_label_and_definition."/>
    <testcase time="0.00600000000000023" classname="shinytest2_tm_a_regression" name="e2e_tm_a_regression_Unchecking_display_outlier_hides_outlier_label_and_definition."/>
  </testsuite>
  <testsuite name="shinytest2-tm_data_table" timestamp="2025-02-24T15:25:32Z" hostname="e0671571f88a" tests="10" skipped="0" failures="0" errors="0" time="18.86">
    <testcase time="3.74300000000002" classname="shinytest2_tm_data_table" name="e2e_tm_data_table_Initializes_without_errors"/>
    <testcase time="0.00399999999999068" classname="shinytest2_tm_data_table" name="e2e_tm_data_table_Initializes_without_errors"/>
    <testcase time="3.78800000000001" classname="shinytest2_tm_data_table" name="e2e_tm_data_table_Verify_checkbox_displayed_over_data_table"/>
    <testcase time="3.893" classname="shinytest2_tm_data_table" name="e2e_tm_data_table_Verify_module_displays_data_table"/>
    <testcase time="2.08099999999999" classname="shinytest2_tm_data_table" name="e2e_tm_data_table_Verify_module_displays_data_table"/>
    <testcase time="0.0190000000000055" classname="shinytest2_tm_data_table" name="e2e_tm_data_table_Verify_module_displays_data_table"/>
    <testcase time="0.774999999999977" classname="shinytest2_tm_data_table" name="e2e_tm_data_table_Verify_module_displays_data_table"/>
    <testcase time="3.81700000000001" classname="shinytest2_tm_data_table" name="e2e_tm_data_table_Verify_default_variable_selection_and_set_new_selection"/>
    <testcase time="0.730000000000018" classname="shinytest2_tm_data_table" name="e2e_tm_data_table_Verify_default_variable_selection_and_set_new_selection"/>
    <testcase time="0.00999999999999091" classname="shinytest2_tm_data_table" name="e2e_tm_data_table_Verify_default_variable_selection_and_set_new_selection"/>
  </testsuite>
  <testsuite name="shinytest2-tm_file_viewer" timestamp="2025-02-24T15:25:51Z" hostname="e0671571f88a" tests="13" skipped="0" failures="0" errors="0" time="28.899">
    <testcase time="3.41299999999998" classname="shinytest2_tm_file_viewer" name="e2e_tm_file_viewer_Initializes_without_errors_and_shows_files_tree_specified_in_input_path_argument"/>
    <testcase time="0.00600000000000023" classname="shinytest2_tm_file_viewer" name="e2e_tm_file_viewer_Initializes_without_errors_and_shows_files_tree_specified_in_input_path_argument"/>
    <testcase time="2.06300000000002" classname="shinytest2_tm_file_viewer" name="e2e_tm_file_viewer_Initializes_without_errors_and_shows_files_tree_specified_in_input_path_argument"/>
    <testcase time="0.0219999999999914" classname="shinytest2_tm_file_viewer" name="e2e_tm_file_viewer_Initializes_without_errors_and_shows_files_tree_specified_in_input_path_argument"/>
    <testcase time="0.0040000000000191" classname="shinytest2_tm_file_viewer" name="e2e_tm_file_viewer_Initializes_without_errors_and_shows_files_tree_specified_in_input_path_argument"/>
    <testcase time="7.68699999999998" classname="shinytest2_tm_file_viewer" name="e2e_tm_file_viewer_Shows_selected_image_file"/>
    <testcase time="0.00600000000000023" classname="shinytest2_tm_file_viewer" name="e2e_tm_file_viewer_Shows_selected_image_file"/>
    <testcase time="7.745" classname="shinytest2_tm_file_viewer" name="e2e_tm_file_viewer_Shows_selected_text_file"/>
    <testcase time="0.007000000000005" classname="shinytest2_tm_file_viewer" name="e2e_tm_file_viewer_Shows_selected_text_file"/>
    <testcase time="0.0029999999999859" classname="shinytest2_tm_file_viewer" name="e2e_tm_file_viewer_Shows_selected_text_file"/>
    <testcase time="0.129999999999995" classname="shinytest2_tm_file_viewer" name="e2e_tm_file_viewer_Shows_selected_text_file"/>
    <testcase time="7.72900000000001" classname="shinytest2_tm_file_viewer" name="e2e_tm_file_viewer_Shows_selected_url"/>
    <testcase time="0.0840000000000032" classname="shinytest2_tm_file_viewer" name="e2e_tm_file_viewer_Shows_selected_url"/>
  </testsuite>
  <testsuite name="shinytest2-tm_front_page" timestamp="2025-02-24T15:26:20Z" hostname="e0671571f88a" tests="9" skipped="0" failures="0" errors="0" time="20.595">
    <testcase time="3.76399999999998" classname="shinytest2_tm_front_page" name="e2e_tm_front_page_Initializes_without_errors_and_check_html_elements"/>
    <testcase time="0.00500000000002387" classname="shinytest2_tm_front_page" name="e2e_tm_front_page_Initializes_without_errors_and_check_html_elements"/>
    <testcase time="0.00699999999997658" classname="shinytest2_tm_front_page" name="e2e_tm_front_page_Initializes_without_errors_and_check_html_elements"/>
    <testcase time="0.00800000000000978" classname="shinytest2_tm_front_page" name="e2e_tm_front_page_Initializes_without_errors_and_check_html_elements"/>
    <testcase time="3.92699999999999" classname="shinytest2_tm_front_page" name="e2e_tm_front_page_Verify_the_module_displays_tables"/>
    <testcase time="2.06800000000001" classname="shinytest2_tm_front_page" name="e2e_tm_front_page_Verify_the_module_displays_tables"/>
    <testcase time="0.054000000000002" classname="shinytest2_tm_front_page" name="e2e_tm_front_page_Verify_the_module_displays_tables"/>
    <testcase time="2.06799999999998" classname="shinytest2_tm_front_page" name="e2e_tm_front_page_Verify_the_module_displays_tables"/>
    <testcase time="8.69400000000002" classname="shinytest2_tm_front_page" name="e2e_tm_front_page_Verify_the_module_displays_metadata"/>
  </testsuite>
  <testsuite name="shinytest2-tm_g_association" timestamp="2025-02-24T15:26:41Z" hostname="e0671571f88a" tests="13" skipped="0" failures="0" errors="0" time="32.211">
    <testcase time="6.24799999999999" classname="shinytest2_tm_g_association" name="e2e_tm_g_association_Data_parameter_and_module_label_is_passed_properly."/>
    <testcase time="0.00499999999999545" classname="shinytest2_tm_g_association" name="e2e_tm_g_association_Data_parameter_and_module_label_is_passed_properly."/>
    <testcase time="0.0040000000000191" classname="shinytest2_tm_g_association" name="e2e_tm_g_association_Data_parameter_and_module_label_is_passed_properly."/>
    <testcase time="6.25199999999998" classname="shinytest2_tm_g_association" name="e2e_tm_g_association_Data_extract_spec_elements_are_initialized_with_the_default_values_specified_by_ref_and_vars_arguments."/>
    <testcase time="1.161" classname="shinytest2_tm_g_association" name="e2e_tm_g_association_Data_extract_spec_elements_are_initialized_with_the_default_values_specified_by_ref_and_vars_arguments."/>
    <testcase time="0.00900000000001455" classname="shinytest2_tm_g_association" name="e2e_tm_g_association_Data_extract_spec_elements_are_initialized_with_the_default_values_specified_by_ref_and_vars_arguments."/>
    <testcase time="1.05000000000001" classname="shinytest2_tm_g_association" name="e2e_tm_g_association_Data_extract_spec_elements_are_initialized_with_the_default_values_specified_by_ref_and_vars_arguments."/>
    <testcase time="8.262" classname="shinytest2_tm_g_association" name="e2e_tm_g_association_Module_plot_is_visible."/>
    <testcase time="6.35899999999998" classname="shinytest2_tm_g_association" name="e2e_tm_g_association_Check_and_set_default_values_for_radio_buttons."/>
    <testcase time="0.0509999999999877" classname="shinytest2_tm_g_association" name="e2e_tm_g_association_Check_and_set_default_values_for_radio_buttons."/>
    <testcase time="0.0520000000000209" classname="shinytest2_tm_g_association" name="e2e_tm_g_association_Check_and_set_default_values_for_radio_buttons."/>
    <testcase time="2.75200000000001" classname="shinytest2_tm_g_association" name="e2e_tm_g_association_Check_and_set_default_values_for_radio_buttons."/>
    <testcase time="0.00599999999997181" classname="shinytest2_tm_g_association" name="e2e_tm_g_association_Check_and_set_default_values_for_radio_buttons."/>
  </testsuite>
  <testsuite name="shinytest2-tm_g_bivariate" timestamp="2025-02-24T15:27:13Z" hostname="e0671571f88a" tests="44" skipped="0" failures="0" errors="0" time="74.723">
    <testcase time="5.399" classname="shinytest2_tm_g_bivariate" name="e2e_tm_g_bivariate_Module_is_initialised_with_the_specified_defaults."/>
    <testcase time="0.0939999999999941" classname="shinytest2_tm_g_bivariate" name="e2e_tm_g_bivariate_Module_is_initialised_with_the_specified_defaults."/>
    <testcase time="0.0510000000000446" classname="shinytest2_tm_g_bivariate" name="e2e_tm_g_bivariate_Module_is_initialised_with_the_specified_defaults."/>
    <testcase time="0.0509999999999877" classname="shinytest2_tm_g_bivariate" name="e2e_tm_g_bivariate_Module_is_initialised_with_the_specified_defaults."/>
    <testcase time="0.0500000000000114" classname="shinytest2_tm_g_bivariate" name="e2e_tm_g_bivariate_Module_is_initialised_with_the_specified_defaults."/>
    <testcase time="0.0499999999999545" classname="shinytest2_tm_g_bivariate" name="e2e_tm_g_bivariate_Module_is_initialised_with_the_specified_defaults."/>
    <testcase time="0.0510000000000446" classname="shinytest2_tm_g_bivariate" name="e2e_tm_g_bivariate_Module_is_initialised_with_the_specified_defaults."/>
    <testcase time="0.0509999999999877" classname="shinytest2_tm_g_bivariate" name="e2e_tm_g_bivariate_Module_is_initialised_with_the_specified_defaults."/>
    <testcase time="0.0489999999999782" classname="shinytest2_tm_g_bivariate" name="e2e_tm_g_bivariate_Module_is_initialised_with_the_specified_defaults."/>
    <testcase time="0.0500000000000114" classname="shinytest2_tm_g_bivariate" name="e2e_tm_g_bivariate_Module_is_initialised_with_the_specified_defaults."/>
    <testcase time="0.0509999999999877" classname="shinytest2_tm_g_bivariate" name="e2e_tm_g_bivariate_Module_is_initialised_with_the_specified_defaults."/>
    <testcase time="0.0529999999999973" classname="shinytest2_tm_g_bivariate" name="e2e_tm_g_bivariate_Module_is_initialised_with_the_specified_defaults."/>
    <testcase time="0.0509999999999877" classname="shinytest2_tm_g_bivariate" name="e2e_tm_g_bivariate_Module_is_initialised_with_the_specified_defaults."/>
    <testcase time="0.0520000000000209" classname="shinytest2_tm_g_bivariate" name="e2e_tm_g_bivariate_Module_is_initialised_with_the_specified_defaults."/>
    <testcase time="0.0489999999999782" classname="shinytest2_tm_g_bivariate" name="e2e_tm_g_bivariate_Module_is_initialised_with_the_specified_defaults."/>
    <testcase time="0.0500000000000114" classname="shinytest2_tm_g_bivariate" name="e2e_tm_g_bivariate_Module_is_initialised_with_the_specified_defaults."/>
    <testcase time="0.0550000000000068" classname="shinytest2_tm_g_bivariate" name="e2e_tm_g_bivariate_Module_is_initialised_with_the_specified_defaults."/>
    <testcase time="0.0509999999999877" classname="shinytest2_tm_g_bivariate" name="e2e_tm_g_bivariate_Module_is_initialised_with_the_specified_defaults."/>
    <testcase time="7.517" classname="shinytest2_tm_g_bivariate" name="e2e_tm_g_bivariate_Coloring_options_are_hidden_when_coloring_is_toggled_off."/>
    <testcase time="2.11700000000002" classname="shinytest2_tm_g_bivariate" name="e2e_tm_g_bivariate_Coloring_options_are_hidden_when_coloring_is_toggled_off."/>
    <testcase time="2.12400000000002" classname="shinytest2_tm_g_bivariate" name="e2e_tm_g_bivariate_Coloring_options_are_hidden_when_coloring_is_toggled_off."/>
    <testcase time="3.14799999999997" classname="shinytest2_tm_g_bivariate" name="e2e_tm_g_bivariate_Coloring_options_are_hidden_when_coloring_is_toggled_off."/>
    <testcase time="2.12100000000004" classname="shinytest2_tm_g_bivariate" name="e2e_tm_g_bivariate_Coloring_options_are_hidden_when_coloring_is_toggled_off."/>
    <testcase time="2.12399999999997" classname="shinytest2_tm_g_bivariate" name="e2e_tm_g_bivariate_Coloring_options_are_hidden_when_coloring_is_toggled_off."/>
    <testcase time="7.66899999999998" classname="shinytest2_tm_g_bivariate" name="e2e_tm_g_bivariate_Facetting_options_are_hidden_when_facet_is_toggled_off."/>
    <testcase time="2.11600000000004" classname="shinytest2_tm_g_bivariate" name="e2e_tm_g_bivariate_Facetting_options_are_hidden_when_facet_is_toggled_off."/>
    <testcase time="2.11399999999998" classname="shinytest2_tm_g_bivariate" name="e2e_tm_g_bivariate_Facetting_options_are_hidden_when_facet_is_toggled_off."/>
    <testcase time="2.113" classname="shinytest2_tm_g_bivariate" name="e2e_tm_g_bivariate_Facetting_options_are_hidden_when_facet_is_toggled_off."/>
    <testcase time="3.197" classname="shinytest2_tm_g_bivariate" name="e2e_tm_g_bivariate_Facetting_options_are_hidden_when_facet_is_toggled_off."/>
    <testcase time="2.11900000000003" classname="shinytest2_tm_g_bivariate" name="e2e_tm_g_bivariate_Facetting_options_are_hidden_when_facet_is_toggled_off."/>
    <testcase time="2.12099999999998" classname="shinytest2_tm_g_bivariate" name="e2e_tm_g_bivariate_Facetting_options_are_hidden_when_facet_is_toggled_off."/>
    <testcase time="2.108" classname="shinytest2_tm_g_bivariate" name="e2e_tm_g_bivariate_Facetting_options_are_hidden_when_facet_is_toggled_off."/>
    <testcase time="6.67500000000001" classname="shinytest2_tm_g_bivariate" name="e2e_tm_g_bivariate_Setting_encoding_inputs_produces_outputs_without_validation_errors."/>
    <testcase time="0.524999999999977" classname="shinytest2_tm_g_bivariate" name="e2e_tm_g_bivariate_Setting_encoding_inputs_produces_outputs_without_validation_errors."/>
    <testcase time="1.17200000000003" classname="shinytest2_tm_g_bivariate" name="e2e_tm_g_bivariate_Setting_encoding_inputs_produces_outputs_without_validation_errors."/>
    <testcase time="2.13899999999995" classname="shinytest2_tm_g_bivariate" name="e2e_tm_g_bivariate_Setting_encoding_inputs_produces_outputs_without_validation_errors."/>
    <testcase time="1.21500000000003" classname="shinytest2_tm_g_bivariate" name="e2e_tm_g_bivariate_Setting_encoding_inputs_produces_outputs_without_validation_errors."/>
    <testcase time="1.88" classname="shinytest2_tm_g_bivariate" name="e2e_tm_g_bivariate_Setting_encoding_inputs_produces_outputs_without_validation_errors."/>
    <testcase time="1.88400000000001" classname="shinytest2_tm_g_bivariate" name="e2e_tm_g_bivariate_Setting_encoding_inputs_produces_outputs_without_validation_errors."/>
    <testcase time="1.90199999999999" classname="shinytest2_tm_g_bivariate" name="e2e_tm_g_bivariate_Setting_encoding_inputs_produces_outputs_without_validation_errors."/>
    <testcase time="1.98500000000001" classname="shinytest2_tm_g_bivariate" name="e2e_tm_g_bivariate_Setting_encoding_inputs_produces_outputs_without_validation_errors."/>
    <testcase time="2.08799999999997" classname="shinytest2_tm_g_bivariate" name="e2e_tm_g_bivariate_Setting_encoding_inputs_produces_outputs_without_validation_errors."/>
    <testcase time="2.125" classname="shinytest2_tm_g_bivariate" name="e2e_tm_g_bivariate_Setting_encoding_inputs_produces_outputs_without_validation_errors."/>
    <testcase time="2.11700000000002" classname="shinytest2_tm_g_bivariate" name="e2e_tm_g_bivariate_Setting_encoding_inputs_produces_outputs_without_validation_errors."/>
  </testsuite>
  <testsuite name="shinytest2-tm_g_distribution" timestamp="2025-02-24T15:28:53Z" hostname="e0671571f88a" tests="20" skipped="0" failures="0" errors="0" time="57.907">
    <testcase time="30.323" classname="shinytest2_tm_g_distribution" name="e2e_tm_g_distribution_Module_is_initialised_with_the_specified_defaults."/>
    <testcase time="0.0480000000000018" classname="shinytest2_tm_g_distribution" name="e2e_tm_g_distribution_Module_is_initialised_with_the_specified_defaults."/>
    <testcase time="0.0520000000000209" classname="shinytest2_tm_g_distribution" name="e2e_tm_g_distribution_Module_is_initialised_with_the_specified_defaults."/>
    <testcase time="0.0520000000000209" classname="shinytest2_tm_g_distribution" name="e2e_tm_g_distribution_Module_is_initialised_with_the_specified_defaults."/>
    <testcase time="0.0509999999999877" classname="shinytest2_tm_g_distribution" name="e2e_tm_g_distribution_Module_is_initialised_with_the_specified_defaults."/>
    <testcase time="0.0489999999999782" classname="shinytest2_tm_g_distribution" name="e2e_tm_g_distribution_Module_is_initialised_with_the_specified_defaults."/>
    <testcase time="0.0500000000000114" classname="shinytest2_tm_g_distribution" name="e2e_tm_g_distribution_Module_is_initialised_with_the_specified_defaults."/>
    <testcase time="0.0540000000000305" classname="shinytest2_tm_g_distribution" name="e2e_tm_g_distribution_Module_is_initialised_with_the_specified_defaults."/>
    <testcase time="0.0489999999999782" classname="shinytest2_tm_g_distribution" name="e2e_tm_g_distribution_Module_is_initialised_with_the_specified_defaults."/>
    <testcase time="0.680000000000007" classname="shinytest2_tm_g_distribution" name="e2e_tm_g_distribution_Module_is_initialised_with_the_specified_defaults."/>
    <testcase time="6.22899999999998" classname="shinytest2_tm_g_distribution" name="e2e_tm_g_distribution_Histogram_encoding_inputs_produce_output_without_validation_errors."/>
    <testcase time="2.18400000000003" classname="shinytest2_tm_g_distribution" name="e2e_tm_g_distribution_Histogram_encoding_inputs_produce_output_without_validation_errors."/>
    <testcase time="1.327" classname="shinytest2_tm_g_distribution" name="e2e_tm_g_distribution_Histogram_encoding_inputs_produce_output_without_validation_errors."/>
    <testcase time="1.15999999999997" classname="shinytest2_tm_g_distribution" name="e2e_tm_g_distribution_Histogram_encoding_inputs_produce_output_without_validation_errors."/>
    <testcase time="1.67500000000001" classname="shinytest2_tm_g_distribution" name="e2e_tm_g_distribution_Histogram_encoding_inputs_produce_output_without_validation_errors."/>
    <testcase time="1.64999999999998" classname="shinytest2_tm_g_distribution" name="e2e_tm_g_distribution_Histogram_encoding_inputs_produce_output_without_validation_errors."/>
    <testcase time="1.036" classname="shinytest2_tm_g_distribution" name="e2e_tm_g_distribution_Histogram_encoding_inputs_produce_output_without_validation_errors."/>
    <testcase time="0.941000000000031" classname="shinytest2_tm_g_distribution" name="e2e_tm_g_distribution_Histogram_encoding_inputs_produce_output_without_validation_errors."/>
    <testcase time="6.14799999999997" classname="shinytest2_tm_g_distribution" name="e2e_tm_g_distribution_QQ_plot_encoding_inputs_produce_output_without_validation_errors."/>
    <testcase time="4.149" classname="shinytest2_tm_g_distribution" name="e2e_tm_g_distribution_QQ_plot_encoding_inputs_produce_output_without_validation_errors."/>
  </testsuite>
  <testsuite name="shinytest2-tm_g_response" timestamp="2025-02-24T15:29:26Z" hostname="e0671571f88a" tests="17" skipped="0" failures="0" errors="0" time="29.878">
    <testcase time="5.13800000000003" classname="shinytest2_tm_g_response" name="e2e_tm_g_response_module_is_initialised_with_the_specified_defaults."/>
    <testcase time="0.0889999999999986" classname="shinytest2_tm_g_response" name="e2e_tm_g_response_module_is_initialised_with_the_specified_defaults."/>
    <testcase time="0.0500000000000114" classname="shinytest2_tm_g_response" name="e2e_tm_g_response_module_is_initialised_with_the_specified_defaults."/>
    <testcase time="0.0489999999999782" classname="shinytest2_tm_g_response" name="e2e_tm_g_response_module_is_initialised_with_the_specified_defaults."/>
    <testcase time="0.0520000000000209" classname="shinytest2_tm_g_response" name="e2e_tm_g_response_module_is_initialised_with_the_specified_defaults."/>
    <testcase time="0.0519999999999641" classname="shinytest2_tm_g_response" name="e2e_tm_g_response_module_is_initialised_with_the_specified_defaults."/>
    <testcase time="0.0509999999999877" classname="shinytest2_tm_g_response" name="e2e_tm_g_response_module_is_initialised_with_the_specified_defaults."/>
    <testcase time="0.049000000000035" classname="shinytest2_tm_g_response" name="e2e_tm_g_response_module_is_initialised_with_the_specified_defaults."/>
    <testcase time="6.51499999999999" classname="shinytest2_tm_g_response" name="e2e_tm_g_response_encoding_inputs_produce_output_without_validation_errors."/>
    <testcase time="1.16399999999999" classname="shinytest2_tm_g_response" name="e2e_tm_g_response_encoding_inputs_produce_output_without_validation_errors."/>
    <testcase time="1.08500000000004" classname="shinytest2_tm_g_response" name="e2e_tm_g_response_encoding_inputs_produce_output_without_validation_errors."/>
    <testcase time="0.971000000000004" classname="shinytest2_tm_g_response" name="e2e_tm_g_response_encoding_inputs_produce_output_without_validation_errors."/>
    <testcase time="0.99799999999999" classname="shinytest2_tm_g_response" name="e2e_tm_g_response_encoding_inputs_produce_output_without_validation_errors."/>
    <testcase time="1.01999999999998" classname="shinytest2_tm_g_response" name="e2e_tm_g_response_encoding_inputs_produce_output_without_validation_errors."/>
    <testcase time="1.04899999999998" classname="shinytest2_tm_g_response" name="e2e_tm_g_response_encoding_inputs_produce_output_without_validation_errors."/>
    <testcase time="5.80100000000004" classname="shinytest2_tm_g_response" name="e2e_tm_g_response_deselecting_response_produces_validation_error."/>
    <testcase time="5.745" classname="shinytest2_tm_g_response" name="e2e_tm_g_response_deselecting_x_produces_validation_error."/>
  </testsuite>
  <testsuite name="shinytest2-tm_g_scatterplot" timestamp="2025-02-24T15:29:56Z" hostname="e0671571f88a" tests="35" skipped="0" failures="0" errors="0" time="74.483">
    <testcase time="5.303" classname="shinytest2_tm_g_scatterplot" name="e2e_tm_g_scatterplot_Module_is_initialised_with_the_specified_defaults."/>
    <testcase time="0.0499999999999545" classname="shinytest2_tm_g_scatterplot" name="e2e_tm_g_scatterplot_Module_is_initialised_with_the_specified_defaults."/>
    <testcase time="0.0500000000000114" classname="shinytest2_tm_g_scatterplot" name="e2e_tm_g_scatterplot_Module_is_initialised_with_the_specified_defaults."/>
    <testcase time="0.0570000000000164" classname="shinytest2_tm_g_scatterplot" name="e2e_tm_g_scatterplot_Module_is_initialised_with_the_specified_defaults."/>
    <testcase time="0.0539999999999736" classname="shinytest2_tm_g_scatterplot" name="e2e_tm_g_scatterplot_Module_is_initialised_with_the_specified_defaults."/>
    <testcase time="0.0529999999999973" classname="shinytest2_tm_g_scatterplot" name="e2e_tm_g_scatterplot_Module_is_initialised_with_the_specified_defaults."/>
    <testcase time="0.0510000000000446" classname="shinytest2_tm_g_scatterplot" name="e2e_tm_g_scatterplot_Module_is_initialised_with_the_specified_defaults."/>
    <testcase time="0.0529999999999973" classname="shinytest2_tm_g_scatterplot" name="e2e_tm_g_scatterplot_Module_is_initialised_with_the_specified_defaults."/>
    <testcase time="0.0529999999999973" classname="shinytest2_tm_g_scatterplot" name="e2e_tm_g_scatterplot_Module_is_initialised_with_the_specified_defaults."/>
    <testcase time="0.0509999999999877" classname="shinytest2_tm_g_scatterplot" name="e2e_tm_g_scatterplot_Module_is_initialised_with_the_specified_defaults."/>
    <testcase time="0.0509999999999877" classname="shinytest2_tm_g_scatterplot" name="e2e_tm_g_scatterplot_Module_is_initialised_with_the_specified_defaults."/>
    <testcase time="0.0509999999999877" classname="shinytest2_tm_g_scatterplot" name="e2e_tm_g_scatterplot_Module_is_initialised_with_the_specified_defaults."/>
    <testcase time="0.0510000000000446" classname="shinytest2_tm_g_scatterplot" name="e2e_tm_g_scatterplot_Module_is_initialised_with_the_specified_defaults."/>
    <testcase time="0.0529999999999973" classname="shinytest2_tm_g_scatterplot" name="e2e_tm_g_scatterplot_Module_is_initialised_with_the_specified_defaults."/>
    <testcase time="0.0579999999999927" classname="shinytest2_tm_g_scatterplot" name="e2e_tm_g_scatterplot_Module_is_initialised_with_the_specified_defaults."/>
    <testcase time="0.0509999999999877" classname="shinytest2_tm_g_scatterplot" name="e2e_tm_g_scatterplot_Module_is_initialised_with_the_specified_defaults."/>
    <testcase time="6.46300000000002" classname="shinytest2_tm_g_scatterplot" name="e2e_tm_g_scatterplot_Base_for_the_log_transformation_can_be_applied."/>
    <testcase time="0.829000000000008" classname="shinytest2_tm_g_scatterplot" name="e2e_tm_g_scatterplot_Base_for_the_log_transformation_can_be_applied."/>
    <testcase time="0.849999999999966" classname="shinytest2_tm_g_scatterplot" name="e2e_tm_g_scatterplot_Base_for_the_log_transformation_can_be_applied."/>
    <testcase time="0.835000000000036" classname="shinytest2_tm_g_scatterplot" name="e2e_tm_g_scatterplot_Base_for_the_log_transformation_can_be_applied."/>
    <testcase time="6.84499999999997" classname="shinytest2_tm_g_scatterplot" name="e2e_tm_g_scatterplot_The_log_transform_is_only_possible_for_positive_numeric_vars."/>
    <testcase time="0.918000000000006" classname="shinytest2_tm_g_scatterplot" name="e2e_tm_g_scatterplot_The_log_transform_is_only_possible_for_positive_numeric_vars."/>
    <testcase time="1.49200000000002" classname="shinytest2_tm_g_scatterplot" name="e2e_tm_g_scatterplot_The_log_transform_is_only_possible_for_positive_numeric_vars."/>
    <testcase time="7.15999999999997" classname="shinytest2_tm_g_scatterplot" name="e2e_tm_g_scatterplot_Get_validation_error_when_facetting_with_the_same_row_col_variable."/>
    <testcase time="6.59899999999999" classname="shinytest2_tm_g_scatterplot" name="e2e_tm_g_scatterplot_The_encoding_inputs_produce_output_without_validation_errors."/>
    <testcase time="0.998000000000047" classname="shinytest2_tm_g_scatterplot" name="e2e_tm_g_scatterplot_The_encoding_inputs_produce_output_without_validation_errors."/>
    <testcase time="1.363" classname="shinytest2_tm_g_scatterplot" name="e2e_tm_g_scatterplot_The_encoding_inputs_produce_output_without_validation_errors."/>
    <testcase time="1.80099999999999" classname="shinytest2_tm_g_scatterplot" name="e2e_tm_g_scatterplot_The_encoding_inputs_produce_output_without_validation_errors."/>
    <testcase time="1.84499999999997" classname="shinytest2_tm_g_scatterplot" name="e2e_tm_g_scatterplot_The_encoding_inputs_produce_output_without_validation_errors."/>
    <testcase time="1.53899999999999" classname="shinytest2_tm_g_scatterplot" name="e2e_tm_g_scatterplot_The_encoding_inputs_produce_output_without_validation_errors."/>
    <testcase time="1.56700000000001" classname="shinytest2_tm_g_scatterplot" name="e2e_tm_g_scatterplot_The_encoding_inputs_produce_output_without_validation_errors."/>
    <testcase time="20.531" classname="shinytest2_tm_g_scatterplot" name="e2e_tm_g_scatterplot_The_encoding_inputs_produce_output_without_validation_errors."/>
    <testcase time="1.61900000000003" classname="shinytest2_tm_g_scatterplot" name="e2e_tm_g_scatterplot_The_encoding_inputs_produce_output_without_validation_errors."/>
    <testcase time="3.06700000000001" classname="shinytest2_tm_g_scatterplot" name="e2e_tm_g_scatterplot_The_encoding_inputs_produce_output_without_validation_errors."/>
    <testcase time="2.072" classname="shinytest2_tm_g_scatterplot" name="e2e_tm_g_scatterplot_The_encoding_inputs_produce_output_without_validation_errors."/>
  </testsuite>
  <testsuite name="shinytest2-tm_g_scatterplotmatrix" timestamp="2025-02-24T15:31:10Z" hostname="e0671571f88a" tests="9" skipped="0" failures="0" errors="0" time="28.092">
    <testcase time="5.06499999999994" classname="shinytest2_tm_g_scatterplotmatrix" name="e2e_tm_g_scatterplotmatrix_Initializes_without_errors"/>
    <testcase time="0.0040000000000191" classname="shinytest2_tm_g_scatterplotmatrix" name="e2e_tm_g_scatterplotmatrix_Initializes_without_errors"/>
    <testcase time="0.00499999999999545" classname="shinytest2_tm_g_scatterplotmatrix" name="e2e_tm_g_scatterplotmatrix_Initializes_without_errors"/>
    <testcase time="7.16700000000003" classname="shinytest2_tm_g_scatterplotmatrix" name="e2e_tm_g_scatterplotmatrix_Verify_module_displays_data_table"/>
    <testcase time="5.221" classname="shinytest2_tm_g_scatterplotmatrix" name="e2e_tm_g_scatterplotmatrix_Verify_default_values_and_settings_data_extracts_for_data_selection"/>
    <testcase time="0.00199999999995271" classname="shinytest2_tm_g_scatterplotmatrix" name="e2e_tm_g_scatterplotmatrix_Verify_default_values_and_settings_data_extracts_for_data_selection"/>
    <testcase time="1.41700000000003" classname="shinytest2_tm_g_scatterplotmatrix" name="e2e_tm_g_scatterplotmatrix_Verify_default_values_and_settings_data_extracts_for_data_selection"/>
    <testcase time="6.60699999999997" classname="shinytest2_tm_g_scatterplotmatrix" name="e2e_tm_g_scatterplotmatrix_Change_plot_settings"/>
    <testcase time="2.60400000000004" classname="shinytest2_tm_g_scatterplotmatrix" name="e2e_tm_g_scatterplotmatrix_Change_plot_settings"/>
  </testsuite>
  <testsuite name="shinytest2-tm_misssing_data" timestamp="2025-02-24T15:31:38Z" hostname="e0671571f88a" tests="26" skipped="0" failures="0" errors="0" time="47.834">
    <testcase time="0.225999999999999" classname="shinytest2_tm_misssing_data" name="e2e_tm_missing_data_Initializes_without_errors"/>
    <testcase time="5.15999999999997" classname="shinytest2_tm_misssing_data" name="e2e_tm_missing_data_Initializes_without_errors"/>
    <testcase time="0.0040000000000191" classname="shinytest2_tm_misssing_data" name="e2e_tm_missing_data_Initializes_without_errors"/>
    <testcase time="0.0040000000000191" classname="shinytest2_tm_misssing_data" name="e2e_tm_missing_data_Initializes_without_errors"/>
    <testcase time="0.225000000000023" classname="shinytest2_tm_misssing_data" name="e2e_tm_missing_data_Default_settings_and_visibility_of_the_summary_graph"/>
    <testcase time="5.23599999999999" classname="shinytest2_tm_misssing_data" name="e2e_tm_missing_data_Default_settings_and_visibility_of_the_summary_graph"/>
    <testcase time="0.0489999999999782" classname="shinytest2_tm_misssing_data" name="e2e_tm_missing_data_Default_settings_and_visibility_of_the_summary_graph"/>
    <testcase time="2.99699999999996" classname="shinytest2_tm_misssing_data" name="e2e_tm_missing_data_Default_settings_and_visibility_of_the_summary_graph"/>
    <testcase time="2.77600000000007" classname="shinytest2_tm_misssing_data" name="e2e_tm_missing_data_Default_settings_and_visibility_of_the_summary_graph"/>
    <testcase time="2.09500000000003" classname="shinytest2_tm_misssing_data" name="e2e_tm_missing_data_Default_settings_and_visibility_of_the_summary_graph"/>
    <testcase time="0.215999999999894" classname="shinytest2_tm_misssing_data" name="e2e_tm_missing_data_Check_default_settings_and_visibility_of_the_combinations_graph_and_encodings"/>
    <testcase time="5.10300000000007" classname="shinytest2_tm_misssing_data" name="e2e_tm_missing_data_Check_default_settings_and_visibility_of_the_combinations_graph_and_encodings"/>
    <testcase time="1.64199999999994" classname="shinytest2_tm_misssing_data" name="e2e_tm_missing_data_Check_default_settings_and_visibility_of_the_combinations_graph_and_encodings"/>
    <testcase time="2.09900000000005" classname="shinytest2_tm_misssing_data" name="e2e_tm_missing_data_Check_default_settings_and_visibility_of_the_combinations_graph_and_encodings"/>
    <testcase time="2.10400000000004" classname="shinytest2_tm_misssing_data" name="e2e_tm_missing_data_Check_default_settings_and_visibility_of_the_combinations_graph_and_encodings"/>
    <testcase time="0.111999999999966" classname="shinytest2_tm_misssing_data" name="e2e_tm_missing_data_Check_default_settings_and_visibility_of_the_combinations_graph_and_encodings"/>
    <testcase time="1.14499999999998" classname="shinytest2_tm_misssing_data" name="e2e_tm_missing_data_Check_default_settings_and_visibility_of_the_combinations_graph_and_encodings"/>
    <testcase time="0.215000000000032" classname="shinytest2_tm_misssing_data" name="e2e_tm_missing_data_Validate_functionality_and_UI_response_for_By_Variable_Levels_"/>
    <testcase time="6.13299999999992" classname="shinytest2_tm_misssing_data" name="e2e_tm_missing_data_Validate_functionality_and_UI_response_for_By_Variable_Levels_"/>
    <testcase time="0.0540000000000873" classname="shinytest2_tm_misssing_data" name="e2e_tm_missing_data_Validate_functionality_and_UI_response_for_By_Variable_Levels_"/>
    <testcase time="0.0529999999999973" classname="shinytest2_tm_misssing_data" name="e2e_tm_missing_data_Validate_functionality_and_UI_response_for_By_Variable_Levels_"/>
    <testcase time="0.826999999999998" classname="shinytest2_tm_misssing_data" name="e2e_tm_missing_data_Validate_functionality_and_UI_response_for_By_Variable_Levels_"/>
    <testcase time="0.00999999999999091" classname="shinytest2_tm_misssing_data" name="e2e_tm_missing_data_Validate_functionality_and_UI_response_for_By_Variable_Levels_"/>
    <testcase time="2.95999999999992" classname="shinytest2_tm_misssing_data" name="e2e_tm_missing_data_Validate_functionality_and_UI_response_for_By_Variable_Levels_"/>
    <testcase time="0.222000000000094" classname="shinytest2_tm_misssing_data" name="e2e_tm_missing_data_Validate_By_Variable_Levels_table_values"/>
    <testcase time="6.16699999999992" classname="shinytest2_tm_misssing_data" name="e2e_tm_missing_data_Validate_By_Variable_Levels_table_values"/>
  </testsuite>
  <testsuite name="shinytest2-tm_outliers" timestamp="2025-02-24T15:32:26Z" hostname="e0671571f88a" tests="10" skipped="0" failures="0" errors="10" time="1026.986">
    <testcase time="102.69" classname="shinytest2_tm_outliers" name="e2e_tm_outliers_Data_parameter_and_module_label_is_passed_properly.">
      <error type="error" message="Error in `app_initialize(self, private, app_dir = app_dir, ..., load_timeout = load_timeout,  ('test-shinytest2-tm_outliers.R:54:3')">Error in `app_initialize(self, private, app_dir = app_dir, ..., load_timeout = load_timeout, 
    timeout = timeout, wait = wait, expect_values_screenshot_args = expect_values_screenshot_args, 
    screenshot_args = screenshot_args, check_names = check_names, 
    name = name, variant = variant, view = view, height = height, 
    width = width, seed = seed, clean_logs = clean_logs, shiny_args = shiny_args, 
    render_args = render_args, options = options)`: Shiny app did not become stable in 1e+05ms.
Message: An error occurred while waiting for Shiny to be stable
Caused by error in `app_wait_for_idle()`:
! An error occurred while waiting for Shiny to be stable


ℹ You can inspect the failed AppDriver object via `rlang::last_error()$app`
ℹ AppDriver logs:
{shinytest2} R  info    15:32:26.72 Start AppDriver initialization
{shinytest2} R  info    15:32:26.77 Starting Shiny app
{shinytest2} R  info    15:32:27.80 Creating new ChromoteSession
{shinytest2} R  info    15:32:27.83 Navigating to Shiny app
{shinytest2} R  info    15:32:28.44 Injecting shiny-tracer.js
{chromote}   JS info    15:32:28.45 shinytest2; jQuery not found
{chromote}   JS info    15:32:28.45 shinytest2; Loaded
{shinytest2} R  info    15:32:28.46 Waiting for Shiny to become ready
{chromote}   JS info    15:32:28.51 shinytest2; jQuery found
{chromote}   JS info    15:32:28.51 shinytest2; Waiting for shiny session to connect
{chromote}   JS info    15:32:28.83 shinytest2; Connected
{chromote}   JS info    15:32:28.89 shinytest2; shiny:busy
{shinytest2} R  info    15:32:28.90 Waiting for Shiny to become idle for 200ms within 1e+05ms
{chromote}   JS info    15:32:28.91 shinytest2; Waiting for Shiny to be stable
{chromote}   JS warning 15:32:29.86 Couldn't perform validation update on input with id 'teal-teal_modules-outliers_module-module-categorical_var-dataset_CO2_singleextract-select': input not found
                                    (anonymous) @ shinyvalidate-0.1.3/shinyvalidate.js:3443:18
                                    (anonymous) @ shiny-javascript-1.10.0/shiny.min.js:1:407159
                                    m           @ shiny-javascript-1.10.0/shiny.min.js:1:388827
                                    (anonymous) @ shiny-javascript-1.10.0/shiny.min.js:1:390150
                                    (anonymous) @ shiny-javascript-1.10.0/shiny.min.js:1:389186
                                    nT          @ shiny-javascript-1.10.0/shiny.min.js:1:394797
                                    s           @ shiny-javascript-1.10.0/shiny.min.js:1:394995
                                    (anonymous) @ shiny-javascript-1.10.0/shiny.min.js:1:395056
                                    (anonymous) @ shiny-javascript-1.10.0/shiny.min.js:1:394936
                                    t           @ shiny-javascript-1.10.0/shiny.min.js:1:407274
                                    (anonymous) @ shiny-javascript-1.10.0/shiny.min.js:1:410753
                                    m           @ shiny-javascript-1.10.0/shiny.min.js:1:388827
                                    (anonymous) @ shiny-javascript-1.10.0/shiny.min.js:1:390150
                                    (anonymous) @ shiny-javascript-1.10.0/shiny.min.js:1:389186
                                    nT          @ shiny-javascript-1.10.0/shiny.min.js:1:394797
                                    s           @ shiny-javascript-1.10.0/shiny.min.js:1:394995
                                    (anonymous) @ shiny-javascript-1.10.0/shiny.min.js:1:395056
                                    (anonymous) @ shiny-javascript-1.10.0/shiny.min.js:1:394936
                                    (anonymous) @ shiny-javascript-1.10.0/shiny.min.js:1:410855
                                    (anonymous) @ shiny-javascript-1.10.0/shiny.min.js:1:407159
                                    m           @ shiny-javascript-1.10.0/shiny.min.js:1:388827
                                    (anonymous) @ shiny-javascript-1.10.0/shiny.min.js:1:390150
                                    (anonymous) @ shiny-javascript-1.10.0/shiny.min.js:1:389186
                                    nT          @ shiny-javascript-1.10.0/shiny.min.js:1:394797
                                    s           @ shiny-javascript-1.10.0/shiny.min.js:1:394995
                                    (anonymous) @ shiny-javascript-1.10.0/shiny.min.js:1:395056
                                    (anonymous) @ shiny-javascript-1.10.0/shiny.min.js:1:394936
                                    t           @ shiny-javascript-1.10.0/shiny.min.js:1:407274
                                    (anonymous) @ shiny-javascript-1.10.0/shiny.min.js:1:406722
                                    m           @ shiny-javascript-1.10.0/shiny.min.js:1:388827
                                    (anonymous) @ shiny-javascript-1.10.0/shiny.min.js:1:390150
                                    (anonymous) @ shiny-javascript-1.10.0/shiny.min.js:1:389186
                                    nT          @ shiny-javascript-1.10.0/shiny.min.js:1:394797
                                    s           @ shiny-javascript-1.10.0/shiny.min.js:1:394995
                                    (anonymous) @ shiny-javascript-1.10.0/shiny.min.js:1:395056
                                    (anonymous) @ shiny-javascript-1.10.0/shiny.min.js:1:394936
                                    t           @ shiny-javascript-1.10.0/shiny.min.js:1:406868
                                    (anonymous) @ shiny-javascript-1.10.0/shiny.min.js:1:400961
                                    m           @ shiny-javascript-1.10.0/shiny.min.js:1:388827
                                    (anonymous) @ shiny-javascript-1.10.0/shiny.min.js:1:390150
                                    (anonymous) @ shiny-javascript-1.10.0/shiny.min.js:1:389186
                                    nT          @ shiny-javascript-1.10.0/shiny.min.js:1:394797
                                    s           @ shiny-javascript-1.10.0/shiny.min.js:1:394995
                                    (anonymous) @ shiny-javascript-1.10.0/shiny.min.js:1:395056
                                    (anonymous) @ shiny-javascript-1.10.0/shiny.min.js:1:394936
                                    (anonymous) @ shiny-javascript-1.10.0/shiny.min.js:1:401480
                                    m           @ shiny-javascript-1.10.0/shiny.min.js:1:388827
                                    (anonymous) @ shiny-javascript-1.10.0/shiny.min.js:1:390150
                                    (anonymous) @ shiny-javascript-1.10.0/shiny.min.js:1:389186
                                    nT          @ shiny-javascript-1.10.0/shiny.min.js:1:394797
                                    s           @ shiny-javascript-1.10.0/shiny.min.js:1:394995
{shinytest2} R  info    15:34:08.94 Error while initializing AppDriver:
                                    Shiny app did not become stable in 1e+05ms.
                                    Message: An error occurred while waiting for Shiny to be stable
                                    Caused by error in `app_wait_for_idle()`:
                                    ! An error occurred while waiting for Shiny to be stable
{shiny}      R  stderr  ----------- Loading required package: shiny
{shiny}      R  stderr  ----------- Attempting to load the environment ‘package:sparkline’
{shiny}      R  stderr  ----------- Loading required package: ggmosaic
{shiny}      R  stderr  ----------- Loading required package: ggplot2
{shiny}      R  stderr  ----------- Loading required package: teal
{shiny}      R  stderr  ----------- Loading required package: teal.data
{shiny}      R  stderr  ----------- Loading required package: teal.code
{shiny}      R  stderr  ----------- Loading required package: teal.slice
{shiny}      R  stderr  ----------- 
{shiny}      R  stderr  ----------- You are using teal version 0.16.0
{shiny}      R  stderr  ----------- 
{shiny}      R  stderr  ----------- Attaching package: ‘teal’
{shiny}      R  stderr  ----------- 
{shiny}      R  stderr  ----------- The following objects are masked from ‘package:teal.slice’:
{shiny}      R  stderr  ----------- 
{shiny}      R  stderr  -----------     as.teal_slices, teal_slices
{shiny}      R  stderr  ----------- 
{shiny}      R  stderr  ----------- Loading required package: teal.transform
{shiny}      R  stderr  ----------- Running application in test mode.
{shiny}      R  stderr  ----------- 
{shiny}      R  stderr  ----------- Listening on http://127.0.0.1:5839
{shiny}      R  stderr  ----------- Initializing reporter_previewer_module
{shiny}      R  stderr  ----------- Initializing reporter_previewer_module
{shiny}      R  stderr  ----------- Warning: Error in &lt;Anonymous&gt;: error in evaluating the argument 'code' in selecting a method for function 'eval_code': object of type 'symbol' is not subsettable
{shiny}      R  stderr  -----------   251: &lt;Anonymous&gt;
{shiny}      R  stderr  -----------   250: identical
{shiny}      R  stderr  -----------   249: FUN
{shiny}      R  stderr  -----------   248: lapply
{shiny}      R  stderr  -----------   247: FUN
{shiny}      R  stderr  -----------   246: lapply
{shiny}      R  stderr  -----------   245: remove_pipe_null
{shiny}      R  stderr  -----------   244: %&gt;%
{shiny}      R  stderr  -----------   242: &lt;reactive&gt;
{shiny}      R  stderr  -----------   222: common_code_q
{shiny}      R  stderr  -----------   215: &lt;reactive&gt;
{shiny}      R  stderr  -----------   195: data
{shiny}      R  stderr  -----------   189: &lt;reactive&gt;
{shiny}      R  stderr  -----------   169: decorated_q[[req(current_tab_r())]]
{shiny}      R  stderr  -----------   168: &lt;reactive&gt;
{shiny}      R  stderr  -----------   148: data
{shiny}      R  stderr  -----------   142: &lt;reactive&gt;
{shiny}      R  stderr  -----------   122: decorated_final_q
{shiny}      R  stderr  -----------   121: exprFunc
{shiny}      R  stderr  -----------   120: widgetFunc
{shiny}      R  stderr  -----------   119: ::
{shiny}      R  stderr  ----------- htmlwidgets
{shiny}      R  stderr  ----------- shinyRenderWidget
{shiny}      R  stderr  -----------   118: func
{shiny}      R  stderr  -----------   105: renderFunc
{shiny}      R  stderr  -----------   104: renderFunc
{shiny}      R  stderr  -----------   100: renderFunc
{shiny}      R  stderr  -----------    99: output$teal-teal_modules-outliers_module-module-summary_table
{shiny}      R  stderr  -----------    14: &lt;Anonymous&gt;
{shiny}      R  stderr  -----------    12: &lt;Anonymous&gt;
{shiny}      R  stderr  -----------    11: &lt;Anonymous&gt;
{shiny}      R  stderr  -----------    10: base::do.call
{shiny}      R  stderr  -----------     9: base::saveRDS
{shiny}      R  stderr  -----------     8: base::withCallingHandlers
{shiny}      R  stderr  -----------     7: doTryCatch
{shiny}      R  stderr  -----------     6: tryCatchOne
{shiny}      R  stderr  -----------     5: tryCatchList
{shiny}      R  stderr  -----------     2: tryCatchList
{shiny}      R  stderr  -----------     1: base::tryCatch
{shiny}      R  stderr  ----------- Warning: Error in &lt;Anonymous&gt;: error in evaluating the argument 'code' in selecting a method for function 'eval_code': object of type 'symbol' is not subsettable
{shiny}      R  stderr  -----------   251: &lt;Anonymous&gt;
{shiny}      R  stderr  -----------   250: identical
{shiny}      R  stderr  -----------   249: FUN
{shiny}      R  stderr  -----------   248: lapply
{shiny}      R  stderr  -----------   247: FUN
{shiny}      R  stderr  -----------   246: lapply
{shiny}      R  stderr  -----------   245: remove_pipe_null
{shiny}      R  stderr  -----------   244: %&gt;%
{shiny}      R  stderr  -----------   242: &lt;reactive&gt;
{shiny}      R  stderr  -----------   222: common_code_q
{shiny}      R  stderr  -----------   215: &lt;reactive&gt;
{shiny}      R  stderr  -----------   195: data
{shiny}      R  stderr  -----------   189: &lt;reactive&gt;
{shiny}      R  stderr  -----------   169: decorated_q[[req(current_tab_r())]]
{shiny}      R  stderr  -----------   168: &lt;reactive&gt;
{shiny}      R  stderr  -----------   148: data
{shiny}      R  stderr  -----------   142: &lt;reactive&gt;
{shiny}      R  stderr  -----------   122: decorated_final_q
{shiny}      R  stderr  -----------   121: exprFunc
{shiny}      R  stderr  -----------   120: widgetFunc
{shiny}      R  stderr  -----------   119: ::
{shiny}      R  stderr  ----------- htmlwidgets
{shiny}      R  stderr  ----------- shinyRenderWidget
{shiny}      R  stderr  -----------   118: func
{shiny}      R  stderr  -----------   105: renderFunc
{shiny}      R  stderr  -----------   104: renderFunc
{shiny}      R  stderr  -----------   100: renderFunc
{shiny}      R  stderr  -----------    99: output$teal-teal_modules-outliers_module-module-summary_table
{shiny}      R  stderr  -----------    14: &lt;Anonymous&gt;
{shiny}      R  stderr  -----------    12: &lt;Anonymous&gt;
{shiny}      R  stderr  -----------    11: &lt;Anonymous&gt;
{shiny}      R  stderr  -----------    10: base::do.call
{shiny}      R  stderr  -----------     9: base::saveRDS
{shiny}      R  stderr  -----------     8: base::withCallingHandlers
{shiny}      R  stderr  -----------     7: doTryCatch
{shiny}      R  stderr  -----------     6: tryCatchOne
{shiny}      R  stderr  -----------     5: tryCatchList
{shiny}      R  stderr  -----------     2: tryCatchList
{shiny}      R  stderr  -----------     1: base::tryCatch
{shiny}      R  stderr  ----------- Warning: Error in &lt;Anonymous&gt;: error in evaluating the argument 'code' in selecting a method for function 'eval_code': object of type 'symbol' is not subsettable
{shiny}      R  stderr  -----------   14: &lt;Anonymous&gt;
{shiny}      R  stderr  -----------   12: &lt;Anonymous&gt;
{shiny}      R  stderr  -----------   11: &lt;Anonymous&gt;
{shiny}      R  stderr  -----------   10: base::do.call
{shiny}      R  stderr  -----------    9: base::saveRDS
{shiny}      R  stderr  -----------    8: base::withCallingHandlers
{shiny}      R  stderr  -----------    7: doTryCatch
{shiny}      R  stderr  -----------    6: tryCatchOne
{shiny}      R  stderr  -----------    5: tryCatchList
{shiny}      R  stderr  -----------    2: tryCatchList
{shiny}      R  stderr  -----------    1: base::tryCatch
{shiny}      R  stderr  ----------- Warning: Error in &lt;Anonymous&gt;: error in evaluating the argument 'code' in selecting a method for function 'eval_code': object of type 'symbol' is not subsettable
{shiny}      R  stderr  -----------   124: &lt;Anonymous&gt;
{shiny}      R  stderr  -----------   123: stop
{shiny}      R  stderr  -----------   122: common_code_q
{shiny}      R  stderr  -----------   121: exprFunc
{shiny}      R  stderr  -----------   120: widgetFunc
{shiny}      R  stderr  -----------   119: ::
{shiny}      R  stderr  ----------- htmlwidgets
{shiny}      R  stderr  ----------- shinyRenderWidget
{shiny}      R  stderr  -----------   118: func
{shiny}      R  stderr  -----------   105: renderFunc
{shiny}      R  stderr  -----------   104: renderFunc
{shiny}      R  stderr  -----------   100: renderFunc
{shiny}      R  stderr  -----------    99: output$teal-teal_modules-outliers_module-module-table_ui
{shiny}      R  stderr  -----------    14: &lt;Anonymous&gt;
{shiny}      R  stderr  -----------    12: &lt;Anonymous&gt;
{shiny}      R  stderr  -----------    11: &lt;Anonymous&gt;
{shiny}      R  stderr  -----------    10: base::do.call
{shiny}      R  stderr  -----------     9: base::saveRDS
{shiny}      R  stderr  -----------     8: base::withCallingHandlers
{shiny}      R  stderr  -----------     7: doTryCatch
{shiny}      R  stderr  -----------     6: tryCatchOne
{shiny}      R  stderr  -----------     5: tryCatchList
{shiny}      R  stderr  -----------     2: tryCatchList
{shiny}      R  stderr  -----------     1: base::tryCatch
{shiny}      R  stderr  ----------- Warning: Error in &lt;Anonymous&gt;: error in evaluating the argument 'code' in selecting a method for function 'eval_code': object of type 'symbol' is not subsettable
{shiny}      R  stderr  -----------   117: &lt;Anonymous&gt;
{shiny}      R  stderr  -----------   116: stop
{shiny}      R  stderr  -----------   115: common_code_q
{shiny}      R  stderr  -----------   114: renderUI
{shiny}      R  stderr  -----------   113: func
{shiny}      R  stderr  -----------   100: renderFunc
{shiny}      R  stderr  -----------    99: output$teal-teal_modules-outliers_module-module-total_outliers
{shiny}      R  stderr  -----------    14: &lt;Anonymous&gt;
{shiny}      R  stderr  -----------    12: &lt;Anonymous&gt;
{shiny}      R  stderr  -----------    11: &lt;Anonymous&gt;
{shiny}      R  stderr  -----------    10: base::do.call
{shiny}      R  stderr  -----------     9: base::saveRDS
{shiny}      R  stderr  -----------     8: base::withCallingHandlers
{shiny}      R  stderr  -----------     7: doTryCatch
{shiny}      R  stderr  -----------     6: tryCatchOne
{shiny}      R  stderr  -----------     5: tryCatchList
{shiny}      R  stderr  -----------     2: tryCatchList
{shiny}      R  stderr  -----------     1: base::tryCatch


Caused by error in `app_initialize_()`:
! Shiny app did not become stable in 1e+05ms.
Message: An error occurred while waiting for Shiny to be stable
Caused by error in `app_wait_for_idle()`:
! An error occurred while waiting for Shiny to be stable
Backtrace:
     ▆
  1. ├─teal.modules.general (local) app_driver_tm_outlier() at test-shinytest2-tm_outliers.R:54:3
  2. │ └─teal.modules.general:::init_teal_app_driver(...) at test-shinytest2-tm_outliers.R:16:3
  3. │   ├─testthat::with_mocked_bindings(...) at tests/testthat/helper-TealAppDriver.R:7:3
  4. │   └─TealAppDriver$new(...) at tests/testthat/helper-TealAppDriver.R:10:7
  5. │     └─teal (local) initialize(...)
  6. │       ├─base::suppressWarnings(...)
  7. │       │ └─base::withCallingHandlers(...)
  8. │       └─super$initialize(...)
  9. │         └─shinytest2:::app_initialize(...)
 10. │           ├─base::withCallingHandlers(...)
 11. │           └─shinytest2:::app_initialize_(self, private, ..., view = view)
 12. │             ├─base::withCallingHandlers(...)
 13. │             └─self$wait_for_idle(duration = 200, timeout = private$load_timeout)
 14. │               └─shinytest2:::app_wait_for_idle(...)
 15. │                 └─shinytest2:::app_abort(self, private, "An error occurred while waiting for Shiny to be stable")
 16. │                   └─rlang::abort(..., app = self, call = call)
 17. │                     └─rlang:::signal_abort(cnd, .file)
 18. │                       └─base::signalCondition(cnd)
 19. ├─shinytest2 (local) `&lt;fn&gt;`(`&lt;rlng_rrr&gt;`)
 20. │ └─shinytest2:::app_abort(...)
 21. │   └─rlang::abort(..., app = self, call = call)
 22. │     └─rlang:::signal_abort(cnd, .file)
 23. │       └─base::signalCondition(cnd)
 24. └─shinytest2 (local) `&lt;fn&gt;`(`&lt;rlng_rrr&gt;`)
 25.   └─shinytest2:::app_abort(...)
 26.     └─rlang::abort(..., app = self, call = call)</error>
    </testcase>
    <testcase time="102.69" classname="shinytest2_tm_outliers" name="e2e_tm_outliers_Data_extract_spec_elements_are_initialized_with_the_default_values_specified_by_outlier_var_and_categorical_var_argument.">
      <error type="error" message="Error in `app_initialize(self, private, app_dir = app_dir, ..., load_timeout = load_timeout,  ('test-shinytest2-tm_outliers.R:74:3')">Error in `app_initialize(self, private, app_dir = app_dir, ..., load_timeout = load_timeout, 
    timeout = timeout, wait = wait, expect_values_screenshot_args = expect_values_screenshot_args, 
    screenshot_args = screenshot_args, check_names = check_names, 
    name = name, variant = variant, view = view, height = height, 
    width = width, seed = seed, clean_logs = clean_logs, shiny_args = shiny_args, 
    render_args = render_args, options = options)`: Shiny app did not become stable in 1e+05ms.
Message: An error occurred while waiting for Shiny to be stable
Caused by error in `app_wait_for_idle()`:
! An error occurred while waiting for Shiny to be stable


ℹ You can inspect the failed AppDriver object via `rlang::last_error()$app`
ℹ AppDriver logs:
{shinytest2} R  info    15:34:09.43 Start AppDriver initialization
{shinytest2} R  info    15:34:09.48 Starting Shiny app
{shinytest2} R  info    15:34:10.50 Creating new ChromoteSession
{shinytest2} R  info    15:34:10.55 Navigating to Shiny app
{shinytest2} R  info    15:34:11.16 Injecting shiny-tracer.js
{chromote}   JS info    15:34:11.18 shinytest2; jQuery not found
{chromote}   JS info    15:34:11.18 shinytest2; Loaded
{shinytest2} R  info    15:34:11.18 Waiting for Shiny to become ready
{chromote}   JS info    15:34:11.23 shinytest2; jQuery found
{chromote}   JS info    15:34:11.23 shinytest2; Waiting for shiny session to connect
{chromote}   JS info    15:34:11.53 shinytest2; Connected
{chromote}   JS info    15:34:11.61 shinytest2; shiny:busy
{shinytest2} R  info    15:34:11.61 Waiting for Shiny to become idle for 200ms within 1e+05ms
{chromote}   JS info    15:34:11.62 shinytest2; Waiting for Shiny to be stable
{chromote}   JS warning 15:34:12.58 Couldn't perform validation update on input with id 'teal-teal_modules-outliers_module-module-categorical_var-dataset_CO2_singleextract-select': input not found
                                    (anonymous) @ shinyvalidate-0.1.3/shinyvalidate.js:3443:18
                                    (anonymous) @ shiny-javascript-1.10.0/shiny.min.js:1:407159
                                    m           @ shiny-javascript-1.10.0/shiny.min.js:1:388827
                                    (anonymous) @ shiny-javascript-1.10.0/shiny.min.js:1:390150
                                    (anonymous) @ shiny-javascript-1.10.0/shiny.min.js:1:389186
                                    nT          @ shiny-javascript-1.10.0/shiny.min.js:1:394797
                                    s           @ shiny-javascript-1.10.0/shiny.min.js:1:394995
                                    (anonymous) @ shiny-javascript-1.10.0/shiny.min.js:1:395056
                                    (anonymous) @ shiny-javascript-1.10.0/shiny.min.js:1:394936
                                    t           @ shiny-javascript-1.10.0/shiny.min.js:1:407274
                                    (anonymous) @ shiny-javascript-1.10.0/shiny.min.js:1:410753
                                    m           @ shiny-javascript-1.10.0/shiny.min.js:1:388827
                                    (anonymous) @ shiny-javascript-1.10.0/shiny.min.js:1:390150
                                    (anonymous) @ shiny-javascript-1.10.0/shiny.min.js:1:389186
                                    nT          @ shiny-javascript-1.10.0/shiny.min.js:1:394797
                                    s           @ shiny-javascript-1.10.0/shiny.min.js:1:394995
                                    (anonymous) @ shiny-javascript-1.10.0/shiny.min.js:1:395056
                                    (anonymous) @ shiny-javascript-1.10.0/shiny.min.js:1:394936
                                    (anonymous) @ shiny-javascript-1.10.0/shiny.min.js:1:410855
                                    (anonymous) @ shiny-javascript-1.10.0/shiny.min.js:1:407159
                                    m           @ shiny-javascript-1.10.0/shiny.min.js:1:388827
                                    (anonymous) @ shiny-javascript-1.10.0/shiny.min.js:1:390150
                                    (anonymous) @ shiny-javascript-1.10.0/shiny.min.js:1:389186
                                    nT          @ shiny-javascript-1.10.0/shiny.min.js:1:394797
                                    s           @ shiny-javascript-1.10.0/shiny.min.js:1:394995
                                    (anonymous) @ shiny-javascript-1.10.0/shiny.min.js:1:395056
                                    (anonymous) @ shiny-javascript-1.10.0/shiny.min.js:1:394936
                                    t           @ shiny-javascript-1.10.0/shiny.min.js:1:407274
                                    (anonymous) @ shiny-javascript-1.10.0/shiny.min.js:1:406722
                                    m           @ shiny-javascript-1.10.0/shiny.min.js:1:388827
                                    (anonymous) @ shiny-javascript-1.10.0/shiny.min.js:1:390150
                                    (anonymous) @ shiny-javascript-1.10.0/shiny.min.js:1:389186
                                    nT          @ shiny-javascript-1.10.0/shiny.min.js:1:394797
                                    s           @ shiny-javascript-1.10.0/shiny.min.js:1:394995
                                    (anonymous) @ shiny-javascript-1.10.0/shiny.min.js:1:395056
                                    (anonymous) @ shiny-javascript-1.10.0/shiny.min.js:1:394936
                                    t           @ shiny-javascript-1.10.0/shiny.min.js:1:406868
                                    (anonymous) @ shiny-javascript-1.10.0/shiny.min.js:1:400961
                                    m           @ shiny-javascript-1.10.0/shiny.min.js:1:388827
                                    (anonymous) @ shiny-javascript-1.10.0/shiny.min.js:1:390150
                                    (anonymous) @ shiny-javascript-1.10.0/shiny.min.js:1:389186
                                    nT          @ shiny-javascript-1.10.0/shiny.min.js:1:394797
                                    s           @ shiny-javascript-1.10.0/shiny.min.js:1:394995
                                    (anonymous) @ shiny-javascript-1.10.0/shiny.min.js:1:395056
                                    (anonymous) @ shiny-javascript-1.10.0/shiny.min.js:1:394936
                                    (anonymous) @ shiny-javascript-1.10.0/shiny.min.js:1:401480
                                    m           @ shiny-javascript-1.10.0/shiny.min.js:1:388827
                                    (anonymous) @ shiny-javascript-1.10.0/shiny.min.js:1:390150
                                    (anonymous) @ shiny-javascript-1.10.0/shiny.min.js:1:389186
                                    nT          @ shiny-javascript-1.10.0/shiny.min.js:1:394797
                                    s           @ shiny-javascript-1.10.0/shiny.min.js:1:394995
{shinytest2} R  info    15:35:51.63 Error while initializing AppDriver:
                                    Shiny app did not become stable in 1e+05ms.
                                    Message: An error occurred while waiting for Shiny to be stable
                                    Caused by error in `app_wait_for_idle()`:
                                    ! An error occurred while waiting for Shiny to be stable
{shiny}      R  stderr  ----------- Loading required package: shiny
{shiny}      R  stderr  ----------- Attempting to load the environment ‘package:sparkline’
{shiny}      R  stderr  ----------- Loading required package: ggmosaic
{shiny}      R  stderr  ----------- Loading required package: ggplot2
{shiny}      R  stderr  ----------- Loading required package: teal
{shiny}      R  stderr  ----------- Loading required package: teal.data
{shiny}      R  stderr  ----------- Loading required package: teal.code
{shiny}      R  stderr  ----------- Loading required package: teal.slice
{shiny}      R  stderr  ----------- 
{shiny}      R  stderr  ----------- You are using teal version 0.16.0
{shiny}      R  stderr  ----------- 
{shiny}      R  stderr  ----------- Attaching package: ‘teal’
{shiny}      R  stderr  ----------- 
{shiny}      R  stderr  ----------- The following objects are masked from ‘package:teal.slice’:
{shiny}      R  stderr  ----------- 
{shiny}      R  stderr  -----------     as.teal_slices, teal_slices
{shiny}      R  stderr  ----------- 
{shiny}      R  stderr  ----------- Loading required package: teal.transform
{shiny}      R  stderr  ----------- Running application in test mode.
{shiny}      R  stderr  ----------- 
{shiny}      R  stderr  ----------- Listening on http://127.0.0.1:4798
{shiny}      R  stderr  ----------- Initializing reporter_previewer_module
{shiny}      R  stderr  ----------- Initializing reporter_previewer_module
{shiny}      R  stderr  ----------- Warning: Error in &lt;Anonymous&gt;: error in evaluating the argument 'code' in selecting a method for function 'eval_code': object of type 'symbol' is not subsettable
{shiny}      R  stderr  -----------   251: &lt;Anonymous&gt;
{shiny}      R  stderr  -----------   250: identical
{shiny}      R  stderr  -----------   249: FUN
{shiny}      R  stderr  -----------   248: lapply
{shiny}      R  stderr  -----------   247: FUN
{shiny}      R  stderr  -----------   246: lapply
{shiny}      R  stderr  -----------   245: remove_pipe_null
{shiny}      R  stderr  -----------   244: %&gt;%
{shiny}      R  stderr  -----------   242: &lt;reactive&gt;
{shiny}      R  stderr  -----------   222: common_code_q
{shiny}      R  stderr  -----------   215: &lt;reactive&gt;
{shiny}      R  stderr  -----------   195: data
{shiny}      R  stderr  -----------   189: &lt;reactive&gt;
{shiny}      R  stderr  -----------   169: decorated_q[[req(current_tab_r())]]
{shiny}      R  stderr  -----------   168: &lt;reactive&gt;
{shiny}      R  stderr  -----------   148: data
{shiny}      R  stderr  -----------   142: &lt;reactive&gt;
{shiny}      R  stderr  -----------   122: decorated_final_q
{shiny}      R  stderr  -----------   121: exprFunc
{shiny}      R  stderr  -----------   120: widgetFunc
{shiny}      R  stderr  -----------   119: ::
{shiny}      R  stderr  ----------- htmlwidgets
{shiny}      R  stderr  ----------- shinyRenderWidget
{shiny}      R  stderr  -----------   118: func
{shiny}      R  stderr  -----------   105: renderFunc
{shiny}      R  stderr  -----------   104: renderFunc
{shiny}      R  stderr  -----------   100: renderFunc
{shiny}      R  stderr  -----------    99: output$teal-teal_modules-outliers_module-module-summary_table
{shiny}      R  stderr  -----------    14: &lt;Anonymous&gt;
{shiny}      R  stderr  -----------    12: &lt;Anonymous&gt;
{shiny}      R  stderr  -----------    11: &lt;Anonymous&gt;
{shiny}      R  stderr  -----------    10: base::do.call
{shiny}      R  stderr  -----------     9: base::saveRDS
{shiny}      R  stderr  -----------     8: base::withCallingHandlers
{shiny}      R  stderr  -----------     7: doTryCatch
{shiny}      R  stderr  -----------     6: tryCatchOne
{shiny}      R  stderr  -----------     5: tryCatchList
{shiny}      R  stderr  -----------     2: tryCatchList
{shiny}      R  stderr  -----------     1: base::tryCatch
{shiny}      R  stderr  ----------- Warning: Error in &lt;Anonymous&gt;: error in evaluating the argument 'code' in selecting a method for function 'eval_code': object of type 'symbol' is not subsettable
{shiny}      R  stderr  -----------   251: &lt;Anonymous&gt;
{shiny}      R  stderr  -----------   250: identical
{shiny}      R  stderr  -----------   249: FUN
{shiny}      R  stderr  -----------   248: lapply
{shiny}      R  stderr  -----------   247: FUN
{shiny}      R  stderr  -----------   246: lapply
{shiny}      R  stderr  -----------   245: remove_pipe_null
{shiny}      R  stderr  -----------   244: %&gt;%
{shiny}      R  stderr  -----------   242: &lt;reactive&gt;
{shiny}      R  stderr  -----------   222: common_code_q
{shiny}      R  stderr  -----------   215: &lt;reactive&gt;
{shiny}      R  stderr  -----------   195: data
{shiny}      R  stderr  -----------   189: &lt;reactive&gt;
{shiny}      R  stderr  -----------   169: decorated_q[[req(current_tab_r())]]
{shiny}      R  stderr  -----------   168: &lt;reactive&gt;
{shiny}      R  stderr  -----------   148: data
{shiny}      R  stderr  -----------   142: &lt;reactive&gt;
{shiny}      R  stderr  -----------   122: decorated_final_q
{shiny}      R  stderr  -----------   121: exprFunc
{shiny}      R  stderr  -----------   120: widgetFunc
{shiny}      R  stderr  -----------   119: ::
{shiny}      R  stderr  ----------- htmlwidgets
{shiny}      R  stderr  ----------- shinyRenderWidget
{shiny}      R  stderr  -----------   118: func
{shiny}      R  stderr  -----------   105: renderFunc
{shiny}      R  stderr  -----------   104: renderFunc
{shiny}      R  stderr  -----------   100: renderFunc
{shiny}      R  stderr  -----------    99: output$teal-teal_modules-outliers_module-module-summary_table
{shiny}      R  stderr  -----------    14: &lt;Anonymous&gt;
{shiny}      R  stderr  -----------    12: &lt;Anonymous&gt;
{shiny}      R  stderr  -----------    11: &lt;Anonymous&gt;
{shiny}      R  stderr  -----------    10: base::do.call
{shiny}      R  stderr  -----------     9: base::saveRDS
{shiny}      R  stderr  -----------     8: base::withCallingHandlers
{shiny}      R  stderr  -----------     7: doTryCatch
{shiny}      R  stderr  -----------     6: tryCatchOne
{shiny}      R  stderr  -----------     5: tryCatchList
{shiny}      R  stderr  -----------     2: tryCatchList
{shiny}      R  stderr  -----------     1: base::tryCatch
{shiny}      R  stderr  ----------- Warning: Error in &lt;Anonymous&gt;: error in evaluating the argument 'code' in selecting a method for function 'eval_code': object of type 'symbol' is not subsettable
{shiny}      R  stderr  -----------   14: &lt;Anonymous&gt;
{shiny}      R  stderr  -----------   12: &lt;Anonymous&gt;
{shiny}      R  stderr  -----------   11: &lt;Anonymous&gt;
{shiny}      R  stderr  -----------   10: base::do.call
{shiny}      R  stderr  -----------    9: base::saveRDS
{shiny}      R  stderr  -----------    8: base::withCallingHandlers
{shiny}      R  stderr  -----------    7: doTryCatch
{shiny}      R  stderr  -----------    6: tryCatchOne
{shiny}      R  stderr  -----------    5: tryCatchList
{shiny}      R  stderr  -----------    2: tryCatchList
{shiny}      R  stderr  -----------    1: base::tryCatch
{shiny}      R  stderr  ----------- Warning: Error in &lt;Anonymous&gt;: error in evaluating the argument 'code' in selecting a method for function 'eval_code': object of type 'symbol' is not subsettable
{shiny}      R  stderr  -----------   124: &lt;Anonymous&gt;
{shiny}      R  stderr  -----------   123: stop
{shiny}      R  stderr  -----------   122: common_code_q
{shiny}      R  stderr  -----------   121: exprFunc
{shiny}      R  stderr  -----------   120: widgetFunc
{shiny}      R  stderr  -----------   119: ::
{shiny}      R  stderr  ----------- htmlwidgets
{shiny}      R  stderr  ----------- shinyRenderWidget
{shiny}      R  stderr  -----------   118: func
{shiny}      R  stderr  -----------   105: renderFunc
{shiny}      R  stderr  -----------   104: renderFunc
{shiny}      R  stderr  -----------   100: renderFunc
{shiny}      R  stderr  -----------    99: output$teal-teal_modules-outliers_module-module-table_ui
{shiny}      R  stderr  -----------    14: &lt;Anonymous&gt;
{shiny}      R  stderr  -----------    12: &lt;Anonymous&gt;
{shiny}      R  stderr  -----------    11: &lt;Anonymous&gt;
{shiny}      R  stderr  -----------    10: base::do.call
{shiny}      R  stderr  -----------     9: base::saveRDS
{shiny}      R  stderr  -----------     8: base::withCallingHandlers
{shiny}      R  stderr  -----------     7: doTryCatch
{shiny}      R  stderr  -----------     6: tryCatchOne
{shiny}      R  stderr  -----------     5: tryCatchList
{shiny}      R  stderr  -----------     2: tryCatchList
{shiny}      R  stderr  -----------     1: base::tryCatch
{shiny}      R  stderr  ----------- Warning: Error in &lt;Anonymous&gt;: error in evaluating the argument 'code' in selecting a method for function 'eval_code': object of type 'symbol' is not subsettable
{shiny}      R  stderr  -----------   117: &lt;Anonymous&gt;
{shiny}      R  stderr  -----------   116: stop
{shiny}      R  stderr  -----------   115: common_code_q
{shiny}      R  stderr  -----------   114: renderUI
{shiny}      R  stderr  -----------   113: func
{shiny}      R  stderr  -----------   100: renderFunc
{shiny}      R  stderr  -----------    99: output$teal-teal_modules-outliers_module-module-total_outliers
{shiny}      R  stderr  -----------    14: &lt;Anonymous&gt;
{shiny}      R  stderr  -----------    12: &lt;Anonymous&gt;
{shiny}      R  stderr  -----------    11: &lt;Anonymous&gt;
{shiny}      R  stderr  -----------    10: base::do.call
{shiny}      R  stderr  -----------     9: base::saveRDS
{shiny}      R  stderr  -----------     8: base::withCallingHandlers
{shiny}      R  stderr  -----------     7: doTryCatch
{shiny}      R  stderr  -----------     6: tryCatchOne
{shiny}      R  stderr  -----------     5: tryCatchList
{shiny}      R  stderr  -----------     2: tryCatchList
{shiny}      R  stderr  -----------     1: base::tryCatch


Caused by error in `app_initialize_()`:
! Shiny app did not become stable in 1e+05ms.
Message: An error occurred while waiting for Shiny to be stable
Caused by error in `app_wait_for_idle()`:
! An error occurred while waiting for Shiny to be stable
Backtrace:
     ▆
  1. ├─teal.modules.general (local) app_driver_tm_outlier() at test-shinytest2-tm_outliers.R:74:3
  2. │ └─teal.modules.general:::init_teal_app_driver(...) at test-shinytest2-tm_outliers.R:16:3
  3. │   ├─testthat::with_mocked_bindings(...) at tests/testthat/helper-TealAppDriver.R:7:3
  4. │   └─TealAppDriver$new(...) at tests/testthat/helper-TealAppDriver.R:10:7
  5. │     └─teal (local) initialize(...)
  6. │       ├─base::suppressWarnings(...)
  7. │       │ └─base::withCallingHandlers(...)
  8. │       └─super$initialize(...)
  9. │         └─shinytest2:::app_initialize(...)
 10. │           ├─base::withCallingHandlers(...)
 11. │           └─shinytest2:::app_initialize_(self, private, ..., view = view)
 12. │             ├─base::withCallingHandlers(...)
 13. │             └─self$wait_for_idle(duration = 200, timeout = private$load_timeout)
 14. │               └─shinytest2:::app_wait_for_idle(...)
 15. │                 └─shinytest2:::app_abort(self, private, "An error occurred while waiting for Shiny to be stable")
 16. │                   └─rlang::abort(..., app = self, call = call)
 17. │                     └─rlang:::signal_abort(cnd, .file)
 18. │                       └─base::signalCondition(cnd)
 19. ├─shinytest2 (local) `&lt;fn&gt;`(`&lt;rlng_rrr&gt;`)
 20. │ └─shinytest2:::app_abort(...)
 21. │   └─rlang::abort(..., app = self, call = call)
 22. │     └─rlang:::signal_abort(cnd, .file)
 23. │       └─base::signalCondition(cnd)
 24. └─shinytest2 (local) `&lt;fn&gt;`(`&lt;rlng_rrr&gt;`)
 25.   └─shinytest2:::app_abort(...)
 26.     └─rlang::abort(..., app = self, call = call)</error>
    </testcase>
    <testcase time="102.753" classname="shinytest2_tm_outliers" name="e2e_tm_outliers_Plot_type_is_correctly_set_by_default_and_has_appropriate_possible_options.">
      <error type="error" message="Error in `app_initialize(self, private, app_dir = app_dir, ..., load_timeout = load_timeout,  ('test-shinytest2-tm_outliers.R:110:3')">Error in `app_initialize(self, private, app_dir = app_dir, ..., load_timeout = load_timeout, 
    timeout = timeout, wait = wait, expect_values_screenshot_args = expect_values_screenshot_args, 
    screenshot_args = screenshot_args, check_names = check_names, 
    name = name, variant = variant, view = view, height = height, 
    width = width, seed = seed, clean_logs = clean_logs, shiny_args = shiny_args, 
    render_args = render_args, options = options)`: Shiny app did not become stable in 1e+05ms.
Message: An error occurred while waiting for Shiny to be stable
Caused by error in `app_wait_for_idle()`:
! An error occurred while waiting for Shiny to be stable


ℹ You can inspect the failed AppDriver object via `rlang::last_error()$app`
ℹ AppDriver logs:
{shinytest2} R  info    15:35:52.11 Start AppDriver initialization
{shinytest2} R  info    15:35:52.16 Starting Shiny app
{shinytest2} R  info    15:35:53.18 Creating new ChromoteSession
{shinytest2} R  info    15:35:53.22 Navigating to Shiny app
{shinytest2} R  info    15:35:53.90 Injecting shiny-tracer.js
{chromote}   JS info    15:35:53.91 shinytest2; jQuery not found
{chromote}   JS info    15:35:53.91 shinytest2; Loaded
{shinytest2} R  info    15:35:53.92 Waiting for Shiny to become ready
{chromote}   JS info    15:35:53.96 shinytest2; jQuery found
{chromote}   JS info    15:35:53.96 shinytest2; Waiting for shiny session to connect
{chromote}   JS info    15:35:54.31 shinytest2; Connected
{chromote}   JS info    15:35:54.34 shinytest2; shiny:busy
{shinytest2} R  info    15:35:54.36 Waiting for Shiny to become idle for 200ms within 1e+05ms
{chromote}   JS info    15:35:54.37 shinytest2; Waiting for Shiny to be stable
{chromote}   JS warning 15:35:55.33 Couldn't perform validation update on input with id 'teal-teal_modules-outliers_module-module-categorical_var-dataset_CO2_singleextract-select': input not found
                                    (anonymous) @ shinyvalidate-0.1.3/shinyvalidate.js:3443:18
                                    (anonymous) @ shiny-javascript-1.10.0/shiny.min.js:1:407159
                                    m           @ shiny-javascript-1.10.0/shiny.min.js:1:388827
                                    (anonymous) @ shiny-javascript-1.10.0/shiny.min.js:1:390150
                                    (anonymous) @ shiny-javascript-1.10.0/shiny.min.js:1:389186
                                    nT          @ shiny-javascript-1.10.0/shiny.min.js:1:394797
                                    s           @ shiny-javascript-1.10.0/shiny.min.js:1:394995
                                    (anonymous) @ shiny-javascript-1.10.0/shiny.min.js:1:395056
                                    (anonymous) @ shiny-javascript-1.10.0/shiny.min.js:1:394936
                                    t           @ shiny-javascript-1.10.0/shiny.min.js:1:407274
                                    (anonymous) @ shiny-javascript-1.10.0/shiny.min.js:1:410753
                                    m           @ shiny-javascript-1.10.0/shiny.min.js:1:388827
                                    (anonymous) @ shiny-javascript-1.10.0/shiny.min.js:1:390150
                                    (anonymous) @ shiny-javascript-1.10.0/shiny.min.js:1:389186
                                    nT          @ shiny-javascript-1.10.0/shiny.min.js:1:394797
                                    s           @ shiny-javascript-1.10.0/shiny.min.js:1:394995
                                    (anonymous) @ shiny-javascript-1.10.0/shiny.min.js:1:395056
                                    (anonymous) @ shiny-javascript-1.10.0/shiny.min.js:1:394936
                                    (anonymous) @ shiny-javascript-1.10.0/shiny.min.js:1:410855
                                    (anonymous) @ shiny-javascript-1.10.0/shiny.min.js:1:407159
                                    m           @ shiny-javascript-1.10.0/shiny.min.js:1:388827
                                    (anonymous) @ shiny-javascript-1.10.0/shiny.min.js:1:390150
                                    (anonymous) @ shiny-javascript-1.10.0/shiny.min.js:1:389186
                                    nT          @ shiny-javascript-1.10.0/shiny.min.js:1:394797
                                    s           @ shiny-javascript-1.10.0/shiny.min.js:1:394995
                                    (anonymous) @ shiny-javascript-1.10.0/shiny.min.js:1:395056
                                    (anonymous) @ shiny-javascript-1.10.0/shiny.min.js:1:394936
                                    t           @ shiny-javascript-1.10.0/shiny.min.js:1:407274
                                    (anonymous) @ shiny-javascript-1.10.0/shiny.min.js:1:406722
                                    m           @ shiny-javascript-1.10.0/shiny.min.js:1:388827
                                    (anonymous) @ shiny-javascript-1.10.0/shiny.min.js:1:390150
                                    (anonymous) @ shiny-javascript-1.10.0/shiny.min.js:1:389186
                                    nT          @ shiny-javascript-1.10.0/shiny.min.js:1:394797
                                    s           @ shiny-javascript-1.10.0/shiny.min.js:1:394995
                                    (anonymous) @ shiny-javascript-1.10.0/shiny.min.js:1:395056
                                    (anonymous) @ shiny-javascript-1.10.0/shiny.min.js:1:394936
                                    t           @ shiny-javascript-1.10.0/shiny.min.js:1:406868
                                    (anonymous) @ shiny-javascript-1.10.0/shiny.min.js:1:400961
                                    m           @ shiny-javascript-1.10.0/shiny.min.js:1:388827
                                    (anonymous) @ shiny-javascript-1.10.0/shiny.min.js:1:390150
                                    (anonymous) @ shiny-javascript-1.10.0/shiny.min.js:1:389186
                                    nT          @ shiny-javascript-1.10.0/shiny.min.js:1:394797
                                    s           @ shiny-javascript-1.10.0/shiny.min.js:1:394995
                                    (anonymous) @ shiny-javascript-1.10.0/shiny.min.js:1:395056
                                    (anonymous) @ shiny-javascript-1.10.0/shiny.min.js:1:394936
                                    (anonymous) @ shiny-javascript-1.10.0/shiny.min.js:1:401480
                                    m           @ shiny-javascript-1.10.0/shiny.min.js:1:388827
                                    (anonymous) @ shiny-javascript-1.10.0/shiny.min.js:1:390150
                                    (anonymous) @ shiny-javascript-1.10.0/shiny.min.js:1:389186
                                    nT          @ shiny-javascript-1.10.0/shiny.min.js:1:394797
                                    s           @ shiny-javascript-1.10.0/shiny.min.js:1:394995
{shinytest2} R  info    15:37:34.38 Error while initializing AppDriver:
                                    Shiny app did not become stable in 1e+05ms.
                                    Message: An error occurred while waiting for Shiny to be stable
                                    Caused by error in `app_wait_for_idle()`:
                                    ! An error occurred while waiting for Shiny to be stable
{shiny}      R  stderr  ----------- Loading required package: shiny
{shiny}      R  stderr  ----------- Attempting to load the environment ‘package:sparkline’
{shiny}      R  stderr  ----------- Loading required package: ggmosaic
{shiny}      R  stderr  ----------- Loading required package: ggplot2
{shiny}      R  stderr  ----------- Loading required package: teal
{shiny}      R  stderr  ----------- Loading required package: teal.data
{shiny}      R  stderr  ----------- Loading required package: teal.code
{shiny}      R  stderr  ----------- Loading required package: teal.slice
{shiny}      R  stderr  ----------- 
{shiny}      R  stderr  ----------- You are using teal version 0.16.0
{shiny}      R  stderr  ----------- 
{shiny}      R  stderr  ----------- Attaching package: ‘teal’
{shiny}      R  stderr  ----------- 
{shiny}      R  stderr  ----------- The following objects are masked from ‘package:teal.slice’:
{shiny}      R  stderr  ----------- 
{shiny}      R  stderr  -----------     as.teal_slices, teal_slices
{shiny}      R  stderr  ----------- 
{shiny}      R  stderr  ----------- Loading required package: teal.transform
{shiny}      R  stderr  ----------- Running application in test mode.
{shiny}      R  stderr  ----------- 
{shiny}      R  stderr  ----------- Listening on http://127.0.0.1:5763
{shiny}      R  stderr  ----------- Initializing reporter_previewer_module
{shiny}      R  stderr  ----------- Initializing reporter_previewer_module
{shiny}      R  stderr  ----------- Warning: Error in &lt;Anonymous&gt;: error in evaluating the argument 'code' in selecting a method for function 'eval_code': object of type 'symbol' is not subsettable
{shiny}      R  stderr  -----------   251: &lt;Anonymous&gt;
{shiny}      R  stderr  -----------   250: identical
{shiny}      R  stderr  -----------   249: FUN
{shiny}      R  stderr  -----------   248: lapply
{shiny}      R  stderr  -----------   247: FUN
{shiny}      R  stderr  -----------   246: lapply
{shiny}      R  stderr  -----------   245: remove_pipe_null
{shiny}      R  stderr  -----------   244: %&gt;%
{shiny}      R  stderr  -----------   242: &lt;reactive&gt;
{shiny}      R  stderr  -----------   222: common_code_q
{shiny}      R  stderr  -----------   215: &lt;reactive&gt;
{shiny}      R  stderr  -----------   195: data
{shiny}      R  stderr  -----------   189: &lt;reactive&gt;
{shiny}      R  stderr  -----------   169: decorated_q[[req(current_tab_r())]]
{shiny}      R  stderr  -----------   168: &lt;reactive&gt;
{shiny}      R  stderr  -----------   148: data
{shiny}      R  stderr  -----------   142: &lt;reactive&gt;
{shiny}      R  stderr  -----------   122: decorated_final_q
{shiny}      R  stderr  -----------   121: exprFunc
{shiny}      R  stderr  -----------   120: widgetFunc
{shiny}      R  stderr  -----------   119: ::
{shiny}      R  stderr  ----------- htmlwidgets
{shiny}      R  stderr  ----------- shinyRenderWidget
{shiny}      R  stderr  -----------   118: func
{shiny}      R  stderr  -----------   105: renderFunc
{shiny}      R  stderr  -----------   104: renderFunc
{shiny}      R  stderr  -----------   100: renderFunc
{shiny}      R  stderr  -----------    99: output$teal-teal_modules-outliers_module-module-summary_table
{shiny}      R  stderr  -----------    14: &lt;Anonymous&gt;
{shiny}      R  stderr  -----------    12: &lt;Anonymous&gt;
{shiny}      R  stderr  -----------    11: &lt;Anonymous&gt;
{shiny}      R  stderr  -----------    10: base::do.call
{shiny}      R  stderr  -----------     9: base::saveRDS
{shiny}      R  stderr  -----------     8: base::withCallingHandlers
{shiny}      R  stderr  -----------     7: doTryCatch
{shiny}      R  stderr  -----------     6: tryCatchOne
{shiny}      R  stderr  -----------     5: tryCatchList
{shiny}      R  stderr  -----------     2: tryCatchList
{shiny}      R  stderr  -----------     1: base::tryCatch
{shiny}      R  stderr  ----------- Warning: Error in &lt;Anonymous&gt;: error in evaluating the argument 'code' in selecting a method for function 'eval_code': object of type 'symbol' is not subsettable
{shiny}      R  stderr  -----------   251: &lt;Anonymous&gt;
{shiny}      R  stderr  -----------   250: identical
{shiny}      R  stderr  -----------   249: FUN
{shiny}      R  stderr  -----------   248: lapply
{shiny}      R  stderr  -----------   247: FUN
{shiny}      R  stderr  -----------   246: lapply
{shiny}      R  stderr  -----------   245: remove_pipe_null
{shiny}      R  stderr  -----------   244: %&gt;%
{shiny}      R  stderr  -----------   242: &lt;reactive&gt;
{shiny}      R  stderr  -----------   222: common_code_q
{shiny}      R  stderr  -----------   215: &lt;reactive&gt;
{shiny}      R  stderr  -----------   195: data
{shiny}      R  stderr  -----------   189: &lt;reactive&gt;
{shiny}      R  stderr  -----------   169: decorated_q[[req(current_tab_r())]]
{shiny}      R  stderr  -----------   168: &lt;reactive&gt;
{shiny}      R  stderr  -----------   148: data
{shiny}      R  stderr  -----------   142: &lt;reactive&gt;
{shiny}      R  stderr  -----------   122: decorated_final_q
{shiny}      R  stderr  -----------   121: exprFunc
{shiny}      R  stderr  -----------   120: widgetFunc
{shiny}      R  stderr  -----------   119: ::
{shiny}      R  stderr  ----------- htmlwidgets
{shiny}      R  stderr  ----------- shinyRenderWidget
{shiny}      R  stderr  -----------   118: func
{shiny}      R  stderr  -----------   105: renderFunc
{shiny}      R  stderr  -----------   104: renderFunc
{shiny}      R  stderr  -----------   100: renderFunc
{shiny}      R  stderr  -----------    99: output$teal-teal_modules-outliers_module-module-summary_table
{shiny}      R  stderr  -----------    14: &lt;Anonymous&gt;
{shiny}      R  stderr  -----------    12: &lt;Anonymous&gt;
{shiny}      R  stderr  -----------    11: &lt;Anonymous&gt;
{shiny}      R  stderr  -----------    10: base::do.call
{shiny}      R  stderr  -----------     9: base::saveRDS
{shiny}      R  stderr  -----------     8: base::withCallingHandlers
{shiny}      R  stderr  -----------     7: doTryCatch
{shiny}      R  stderr  -----------     6: tryCatchOne
{shiny}      R  stderr  -----------     5: tryCatchList
{shiny}      R  stderr  -----------     2: tryCatchList
{shiny}      R  stderr  -----------     1: base::tryCatch
{shiny}      R  stderr  ----------- Warning: Error in &lt;Anonymous&gt;: error in evaluating the argument 'code' in selecting a method for function 'eval_code': object of type 'symbol' is not subsettable
{shiny}      R  stderr  -----------   14: &lt;Anonymous&gt;
{shiny}      R  stderr  -----------   12: &lt;Anonymous&gt;
{shiny}      R  stderr  -----------   11: &lt;Anonymous&gt;
{shiny}      R  stderr  -----------   10: base::do.call
{shiny}      R  stderr  -----------    9: base::saveRDS
{shiny}      R  stderr  -----------    8: base::withCallingHandlers
{shiny}      R  stderr  -----------    7: doTryCatch
{shiny}      R  stderr  -----------    6: tryCatchOne
{shiny}      R  stderr  -----------    5: tryCatchList
{shiny}      R  stderr  -----------    2: tryCatchList
{shiny}      R  stderr  -----------    1: base::tryCatch
{shiny}      R  stderr  ----------- Warning: Error in &lt;Anonymous&gt;: error in evaluating the argument 'code' in selecting a method for function 'eval_code': object of type 'symbol' is not subsettable
{shiny}      R  stderr  -----------   124: &lt;Anonymous&gt;
{shiny}      R  stderr  -----------   123: stop
{shiny}      R  stderr  -----------   122: common_code_q
{shiny}      R  stderr  -----------   121: exprFunc
{shiny}      R  stderr  -----------   120: widgetFunc
{shiny}      R  stderr  -----------   119: ::
{shiny}      R  stderr  ----------- htmlwidgets
{shiny}      R  stderr  ----------- shinyRenderWidget
{shiny}      R  stderr  -----------   118: func
{shiny}      R  stderr  -----------   105: renderFunc
{shiny}      R  stderr  -----------   104: renderFunc
{shiny}      R  stderr  -----------   100: renderFunc
{shiny}      R  stderr  -----------    99: output$teal-teal_modules-outliers_module-module-table_ui
{shiny}      R  stderr  -----------    14: &lt;Anonymous&gt;
{shiny}      R  stderr  -----------    12: &lt;Anonymous&gt;
{shiny}      R  stderr  -----------    11: &lt;Anonymous&gt;
{shiny}      R  stderr  -----------    10: base::do.call
{shiny}      R  stderr  -----------     9: base::saveRDS
{shiny}      R  stderr  -----------     8: base::withCallingHandlers
{shiny}      R  stderr  -----------     7: doTryCatch
{shiny}      R  stderr  -----------     6: tryCatchOne
{shiny}      R  stderr  -----------     5: tryCatchList
{shiny}      R  stderr  -----------     2: tryCatchList
{shiny}      R  stderr  -----------     1: base::tryCatch
{shiny}      R  stderr  ----------- Warning: Error in &lt;Anonymous&gt;: error in evaluating the argument 'code' in selecting a method for function 'eval_code': object of type 'symbol' is not subsettable
{shiny}      R  stderr  -----------   117: &lt;Anonymous&gt;
{shiny}      R  stderr  -----------   116: stop
{shiny}      R  stderr  -----------   115: common_code_q
{shiny}      R  stderr  -----------   114: renderUI
{shiny}      R  stderr  -----------   113: func
{shiny}      R  stderr  -----------   100: renderFunc
{shiny}      R  stderr  -----------    99: output$teal-teal_modules-outliers_module-module-total_outliers
{shiny}      R  stderr  -----------    14: &lt;Anonymous&gt;
{shiny}      R  stderr  -----------    12: &lt;Anonymous&gt;
{shiny}      R  stderr  -----------    11: &lt;Anonymous&gt;
{shiny}      R  stderr  -----------    10: base::do.call
{shiny}      R  stderr  -----------     9: base::saveRDS
{shiny}      R  stderr  -----------     8: base::withCallingHandlers
{shiny}      R  stderr  -----------     7: doTryCatch
{shiny}      R  stderr  -----------     6: tryCatchOne
{shiny}      R  stderr  -----------     5: tryCatchList
{shiny}      R  stderr  -----------     2: tryCatchList
{shiny}      R  stderr  -----------     1: base::tryCatch


Caused by error in `app_initialize_()`:
! Shiny app did not become stable in 1e+05ms.
Message: An error occurred while waiting for Shiny to be stable
Caused by error in `app_wait_for_idle()`:
! An error occurred while waiting for Shiny to be stable
Backtrace:
     ▆
  1. ├─teal.modules.general (local) app_driver_tm_outlier() at test-shinytest2-tm_outliers.R:110:3
  2. │ └─teal.modules.general:::init_teal_app_driver(...) at test-shinytest2-tm_outliers.R:16:3
  3. │   ├─testthat::with_mocked_bindings(...) at tests/testthat/helper-TealAppDriver.R:7:3
  4. │   └─TealAppDriver$new(...) at tests/testthat/helper-TealAppDriver.R:10:7
  5. │     └─teal (local) initialize(...)
  6. │       ├─base::suppressWarnings(...)
  7. │       │ └─base::withCallingHandlers(...)
  8. │       └─super$initialize(...)
  9. │         └─shinytest2:::app_initialize(...)
 10. │           ├─base::withCallingHandlers(...)
 11. │           └─shinytest2:::app_initialize_(self, private, ..., view = view)
 12. │             ├─base::withCallingHandlers(...)
 13. │             └─self$wait_for_idle(duration = 200, timeout = private$load_timeout)
 14. │               └─shinytest2:::app_wait_for_idle(...)
 15. │                 └─shinytest2:::app_abort(self, private, "An error occurred while waiting for Shiny to be stable")
 16. │                   └─rlang::abort(..., app = self, call = call)
 17. │                     └─rlang:::signal_abort(cnd, .file)
 18. │                       └─base::signalCondition(cnd)
 19. ├─shinytest2 (local) `&lt;fn&gt;`(`&lt;rlng_rrr&gt;`)
 20. │ └─shinytest2:::app_abort(...)
 21. │   └─rlang::abort(..., app = self, call = call)
 22. │     └─rlang:::signal_abort(cnd, .file)
 23. │       └─base::signalCondition(cnd)
 24. └─shinytest2 (local) `&lt;fn&gt;`(`&lt;rlng_rrr&gt;`)
 25.   └─shinytest2:::app_abort(...)
 26.     └─rlang::abort(..., app = self, call = call)</error>
    </testcase>
    <testcase time="102.665" classname="shinytest2_tm_outliers" name="e2e_tm_outliers_Module_is_divided_into_3_tabs.">
      <error type="error" message="Error in `app_initialize(self, private, app_dir = app_dir, ..., load_timeout = load_timeout,  ('test-shinytest2-tm_outliers.R:127:3')">Error in `app_initialize(self, private, app_dir = app_dir, ..., load_timeout = load_timeout, 
    timeout = timeout, wait = wait, expect_values_screenshot_args = expect_values_screenshot_args, 
    screenshot_args = screenshot_args, check_names = check_names, 
    name = name, variant = variant, view = view, height = height, 
    width = width, seed = seed, clean_logs = clean_logs, shiny_args = shiny_args, 
    render_args = render_args, options = options)`: Shiny app did not become stable in 1e+05ms.
Message: An error occurred while waiting for Shiny to be stable
Caused by error in `app_wait_for_idle()`:
! An error occurred while waiting for Shiny to be stable


ℹ You can inspect the failed AppDriver object via `rlang::last_error()$app`
ℹ AppDriver logs:
{shinytest2} R  info    15:37:34.85 Start AppDriver initialization
{shinytest2} R  info    15:37:34.90 Starting Shiny app
{shinytest2} R  info    15:37:35.92 Creating new ChromoteSession
{shinytest2} R  info    15:37:35.95 Navigating to Shiny app
{shinytest2} R  info    15:37:36.56 Injecting shiny-tracer.js
{chromote}   JS info    15:37:36.57 shinytest2; jQuery not found
{chromote}   JS info    15:37:36.58 shinytest2; Loaded
{shinytest2} R  info    15:37:36.58 Waiting for Shiny to become ready
{chromote}   JS info    15:37:36.63 shinytest2; jQuery found
{chromote}   JS info    15:37:36.63 shinytest2; Waiting for shiny session to connect
{chromote}   JS info    15:37:36.93 shinytest2; Connected
{chromote}   JS info    15:37:37.02 shinytest2; shiny:busy
{shinytest2} R  info    15:37:37.02 Waiting for Shiny to become idle for 200ms within 1e+05ms
{chromote}   JS info    15:37:37.03 shinytest2; Waiting for Shiny to be stable
{chromote}   JS warning 15:37:38.06 Couldn't perform validation update on input with id 'teal-teal_modules-outliers_module-module-categorical_var-dataset_CO2_singleextract-select': input not found
                                    (anonymous) @ shinyvalidate-0.1.3/shinyvalidate.js:3443:18
                                    (anonymous) @ shiny-javascript-1.10.0/shiny.min.js:1:407159
                                    m           @ shiny-javascript-1.10.0/shiny.min.js:1:388827
                                    (anonymous) @ shiny-javascript-1.10.0/shiny.min.js:1:390150
                                    (anonymous) @ shiny-javascript-1.10.0/shiny.min.js:1:389186
                                    nT          @ shiny-javascript-1.10.0/shiny.min.js:1:394797
                                    s           @ shiny-javascript-1.10.0/shiny.min.js:1:394995
                                    (anonymous) @ shiny-javascript-1.10.0/shiny.min.js:1:395056
                                    (anonymous) @ shiny-javascript-1.10.0/shiny.min.js:1:394936
                                    t           @ shiny-javascript-1.10.0/shiny.min.js:1:407274
                                    (anonymous) @ shiny-javascript-1.10.0/shiny.min.js:1:410753
                                    m           @ shiny-javascript-1.10.0/shiny.min.js:1:388827
                                    (anonymous) @ shiny-javascript-1.10.0/shiny.min.js:1:390150
                                    (anonymous) @ shiny-javascript-1.10.0/shiny.min.js:1:389186
                                    nT          @ shiny-javascript-1.10.0/shiny.min.js:1:394797
                                    s           @ shiny-javascript-1.10.0/shiny.min.js:1:394995
                                    (anonymous) @ shiny-javascript-1.10.0/shiny.min.js:1:395056
                                    (anonymous) @ shiny-javascript-1.10.0/shiny.min.js:1:394936
                                    (anonymous) @ shiny-javascript-1.10.0/shiny.min.js:1:410855
                                    (anonymous) @ shiny-javascript-1.10.0/shiny.min.js:1:407159
                                    m           @ shiny-javascript-1.10.0/shiny.min.js:1:388827
                                    (anonymous) @ shiny-javascript-1.10.0/shiny.min.js:1:390150
                                    (anonymous) @ shiny-javascript-1.10.0/shiny.min.js:1:389186
                                    nT          @ shiny-javascript-1.10.0/shiny.min.js:1:394797
                                    s           @ shiny-javascript-1.10.0/shiny.min.js:1:394995
                                    (anonymous) @ shiny-javascript-1.10.0/shiny.min.js:1:395056
                                    (anonymous) @ shiny-javascript-1.10.0/shiny.min.js:1:394936
                                    t           @ shiny-javascript-1.10.0/shiny.min.js:1:407274
                                    (anonymous) @ shiny-javascript-1.10.0/shiny.min.js:1:406722
                                    m           @ shiny-javascript-1.10.0/shiny.min.js:1:388827
                                    (anonymous) @ shiny-javascript-1.10.0/shiny.min.js:1:390150
                                    (anonymous) @ shiny-javascript-1.10.0/shiny.min.js:1:389186
                                    nT          @ shiny-javascript-1.10.0/shiny.min.js:1:394797
                                    s           @ shiny-javascript-1.10.0/shiny.min.js:1:394995
                                    (anonymous) @ shiny-javascript-1.10.0/shiny.min.js:1:395056
                                    (anonymous) @ shiny-javascript-1.10.0/shiny.min.js:1:394936
                                    t           @ shiny-javascript-1.10.0/shiny.min.js:1:406868
                                    (anonymous) @ shiny-javascript-1.10.0/shiny.min.js:1:400961
                                    m           @ shiny-javascript-1.10.0/shiny.min.js:1:388827
                                    (anonymous) @ shiny-javascript-1.10.0/shiny.min.js:1:390150
                                    (anonymous) @ shiny-javascript-1.10.0/shiny.min.js:1:389186
                                    nT          @ shiny-javascript-1.10.0/shiny.min.js:1:394797
                                    s           @ shiny-javascript-1.10.0/shiny.min.js:1:394995
                                    (anonymous) @ shiny-javascript-1.10.0/shiny.min.js:1:395056
                                    (anonymous) @ shiny-javascript-1.10.0/shiny.min.js:1:394936
                                    (anonymous) @ shiny-javascript-1.10.0/shiny.min.js:1:401480
                                    m           @ shiny-javascript-1.10.0/shiny.min.js:1:388827
                                    (anonymous) @ shiny-javascript-1.10.0/shiny.min.js:1:390150
                                    (anonymous) @ shiny-javascript-1.10.0/shiny.min.js:1:389186
                                    nT          @ shiny-javascript-1.10.0/shiny.min.js:1:394797
                                    s           @ shiny-javascript-1.10.0/shiny.min.js:1:394995
{shinytest2} R  info    15:39:17.04 Error while initializing AppDriver:
                                    Shiny app did not become stable in 1e+05ms.
                                    Message: An error occurred while waiting for Shiny to be stable
                                    Caused by error in `app_wait_for_idle()`:
                                    ! An error occurred while waiting for Shiny to be stable
{shiny}      R  stderr  ----------- Loading required package: shiny
{shiny}      R  stderr  ----------- Attempting to load the environment ‘package:sparkline’
{shiny}      R  stderr  ----------- Loading required package: ggmosaic
{shiny}      R  stderr  ----------- Loading required package: ggplot2
{shiny}      R  stderr  ----------- Loading required package: teal
{shiny}      R  stderr  ----------- Loading required package: teal.data
{shiny}      R  stderr  ----------- Loading required package: teal.code
{shiny}      R  stderr  ----------- Loading required package: teal.slice
{shiny}      R  stderr  ----------- 
{shiny}      R  stderr  ----------- You are using teal version 0.16.0
{shiny}      R  stderr  ----------- 
{shiny}      R  stderr  ----------- Attaching package: ‘teal’
{shiny}      R  stderr  ----------- 
{shiny}      R  stderr  ----------- The following objects are masked from ‘package:teal.slice’:
{shiny}      R  stderr  ----------- 
{shiny}      R  stderr  -----------     as.teal_slices, teal_slices
{shiny}      R  stderr  ----------- 
{shiny}      R  stderr  ----------- Loading required package: teal.transform
{shiny}      R  stderr  ----------- Running application in test mode.
{shiny}      R  stderr  ----------- 
{shiny}      R  stderr  ----------- Listening on http://127.0.0.1:4153
{shiny}      R  stderr  ----------- Initializing reporter_previewer_module
{shiny}      R  stderr  ----------- Initializing reporter_previewer_module
{shiny}      R  stderr  ----------- Warning: Error in &lt;Anonymous&gt;: error in evaluating the argument 'code' in selecting a method for function 'eval_code': object of type 'symbol' is not subsettable
{shiny}      R  stderr  -----------   251: &lt;Anonymous&gt;
{shiny}      R  stderr  -----------   250: identical
{shiny}      R  stderr  -----------   249: FUN
{shiny}      R  stderr  -----------   248: lapply
{shiny}      R  stderr  -----------   247: FUN
{shiny}      R  stderr  -----------   246: lapply
{shiny}      R  stderr  -----------   245: remove_pipe_null
{shiny}      R  stderr  -----------   244: %&gt;%
{shiny}      R  stderr  -----------   242: &lt;reactive&gt;
{shiny}      R  stderr  -----------   222: common_code_q
{shiny}      R  stderr  -----------   215: &lt;reactive&gt;
{shiny}      R  stderr  -----------   195: data
{shiny}      R  stderr  -----------   189: &lt;reactive&gt;
{shiny}      R  stderr  -----------   169: decorated_q[[req(current_tab_r())]]
{shiny}      R  stderr  -----------   168: &lt;reactive&gt;
{shiny}      R  stderr  -----------   148: data
{shiny}      R  stderr  -----------   142: &lt;reactive&gt;
{shiny}      R  stderr  -----------   122: decorated_final_q
{shiny}      R  stderr  -----------   121: exprFunc
{shiny}      R  stderr  -----------   120: widgetFunc
{shiny}      R  stderr  -----------   119: ::
{shiny}      R  stderr  ----------- htmlwidgets
{shiny}      R  stderr  ----------- shinyRenderWidget
{shiny}      R  stderr  -----------   118: func
{shiny}      R  stderr  -----------   105: renderFunc
{shiny}      R  stderr  -----------   104: renderFunc
{shiny}      R  stderr  -----------   100: renderFunc
{shiny}      R  stderr  -----------    99: output$teal-teal_modules-outliers_module-module-summary_table
{shiny}      R  stderr  -----------    14: &lt;Anonymous&gt;
{shiny}      R  stderr  -----------    12: &lt;Anonymous&gt;
{shiny}      R  stderr  -----------    11: &lt;Anonymous&gt;
{shiny}      R  stderr  -----------    10: base::do.call
{shiny}      R  stderr  -----------     9: base::saveRDS
{shiny}      R  stderr  -----------     8: base::withCallingHandlers
{shiny}      R  stderr  -----------     7: doTryCatch
{shiny}      R  stderr  -----------     6: tryCatchOne
{shiny}      R  stderr  -----------     5: tryCatchList
{shiny}      R  stderr  -----------     2: tryCatchList
{shiny}      R  stderr  -----------     1: base::tryCatch
{shiny}      R  stderr  ----------- Warning: Error in &lt;Anonymous&gt;: error in evaluating the argument 'code' in selecting a method for function 'eval_code': object of type 'symbol' is not subsettable
{shiny}      R  stderr  -----------   251: &lt;Anonymous&gt;
{shiny}      R  stderr  -----------   250: identical
{shiny}      R  stderr  -----------   249: FUN
{shiny}      R  stderr  -----------   248: lapply
{shiny}      R  stderr  -----------   247: FUN
{shiny}      R  stderr  -----------   246: lapply
{shiny}      R  stderr  -----------   245: remove_pipe_null
{shiny}      R  stderr  -----------   244: %&gt;%
{shiny}      R  stderr  -----------   242: &lt;reactive&gt;
{shiny}      R  stderr  -----------   222: common_code_q
{shiny}      R  stderr  -----------   215: &lt;reactive&gt;
{shiny}      R  stderr  -----------   195: data
{shiny}      R  stderr  -----------   189: &lt;reactive&gt;
{shiny}      R  stderr  -----------   169: decorated_q[[req(current_tab_r())]]
{shiny}      R  stderr  -----------   168: &lt;reactive&gt;
{shiny}      R  stderr  -----------   148: data
{shiny}      R  stderr  -----------   142: &lt;reactive&gt;
{shiny}      R  stderr  -----------   122: decorated_final_q
{shiny}      R  stderr  -----------   121: exprFunc
{shiny}      R  stderr  -----------   120: widgetFunc
{shiny}      R  stderr  -----------   119: ::
{shiny}      R  stderr  ----------- htmlwidgets
{shiny}      R  stderr  ----------- shinyRenderWidget
{shiny}      R  stderr  -----------   118: func
{shiny}      R  stderr  -----------   105: renderFunc
{shiny}      R  stderr  -----------   104: renderFunc
{shiny}      R  stderr  -----------   100: renderFunc
{shiny}      R  stderr  -----------    99: output$teal-teal_modules-outliers_module-module-summary_table
{shiny}      R  stderr  -----------    14: &lt;Anonymous&gt;
{shiny}      R  stderr  -----------    12: &lt;Anonymous&gt;
{shiny}      R  stderr  -----------    11: &lt;Anonymous&gt;
{shiny}      R  stderr  -----------    10: base::do.call
{shiny}      R  stderr  -----------     9: base::saveRDS
{shiny}      R  stderr  -----------     8: base::withCallingHandlers
{shiny}      R  stderr  -----------     7: doTryCatch
{shiny}      R  stderr  -----------     6: tryCatchOne
{shiny}      R  stderr  -----------     5: tryCatchList
{shiny}      R  stderr  -----------     2: tryCatchList
{shiny}      R  stderr  -----------     1: base::tryCatch
{shiny}      R  stderr  ----------- Warning: Error in &lt;Anonymous&gt;: error in evaluating the argument 'code' in selecting a method for function 'eval_code': object of type 'symbol' is not subsettable
{shiny}      R  stderr  -----------   14: &lt;Anonymous&gt;
{shiny}      R  stderr  -----------   12: &lt;Anonymous&gt;
{shiny}      R  stderr  -----------   11: &lt;Anonymous&gt;
{shiny}      R  stderr  -----------   10: base::do.call
{shiny}      R  stderr  -----------    9: base::saveRDS
{shiny}      R  stderr  -----------    8: base::withCallingHandlers
{shiny}      R  stderr  -----------    7: doTryCatch
{shiny}      R  stderr  -----------    6: tryCatchOne
{shiny}      R  stderr  -----------    5: tryCatchList
{shiny}      R  stderr  -----------    2: tryCatchList
{shiny}      R  stderr  -----------    1: base::tryCatch
{shiny}      R  stderr  ----------- Warning: Error in &lt;Anonymous&gt;: error in evaluating the argument 'code' in selecting a method for function 'eval_code': object of type 'symbol' is not subsettable
{shiny}      R  stderr  -----------   124: &lt;Anonymous&gt;
{shiny}      R  stderr  -----------   123: stop
{shiny}      R  stderr  -----------   122: common_code_q
{shiny}      R  stderr  -----------   121: exprFunc
{shiny}      R  stderr  -----------   120: widgetFunc
{shiny}      R  stderr  -----------   119: ::
{shiny}      R  stderr  ----------- htmlwidgets
{shiny}      R  stderr  ----------- shinyRenderWidget
{shiny}      R  stderr  -----------   118: func
{shiny}      R  stderr  -----------   105: renderFunc
{shiny}      R  stderr  -----------   104: renderFunc
{shiny}      R  stderr  -----------   100: renderFunc
{shiny}      R  stderr  -----------    99: output$teal-teal_modules-outliers_module-module-table_ui
{shiny}      R  stderr  -----------    14: &lt;Anonymous&gt;
{shiny}      R  stderr  -----------    12: &lt;Anonymous&gt;
{shiny}      R  stderr  -----------    11: &lt;Anonymous&gt;
{shiny}      R  stderr  -----------    10: base::do.call
{shiny}      R  stderr  -----------     9: base::saveRDS
{shiny}      R  stderr  -----------     8: base::withCallingHandlers
{shiny}      R  stderr  -----------     7: doTryCatch
{shiny}      R  stderr  -----------     6: tryCatchOne
{shiny}      R  stderr  -----------     5: tryCatchList
{shiny}      R  stderr  -----------     2: tryCatchList
{shiny}      R  stderr  -----------     1: base::tryCatch
{shiny}      R  stderr  ----------- Warning: Error in &lt;Anonymous&gt;: error in evaluating the argument 'code' in selecting a method for function 'eval_code': object of type 'symbol' is not subsettable
{shiny}      R  stderr  -----------   117: &lt;Anonymous&gt;
{shiny}      R  stderr  -----------   116: stop
{shiny}      R  stderr  -----------   115: common_code_q
{shiny}      R  stderr  -----------   114: renderUI
{shiny}      R  stderr  -----------   113: func
{shiny}      R  stderr  -----------   100: renderFunc
{shiny}      R  stderr  -----------    99: output$teal-teal_modules-outliers_module-module-total_outliers
{shiny}      R  stderr  -----------    14: &lt;Anonymous&gt;
{shiny}      R  stderr  -----------    12: &lt;Anonymous&gt;
{shiny}      R  stderr  -----------    11: &lt;Anonymous&gt;
{shiny}      R  stderr  -----------    10: base::do.call
{shiny}      R  stderr  -----------     9: base::saveRDS
{shiny}      R  stderr  -----------     8: base::withCallingHandlers
{shiny}      R  stderr  -----------     7: doTryCatch
{shiny}      R  stderr  -----------     6: tryCatchOne
{shiny}      R  stderr  -----------     5: tryCatchList
{shiny}      R  stderr  -----------     2: tryCatchList
{shiny}      R  stderr  -----------     1: base::tryCatch


Caused by error in `app_initialize_()`:
! Shiny app did not become stable in 1e+05ms.
Message: An error occurred while waiting for Shiny to be stable
Caused by error in `app_wait_for_idle()`:
! An error occurred while waiting for Shiny to be stable
Backtrace:
     ▆
  1. ├─teal.modules.general (local) app_driver_tm_outlier() at test-shinytest2-tm_outliers.R:127:3
  2. │ └─teal.modules.general:::init_teal_app_driver(...) at test-shinytest2-tm_outliers.R:16:3
  3. │   ├─testthat::with_mocked_bindings(...) at tests/testthat/helper-TealAppDriver.R:7:3
  4. │   └─TealAppDriver$new(...) at tests/testthat/helper-TealAppDriver.R:10:7
  5. │     └─teal (local) initialize(...)
  6. │       ├─base::suppressWarnings(...)
  7. │       │ └─base::withCallingHandlers(...)
  8. │       └─super$initialize(...)
  9. │         └─shinytest2:::app_initialize(...)
 10. │           ├─base::withCallingHandlers(...)
 11. │           └─shinytest2:::app_initialize_(self, private, ..., view = view)
 12. │             ├─base::withCallingHandlers(...)
 13. │             └─self$wait_for_idle(duration = 200, timeout = private$load_timeout)
 14. │               └─shinytest2:::app_wait_for_idle(...)
 15. │                 └─shinytest2:::app_abort(self, private, "An error occurred while waiting for Shiny to be stable")
 16. │                   └─rlang::abort(..., app = self, call = call)
 17. │                     └─rlang:::signal_abort(cnd, .file)
 18. │                       └─base::signalCondition(cnd)
 19. ├─shinytest2 (local) `&lt;fn&gt;`(`&lt;rlng_rrr&gt;`)
 20. │ └─shinytest2:::app_abort(...)
 21. │   └─rlang::abort(..., app = self, call = call)
 22. │     └─rlang:::signal_abort(cnd, .file)
 23. │       └─base::signalCondition(cnd)
 24. └─shinytest2 (local) `&lt;fn&gt;`(`&lt;rlng_rrr&gt;`)
 25.   └─shinytest2:::app_abort(...)
 26.     └─rlang::abort(..., app = self, call = call)</error>
    </testcase>
    <testcase time="102.673" classname="shinytest2_tm_outliers" name="e2e_tm_outliers_Plot_type_is_hidden_when_Boxplot_tab_is_not_selected.">
      <error type="error" message="Error in `app_initialize(self, private, app_dir = app_dir, ..., load_timeout = load_timeout,  ('test-shinytest2-tm_outliers.R:142:3')">Error in `app_initialize(self, private, app_dir = app_dir, ..., load_timeout = load_timeout, 
    timeout = timeout, wait = wait, expect_values_screenshot_args = expect_values_screenshot_args, 
    screenshot_args = screenshot_args, check_names = check_names, 
    name = name, variant = variant, view = view, height = height, 
    width = width, seed = seed, clean_logs = clean_logs, shiny_args = shiny_args, 
    render_args = render_args, options = options)`: Shiny app did not become stable in 1e+05ms.
Message: An error occurred while waiting for Shiny to be stable
Caused by error in `app_wait_for_idle()`:
! An error occurred while waiting for Shiny to be stable


ℹ You can inspect the failed AppDriver object via `rlang::last_error()$app`
ℹ AppDriver logs:
{shinytest2} R  info    15:39:17.51 Start AppDriver initialization
{shinytest2} R  info    15:39:17.56 Starting Shiny app
{shinytest2} R  info    15:39:18.58 Creating new ChromoteSession
{shinytest2} R  info    15:39:18.62 Navigating to Shiny app
{shinytest2} R  info    15:39:19.23 Injecting shiny-tracer.js
{chromote}   JS info    15:39:19.25 shinytest2; jQuery not found
{chromote}   JS info    15:39:19.25 shinytest2; Loaded
{shinytest2} R  info    15:39:19.25 Waiting for Shiny to become ready
{chromote}   JS info    15:39:19.35 shinytest2; jQuery found
{chromote}   JS info    15:39:19.35 shinytest2; Waiting for shiny session to connect
{chromote}   JS info    15:39:19.61 shinytest2; Connected
{chromote}   JS info    15:39:19.70 shinytest2; shiny:busy
{shinytest2} R  info    15:39:19.70 Waiting for Shiny to become idle for 200ms within 1e+05ms
{chromote}   JS info    15:39:19.71 shinytest2; Waiting for Shiny to be stable
{chromote}   JS warning 15:39:20.63 Couldn't perform validation update on input with id 'teal-teal_modules-outliers_module-module-categorical_var-dataset_CO2_singleextract-select': input not found
                                    (anonymous) @ shinyvalidate-0.1.3/shinyvalidate.js:3443:18
                                    (anonymous) @ shiny-javascript-1.10.0/shiny.min.js:1:407159
                                    m           @ shiny-javascript-1.10.0/shiny.min.js:1:388827
                                    (anonymous) @ shiny-javascript-1.10.0/shiny.min.js:1:390150
                                    (anonymous) @ shiny-javascript-1.10.0/shiny.min.js:1:389186
                                    nT          @ shiny-javascript-1.10.0/shiny.min.js:1:394797
                                    s           @ shiny-javascript-1.10.0/shiny.min.js:1:394995
                                    (anonymous) @ shiny-javascript-1.10.0/shiny.min.js:1:395056
                                    (anonymous) @ shiny-javascript-1.10.0/shiny.min.js:1:394936
                                    t           @ shiny-javascript-1.10.0/shiny.min.js:1:407274
                                    (anonymous) @ shiny-javascript-1.10.0/shiny.min.js:1:410753
                                    m           @ shiny-javascript-1.10.0/shiny.min.js:1:388827
                                    (anonymous) @ shiny-javascript-1.10.0/shiny.min.js:1:390150
                                    (anonymous) @ shiny-javascript-1.10.0/shiny.min.js:1:389186
                                    nT          @ shiny-javascript-1.10.0/shiny.min.js:1:394797
                                    s           @ shiny-javascript-1.10.0/shiny.min.js:1:394995
                                    (anonymous) @ shiny-javascript-1.10.0/shiny.min.js:1:395056
                                    (anonymous) @ shiny-javascript-1.10.0/shiny.min.js:1:394936
                                    (anonymous) @ shiny-javascript-1.10.0/shiny.min.js:1:410855
                                    (anonymous) @ shiny-javascript-1.10.0/shiny.min.js:1:407159
                                    m           @ shiny-javascript-1.10.0/shiny.min.js:1:388827
                                    (anonymous) @ shiny-javascript-1.10.0/shiny.min.js:1:390150
                                    (anonymous) @ shiny-javascript-1.10.0/shiny.min.js:1:389186
                                    nT          @ shiny-javascript-1.10.0/shiny.min.js:1:394797
                                    s           @ shiny-javascript-1.10.0/shiny.min.js:1:394995
                                    (anonymous) @ shiny-javascript-1.10.0/shiny.min.js:1:395056
                                    (anonymous) @ shiny-javascript-1.10.0/shiny.min.js:1:394936
                                    t           @ shiny-javascript-1.10.0/shiny.min.js:1:407274
                                    (anonymous) @ shiny-javascript-1.10.0/shiny.min.js:1:406722
                                    m           @ shiny-javascript-1.10.0/shiny.min.js:1:388827
                                    (anonymous) @ shiny-javascript-1.10.0/shiny.min.js:1:390150
                                    (anonymous) @ shiny-javascript-1.10.0/shiny.min.js:1:389186
                                    nT          @ shiny-javascript-1.10.0/shiny.min.js:1:394797
                                    s           @ shiny-javascript-1.10.0/shiny.min.js:1:394995
                                    (anonymous) @ shiny-javascript-1.10.0/shiny.min.js:1:395056
                                    (anonymous) @ shiny-javascript-1.10.0/shiny.min.js:1:394936
                                    t           @ shiny-javascript-1.10.0/shiny.min.js:1:406868
                                    (anonymous) @ shiny-javascript-1.10.0/shiny.min.js:1:400961
                                    m           @ shiny-javascript-1.10.0/shiny.min.js:1:388827
                                    (anonymous) @ shiny-javascript-1.10.0/shiny.min.js:1:390150
                                    (anonymous) @ shiny-javascript-1.10.0/shiny.min.js:1:389186
                                    nT          @ shiny-javascript-1.10.0/shiny.min.js:1:394797
                                    s           @ shiny-javascript-1.10.0/shiny.min.js:1:394995
                                    (anonymous) @ shiny-javascript-1.10.0/shiny.min.js:1:395056
                                    (anonymous) @ shiny-javascript-1.10.0/shiny.min.js:1:394936
                                    (anonymous) @ shiny-javascript-1.10.0/shiny.min.js:1:401480
                                    m           @ shiny-javascript-1.10.0/shiny.min.js:1:388827
                                    (anonymous) @ shiny-javascript-1.10.0/shiny.min.js:1:390150
                                    (anonymous) @ shiny-javascript-1.10.0/shiny.min.js:1:389186
                                    nT          @ shiny-javascript-1.10.0/shiny.min.js:1:394797
                                    s           @ shiny-javascript-1.10.0/shiny.min.js:1:394995
{shinytest2} R  info    15:40:59.72 Error while initializing AppDriver:
                                    Shiny app did not become stable in 1e+05ms.
                                    Message: An error occurred while waiting for Shiny to be stable
                                    Caused by error in `app_wait_for_idle()`:
                                    ! An error occurred while waiting for Shiny to be stable
{shiny}      R  stderr  ----------- Loading required package: shiny
{shiny}      R  stderr  ----------- Attempting to load the environment ‘package:sparkline’
{shiny}      R  stderr  ----------- Loading required package: ggmosaic
{shiny}      R  stderr  ----------- Loading required package: ggplot2
{shiny}      R  stderr  ----------- Loading required package: teal
{shiny}      R  stderr  ----------- Loading required package: teal.data
{shiny}      R  stderr  ----------- Loading required package: teal.code
{shiny}      R  stderr  ----------- Loading required package: teal.slice
{shiny}      R  stderr  ----------- 
{shiny}      R  stderr  ----------- You are using teal version 0.16.0
{shiny}      R  stderr  ----------- 
{shiny}      R  stderr  ----------- Attaching package: ‘teal’
{shiny}      R  stderr  ----------- 
{shiny}      R  stderr  ----------- The following objects are masked from ‘package:teal.slice’:
{shiny}      R  stderr  ----------- 
{shiny}      R  stderr  -----------     as.teal_slices, teal_slices
{shiny}      R  stderr  ----------- 
{shiny}      R  stderr  ----------- Loading required package: teal.transform
{shiny}      R  stderr  ----------- Running application in test mode.
{shiny}      R  stderr  ----------- 
{shiny}      R  stderr  ----------- Listening on http://127.0.0.1:5047
{shiny}      R  stderr  ----------- Initializing reporter_previewer_module
{shiny}      R  stderr  ----------- Initializing reporter_previewer_module
{shiny}      R  stderr  ----------- Warning: Error in &lt;Anonymous&gt;: error in evaluating the argument 'code' in selecting a method for function 'eval_code': object of type 'symbol' is not subsettable
{shiny}      R  stderr  -----------   251: &lt;Anonymous&gt;
{shiny}      R  stderr  -----------   250: identical
{shiny}      R  stderr  -----------   249: FUN
{shiny}      R  stderr  -----------   248: lapply
{shiny}      R  stderr  -----------   247: FUN
{shiny}      R  stderr  -----------   246: lapply
{shiny}      R  stderr  -----------   245: remove_pipe_null
{shiny}      R  stderr  -----------   244: %&gt;%
{shiny}      R  stderr  -----------   242: &lt;reactive&gt;
{shiny}      R  stderr  -----------   222: common_code_q
{shiny}      R  stderr  -----------   215: &lt;reactive&gt;
{shiny}      R  stderr  -----------   195: data
{shiny}      R  stderr  -----------   189: &lt;reactive&gt;
{shiny}      R  stderr  -----------   169: decorated_q[[req(current_tab_r())]]
{shiny}      R  stderr  -----------   168: &lt;reactive&gt;
{shiny}      R  stderr  -----------   148: data
{shiny}      R  stderr  -----------   142: &lt;reactive&gt;
{shiny}      R  stderr  -----------   122: decorated_final_q
{shiny}      R  stderr  -----------   121: exprFunc
{shiny}      R  stderr  -----------   120: widgetFunc
{shiny}      R  stderr  -----------   119: ::
{shiny}      R  stderr  ----------- htmlwidgets
{shiny}      R  stderr  ----------- shinyRenderWidget
{shiny}      R  stderr  -----------   118: func
{shiny}      R  stderr  -----------   105: renderFunc
{shiny}      R  stderr  -----------   104: renderFunc
{shiny}      R  stderr  -----------   100: renderFunc
{shiny}      R  stderr  -----------    99: output$teal-teal_modules-outliers_module-module-summary_table
{shiny}      R  stderr  -----------    14: &lt;Anonymous&gt;
{shiny}      R  stderr  -----------    12: &lt;Anonymous&gt;
{shiny}      R  stderr  -----------    11: &lt;Anonymous&gt;
{shiny}      R  stderr  -----------    10: base::do.call
{shiny}      R  stderr  -----------     9: base::saveRDS
{shiny}      R  stderr  -----------     8: base::withCallingHandlers
{shiny}      R  stderr  -----------     7: doTryCatch
{shiny}      R  stderr  -----------     6: tryCatchOne
{shiny}      R  stderr  -----------     5: tryCatchList
{shiny}      R  stderr  -----------     2: tryCatchList
{shiny}      R  stderr  -----------     1: base::tryCatch
{shiny}      R  stderr  ----------- Warning: Error in &lt;Anonymous&gt;: error in evaluating the argument 'code' in selecting a method for function 'eval_code': object of type 'symbol' is not subsettable
{shiny}      R  stderr  -----------   251: &lt;Anonymous&gt;
{shiny}      R  stderr  -----------   250: identical
{shiny}      R  stderr  -----------   249: FUN
{shiny}      R  stderr  -----------   248: lapply
{shiny}      R  stderr  -----------   247: FUN
{shiny}      R  stderr  -----------   246: lapply
{shiny}      R  stderr  -----------   245: remove_pipe_null
{shiny}      R  stderr  -----------   244: %&gt;%
{shiny}      R  stderr  -----------   242: &lt;reactive&gt;
{shiny}      R  stderr  -----------   222: common_code_q
{shiny}      R  stderr  -----------   215: &lt;reactive&gt;
{shiny}      R  stderr  -----------   195: data
{shiny}      R  stderr  -----------   189: &lt;reactive&gt;
{shiny}      R  stderr  -----------   169: decorated_q[[req(current_tab_r())]]
{shiny}      R  stderr  -----------   168: &lt;reactive&gt;
{shiny}      R  stderr  -----------   148: data
{shiny}      R  stderr  -----------   142: &lt;reactive&gt;
{shiny}      R  stderr  -----------   122: decorated_final_q
{shiny}      R  stderr  -----------   121: exprFunc
{shiny}      R  stderr  -----------   120: widgetFunc
{shiny}      R  stderr  -----------   119: ::
{shiny}      R  stderr  ----------- htmlwidgets
{shiny}      R  stderr  ----------- shinyRenderWidget
{shiny}      R  stderr  -----------   118: func
{shiny}      R  stderr  -----------   105: renderFunc
{shiny}      R  stderr  -----------   104: renderFunc
{shiny}      R  stderr  -----------   100: renderFunc
{shiny}      R  stderr  -----------    99: output$teal-teal_modules-outliers_module-module-summary_table
{shiny}      R  stderr  -----------    14: &lt;Anonymous&gt;
{shiny}      R  stderr  -----------    12: &lt;Anonymous&gt;
{shiny}      R  stderr  -----------    11: &lt;Anonymous&gt;
{shiny}      R  stderr  -----------    10: base::do.call
{shiny}      R  stderr  -----------     9: base::saveRDS
{shiny}      R  stderr  -----------     8: base::withCallingHandlers
{shiny}      R  stderr  -----------     7: doTryCatch
{shiny}      R  stderr  -----------     6: tryCatchOne
{shiny}      R  stderr  -----------     5: tryCatchList
{shiny}      R  stderr  -----------     2: tryCatchList
{shiny}      R  stderr  -----------     1: base::tryCatch
{shiny}      R  stderr  ----------- Warning: Error in &lt;Anonymous&gt;: error in evaluating the argument 'code' in selecting a method for function 'eval_code': object of type 'symbol' is not subsettable
{shiny}      R  stderr  -----------   14: &lt;Anonymous&gt;
{shiny}      R  stderr  -----------   12: &lt;Anonymous&gt;
{shiny}      R  stderr  -----------   11: &lt;Anonymous&gt;
{shiny}      R  stderr  -----------   10: base::do.call
{shiny}      R  stderr  -----------    9: base::saveRDS
{shiny}      R  stderr  -----------    8: base::withCallingHandlers
{shiny}      R  stderr  -----------    7: doTryCatch
{shiny}      R  stderr  -----------    6: tryCatchOne
{shiny}      R  stderr  -----------    5: tryCatchList
{shiny}      R  stderr  -----------    2: tryCatchList
{shiny}      R  stderr  -----------    1: base::tryCatch
{shiny}      R  stderr  ----------- Warning: Error in &lt;Anonymous&gt;: error in evaluating the argument 'code' in selecting a method for function 'eval_code': object of type 'symbol' is not subsettable
{shiny}      R  stderr  -----------   124: &lt;Anonymous&gt;
{shiny}      R  stderr  -----------   123: stop
{shiny}      R  stderr  -----------   122: common_code_q
{shiny}      R  stderr  -----------   121: exprFunc
{shiny}      R  stderr  -----------   120: widgetFunc
{shiny}      R  stderr  -----------   119: ::
{shiny}      R  stderr  ----------- htmlwidgets
{shiny}      R  stderr  ----------- shinyRenderWidget
{shiny}      R  stderr  -----------   118: func
{shiny}      R  stderr  -----------   105: renderFunc
{shiny}      R  stderr  -----------   104: renderFunc
{shiny}      R  stderr  -----------   100: renderFunc
{shiny}      R  stderr  -----------    99: output$teal-teal_modules-outliers_module-module-table_ui
{shiny}      R  stderr  -----------    14: &lt;Anonymous&gt;
{shiny}      R  stderr  -----------    12: &lt;Anonymous&gt;
{shiny}      R  stderr  -----------    11: &lt;Anonymous&gt;
{shiny}      R  stderr  -----------    10: base::do.call
{shiny}      R  stderr  -----------     9: base::saveRDS
{shiny}      R  stderr  -----------     8: base::withCallingHandlers
{shiny}      R  stderr  -----------     7: doTryCatch
{shiny}      R  stderr  -----------     6: tryCatchOne
{shiny}      R  stderr  -----------     5: tryCatchList
{shiny}      R  stderr  -----------     2: tryCatchList
{shiny}      R  stderr  -----------     1: base::tryCatch
{shiny}      R  stderr  ----------- Warning: Error in &lt;Anonymous&gt;: error in evaluating the argument 'code' in selecting a method for function 'eval_code': object of type 'symbol' is not subsettable
{shiny}      R  stderr  -----------   117: &lt;Anonymous&gt;
{shiny}      R  stderr  -----------   116: stop
{shiny}      R  stderr  -----------   115: common_code_q
{shiny}      R  stderr  -----------   114: renderUI
{shiny}      R  stderr  -----------   113: func
{shiny}      R  stderr  -----------   100: renderFunc
{shiny}      R  stderr  -----------    99: output$teal-teal_modules-outliers_module-module-total_outliers
{shiny}      R  stderr  -----------    14: &lt;Anonymous&gt;
{shiny}      R  stderr  -----------    12: &lt;Anonymous&gt;
{shiny}      R  stderr  -----------    11: &lt;Anonymous&gt;
{shiny}      R  stderr  -----------    10: base::do.call
{shiny}      R  stderr  -----------     9: base::saveRDS
{shiny}      R  stderr  -----------     8: base::withCallingHandlers
{shiny}      R  stderr  -----------     7: doTryCatch
{shiny}      R  stderr  -----------     6: tryCatchOne
{shiny}      R  stderr  -----------     5: tryCatchList
{shiny}      R  stderr  -----------     2: tryCatchList
{shiny}      R  stderr  -----------     1: base::tryCatch


Caused by error in `app_initialize_()`:
! Shiny app did not become stable in 1e+05ms.
Message: An error occurred while waiting for Shiny to be stable
Caused by error in `app_wait_for_idle()`:
! An error occurred while waiting for Shiny to be stable
Backtrace:
     ▆
  1. ├─teal.modules.general (local) app_driver_tm_outlier() at test-shinytest2-tm_outliers.R:142:3
  2. │ └─teal.modules.general:::init_teal_app_driver(...) at test-shinytest2-tm_outliers.R:16:3
  3. │   ├─testthat::with_mocked_bindings(...) at tests/testthat/helper-TealAppDriver.R:7:3
  4. │   └─TealAppDriver$new(...) at tests/testthat/helper-TealAppDriver.R:10:7
  5. │     └─teal (local) initialize(...)
  6. │       ├─base::suppressWarnings(...)
  7. │       │ └─base::withCallingHandlers(...)
  8. │       └─super$initialize(...)
  9. │         └─shinytest2:::app_initialize(...)
 10. │           ├─base::withCallingHandlers(...)
 11. │           └─shinytest2:::app_initialize_(self, private, ..., view = view)
 12. │             ├─base::withCallingHandlers(...)
 13. │             └─self$wait_for_idle(duration = 200, timeout = private$load_timeout)
 14. │               └─shinytest2:::app_wait_for_idle(...)
 15. │                 └─shinytest2:::app_abort(self, private, "An error occurred while waiting for Shiny to be stable")
 16. │                   └─rlang::abort(..., app = self, call = call)
 17. │                     └─rlang:::signal_abort(cnd, .file)
 18. │                       └─base::signalCondition(cnd)
 19. ├─shinytest2 (local) `&lt;fn&gt;`(`&lt;rlng_rrr&gt;`)
 20. │ └─shinytest2:::app_abort(...)
 21. │   └─rlang::abort(..., app = self, call = call)
 22. │     └─rlang:::signal_abort(cnd, .file)
 23. │       └─base::signalCondition(cnd)
 24. └─shinytest2 (local) `&lt;fn&gt;`(`&lt;rlng_rrr&gt;`)
 25.   └─shinytest2:::app_abort(...)
 26.     └─rlang::abort(..., app = self, call = call)</error>
    </testcase>
    <testcase time="102.68" classname="shinytest2_tm_outliers" name="e2e_tm_outliers_Default_radio_buttons_are_set_properly.">
      <error type="error" message="Error in `app_initialize(self, private, app_dir = app_dir, ..., load_timeout = load_timeout,  ('test-shinytest2-tm_outliers.R:159:3')">Error in `app_initialize(self, private, app_dir = app_dir, ..., load_timeout = load_timeout, 
    timeout = timeout, wait = wait, expect_values_screenshot_args = expect_values_screenshot_args, 
    screenshot_args = screenshot_args, check_names = check_names, 
    name = name, variant = variant, view = view, height = height, 
    width = width, seed = seed, clean_logs = clean_logs, shiny_args = shiny_args, 
    render_args = render_args, options = options)`: Shiny app did not become stable in 1e+05ms.
Message: An error occurred while waiting for Shiny to be stable
Caused by error in `app_wait_for_idle()`:
! An error occurred while waiting for Shiny to be stable


ℹ You can inspect the failed AppDriver object via `rlang::last_error()$app`
ℹ AppDriver logs:
{shinytest2} R  info    15:41:00.19 Start AppDriver initialization
{shinytest2} R  info    15:41:00.24 Starting Shiny app
{shinytest2} R  info    15:41:01.26 Creating new ChromoteSession
{shinytest2} R  info    15:41:01.30 Navigating to Shiny app
{shinytest2} R  info    15:41:01.90 Injecting shiny-tracer.js
{chromote}   JS info    15:41:01.92 shinytest2; jQuery not found
{chromote}   JS info    15:41:01.92 shinytest2; Loaded
{shinytest2} R  info    15:41:01.92 Waiting for Shiny to become ready
{chromote}   JS info    15:41:02.02 shinytest2; jQuery found
{chromote}   JS info    15:41:02.02 shinytest2; Waiting for shiny session to connect
{chromote}   JS info    15:41:02.28 shinytest2; Connected
{chromote}   JS info    15:41:02.38 shinytest2; shiny:busy
{shinytest2} R  info    15:41:02.38 Waiting for Shiny to become idle for 200ms within 1e+05ms
{chromote}   JS info    15:41:02.38 shinytest2; Waiting for Shiny to be stable
{chromote}   JS warning 15:41:03.34 Couldn't perform validation update on input with id 'teal-teal_modules-outliers_module-module-categorical_var-dataset_CO2_singleextract-select': input not found
                                    (anonymous) @ shinyvalidate-0.1.3/shinyvalidate.js:3443:18
                                    (anonymous) @ shiny-javascript-1.10.0/shiny.min.js:1:407159
                                    m           @ shiny-javascript-1.10.0/shiny.min.js:1:388827
                                    (anonymous) @ shiny-javascript-1.10.0/shiny.min.js:1:390150
                                    (anonymous) @ shiny-javascript-1.10.0/shiny.min.js:1:389186
                                    nT          @ shiny-javascript-1.10.0/shiny.min.js:1:394797
                                    s           @ shiny-javascript-1.10.0/shiny.min.js:1:394995
                                    (anonymous) @ shiny-javascript-1.10.0/shiny.min.js:1:395056
                                    (anonymous) @ shiny-javascript-1.10.0/shiny.min.js:1:394936
                                    t           @ shiny-javascript-1.10.0/shiny.min.js:1:407274
                                    (anonymous) @ shiny-javascript-1.10.0/shiny.min.js:1:410753
                                    m           @ shiny-javascript-1.10.0/shiny.min.js:1:388827
                                    (anonymous) @ shiny-javascript-1.10.0/shiny.min.js:1:390150
                                    (anonymous) @ shiny-javascript-1.10.0/shiny.min.js:1:389186
                                    nT          @ shiny-javascript-1.10.0/shiny.min.js:1:394797
                                    s           @ shiny-javascript-1.10.0/shiny.min.js:1:394995
                                    (anonymous) @ shiny-javascript-1.10.0/shiny.min.js:1:395056
                                    (anonymous) @ shiny-javascript-1.10.0/shiny.min.js:1:394936
                                    (anonymous) @ shiny-javascript-1.10.0/shiny.min.js:1:410855
                                    (anonymous) @ shiny-javascript-1.10.0/shiny.min.js:1:407159
                                    m           @ shiny-javascript-1.10.0/shiny.min.js:1:388827
                                    (anonymous) @ shiny-javascript-1.10.0/shiny.min.js:1:390150
                                    (anonymous) @ shiny-javascript-1.10.0/shiny.min.js:1:389186
                                    nT          @ shiny-javascript-1.10.0/shiny.min.js:1:394797
                                    s           @ shiny-javascript-1.10.0/shiny.min.js:1:394995
                                    (anonymous) @ shiny-javascript-1.10.0/shiny.min.js:1:395056
                                    (anonymous) @ shiny-javascript-1.10.0/shiny.min.js:1:394936
                                    t           @ shiny-javascript-1.10.0/shiny.min.js:1:407274
                                    (anonymous) @ shiny-javascript-1.10.0/shiny.min.js:1:406722
                                    m           @ shiny-javascript-1.10.0/shiny.min.js:1:388827
                                    (anonymous) @ shiny-javascript-1.10.0/shiny.min.js:1:390150
                                    (anonymous) @ shiny-javascript-1.10.0/shiny.min.js:1:389186
                                    nT          @ shiny-javascript-1.10.0/shiny.min.js:1:394797
                                    s           @ shiny-javascript-1.10.0/shiny.min.js:1:394995
                                    (anonymous) @ shiny-javascript-1.10.0/shiny.min.js:1:395056
                                    (anonymous) @ shiny-javascript-1.10.0/shiny.min.js:1:394936
                                    t           @ shiny-javascript-1.10.0/shiny.min.js:1:406868
                                    (anonymous) @ shiny-javascript-1.10.0/shiny.min.js:1:400961
                                    m           @ shiny-javascript-1.10.0/shiny.min.js:1:388827
                                    (anonymous) @ shiny-javascript-1.10.0/shiny.min.js:1:390150
                                    (anonymous) @ shiny-javascript-1.10.0/shiny.min.js:1:389186
                                    nT          @ shiny-javascript-1.10.0/shiny.min.js:1:394797
                                    s           @ shiny-javascript-1.10.0/shiny.min.js:1:394995
                                    (anonymous) @ shiny-javascript-1.10.0/shiny.min.js:1:395056
                                    (anonymous) @ shiny-javascript-1.10.0/shiny.min.js:1:394936
                                    (anonymous) @ shiny-javascript-1.10.0/shiny.min.js:1:401480
                                    m           @ shiny-javascript-1.10.0/shiny.min.js:1:388827
                                    (anonymous) @ shiny-javascript-1.10.0/shiny.min.js:1:390150
                                    (anonymous) @ shiny-javascript-1.10.0/shiny.min.js:1:389186
                                    nT          @ shiny-javascript-1.10.0/shiny.min.js:1:394797
                                    s           @ shiny-javascript-1.10.0/shiny.min.js:1:394995
{shinytest2} R  info    15:42:42.40 Error while initializing AppDriver:
                                    Shiny app did not become stable in 1e+05ms.
                                    Message: An error occurred while waiting for Shiny to be stable
                                    Caused by error in `app_wait_for_idle()`:
                                    ! An error occurred while waiting for Shiny to be stable
{shiny}      R  stderr  ----------- Loading required package: shiny
{shiny}      R  stderr  ----------- Attempting to load the environment ‘package:sparkline’
{shiny}      R  stderr  ----------- Loading required package: ggmosaic
{shiny}      R  stderr  ----------- Loading required package: ggplot2
{shiny}      R  stderr  ----------- Loading required package: teal
{shiny}      R  stderr  ----------- Loading required package: teal.data
{shiny}      R  stderr  ----------- Loading required package: teal.code
{shiny}      R  stderr  ----------- Loading required package: teal.slice
{shiny}      R  stderr  ----------- 
{shiny}      R  stderr  ----------- You are using teal version 0.16.0
{shiny}      R  stderr  ----------- 
{shiny}      R  stderr  ----------- Attaching package: ‘teal’
{shiny}      R  stderr  ----------- 
{shiny}      R  stderr  ----------- The following objects are masked from ‘package:teal.slice’:
{shiny}      R  stderr  ----------- 
{shiny}      R  stderr  -----------     as.teal_slices, teal_slices
{shiny}      R  stderr  ----------- 
{shiny}      R  stderr  ----------- Loading required package: teal.transform
{shiny}      R  stderr  ----------- Running application in test mode.
{shiny}      R  stderr  ----------- 
{shiny}      R  stderr  ----------- Listening on http://127.0.0.1:3512
{shiny}      R  stderr  ----------- Initializing reporter_previewer_module
{shiny}      R  stderr  ----------- Initializing reporter_previewer_module
{shiny}      R  stderr  ----------- Warning: Error in &lt;Anonymous&gt;: error in evaluating the argument 'code' in selecting a method for function 'eval_code': object of type 'symbol' is not subsettable
{shiny}      R  stderr  -----------   251: &lt;Anonymous&gt;
{shiny}      R  stderr  -----------   250: identical
{shiny}      R  stderr  -----------   249: FUN
{shiny}      R  stderr  -----------   248: lapply
{shiny}      R  stderr  -----------   247: FUN
{shiny}      R  stderr  -----------   246: lapply
{shiny}      R  stderr  -----------   245: remove_pipe_null
{shiny}      R  stderr  -----------   244: %&gt;%
{shiny}      R  stderr  -----------   242: &lt;reactive&gt;
{shiny}      R  stderr  -----------   222: common_code_q
{shiny}      R  stderr  -----------   215: &lt;reactive&gt;
{shiny}      R  stderr  -----------   195: data
{shiny}      R  stderr  -----------   189: &lt;reactive&gt;
{shiny}      R  stderr  -----------   169: decorated_q[[req(current_tab_r())]]
{shiny}      R  stderr  -----------   168: &lt;reactive&gt;
{shiny}      R  stderr  -----------   148: data
{shiny}      R  stderr  -----------   142: &lt;reactive&gt;
{shiny}      R  stderr  -----------   122: decorated_final_q
{shiny}      R  stderr  -----------   121: exprFunc
{shiny}      R  stderr  -----------   120: widgetFunc
{shiny}      R  stderr  -----------   119: ::
{shiny}      R  stderr  ----------- htmlwidgets
{shiny}      R  stderr  ----------- shinyRenderWidget
{shiny}      R  stderr  -----------   118: func
{shiny}      R  stderr  -----------   105: renderFunc
{shiny}      R  stderr  -----------   104: renderFunc
{shiny}      R  stderr  -----------   100: renderFunc
{shiny}      R  stderr  -----------    99: output$teal-teal_modules-outliers_module-module-summary_table
{shiny}      R  stderr  -----------    14: &lt;Anonymous&gt;
{shiny}      R  stderr  -----------    12: &lt;Anonymous&gt;
{shiny}      R  stderr  -----------    11: &lt;Anonymous&gt;
{shiny}      R  stderr  -----------    10: base::do.call
{shiny}      R  stderr  -----------     9: base::saveRDS
{shiny}      R  stderr  -----------     8: base::withCallingHandlers
{shiny}      R  stderr  -----------     7: doTryCatch
{shiny}      R  stderr  -----------     6: tryCatchOne
{shiny}      R  stderr  -----------     5: tryCatchList
{shiny}      R  stderr  -----------     2: tryCatchList
{shiny}      R  stderr  -----------     1: base::tryCatch
{shiny}      R  stderr  ----------- Warning: Error in &lt;Anonymous&gt;: error in evaluating the argument 'code' in selecting a method for function 'eval_code': object of type 'symbol' is not subsettable
{shiny}      R  stderr  -----------   251: &lt;Anonymous&gt;
{shiny}      R  stderr  -----------   250: identical
{shiny}      R  stderr  -----------   249: FUN
{shiny}      R  stderr  -----------   248: lapply
{shiny}      R  stderr  -----------   247: FUN
{shiny}      R  stderr  -----------   246: lapply
{shiny}      R  stderr  -----------   245: remove_pipe_null
{shiny}      R  stderr  -----------   244: %&gt;%
{shiny}      R  stderr  -----------   242: &lt;reactive&gt;
{shiny}      R  stderr  -----------   222: common_code_q
{shiny}      R  stderr  -----------   215: &lt;reactive&gt;
{shiny}      R  stderr  -----------   195: data
{shiny}      R  stderr  -----------   189: &lt;reactive&gt;
{shiny}      R  stderr  -----------   169: decorated_q[[req(current_tab_r())]]
{shiny}      R  stderr  -----------   168: &lt;reactive&gt;
{shiny}      R  stderr  -----------   148: data
{shiny}      R  stderr  -----------   142: &lt;reactive&gt;
{shiny}      R  stderr  -----------   122: decorated_final_q
{shiny}      R  stderr  -----------   121: exprFunc
{shiny}      R  stderr  -----------   120: widgetFunc
{shiny}      R  stderr  -----------   119: ::
{shiny}      R  stderr  ----------- htmlwidgets
{shiny}      R  stderr  ----------- shinyRenderWidget
{shiny}      R  stderr  -----------   118: func
{shiny}      R  stderr  -----------   105: renderFunc
{shiny}      R  stderr  -----------   104: renderFunc
{shiny}      R  stderr  -----------   100: renderFunc
{shiny}      R  stderr  -----------    99: output$teal-teal_modules-outliers_module-module-summary_table
{shiny}      R  stderr  -----------    14: &lt;Anonymous&gt;
{shiny}      R  stderr  -----------    12: &lt;Anonymous&gt;
{shiny}      R  stderr  -----------    11: &lt;Anonymous&gt;
{shiny}      R  stderr  -----------    10: base::do.call
{shiny}      R  stderr  -----------     9: base::saveRDS
{shiny}      R  stderr  -----------     8: base::withCallingHandlers
{shiny}      R  stderr  -----------     7: doTryCatch
{shiny}      R  stderr  -----------     6: tryCatchOne
{shiny}      R  stderr  -----------     5: tryCatchList
{shiny}      R  stderr  -----------     2: tryCatchList
{shiny}      R  stderr  -----------     1: base::tryCatch
{shiny}      R  stderr  ----------- Warning: Error in &lt;Anonymous&gt;: error in evaluating the argument 'code' in selecting a method for function 'eval_code': object of type 'symbol' is not subsettable
{shiny}      R  stderr  -----------   14: &lt;Anonymous&gt;
{shiny}      R  stderr  -----------   12: &lt;Anonymous&gt;
{shiny}      R  stderr  -----------   11: &lt;Anonymous&gt;
{shiny}      R  stderr  -----------   10: base::do.call
{shiny}      R  stderr  -----------    9: base::saveRDS
{shiny}      R  stderr  -----------    8: base::withCallingHandlers
{shiny}      R  stderr  -----------    7: doTryCatch
{shiny}      R  stderr  -----------    6: tryCatchOne
{shiny}      R  stderr  -----------    5: tryCatchList
{shiny}      R  stderr  -----------    2: tryCatchList
{shiny}      R  stderr  -----------    1: base::tryCatch
{shiny}      R  stderr  ----------- Warning: Error in &lt;Anonymous&gt;: error in evaluating the argument 'code' in selecting a method for function 'eval_code': object of type 'symbol' is not subsettable
{shiny}      R  stderr  -----------   124: &lt;Anonymous&gt;
{shiny}      R  stderr  -----------   123: stop
{shiny}      R  stderr  -----------   122: common_code_q
{shiny}      R  stderr  -----------   121: exprFunc
{shiny}      R  stderr  -----------   120: widgetFunc
{shiny}      R  stderr  -----------   119: ::
{shiny}      R  stderr  ----------- htmlwidgets
{shiny}      R  stderr  ----------- shinyRenderWidget
{shiny}      R  stderr  -----------   118: func
{shiny}      R  stderr  -----------   105: renderFunc
{shiny}      R  stderr  -----------   104: renderFunc
{shiny}      R  stderr  -----------   100: renderFunc
{shiny}      R  stderr  -----------    99: output$teal-teal_modules-outliers_module-module-table_ui
{shiny}      R  stderr  -----------    14: &lt;Anonymous&gt;
{shiny}      R  stderr  -----------    12: &lt;Anonymous&gt;
{shiny}      R  stderr  -----------    11: &lt;Anonymous&gt;
{shiny}      R  stderr  -----------    10: base::do.call
{shiny}      R  stderr  -----------     9: base::saveRDS
{shiny}      R  stderr  -----------     8: base::withCallingHandlers
{shiny}      R  stderr  -----------     7: doTryCatch
{shiny}      R  stderr  -----------     6: tryCatchOne
{shiny}      R  stderr  -----------     5: tryCatchList
{shiny}      R  stderr  -----------     2: tryCatchList
{shiny}      R  stderr  -----------     1: base::tryCatch
{shiny}      R  stderr  ----------- Warning: Error in &lt;Anonymous&gt;: error in evaluating the argument 'code' in selecting a method for function 'eval_code': object of type 'symbol' is not subsettable
{shiny}      R  stderr  -----------   117: &lt;Anonymous&gt;
{shiny}      R  stderr  -----------   116: stop
{shiny}      R  stderr  -----------   115: common_code_q
{shiny}      R  stderr  -----------   114: renderUI
{shiny}      R  stderr  -----------   113: func
{shiny}      R  stderr  -----------   100: renderFunc
{shiny}      R  stderr  -----------    99: output$teal-teal_modules-outliers_module-module-total_outliers
{shiny}      R  stderr  -----------    14: &lt;Anonymous&gt;
{shiny}      R  stderr  -----------    12: &lt;Anonymous&gt;
{shiny}      R  stderr  -----------    11: &lt;Anonymous&gt;
{shiny}      R  stderr  -----------    10: base::do.call
{shiny}      R  stderr  -----------     9: base::saveRDS
{shiny}      R  stderr  -----------     8: base::withCallingHandlers
{shiny}      R  stderr  -----------     7: doTryCatch
{shiny}      R  stderr  -----------     6: tryCatchOne
{shiny}      R  stderr  -----------     5: tryCatchList
{shiny}      R  stderr  -----------     2: tryCatchList
{shiny}      R  stderr  -----------     1: base::tryCatch


Caused by error in `app_initialize_()`:
! Shiny app did not become stable in 1e+05ms.
Message: An error occurred while waiting for Shiny to be stable
Caused by error in `app_wait_for_idle()`:
! An error occurred while waiting for Shiny to be stable
Backtrace:
     ▆
  1. ├─teal.modules.general (local) app_driver_tm_outlier() at test-shinytest2-tm_outliers.R:159:3
  2. │ └─teal.modules.general:::init_teal_app_driver(...) at test-shinytest2-tm_outliers.R:16:3
  3. │   ├─testthat::with_mocked_bindings(...) at tests/testthat/helper-TealAppDriver.R:7:3
  4. │   └─TealAppDriver$new(...) at tests/testthat/helper-TealAppDriver.R:10:7
  5. │     └─teal (local) initialize(...)
  6. │       ├─base::suppressWarnings(...)
  7. │       │ └─base::withCallingHandlers(...)
  8. │       └─super$initialize(...)
  9. │         └─shinytest2:::app_initialize(...)
 10. │           ├─base::withCallingHandlers(...)
 11. │           └─shinytest2:::app_initialize_(self, private, ..., view = view)
 12. │             ├─base::withCallingHandlers(...)
 13. │             └─self$wait_for_idle(duration = 200, timeout = private$load_timeout)
 14. │               └─shinytest2:::app_wait_for_idle(...)
 15. │                 └─shinytest2:::app_abort(self, private, "An error occurred while waiting for Shiny to be stable")
 16. │                   └─rlang::abort(..., app = self, call = call)
 17. │                     └─rlang:::signal_abort(cnd, .file)
 18. │                       └─base::signalCondition(cnd)
 19. ├─shinytest2 (local) `&lt;fn&gt;`(`&lt;rlng_rrr&gt;`)
 20. │ └─shinytest2:::app_abort(...)
 21. │   └─rlang::abort(..., app = self, call = call)
 22. │     └─rlang:::signal_abort(cnd, .file)
 23. │       └─base::signalCondition(cnd)
 24. └─shinytest2 (local) `&lt;fn&gt;`(`&lt;rlng_rrr&gt;`)
 25.   └─shinytest2:::app_abort(...)
 26.     └─rlang::abort(..., app = self, call = call)</error>
    </testcase>
    <testcase time="102.665" classname="shinytest2_tm_outliers" name="e2e_tm_outliers_Method_parameters_are_set_properly.">
      <error type="error" message="Error in `app_initialize(self, private, app_dir = app_dir, ..., load_timeout = load_timeout,  ('test-shinytest2-tm_outliers.R:175:3')">Error in `app_initialize(self, private, app_dir = app_dir, ..., load_timeout = load_timeout, 
    timeout = timeout, wait = wait, expect_values_screenshot_args = expect_values_screenshot_args, 
    screenshot_args = screenshot_args, check_names = check_names, 
    name = name, variant = variant, view = view, height = height, 
    width = width, seed = seed, clean_logs = clean_logs, shiny_args = shiny_args, 
    render_args = render_args, options = options)`: Shiny app did not become stable in 1e+05ms.
Message: An error occurred while waiting for Shiny to be stable
Caused by error in `app_wait_for_idle()`:
! An error occurred while waiting for Shiny to be stable


ℹ You can inspect the failed AppDriver object via `rlang::last_error()$app`
ℹ AppDriver logs:
{shinytest2} R  info    15:42:42.87 Start AppDriver initialization
{shinytest2} R  info    15:42:42.92 Starting Shiny app
{shinytest2} R  info    15:42:43.94 Creating new ChromoteSession
{shinytest2} R  info    15:42:43.98 Navigating to Shiny app
{shinytest2} R  info    15:42:44.59 Injecting shiny-tracer.js
{chromote}   JS info    15:42:44.61 shinytest2; jQuery not found
{chromote}   JS info    15:42:44.61 shinytest2; Loaded
{shinytest2} R  info    15:42:44.61 Waiting for Shiny to become ready
{chromote}   JS info    15:42:44.66 shinytest2; jQuery found
{chromote}   JS info    15:42:44.66 shinytest2; Waiting for shiny session to connect
{chromote}   JS info    15:42:44.96 shinytest2; Connected
{chromote}   JS info    15:42:45.04 shinytest2; shiny:busy
{shinytest2} R  info    15:42:45.04 Waiting for Shiny to become idle for 200ms within 1e+05ms
{chromote}   JS info    15:42:45.05 shinytest2; Waiting for Shiny to be stable
{chromote}   JS warning 15:42:46.01 Couldn't perform validation update on input with id 'teal-teal_modules-outliers_module-module-categorical_var-dataset_CO2_singleextract-select': input not found
                                    (anonymous) @ shinyvalidate-0.1.3/shinyvalidate.js:3443:18
                                    (anonymous) @ shiny-javascript-1.10.0/shiny.min.js:1:407159
                                    m           @ shiny-javascript-1.10.0/shiny.min.js:1:388827
                                    (anonymous) @ shiny-javascript-1.10.0/shiny.min.js:1:390150
                                    (anonymous) @ shiny-javascript-1.10.0/shiny.min.js:1:389186
                                    nT          @ shiny-javascript-1.10.0/shiny.min.js:1:394797
                                    s           @ shiny-javascript-1.10.0/shiny.min.js:1:394995
                                    (anonymous) @ shiny-javascript-1.10.0/shiny.min.js:1:395056
                                    (anonymous) @ shiny-javascript-1.10.0/shiny.min.js:1:394936
                                    t           @ shiny-javascript-1.10.0/shiny.min.js:1:407274
                                    (anonymous) @ shiny-javascript-1.10.0/shiny.min.js:1:410753
                                    m           @ shiny-javascript-1.10.0/shiny.min.js:1:388827
                                    (anonymous) @ shiny-javascript-1.10.0/shiny.min.js:1:390150
                                    (anonymous) @ shiny-javascript-1.10.0/shiny.min.js:1:389186
                                    nT          @ shiny-javascript-1.10.0/shiny.min.js:1:394797
                                    s           @ shiny-javascript-1.10.0/shiny.min.js:1:394995
                                    (anonymous) @ shiny-javascript-1.10.0/shiny.min.js:1:395056
                                    (anonymous) @ shiny-javascript-1.10.0/shiny.min.js:1:394936
                                    (anonymous) @ shiny-javascript-1.10.0/shiny.min.js:1:410855
                                    (anonymous) @ shiny-javascript-1.10.0/shiny.min.js:1:407159
                                    m           @ shiny-javascript-1.10.0/shiny.min.js:1:388827
                                    (anonymous) @ shiny-javascript-1.10.0/shiny.min.js:1:390150
                                    (anonymous) @ shiny-javascript-1.10.0/shiny.min.js:1:389186
                                    nT          @ shiny-javascript-1.10.0/shiny.min.js:1:394797
                                    s           @ shiny-javascript-1.10.0/shiny.min.js:1:394995
                                    (anonymous) @ shiny-javascript-1.10.0/shiny.min.js:1:395056
                                    (anonymous) @ shiny-javascript-1.10.0/shiny.min.js:1:394936
                                    t           @ shiny-javascript-1.10.0/shiny.min.js:1:407274
                                    (anonymous) @ shiny-javascript-1.10.0/shiny.min.js:1:406722
                                    m           @ shiny-javascript-1.10.0/shiny.min.js:1:388827
                                    (anonymous) @ shiny-javascript-1.10.0/shiny.min.js:1:390150
                                    (anonymous) @ shiny-javascript-1.10.0/shiny.min.js:1:389186
                                    nT          @ shiny-javascript-1.10.0/shiny.min.js:1:394797
                                    s           @ shiny-javascript-1.10.0/shiny.min.js:1:394995
                                    (anonymous) @ shiny-javascript-1.10.0/shiny.min.js:1:395056
                                    (anonymous) @ shiny-javascript-1.10.0/shiny.min.js:1:394936
                                    t           @ shiny-javascript-1.10.0/shiny.min.js:1:406868
                                    (anonymous) @ shiny-javascript-1.10.0/shiny.min.js:1:400961
                                    m           @ shiny-javascript-1.10.0/shiny.min.js:1:388827
                                    (anonymous) @ shiny-javascript-1.10.0/shiny.min.js:1:390150
                                    (anonymous) @ shiny-javascript-1.10.0/shiny.min.js:1:389186
                                    nT          @ shiny-javascript-1.10.0/shiny.min.js:1:394797
                                    s           @ shiny-javascript-1.10.0/shiny.min.js:1:394995
                                    (anonymous) @ shiny-javascript-1.10.0/shiny.min.js:1:395056
                                    (anonymous) @ shiny-javascript-1.10.0/shiny.min.js:1:394936
                                    (anonymous) @ shiny-javascript-1.10.0/shiny.min.js:1:401480
                                    m           @ shiny-javascript-1.10.0/shiny.min.js:1:388827
                                    (anonymous) @ shiny-javascript-1.10.0/shiny.min.js:1:390150
                                    (anonymous) @ shiny-javascript-1.10.0/shiny.min.js:1:389186
                                    nT          @ shiny-javascript-1.10.0/shiny.min.js:1:394797
                                    s           @ shiny-javascript-1.10.0/shiny.min.js:1:394995
{shinytest2} R  info    15:44:25.06 Error while initializing AppDriver:
                                    Shiny app did not become stable in 1e+05ms.
                                    Message: An error occurred while waiting for Shiny to be stable
                                    Caused by error in `app_wait_for_idle()`:
                                    ! An error occurred while waiting for Shiny to be stable
{shiny}      R  stderr  ----------- Loading required package: shiny
{shiny}      R  stderr  ----------- Attempting to load the environment ‘package:sparkline’
{shiny}      R  stderr  ----------- Loading required package: ggmosaic
{shiny}      R  stderr  ----------- Loading required package: ggplot2
{shiny}      R  stderr  ----------- Loading required package: teal
{shiny}      R  stderr  ----------- Loading required package: teal.data
{shiny}      R  stderr  ----------- Loading required package: teal.code
{shiny}      R  stderr  ----------- Loading required package: teal.slice
{shiny}      R  stderr  ----------- 
{shiny}      R  stderr  ----------- You are using teal version 0.16.0
{shiny}      R  stderr  ----------- 
{shiny}      R  stderr  ----------- Attaching package: ‘teal’
{shiny}      R  stderr  ----------- 
{shiny}      R  stderr  ----------- The following objects are masked from ‘package:teal.slice’:
{shiny}      R  stderr  ----------- 
{shiny}      R  stderr  -----------     as.teal_slices, teal_slices
{shiny}      R  stderr  ----------- 
{shiny}      R  stderr  ----------- Loading required package: teal.transform
{shiny}      R  stderr  ----------- Running application in test mode.
{shiny}      R  stderr  ----------- 
{shiny}      R  stderr  ----------- Listening on http://127.0.0.1:5452
{shiny}      R  stderr  ----------- Initializing reporter_previewer_module
{shiny}      R  stderr  ----------- Initializing reporter_previewer_module
{shiny}      R  stderr  ----------- Warning: Error in &lt;Anonymous&gt;: error in evaluating the argument 'code' in selecting a method for function 'eval_code': object of type 'symbol' is not subsettable
{shiny}      R  stderr  -----------   251: &lt;Anonymous&gt;
{shiny}      R  stderr  -----------   250: identical
{shiny}      R  stderr  -----------   249: FUN
{shiny}      R  stderr  -----------   248: lapply
{shiny}      R  stderr  -----------   247: FUN
{shiny}      R  stderr  -----------   246: lapply
{shiny}      R  stderr  -----------   245: remove_pipe_null
{shiny}      R  stderr  -----------   244: %&gt;%
{shiny}      R  stderr  -----------   242: &lt;reactive&gt;
{shiny}      R  stderr  -----------   222: common_code_q
{shiny}      R  stderr  -----------   215: &lt;reactive&gt;
{shiny}      R  stderr  -----------   195: data
{shiny}      R  stderr  -----------   189: &lt;reactive&gt;
{shiny}      R  stderr  -----------   169: decorated_q[[req(current_tab_r())]]
{shiny}      R  stderr  -----------   168: &lt;reactive&gt;
{shiny}      R  stderr  -----------   148: data
{shiny}      R  stderr  -----------   142: &lt;reactive&gt;
{shiny}      R  stderr  -----------   122: decorated_final_q
{shiny}      R  stderr  -----------   121: exprFunc
{shiny}      R  stderr  -----------   120: widgetFunc
{shiny}      R  stderr  -----------   119: ::
{shiny}      R  stderr  ----------- htmlwidgets
{shiny}      R  stderr  ----------- shinyRenderWidget
{shiny}      R  stderr  -----------   118: func
{shiny}      R  stderr  -----------   105: renderFunc
{shiny}      R  stderr  -----------   104: renderFunc
{shiny}      R  stderr  -----------   100: renderFunc
{shiny}      R  stderr  -----------    99: output$teal-teal_modules-outliers_module-module-summary_table
{shiny}      R  stderr  -----------    14: &lt;Anonymous&gt;
{shiny}      R  stderr  -----------    12: &lt;Anonymous&gt;
{shiny}      R  stderr  -----------    11: &lt;Anonymous&gt;
{shiny}      R  stderr  -----------    10: base::do.call
{shiny}      R  stderr  -----------     9: base::saveRDS
{shiny}      R  stderr  -----------     8: base::withCallingHandlers
{shiny}      R  stderr  -----------     7: doTryCatch
{shiny}      R  stderr  -----------     6: tryCatchOne
{shiny}      R  stderr  -----------     5: tryCatchList
{shiny}      R  stderr  -----------     2: tryCatchList
{shiny}      R  stderr  -----------     1: base::tryCatch
{shiny}      R  stderr  ----------- Warning: Error in &lt;Anonymous&gt;: error in evaluating the argument 'code' in selecting a method for function 'eval_code': object of type 'symbol' is not subsettable
{shiny}      R  stderr  -----------   251: &lt;Anonymous&gt;
{shiny}      R  stderr  -----------   250: identical
{shiny}      R  stderr  -----------   249: FUN
{shiny}      R  stderr  -----------   248: lapply
{shiny}      R  stderr  -----------   247: FUN
{shiny}      R  stderr  -----------   246: lapply
{shiny}      R  stderr  -----------   245: remove_pipe_null
{shiny}      R  stderr  -----------   244: %&gt;%
{shiny}      R  stderr  -----------   242: &lt;reactive&gt;
{shiny}      R  stderr  -----------   222: common_code_q
{shiny}      R  stderr  -----------   215: &lt;reactive&gt;
{shiny}      R  stderr  -----------   195: data
{shiny}      R  stderr  -----------   189: &lt;reactive&gt;
{shiny}      R  stderr  -----------   169: decorated_q[[req(current_tab_r())]]
{shiny}      R  stderr  -----------   168: &lt;reactive&gt;
{shiny}      R  stderr  -----------   148: data
{shiny}      R  stderr  -----------   142: &lt;reactive&gt;
{shiny}      R  stderr  -----------   122: decorated_final_q
{shiny}      R  stderr  -----------   121: exprFunc
{shiny}      R  stderr  -----------   120: widgetFunc
{shiny}      R  stderr  -----------   119: ::
{shiny}      R  stderr  ----------- htmlwidgets
{shiny}      R  stderr  ----------- shinyRenderWidget
{shiny}      R  stderr  -----------   118: func
{shiny}      R  stderr  -----------   105: renderFunc
{shiny}      R  stderr  -----------   104: renderFunc
{shiny}      R  stderr  -----------   100: renderFunc
{shiny}      R  stderr  -----------    99: output$teal-teal_modules-outliers_module-module-summary_table
{shiny}      R  stderr  -----------    14: &lt;Anonymous&gt;
{shiny}      R  stderr  -----------    12: &lt;Anonymous&gt;
{shiny}      R  stderr  -----------    11: &lt;Anonymous&gt;
{shiny}      R  stderr  -----------    10: base::do.call
{shiny}      R  stderr  -----------     9: base::saveRDS
{shiny}      R  stderr  -----------     8: base::withCallingHandlers
{shiny}      R  stderr  -----------     7: doTryCatch
{shiny}      R  stderr  -----------     6: tryCatchOne
{shiny}      R  stderr  -----------     5: tryCatchList
{shiny}      R  stderr  -----------     2: tryCatchList
{shiny}      R  stderr  -----------     1: base::tryCatch
{shiny}      R  stderr  ----------- Warning: Error in &lt;Anonymous&gt;: error in evaluating the argument 'code' in selecting a method for function 'eval_code': object of type 'symbol' is not subsettable
{shiny}      R  stderr  -----------   14: &lt;Anonymous&gt;
{shiny}      R  stderr  -----------   12: &lt;Anonymous&gt;
{shiny}      R  stderr  -----------   11: &lt;Anonymous&gt;
{shiny}      R  stderr  -----------   10: base::do.call
{shiny}      R  stderr  -----------    9: base::saveRDS
{shiny}      R  stderr  -----------    8: base::withCallingHandlers
{shiny}      R  stderr  -----------    7: doTryCatch
{shiny}      R  stderr  -----------    6: tryCatchOne
{shiny}      R  stderr  -----------    5: tryCatchList
{shiny}      R  stderr  -----------    2: tryCatchList
{shiny}      R  stderr  -----------    1: base::tryCatch
{shiny}      R  stderr  ----------- Warning: Error in &lt;Anonymous&gt;: error in evaluating the argument 'code' in selecting a method for function 'eval_code': object of type 'symbol' is not subsettable
{shiny}      R  stderr  -----------   124: &lt;Anonymous&gt;
{shiny}      R  stderr  -----------   123: stop
{shiny}      R  stderr  -----------   122: common_code_q
{shiny}      R  stderr  -----------   121: exprFunc
{shiny}      R  stderr  -----------   120: widgetFunc
{shiny}      R  stderr  -----------   119: ::
{shiny}      R  stderr  ----------- htmlwidgets
{shiny}      R  stderr  ----------- shinyRenderWidget
{shiny}      R  stderr  -----------   118: func
{shiny}      R  stderr  -----------   105: renderFunc
{shiny}      R  stderr  -----------   104: renderFunc
{shiny}      R  stderr  -----------   100: renderFunc
{shiny}      R  stderr  -----------    99: output$teal-teal_modules-outliers_module-module-table_ui
{shiny}      R  stderr  -----------    14: &lt;Anonymous&gt;
{shiny}      R  stderr  -----------    12: &lt;Anonymous&gt;
{shiny}      R  stderr  -----------    11: &lt;Anonymous&gt;
{shiny}      R  stderr  -----------    10: base::do.call
{shiny}      R  stderr  -----------     9: base::saveRDS
{shiny}      R  stderr  -----------     8: base::withCallingHandlers
{shiny}      R  stderr  -----------     7: doTryCatch
{shiny}      R  stderr  -----------     6: tryCatchOne
{shiny}      R  stderr  -----------     5: tryCatchList
{shiny}      R  stderr  -----------     2: tryCatchList
{shiny}      R  stderr  -----------     1: base::tryCatch
{shiny}      R  stderr  ----------- Warning: Error in &lt;Anonymous&gt;: error in evaluating the argument 'code' in selecting a method for function 'eval_code': object of type 'symbol' is not subsettable
{shiny}      R  stderr  -----------   117: &lt;Anonymous&gt;
{shiny}      R  stderr  -----------   116: stop
{shiny}      R  stderr  -----------   115: common_code_q
{shiny}      R  stderr  -----------   114: renderUI
{shiny}      R  stderr  -----------   113: func
{shiny}      R  stderr  -----------   100: renderFunc
{shiny}      R  stderr  -----------    99: output$teal-teal_modules-outliers_module-module-total_outliers
{shiny}      R  stderr  -----------    14: &lt;Anonymous&gt;
{shiny}      R  stderr  -----------    12: &lt;Anonymous&gt;
{shiny}      R  stderr  -----------    11: &lt;Anonymous&gt;
{shiny}      R  stderr  -----------    10: base::do.call
{shiny}      R  stderr  -----------     9: base::saveRDS
{shiny}      R  stderr  -----------     8: base::withCallingHandlers
{shiny}      R  stderr  -----------     7: doTryCatch
{shiny}      R  stderr  -----------     6: tryCatchOne
{shiny}      R  stderr  -----------     5: tryCatchList
{shiny}      R  stderr  -----------     2: tryCatchList
{shiny}      R  stderr  -----------     1: base::tryCatch


Caused by error in `app_initialize_()`:
! Shiny app did not become stable in 1e+05ms.
Message: An error occurred while waiting for Shiny to be stable
Caused by error in `app_wait_for_idle()`:
! An error occurred while waiting for Shiny to be stable
Backtrace:
     ▆
  1. ├─teal.modules.general (local) app_driver_tm_outlier() at test-shinytest2-tm_outliers.R:175:3
  2. │ └─teal.modules.general:::init_teal_app_driver(...) at test-shinytest2-tm_outliers.R:16:3
  3. │   ├─testthat::with_mocked_bindings(...) at tests/testthat/helper-TealAppDriver.R:7:3
  4. │   └─TealAppDriver$new(...) at tests/testthat/helper-TealAppDriver.R:10:7
  5. │     └─teal (local) initialize(...)
  6. │       ├─base::suppressWarnings(...)
  7. │       │ └─base::withCallingHandlers(...)
  8. │       └─super$initialize(...)
  9. │         └─shinytest2:::app_initialize(...)
 10. │           ├─base::withCallingHandlers(...)
 11. │           └─shinytest2:::app_initialize_(self, private, ..., view = view)
 12. │             ├─base::withCallingHandlers(...)
 13. │             └─self$wait_for_idle(duration = 200, timeout = private$load_timeout)
 14. │               └─shinytest2:::app_wait_for_idle(...)
 15. │                 └─shinytest2:::app_abort(self, private, "An error occurred while waiting for Shiny to be stable")
 16. │                   └─rlang::abort(..., app = self, call = call)
 17. │                     └─rlang:::signal_abort(cnd, .file)
 18. │                       └─base::signalCondition(cnd)
 19. ├─shinytest2 (local) `&lt;fn&gt;`(`&lt;rlng_rrr&gt;`)
 20. │ └─shinytest2:::app_abort(...)
 21. │   └─rlang::abort(..., app = self, call = call)
 22. │     └─rlang:::signal_abort(cnd, .file)
 23. │       └─base::signalCondition(cnd)
 24. └─shinytest2 (local) `&lt;fn&gt;`(`&lt;rlng_rrr&gt;`)
 25.   └─shinytest2:::app_abort(...)
 26.     └─rlang::abort(..., app = self, call = call)</error>
    </testcase>
    <testcase time="102.766" classname="shinytest2_tm_outliers" name="e2e_tm_outliers_Outlier_definition_text_and_range_are_displayed_properly_depending_on_method.">
      <error type="error" message="Error in `app_initialize(self, private, app_dir = app_dir, ..., load_timeout = load_timeout,  ('test-shinytest2-tm_outliers.R:190:3')">Error in `app_initialize(self, private, app_dir = app_dir, ..., load_timeout = load_timeout, 
    timeout = timeout, wait = wait, expect_values_screenshot_args = expect_values_screenshot_args, 
    screenshot_args = screenshot_args, check_names = check_names, 
    name = name, variant = variant, view = view, height = height, 
    width = width, seed = seed, clean_logs = clean_logs, shiny_args = shiny_args, 
    render_args = render_args, options = options)`: Shiny app did not become stable in 1e+05ms.
Message: An error occurred while waiting for Shiny to be stable
Caused by error in `app_wait_for_idle()`:
! An error occurred while waiting for Shiny to be stable


ℹ You can inspect the failed AppDriver object via `rlang::last_error()$app`
ℹ AppDriver logs:
{shinytest2} R  info    15:44:25.54 Start AppDriver initialization
{shinytest2} R  info    15:44:25.59 Starting Shiny app
{shinytest2} R  info    15:44:26.61 Creating new ChromoteSession
{shinytest2} R  info    15:44:26.65 Navigating to Shiny app
{shinytest2} R  info    15:44:27.27 Injecting shiny-tracer.js
{chromote}   JS info    15:44:27.29 shinytest2; jQuery not found
{chromote}   JS info    15:44:27.29 shinytest2; Loaded
{shinytest2} R  info    15:44:27.29 Waiting for Shiny to become ready
{chromote}   JS info    15:44:27.34 shinytest2; jQuery found
{chromote}   JS info    15:44:27.34 shinytest2; Waiting for shiny session to connect
{chromote}   JS info    15:44:27.81 shinytest2; Connected
{chromote}   JS info    15:44:27.81 shinytest2; shiny:busy
{shinytest2} R  info    15:44:27.81 Waiting for Shiny to become idle for 200ms within 1e+05ms
{chromote}   JS info    15:44:27.81 shinytest2; Waiting for Shiny to be stable
{chromote}   JS warning 15:44:28.70 Couldn't perform validation update on input with id 'teal-teal_modules-outliers_module-module-categorical_var-dataset_CO2_singleextract-select': input not found
                                    (anonymous) @ shinyvalidate-0.1.3/shinyvalidate.js:3443:18
                                    (anonymous) @ shiny-javascript-1.10.0/shiny.min.js:1:407159
                                    m           @ shiny-javascript-1.10.0/shiny.min.js:1:388827
                                    (anonymous) @ shiny-javascript-1.10.0/shiny.min.js:1:390150
                                    (anonymous) @ shiny-javascript-1.10.0/shiny.min.js:1:389186
                                    nT          @ shiny-javascript-1.10.0/shiny.min.js:1:394797
                                    s           @ shiny-javascript-1.10.0/shiny.min.js:1:394995
                                    (anonymous) @ shiny-javascript-1.10.0/shiny.min.js:1:395056
                                    (anonymous) @ shiny-javascript-1.10.0/shiny.min.js:1:394936
                                    t           @ shiny-javascript-1.10.0/shiny.min.js:1:407274
                                    (anonymous) @ shiny-javascript-1.10.0/shiny.min.js:1:410753
                                    m           @ shiny-javascript-1.10.0/shiny.min.js:1:388827
                                    (anonymous) @ shiny-javascript-1.10.0/shiny.min.js:1:390150
                                    (anonymous) @ shiny-javascript-1.10.0/shiny.min.js:1:389186
                                    nT          @ shiny-javascript-1.10.0/shiny.min.js:1:394797
                                    s           @ shiny-javascript-1.10.0/shiny.min.js:1:394995
                                    (anonymous) @ shiny-javascript-1.10.0/shiny.min.js:1:395056
                                    (anonymous) @ shiny-javascript-1.10.0/shiny.min.js:1:394936
                                    (anonymous) @ shiny-javascript-1.10.0/shiny.min.js:1:410855
                                    (anonymous) @ shiny-javascript-1.10.0/shiny.min.js:1:407159
                                    m           @ shiny-javascript-1.10.0/shiny.min.js:1:388827
                                    (anonymous) @ shiny-javascript-1.10.0/shiny.min.js:1:390150
                                    (anonymous) @ shiny-javascript-1.10.0/shiny.min.js:1:389186
                                    nT          @ shiny-javascript-1.10.0/shiny.min.js:1:394797
                                    s           @ shiny-javascript-1.10.0/shiny.min.js:1:394995
                                    (anonymous) @ shiny-javascript-1.10.0/shiny.min.js:1:395056
                                    (anonymous) @ shiny-javascript-1.10.0/shiny.min.js:1:394936
                                    t           @ shiny-javascript-1.10.0/shiny.min.js:1:407274
                                    (anonymous) @ shiny-javascript-1.10.0/shiny.min.js:1:406722
                                    m           @ shiny-javascript-1.10.0/shiny.min.js:1:388827
                                    (anonymous) @ shiny-javascript-1.10.0/shiny.min.js:1:390150
                                    (anonymous) @ shiny-javascript-1.10.0/shiny.min.js:1:389186
                                    nT          @ shiny-javascript-1.10.0/shiny.min.js:1:394797
                                    s           @ shiny-javascript-1.10.0/shiny.min.js:1:394995
                                    (anonymous) @ shiny-javascript-1.10.0/shiny.min.js:1:395056
                                    (anonymous) @ shiny-javascript-1.10.0/shiny.min.js:1:394936
                                    t           @ shiny-javascript-1.10.0/shiny.min.js:1:406868
                                    (anonymous) @ shiny-javascript-1.10.0/shiny.min.js:1:400961
                                    m           @ shiny-javascript-1.10.0/shiny.min.js:1:388827
                                    (anonymous) @ shiny-javascript-1.10.0/shiny.min.js:1:390150
                                    (anonymous) @ shiny-javascript-1.10.0/shiny.min.js:1:389186
                                    nT          @ shiny-javascript-1.10.0/shiny.min.js:1:394797
                                    s           @ shiny-javascript-1.10.0/shiny.min.js:1:394995
                                    (anonymous) @ shiny-javascript-1.10.0/shiny.min.js:1:395056
                                    (anonymous) @ shiny-javascript-1.10.0/shiny.min.js:1:394936
                                    (anonymous) @ shiny-javascript-1.10.0/shiny.min.js:1:401480
                                    m           @ shiny-javascript-1.10.0/shiny.min.js:1:388827
                                    (anonymous) @ shiny-javascript-1.10.0/shiny.min.js:1:390150
                                    (anonymous) @ shiny-javascript-1.10.0/shiny.min.js:1:389186
                                    nT          @ shiny-javascript-1.10.0/shiny.min.js:1:394797
                                    s           @ shiny-javascript-1.10.0/shiny.min.js:1:394995
{shinytest2} R  info    15:46:07.83 Error while initializing AppDriver:
                                    Shiny app did not become stable in 1e+05ms.
                                    Message: An error occurred while waiting for Shiny to be stable
                                    Caused by error in `app_wait_for_idle()`:
                                    ! An error occurred while waiting for Shiny to be stable
{shiny}      R  stderr  ----------- Loading required package: shiny
{shiny}      R  stderr  ----------- Attempting to load the environment ‘package:sparkline’
{shiny}      R  stderr  ----------- Loading required package: ggmosaic
{shiny}      R  stderr  ----------- Loading required package: ggplot2
{shiny}      R  stderr  ----------- Loading required package: teal
{shiny}      R  stderr  ----------- Loading required package: teal.data
{shiny}      R  stderr  ----------- Loading required package: teal.code
{shiny}      R  stderr  ----------- Loading required package: teal.slice
{shiny}      R  stderr  ----------- 
{shiny}      R  stderr  ----------- You are using teal version 0.16.0
{shiny}      R  stderr  ----------- 
{shiny}      R  stderr  ----------- Attaching package: ‘teal’
{shiny}      R  stderr  ----------- 
{shiny}      R  stderr  ----------- The following objects are masked from ‘package:teal.slice’:
{shiny}      R  stderr  ----------- 
{shiny}      R  stderr  -----------     as.teal_slices, teal_slices
{shiny}      R  stderr  ----------- 
{shiny}      R  stderr  ----------- Loading required package: teal.transform
{shiny}      R  stderr  ----------- Running application in test mode.
{shiny}      R  stderr  ----------- 
{shiny}      R  stderr  ----------- Listening on http://127.0.0.1:6187
{shiny}      R  stderr  ----------- Initializing reporter_previewer_module
{shiny}      R  stderr  ----------- Initializing reporter_previewer_module
{shiny}      R  stderr  ----------- Warning: Error in &lt;Anonymous&gt;: error in evaluating the argument 'code' in selecting a method for function 'eval_code': object of type 'symbol' is not subsettable
{shiny}      R  stderr  -----------   251: &lt;Anonymous&gt;
{shiny}      R  stderr  -----------   250: identical
{shiny}      R  stderr  -----------   249: FUN
{shiny}      R  stderr  -----------   248: lapply
{shiny}      R  stderr  -----------   247: FUN
{shiny}      R  stderr  -----------   246: lapply
{shiny}      R  stderr  -----------   245: remove_pipe_null
{shiny}      R  stderr  -----------   244: %&gt;%
{shiny}      R  stderr  -----------   242: &lt;reactive&gt;
{shiny}      R  stderr  -----------   222: common_code_q
{shiny}      R  stderr  -----------   215: &lt;reactive&gt;
{shiny}      R  stderr  -----------   195: data
{shiny}      R  stderr  -----------   189: &lt;reactive&gt;
{shiny}      R  stderr  -----------   169: decorated_q[[req(current_tab_r())]]
{shiny}      R  stderr  -----------   168: &lt;reactive&gt;
{shiny}      R  stderr  -----------   148: data
{shiny}      R  stderr  -----------   142: &lt;reactive&gt;
{shiny}      R  stderr  -----------   122: decorated_final_q
{shiny}      R  stderr  -----------   121: exprFunc
{shiny}      R  stderr  -----------   120: widgetFunc
{shiny}      R  stderr  -----------   119: ::
{shiny}      R  stderr  ----------- htmlwidgets
{shiny}      R  stderr  ----------- shinyRenderWidget
{shiny}      R  stderr  -----------   118: func
{shiny}      R  stderr  -----------   105: renderFunc
{shiny}      R  stderr  -----------   104: renderFunc
{shiny}      R  stderr  -----------   100: renderFunc
{shiny}      R  stderr  -----------    99: output$teal-teal_modules-outliers_module-module-summary_table
{shiny}      R  stderr  -----------    14: &lt;Anonymous&gt;
{shiny}      R  stderr  -----------    12: &lt;Anonymous&gt;
{shiny}      R  stderr  -----------    11: &lt;Anonymous&gt;
{shiny}      R  stderr  -----------    10: base::do.call
{shiny}      R  stderr  -----------     9: base::saveRDS
{shiny}      R  stderr  -----------     8: base::withCallingHandlers
{shiny}      R  stderr  -----------     7: doTryCatch
{shiny}      R  stderr  -----------     6: tryCatchOne
{shiny}      R  stderr  -----------     5: tryCatchList
{shiny}      R  stderr  -----------     2: tryCatchList
{shiny}      R  stderr  -----------     1: base::tryCatch
{shiny}      R  stderr  ----------- Warning: Error in &lt;Anonymous&gt;: error in evaluating the argument 'code' in selecting a method for function 'eval_code': object of type 'symbol' is not subsettable
{shiny}      R  stderr  -----------   251: &lt;Anonymous&gt;
{shiny}      R  stderr  -----------   250: identical
{shiny}      R  stderr  -----------   249: FUN
{shiny}      R  stderr  -----------   248: lapply
{shiny}      R  stderr  -----------   247: FUN
{shiny}      R  stderr  -----------   246: lapply
{shiny}      R  stderr  -----------   245: remove_pipe_null
{shiny}      R  stderr  -----------   244: %&gt;%
{shiny}      R  stderr  -----------   242: &lt;reactive&gt;
{shiny}      R  stderr  -----------   222: common_code_q
{shiny}      R  stderr  -----------   215: &lt;reactive&gt;
{shiny}      R  stderr  -----------   195: data
{shiny}      R  stderr  -----------   189: &lt;reactive&gt;
{shiny}      R  stderr  -----------   169: decorated_q[[req(current_tab_r())]]
{shiny}      R  stderr  -----------   168: &lt;reactive&gt;
{shiny}      R  stderr  -----------   148: data
{shiny}      R  stderr  -----------   142: &lt;reactive&gt;
{shiny}      R  stderr  -----------   122: decorated_final_q
{shiny}      R  stderr  -----------   121: exprFunc
{shiny}      R  stderr  -----------   120: widgetFunc
{shiny}      R  stderr  -----------   119: ::
{shiny}      R  stderr  ----------- htmlwidgets
{shiny}      R  stderr  ----------- shinyRenderWidget
{shiny}      R  stderr  -----------   118: func
{shiny}      R  stderr  -----------   105: renderFunc
{shiny}      R  stderr  -----------   104: renderFunc
{shiny}      R  stderr  -----------   100: renderFunc
{shiny}      R  stderr  -----------    99: output$teal-teal_modules-outliers_module-module-summary_table
{shiny}      R  stderr  -----------    14: &lt;Anonymous&gt;
{shiny}      R  stderr  -----------    12: &lt;Anonymous&gt;
{shiny}      R  stderr  -----------    11: &lt;Anonymous&gt;
{shiny}      R  stderr  -----------    10: base::do.call
{shiny}      R  stderr  -----------     9: base::saveRDS
{shiny}      R  stderr  -----------     8: base::withCallingHandlers
{shiny}      R  stderr  -----------     7: doTryCatch
{shiny}      R  stderr  -----------     6: tryCatchOne
{shiny}      R  stderr  -----------     5: tryCatchList
{shiny}      R  stderr  -----------     2: tryCatchList
{shiny}      R  stderr  -----------     1: base::tryCatch
{shiny}      R  stderr  ----------- Warning: Error in &lt;Anonymous&gt;: error in evaluating the argument 'code' in selecting a method for function 'eval_code': object of type 'symbol' is not subsettable
{shiny}      R  stderr  -----------   14: &lt;Anonymous&gt;
{shiny}      R  stderr  -----------   12: &lt;Anonymous&gt;
{shiny}      R  stderr  -----------   11: &lt;Anonymous&gt;
{shiny}      R  stderr  -----------   10: base::do.call
{shiny}      R  stderr  -----------    9: base::saveRDS
{shiny}      R  stderr  -----------    8: base::withCallingHandlers
{shiny}      R  stderr  -----------    7: doTryCatch
{shiny}      R  stderr  -----------    6: tryCatchOne
{shiny}      R  stderr  -----------    5: tryCatchList
{shiny}      R  stderr  -----------    2: tryCatchList
{shiny}      R  stderr  -----------    1: base::tryCatch
{shiny}      R  stderr  ----------- Warning: Error in &lt;Anonymous&gt;: error in evaluating the argument 'code' in selecting a method for function 'eval_code': object of type 'symbol' is not subsettable
{shiny}      R  stderr  -----------   124: &lt;Anonymous&gt;
{shiny}      R  stderr  -----------   123: stop
{shiny}      R  stderr  -----------   122: common_code_q
{shiny}      R  stderr  -----------   121: exprFunc
{shiny}      R  stderr  -----------   120: widgetFunc
{shiny}      R  stderr  -----------   119: ::
{shiny}      R  stderr  ----------- htmlwidgets
{shiny}      R  stderr  ----------- shinyRenderWidget
{shiny}      R  stderr  -----------   118: func
{shiny}      R  stderr  -----------   105: renderFunc
{shiny}      R  stderr  -----------   104: renderFunc
{shiny}      R  stderr  -----------   100: renderFunc
{shiny}      R  stderr  -----------    99: output$teal-teal_modules-outliers_module-module-table_ui
{shiny}      R  stderr  -----------    14: &lt;Anonymous&gt;
{shiny}      R  stderr  -----------    12: &lt;Anonymous&gt;
{shiny}      R  stderr  -----------    11: &lt;Anonymous&gt;
{shiny}      R  stderr  -----------    10: base::do.call
{shiny}      R  stderr  -----------     9: base::saveRDS
{shiny}      R  stderr  -----------     8: base::withCallingHandlers
{shiny}      R  stderr  -----------     7: doTryCatch
{shiny}      R  stderr  -----------     6: tryCatchOne
{shiny}      R  stderr  -----------     5: tryCatchList
{shiny}      R  stderr  -----------     2: tryCatchList
{shiny}      R  stderr  -----------     1: base::tryCatch
{shiny}      R  stderr  ----------- Warning: Error in &lt;Anonymous&gt;: error in evaluating the argument 'code' in selecting a method for function 'eval_code': object of type 'symbol' is not subsettable
{shiny}      R  stderr  -----------   117: &lt;Anonymous&gt;
{shiny}      R  stderr  -----------   116: stop
{shiny}      R  stderr  -----------   115: common_code_q
{shiny}      R  stderr  -----------   114: renderUI
{shiny}      R  stderr  -----------   113: func
{shiny}      R  stderr  -----------   100: renderFunc
{shiny}      R  stderr  -----------    99: output$teal-teal_modules-outliers_module-module-total_outliers
{shiny}      R  stderr  -----------    14: &lt;Anonymous&gt;
{shiny}      R  stderr  -----------    12: &lt;Anonymous&gt;
{shiny}      R  stderr  -----------    11: &lt;Anonymous&gt;
{shiny}      R  stderr  -----------    10: base::do.call
{shiny}      R  stderr  -----------     9: base::saveRDS
{shiny}      R  stderr  -----------     8: base::withCallingHandlers
{shiny}      R  stderr  -----------     7: doTryCatch
{shiny}      R  stderr  -----------     6: tryCatchOne
{shiny}      R  stderr  -----------     5: tryCatchList
{shiny}      R  stderr  -----------     2: tryCatchList
{shiny}      R  stderr  -----------     1: base::tryCatch


Caused by error in `app_initialize_()`:
! Shiny app did not become stable in 1e+05ms.
Message: An error occurred while waiting for Shiny to be stable
Caused by error in `app_wait_for_idle()`:
! An error occurred while waiting for Shiny to be stable
Backtrace:
     ▆
  1. ├─teal.modules.general (local) app_driver_tm_outlier() at test-shinytest2-tm_outliers.R:190:3
  2. │ └─teal.modules.general:::init_teal_app_driver(...) at test-shinytest2-tm_outliers.R:16:3
  3. │   ├─testthat::with_mocked_bindings(...) at tests/testthat/helper-TealAppDriver.R:7:3
  4. │   └─TealAppDriver$new(...) at tests/testthat/helper-TealAppDriver.R:10:7
  5. │     └─teal (local) initialize(...)
  6. │       ├─base::suppressWarnings(...)
  7. │       │ └─base::withCallingHandlers(...)
  8. │       └─super$initialize(...)
  9. │         └─shinytest2:::app_initialize(...)
 10. │           ├─base::withCallingHandlers(...)
 11. │           └─shinytest2:::app_initialize_(self, private, ..., view = view)
 12. │             ├─base::withCallingHandlers(...)
 13. │             └─self$wait_for_idle(duration = 200, timeout = private$load_timeout)
 14. │               └─shinytest2:::app_wait_for_idle(...)
 15. │                 └─shinytest2:::app_abort(self, private, "An error occurred while waiting for Shiny to be stable")
 16. │                   └─rlang::abort(..., app = self, call = call)
 17. │                     └─rlang:::signal_abort(cnd, .file)
 18. │                       └─base::signalCondition(cnd)
 19. ├─shinytest2 (local) `&lt;fn&gt;`(`&lt;rlng_rrr&gt;`)
 20. │ └─shinytest2:::app_abort(...)
 21. │   └─rlang::abort(..., app = self, call = call)
 22. │     └─rlang:::signal_abort(cnd, .file)
 23. │       └─base::signalCondition(cnd)
 24. └─shinytest2 (local) `&lt;fn&gt;`(`&lt;rlng_rrr&gt;`)
 25.   └─shinytest2:::app_abort(...)
 26.     └─rlang::abort(..., app = self, call = call)</error>
    </testcase>
    <testcase time="102.705" classname="shinytest2_tm_outliers" name="e2e_tm_outliers_Outliers_summary_table_is_displayed_with_proper_content.">
      <error type="error" message="Error in `app_initialize(self, private, app_dir = app_dir, ..., load_timeout = load_timeout,  ('test-shinytest2-tm_outliers.R:241:3')">Error in `app_initialize(self, private, app_dir = app_dir, ..., load_timeout = load_timeout, 
    timeout = timeout, wait = wait, expect_values_screenshot_args = expect_values_screenshot_args, 
    screenshot_args = screenshot_args, check_names = check_names, 
    name = name, variant = variant, view = view, height = height, 
    width = width, seed = seed, clean_logs = clean_logs, shiny_args = shiny_args, 
    render_args = render_args, options = options)`: Shiny app did not become stable in 1e+05ms.
Message: An error occurred while waiting for Shiny to be stable
Caused by error in `app_wait_for_idle()`:
! An error occurred while waiting for Shiny to be stable


ℹ You can inspect the failed AppDriver object via `rlang::last_error()$app`
ℹ AppDriver logs:
{shinytest2} R  info    15:46:08.30 Start AppDriver initialization
{shinytest2} R  info    15:46:08.35 Starting Shiny app
{shinytest2} R  info    15:46:09.37 Creating new ChromoteSession
{shinytest2} R  info    15:46:09.41 Navigating to Shiny app
{shinytest2} R  info    15:46:10.04 Injecting shiny-tracer.js
{chromote}   JS info    15:46:10.05 shinytest2; jQuery not found
{chromote}   JS info    15:46:10.05 shinytest2; Loaded
{shinytest2} R  info    15:46:10.05 Waiting for Shiny to become ready
{chromote}   JS info    15:46:10.15 shinytest2; jQuery found
{chromote}   JS info    15:46:10.15 shinytest2; Waiting for shiny session to connect
{chromote}   JS info    15:46:10.44 shinytest2; Connected
{chromote}   JS info    15:46:10.50 shinytest2; shiny:busy
{shinytest2} R  info    15:46:10.52 Waiting for Shiny to become idle for 200ms within 1e+05ms
{chromote}   JS info    15:46:10.52 shinytest2; Waiting for Shiny to be stable
{chromote}   JS warning 15:46:11.47 Couldn't perform validation update on input with id 'teal-teal_modules-outliers_module-module-categorical_var-dataset_CO2_singleextract-select': input not found
                                    (anonymous) @ shinyvalidate-0.1.3/shinyvalidate.js:3443:18
                                    (anonymous) @ shiny-javascript-1.10.0/shiny.min.js:1:407159
                                    m           @ shiny-javascript-1.10.0/shiny.min.js:1:388827
                                    (anonymous) @ shiny-javascript-1.10.0/shiny.min.js:1:390150
                                    (anonymous) @ shiny-javascript-1.10.0/shiny.min.js:1:389186
                                    nT          @ shiny-javascript-1.10.0/shiny.min.js:1:394797
                                    s           @ shiny-javascript-1.10.0/shiny.min.js:1:394995
                                    (anonymous) @ shiny-javascript-1.10.0/shiny.min.js:1:395056
                                    (anonymous) @ shiny-javascript-1.10.0/shiny.min.js:1:394936
                                    t           @ shiny-javascript-1.10.0/shiny.min.js:1:407274
                                    (anonymous) @ shiny-javascript-1.10.0/shiny.min.js:1:410753
                                    m           @ shiny-javascript-1.10.0/shiny.min.js:1:388827
                                    (anonymous) @ shiny-javascript-1.10.0/shiny.min.js:1:390150
                                    (anonymous) @ shiny-javascript-1.10.0/shiny.min.js:1:389186
                                    nT          @ shiny-javascript-1.10.0/shiny.min.js:1:394797
                                    s           @ shiny-javascript-1.10.0/shiny.min.js:1:394995
                                    (anonymous) @ shiny-javascript-1.10.0/shiny.min.js:1:395056
                                    (anonymous) @ shiny-javascript-1.10.0/shiny.min.js:1:394936
                                    (anonymous) @ shiny-javascript-1.10.0/shiny.min.js:1:410855
                                    (anonymous) @ shiny-javascript-1.10.0/shiny.min.js:1:407159
                                    m           @ shiny-javascript-1.10.0/shiny.min.js:1:388827
                                    (anonymous) @ shiny-javascript-1.10.0/shiny.min.js:1:390150
                                    (anonymous) @ shiny-javascript-1.10.0/shiny.min.js:1:389186
                                    nT          @ shiny-javascript-1.10.0/shiny.min.js:1:394797
                                    s           @ shiny-javascript-1.10.0/shiny.min.js:1:394995
                                    (anonymous) @ shiny-javascript-1.10.0/shiny.min.js:1:395056
                                    (anonymous) @ shiny-javascript-1.10.0/shiny.min.js:1:394936
                                    t           @ shiny-javascript-1.10.0/shiny.min.js:1:407274
                                    (anonymous) @ shiny-javascript-1.10.0/shiny.min.js:1:406722
                                    m           @ shiny-javascript-1.10.0/shiny.min.js:1:388827
                                    (anonymous) @ shiny-javascript-1.10.0/shiny.min.js:1:390150
                                    (anonymous) @ shiny-javascript-1.10.0/shiny.min.js:1:389186
                                    nT          @ shiny-javascript-1.10.0/shiny.min.js:1:394797
                                    s           @ shiny-javascript-1.10.0/shiny.min.js:1:394995
                                    (anonymous) @ shiny-javascript-1.10.0/shiny.min.js:1:395056
                                    (anonymous) @ shiny-javascript-1.10.0/shiny.min.js:1:394936
                                    t           @ shiny-javascript-1.10.0/shiny.min.js:1:406868
                                    (anonymous) @ shiny-javascript-1.10.0/shiny.min.js:1:400961
                                    m           @ shiny-javascript-1.10.0/shiny.min.js:1:388827
                                    (anonymous) @ shiny-javascript-1.10.0/shiny.min.js:1:390150
                                    (anonymous) @ shiny-javascript-1.10.0/shiny.min.js:1:389186
                                    nT          @ shiny-javascript-1.10.0/shiny.min.js:1:394797
                                    s           @ shiny-javascript-1.10.0/shiny.min.js:1:394995
                                    (anonymous) @ shiny-javascript-1.10.0/shiny.min.js:1:395056
                                    (anonymous) @ shiny-javascript-1.10.0/shiny.min.js:1:394936
                                    (anonymous) @ shiny-javascript-1.10.0/shiny.min.js:1:401480
                                    m           @ shiny-javascript-1.10.0/shiny.min.js:1:388827
                                    (anonymous) @ shiny-javascript-1.10.0/shiny.min.js:1:390150
                                    (anonymous) @ shiny-javascript-1.10.0/shiny.min.js:1:389186
                                    nT          @ shiny-javascript-1.10.0/shiny.min.js:1:394797
                                    s           @ shiny-javascript-1.10.0/shiny.min.js:1:394995
{shinytest2} R  info    15:47:50.53 Error while initializing AppDriver:
                                    Shiny app did not become stable in 1e+05ms.
                                    Message: An error occurred while waiting for Shiny to be stable
                                    Caused by error in `app_wait_for_idle()`:
                                    ! An error occurred while waiting for Shiny to be stable
{shiny}      R  stderr  ----------- Loading required package: shiny
{shiny}      R  stderr  ----------- Attempting to load the environment ‘package:sparkline’
{shiny}      R  stderr  ----------- Loading required package: ggmosaic
{shiny}      R  stderr  ----------- Loading required package: ggplot2
{shiny}      R  stderr  ----------- Loading required package: teal
{shiny}      R  stderr  ----------- Loading required package: teal.data
{shiny}      R  stderr  ----------- Loading required package: teal.code
{shiny}      R  stderr  ----------- Loading required package: teal.slice
{shiny}      R  stderr  ----------- 
{shiny}      R  stderr  ----------- You are using teal version 0.16.0
{shiny}      R  stderr  ----------- 
{shiny}      R  stderr  ----------- Attaching package: ‘teal’
{shiny}      R  stderr  ----------- 
{shiny}      R  stderr  ----------- The following objects are masked from ‘package:teal.slice’:
{shiny}      R  stderr  ----------- 
{shiny}      R  stderr  -----------     as.teal_slices, teal_slices
{shiny}      R  stderr  ----------- 
{shiny}      R  stderr  ----------- Loading required package: teal.transform
{shiny}      R  stderr  ----------- Running application in test mode.
{shiny}      R  stderr  ----------- 
{shiny}      R  stderr  ----------- Listening on http://127.0.0.1:5483
{shiny}      R  stderr  ----------- Initializing reporter_previewer_module
{shiny}      R  stderr  ----------- Initializing reporter_previewer_module
{shiny}      R  stderr  ----------- Warning: Error in &lt;Anonymous&gt;: error in evaluating the argument 'code' in selecting a method for function 'eval_code': object of type 'symbol' is not subsettable
{shiny}      R  stderr  -----------   251: &lt;Anonymous&gt;
{shiny}      R  stderr  -----------   250: identical
{shiny}      R  stderr  -----------   249: FUN
{shiny}      R  stderr  -----------   248: lapply
{shiny}      R  stderr  -----------   247: FUN
{shiny}      R  stderr  -----------   246: lapply
{shiny}      R  stderr  -----------   245: remove_pipe_null
{shiny}      R  stderr  -----------   244: %&gt;%
{shiny}      R  stderr  -----------   242: &lt;reactive&gt;
{shiny}      R  stderr  -----------   222: common_code_q
{shiny}      R  stderr  -----------   215: &lt;reactive&gt;
{shiny}      R  stderr  -----------   195: data
{shiny}      R  stderr  -----------   189: &lt;reactive&gt;
{shiny}      R  stderr  -----------   169: decorated_q[[req(current_tab_r())]]
{shiny}      R  stderr  -----------   168: &lt;reactive&gt;
{shiny}      R  stderr  -----------   148: data
{shiny}      R  stderr  -----------   142: &lt;reactive&gt;
{shiny}      R  stderr  -----------   122: decorated_final_q
{shiny}      R  stderr  -----------   121: exprFunc
{shiny}      R  stderr  -----------   120: widgetFunc
{shiny}      R  stderr  -----------   119: ::
{shiny}      R  stderr  ----------- htmlwidgets
{shiny}      R  stderr  ----------- shinyRenderWidget
{shiny}      R  stderr  -----------   118: func
{shiny}      R  stderr  -----------   105: renderFunc
{shiny}      R  stderr  -----------   104: renderFunc
{shiny}      R  stderr  -----------   100: renderFunc
{shiny}      R  stderr  -----------    99: output$teal-teal_modules-outliers_module-module-summary_table
{shiny}      R  stderr  -----------    14: &lt;Anonymous&gt;
{shiny}      R  stderr  -----------    12: &lt;Anonymous&gt;
{shiny}      R  stderr  -----------    11: &lt;Anonymous&gt;
{shiny}      R  stderr  -----------    10: base::do.call
{shiny}      R  stderr  -----------     9: base::saveRDS
{shiny}      R  stderr  -----------     8: base::withCallingHandlers
{shiny}      R  stderr  -----------     7: doTryCatch
{shiny}      R  stderr  -----------     6: tryCatchOne
{shiny}      R  stderr  -----------     5: tryCatchList
{shiny}      R  stderr  -----------     2: tryCatchList
{shiny}      R  stderr  -----------     1: base::tryCatch
{shiny}      R  stderr  ----------- Warning: Error in &lt;Anonymous&gt;: error in evaluating the argument 'code' in selecting a method for function 'eval_code': object of type 'symbol' is not subsettable
{shiny}      R  stderr  -----------   251: &lt;Anonymous&gt;
{shiny}      R  stderr  -----------   250: identical
{shiny}      R  stderr  -----------   249: FUN
{shiny}      R  stderr  -----------   248: lapply
{shiny}      R  stderr  -----------   247: FUN
{shiny}      R  stderr  -----------   246: lapply
{shiny}      R  stderr  -----------   245: remove_pipe_null
{shiny}      R  stderr  -----------   244: %&gt;%
{shiny}      R  stderr  -----------   242: &lt;reactive&gt;
{shiny}      R  stderr  -----------   222: common_code_q
{shiny}      R  stderr  -----------   215: &lt;reactive&gt;
{shiny}      R  stderr  -----------   195: data
{shiny}      R  stderr  -----------   189: &lt;reactive&gt;
{shiny}      R  stderr  -----------   169: decorated_q[[req(current_tab_r())]]
{shiny}      R  stderr  -----------   168: &lt;reactive&gt;
{shiny}      R  stderr  -----------   148: data
{shiny}      R  stderr  -----------   142: &lt;reactive&gt;
{shiny}      R  stderr  -----------   122: decorated_final_q
{shiny}      R  stderr  -----------   121: exprFunc
{shiny}      R  stderr  -----------   120: widgetFunc
{shiny}      R  stderr  -----------   119: ::
{shiny}      R  stderr  ----------- htmlwidgets
{shiny}      R  stderr  ----------- shinyRenderWidget
{shiny}      R  stderr  -----------   118: func
{shiny}      R  stderr  -----------   105: renderFunc
{shiny}      R  stderr  -----------   104: renderFunc
{shiny}      R  stderr  -----------   100: renderFunc
{shiny}      R  stderr  -----------    99: output$teal-teal_modules-outliers_module-module-summary_table
{shiny}      R  stderr  -----------    14: &lt;Anonymous&gt;
{shiny}      R  stderr  -----------    12: &lt;Anonymous&gt;
{shiny}      R  stderr  -----------    11: &lt;Anonymous&gt;
{shiny}      R  stderr  -----------    10: base::do.call
{shiny}      R  stderr  -----------     9: base::saveRDS
{shiny}      R  stderr  -----------     8: base::withCallingHandlers
{shiny}      R  stderr  -----------     7: doTryCatch
{shiny}      R  stderr  -----------     6: tryCatchOne
{shiny}      R  stderr  -----------     5: tryCatchList
{shiny}      R  stderr  -----------     2: tryCatchList
{shiny}      R  stderr  -----------     1: base::tryCatch
{shiny}      R  stderr  ----------- Warning: Error in &lt;Anonymous&gt;: error in evaluating the argument 'code' in selecting a method for function 'eval_code': object of type 'symbol' is not subsettable
{shiny}      R  stderr  -----------   14: &lt;Anonymous&gt;
{shiny}      R  stderr  -----------   12: &lt;Anonymous&gt;
{shiny}      R  stderr  -----------   11: &lt;Anonymous&gt;
{shiny}      R  stderr  -----------   10: base::do.call
{shiny}      R  stderr  -----------    9: base::saveRDS
{shiny}      R  stderr  -----------    8: base::withCallingHandlers
{shiny}      R  stderr  -----------    7: doTryCatch
{shiny}      R  stderr  -----------    6: tryCatchOne
{shiny}      R  stderr  -----------    5: tryCatchList
{shiny}      R  stderr  -----------    2: tryCatchList
{shiny}      R  stderr  -----------    1: base::tryCatch
{shiny}      R  stderr  ----------- Warning: Error in &lt;Anonymous&gt;: error in evaluating the argument 'code' in selecting a method for function 'eval_code': object of type 'symbol' is not subsettable
{shiny}      R  stderr  -----------   124: &lt;Anonymous&gt;
{shiny}      R  stderr  -----------   123: stop
{shiny}      R  stderr  -----------   122: common_code_q
{shiny}      R  stderr  -----------   121: exprFunc
{shiny}      R  stderr  -----------   120: widgetFunc
{shiny}      R  stderr  -----------   119: ::
{shiny}      R  stderr  ----------- htmlwidgets
{shiny}      R  stderr  ----------- shinyRenderWidget
{shiny}      R  stderr  -----------   118: func
{shiny}      R  stderr  -----------   105: renderFunc
{shiny}      R  stderr  -----------   104: renderFunc
{shiny}      R  stderr  -----------   100: renderFunc
{shiny}      R  stderr  -----------    99: output$teal-teal_modules-outliers_module-module-table_ui
{shiny}      R  stderr  -----------    14: &lt;Anonymous&gt;
{shiny}      R  stderr  -----------    12: &lt;Anonymous&gt;
{shiny}      R  stderr  -----------    11: &lt;Anonymous&gt;
{shiny}      R  stderr  -----------    10: base::do.call
{shiny}      R  stderr  -----------     9: base::saveRDS
{shiny}      R  stderr  -----------     8: base::withCallingHandlers
{shiny}      R  stderr  -----------     7: doTryCatch
{shiny}      R  stderr  -----------     6: tryCatchOne
{shiny}      R  stderr  -----------     5: tryCatchList
{shiny}      R  stderr  -----------     2: tryCatchList
{shiny}      R  stderr  -----------     1: base::tryCatch
{shiny}      R  stderr  ----------- Warning: Error in &lt;Anonymous&gt;: error in evaluating the argument 'code' in selecting a method for function 'eval_code': object of type 'symbol' is not subsettable
{shiny}      R  stderr  -----------   117: &lt;Anonymous&gt;
{shiny}      R  stderr  -----------   116: stop
{shiny}      R  stderr  -----------   115: common_code_q
{shiny}      R  stderr  -----------   114: renderUI
{shiny}      R  stderr  -----------   113: func
{shiny}      R  stderr  -----------   100: renderFunc
{shiny}      R  stderr  -----------    99: output$teal-teal_modules-outliers_module-module-total_outliers
{shiny}      R  stderr  -----------    14: &lt;Anonymous&gt;
{shiny}      R  stderr  -----------    12: &lt;Anonymous&gt;
{shiny}      R  stderr  -----------    11: &lt;Anonymous&gt;
{shiny}      R  stderr  -----------    10: base::do.call
{shiny}      R  stderr  -----------     9: base::saveRDS
{shiny}      R  stderr  -----------     8: base::withCallingHandlers
{shiny}      R  stderr  -----------     7: doTryCatch
{shiny}      R  stderr  -----------     6: tryCatchOne
{shiny}      R  stderr  -----------     5: tryCatchList
{shiny}      R  stderr  -----------     2: tryCatchList
{shiny}      R  stderr  -----------     1: base::tryCatch


Caused by error in `app_initialize_()`:
! Shiny app did not become stable in 1e+05ms.
Message: An error occurred while waiting for Shiny to be stable
Caused by error in `app_wait_for_idle()`:
! An error occurred while waiting for Shiny to be stable
Backtrace:
     ▆
  1. ├─teal.modules.general (local) app_driver_tm_outlier() at test-shinytest2-tm_outliers.R:241:3
  2. │ └─teal.modules.general:::init_teal_app_driver(...) at test-shinytest2-tm_outliers.R:16:3
  3. │   ├─testthat::with_mocked_bindings(...) at tests/testthat/helper-TealAppDriver.R:7:3
  4. │   └─TealAppDriver$new(...) at tests/testthat/helper-TealAppDriver.R:10:7
  5. │     └─teal (local) initialize(...)
  6. │       ├─base::suppressWarnings(...)
  7. │       │ └─base::withCallingHandlers(...)
  8. │       └─super$initialize(...)
  9. │         └─shinytest2:::app_initialize(...)
 10. │           ├─base::withCallingHandlers(...)
 11. │           └─shinytest2:::app_initialize_(self, private, ..., view = view)
 12. │             ├─base::withCallingHandlers(...)
 13. │             └─self$wait_for_idle(duration = 200, timeout = private$load_timeout)
 14. │               └─shinytest2:::app_wait_for_idle(...)
 15. │                 └─shinytest2:::app_abort(self, private, "An error occurred while waiting for Shiny to be stable")
 16. │                   └─rlang::abort(..., app = self, call = call)
 17. │                     └─rlang:::signal_abort(cnd, .file)
 18. │                       └─base::signalCondition(cnd)
 19. ├─shinytest2 (local) `&lt;fn&gt;`(`&lt;rlng_rrr&gt;`)
 20. │ └─shinytest2:::app_abort(...)
 21. │   └─rlang::abort(..., app = self, call = call)
 22. │     └─rlang:::signal_abort(cnd, .file)
 23. │       └─base::signalCondition(cnd)
 24. └─shinytest2 (local) `&lt;fn&gt;`(`&lt;rlng_rrr&gt;`)
 25.   └─shinytest2:::app_abort(...)
 26.     └─rlang::abort(..., app = self, call = call)</error>
    </testcase>
    <testcase time="102.699" classname="shinytest2_tm_outliers" name="e2e_tm_outliers_Outlier_table_is_displayed_with_proper_content.">
      <error type="error" message="Error in `app_initialize(self, private, app_dir = app_dir, ..., load_timeout = load_timeout,  ('test-shinytest2-tm_outliers.R:289:3')">Error in `app_initialize(self, private, app_dir = app_dir, ..., load_timeout = load_timeout, 
    timeout = timeout, wait = wait, expect_values_screenshot_args = expect_values_screenshot_args, 
    screenshot_args = screenshot_args, check_names = check_names, 
    name = name, variant = variant, view = view, height = height, 
    width = width, seed = seed, clean_logs = clean_logs, shiny_args = shiny_args, 
    render_args = render_args, options = options)`: Shiny app did not become stable in 1e+05ms.
Message: An error occurred while waiting for Shiny to be stable
Caused by error in `app_wait_for_idle()`:
! An error occurred while waiting for Shiny to be stable


ℹ You can inspect the failed AppDriver object via `rlang::last_error()$app`
ℹ AppDriver logs:
{shinytest2} R  info    15:47:50.99 Start AppDriver initialization
{shinytest2} R  info    15:47:51.04 Starting Shiny app
{shinytest2} R  info    15:47:52.07 Creating new ChromoteSession
{shinytest2} R  info    15:47:52.11 Navigating to Shiny app
{shinytest2} R  info    15:47:52.75 Injecting shiny-tracer.js
{chromote}   JS info    15:47:52.76 shinytest2; jQuery not found
{chromote}   JS info    15:47:52.76 shinytest2; Loaded
{shinytest2} R  info    15:47:52.77 Waiting for Shiny to become ready
{chromote}   JS info    15:47:52.81 shinytest2; jQuery found
{chromote}   JS info    15:47:52.81 shinytest2; Waiting for shiny session to connect
{chromote}   JS info    15:47:53.12 shinytest2; Connected
{shinytest2} R  info    15:47:53.20 Waiting for Shiny to become idle for 200ms within 1e+05ms
{chromote}   JS info    15:47:53.22 shinytest2; shiny:busy
{chromote}   JS info    15:47:53.22 shinytest2; Waiting for Shiny to be stable
{chromote}   JS warning 15:47:54.14 Couldn't perform validation update on input with id 'teal-teal_modules-outliers_module-module-categorical_var-dataset_CO2_singleextract-select': input not found
                                    (anonymous) @ shinyvalidate-0.1.3/shinyvalidate.js:3443:18
                                    (anonymous) @ shiny-javascript-1.10.0/shiny.min.js:1:407159
                                    m           @ shiny-javascript-1.10.0/shiny.min.js:1:388827
                                    (anonymous) @ shiny-javascript-1.10.0/shiny.min.js:1:390150
                                    (anonymous) @ shiny-javascript-1.10.0/shiny.min.js:1:389186
                                    nT          @ shiny-javascript-1.10.0/shiny.min.js:1:394797
                                    s           @ shiny-javascript-1.10.0/shiny.min.js:1:394995
                                    (anonymous) @ shiny-javascript-1.10.0/shiny.min.js:1:395056
                                    (anonymous) @ shiny-javascript-1.10.0/shiny.min.js:1:394936
                                    t           @ shiny-javascript-1.10.0/shiny.min.js:1:407274
                                    (anonymous) @ shiny-javascript-1.10.0/shiny.min.js:1:410753
                                    m           @ shiny-javascript-1.10.0/shiny.min.js:1:388827
                                    (anonymous) @ shiny-javascript-1.10.0/shiny.min.js:1:390150
                                    (anonymous) @ shiny-javascript-1.10.0/shiny.min.js:1:389186
                                    nT          @ shiny-javascript-1.10.0/shiny.min.js:1:394797
                                    s           @ shiny-javascript-1.10.0/shiny.min.js:1:394995
                                    (anonymous) @ shiny-javascript-1.10.0/shiny.min.js:1:395056
                                    (anonymous) @ shiny-javascript-1.10.0/shiny.min.js:1:394936
                                    (anonymous) @ shiny-javascript-1.10.0/shiny.min.js:1:410855
                                    (anonymous) @ shiny-javascript-1.10.0/shiny.min.js:1:407159
                                    m           @ shiny-javascript-1.10.0/shiny.min.js:1:388827
                                    (anonymous) @ shiny-javascript-1.10.0/shiny.min.js:1:390150
                                    (anonymous) @ shiny-javascript-1.10.0/shiny.min.js:1:389186
                                    nT          @ shiny-javascript-1.10.0/shiny.min.js:1:394797
                                    s           @ shiny-javascript-1.10.0/shiny.min.js:1:394995
                                    (anonymous) @ shiny-javascript-1.10.0/shiny.min.js:1:395056
                                    (anonymous) @ shiny-javascript-1.10.0/shiny.min.js:1:394936
                                    t           @ shiny-javascript-1.10.0/shiny.min.js:1:407274
                                    (anonymous) @ shiny-javascript-1.10.0/shiny.min.js:1:406722
                                    m           @ shiny-javascript-1.10.0/shiny.min.js:1:388827
                                    (anonymous) @ shiny-javascript-1.10.0/shiny.min.js:1:390150
                                    (anonymous) @ shiny-javascript-1.10.0/shiny.min.js:1:389186
                                    nT          @ shiny-javascript-1.10.0/shiny.min.js:1:394797
                                    s           @ shiny-javascript-1.10.0/shiny.min.js:1:394995
                                    (anonymous) @ shiny-javascript-1.10.0/shiny.min.js:1:395056
                                    (anonymous) @ shiny-javascript-1.10.0/shiny.min.js:1:394936
                                    t           @ shiny-javascript-1.10.0/shiny.min.js:1:406868
                                    (anonymous) @ shiny-javascript-1.10.0/shiny.min.js:1:400961
                                    m           @ shiny-javascript-1.10.0/shiny.min.js:1:388827
                                    (anonymous) @ shiny-javascript-1.10.0/shiny.min.js:1:390150
                                    (anonymous) @ shiny-javascript-1.10.0/shiny.min.js:1:389186
                                    nT          @ shiny-javascript-1.10.0/shiny.min.js:1:394797
                                    s           @ shiny-javascript-1.10.0/shiny.min.js:1:394995
                                    (anonymous) @ shiny-javascript-1.10.0/shiny.min.js:1:395056
                                    (anonymous) @ shiny-javascript-1.10.0/shiny.min.js:1:394936
                                    (anonymous) @ shiny-javascript-1.10.0/shiny.min.js:1:401480
                                    m           @ shiny-javascript-1.10.0/shiny.min.js:1:388827
                                    (anonymous) @ shiny-javascript-1.10.0/shiny.min.js:1:390150
                                    (anonymous) @ shiny-javascript-1.10.0/shiny.min.js:1:389186
                                    nT          @ shiny-javascript-1.10.0/shiny.min.js:1:394797
                                    s           @ shiny-javascript-1.10.0/shiny.min.js:1:394995
{shinytest2} R  info    15:49:33.23 Error while initializing AppDriver:
                                    Shiny app did not become stable in 1e+05ms.
                                    Message: An error occurred while waiting for Shiny to be stable
                                    Caused by error in `app_wait_for_idle()`:
                                    ! An error occurred while waiting for Shiny to be stable
{shiny}      R  stderr  ----------- Loading required package: shiny
{shiny}      R  stderr  ----------- Attempting to load the environment ‘package:sparkline’
{shiny}      R  stderr  ----------- Loading required package: ggmosaic
{shiny}      R  stderr  ----------- Loading required package: ggplot2
{shiny}      R  stderr  ----------- Loading required package: teal
{shiny}      R  stderr  ----------- Loading required package: teal.data
{shiny}      R  stderr  ----------- Loading required package: teal.code
{shiny}      R  stderr  ----------- Loading required package: teal.slice
{shiny}      R  stderr  ----------- 
{shiny}      R  stderr  ----------- You are using teal version 0.16.0
{shiny}      R  stderr  ----------- 
{shiny}      R  stderr  ----------- Attaching package: ‘teal’
{shiny}      R  stderr  ----------- 
{shiny}      R  stderr  ----------- The following objects are masked from ‘package:teal.slice’:
{shiny}      R  stderr  ----------- 
{shiny}      R  stderr  -----------     as.teal_slices, teal_slices
{shiny}      R  stderr  ----------- 
{shiny}      R  stderr  ----------- Loading required package: teal.transform
{shiny}      R  stderr  ----------- Running application in test mode.
{shiny}      R  stderr  ----------- 
{shiny}      R  stderr  ----------- Listening on http://127.0.0.1:7474
{shiny}      R  stderr  ----------- Initializing reporter_previewer_module
{shiny}      R  stderr  ----------- Initializing reporter_previewer_module
{shiny}      R  stderr  ----------- Warning: Error in &lt;Anonymous&gt;: error in evaluating the argument 'code' in selecting a method for function 'eval_code': object of type 'symbol' is not subsettable
{shiny}      R  stderr  -----------   251: &lt;Anonymous&gt;
{shiny}      R  stderr  -----------   250: identical
{shiny}      R  stderr  -----------   249: FUN
{shiny}      R  stderr  -----------   248: lapply
{shiny}      R  stderr  -----------   247: FUN
{shiny}      R  stderr  -----------   246: lapply
{shiny}      R  stderr  -----------   245: remove_pipe_null
{shiny}      R  stderr  -----------   244: %&gt;%
{shiny}      R  stderr  -----------   242: &lt;reactive&gt;
{shiny}      R  stderr  -----------   222: common_code_q
{shiny}      R  stderr  -----------   215: &lt;reactive&gt;
{shiny}      R  stderr  -----------   195: data
{shiny}      R  stderr  -----------   189: &lt;reactive&gt;
{shiny}      R  stderr  -----------   169: decorated_q[[req(current_tab_r())]]
{shiny}      R  stderr  -----------   168: &lt;reactive&gt;
{shiny}      R  stderr  -----------   148: data
{shiny}      R  stderr  -----------   142: &lt;reactive&gt;
{shiny}      R  stderr  -----------   122: decorated_final_q
{shiny}      R  stderr  -----------   121: exprFunc
{shiny}      R  stderr  -----------   120: widgetFunc
{shiny}      R  stderr  -----------   119: ::
{shiny}      R  stderr  ----------- htmlwidgets
{shiny}      R  stderr  ----------- shinyRenderWidget
{shiny}      R  stderr  -----------   118: func
{shiny}      R  stderr  -----------   105: renderFunc
{shiny}      R  stderr  -----------   104: renderFunc
{shiny}      R  stderr  -----------   100: renderFunc
{shiny}      R  stderr  -----------    99: output$teal-teal_modules-outliers_module-module-summary_table
{shiny}      R  stderr  -----------    14: &lt;Anonymous&gt;
{shiny}      R  stderr  -----------    12: &lt;Anonymous&gt;
{shiny}      R  stderr  -----------    11: &lt;Anonymous&gt;
{shiny}      R  stderr  -----------    10: base::do.call
{shiny}      R  stderr  -----------     9: base::saveRDS
{shiny}      R  stderr  -----------     8: base::withCallingHandlers
{shiny}      R  stderr  -----------     7: doTryCatch
{shiny}      R  stderr  -----------     6: tryCatchOne
{shiny}      R  stderr  -----------     5: tryCatchList
{shiny}      R  stderr  -----------     2: tryCatchList
{shiny}      R  stderr  -----------     1: base::tryCatch
{shiny}      R  stderr  ----------- Warning: Error in &lt;Anonymous&gt;: error in evaluating the argument 'code' in selecting a method for function 'eval_code': object of type 'symbol' is not subsettable
{shiny}      R  stderr  -----------   251: &lt;Anonymous&gt;
{shiny}      R  stderr  -----------   250: identical
{shiny}      R  stderr  -----------   249: FUN
{shiny}      R  stderr  -----------   248: lapply
{shiny}      R  stderr  -----------   247: FUN
{shiny}      R  stderr  -----------   246: lapply
{shiny}      R  stderr  -----------   245: remove_pipe_null
{shiny}      R  stderr  -----------   244: %&gt;%
{shiny}      R  stderr  -----------   242: &lt;reactive&gt;
{shiny}      R  stderr  -----------   222: common_code_q
{shiny}      R  stderr  -----------   215: &lt;reactive&gt;
{shiny}      R  stderr  -----------   195: data
{shiny}      R  stderr  -----------   189: &lt;reactive&gt;
{shiny}      R  stderr  -----------   169: decorated_q[[req(current_tab_r())]]
{shiny}      R  stderr  -----------   168: &lt;reactive&gt;
{shiny}      R  stderr  -----------   148: data
{shiny}      R  stderr  -----------   142: &lt;reactive&gt;
{shiny}      R  stderr  -----------   122: decorated_final_q
{shiny}      R  stderr  -----------   121: exprFunc
{shiny}      R  stderr  -----------   120: widgetFunc
{shiny}      R  stderr  -----------   119: ::
{shiny}      R  stderr  ----------- htmlwidgets
{shiny}      R  stderr  ----------- shinyRenderWidget
{shiny}      R  stderr  -----------   118: func
{shiny}      R  stderr  -----------   105: renderFunc
{shiny}      R  stderr  -----------   104: renderFunc
{shiny}      R  stderr  -----------   100: renderFunc
{shiny}      R  stderr  -----------    99: output$teal-teal_modules-outliers_module-module-summary_table
{shiny}      R  stderr  -----------    14: &lt;Anonymous&gt;
{shiny}      R  stderr  -----------    12: &lt;Anonymous&gt;
{shiny}      R  stderr  -----------    11: &lt;Anonymous&gt;
{shiny}      R  stderr  -----------    10: base::do.call
{shiny}      R  stderr  -----------     9: base::saveRDS
{shiny}      R  stderr  -----------     8: base::withCallingHandlers
{shiny}      R  stderr  -----------     7: doTryCatch
{shiny}      R  stderr  -----------     6: tryCatchOne
{shiny}      R  stderr  -----------     5: tryCatchList
{shiny}      R  stderr  -----------     2: tryCatchList
{shiny}      R  stderr  -----------     1: base::tryCatch
{shiny}      R  stderr  ----------- Warning: Error in &lt;Anonymous&gt;: error in evaluating the argument 'code' in selecting a method for function 'eval_code': object of type 'symbol' is not subsettable
{shiny}      R  stderr  -----------   14: &lt;Anonymous&gt;
{shiny}      R  stderr  -----------   12: &lt;Anonymous&gt;
{shiny}      R  stderr  -----------   11: &lt;Anonymous&gt;
{shiny}      R  stderr  -----------   10: base::do.call
{shiny}      R  stderr  -----------    9: base::saveRDS
{shiny}      R  stderr  -----------    8: base::withCallingHandlers
{shiny}      R  stderr  -----------    7: doTryCatch
{shiny}      R  stderr  -----------    6: tryCatchOne
{shiny}      R  stderr  -----------    5: tryCatchList
{shiny}      R  stderr  -----------    2: tryCatchList
{shiny}      R  stderr  -----------    1: base::tryCatch
{shiny}      R  stderr  ----------- Warning: Error in &lt;Anonymous&gt;: error in evaluating the argument 'code' in selecting a method for function 'eval_code': object of type 'symbol' is not subsettable
{shiny}      R  stderr  -----------   124: &lt;Anonymous&gt;
{shiny}      R  stderr  -----------   123: stop
{shiny}      R  stderr  -----------   122: common_code_q
{shiny}      R  stderr  -----------   121: exprFunc
{shiny}      R  stderr  -----------   120: widgetFunc
{shiny}      R  stderr  -----------   119: ::
{shiny}      R  stderr  ----------- htmlwidgets
{shiny}      R  stderr  ----------- shinyRenderWidget
{shiny}      R  stderr  -----------   118: func
{shiny}      R  stderr  -----------   105: renderFunc
{shiny}      R  stderr  -----------   104: renderFunc
{shiny}      R  stderr  -----------   100: renderFunc
{shiny}      R  stderr  -----------    99: output$teal-teal_modules-outliers_module-module-table_ui
{shiny}      R  stderr  -----------    14: &lt;Anonymous&gt;
{shiny}      R  stderr  -----------    12: &lt;Anonymous&gt;
{shiny}      R  stderr  -----------    11: &lt;Anonymous&gt;
{shiny}      R  stderr  -----------    10: base::do.call
{shiny}      R  stderr  -----------     9: base::saveRDS
{shiny}      R  stderr  -----------     8: base::withCallingHandlers
{shiny}      R  stderr  -----------     7: doTryCatch
{shiny}      R  stderr  -----------     6: tryCatchOne
{shiny}      R  stderr  -----------     5: tryCatchList
{shiny}      R  stderr  -----------     2: tryCatchList
{shiny}      R  stderr  -----------     1: base::tryCatch
{shiny}      R  stderr  ----------- Warning: Error in &lt;Anonymous&gt;: error in evaluating the argument 'code' in selecting a method for function 'eval_code': object of type 'symbol' is not subsettable
{shiny}      R  stderr  -----------   117: &lt;Anonymous&gt;
{shiny}      R  stderr  -----------   116: stop
{shiny}      R  stderr  -----------   115: common_code_q
{shiny}      R  stderr  -----------   114: renderUI
{shiny}      R  stderr  -----------   113: func
{shiny}      R  stderr  -----------   100: renderFunc
{shiny}      R  stderr  -----------    99: output$teal-teal_modules-outliers_module-module-total_outliers
{shiny}      R  stderr  -----------    14: &lt;Anonymous&gt;
{shiny}      R  stderr  -----------    12: &lt;Anonymous&gt;
{shiny}      R  stderr  -----------    11: &lt;Anonymous&gt;
{shiny}      R  stderr  -----------    10: base::do.call
{shiny}      R  stderr  -----------     9: base::saveRDS
{shiny}      R  stderr  -----------     8: base::withCallingHandlers
{shiny}      R  stderr  -----------     7: doTryCatch
{shiny}      R  stderr  -----------     6: tryCatchOne
{shiny}      R  stderr  -----------     5: tryCatchList
{shiny}      R  stderr  -----------     2: tryCatchList
{shiny}      R  stderr  -----------     1: base::tryCatch


Caused by error in `app_initialize_()`:
! Shiny app did not become stable in 1e+05ms.
Message: An error occurred while waiting for Shiny to be stable
Caused by error in `app_wait_for_idle()`:
! An error occurred while waiting for Shiny to be stable
Backtrace:
     ▆
  1. ├─teal.modules.general (local) app_driver_tm_outlier() at test-shinytest2-tm_outliers.R:289:3
  2. │ └─teal.modules.general:::init_teal_app_driver(...) at test-shinytest2-tm_outliers.R:16:3
  3. │   ├─testthat::with_mocked_bindings(...) at tests/testthat/helper-TealAppDriver.R:7:3
  4. │   └─TealAppDriver$new(...) at tests/testthat/helper-TealAppDriver.R:10:7
  5. │     └─teal (local) initialize(...)
  6. │       ├─base::suppressWarnings(...)
  7. │       │ └─base::withCallingHandlers(...)
  8. │       └─super$initialize(...)
  9. │         └─shinytest2:::app_initialize(...)
 10. │           ├─base::withCallingHandlers(...)
 11. │           └─shinytest2:::app_initialize_(self, private, ..., view = view)
 12. │             ├─base::withCallingHandlers(...)
 13. │             └─self$wait_for_idle(duration = 200, timeout = private$load_timeout)
 14. │               └─shinytest2:::app_wait_for_idle(...)
 15. │                 └─shinytest2:::app_abort(self, private, "An error occurred while waiting for Shiny to be stable")
 16. │                   └─rlang::abort(..., app = self, call = call)
 17. │                     └─rlang:::signal_abort(cnd, .file)
 18. │                       └─base::signalCondition(cnd)
 19. ├─shinytest2 (local) `&lt;fn&gt;`(`&lt;rlng_rrr&gt;`)
 20. │ └─shinytest2:::app_abort(...)
 21. │   └─rlang::abort(..., app = self, call = call)
 22. │     └─rlang:::signal_abort(cnd, .file)
 23. │       └─base::signalCondition(cnd)
 24. └─shinytest2 (local) `&lt;fn&gt;`(`&lt;rlng_rrr&gt;`)
 25.   └─shinytest2:::app_abort(...)
 26.     └─rlang::abort(..., app = self, call = call)</error>
    </testcase>
  </testsuite>
  <testsuite name="shinytest2-tm_t_crosstable" timestamp="2025-02-24T15:49:33Z" hostname="e0671571f88a" tests="9" skipped="0" failures="0" errors="0" time="31.583">
    <testcase time="5.54899999999998" classname="shinytest2_tm_t_crosstable" name="e2e_tm_t_crosstable_Initializes_without_errors"/>
    <testcase time="0.00499999999988177" classname="shinytest2_tm_t_crosstable" name="e2e_tm_t_crosstable_Initializes_without_errors"/>
    <testcase time="0.00400000000013279" classname="shinytest2_tm_t_crosstable" name="e2e_tm_t_crosstable_Initializes_without_errors"/>
    <testcase time="7.68100000000004" classname="shinytest2_tm_t_crosstable" name="e2e_tm_t_crosstable_Verify_module_displays_data_table"/>
    <testcase time="5.66300000000001" classname="shinytest2_tm_t_crosstable" name="e2e_tm_t_crosstable_Verify_default_values_and_settings_data_extracts_for_data_selection"/>
    <testcase time="0.0499999999999545" classname="shinytest2_tm_t_crosstable" name="e2e_tm_t_crosstable_Verify_default_values_and_settings_data_extracts_for_data_selection"/>
    <testcase time="2.01600000000008" classname="shinytest2_tm_t_crosstable" name="e2e_tm_t_crosstable_Verify_default_values_and_settings_data_extracts_for_data_selection"/>
    <testcase time="8.28800000000001" classname="shinytest2_tm_t_crosstable" name="e2e_tm_t_crosstable_Change_plot_settings"/>
    <testcase time="2.327" classname="shinytest2_tm_t_crosstable" name="e2e_tm_t_crosstable_Change_plot_settings"/>
  </testsuite>
  <testsuite name="shinytest2-tm_variable_browser" timestamp="2025-02-24T15:50:05Z" hostname="e0671571f88a" tests="24" skipped="0" failures="0" errors="0" time="56.617">
    <testcase time="5.19699999999989" classname="shinytest2_tm_variable_browser" name="e2e_tm_variable_browser_content_is_displayed_correctly."/>
    <testcase time="0.00500000000010914" classname="shinytest2_tm_variable_browser" name="e2e_tm_variable_browser_content_is_displayed_correctly."/>
    <testcase time="2.0949999999998" classname="shinytest2_tm_variable_browser" name="e2e_tm_variable_browser_content_is_displayed_correctly."/>
    <testcase time="0.00400000000013279" classname="shinytest2_tm_variable_browser" name="e2e_tm_variable_browser_content_is_displayed_correctly."/>
    <testcase time="0.00399999999990541" classname="shinytest2_tm_variable_browser" name="e2e_tm_variable_browser_content_is_displayed_correctly."/>
    <testcase time="7.55899999999997" classname="shinytest2_tm_variable_browser" name="e2e_tm_variable_browser_Selecting_treat_variable_as_factor_changes_the_table_headers."/>
    <testcase time="6.52300000000014" classname="shinytest2_tm_variable_browser" name="e2e_tm_variable_browser_selection_of_categorical_variable_has_a_table_with_level_header."/>
    <testcase time="7.70699999999988" classname="shinytest2_tm_variable_browser" name="e2e_tm_variable_browser_changing_display_density_encoding_doesn_t_show_errors."/>
    <testcase time="2.32400000000007" classname="shinytest2_tm_variable_browser" name="e2e_tm_variable_browser_changing_display_density_encoding_doesn_t_show_errors."/>
    <testcase time="5.20499999999993" classname="shinytest2_tm_variable_browser" name="e2e_tm_variable_browser_changing_outlier_definition_encoding_doesn_t_show_errors."/>
    <testcase time="2.971" classname="shinytest2_tm_variable_browser" name="e2e_tm_variable_browser_changing_outlier_definition_encoding_doesn_t_show_errors."/>
    <testcase time="0.00400000000013279" classname="shinytest2_tm_variable_browser" name="e2e_tm_variable_browser_changing_outlier_definition_encoding_doesn_t_show_errors."/>
    <testcase time="0.77599999999984" classname="shinytest2_tm_variable_browser" name="e2e_tm_variable_browser_changing_outlier_definition_encoding_doesn_t_show_errors."/>
    <testcase time="2.33400000000006" classname="shinytest2_tm_variable_browser" name="e2e_tm_variable_browser_changing_outlier_definition_encoding_doesn_t_show_errors."/>
    <testcase time="7.37599999999998" classname="shinytest2_tm_variable_browser" name="e2e_tm_variable_browser_changing_plot_setting_encodings_doesn_t_show_errors."/>
    <testcase time="0.750999999999976" classname="shinytest2_tm_variable_browser" name="e2e_tm_variable_browser_changing_plot_setting_encodings_doesn_t_show_errors."/>
    <testcase time="0.72400000000016" classname="shinytest2_tm_variable_browser" name="e2e_tm_variable_browser_changing_plot_setting_encodings_doesn_t_show_errors."/>
    <testcase time="0.720000000000027" classname="shinytest2_tm_variable_browser" name="e2e_tm_variable_browser_changing_plot_setting_encodings_doesn_t_show_errors."/>
    <testcase time="0.707999999999856" classname="shinytest2_tm_variable_browser" name="e2e_tm_variable_browser_changing_plot_setting_encodings_doesn_t_show_errors."/>
    <testcase time="0.710000000000036" classname="shinytest2_tm_variable_browser" name="e2e_tm_variable_browser_changing_plot_setting_encodings_doesn_t_show_errors."/>
    <testcase time="0.714999999999918" classname="shinytest2_tm_variable_browser" name="e2e_tm_variable_browser_changing_plot_setting_encodings_doesn_t_show_errors."/>
    <testcase time="0.764000000000124" classname="shinytest2_tm_variable_browser" name="e2e_tm_variable_browser_changing_plot_setting_encodings_doesn_t_show_errors."/>
    <testcase time="0.721000000000004" classname="shinytest2_tm_variable_browser" name="e2e_tm_variable_browser_changing_plot_setting_encodings_doesn_t_show_errors."/>
    <testcase time="0.720000000000027" classname="shinytest2_tm_variable_browser" name="e2e_tm_variable_browser_changing_plot_setting_encodings_doesn_t_show_errors."/>
  </testsuite>
  <testsuite name="tm_g_bivariate" timestamp="2025-02-24T15:51:01Z" hostname="e0671571f88a" tests="18" skipped="0" failures="0" errors="0" time="0.213">
    <testcase time="0.0850000000000364" classname="tm_g_bivariate" name="tm_g_bivariate_creates_a_teal_module_object"/>
    <testcase time="0.00499999999988177" classname="tm_g_bivariate" name="tm_g_bivariate_creates_a_teal_module_object_with_default_options"/>
    <testcase time="0.00500000000010914" classname="tm_g_bivariate" name="tm_g_bivariate_creates_a_teal_module_object_with_multiple_data_extract_specs"/>
    <testcase time="0.00499999999988177" classname="tm_g_bivariate" name="tm_g_bivariate_creates_a_module_with_datanames_taken_from_data_extracts"/>
    <testcase time="0.0119999999999436" classname="tm_g_bivariate" name="tm_g_bivariate_fails_when_x_contains_a_spec_with_multiple_selection"/>
    <testcase time="0.00900000000001455" classname="tm_g_bivariate" name="tm_g_bivariate_fails_when_x_contains_multiple_spec_with_at_least_one_multiple_selection"/>
    <testcase time="0.00700000000006185" classname="tm_g_bivariate" name="tm_g_bivariate_fails_when_x_contains_multiple_spec_with_at_least_one_multiple_selection"/>
    <testcase time="0.00900000000001455" classname="tm_g_bivariate" name="tm_g_bivariate_fails_when_y_contains_multiple_spec_with_at_least_one_multiple_selection"/>
    <testcase time="0.00700000000006185" classname="tm_g_bivariate" name="tm_g_bivariate_fails_when_plot_height_is_not_valid"/>
    <testcase time="0.00900000000001455" classname="tm_g_bivariate" name="tm_g_bivariate_fails_when_plot_height_is_not_valid"/>
    <testcase time="0.00699999999983447" classname="tm_g_bivariate" name="tm_g_bivariate_fails_when_plot_height_is_not_valid"/>
    <testcase time="0.0080000000000382" classname="tm_g_bivariate" name="tm_g_bivariate_fails_when_plot_width_is_not_valid"/>
    <testcase time="0.00700000000006185" classname="tm_g_bivariate" name="tm_g_bivariate_fails_when_plot_width_is_not_valid"/>
    <testcase time="0.0080000000000382" classname="tm_g_bivariate" name="tm_g_bivariate_fails_when_plot_width_is_not_valid"/>
    <testcase time="0.0080000000000382" classname="tm_g_bivariate" name="tm_g_bivariate_fails_when_color_setting_is_FALSE_and_color_is_supplied"/>
    <testcase time="0.00799999999981083" classname="tm_g_bivariate" name="tm_g_bivariate_fails_when_color_setting_is_FALSE_and_size_is_supplied"/>
    <testcase time="0.00900000000001455" classname="tm_g_bivariate" name="tm_g_bivariate_fails_when_color_setting_is_FALSE_and_fill_is_supplied"/>
    <testcase time="0.00500000000010914" classname="tm_g_bivariate" name="tm_g_bivariate_determines_color_size_and_fill_when_color_setting_is_TRUE"/>
  </testsuite>
  <testsuite name="bivariate_ggplot_call" timestamp="2025-02-24T15:51:01Z" hostname="e0671571f88a" tests="21" skipped="0" failures="0" errors="0" time="0.065">
    <testcase time="0.00900000000001455" classname="bivariate_ggplot_call" name="bivariate_ggplot_call_with_numerics"/>
    <testcase time="0.00299999999992906" classname="bivariate_ggplot_call" name="bivariate_ggplot_call_with_numerics"/>
    <testcase time="0.00199999999995271" classname="bivariate_ggplot_call" name="bivariate_ggplot_call_with_numerics"/>
    <testcase time="0.00200000000018008" classname="bivariate_ggplot_call" name="bivariate_ggplot_call_with_numerics"/>
    <testcase time="0.00499999999988177" classname="bivariate_ggplot_call" name="bivariate_ggplot_call_with_factor_char_logical"/>
    <testcase time="0.00299999999992906" classname="bivariate_ggplot_call" name="bivariate_ggplot_call_with_factor_char_logical"/>
    <testcase time="0.00200000000018008" classname="bivariate_ggplot_call" name="bivariate_ggplot_call_with_factor_char_logical"/>
    <testcase time="0.00299999999992906" classname="bivariate_ggplot_call" name="bivariate_ggplot_call_with_factor_char_logical"/>
    <testcase time="0.00199999999995271" classname="bivariate_ggplot_call" name="bivariate_ggplot_call_with_factor_char_logical"/>
    <testcase time="0.00199999999995271" classname="bivariate_ggplot_call" name="bivariate_ggplot_call_with_factor_char_logical"/>
    <testcase time="0.00300000000015643" classname="bivariate_ggplot_call" name="bivariate_ggplot_call_with_factor_char_logical"/>
    <testcase time="0.00499999999988177" classname="bivariate_ggplot_call" name="bivariate_ggplot_call_with_single_data_numeric"/>
    <testcase time="0.00199999999995271" classname="bivariate_ggplot_call" name="bivariate_ggplot_call_with_single_data_numeric"/>
    <testcase time="0.00300000000015643" classname="bivariate_ggplot_call" name="bivariate_ggplot_call_with_single_data_numeric"/>
    <testcase time="0.00199999999995271" classname="bivariate_ggplot_call" name="bivariate_ggplot_call_with_single_data_numeric"/>
    <testcase time="0.00299999999992906" classname="bivariate_ggplot_call" name="bivariate_ggplot_call_with_single_data_numeric"/>
    <testcase time="0.00300000000015643" classname="bivariate_ggplot_call" name="bivariate_ggplot_call_with_single_data_numeric"/>
    <testcase time="0.00399999999990541" classname="bivariate_ggplot_call" name="bivariate_ggplot_call_with_single_data_factor"/>
    <testcase time="0.00299999999992906" classname="bivariate_ggplot_call" name="bivariate_ggplot_call_with_single_data_factor"/>
    <testcase time="0.00199999999995271" classname="bivariate_ggplot_call" name="bivariate_ggplot_call_with_single_data_factor"/>
    <testcase time="0.00199999999995271" classname="bivariate_ggplot_call" name="bivariate_ggplot_call_with_single_data_factor"/>
  </testsuite>
  <testsuite name="front_page" timestamp="2025-02-24T15:51:01Z" hostname="e0671571f88a" tests="4" skipped="0" failures="0" errors="0" time="0.019">
    <testcase time="0.00599999999985812" classname="front_page" name="convert_metadata_to_dataframe_returns_a_data_frame_with_no_rows_if_no_metadata"/>
    <testcase time="0.00500000000010914" classname="front_page" name="convert_metadata_to_dataframe_returns_a_data_frame_with_metadata_if_more_than_one_dataset"/>
    <testcase time="0.00399999999990541" classname="front_page" name="convert_metadata_to_dataframe_returns_a_data_frame_with_metadata_if_one_dataset"/>
    <testcase time="0.00400000000013279" classname="front_page" name="convert_metadata_to_dataframe_converts_metadata_values_to_characters"/>
  </testsuite>
  <testsuite name="g_expert_cl" timestamp="2025-02-24T15:51:01Z" hostname="e0671571f88a" tests="15" skipped="0" failures="0" errors="0" time="0.028">
    <testcase time="0.00599999999985812" classname="g_expert_cl" name="coloring_ggplot_call_can_work_with_all_combinations"/>
    <testcase time="0.00200000000018008" classname="g_expert_cl" name="coloring_ggplot_call_can_work_with_all_combinations"/>
    <testcase time="0.000999999999976353" classname="g_expert_cl" name="coloring_ggplot_call_can_work_with_all_combinations"/>
    <testcase time="0.000999999999976353" classname="g_expert_cl" name="coloring_ggplot_call_can_work_with_all_combinations"/>
    <testcase time="0.000999999999976353" classname="g_expert_cl" name="coloring_ggplot_call_can_work_with_all_combinations"/>
    <testcase time="0.000999999999976353" classname="g_expert_cl" name="coloring_ggplot_call_can_work_with_all_combinations"/>
    <testcase time="0.00199999999995271" classname="g_expert_cl" name="coloring_ggplot_call_can_work_with_all_combinations"/>
    <testcase time="0.00300000000015643" classname="g_expert_cl" name="coloring_ggplot_call_can_work_with_all_combinations_without_colour_var"/>
    <testcase time="0.000999999999976353" classname="g_expert_cl" name="coloring_ggplot_call_can_work_with_all_combinations_without_colour_var"/>
    <testcase time="0.00199999999995271" classname="g_expert_cl" name="coloring_ggplot_call_can_work_with_all_combinations_without_colour_var"/>
    <testcase time="0.000999999999976353" classname="g_expert_cl" name="coloring_ggplot_call_can_work_with_all_combinations_without_colour_var"/>
    <testcase time="0.000999999999976353" classname="g_expert_cl" name="coloring_ggplot_call_can_work_with_all_combinations_without_colour_var"/>
    <testcase time="0.00299999999992906" classname="g_expert_cl" name="coloring_ggplot_call_can_work_size_var"/>
    <testcase time="0.00200000000018008" classname="g_expert_cl" name="coloring_ggplot_call_can_work_size_var"/>
    <testcase time="0.000999999999976353" classname="g_expert_cl" name="coloring_ggplot_call_can_work_size_var"/>
  </testsuite>
  <testsuite name="scatterplotmatrix_get_stats" timestamp="2025-02-24T15:51:01Z" hostname="e0671571f88a" tests="6" skipped="0" failures="0" errors="0" time="0.023">
    <testcase time="0.00699999999983447" classname="scatterplotmatrix_get_stats" name="get_scatterplotmatrix_stats_x_y_numeric"/>
    <testcase time="0.00300000000015643" classname="scatterplotmatrix_get_stats" name="get_scatterplotmatrix_stats_x_y_numeric"/>
    <testcase time="0.00299999999992906" classname="scatterplotmatrix_get_stats" name="get_scatterplotmatrix_stats_x_y_numeric"/>
    <testcase time="0.00500000000010914" classname="scatterplotmatrix_get_stats" name="get_scatterplotmatrix_stats_x_y_character"/>
    <testcase time="0.00199999999995271" classname="scatterplotmatrix_get_stats" name="get_scatterplotmatrix_stats_x_y_character"/>
    <testcase time="0.00299999999992906" classname="scatterplotmatrix_get_stats" name="get_scatterplotmatrix_stats_x_y_character"/>
  </testsuite>
  <testsuite name="variable_browser" timestamp="2025-02-24T15:51:01Z" hostname="e0671571f88a" tests="3" skipped="0" failures="0" errors="0" time="0.013">
    <testcase time="0.00500000000010914" classname="variable_browser" name="remove_outliers_from_does_not_remove_outliers_when_outlier_definition_is_zero"/>
    <testcase time="0.00399999999990541" classname="variable_browser" name="remove_outliers_from_removes_outliers_when_outlier_definition_is_non_zero"/>
    <testcase time="0.00399999999990541" classname="variable_browser" name="remove_outliers_from_keeps_missing_values_unchanged"/>
  </testsuite>
</testsuites>
