<?xml version="1.0" encoding="UTF-8"?>
<testsuites>
  <testsuite name="examples" timestamp="2025-02-24T16:37:13Z" hostname="417fd6c6593b" tests="38" skipped="0" failures="0" errors="0" time="5.046">
    <testcase time="1.806" classname="examples" name="example_add_facet_labels.Rd"/>
    <testcase time="0.0550000000000002" classname="examples" name="example_call_fun_dots.Rd"/>
    <testcase time="0.0149999999999997" classname="examples" name="example_create_sparklines.Rd"/>
    <testcase time="0.00700000000000012" classname="examples" name="example_establish_updating_selection.Rd"/>
    <testcase time="0.0169999999999999" classname="examples" name="example_get_scatterplotmatrix_stats.Rd"/>
    <testcase time="0.00700000000000012" classname="examples" name="example_include_css_files.Rd"/>
    <testcase time="0.00700000000000012" classname="examples" name="example_is_tab_active_js.Rd"/>
    <testcase time="0.00800000000000001" classname="examples" name="example_plot_var_summary.Rd"/>
    <testcase time="0.00700000000000012" classname="examples" name="example_remove_outliers_from.Rd"/>
    <testcase time="0.00699999999999967" classname="examples" name="example_render_single_tab.Rd"/>
    <testcase time="0.00700000000000012" classname="examples" name="example_render_tab_header.Rd"/>
    <testcase time="0.00800000000000001" classname="examples" name="example_render_tab_table.Rd"/>
    <testcase time="0.00700000000000012" classname="examples" name="example_render_tabset_panel_content.Rd"/>
    <testcase time="0.00599999999999978" classname="examples" name="example_select_decorators.Rd"/>
    <testcase time="0.00700000000000012" classname="examples" name="example_shared_params.Rd"/>
    <testcase time="0.00700000000000012" classname="examples" name="example_srv_decorate_teal_data.Rd"/>
    <testcase time="0.00699999999999967" classname="examples" name="example_teal.modules.general.Rd"/>
    <testcase time="0.185" classname="examples" name="example_tm_a_pca.Rd"/>
    <testcase time="0.132" classname="examples" name="example_tm_a_regression.Rd"/>
    <testcase time="0.128" classname="examples" name="example_tm_data_table.Rd"/>
    <testcase time="0.218" classname="examples" name="example_tm_file_viewer.Rd"/>
    <testcase time="0.044" classname="examples" name="example_tm_file_viewer.Rd"/>
    <testcase time="0.0779999999999998" classname="examples" name="example_tm_front_page.Rd"/>
    <testcase time="0.161" classname="examples" name="example_tm_g_association.Rd"/>
    <testcase time="0.146" classname="examples" name="example_tm_g_bivariate.Rd"/>
    <testcase time="0.124000000000001" classname="examples" name="example_tm_g_distribution.Rd"/>
    <testcase time="0.159" classname="examples" name="example_tm_g_response.Rd"/>
    <testcase time="0.151" classname="examples" name="example_tm_g_scatterplot.Rd"/>
    <testcase time="0.373" classname="examples" name="example_tm_g_scatterplotmatrix.Rd"/>
    <testcase time="0.223" classname="examples" name="example_tm_missing_data.Rd"/>
    <testcase time="0.162" classname="examples" name="example_tm_outliers.Rd"/>
    <testcase time="0.45" classname="examples" name="example_tm_t_crosstable.Rd"/>
    <testcase time="0.290999999999999" classname="examples" name="example_tm_variable_browser.Rd"/>
    <testcase time="0.00800000000000001" classname="examples" name="example_validate_input.Rd"/>
    <testcase time="0.00700000000000056" classname="examples" name="example_var_missings_info.Rd"/>
    <testcase time="0.00699999999999967" classname="examples" name="example_var_summary_table.Rd"/>
    <testcase time="0.00699999999999967" classname="examples" name="example_variable_type_icons.Rd"/>
    <testcase time="0.00700000000000056" classname="examples" name="example_varname_w_label.Rd"/>
  </testsuite>
  <testsuite name="shinytest2-tm_a_pca" timestamp="2025-02-24T16:37:18Z" hostname="417fd6c6593b" tests="49" skipped="0" failures="0" errors="0" time="119.705">
    <testcase time="6.239" classname="shinytest2_tm_a_pca" name="e2e_tm_a_pca_Module_is_initialised_with_the_specified_defaults_in_function_call."/>
    <testcase time="0.0899999999999999" classname="shinytest2_tm_a_pca" name="e2e_tm_a_pca_Module_is_initialised_with_the_specified_defaults_in_function_call."/>
    <testcase time="0.00600000000000023" classname="shinytest2_tm_a_pca" name="e2e_tm_a_pca_Module_is_initialised_with_the_specified_defaults_in_function_call."/>
    <testcase time="0.00399999999999956" classname="shinytest2_tm_a_pca" name="e2e_tm_a_pca_Module_is_initialised_with_the_specified_defaults_in_function_call."/>
    <testcase time="0.0510000000000002" classname="shinytest2_tm_a_pca" name="e2e_tm_a_pca_Module_is_initialised_with_the_specified_defaults_in_function_call."/>
    <testcase time="0.0500000000000007" classname="shinytest2_tm_a_pca" name="e2e_tm_a_pca_Module_is_initialised_with_the_specified_defaults_in_function_call."/>
    <testcase time="0.0499999999999989" classname="shinytest2_tm_a_pca" name="e2e_tm_a_pca_Module_is_initialised_with_the_specified_defaults_in_function_call."/>
    <testcase time="5.525" classname="shinytest2_tm_a_pca" name="e2e_tm_a_pca_Eigenvector_table_should_have_data_extract_selection_Murder_Assault_on_header."/>
    <testcase time="0.149000000000001" classname="shinytest2_tm_a_pca" name="e2e_tm_a_pca_Eigenvector_table_should_have_data_extract_selection_Murder_Assault_on_header."/>
    <testcase time="0.0999999999999979" classname="shinytest2_tm_a_pca" name="e2e_tm_a_pca_Eigenvector_table_should_have_data_extract_selection_Murder_Assault_on_header."/>
    <testcase time="0.100000000000001" classname="shinytest2_tm_a_pca" name="e2e_tm_a_pca_Eigenvector_table_should_have_data_extract_selection_Murder_Assault_on_header."/>
    <testcase time="8.123" classname="shinytest2_tm_a_pca" name="e2e_tm_a_pca_Eigenvector_table_should_have_data_extract_selection_Murder_UrbanPop_on_header."/>
    <testcase time="0.147000000000002" classname="shinytest2_tm_a_pca" name="e2e_tm_a_pca_Eigenvector_table_should_have_data_extract_selection_Murder_UrbanPop_on_header."/>
    <testcase time="0.0970000000000013" classname="shinytest2_tm_a_pca" name="e2e_tm_a_pca_Eigenvector_table_should_have_data_extract_selection_Murder_UrbanPop_on_header."/>
    <testcase time="0.097999999999999" classname="shinytest2_tm_a_pca" name="e2e_tm_a_pca_Eigenvector_table_should_have_data_extract_selection_Murder_UrbanPop_on_header."/>
    <testcase time="7.669" classname="shinytest2_tm_a_pca" name="e2e_tm_a_pca_Color_by_columns_data_extract_must_be_from_non_selected_variable_set."/>
    <testcase time="0.716000000000001" classname="shinytest2_tm_a_pca" name="e2e_tm_a_pca_Color_by_columns_data_extract_must_be_from_non_selected_variable_set."/>
    <testcase time="5.454" classname="shinytest2_tm_a_pca" name="e2e_tm_a_pca_Changing_output_encodings_of_tables_display_does_not_generate_errors."/>
    <testcase time="0.562999999999995" classname="shinytest2_tm_a_pca" name="e2e_tm_a_pca_Changing_output_encodings_of_tables_display_does_not_generate_errors."/>
    <testcase time="0.0919999999999987" classname="shinytest2_tm_a_pca" name="e2e_tm_a_pca_Changing_output_encodings_of_tables_display_does_not_generate_errors."/>
    <testcase time="0.0500000000000043" classname="shinytest2_tm_a_pca" name="e2e_tm_a_pca_Changing_output_encodings_of_tables_display_does_not_generate_errors."/>
    <testcase time="0.0510000000000019" classname="shinytest2_tm_a_pca" name="e2e_tm_a_pca_Changing_output_encodings_of_tables_display_does_not_generate_errors."/>
    <testcase time="0.0499999999999972" classname="shinytest2_tm_a_pca" name="e2e_tm_a_pca_Changing_output_encodings_of_tables_display_does_not_generate_errors."/>
    <testcase time="6.18" classname="shinytest2_tm_a_pca" name="e2e_tm_a_pca_Changing_output_encodings_for_plot_type_does_not_generate_errors."/>
    <testcase time="1.054" classname="shinytest2_tm_a_pca" name="e2e_tm_a_pca_Changing_output_encodings_for_plot_type_does_not_generate_errors."/>
    <testcase time="0.915999999999997" classname="shinytest2_tm_a_pca" name="e2e_tm_a_pca_Changing_output_encodings_for_plot_type_does_not_generate_errors."/>
    <testcase time="1.093" classname="shinytest2_tm_a_pca" name="e2e_tm_a_pca_Changing_output_encodings_for_plot_type_does_not_generate_errors."/>
    <testcase time="5.204" classname="shinytest2_tm_a_pca" name="e2e_tm_a_pca_Changing_output_encodings_of_standardization_does_not_generate_errors."/>
    <testcase time="1.209" classname="shinytest2_tm_a_pca" name="e2e_tm_a_pca_Changing_output_encodings_of_standardization_does_not_generate_errors."/>
    <testcase time="1.209" classname="shinytest2_tm_a_pca" name="e2e_tm_a_pca_Changing_output_encodings_of_standardization_does_not_generate_errors."/>
    <testcase time="1.212" classname="shinytest2_tm_a_pca" name="e2e_tm_a_pca_Changing_output_encodings_of_standardization_does_not_generate_errors."/>
    <testcase time="5.208" classname="shinytest2_tm_a_pca" name="e2e_tm_a_pca_Changing_output_encodings_of_NA_action_does_not_generate_errors."/>
    <testcase time="8.131" classname="shinytest2_tm_a_pca" name="e2e_tm_a_pca_Changing_output_encodings_of_plot_type_hides_and_shows_options."/>
    <testcase time="2.126" classname="shinytest2_tm_a_pca" name="e2e_tm_a_pca_Changing_output_encodings_of_plot_type_hides_and_shows_options."/>
    <testcase time="2.111" classname="shinytest2_tm_a_pca" name="e2e_tm_a_pca_Changing_output_encodings_of_plot_type_hides_and_shows_options."/>
    <testcase time="2.10499999999999" classname="shinytest2_tm_a_pca" name="e2e_tm_a_pca_Changing_output_encodings_of_plot_type_hides_and_shows_options."/>
    <testcase time="2.58500000000001" classname="shinytest2_tm_a_pca" name="e2e_tm_a_pca_Changing_output_encodings_of_plot_type_hides_and_shows_options."/>
    <testcase time="2.104" classname="shinytest2_tm_a_pca" name="e2e_tm_a_pca_Changing_output_encodings_of_plot_type_hides_and_shows_options."/>
    <testcase time="2.785" classname="shinytest2_tm_a_pca" name="e2e_tm_a_pca_Changing_output_encodings_of_plot_type_hides_and_shows_options."/>
    <testcase time="2.10899999999999" classname="shinytest2_tm_a_pca" name="e2e_tm_a_pca_Changing_output_encodings_of_plot_type_hides_and_shows_options."/>
    <testcase time="2.11300000000001" classname="shinytest2_tm_a_pca" name="e2e_tm_a_pca_Changing_output_encodings_of_plot_type_hides_and_shows_options."/>
    <testcase time="5.29499999999999" classname="shinytest2_tm_a_pca" name="e2e_tm_a_pca_Changing_output_encodings_of_theme_does_not_generate_errors."/>
    <testcase time="0.532000000000011" classname="shinytest2_tm_a_pca" name="e2e_tm_a_pca_Changing_output_encodings_of_theme_does_not_generate_errors."/>
    <testcase time="0.533000000000001" classname="shinytest2_tm_a_pca" name="e2e_tm_a_pca_Changing_output_encodings_of_theme_does_not_generate_errors."/>
    <testcase time="0.532999999999987" classname="shinytest2_tm_a_pca" name="e2e_tm_a_pca_Changing_output_encodings_of_theme_does_not_generate_errors."/>
    <testcase time="5.26300000000001" classname="shinytest2_tm_a_pca" name="e2e_tm_a_pca_Changing_output_encodings_of_font_size_does_not_generate_errors."/>
    <testcase time="1.026" classname="shinytest2_tm_a_pca" name="e2e_tm_a_pca_Changing_output_encodings_of_font_size_does_not_generate_errors."/>
    <testcase time="1.05200000000001" classname="shinytest2_tm_a_pca" name="e2e_tm_a_pca_Changing_output_encodings_of_font_size_does_not_generate_errors."/>
    <testcase time="20.543" classname="shinytest2_tm_a_pca" name="e2e_tm_a_pca_Changing_output_encodings_of_font_size_does_not_generate_errors."/>
  </testsuite>
  <testsuite name="shinytest2-tm_a_regression" timestamp="2025-02-24T16:39:18Z" hostname="417fd6c6593b" tests="31" skipped="0" failures="0" errors="0" time="54.784">
    <testcase time="4.87799999999999" classname="shinytest2_tm_a_regression" name="e2e_tm_a_regression_Data_parameter_and_module_label_is_passed_properly."/>
    <testcase time="0.0040000000000191" classname="shinytest2_tm_a_regression" name="e2e_tm_a_regression_Data_parameter_and_module_label_is_passed_properly."/>
    <testcase time="0.00499999999999545" classname="shinytest2_tm_a_regression" name="e2e_tm_a_regression_Data_parameter_and_module_label_is_passed_properly."/>
    <testcase time="4.92099999999999" classname="shinytest2_tm_a_regression" name="e2e_tm_a_regression_Data_extract_spec_elements_are_initialized_with_the_default_values_specified_by_response_and_regressor_arg."/>
    <testcase time="0.0910000000000082" classname="shinytest2_tm_a_regression" name="e2e_tm_a_regression_Data_extract_spec_elements_are_initialized_with_the_default_values_specified_by_response_and_regressor_arg."/>
    <testcase time="6.56999999999999" classname="shinytest2_tm_a_regression" name="e2e_tm_a_regression_Plot_type_is_set_properly."/>
    <testcase time="5.08099999999999" classname="shinytest2_tm_a_regression" name="e2e_tm_a_regression_Plot_type_has_7_specific_choices_changing_choices_does_not_throw_errors."/>
    <testcase time="1.845" classname="shinytest2_tm_a_regression" name="e2e_tm_a_regression_Plot_type_has_7_specific_choices_changing_choices_does_not_throw_errors."/>
    <testcase time="0.00100000000000477" classname="shinytest2_tm_a_regression" name="e2e_tm_a_regression_Plot_type_has_7_specific_choices_changing_choices_does_not_throw_errors."/>
    <testcase time="1.05199999999999" classname="shinytest2_tm_a_regression" name="e2e_tm_a_regression_Plot_type_has_7_specific_choices_changing_choices_does_not_throw_errors."/>
    <testcase time="0.00200000000000955" classname="shinytest2_tm_a_regression" name="e2e_tm_a_regression_Plot_type_has_7_specific_choices_changing_choices_does_not_throw_errors."/>
    <testcase time="1.07900000000001" classname="shinytest2_tm_a_regression" name="e2e_tm_a_regression_Plot_type_has_7_specific_choices_changing_choices_does_not_throw_errors."/>
    <testcase time="0.00199999999998113" classname="shinytest2_tm_a_regression" name="e2e_tm_a_regression_Plot_type_has_7_specific_choices_changing_choices_does_not_throw_errors."/>
    <testcase time="1.04600000000002" classname="shinytest2_tm_a_regression" name="e2e_tm_a_regression_Plot_type_has_7_specific_choices_changing_choices_does_not_throw_errors."/>
    <testcase time="0.00199999999998113" classname="shinytest2_tm_a_regression" name="e2e_tm_a_regression_Plot_type_has_7_specific_choices_changing_choices_does_not_throw_errors."/>
    <testcase time="1.03700000000001" classname="shinytest2_tm_a_regression" name="e2e_tm_a_regression_Plot_type_has_7_specific_choices_changing_choices_does_not_throw_errors."/>
    <testcase time="0.00200000000000955" classname="shinytest2_tm_a_regression" name="e2e_tm_a_regression_Plot_type_has_7_specific_choices_changing_choices_does_not_throw_errors."/>
    <testcase time="1.28700000000001" classname="shinytest2_tm_a_regression" name="e2e_tm_a_regression_Plot_type_has_7_specific_choices_changing_choices_does_not_throw_errors."/>
    <testcase time="0.000999999999976353" classname="shinytest2_tm_a_regression" name="e2e_tm_a_regression_Plot_type_has_7_specific_choices_changing_choices_does_not_throw_errors."/>
    <testcase time="1.08799999999999" classname="shinytest2_tm_a_regression" name="e2e_tm_a_regression_Plot_type_has_7_specific_choices_changing_choices_does_not_throw_errors."/>
    <testcase time="5.02800000000002" classname="shinytest2_tm_a_regression" name="e2e_tm_a_regression_Outlier_definition_and_label_are_visible_by_default."/>
    <testcase time="2.11199999999999" classname="shinytest2_tm_a_regression" name="e2e_tm_a_regression_Outlier_definition_and_label_are_visible_by_default."/>
    <testcase time="2.12299999999999" classname="shinytest2_tm_a_regression" name="e2e_tm_a_regression_Outlier_definition_and_label_are_visible_by_default."/>
    <testcase time="5.291" classname="shinytest2_tm_a_regression" name="e2e_tm_a_regression_Outlier_definition_and_label_have_default_values_and_label_text."/>
    <testcase time="0.00500000000002387" classname="shinytest2_tm_a_regression" name="e2e_tm_a_regression_Outlier_definition_and_label_have_default_values_and_label_text."/>
    <testcase time="0.000999999999976353" classname="shinytest2_tm_a_regression" name="e2e_tm_a_regression_Outlier_definition_and_label_have_default_values_and_label_text."/>
    <testcase time="0.0930000000000177" classname="shinytest2_tm_a_regression" name="e2e_tm_a_regression_Outlier_definition_and_label_have_default_values_and_label_text."/>
    <testcase time="0.0509999999999877" classname="shinytest2_tm_a_regression" name="e2e_tm_a_regression_Outlier_definition_and_label_have_default_values_and_label_text."/>
    <testcase time="7.96800000000002" classname="shinytest2_tm_a_regression" name="e2e_tm_a_regression_Unchecking_display_outlier_hides_outlier_label_and_definition."/>
    <testcase time="2.11199999999999" classname="shinytest2_tm_a_regression" name="e2e_tm_a_regression_Unchecking_display_outlier_hides_outlier_label_and_definition."/>
    <testcase time="0.00600000000000023" classname="shinytest2_tm_a_regression" name="e2e_tm_a_regression_Unchecking_display_outlier_hides_outlier_label_and_definition."/>
  </testsuite>
  <testsuite name="shinytest2-tm_data_table" timestamp="2025-02-24T16:40:13Z" hostname="417fd6c6593b" tests="10" skipped="0" failures="0" errors="0" time="19.701">
    <testcase time="3.81100000000001" classname="shinytest2_tm_data_table" name="e2e_tm_data_table_Initializes_without_errors"/>
    <testcase time="0.00499999999999545" classname="shinytest2_tm_data_table" name="e2e_tm_data_table_Initializes_without_errors"/>
    <testcase time="3.92099999999999" classname="shinytest2_tm_data_table" name="e2e_tm_data_table_Verify_checkbox_displayed_over_data_table"/>
    <testcase time="4.107" classname="shinytest2_tm_data_table" name="e2e_tm_data_table_Verify_module_displays_data_table"/>
    <testcase time="2.084" classname="shinytest2_tm_data_table" name="e2e_tm_data_table_Verify_module_displays_data_table"/>
    <testcase time="0.0209999999999866" classname="shinytest2_tm_data_table" name="e2e_tm_data_table_Verify_module_displays_data_table"/>
    <testcase time="0.78400000000002" classname="shinytest2_tm_data_table" name="e2e_tm_data_table_Verify_module_displays_data_table"/>
    <testcase time="4.06899999999999" classname="shinytest2_tm_data_table" name="e2e_tm_data_table_Verify_default_variable_selection_and_set_new_selection"/>
    <testcase time="0.890000000000015" classname="shinytest2_tm_data_table" name="e2e_tm_data_table_Verify_default_variable_selection_and_set_new_selection"/>
    <testcase time="0.00899999999998613" classname="shinytest2_tm_data_table" name="e2e_tm_data_table_Verify_default_variable_selection_and_set_new_selection"/>
  </testsuite>
  <testsuite name="shinytest2-tm_file_viewer" timestamp="2025-02-24T16:40:33Z" hostname="417fd6c6593b" tests="13" skipped="0" failures="0" errors="0" time="29.517">
    <testcase time="3.77000000000001" classname="shinytest2_tm_file_viewer" name="e2e_tm_file_viewer_Initializes_without_errors_and_shows_files_tree_specified_in_input_path_argument"/>
    <testcase time="0.00699999999997658" classname="shinytest2_tm_file_viewer" name="e2e_tm_file_viewer_Initializes_without_errors_and_shows_files_tree_specified_in_input_path_argument"/>
    <testcase time="2.06400000000002" classname="shinytest2_tm_file_viewer" name="e2e_tm_file_viewer_Initializes_without_errors_and_shows_files_tree_specified_in_input_path_argument"/>
    <testcase time="0.0310000000000059" classname="shinytest2_tm_file_viewer" name="e2e_tm_file_viewer_Initializes_without_errors_and_shows_files_tree_specified_in_input_path_argument"/>
    <testcase time="0.00499999999999545" classname="shinytest2_tm_file_viewer" name="e2e_tm_file_viewer_Initializes_without_errors_and_shows_files_tree_specified_in_input_path_argument"/>
    <testcase time="7.78899999999999" classname="shinytest2_tm_file_viewer" name="e2e_tm_file_viewer_Shows_selected_image_file"/>
    <testcase time="0.007000000000005" classname="shinytest2_tm_file_viewer" name="e2e_tm_file_viewer_Shows_selected_image_file"/>
    <testcase time="7.804" classname="shinytest2_tm_file_viewer" name="e2e_tm_file_viewer_Shows_selected_text_file"/>
    <testcase time="0.00800000000000978" classname="shinytest2_tm_file_viewer" name="e2e_tm_file_viewer_Shows_selected_text_file"/>
    <testcase time="0.0029999999999859" classname="shinytest2_tm_file_viewer" name="e2e_tm_file_viewer_Shows_selected_text_file"/>
    <testcase time="0.134000000000015" classname="shinytest2_tm_file_viewer" name="e2e_tm_file_viewer_Shows_selected_text_file"/>
    <testcase time="7.80799999999999" classname="shinytest2_tm_file_viewer" name="e2e_tm_file_viewer_Shows_selected_url"/>
    <testcase time="0.0869999999999891" classname="shinytest2_tm_file_viewer" name="e2e_tm_file_viewer_Shows_selected_url"/>
  </testsuite>
  <testsuite name="shinytest2-tm_front_page" timestamp="2025-02-24T16:41:02Z" hostname="417fd6c6593b" tests="9" skipped="0" failures="0" errors="0" time="21.279">
    <testcase time="3.95699999999999" classname="shinytest2_tm_front_page" name="e2e_tm_front_page_Initializes_without_errors_and_check_html_elements"/>
    <testcase time="0.00500000000002387" classname="shinytest2_tm_front_page" name="e2e_tm_front_page_Initializes_without_errors_and_check_html_elements"/>
    <testcase time="0.00799999999998136" classname="shinytest2_tm_front_page" name="e2e_tm_front_page_Initializes_without_errors_and_check_html_elements"/>
    <testcase time="0.00800000000000978" classname="shinytest2_tm_front_page" name="e2e_tm_front_page_Initializes_without_errors_and_check_html_elements"/>
    <testcase time="4.03799999999998" classname="shinytest2_tm_front_page" name="e2e_tm_front_page_Verify_the_module_displays_tables"/>
    <testcase time="2.07100000000003" classname="shinytest2_tm_front_page" name="e2e_tm_front_page_Verify_the_module_displays_tables"/>
    <testcase time="0.0579999999999927" classname="shinytest2_tm_front_page" name="e2e_tm_front_page_Verify_the_module_displays_tables"/>
    <testcase time="2.06899999999999" classname="shinytest2_tm_front_page" name="e2e_tm_front_page_Verify_the_module_displays_tables"/>
    <testcase time="9.065" classname="shinytest2_tm_front_page" name="e2e_tm_front_page_Verify_the_module_displays_metadata"/>
  </testsuite>
  <testsuite name="shinytest2-tm_g_association" timestamp="2025-02-24T16:41:23Z" hostname="417fd6c6593b" tests="13" skipped="0" failures="0" errors="0" time="33.423">
    <testcase time="6.39500000000001" classname="shinytest2_tm_g_association" name="e2e_tm_g_association_Data_parameter_and_module_label_is_passed_properly."/>
    <testcase time="0.00499999999999545" classname="shinytest2_tm_g_association" name="e2e_tm_g_association_Data_parameter_and_module_label_is_passed_properly."/>
    <testcase time="0.0040000000000191" classname="shinytest2_tm_g_association" name="e2e_tm_g_association_Data_parameter_and_module_label_is_passed_properly."/>
    <testcase time="6.47199999999998" classname="shinytest2_tm_g_association" name="e2e_tm_g_association_Data_extract_spec_elements_are_initialized_with_the_default_values_specified_by_ref_and_vars_arguments."/>
    <testcase time="1.17200000000003" classname="shinytest2_tm_g_association" name="e2e_tm_g_association_Data_extract_spec_elements_are_initialized_with_the_default_values_specified_by_ref_and_vars_arguments."/>
    <testcase time="0.00899999999995771" classname="shinytest2_tm_g_association" name="e2e_tm_g_association_Data_extract_spec_elements_are_initialized_with_the_default_values_specified_by_ref_and_vars_arguments."/>
    <testcase time="1.06999999999999" classname="shinytest2_tm_g_association" name="e2e_tm_g_association_Data_extract_spec_elements_are_initialized_with_the_default_values_specified_by_ref_and_vars_arguments."/>
    <testcase time="8.56500000000005" classname="shinytest2_tm_g_association" name="e2e_tm_g_association_Module_plot_is_visible."/>
    <testcase time="6.80499999999995" classname="shinytest2_tm_g_association" name="e2e_tm_g_association_Check_and_set_default_values_for_radio_buttons."/>
    <testcase time="0.0529999999999973" classname="shinytest2_tm_g_association" name="e2e_tm_g_association_Check_and_set_default_values_for_radio_buttons."/>
    <testcase time="0.0530000000000541" classname="shinytest2_tm_g_association" name="e2e_tm_g_association_Check_and_set_default_values_for_radio_buttons."/>
    <testcase time="2.81399999999996" classname="shinytest2_tm_g_association" name="e2e_tm_g_association_Check_and_set_default_values_for_radio_buttons."/>
    <testcase time="0.00600000000002865" classname="shinytest2_tm_g_association" name="e2e_tm_g_association_Check_and_set_default_values_for_radio_buttons."/>
  </testsuite>
  <testsuite name="shinytest2-tm_g_bivariate" timestamp="2025-02-24T16:41:57Z" hostname="417fd6c6593b" tests="44" skipped="0" failures="0" errors="0" time="76.092">
    <testcase time="5.55599999999998" classname="shinytest2_tm_g_bivariate" name="e2e_tm_g_bivariate_Module_is_initialised_with_the_specified_defaults."/>
    <testcase time="0.0980000000000132" classname="shinytest2_tm_g_bivariate" name="e2e_tm_g_bivariate_Module_is_initialised_with_the_specified_defaults."/>
    <testcase time="0.0519999999999641" classname="shinytest2_tm_g_bivariate" name="e2e_tm_g_bivariate_Module_is_initialised_with_the_specified_defaults."/>
    <testcase time="0.0520000000000209" classname="shinytest2_tm_g_bivariate" name="e2e_tm_g_bivariate_Module_is_initialised_with_the_specified_defaults."/>
    <testcase time="0.0520000000000209" classname="shinytest2_tm_g_bivariate" name="e2e_tm_g_bivariate_Module_is_initialised_with_the_specified_defaults."/>
    <testcase time="0.0509999999999877" classname="shinytest2_tm_g_bivariate" name="e2e_tm_g_bivariate_Module_is_initialised_with_the_specified_defaults."/>
    <testcase time="0.0519999999999641" classname="shinytest2_tm_g_bivariate" name="e2e_tm_g_bivariate_Module_is_initialised_with_the_specified_defaults."/>
    <testcase time="0.0520000000000209" classname="shinytest2_tm_g_bivariate" name="e2e_tm_g_bivariate_Module_is_initialised_with_the_specified_defaults."/>
    <testcase time="0.0509999999999877" classname="shinytest2_tm_g_bivariate" name="e2e_tm_g_bivariate_Module_is_initialised_with_the_specified_defaults."/>
    <testcase time="0.0500000000000114" classname="shinytest2_tm_g_bivariate" name="e2e_tm_g_bivariate_Module_is_initialised_with_the_specified_defaults."/>
    <testcase time="0.0519999999999641" classname="shinytest2_tm_g_bivariate" name="e2e_tm_g_bivariate_Module_is_initialised_with_the_specified_defaults."/>
    <testcase time="0.0529999999999973" classname="shinytest2_tm_g_bivariate" name="e2e_tm_g_bivariate_Module_is_initialised_with_the_specified_defaults."/>
    <testcase time="0.0520000000000209" classname="shinytest2_tm_g_bivariate" name="e2e_tm_g_bivariate_Module_is_initialised_with_the_specified_defaults."/>
    <testcase time="0.0529999999999973" classname="shinytest2_tm_g_bivariate" name="e2e_tm_g_bivariate_Module_is_initialised_with_the_specified_defaults."/>
    <testcase time="0.0509999999999877" classname="shinytest2_tm_g_bivariate" name="e2e_tm_g_bivariate_Module_is_initialised_with_the_specified_defaults."/>
    <testcase time="0.0509999999999877" classname="shinytest2_tm_g_bivariate" name="e2e_tm_g_bivariate_Module_is_initialised_with_the_specified_defaults."/>
    <testcase time="0.0510000000000446" classname="shinytest2_tm_g_bivariate" name="e2e_tm_g_bivariate_Module_is_initialised_with_the_specified_defaults."/>
    <testcase time="0.0519999999999641" classname="shinytest2_tm_g_bivariate" name="e2e_tm_g_bivariate_Module_is_initialised_with_the_specified_defaults."/>
    <testcase time="7.75100000000003" classname="shinytest2_tm_g_bivariate" name="e2e_tm_g_bivariate_Coloring_options_are_hidden_when_coloring_is_toggled_off."/>
    <testcase time="2.11899999999997" classname="shinytest2_tm_g_bivariate" name="e2e_tm_g_bivariate_Coloring_options_are_hidden_when_coloring_is_toggled_off."/>
    <testcase time="2.10900000000004" classname="shinytest2_tm_g_bivariate" name="e2e_tm_g_bivariate_Coloring_options_are_hidden_when_coloring_is_toggled_off."/>
    <testcase time="3.20699999999999" classname="shinytest2_tm_g_bivariate" name="e2e_tm_g_bivariate_Coloring_options_are_hidden_when_coloring_is_toggled_off."/>
    <testcase time="2.11899999999997" classname="shinytest2_tm_g_bivariate" name="e2e_tm_g_bivariate_Coloring_options_are_hidden_when_coloring_is_toggled_off."/>
    <testcase time="2.12" classname="shinytest2_tm_g_bivariate" name="e2e_tm_g_bivariate_Coloring_options_are_hidden_when_coloring_is_toggled_off."/>
    <testcase time="7.74399999999997" classname="shinytest2_tm_g_bivariate" name="e2e_tm_g_bivariate_Facetting_options_are_hidden_when_facet_is_toggled_off."/>
    <testcase time="2.10900000000004" classname="shinytest2_tm_g_bivariate" name="e2e_tm_g_bivariate_Facetting_options_are_hidden_when_facet_is_toggled_off."/>
    <testcase time="2.125" classname="shinytest2_tm_g_bivariate" name="e2e_tm_g_bivariate_Facetting_options_are_hidden_when_facet_is_toggled_off."/>
    <testcase time="2.11799999999999" classname="shinytest2_tm_g_bivariate" name="e2e_tm_g_bivariate_Facetting_options_are_hidden_when_facet_is_toggled_off."/>
    <testcase time="3.24699999999996" classname="shinytest2_tm_g_bivariate" name="e2e_tm_g_bivariate_Facetting_options_are_hidden_when_facet_is_toggled_off."/>
    <testcase time="2.11700000000002" classname="shinytest2_tm_g_bivariate" name="e2e_tm_g_bivariate_Facetting_options_are_hidden_when_facet_is_toggled_off."/>
    <testcase time="2.11099999999999" classname="shinytest2_tm_g_bivariate" name="e2e_tm_g_bivariate_Facetting_options_are_hidden_when_facet_is_toggled_off."/>
    <testcase time="2.12" classname="shinytest2_tm_g_bivariate" name="e2e_tm_g_bivariate_Facetting_options_are_hidden_when_facet_is_toggled_off."/>
    <testcase time="6.86000000000001" classname="shinytest2_tm_g_bivariate" name="e2e_tm_g_bivariate_Setting_encoding_inputs_produces_outputs_without_validation_errors."/>
    <testcase time="0.52600000000001" classname="shinytest2_tm_g_bivariate" name="e2e_tm_g_bivariate_Setting_encoding_inputs_produces_outputs_without_validation_errors."/>
    <testcase time="1.185" classname="shinytest2_tm_g_bivariate" name="e2e_tm_g_bivariate_Setting_encoding_inputs_produces_outputs_without_validation_errors."/>
    <testcase time="2.18399999999997" classname="shinytest2_tm_g_bivariate" name="e2e_tm_g_bivariate_Setting_encoding_inputs_produces_outputs_without_validation_errors."/>
    <testcase time="1.20000000000005" classname="shinytest2_tm_g_bivariate" name="e2e_tm_g_bivariate_Setting_encoding_inputs_produces_outputs_without_validation_errors."/>
    <testcase time="2.041" classname="shinytest2_tm_g_bivariate" name="e2e_tm_g_bivariate_Setting_encoding_inputs_produces_outputs_without_validation_errors."/>
    <testcase time="1.94999999999999" classname="shinytest2_tm_g_bivariate" name="e2e_tm_g_bivariate_Setting_encoding_inputs_produces_outputs_without_validation_errors."/>
    <testcase time="1.96499999999997" classname="shinytest2_tm_g_bivariate" name="e2e_tm_g_bivariate_Setting_encoding_inputs_produces_outputs_without_validation_errors."/>
    <testcase time="2.036" classname="shinytest2_tm_g_bivariate" name="e2e_tm_g_bivariate_Setting_encoding_inputs_produces_outputs_without_validation_errors."/>
    <testcase time="2.16299999999995" classname="shinytest2_tm_g_bivariate" name="e2e_tm_g_bivariate_Setting_encoding_inputs_produces_outputs_without_validation_errors."/>
    <testcase time="2.18000000000001" classname="shinytest2_tm_g_bivariate" name="e2e_tm_g_bivariate_Setting_encoding_inputs_produces_outputs_without_validation_errors."/>
    <testcase time="2.20500000000004" classname="shinytest2_tm_g_bivariate" name="e2e_tm_g_bivariate_Setting_encoding_inputs_produces_outputs_without_validation_errors."/>
  </testsuite>
  <testsuite name="shinytest2-tm_g_distribution" timestamp="2025-02-24T16:43:38Z" hostname="417fd6c6593b" tests="20" skipped="0" failures="0" errors="0" time="59.431">
    <testcase time="30.685" classname="shinytest2_tm_g_distribution" name="e2e_tm_g_distribution_Module_is_initialised_with_the_specified_defaults."/>
    <testcase time="0.05499999999995" classname="shinytest2_tm_g_distribution" name="e2e_tm_g_distribution_Module_is_initialised_with_the_specified_defaults."/>
    <testcase time="0.0529999999999973" classname="shinytest2_tm_g_distribution" name="e2e_tm_g_distribution_Module_is_initialised_with_the_specified_defaults."/>
    <testcase time="0.0530000000000541" classname="shinytest2_tm_g_distribution" name="e2e_tm_g_distribution_Module_is_initialised_with_the_specified_defaults."/>
    <testcase time="0.0529999999999973" classname="shinytest2_tm_g_distribution" name="e2e_tm_g_distribution_Module_is_initialised_with_the_specified_defaults."/>
    <testcase time="0.0519999999999641" classname="shinytest2_tm_g_distribution" name="e2e_tm_g_distribution_Module_is_initialised_with_the_specified_defaults."/>
    <testcase time="0.0500000000000114" classname="shinytest2_tm_g_distribution" name="e2e_tm_g_distribution_Module_is_initialised_with_the_specified_defaults."/>
    <testcase time="0.0509999999999877" classname="shinytest2_tm_g_distribution" name="e2e_tm_g_distribution_Module_is_initialised_with_the_specified_defaults."/>
    <testcase time="0.0509999999999877" classname="shinytest2_tm_g_distribution" name="e2e_tm_g_distribution_Module_is_initialised_with_the_specified_defaults."/>
    <testcase time="0.68300000000005" classname="shinytest2_tm_g_distribution" name="e2e_tm_g_distribution_Module_is_initialised_with_the_specified_defaults."/>
    <testcase time="6.70599999999996" classname="shinytest2_tm_g_distribution" name="e2e_tm_g_distribution_Histogram_encoding_inputs_produce_output_without_validation_errors."/>
    <testcase time="2.26400000000001" classname="shinytest2_tm_g_distribution" name="e2e_tm_g_distribution_Histogram_encoding_inputs_produce_output_without_validation_errors."/>
    <testcase time="1.38800000000003" classname="shinytest2_tm_g_distribution" name="e2e_tm_g_distribution_Histogram_encoding_inputs_produce_output_without_validation_errors."/>
    <testcase time="1.00899999999996" classname="shinytest2_tm_g_distribution" name="e2e_tm_g_distribution_Histogram_encoding_inputs_produce_output_without_validation_errors."/>
    <testcase time="1.78700000000003" classname="shinytest2_tm_g_distribution" name="e2e_tm_g_distribution_Histogram_encoding_inputs_produce_output_without_validation_errors."/>
    <testcase time="1.72499999999997" classname="shinytest2_tm_g_distribution" name="e2e_tm_g_distribution_Histogram_encoding_inputs_produce_output_without_validation_errors."/>
    <testcase time="1.06700000000001" classname="shinytest2_tm_g_distribution" name="e2e_tm_g_distribution_Histogram_encoding_inputs_produce_output_without_validation_errors."/>
    <testcase time="0.97199999999998" classname="shinytest2_tm_g_distribution" name="e2e_tm_g_distribution_Histogram_encoding_inputs_produce_output_without_validation_errors."/>
    <testcase time="6.42000000000002" classname="shinytest2_tm_g_distribution" name="e2e_tm_g_distribution_QQ_plot_encoding_inputs_produce_output_without_validation_errors."/>
    <testcase time="4.30700000000002" classname="shinytest2_tm_g_distribution" name="e2e_tm_g_distribution_QQ_plot_encoding_inputs_produce_output_without_validation_errors."/>
  </testsuite>
  <testsuite name="shinytest2-tm_g_response" timestamp="2025-02-24T16:44:12Z" hostname="417fd6c6593b" tests="17" skipped="0" failures="0" errors="0" time="30.832">
    <testcase time="5.23500000000001" classname="shinytest2_tm_g_response" name="e2e_tm_g_response_module_is_initialised_with_the_specified_defaults."/>
    <testcase time="0.0960000000000036" classname="shinytest2_tm_g_response" name="e2e_tm_g_response_module_is_initialised_with_the_specified_defaults."/>
    <testcase time="0.0519999999999641" classname="shinytest2_tm_g_response" name="e2e_tm_g_response_module_is_initialised_with_the_specified_defaults."/>
    <testcase time="0.0500000000000114" classname="shinytest2_tm_g_response" name="e2e_tm_g_response_module_is_initialised_with_the_specified_defaults."/>
    <testcase time="0.0520000000000209" classname="shinytest2_tm_g_response" name="e2e_tm_g_response_module_is_initialised_with_the_specified_defaults."/>
    <testcase time="0.0519999999999641" classname="shinytest2_tm_g_response" name="e2e_tm_g_response_module_is_initialised_with_the_specified_defaults."/>
    <testcase time="0.0510000000000446" classname="shinytest2_tm_g_response" name="e2e_tm_g_response_module_is_initialised_with_the_specified_defaults."/>
    <testcase time="0.0499999999999545" classname="shinytest2_tm_g_response" name="e2e_tm_g_response_module_is_initialised_with_the_specified_defaults."/>
    <testcase time="6.50900000000001" classname="shinytest2_tm_g_response" name="e2e_tm_g_response_encoding_inputs_produce_output_without_validation_errors."/>
    <testcase time="1.23899999999998" classname="shinytest2_tm_g_response" name="e2e_tm_g_response_encoding_inputs_produce_output_without_validation_errors."/>
    <testcase time="1.16700000000003" classname="shinytest2_tm_g_response" name="e2e_tm_g_response_encoding_inputs_produce_output_without_validation_errors."/>
    <testcase time="1.01900000000001" classname="shinytest2_tm_g_response" name="e2e_tm_g_response_encoding_inputs_produce_output_without_validation_errors."/>
    <testcase time="1.06" classname="shinytest2_tm_g_response" name="e2e_tm_g_response_encoding_inputs_produce_output_without_validation_errors."/>
    <testcase time="1.11099999999999" classname="shinytest2_tm_g_response" name="e2e_tm_g_response_encoding_inputs_produce_output_without_validation_errors."/>
    <testcase time="1.11500000000001" classname="shinytest2_tm_g_response" name="e2e_tm_g_response_encoding_inputs_produce_output_without_validation_errors."/>
    <testcase time="6.17500000000001" classname="shinytest2_tm_g_response" name="e2e_tm_g_response_deselecting_response_produces_validation_error."/>
    <testcase time="5.79899999999998" classname="shinytest2_tm_g_response" name="e2e_tm_g_response_deselecting_x_produces_validation_error."/>
  </testsuite>
  <testsuite name="shinytest2-tm_g_scatterplot" timestamp="2025-02-24T16:44:43Z" hostname="417fd6c6593b" tests="35" skipped="0" failures="0" errors="0" time="74.695">
    <testcase time="5.31700000000001" classname="shinytest2_tm_g_scatterplot" name="e2e_tm_g_scatterplot_Module_is_initialised_with_the_specified_defaults."/>
    <testcase time="0.0500000000000114" classname="shinytest2_tm_g_scatterplot" name="e2e_tm_g_scatterplot_Module_is_initialised_with_the_specified_defaults."/>
    <testcase time="0.0489999999999782" classname="shinytest2_tm_g_scatterplot" name="e2e_tm_g_scatterplot_Module_is_initialised_with_the_specified_defaults."/>
    <testcase time="0.0570000000000164" classname="shinytest2_tm_g_scatterplot" name="e2e_tm_g_scatterplot_Module_is_initialised_with_the_specified_defaults."/>
    <testcase time="0.0519999999999641" classname="shinytest2_tm_g_scatterplot" name="e2e_tm_g_scatterplot_Module_is_initialised_with_the_specified_defaults."/>
    <testcase time="0.0520000000000209" classname="shinytest2_tm_g_scatterplot" name="e2e_tm_g_scatterplot_Module_is_initialised_with_the_specified_defaults."/>
    <testcase time="0.0489999999999782" classname="shinytest2_tm_g_scatterplot" name="e2e_tm_g_scatterplot_Module_is_initialised_with_the_specified_defaults."/>
    <testcase time="0.0520000000000209" classname="shinytest2_tm_g_scatterplot" name="e2e_tm_g_scatterplot_Module_is_initialised_with_the_specified_defaults."/>
    <testcase time="0.0520000000000209" classname="shinytest2_tm_g_scatterplot" name="e2e_tm_g_scatterplot_Module_is_initialised_with_the_specified_defaults."/>
    <testcase time="0.0500000000000114" classname="shinytest2_tm_g_scatterplot" name="e2e_tm_g_scatterplot_Module_is_initialised_with_the_specified_defaults."/>
    <testcase time="0.0499999999999545" classname="shinytest2_tm_g_scatterplot" name="e2e_tm_g_scatterplot_Module_is_initialised_with_the_specified_defaults."/>
    <testcase time="0.0500000000000114" classname="shinytest2_tm_g_scatterplot" name="e2e_tm_g_scatterplot_Module_is_initialised_with_the_specified_defaults."/>
    <testcase time="0.0509999999999877" classname="shinytest2_tm_g_scatterplot" name="e2e_tm_g_scatterplot_Module_is_initialised_with_the_specified_defaults."/>
    <testcase time="0.0520000000000209" classname="shinytest2_tm_g_scatterplot" name="e2e_tm_g_scatterplot_Module_is_initialised_with_the_specified_defaults."/>
    <testcase time="0.0520000000000209" classname="shinytest2_tm_g_scatterplot" name="e2e_tm_g_scatterplot_Module_is_initialised_with_the_specified_defaults."/>
    <testcase time="0.0499999999999545" classname="shinytest2_tm_g_scatterplot" name="e2e_tm_g_scatterplot_Module_is_initialised_with_the_specified_defaults."/>
    <testcase time="6.40700000000004" classname="shinytest2_tm_g_scatterplot" name="e2e_tm_g_scatterplot_Base_for_the_log_transformation_can_be_applied."/>
    <testcase time="0.829000000000008" classname="shinytest2_tm_g_scatterplot" name="e2e_tm_g_scatterplot_Base_for_the_log_transformation_can_be_applied."/>
    <testcase time="0.831999999999994" classname="shinytest2_tm_g_scatterplot" name="e2e_tm_g_scatterplot_Base_for_the_log_transformation_can_be_applied."/>
    <testcase time="0.841000000000008" classname="shinytest2_tm_g_scatterplot" name="e2e_tm_g_scatterplot_Base_for_the_log_transformation_can_be_applied."/>
    <testcase time="6.85999999999996" classname="shinytest2_tm_g_scatterplot" name="e2e_tm_g_scatterplot_The_log_transform_is_only_possible_for_positive_numeric_vars."/>
    <testcase time="0.910000000000025" classname="shinytest2_tm_g_scatterplot" name="e2e_tm_g_scatterplot_The_log_transform_is_only_possible_for_positive_numeric_vars."/>
    <testcase time="1.47399999999999" classname="shinytest2_tm_g_scatterplot" name="e2e_tm_g_scatterplot_The_log_transform_is_only_possible_for_positive_numeric_vars."/>
    <testcase time="7.21499999999997" classname="shinytest2_tm_g_scatterplot" name="e2e_tm_g_scatterplot_Get_validation_error_when_facetting_with_the_same_row_col_variable."/>
    <testcase time="6.59100000000001" classname="shinytest2_tm_g_scatterplot" name="e2e_tm_g_scatterplot_The_encoding_inputs_produce_output_without_validation_errors."/>
    <testcase time="1.01100000000002" classname="shinytest2_tm_g_scatterplot" name="e2e_tm_g_scatterplot_The_encoding_inputs_produce_output_without_validation_errors."/>
    <testcase time="1.387" classname="shinytest2_tm_g_scatterplot" name="e2e_tm_g_scatterplot_The_encoding_inputs_produce_output_without_validation_errors."/>
    <testcase time="1.834" classname="shinytest2_tm_g_scatterplot" name="e2e_tm_g_scatterplot_The_encoding_inputs_produce_output_without_validation_errors."/>
    <testcase time="1.846" classname="shinytest2_tm_g_scatterplot" name="e2e_tm_g_scatterplot_The_encoding_inputs_produce_output_without_validation_errors."/>
    <testcase time="1.572" classname="shinytest2_tm_g_scatterplot" name="e2e_tm_g_scatterplot_The_encoding_inputs_produce_output_without_validation_errors."/>
    <testcase time="1.59800000000001" classname="shinytest2_tm_g_scatterplot" name="e2e_tm_g_scatterplot_The_encoding_inputs_produce_output_without_validation_errors."/>
    <testcase time="20.535" classname="shinytest2_tm_g_scatterplot" name="e2e_tm_g_scatterplot_The_encoding_inputs_produce_output_without_validation_errors."/>
    <testcase time="1.63599999999997" classname="shinytest2_tm_g_scatterplot" name="e2e_tm_g_scatterplot_The_encoding_inputs_produce_output_without_validation_errors."/>
    <testcase time="3.11900000000003" classname="shinytest2_tm_g_scatterplot" name="e2e_tm_g_scatterplot_The_encoding_inputs_produce_output_without_validation_errors."/>
    <testcase time="2.11300000000006" classname="shinytest2_tm_g_scatterplot" name="e2e_tm_g_scatterplot_The_encoding_inputs_produce_output_without_validation_errors."/>
  </testsuite>
  <testsuite name="shinytest2-tm_g_scatterplotmatrix" timestamp="2025-02-24T16:45:58Z" hostname="417fd6c6593b" tests="9" skipped="0" failures="0" errors="0" time="28.228">
    <testcase time="5.13900000000001" classname="shinytest2_tm_g_scatterplotmatrix" name="e2e_tm_g_scatterplotmatrix_Initializes_without_errors"/>
    <testcase time="0.00499999999999545" classname="shinytest2_tm_g_scatterplotmatrix" name="e2e_tm_g_scatterplotmatrix_Initializes_without_errors"/>
    <testcase time="0.00399999999990541" classname="shinytest2_tm_g_scatterplotmatrix" name="e2e_tm_g_scatterplotmatrix_Initializes_without_errors"/>
    <testcase time="7.27600000000007" classname="shinytest2_tm_g_scatterplotmatrix" name="e2e_tm_g_scatterplotmatrix_Verify_module_displays_data_table"/>
    <testcase time="5.21399999999994" classname="shinytest2_tm_g_scatterplotmatrix" name="e2e_tm_g_scatterplotmatrix_Verify_default_values_and_settings_data_extracts_for_data_selection"/>
    <testcase time="0.00200000000006639" classname="shinytest2_tm_g_scatterplotmatrix" name="e2e_tm_g_scatterplotmatrix_Verify_default_values_and_settings_data_extracts_for_data_selection"/>
    <testcase time="1.44200000000001" classname="shinytest2_tm_g_scatterplotmatrix" name="e2e_tm_g_scatterplotmatrix_Verify_default_values_and_settings_data_extracts_for_data_selection"/>
    <testcase time="6.56599999999992" classname="shinytest2_tm_g_scatterplotmatrix" name="e2e_tm_g_scatterplotmatrix_Change_plot_settings"/>
    <testcase time="2.58000000000004" classname="shinytest2_tm_g_scatterplotmatrix" name="e2e_tm_g_scatterplotmatrix_Change_plot_settings"/>
  </testsuite>
  <testsuite name="shinytest2-tm_misssing_data" timestamp="2025-02-24T16:46:26Z" hostname="417fd6c6593b" tests="26" skipped="0" failures="0" errors="0" time="48.47">
    <testcase time="0.232999999999947" classname="shinytest2_tm_misssing_data" name="e2e_tm_missing_data_Initializes_without_errors"/>
    <testcase time="5.27800000000002" classname="shinytest2_tm_misssing_data" name="e2e_tm_missing_data_Initializes_without_errors"/>
    <testcase time="0.0040000000000191" classname="shinytest2_tm_misssing_data" name="e2e_tm_missing_data_Initializes_without_errors"/>
    <testcase time="0.0040000000000191" classname="shinytest2_tm_misssing_data" name="e2e_tm_missing_data_Initializes_without_errors"/>
    <testcase time="0.236999999999966" classname="shinytest2_tm_misssing_data" name="e2e_tm_missing_data_Default_settings_and_visibility_of_the_summary_graph"/>
    <testcase time="5.29200000000003" classname="shinytest2_tm_misssing_data" name="e2e_tm_missing_data_Default_settings_and_visibility_of_the_summary_graph"/>
    <testcase time="0.0500000000000682" classname="shinytest2_tm_misssing_data" name="e2e_tm_missing_data_Default_settings_and_visibility_of_the_summary_graph"/>
    <testcase time="3.00999999999999" classname="shinytest2_tm_misssing_data" name="e2e_tm_missing_data_Default_settings_and_visibility_of_the_summary_graph"/>
    <testcase time="2.79499999999996" classname="shinytest2_tm_misssing_data" name="e2e_tm_missing_data_Default_settings_and_visibility_of_the_summary_graph"/>
    <testcase time="2.10599999999999" classname="shinytest2_tm_misssing_data" name="e2e_tm_missing_data_Default_settings_and_visibility_of_the_summary_graph"/>
    <testcase time="0.224000000000046" classname="shinytest2_tm_misssing_data" name="e2e_tm_missing_data_Check_default_settings_and_visibility_of_the_combinations_graph_and_encodings"/>
    <testcase time="4.97199999999998" classname="shinytest2_tm_misssing_data" name="e2e_tm_missing_data_Check_default_settings_and_visibility_of_the_combinations_graph_and_encodings"/>
    <testcase time="1.64800000000002" classname="shinytest2_tm_misssing_data" name="e2e_tm_missing_data_Check_default_settings_and_visibility_of_the_combinations_graph_and_encodings"/>
    <testcase time="2.10699999999997" classname="shinytest2_tm_misssing_data" name="e2e_tm_missing_data_Check_default_settings_and_visibility_of_the_combinations_graph_and_encodings"/>
    <testcase time="2.10299999999995" classname="shinytest2_tm_misssing_data" name="e2e_tm_missing_data_Check_default_settings_and_visibility_of_the_combinations_graph_and_encodings"/>
    <testcase time="0.113000000000056" classname="shinytest2_tm_misssing_data" name="e2e_tm_missing_data_Check_default_settings_and_visibility_of_the_combinations_graph_and_encodings"/>
    <testcase time="1.16099999999994" classname="shinytest2_tm_misssing_data" name="e2e_tm_missing_data_Check_default_settings_and_visibility_of_the_combinations_graph_and_encodings"/>
    <testcase time="0.232000000000085" classname="shinytest2_tm_misssing_data" name="e2e_tm_missing_data_Validate_functionality_and_UI_response_for_By_Variable_Levels_"/>
    <testcase time="6.35199999999998" classname="shinytest2_tm_misssing_data" name="e2e_tm_missing_data_Validate_functionality_and_UI_response_for_By_Variable_Levels_"/>
    <testcase time="0.0539999999999736" classname="shinytest2_tm_misssing_data" name="e2e_tm_missing_data_Validate_functionality_and_UI_response_for_By_Variable_Levels_"/>
    <testcase time="0.0510000000000446" classname="shinytest2_tm_misssing_data" name="e2e_tm_missing_data_Validate_functionality_and_UI_response_for_By_Variable_Levels_"/>
    <testcase time="0.844999999999914" classname="shinytest2_tm_misssing_data" name="e2e_tm_missing_data_Validate_functionality_and_UI_response_for_By_Variable_Levels_"/>
    <testcase time="0.00900000000001455" classname="shinytest2_tm_misssing_data" name="e2e_tm_missing_data_Validate_functionality_and_UI_response_for_By_Variable_Levels_"/>
    <testcase time="2.96199999999999" classname="shinytest2_tm_misssing_data" name="e2e_tm_missing_data_Validate_functionality_and_UI_response_for_By_Variable_Levels_"/>
    <testcase time="0.222000000000094" classname="shinytest2_tm_misssing_data" name="e2e_tm_missing_data_Validate_By_Variable_Levels_table_values"/>
    <testcase time="6.40599999999995" classname="shinytest2_tm_misssing_data" name="e2e_tm_missing_data_Validate_By_Variable_Levels_table_values"/>
  </testsuite>
  <testsuite name="shinytest2-tm_outliers" timestamp="2025-02-24T16:47:15Z" hostname="417fd6c6593b" tests="10" skipped="0" failures="0" errors="10" time="1028.182">
    <testcase time="103.029" classname="shinytest2_tm_outliers" name="e2e_tm_outliers_Data_parameter_and_module_label_is_passed_properly.">
      <error type="error" message="Error in `app_initialize(self, private, app_dir = app_dir, ..., load_timeout = load_timeout,  ('test-shinytest2-tm_outliers.R:54:3')">Error in `app_initialize(self, private, app_dir = app_dir, ..., load_timeout = load_timeout, 
    timeout = timeout, wait = wait, expect_values_screenshot_args = expect_values_screenshot_args, 
    screenshot_args = screenshot_args, check_names = check_names, 
    name = name, variant = variant, view = view, height = height, 
    width = width, seed = seed, clean_logs = clean_logs, shiny_args = shiny_args, 
    render_args = render_args, options = options)`: Shiny app did not become stable in 1e+05ms.
Message: An error occurred while waiting for Shiny to be stable
Caused by error in `app_wait_for_idle()`:
! An error occurred while waiting for Shiny to be stable


ℹ You can inspect the failed AppDriver object via `rlang::last_error()$app`
ℹ AppDriver logs:
{shinytest2} R  info    16:47:15.49 Start AppDriver initialization
{shinytest2} R  info    16:47:15.55 Starting Shiny app
{shinytest2} R  info    16:47:16.77 Creating new ChromoteSession
{shinytest2} R  info    16:47:16.82 Navigating to Shiny app
{shinytest2} R  info    16:47:17.46 Injecting shiny-tracer.js
{chromote}   JS info    16:47:17.48 shinytest2; jQuery not found
{chromote}   JS info    16:47:17.48 shinytest2; Loaded
{shinytest2} R  info    16:47:17.49 Waiting for Shiny to become ready
{chromote}   JS info    16:47:17.60 shinytest2; jQuery found
{chromote}   JS info    16:47:17.60 shinytest2; Waiting for shiny session to connect
{chromote}   JS info    16:47:17.89 shinytest2; Connected
{chromote}   JS info    16:47:17.92 shinytest2; shiny:busy
{shinytest2} R  info    16:47:17.94 Waiting for Shiny to become idle for 200ms within 1e+05ms
{chromote}   JS info    16:47:17.95 shinytest2; Waiting for Shiny to be stable
{chromote}   JS warning 16:47:18.96 Couldn't perform validation update on input with id 'teal-teal_modules-outliers_module-module-categorical_var-dataset_CO2_singleextract-select': input not found
                                    (anonymous) @ shinyvalidate-0.1.3/shinyvalidate.js:3443:18
                                    (anonymous) @ shiny-javascript-1.10.0/shiny.min.js:1:407159
                                    m           @ shiny-javascript-1.10.0/shiny.min.js:1:388827
                                    (anonymous) @ shiny-javascript-1.10.0/shiny.min.js:1:390150
                                    (anonymous) @ shiny-javascript-1.10.0/shiny.min.js:1:389186
                                    nT          @ shiny-javascript-1.10.0/shiny.min.js:1:394797
                                    s           @ shiny-javascript-1.10.0/shiny.min.js:1:394995
                                    (anonymous) @ shiny-javascript-1.10.0/shiny.min.js:1:395056
                                    (anonymous) @ shiny-javascript-1.10.0/shiny.min.js:1:394936
                                    t           @ shiny-javascript-1.10.0/shiny.min.js:1:407274
                                    (anonymous) @ shiny-javascript-1.10.0/shiny.min.js:1:410753
                                    m           @ shiny-javascript-1.10.0/shiny.min.js:1:388827
                                    (anonymous) @ shiny-javascript-1.10.0/shiny.min.js:1:390150
                                    (anonymous) @ shiny-javascript-1.10.0/shiny.min.js:1:389186
                                    nT          @ shiny-javascript-1.10.0/shiny.min.js:1:394797
                                    s           @ shiny-javascript-1.10.0/shiny.min.js:1:394995
                                    (anonymous) @ shiny-javascript-1.10.0/shiny.min.js:1:395056
                                    (anonymous) @ shiny-javascript-1.10.0/shiny.min.js:1:394936
                                    (anonymous) @ shiny-javascript-1.10.0/shiny.min.js:1:410855
                                    (anonymous) @ shiny-javascript-1.10.0/shiny.min.js:1:407159
                                    m           @ shiny-javascript-1.10.0/shiny.min.js:1:388827
                                    (anonymous) @ shiny-javascript-1.10.0/shiny.min.js:1:390150
                                    (anonymous) @ shiny-javascript-1.10.0/shiny.min.js:1:389186
                                    nT          @ shiny-javascript-1.10.0/shiny.min.js:1:394797
                                    s           @ shiny-javascript-1.10.0/shiny.min.js:1:394995
                                    (anonymous) @ shiny-javascript-1.10.0/shiny.min.js:1:395056
                                    (anonymous) @ shiny-javascript-1.10.0/shiny.min.js:1:394936
                                    t           @ shiny-javascript-1.10.0/shiny.min.js:1:407274
                                    (anonymous) @ shiny-javascript-1.10.0/shiny.min.js:1:406722
                                    m           @ shiny-javascript-1.10.0/shiny.min.js:1:388827
                                    (anonymous) @ shiny-javascript-1.10.0/shiny.min.js:1:390150
                                    (anonymous) @ shiny-javascript-1.10.0/shiny.min.js:1:389186
                                    nT          @ shiny-javascript-1.10.0/shiny.min.js:1:394797
                                    s           @ shiny-javascript-1.10.0/shiny.min.js:1:394995
                                    (anonymous) @ shiny-javascript-1.10.0/shiny.min.js:1:395056
                                    (anonymous) @ shiny-javascript-1.10.0/shiny.min.js:1:394936
                                    t           @ shiny-javascript-1.10.0/shiny.min.js:1:406868
                                    (anonymous) @ shiny-javascript-1.10.0/shiny.min.js:1:400961
                                    m           @ shiny-javascript-1.10.0/shiny.min.js:1:388827
                                    (anonymous) @ shiny-javascript-1.10.0/shiny.min.js:1:390150
                                    (anonymous) @ shiny-javascript-1.10.0/shiny.min.js:1:389186
                                    nT          @ shiny-javascript-1.10.0/shiny.min.js:1:394797
                                    s           @ shiny-javascript-1.10.0/shiny.min.js:1:394995
                                    (anonymous) @ shiny-javascript-1.10.0/shiny.min.js:1:395056
                                    (anonymous) @ shiny-javascript-1.10.0/shiny.min.js:1:394936
                                    (anonymous) @ shiny-javascript-1.10.0/shiny.min.js:1:401480
                                    m           @ shiny-javascript-1.10.0/shiny.min.js:1:388827
                                    (anonymous) @ shiny-javascript-1.10.0/shiny.min.js:1:390150
                                    (anonymous) @ shiny-javascript-1.10.0/shiny.min.js:1:389186
                                    nT          @ shiny-javascript-1.10.0/shiny.min.js:1:394797
                                    s           @ shiny-javascript-1.10.0/shiny.min.js:1:394995
{shinytest2} R  info    16:48:57.97 Error while initializing AppDriver:
                                    Shiny app did not become stable in 1e+05ms.
                                    Message: An error occurred while waiting for Shiny to be stable
                                    Caused by error in `app_wait_for_idle()`:
                                    ! An error occurred while waiting for Shiny to be stable
{shiny}      R  stderr  ----------- Loading required package: shiny
{shiny}      R  stderr  ----------- Attempting to load the environment ‘package:sparkline’
{shiny}      R  stderr  ----------- Loading required package: ggmosaic
{shiny}      R  stderr  ----------- Loading required package: ggplot2
{shiny}      R  stderr  ----------- Loading required package: teal
{shiny}      R  stderr  ----------- Loading required package: teal.data
{shiny}      R  stderr  ----------- Loading required package: teal.code
{shiny}      R  stderr  ----------- Loading required package: teal.slice
{shiny}      R  stderr  ----------- 
{shiny}      R  stderr  ----------- You are using teal version 0.16.0
{shiny}      R  stderr  ----------- 
{shiny}      R  stderr  ----------- Attaching package: ‘teal’
{shiny}      R  stderr  ----------- 
{shiny}      R  stderr  ----------- The following objects are masked from ‘package:teal.slice’:
{shiny}      R  stderr  ----------- 
{shiny}      R  stderr  -----------     as.teal_slices, teal_slices
{shiny}      R  stderr  ----------- 
{shiny}      R  stderr  ----------- Loading required package: teal.transform
{shiny}      R  stderr  ----------- Running application in test mode.
{shiny}      R  stderr  ----------- 
{shiny}      R  stderr  ----------- Listening on http://127.0.0.1:5626
{shiny}      R  stderr  ----------- Initializing reporter_previewer_module
{shiny}      R  stderr  ----------- Initializing reporter_previewer_module
{shiny}      R  stderr  ----------- Warning: Error in &lt;Anonymous&gt;: error in evaluating the argument 'code' in selecting a method for function 'eval_code': object of type 'symbol' is not subsettable
{shiny}      R  stderr  -----------   251: &lt;Anonymous&gt;
{shiny}      R  stderr  -----------   250: identical
{shiny}      R  stderr  -----------   249: FUN
{shiny}      R  stderr  -----------   248: lapply
{shiny}      R  stderr  -----------   247: FUN
{shiny}      R  stderr  -----------   246: lapply
{shiny}      R  stderr  -----------   245: remove_pipe_null
{shiny}      R  stderr  -----------   244: %&gt;%
{shiny}      R  stderr  -----------   242: &lt;reactive&gt;
{shiny}      R  stderr  -----------   222: common_code_q
{shiny}      R  stderr  -----------   215: &lt;reactive&gt;
{shiny}      R  stderr  -----------   195: data
{shiny}      R  stderr  -----------   189: &lt;reactive&gt;
{shiny}      R  stderr  -----------   169: decorated_q[[req(current_tab_r())]]
{shiny}      R  stderr  -----------   168: &lt;reactive&gt;
{shiny}      R  stderr  -----------   148: data
{shiny}      R  stderr  -----------   142: &lt;reactive&gt;
{shiny}      R  stderr  -----------   122: decorated_final_q
{shiny}      R  stderr  -----------   121: exprFunc
{shiny}      R  stderr  -----------   120: widgetFunc
{shiny}      R  stderr  -----------   119: ::
{shiny}      R  stderr  ----------- htmlwidgets
{shiny}      R  stderr  ----------- shinyRenderWidget
{shiny}      R  stderr  -----------   118: func
{shiny}      R  stderr  -----------   105: renderFunc
{shiny}      R  stderr  -----------   104: renderFunc
{shiny}      R  stderr  -----------   100: renderFunc
{shiny}      R  stderr  -----------    99: output$teal-teal_modules-outliers_module-module-summary_table
{shiny}      R  stderr  -----------    14: &lt;Anonymous&gt;
{shiny}      R  stderr  -----------    12: &lt;Anonymous&gt;
{shiny}      R  stderr  -----------    11: &lt;Anonymous&gt;
{shiny}      R  stderr  -----------    10: base::do.call
{shiny}      R  stderr  -----------     9: base::saveRDS
{shiny}      R  stderr  -----------     8: base::withCallingHandlers
{shiny}      R  stderr  -----------     7: doTryCatch
{shiny}      R  stderr  -----------     6: tryCatchOne
{shiny}      R  stderr  -----------     5: tryCatchList
{shiny}      R  stderr  -----------     2: tryCatchList
{shiny}      R  stderr  -----------     1: base::tryCatch
{shiny}      R  stderr  ----------- Warning: Error in &lt;Anonymous&gt;: error in evaluating the argument 'code' in selecting a method for function 'eval_code': object of type 'symbol' is not subsettable
{shiny}      R  stderr  -----------   251: &lt;Anonymous&gt;
{shiny}      R  stderr  -----------   250: identical
{shiny}      R  stderr  -----------   249: FUN
{shiny}      R  stderr  -----------   248: lapply
{shiny}      R  stderr  -----------   247: FUN
{shiny}      R  stderr  -----------   246: lapply
{shiny}      R  stderr  -----------   245: remove_pipe_null
{shiny}      R  stderr  -----------   244: %&gt;%
{shiny}      R  stderr  -----------   242: &lt;reactive&gt;
{shiny}      R  stderr  -----------   222: common_code_q
{shiny}      R  stderr  -----------   215: &lt;reactive&gt;
{shiny}      R  stderr  -----------   195: data
{shiny}      R  stderr  -----------   189: &lt;reactive&gt;
{shiny}      R  stderr  -----------   169: decorated_q[[req(current_tab_r())]]
{shiny}      R  stderr  -----------   168: &lt;reactive&gt;
{shiny}      R  stderr  -----------   148: data
{shiny}      R  stderr  -----------   142: &lt;reactive&gt;
{shiny}      R  stderr  -----------   122: decorated_final_q
{shiny}      R  stderr  -----------   121: exprFunc
{shiny}      R  stderr  -----------   120: widgetFunc
{shiny}      R  stderr  -----------   119: ::
{shiny}      R  stderr  ----------- htmlwidgets
{shiny}      R  stderr  ----------- shinyRenderWidget
{shiny}      R  stderr  -----------   118: func
{shiny}      R  stderr  -----------   105: renderFunc
{shiny}      R  stderr  -----------   104: renderFunc
{shiny}      R  stderr  -----------   100: renderFunc
{shiny}      R  stderr  -----------    99: output$teal-teal_modules-outliers_module-module-summary_table
{shiny}      R  stderr  -----------    14: &lt;Anonymous&gt;
{shiny}      R  stderr  -----------    12: &lt;Anonymous&gt;
{shiny}      R  stderr  -----------    11: &lt;Anonymous&gt;
{shiny}      R  stderr  -----------    10: base::do.call
{shiny}      R  stderr  -----------     9: base::saveRDS
{shiny}      R  stderr  -----------     8: base::withCallingHandlers
{shiny}      R  stderr  -----------     7: doTryCatch
{shiny}      R  stderr  -----------     6: tryCatchOne
{shiny}      R  stderr  -----------     5: tryCatchList
{shiny}      R  stderr  -----------     2: tryCatchList
{shiny}      R  stderr  -----------     1: base::tryCatch
{shiny}      R  stderr  ----------- Warning: Error in &lt;Anonymous&gt;: error in evaluating the argument 'code' in selecting a method for function 'eval_code': object of type 'symbol' is not subsettable
{shiny}      R  stderr  -----------   14: &lt;Anonymous&gt;
{shiny}      R  stderr  -----------   12: &lt;Anonymous&gt;
{shiny}      R  stderr  -----------   11: &lt;Anonymous&gt;
{shiny}      R  stderr  -----------   10: base::do.call
{shiny}      R  stderr  -----------    9: base::saveRDS
{shiny}      R  stderr  -----------    8: base::withCallingHandlers
{shiny}      R  stderr  -----------    7: doTryCatch
{shiny}      R  stderr  -----------    6: tryCatchOne
{shiny}      R  stderr  -----------    5: tryCatchList
{shiny}      R  stderr  -----------    2: tryCatchList
{shiny}      R  stderr  -----------    1: base::tryCatch
{shiny}      R  stderr  ----------- Warning: Error in &lt;Anonymous&gt;: error in evaluating the argument 'code' in selecting a method for function 'eval_code': object of type 'symbol' is not subsettable
{shiny}      R  stderr  -----------   124: &lt;Anonymous&gt;
{shiny}      R  stderr  -----------   123: stop
{shiny}      R  stderr  -----------   122: common_code_q
{shiny}      R  stderr  -----------   121: exprFunc
{shiny}      R  stderr  -----------   120: widgetFunc
{shiny}      R  stderr  -----------   119: ::
{shiny}      R  stderr  ----------- htmlwidgets
{shiny}      R  stderr  ----------- shinyRenderWidget
{shiny}      R  stderr  -----------   118: func
{shiny}      R  stderr  -----------   105: renderFunc
{shiny}      R  stderr  -----------   104: renderFunc
{shiny}      R  stderr  -----------   100: renderFunc
{shiny}      R  stderr  -----------    99: output$teal-teal_modules-outliers_module-module-table_ui
{shiny}      R  stderr  -----------    14: &lt;Anonymous&gt;
{shiny}      R  stderr  -----------    12: &lt;Anonymous&gt;
{shiny}      R  stderr  -----------    11: &lt;Anonymous&gt;
{shiny}      R  stderr  -----------    10: base::do.call
{shiny}      R  stderr  -----------     9: base::saveRDS
{shiny}      R  stderr  -----------     8: base::withCallingHandlers
{shiny}      R  stderr  -----------     7: doTryCatch
{shiny}      R  stderr  -----------     6: tryCatchOne
{shiny}      R  stderr  -----------     5: tryCatchList
{shiny}      R  stderr  -----------     2: tryCatchList
{shiny}      R  stderr  -----------     1: base::tryCatch
{shiny}      R  stderr  ----------- Warning: Error in &lt;Anonymous&gt;: error in evaluating the argument 'code' in selecting a method for function 'eval_code': object of type 'symbol' is not subsettable
{shiny}      R  stderr  -----------   117: &lt;Anonymous&gt;
{shiny}      R  stderr  -----------   116: stop
{shiny}      R  stderr  -----------   115: common_code_q
{shiny}      R  stderr  -----------   114: renderUI
{shiny}      R  stderr  -----------   113: func
{shiny}      R  stderr  -----------   100: renderFunc
{shiny}      R  stderr  -----------    99: output$teal-teal_modules-outliers_module-module-total_outliers
{shiny}      R  stderr  -----------    14: &lt;Anonymous&gt;
{shiny}      R  stderr  -----------    12: &lt;Anonymous&gt;
{shiny}      R  stderr  -----------    11: &lt;Anonymous&gt;
{shiny}      R  stderr  -----------    10: base::do.call
{shiny}      R  stderr  -----------     9: base::saveRDS
{shiny}      R  stderr  -----------     8: base::withCallingHandlers
{shiny}      R  stderr  -----------     7: doTryCatch
{shiny}      R  stderr  -----------     6: tryCatchOne
{shiny}      R  stderr  -----------     5: tryCatchList
{shiny}      R  stderr  -----------     2: tryCatchList
{shiny}      R  stderr  -----------     1: base::tryCatch


Caused by error in `app_initialize_()`:
! Shiny app did not become stable in 1e+05ms.
Message: An error occurred while waiting for Shiny to be stable
Caused by error in `app_wait_for_idle()`:
! An error occurred while waiting for Shiny to be stable
Backtrace:
     ▆
  1. ├─teal.modules.general (local) app_driver_tm_outlier() at test-shinytest2-tm_outliers.R:54:3
  2. │ └─teal.modules.general:::init_teal_app_driver(...) at test-shinytest2-tm_outliers.R:16:3
  3. │   ├─testthat::with_mocked_bindings(...) at tests/testthat/helper-TealAppDriver.R:7:3
  4. │   └─TealAppDriver$new(...) at tests/testthat/helper-TealAppDriver.R:10:7
  5. │     └─teal (local) initialize(...)
  6. │       ├─base::suppressWarnings(...)
  7. │       │ └─base::withCallingHandlers(...)
  8. │       └─super$initialize(...)
  9. │         └─shinytest2:::app_initialize(...)
 10. │           ├─base::withCallingHandlers(...)
 11. │           └─shinytest2:::app_initialize_(self, private, ..., view = view)
 12. │             ├─base::withCallingHandlers(...)
 13. │             └─self$wait_for_idle(duration = 200, timeout = private$load_timeout)
 14. │               └─shinytest2:::app_wait_for_idle(...)
 15. │                 └─shinytest2:::app_abort(self, private, "An error occurred while waiting for Shiny to be stable")
 16. │                   └─rlang::abort(..., app = self, call = call)
 17. │                     └─rlang:::signal_abort(cnd, .file)
 18. │                       └─base::signalCondition(cnd)
 19. ├─shinytest2 (local) `&lt;fn&gt;`(`&lt;rlng_rrr&gt;`)
 20. │ └─shinytest2:::app_abort(...)
 21. │   └─rlang::abort(..., app = self, call = call)
 22. │     └─rlang:::signal_abort(cnd, .file)
 23. │       └─base::signalCondition(cnd)
 24. └─shinytest2 (local) `&lt;fn&gt;`(`&lt;rlng_rrr&gt;`)
 25.   └─shinytest2:::app_abort(...)
 26.     └─rlang::abort(..., app = self, call = call)</error>
    </testcase>
    <testcase time="102.748" classname="shinytest2_tm_outliers" name="e2e_tm_outliers_Data_extract_spec_elements_are_initialized_with_the_default_values_specified_by_outlier_var_and_categorical_var_argument.">
      <error type="error" message="Error in `app_initialize(self, private, app_dir = app_dir, ..., load_timeout = load_timeout,  ('test-shinytest2-tm_outliers.R:74:3')">Error in `app_initialize(self, private, app_dir = app_dir, ..., load_timeout = load_timeout, 
    timeout = timeout, wait = wait, expect_values_screenshot_args = expect_values_screenshot_args, 
    screenshot_args = screenshot_args, check_names = check_names, 
    name = name, variant = variant, view = view, height = height, 
    width = width, seed = seed, clean_logs = clean_logs, shiny_args = shiny_args, 
    render_args = render_args, options = options)`: Shiny app did not become stable in 1e+05ms.
Message: An error occurred while waiting for Shiny to be stable
Caused by error in `app_wait_for_idle()`:
! An error occurred while waiting for Shiny to be stable


ℹ You can inspect the failed AppDriver object via `rlang::last_error()$app`
ℹ AppDriver logs:
{shinytest2} R  info    16:48:58.49 Start AppDriver initialization
{shinytest2} R  info    16:48:58.54 Starting Shiny app
{shinytest2} R  info    16:48:59.57 Creating new ChromoteSession
{shinytest2} R  info    16:48:59.60 Navigating to Shiny app
{shinytest2} R  info    16:49:00.23 Injecting shiny-tracer.js
{chromote}   JS info    16:49:00.24 shinytest2; jQuery not found
{chromote}   JS info    16:49:00.25 shinytest2; Loaded
{shinytest2} R  info    16:49:00.25 Waiting for Shiny to become ready
{chromote}   JS info    16:49:00.30 shinytest2; jQuery found
{chromote}   JS info    16:49:00.30 shinytest2; Waiting for shiny session to connect
{chromote}   JS info    16:49:00.63 shinytest2; Connected
{chromote}   JS info    16:49:00.70 shinytest2; shiny:busy
{shinytest2} R  info    16:49:00.71 Waiting for Shiny to become idle for 200ms within 1e+05ms
{chromote}   JS info    16:49:00.71 shinytest2; Waiting for Shiny to be stable
{chromote}   JS warning 16:49:01.69 Couldn't perform validation update on input with id 'teal-teal_modules-outliers_module-module-categorical_var-dataset_CO2_singleextract-select': input not found
                                    (anonymous) @ shinyvalidate-0.1.3/shinyvalidate.js:3443:18
                                    (anonymous) @ shiny-javascript-1.10.0/shiny.min.js:1:407159
                                    m           @ shiny-javascript-1.10.0/shiny.min.js:1:388827
                                    (anonymous) @ shiny-javascript-1.10.0/shiny.min.js:1:390150
                                    (anonymous) @ shiny-javascript-1.10.0/shiny.min.js:1:389186
                                    nT          @ shiny-javascript-1.10.0/shiny.min.js:1:394797
                                    s           @ shiny-javascript-1.10.0/shiny.min.js:1:394995
                                    (anonymous) @ shiny-javascript-1.10.0/shiny.min.js:1:395056
                                    (anonymous) @ shiny-javascript-1.10.0/shiny.min.js:1:394936
                                    t           @ shiny-javascript-1.10.0/shiny.min.js:1:407274
                                    (anonymous) @ shiny-javascript-1.10.0/shiny.min.js:1:410753
                                    m           @ shiny-javascript-1.10.0/shiny.min.js:1:388827
                                    (anonymous) @ shiny-javascript-1.10.0/shiny.min.js:1:390150
                                    (anonymous) @ shiny-javascript-1.10.0/shiny.min.js:1:389186
                                    nT          @ shiny-javascript-1.10.0/shiny.min.js:1:394797
                                    s           @ shiny-javascript-1.10.0/shiny.min.js:1:394995
                                    (anonymous) @ shiny-javascript-1.10.0/shiny.min.js:1:395056
                                    (anonymous) @ shiny-javascript-1.10.0/shiny.min.js:1:394936
                                    (anonymous) @ shiny-javascript-1.10.0/shiny.min.js:1:410855
                                    (anonymous) @ shiny-javascript-1.10.0/shiny.min.js:1:407159
                                    m           @ shiny-javascript-1.10.0/shiny.min.js:1:388827
                                    (anonymous) @ shiny-javascript-1.10.0/shiny.min.js:1:390150
                                    (anonymous) @ shiny-javascript-1.10.0/shiny.min.js:1:389186
                                    nT          @ shiny-javascript-1.10.0/shiny.min.js:1:394797
                                    s           @ shiny-javascript-1.10.0/shiny.min.js:1:394995
                                    (anonymous) @ shiny-javascript-1.10.0/shiny.min.js:1:395056
                                    (anonymous) @ shiny-javascript-1.10.0/shiny.min.js:1:394936
                                    t           @ shiny-javascript-1.10.0/shiny.min.js:1:407274
                                    (anonymous) @ shiny-javascript-1.10.0/shiny.min.js:1:406722
                                    m           @ shiny-javascript-1.10.0/shiny.min.js:1:388827
                                    (anonymous) @ shiny-javascript-1.10.0/shiny.min.js:1:390150
                                    (anonymous) @ shiny-javascript-1.10.0/shiny.min.js:1:389186
                                    nT          @ shiny-javascript-1.10.0/shiny.min.js:1:394797
                                    s           @ shiny-javascript-1.10.0/shiny.min.js:1:394995
                                    (anonymous) @ shiny-javascript-1.10.0/shiny.min.js:1:395056
                                    (anonymous) @ shiny-javascript-1.10.0/shiny.min.js:1:394936
                                    t           @ shiny-javascript-1.10.0/shiny.min.js:1:406868
                                    (anonymous) @ shiny-javascript-1.10.0/shiny.min.js:1:400961
                                    m           @ shiny-javascript-1.10.0/shiny.min.js:1:388827
                                    (anonymous) @ shiny-javascript-1.10.0/shiny.min.js:1:390150
                                    (anonymous) @ shiny-javascript-1.10.0/shiny.min.js:1:389186
                                    nT          @ shiny-javascript-1.10.0/shiny.min.js:1:394797
                                    s           @ shiny-javascript-1.10.0/shiny.min.js:1:394995
                                    (anonymous) @ shiny-javascript-1.10.0/shiny.min.js:1:395056
                                    (anonymous) @ shiny-javascript-1.10.0/shiny.min.js:1:394936
                                    (anonymous) @ shiny-javascript-1.10.0/shiny.min.js:1:401480
                                    m           @ shiny-javascript-1.10.0/shiny.min.js:1:388827
                                    (anonymous) @ shiny-javascript-1.10.0/shiny.min.js:1:390150
                                    (anonymous) @ shiny-javascript-1.10.0/shiny.min.js:1:389186
                                    nT          @ shiny-javascript-1.10.0/shiny.min.js:1:394797
                                    s           @ shiny-javascript-1.10.0/shiny.min.js:1:394995
{shinytest2} R  info    16:50:40.72 Error while initializing AppDriver:
                                    Shiny app did not become stable in 1e+05ms.
                                    Message: An error occurred while waiting for Shiny to be stable
                                    Caused by error in `app_wait_for_idle()`:
                                    ! An error occurred while waiting for Shiny to be stable
{shiny}      R  stderr  ----------- Loading required package: shiny
{shiny}      R  stderr  ----------- Attempting to load the environment ‘package:sparkline’
{shiny}      R  stderr  ----------- Loading required package: ggmosaic
{shiny}      R  stderr  ----------- Loading required package: ggplot2
{shiny}      R  stderr  ----------- Loading required package: teal
{shiny}      R  stderr  ----------- Loading required package: teal.data
{shiny}      R  stderr  ----------- Loading required package: teal.code
{shiny}      R  stderr  ----------- Loading required package: teal.slice
{shiny}      R  stderr  ----------- 
{shiny}      R  stderr  ----------- You are using teal version 0.16.0
{shiny}      R  stderr  ----------- 
{shiny}      R  stderr  ----------- Attaching package: ‘teal’
{shiny}      R  stderr  ----------- 
{shiny}      R  stderr  ----------- The following objects are masked from ‘package:teal.slice’:
{shiny}      R  stderr  ----------- 
{shiny}      R  stderr  -----------     as.teal_slices, teal_slices
{shiny}      R  stderr  ----------- 
{shiny}      R  stderr  ----------- Loading required package: teal.transform
{shiny}      R  stderr  ----------- Running application in test mode.
{shiny}      R  stderr  ----------- 
{shiny}      R  stderr  ----------- Listening on http://127.0.0.1:7719
{shiny}      R  stderr  ----------- Initializing reporter_previewer_module
{shiny}      R  stderr  ----------- Initializing reporter_previewer_module
{shiny}      R  stderr  ----------- Warning: Error in &lt;Anonymous&gt;: error in evaluating the argument 'code' in selecting a method for function 'eval_code': object of type 'symbol' is not subsettable
{shiny}      R  stderr  -----------   251: &lt;Anonymous&gt;
{shiny}      R  stderr  -----------   250: identical
{shiny}      R  stderr  -----------   249: FUN
{shiny}      R  stderr  -----------   248: lapply
{shiny}      R  stderr  -----------   247: FUN
{shiny}      R  stderr  -----------   246: lapply
{shiny}      R  stderr  -----------   245: remove_pipe_null
{shiny}      R  stderr  -----------   244: %&gt;%
{shiny}      R  stderr  -----------   242: &lt;reactive&gt;
{shiny}      R  stderr  -----------   222: common_code_q
{shiny}      R  stderr  -----------   215: &lt;reactive&gt;
{shiny}      R  stderr  -----------   195: data
{shiny}      R  stderr  -----------   189: &lt;reactive&gt;
{shiny}      R  stderr  -----------   169: decorated_q[[req(current_tab_r())]]
{shiny}      R  stderr  -----------   168: &lt;reactive&gt;
{shiny}      R  stderr  -----------   148: data
{shiny}      R  stderr  -----------   142: &lt;reactive&gt;
{shiny}      R  stderr  -----------   122: decorated_final_q
{shiny}      R  stderr  -----------   121: exprFunc
{shiny}      R  stderr  -----------   120: widgetFunc
{shiny}      R  stderr  -----------   119: ::
{shiny}      R  stderr  ----------- htmlwidgets
{shiny}      R  stderr  ----------- shinyRenderWidget
{shiny}      R  stderr  -----------   118: func
{shiny}      R  stderr  -----------   105: renderFunc
{shiny}      R  stderr  -----------   104: renderFunc
{shiny}      R  stderr  -----------   100: renderFunc
{shiny}      R  stderr  -----------    99: output$teal-teal_modules-outliers_module-module-summary_table
{shiny}      R  stderr  -----------    14: &lt;Anonymous&gt;
{shiny}      R  stderr  -----------    12: &lt;Anonymous&gt;
{shiny}      R  stderr  -----------    11: &lt;Anonymous&gt;
{shiny}      R  stderr  -----------    10: base::do.call
{shiny}      R  stderr  -----------     9: base::saveRDS
{shiny}      R  stderr  -----------     8: base::withCallingHandlers
{shiny}      R  stderr  -----------     7: doTryCatch
{shiny}      R  stderr  -----------     6: tryCatchOne
{shiny}      R  stderr  -----------     5: tryCatchList
{shiny}      R  stderr  -----------     2: tryCatchList
{shiny}      R  stderr  -----------     1: base::tryCatch
{shiny}      R  stderr  ----------- Warning: Error in &lt;Anonymous&gt;: error in evaluating the argument 'code' in selecting a method for function 'eval_code': object of type 'symbol' is not subsettable
{shiny}      R  stderr  -----------   251: &lt;Anonymous&gt;
{shiny}      R  stderr  -----------   250: identical
{shiny}      R  stderr  -----------   249: FUN
{shiny}      R  stderr  -----------   248: lapply
{shiny}      R  stderr  -----------   247: FUN
{shiny}      R  stderr  -----------   246: lapply
{shiny}      R  stderr  -----------   245: remove_pipe_null
{shiny}      R  stderr  -----------   244: %&gt;%
{shiny}      R  stderr  -----------   242: &lt;reactive&gt;
{shiny}      R  stderr  -----------   222: common_code_q
{shiny}      R  stderr  -----------   215: &lt;reactive&gt;
{shiny}      R  stderr  -----------   195: data
{shiny}      R  stderr  -----------   189: &lt;reactive&gt;
{shiny}      R  stderr  -----------   169: decorated_q[[req(current_tab_r())]]
{shiny}      R  stderr  -----------   168: &lt;reactive&gt;
{shiny}      R  stderr  -----------   148: data
{shiny}      R  stderr  -----------   142: &lt;reactive&gt;
{shiny}      R  stderr  -----------   122: decorated_final_q
{shiny}      R  stderr  -----------   121: exprFunc
{shiny}      R  stderr  -----------   120: widgetFunc
{shiny}      R  stderr  -----------   119: ::
{shiny}      R  stderr  ----------- htmlwidgets
{shiny}      R  stderr  ----------- shinyRenderWidget
{shiny}      R  stderr  -----------   118: func
{shiny}      R  stderr  -----------   105: renderFunc
{shiny}      R  stderr  -----------   104: renderFunc
{shiny}      R  stderr  -----------   100: renderFunc
{shiny}      R  stderr  -----------    99: output$teal-teal_modules-outliers_module-module-summary_table
{shiny}      R  stderr  -----------    14: &lt;Anonymous&gt;
{shiny}      R  stderr  -----------    12: &lt;Anonymous&gt;
{shiny}      R  stderr  -----------    11: &lt;Anonymous&gt;
{shiny}      R  stderr  -----------    10: base::do.call
{shiny}      R  stderr  -----------     9: base::saveRDS
{shiny}      R  stderr  -----------     8: base::withCallingHandlers
{shiny}      R  stderr  -----------     7: doTryCatch
{shiny}      R  stderr  -----------     6: tryCatchOne
{shiny}      R  stderr  -----------     5: tryCatchList
{shiny}      R  stderr  -----------     2: tryCatchList
{shiny}      R  stderr  -----------     1: base::tryCatch
{shiny}      R  stderr  ----------- Warning: Error in &lt;Anonymous&gt;: error in evaluating the argument 'code' in selecting a method for function 'eval_code': object of type 'symbol' is not subsettable
{shiny}      R  stderr  -----------   14: &lt;Anonymous&gt;
{shiny}      R  stderr  -----------   12: &lt;Anonymous&gt;
{shiny}      R  stderr  -----------   11: &lt;Anonymous&gt;
{shiny}      R  stderr  -----------   10: base::do.call
{shiny}      R  stderr  -----------    9: base::saveRDS
{shiny}      R  stderr  -----------    8: base::withCallingHandlers
{shiny}      R  stderr  -----------    7: doTryCatch
{shiny}      R  stderr  -----------    6: tryCatchOne
{shiny}      R  stderr  -----------    5: tryCatchList
{shiny}      R  stderr  -----------    2: tryCatchList
{shiny}      R  stderr  -----------    1: base::tryCatch
{shiny}      R  stderr  ----------- Warning: Error in &lt;Anonymous&gt;: error in evaluating the argument 'code' in selecting a method for function 'eval_code': object of type 'symbol' is not subsettable
{shiny}      R  stderr  -----------   124: &lt;Anonymous&gt;
{shiny}      R  stderr  -----------   123: stop
{shiny}      R  stderr  -----------   122: common_code_q
{shiny}      R  stderr  -----------   121: exprFunc
{shiny}      R  stderr  -----------   120: widgetFunc
{shiny}      R  stderr  -----------   119: ::
{shiny}      R  stderr  ----------- htmlwidgets
{shiny}      R  stderr  ----------- shinyRenderWidget
{shiny}      R  stderr  -----------   118: func
{shiny}      R  stderr  -----------   105: renderFunc
{shiny}      R  stderr  -----------   104: renderFunc
{shiny}      R  stderr  -----------   100: renderFunc
{shiny}      R  stderr  -----------    99: output$teal-teal_modules-outliers_module-module-table_ui
{shiny}      R  stderr  -----------    14: &lt;Anonymous&gt;
{shiny}      R  stderr  -----------    12: &lt;Anonymous&gt;
{shiny}      R  stderr  -----------    11: &lt;Anonymous&gt;
{shiny}      R  stderr  -----------    10: base::do.call
{shiny}      R  stderr  -----------     9: base::saveRDS
{shiny}      R  stderr  -----------     8: base::withCallingHandlers
{shiny}      R  stderr  -----------     7: doTryCatch
{shiny}      R  stderr  -----------     6: tryCatchOne
{shiny}      R  stderr  -----------     5: tryCatchList
{shiny}      R  stderr  -----------     2: tryCatchList
{shiny}      R  stderr  -----------     1: base::tryCatch
{shiny}      R  stderr  ----------- Warning: Error in &lt;Anonymous&gt;: error in evaluating the argument 'code' in selecting a method for function 'eval_code': object of type 'symbol' is not subsettable
{shiny}      R  stderr  -----------   117: &lt;Anonymous&gt;
{shiny}      R  stderr  -----------   116: stop
{shiny}      R  stderr  -----------   115: common_code_q
{shiny}      R  stderr  -----------   114: renderUI
{shiny}      R  stderr  -----------   113: func
{shiny}      R  stderr  -----------   100: renderFunc
{shiny}      R  stderr  -----------    99: output$teal-teal_modules-outliers_module-module-total_outliers
{shiny}      R  stderr  -----------    14: &lt;Anonymous&gt;
{shiny}      R  stderr  -----------    12: &lt;Anonymous&gt;
{shiny}      R  stderr  -----------    11: &lt;Anonymous&gt;
{shiny}      R  stderr  -----------    10: base::do.call
{shiny}      R  stderr  -----------     9: base::saveRDS
{shiny}      R  stderr  -----------     8: base::withCallingHandlers
{shiny}      R  stderr  -----------     7: doTryCatch
{shiny}      R  stderr  -----------     6: tryCatchOne
{shiny}      R  stderr  -----------     5: tryCatchList
{shiny}      R  stderr  -----------     2: tryCatchList
{shiny}      R  stderr  -----------     1: base::tryCatch


Caused by error in `app_initialize_()`:
! Shiny app did not become stable in 1e+05ms.
Message: An error occurred while waiting for Shiny to be stable
Caused by error in `app_wait_for_idle()`:
! An error occurred while waiting for Shiny to be stable
Backtrace:
     ▆
  1. ├─teal.modules.general (local) app_driver_tm_outlier() at test-shinytest2-tm_outliers.R:74:3
  2. │ └─teal.modules.general:::init_teal_app_driver(...) at test-shinytest2-tm_outliers.R:16:3
  3. │   ├─testthat::with_mocked_bindings(...) at tests/testthat/helper-TealAppDriver.R:7:3
  4. │   └─TealAppDriver$new(...) at tests/testthat/helper-TealAppDriver.R:10:7
  5. │     └─teal (local) initialize(...)
  6. │       ├─base::suppressWarnings(...)
  7. │       │ └─base::withCallingHandlers(...)
  8. │       └─super$initialize(...)
  9. │         └─shinytest2:::app_initialize(...)
 10. │           ├─base::withCallingHandlers(...)
 11. │           └─shinytest2:::app_initialize_(self, private, ..., view = view)
 12. │             ├─base::withCallingHandlers(...)
 13. │             └─self$wait_for_idle(duration = 200, timeout = private$load_timeout)
 14. │               └─shinytest2:::app_wait_for_idle(...)
 15. │                 └─shinytest2:::app_abort(self, private, "An error occurred while waiting for Shiny to be stable")
 16. │                   └─rlang::abort(..., app = self, call = call)
 17. │                     └─rlang:::signal_abort(cnd, .file)
 18. │                       └─base::signalCondition(cnd)
 19. ├─shinytest2 (local) `&lt;fn&gt;`(`&lt;rlng_rrr&gt;`)
 20. │ └─shinytest2:::app_abort(...)
 21. │   └─rlang::abort(..., app = self, call = call)
 22. │     └─rlang:::signal_abort(cnd, .file)
 23. │       └─base::signalCondition(cnd)
 24. └─shinytest2 (local) `&lt;fn&gt;`(`&lt;rlng_rrr&gt;`)
 25.   └─shinytest2:::app_abort(...)
 26.     └─rlang::abort(..., app = self, call = call)</error>
    </testcase>
    <testcase time="102.763" classname="shinytest2_tm_outliers" name="e2e_tm_outliers_Plot_type_is_correctly_set_by_default_and_has_appropriate_possible_options.">
      <error type="error" message="Error in `app_initialize(self, private, app_dir = app_dir, ..., load_timeout = load_timeout,  ('test-shinytest2-tm_outliers.R:110:3')">Error in `app_initialize(self, private, app_dir = app_dir, ..., load_timeout = load_timeout, 
    timeout = timeout, wait = wait, expect_values_screenshot_args = expect_values_screenshot_args, 
    screenshot_args = screenshot_args, check_names = check_names, 
    name = name, variant = variant, view = view, height = height, 
    width = width, seed = seed, clean_logs = clean_logs, shiny_args = shiny_args, 
    render_args = render_args, options = options)`: Shiny app did not become stable in 1e+05ms.
Message: An error occurred while waiting for Shiny to be stable
Caused by error in `app_wait_for_idle()`:
! An error occurred while waiting for Shiny to be stable


ℹ You can inspect the failed AppDriver object via `rlang::last_error()$app`
ℹ AppDriver logs:
{shinytest2} R  info    16:50:41.21 Start AppDriver initialization
{shinytest2} R  info    16:50:41.27 Starting Shiny app
{shinytest2} R  info    16:50:42.29 Creating new ChromoteSession
{shinytest2} R  info    16:50:42.34 Navigating to Shiny app
{shinytest2} R  info    16:50:42.97 Injecting shiny-tracer.js
{chromote}   JS info    16:50:42.99 shinytest2; jQuery not found
{chromote}   JS info    16:50:42.99 shinytest2; Loaded
{shinytest2} R  info    16:50:42.99 Waiting for Shiny to become ready
{chromote}   JS info    16:50:43.05 shinytest2; jQuery found
{chromote}   JS info    16:50:43.05 shinytest2; Waiting for shiny session to connect
{chromote}   JS info    16:50:43.43 shinytest2; Connected
{chromote}   JS info    16:50:43.45 shinytest2; shiny:busy
{shinytest2} R  info    16:50:43.47 Waiting for Shiny to become idle for 200ms within 1e+05ms
{chromote}   JS info    16:50:43.47 shinytest2; Waiting for Shiny to be stable
{chromote}   JS warning 16:50:44.47 Couldn't perform validation update on input with id 'teal-teal_modules-outliers_module-module-categorical_var-dataset_CO2_singleextract-select': input not found
                                    (anonymous) @ shinyvalidate-0.1.3/shinyvalidate.js:3443:18
                                    (anonymous) @ shiny-javascript-1.10.0/shiny.min.js:1:407159
                                    m           @ shiny-javascript-1.10.0/shiny.min.js:1:388827
                                    (anonymous) @ shiny-javascript-1.10.0/shiny.min.js:1:390150
                                    (anonymous) @ shiny-javascript-1.10.0/shiny.min.js:1:389186
                                    nT          @ shiny-javascript-1.10.0/shiny.min.js:1:394797
                                    s           @ shiny-javascript-1.10.0/shiny.min.js:1:394995
                                    (anonymous) @ shiny-javascript-1.10.0/shiny.min.js:1:395056
                                    (anonymous) @ shiny-javascript-1.10.0/shiny.min.js:1:394936
                                    t           @ shiny-javascript-1.10.0/shiny.min.js:1:407274
                                    (anonymous) @ shiny-javascript-1.10.0/shiny.min.js:1:410753
                                    m           @ shiny-javascript-1.10.0/shiny.min.js:1:388827
                                    (anonymous) @ shiny-javascript-1.10.0/shiny.min.js:1:390150
                                    (anonymous) @ shiny-javascript-1.10.0/shiny.min.js:1:389186
                                    nT          @ shiny-javascript-1.10.0/shiny.min.js:1:394797
                                    s           @ shiny-javascript-1.10.0/shiny.min.js:1:394995
                                    (anonymous) @ shiny-javascript-1.10.0/shiny.min.js:1:395056
                                    (anonymous) @ shiny-javascript-1.10.0/shiny.min.js:1:394936
                                    (anonymous) @ shiny-javascript-1.10.0/shiny.min.js:1:410855
                                    (anonymous) @ shiny-javascript-1.10.0/shiny.min.js:1:407159
                                    m           @ shiny-javascript-1.10.0/shiny.min.js:1:388827
                                    (anonymous) @ shiny-javascript-1.10.0/shiny.min.js:1:390150
                                    (anonymous) @ shiny-javascript-1.10.0/shiny.min.js:1:389186
                                    nT          @ shiny-javascript-1.10.0/shiny.min.js:1:394797
                                    s           @ shiny-javascript-1.10.0/shiny.min.js:1:394995
                                    (anonymous) @ shiny-javascript-1.10.0/shiny.min.js:1:395056
                                    (anonymous) @ shiny-javascript-1.10.0/shiny.min.js:1:394936
                                    t           @ shiny-javascript-1.10.0/shiny.min.js:1:407274
                                    (anonymous) @ shiny-javascript-1.10.0/shiny.min.js:1:406722
                                    m           @ shiny-javascript-1.10.0/shiny.min.js:1:388827
                                    (anonymous) @ shiny-javascript-1.10.0/shiny.min.js:1:390150
                                    (anonymous) @ shiny-javascript-1.10.0/shiny.min.js:1:389186
                                    nT          @ shiny-javascript-1.10.0/shiny.min.js:1:394797
                                    s           @ shiny-javascript-1.10.0/shiny.min.js:1:394995
                                    (anonymous) @ shiny-javascript-1.10.0/shiny.min.js:1:395056
                                    (anonymous) @ shiny-javascript-1.10.0/shiny.min.js:1:394936
                                    t           @ shiny-javascript-1.10.0/shiny.min.js:1:406868
                                    (anonymous) @ shiny-javascript-1.10.0/shiny.min.js:1:400961
                                    m           @ shiny-javascript-1.10.0/shiny.min.js:1:388827
                                    (anonymous) @ shiny-javascript-1.10.0/shiny.min.js:1:390150
                                    (anonymous) @ shiny-javascript-1.10.0/shiny.min.js:1:389186
                                    nT          @ shiny-javascript-1.10.0/shiny.min.js:1:394797
                                    s           @ shiny-javascript-1.10.0/shiny.min.js:1:394995
                                    (anonymous) @ shiny-javascript-1.10.0/shiny.min.js:1:395056
                                    (anonymous) @ shiny-javascript-1.10.0/shiny.min.js:1:394936
                                    (anonymous) @ shiny-javascript-1.10.0/shiny.min.js:1:401480
                                    m           @ shiny-javascript-1.10.0/shiny.min.js:1:388827
                                    (anonymous) @ shiny-javascript-1.10.0/shiny.min.js:1:390150
                                    (anonymous) @ shiny-javascript-1.10.0/shiny.min.js:1:389186
                                    nT          @ shiny-javascript-1.10.0/shiny.min.js:1:394797
                                    s           @ shiny-javascript-1.10.0/shiny.min.js:1:394995
{shinytest2} R  info    16:52:23.49 Error while initializing AppDriver:
                                    Shiny app did not become stable in 1e+05ms.
                                    Message: An error occurred while waiting for Shiny to be stable
                                    Caused by error in `app_wait_for_idle()`:
                                    ! An error occurred while waiting for Shiny to be stable
{shiny}      R  stderr  ----------- Loading required package: shiny
{shiny}      R  stderr  ----------- Attempting to load the environment ‘package:sparkline’
{shiny}      R  stderr  ----------- Loading required package: ggmosaic
{shiny}      R  stderr  ----------- Loading required package: ggplot2
{shiny}      R  stderr  ----------- Loading required package: teal
{shiny}      R  stderr  ----------- Loading required package: teal.data
{shiny}      R  stderr  ----------- Loading required package: teal.code
{shiny}      R  stderr  ----------- Loading required package: teal.slice
{shiny}      R  stderr  ----------- 
{shiny}      R  stderr  ----------- You are using teal version 0.16.0
{shiny}      R  stderr  ----------- 
{shiny}      R  stderr  ----------- Attaching package: ‘teal’
{shiny}      R  stderr  ----------- 
{shiny}      R  stderr  ----------- The following objects are masked from ‘package:teal.slice’:
{shiny}      R  stderr  ----------- 
{shiny}      R  stderr  -----------     as.teal_slices, teal_slices
{shiny}      R  stderr  ----------- 
{shiny}      R  stderr  ----------- Loading required package: teal.transform
{shiny}      R  stderr  ----------- Running application in test mode.
{shiny}      R  stderr  ----------- 
{shiny}      R  stderr  ----------- Listening on http://127.0.0.1:3100
{shiny}      R  stderr  ----------- Initializing reporter_previewer_module
{shiny}      R  stderr  ----------- Initializing reporter_previewer_module
{shiny}      R  stderr  ----------- Warning: Error in &lt;Anonymous&gt;: error in evaluating the argument 'code' in selecting a method for function 'eval_code': object of type 'symbol' is not subsettable
{shiny}      R  stderr  -----------   251: &lt;Anonymous&gt;
{shiny}      R  stderr  -----------   250: identical
{shiny}      R  stderr  -----------   249: FUN
{shiny}      R  stderr  -----------   248: lapply
{shiny}      R  stderr  -----------   247: FUN
{shiny}      R  stderr  -----------   246: lapply
{shiny}      R  stderr  -----------   245: remove_pipe_null
{shiny}      R  stderr  -----------   244: %&gt;%
{shiny}      R  stderr  -----------   242: &lt;reactive&gt;
{shiny}      R  stderr  -----------   222: common_code_q
{shiny}      R  stderr  -----------   215: &lt;reactive&gt;
{shiny}      R  stderr  -----------   195: data
{shiny}      R  stderr  -----------   189: &lt;reactive&gt;
{shiny}      R  stderr  -----------   169: decorated_q[[req(current_tab_r())]]
{shiny}      R  stderr  -----------   168: &lt;reactive&gt;
{shiny}      R  stderr  -----------   148: data
{shiny}      R  stderr  -----------   142: &lt;reactive&gt;
{shiny}      R  stderr  -----------   122: decorated_final_q
{shiny}      R  stderr  -----------   121: exprFunc
{shiny}      R  stderr  -----------   120: widgetFunc
{shiny}      R  stderr  -----------   119: ::
{shiny}      R  stderr  ----------- htmlwidgets
{shiny}      R  stderr  ----------- shinyRenderWidget
{shiny}      R  stderr  -----------   118: func
{shiny}      R  stderr  -----------   105: renderFunc
{shiny}      R  stderr  -----------   104: renderFunc
{shiny}      R  stderr  -----------   100: renderFunc
{shiny}      R  stderr  -----------    99: output$teal-teal_modules-outliers_module-module-summary_table
{shiny}      R  stderr  -----------    14: &lt;Anonymous&gt;
{shiny}      R  stderr  -----------    12: &lt;Anonymous&gt;
{shiny}      R  stderr  -----------    11: &lt;Anonymous&gt;
{shiny}      R  stderr  -----------    10: base::do.call
{shiny}      R  stderr  -----------     9: base::saveRDS
{shiny}      R  stderr  -----------     8: base::withCallingHandlers
{shiny}      R  stderr  -----------     7: doTryCatch
{shiny}      R  stderr  -----------     6: tryCatchOne
{shiny}      R  stderr  -----------     5: tryCatchList
{shiny}      R  stderr  -----------     2: tryCatchList
{shiny}      R  stderr  -----------     1: base::tryCatch
{shiny}      R  stderr  ----------- Warning: Error in &lt;Anonymous&gt;: error in evaluating the argument 'code' in selecting a method for function 'eval_code': object of type 'symbol' is not subsettable
{shiny}      R  stderr  -----------   251: &lt;Anonymous&gt;
{shiny}      R  stderr  -----------   250: identical
{shiny}      R  stderr  -----------   249: FUN
{shiny}      R  stderr  -----------   248: lapply
{shiny}      R  stderr  -----------   247: FUN
{shiny}      R  stderr  -----------   246: lapply
{shiny}      R  stderr  -----------   245: remove_pipe_null
{shiny}      R  stderr  -----------   244: %&gt;%
{shiny}      R  stderr  -----------   242: &lt;reactive&gt;
{shiny}      R  stderr  -----------   222: common_code_q
{shiny}      R  stderr  -----------   215: &lt;reactive&gt;
{shiny}      R  stderr  -----------   195: data
{shiny}      R  stderr  -----------   189: &lt;reactive&gt;
{shiny}      R  stderr  -----------   169: decorated_q[[req(current_tab_r())]]
{shiny}      R  stderr  -----------   168: &lt;reactive&gt;
{shiny}      R  stderr  -----------   148: data
{shiny}      R  stderr  -----------   142: &lt;reactive&gt;
{shiny}      R  stderr  -----------   122: decorated_final_q
{shiny}      R  stderr  -----------   121: exprFunc
{shiny}      R  stderr  -----------   120: widgetFunc
{shiny}      R  stderr  -----------   119: ::
{shiny}      R  stderr  ----------- htmlwidgets
{shiny}      R  stderr  ----------- shinyRenderWidget
{shiny}      R  stderr  -----------   118: func
{shiny}      R  stderr  -----------   105: renderFunc
{shiny}      R  stderr  -----------   104: renderFunc
{shiny}      R  stderr  -----------   100: renderFunc
{shiny}      R  stderr  -----------    99: output$teal-teal_modules-outliers_module-module-summary_table
{shiny}      R  stderr  -----------    14: &lt;Anonymous&gt;
{shiny}      R  stderr  -----------    12: &lt;Anonymous&gt;
{shiny}      R  stderr  -----------    11: &lt;Anonymous&gt;
{shiny}      R  stderr  -----------    10: base::do.call
{shiny}      R  stderr  -----------     9: base::saveRDS
{shiny}      R  stderr  -----------     8: base::withCallingHandlers
{shiny}      R  stderr  -----------     7: doTryCatch
{shiny}      R  stderr  -----------     6: tryCatchOne
{shiny}      R  stderr  -----------     5: tryCatchList
{shiny}      R  stderr  -----------     2: tryCatchList
{shiny}      R  stderr  -----------     1: base::tryCatch
{shiny}      R  stderr  ----------- Warning: Error in &lt;Anonymous&gt;: error in evaluating the argument 'code' in selecting a method for function 'eval_code': object of type 'symbol' is not subsettable
{shiny}      R  stderr  -----------   14: &lt;Anonymous&gt;
{shiny}      R  stderr  -----------   12: &lt;Anonymous&gt;
{shiny}      R  stderr  -----------   11: &lt;Anonymous&gt;
{shiny}      R  stderr  -----------   10: base::do.call
{shiny}      R  stderr  -----------    9: base::saveRDS
{shiny}      R  stderr  -----------    8: base::withCallingHandlers
{shiny}      R  stderr  -----------    7: doTryCatch
{shiny}      R  stderr  -----------    6: tryCatchOne
{shiny}      R  stderr  -----------    5: tryCatchList
{shiny}      R  stderr  -----------    2: tryCatchList
{shiny}      R  stderr  -----------    1: base::tryCatch
{shiny}      R  stderr  ----------- Warning: Error in &lt;Anonymous&gt;: error in evaluating the argument 'code' in selecting a method for function 'eval_code': object of type 'symbol' is not subsettable
{shiny}      R  stderr  -----------   124: &lt;Anonymous&gt;
{shiny}      R  stderr  -----------   123: stop
{shiny}      R  stderr  -----------   122: common_code_q
{shiny}      R  stderr  -----------   121: exprFunc
{shiny}      R  stderr  -----------   120: widgetFunc
{shiny}      R  stderr  -----------   119: ::
{shiny}      R  stderr  ----------- htmlwidgets
{shiny}      R  stderr  ----------- shinyRenderWidget
{shiny}      R  stderr  -----------   118: func
{shiny}      R  stderr  -----------   105: renderFunc
{shiny}      R  stderr  -----------   104: renderFunc
{shiny}      R  stderr  -----------   100: renderFunc
{shiny}      R  stderr  -----------    99: output$teal-teal_modules-outliers_module-module-table_ui
{shiny}      R  stderr  -----------    14: &lt;Anonymous&gt;
{shiny}      R  stderr  -----------    12: &lt;Anonymous&gt;
{shiny}      R  stderr  -----------    11: &lt;Anonymous&gt;
{shiny}      R  stderr  -----------    10: base::do.call
{shiny}      R  stderr  -----------     9: base::saveRDS
{shiny}      R  stderr  -----------     8: base::withCallingHandlers
{shiny}      R  stderr  -----------     7: doTryCatch
{shiny}      R  stderr  -----------     6: tryCatchOne
{shiny}      R  stderr  -----------     5: tryCatchList
{shiny}      R  stderr  -----------     2: tryCatchList
{shiny}      R  stderr  -----------     1: base::tryCatch
{shiny}      R  stderr  ----------- Warning: Error in &lt;Anonymous&gt;: error in evaluating the argument 'code' in selecting a method for function 'eval_code': object of type 'symbol' is not subsettable
{shiny}      R  stderr  -----------   117: &lt;Anonymous&gt;
{shiny}      R  stderr  -----------   116: stop
{shiny}      R  stderr  -----------   115: common_code_q
{shiny}      R  stderr  -----------   114: renderUI
{shiny}      R  stderr  -----------   113: func
{shiny}      R  stderr  -----------   100: renderFunc
{shiny}      R  stderr  -----------    99: output$teal-teal_modules-outliers_module-module-total_outliers
{shiny}      R  stderr  -----------    14: &lt;Anonymous&gt;
{shiny}      R  stderr  -----------    12: &lt;Anonymous&gt;
{shiny}      R  stderr  -----------    11: &lt;Anonymous&gt;
{shiny}      R  stderr  -----------    10: base::do.call
{shiny}      R  stderr  -----------     9: base::saveRDS
{shiny}      R  stderr  -----------     8: base::withCallingHandlers
{shiny}      R  stderr  -----------     7: doTryCatch
{shiny}      R  stderr  -----------     6: tryCatchOne
{shiny}      R  stderr  -----------     5: tryCatchList
{shiny}      R  stderr  -----------     2: tryCatchList
{shiny}      R  stderr  -----------     1: base::tryCatch


Caused by error in `app_initialize_()`:
! Shiny app did not become stable in 1e+05ms.
Message: An error occurred while waiting for Shiny to be stable
Caused by error in `app_wait_for_idle()`:
! An error occurred while waiting for Shiny to be stable
Backtrace:
     ▆
  1. ├─teal.modules.general (local) app_driver_tm_outlier() at test-shinytest2-tm_outliers.R:110:3
  2. │ └─teal.modules.general:::init_teal_app_driver(...) at test-shinytest2-tm_outliers.R:16:3
  3. │   ├─testthat::with_mocked_bindings(...) at tests/testthat/helper-TealAppDriver.R:7:3
  4. │   └─TealAppDriver$new(...) at tests/testthat/helper-TealAppDriver.R:10:7
  5. │     └─teal (local) initialize(...)
  6. │       ├─base::suppressWarnings(...)
  7. │       │ └─base::withCallingHandlers(...)
  8. │       └─super$initialize(...)
  9. │         └─shinytest2:::app_initialize(...)
 10. │           ├─base::withCallingHandlers(...)
 11. │           └─shinytest2:::app_initialize_(self, private, ..., view = view)
 12. │             ├─base::withCallingHandlers(...)
 13. │             └─self$wait_for_idle(duration = 200, timeout = private$load_timeout)
 14. │               └─shinytest2:::app_wait_for_idle(...)
 15. │                 └─shinytest2:::app_abort(self, private, "An error occurred while waiting for Shiny to be stable")
 16. │                   └─rlang::abort(..., app = self, call = call)
 17. │                     └─rlang:::signal_abort(cnd, .file)
 18. │                       └─base::signalCondition(cnd)
 19. ├─shinytest2 (local) `&lt;fn&gt;`(`&lt;rlng_rrr&gt;`)
 20. │ └─shinytest2:::app_abort(...)
 21. │   └─rlang::abort(..., app = self, call = call)
 22. │     └─rlang:::signal_abort(cnd, .file)
 23. │       └─base::signalCondition(cnd)
 24. └─shinytest2 (local) `&lt;fn&gt;`(`&lt;rlng_rrr&gt;`)
 25.   └─shinytest2:::app_abort(...)
 26.     └─rlang::abort(..., app = self, call = call)</error>
    </testcase>
    <testcase time="103.122" classname="shinytest2_tm_outliers" name="e2e_tm_outliers_Module_is_divided_into_3_tabs.">
      <error type="error" message="Error in `app_initialize(self, private, app_dir = app_dir, ..., load_timeout = load_timeout,  ('test-shinytest2-tm_outliers.R:127:3')">Error in `app_initialize(self, private, app_dir = app_dir, ..., load_timeout = load_timeout, 
    timeout = timeout, wait = wait, expect_values_screenshot_args = expect_values_screenshot_args, 
    screenshot_args = screenshot_args, check_names = check_names, 
    name = name, variant = variant, view = view, height = height, 
    width = width, seed = seed, clean_logs = clean_logs, shiny_args = shiny_args, 
    render_args = render_args, options = options)`: Shiny app did not become stable in 1e+05ms.
Message: An error occurred while waiting for Shiny to be stable
Caused by error in `app_wait_for_idle()`:
! An error occurred while waiting for Shiny to be stable


ℹ You can inspect the failed AppDriver object via `rlang::last_error()$app`
ℹ AppDriver logs:
{shinytest2} R  info    16:52:23.97 Start AppDriver initialization
{shinytest2} R  info    16:52:24.02 Starting Shiny app
{shinytest2} R  info    16:52:25.24 Creating new ChromoteSession
{shinytest2} R  info    16:52:25.28 Navigating to Shiny app
{shinytest2} R  info    16:52:25.99 Injecting shiny-tracer.js
{chromote}   JS info    16:52:26.02 shinytest2; jQuery not found
{chromote}   JS info    16:52:26.02 shinytest2; Loaded
{shinytest2} R  info    16:52:26.02 Waiting for Shiny to become ready
{chromote}   JS info    16:52:26.06 shinytest2; jQuery found
{chromote}   JS info    16:52:26.06 shinytest2; Waiting for shiny session to connect
{chromote}   JS info    16:52:26.46 shinytest2; Connected
{chromote}   JS info    16:52:26.47 shinytest2; shiny:busy
{shinytest2} R  info    16:52:26.49 Waiting for Shiny to become idle for 200ms within 1e+05ms
{chromote}   JS info    16:52:26.50 shinytest2; Waiting for Shiny to be stable
{chromote}   JS warning 16:52:27.50 Couldn't perform validation update on input with id 'teal-teal_modules-outliers_module-module-categorical_var-dataset_CO2_singleextract-select': input not found
                                    (anonymous) @ shinyvalidate-0.1.3/shinyvalidate.js:3443:18
                                    (anonymous) @ shiny-javascript-1.10.0/shiny.min.js:1:407159
                                    m           @ shiny-javascript-1.10.0/shiny.min.js:1:388827
                                    (anonymous) @ shiny-javascript-1.10.0/shiny.min.js:1:390150
                                    (anonymous) @ shiny-javascript-1.10.0/shiny.min.js:1:389186
                                    nT          @ shiny-javascript-1.10.0/shiny.min.js:1:394797
                                    s           @ shiny-javascript-1.10.0/shiny.min.js:1:394995
                                    (anonymous) @ shiny-javascript-1.10.0/shiny.min.js:1:395056
                                    (anonymous) @ shiny-javascript-1.10.0/shiny.min.js:1:394936
                                    t           @ shiny-javascript-1.10.0/shiny.min.js:1:407274
                                    (anonymous) @ shiny-javascript-1.10.0/shiny.min.js:1:410753
                                    m           @ shiny-javascript-1.10.0/shiny.min.js:1:388827
                                    (anonymous) @ shiny-javascript-1.10.0/shiny.min.js:1:390150
                                    (anonymous) @ shiny-javascript-1.10.0/shiny.min.js:1:389186
                                    nT          @ shiny-javascript-1.10.0/shiny.min.js:1:394797
                                    s           @ shiny-javascript-1.10.0/shiny.min.js:1:394995
                                    (anonymous) @ shiny-javascript-1.10.0/shiny.min.js:1:395056
                                    (anonymous) @ shiny-javascript-1.10.0/shiny.min.js:1:394936
                                    (anonymous) @ shiny-javascript-1.10.0/shiny.min.js:1:410855
                                    (anonymous) @ shiny-javascript-1.10.0/shiny.min.js:1:407159
                                    m           @ shiny-javascript-1.10.0/shiny.min.js:1:388827
                                    (anonymous) @ shiny-javascript-1.10.0/shiny.min.js:1:390150
                                    (anonymous) @ shiny-javascript-1.10.0/shiny.min.js:1:389186
                                    nT          @ shiny-javascript-1.10.0/shiny.min.js:1:394797
                                    s           @ shiny-javascript-1.10.0/shiny.min.js:1:394995
                                    (anonymous) @ shiny-javascript-1.10.0/shiny.min.js:1:395056
                                    (anonymous) @ shiny-javascript-1.10.0/shiny.min.js:1:394936
                                    t           @ shiny-javascript-1.10.0/shiny.min.js:1:407274
                                    (anonymous) @ shiny-javascript-1.10.0/shiny.min.js:1:406722
                                    m           @ shiny-javascript-1.10.0/shiny.min.js:1:388827
                                    (anonymous) @ shiny-javascript-1.10.0/shiny.min.js:1:390150
                                    (anonymous) @ shiny-javascript-1.10.0/shiny.min.js:1:389186
                                    nT          @ shiny-javascript-1.10.0/shiny.min.js:1:394797
                                    s           @ shiny-javascript-1.10.0/shiny.min.js:1:394995
                                    (anonymous) @ shiny-javascript-1.10.0/shiny.min.js:1:395056
                                    (anonymous) @ shiny-javascript-1.10.0/shiny.min.js:1:394936
                                    t           @ shiny-javascript-1.10.0/shiny.min.js:1:406868
                                    (anonymous) @ shiny-javascript-1.10.0/shiny.min.js:1:400961
                                    m           @ shiny-javascript-1.10.0/shiny.min.js:1:388827
                                    (anonymous) @ shiny-javascript-1.10.0/shiny.min.js:1:390150
                                    (anonymous) @ shiny-javascript-1.10.0/shiny.min.js:1:389186
                                    nT          @ shiny-javascript-1.10.0/shiny.min.js:1:394797
                                    s           @ shiny-javascript-1.10.0/shiny.min.js:1:394995
                                    (anonymous) @ shiny-javascript-1.10.0/shiny.min.js:1:395056
                                    (anonymous) @ shiny-javascript-1.10.0/shiny.min.js:1:394936
                                    (anonymous) @ shiny-javascript-1.10.0/shiny.min.js:1:401480
                                    m           @ shiny-javascript-1.10.0/shiny.min.js:1:388827
                                    (anonymous) @ shiny-javascript-1.10.0/shiny.min.js:1:390150
                                    (anonymous) @ shiny-javascript-1.10.0/shiny.min.js:1:389186
                                    nT          @ shiny-javascript-1.10.0/shiny.min.js:1:394797
                                    s           @ shiny-javascript-1.10.0/shiny.min.js:1:394995
{shinytest2} R  info    16:54:06.61 Error while initializing AppDriver:
                                    Shiny app did not become stable in 1e+05ms.
                                    Message: An error occurred while waiting for Shiny to be stable
                                    Caused by error in `app_wait_for_idle()`:
                                    ! An error occurred while waiting for Shiny to be stable
{shiny}      R  stderr  ----------- Loading required package: shiny
{shiny}      R  stderr  ----------- Attempting to load the environment ‘package:sparkline’
{shiny}      R  stderr  ----------- Loading required package: ggmosaic
{shiny}      R  stderr  ----------- Loading required package: ggplot2
{shiny}      R  stderr  ----------- Loading required package: teal
{shiny}      R  stderr  ----------- Loading required package: teal.data
{shiny}      R  stderr  ----------- Loading required package: teal.code
{shiny}      R  stderr  ----------- Loading required package: teal.slice
{shiny}      R  stderr  ----------- 
{shiny}      R  stderr  ----------- You are using teal version 0.16.0
{shiny}      R  stderr  ----------- 
{shiny}      R  stderr  ----------- Attaching package: ‘teal’
{shiny}      R  stderr  ----------- 
{shiny}      R  stderr  ----------- The following objects are masked from ‘package:teal.slice’:
{shiny}      R  stderr  ----------- 
{shiny}      R  stderr  -----------     as.teal_slices, teal_slices
{shiny}      R  stderr  ----------- 
{shiny}      R  stderr  ----------- Loading required package: teal.transform
{shiny}      R  stderr  ----------- Running application in test mode.
{shiny}      R  stderr  ----------- 
{shiny}      R  stderr  ----------- Listening on http://127.0.0.1:5295
{shiny}      R  stderr  ----------- Initializing reporter_previewer_module
{shiny}      R  stderr  ----------- Initializing reporter_previewer_module
{shiny}      R  stderr  ----------- Warning: Error in &lt;Anonymous&gt;: error in evaluating the argument 'code' in selecting a method for function 'eval_code': object of type 'symbol' is not subsettable
{shiny}      R  stderr  -----------   251: &lt;Anonymous&gt;
{shiny}      R  stderr  -----------   250: identical
{shiny}      R  stderr  -----------   249: FUN
{shiny}      R  stderr  -----------   248: lapply
{shiny}      R  stderr  -----------   247: FUN
{shiny}      R  stderr  -----------   246: lapply
{shiny}      R  stderr  -----------   245: remove_pipe_null
{shiny}      R  stderr  -----------   244: %&gt;%
{shiny}      R  stderr  -----------   242: &lt;reactive&gt;
{shiny}      R  stderr  -----------   222: common_code_q
{shiny}      R  stderr  -----------   215: &lt;reactive&gt;
{shiny}      R  stderr  -----------   195: data
{shiny}      R  stderr  -----------   189: &lt;reactive&gt;
{shiny}      R  stderr  -----------   169: decorated_q[[req(current_tab_r())]]
{shiny}      R  stderr  -----------   168: &lt;reactive&gt;
{shiny}      R  stderr  -----------   148: data
{shiny}      R  stderr  -----------   142: &lt;reactive&gt;
{shiny}      R  stderr  -----------   122: decorated_final_q
{shiny}      R  stderr  -----------   121: exprFunc
{shiny}      R  stderr  -----------   120: widgetFunc
{shiny}      R  stderr  -----------   119: ::
{shiny}      R  stderr  ----------- htmlwidgets
{shiny}      R  stderr  ----------- shinyRenderWidget
{shiny}      R  stderr  -----------   118: func
{shiny}      R  stderr  -----------   105: renderFunc
{shiny}      R  stderr  -----------   104: renderFunc
{shiny}      R  stderr  -----------   100: renderFunc
{shiny}      R  stderr  -----------    99: output$teal-teal_modules-outliers_module-module-summary_table
{shiny}      R  stderr  -----------    14: &lt;Anonymous&gt;
{shiny}      R  stderr  -----------    12: &lt;Anonymous&gt;
{shiny}      R  stderr  -----------    11: &lt;Anonymous&gt;
{shiny}      R  stderr  -----------    10: base::do.call
{shiny}      R  stderr  -----------     9: base::saveRDS
{shiny}      R  stderr  -----------     8: base::withCallingHandlers
{shiny}      R  stderr  -----------     7: doTryCatch
{shiny}      R  stderr  -----------     6: tryCatchOne
{shiny}      R  stderr  -----------     5: tryCatchList
{shiny}      R  stderr  -----------     2: tryCatchList
{shiny}      R  stderr  -----------     1: base::tryCatch
{shiny}      R  stderr  ----------- Warning: Error in &lt;Anonymous&gt;: error in evaluating the argument 'code' in selecting a method for function 'eval_code': object of type 'symbol' is not subsettable
{shiny}      R  stderr  -----------   251: &lt;Anonymous&gt;
{shiny}      R  stderr  -----------   250: identical
{shiny}      R  stderr  -----------   249: FUN
{shiny}      R  stderr  -----------   248: lapply
{shiny}      R  stderr  -----------   247: FUN
{shiny}      R  stderr  -----------   246: lapply
{shiny}      R  stderr  -----------   245: remove_pipe_null
{shiny}      R  stderr  -----------   244: %&gt;%
{shiny}      R  stderr  -----------   242: &lt;reactive&gt;
{shiny}      R  stderr  -----------   222: common_code_q
{shiny}      R  stderr  -----------   215: &lt;reactive&gt;
{shiny}      R  stderr  -----------   195: data
{shiny}      R  stderr  -----------   189: &lt;reactive&gt;
{shiny}      R  stderr  -----------   169: decorated_q[[req(current_tab_r())]]
{shiny}      R  stderr  -----------   168: &lt;reactive&gt;
{shiny}      R  stderr  -----------   148: data
{shiny}      R  stderr  -----------   142: &lt;reactive&gt;
{shiny}      R  stderr  -----------   122: decorated_final_q
{shiny}      R  stderr  -----------   121: exprFunc
{shiny}      R  stderr  -----------   120: widgetFunc
{shiny}      R  stderr  -----------   119: ::
{shiny}      R  stderr  ----------- htmlwidgets
{shiny}      R  stderr  ----------- shinyRenderWidget
{shiny}      R  stderr  -----------   118: func
{shiny}      R  stderr  -----------   105: renderFunc
{shiny}      R  stderr  -----------   104: renderFunc
{shiny}      R  stderr  -----------   100: renderFunc
{shiny}      R  stderr  -----------    99: output$teal-teal_modules-outliers_module-module-summary_table
{shiny}      R  stderr  -----------    14: &lt;Anonymous&gt;
{shiny}      R  stderr  -----------    12: &lt;Anonymous&gt;
{shiny}      R  stderr  -----------    11: &lt;Anonymous&gt;
{shiny}      R  stderr  -----------    10: base::do.call
{shiny}      R  stderr  -----------     9: base::saveRDS
{shiny}      R  stderr  -----------     8: base::withCallingHandlers
{shiny}      R  stderr  -----------     7: doTryCatch
{shiny}      R  stderr  -----------     6: tryCatchOne
{shiny}      R  stderr  -----------     5: tryCatchList
{shiny}      R  stderr  -----------     2: tryCatchList
{shiny}      R  stderr  -----------     1: base::tryCatch
{shiny}      R  stderr  ----------- Warning: Error in &lt;Anonymous&gt;: error in evaluating the argument 'code' in selecting a method for function 'eval_code': object of type 'symbol' is not subsettable
{shiny}      R  stderr  -----------   14: &lt;Anonymous&gt;
{shiny}      R  stderr  -----------   12: &lt;Anonymous&gt;
{shiny}      R  stderr  -----------   11: &lt;Anonymous&gt;
{shiny}      R  stderr  -----------   10: base::do.call
{shiny}      R  stderr  -----------    9: base::saveRDS
{shiny}      R  stderr  -----------    8: base::withCallingHandlers
{shiny}      R  stderr  -----------    7: doTryCatch
{shiny}      R  stderr  -----------    6: tryCatchOne
{shiny}      R  stderr  -----------    5: tryCatchList
{shiny}      R  stderr  -----------    2: tryCatchList
{shiny}      R  stderr  -----------    1: base::tryCatch
{shiny}      R  stderr  ----------- Warning: Error in &lt;Anonymous&gt;: error in evaluating the argument 'code' in selecting a method for function 'eval_code': object of type 'symbol' is not subsettable
{shiny}      R  stderr  -----------   124: &lt;Anonymous&gt;
{shiny}      R  stderr  -----------   123: stop
{shiny}      R  stderr  -----------   122: common_code_q
{shiny}      R  stderr  -----------   121: exprFunc
{shiny}      R  stderr  -----------   120: widgetFunc
{shiny}      R  stderr  -----------   119: ::
{shiny}      R  stderr  ----------- htmlwidgets
{shiny}      R  stderr  ----------- shinyRenderWidget
{shiny}      R  stderr  -----------   118: func
{shiny}      R  stderr  -----------   105: renderFunc
{shiny}      R  stderr  -----------   104: renderFunc
{shiny}      R  stderr  -----------   100: renderFunc
{shiny}      R  stderr  -----------    99: output$teal-teal_modules-outliers_module-module-table_ui
{shiny}      R  stderr  -----------    14: &lt;Anonymous&gt;
{shiny}      R  stderr  -----------    12: &lt;Anonymous&gt;
{shiny}      R  stderr  -----------    11: &lt;Anonymous&gt;
{shiny}      R  stderr  -----------    10: base::do.call
{shiny}      R  stderr  -----------     9: base::saveRDS
{shiny}      R  stderr  -----------     8: base::withCallingHandlers
{shiny}      R  stderr  -----------     7: doTryCatch
{shiny}      R  stderr  -----------     6: tryCatchOne
{shiny}      R  stderr  -----------     5: tryCatchList
{shiny}      R  stderr  -----------     2: tryCatchList
{shiny}      R  stderr  -----------     1: base::tryCatch
{shiny}      R  stderr  ----------- Warning: Error in &lt;Anonymous&gt;: error in evaluating the argument 'code' in selecting a method for function 'eval_code': object of type 'symbol' is not subsettable
{shiny}      R  stderr  -----------   117: &lt;Anonymous&gt;
{shiny}      R  stderr  -----------   116: stop
{shiny}      R  stderr  -----------   115: common_code_q
{shiny}      R  stderr  -----------   114: renderUI
{shiny}      R  stderr  -----------   113: func
{shiny}      R  stderr  -----------   100: renderFunc
{shiny}      R  stderr  -----------    99: output$teal-teal_modules-outliers_module-module-total_outliers
{shiny}      R  stderr  -----------    14: &lt;Anonymous&gt;
{shiny}      R  stderr  -----------    12: &lt;Anonymous&gt;
{shiny}      R  stderr  -----------    11: &lt;Anonymous&gt;
{shiny}      R  stderr  -----------    10: base::do.call
{shiny}      R  stderr  -----------     9: base::saveRDS
{shiny}      R  stderr  -----------     8: base::withCallingHandlers
{shiny}      R  stderr  -----------     7: doTryCatch
{shiny}      R  stderr  -----------     6: tryCatchOne
{shiny}      R  stderr  -----------     5: tryCatchList
{shiny}      R  stderr  -----------     2: tryCatchList
{shiny}      R  stderr  -----------     1: base::tryCatch


Caused by error in `app_initialize_()`:
! Shiny app did not become stable in 1e+05ms.
Message: An error occurred while waiting for Shiny to be stable
Caused by error in `app_wait_for_idle()`:
! An error occurred while waiting for Shiny to be stable
Backtrace:
     ▆
  1. ├─teal.modules.general (local) app_driver_tm_outlier() at test-shinytest2-tm_outliers.R:127:3
  2. │ └─teal.modules.general:::init_teal_app_driver(...) at test-shinytest2-tm_outliers.R:16:3
  3. │   ├─testthat::with_mocked_bindings(...) at tests/testthat/helper-TealAppDriver.R:7:3
  4. │   └─TealAppDriver$new(...) at tests/testthat/helper-TealAppDriver.R:10:7
  5. │     └─teal (local) initialize(...)
  6. │       ├─base::suppressWarnings(...)
  7. │       │ └─base::withCallingHandlers(...)
  8. │       └─super$initialize(...)
  9. │         └─shinytest2:::app_initialize(...)
 10. │           ├─base::withCallingHandlers(...)
 11. │           └─shinytest2:::app_initialize_(self, private, ..., view = view)
 12. │             ├─base::withCallingHandlers(...)
 13. │             └─self$wait_for_idle(duration = 200, timeout = private$load_timeout)
 14. │               └─shinytest2:::app_wait_for_idle(...)
 15. │                 └─shinytest2:::app_abort(self, private, "An error occurred while waiting for Shiny to be stable")
 16. │                   └─rlang::abort(..., app = self, call = call)
 17. │                     └─rlang:::signal_abort(cnd, .file)
 18. │                       └─base::signalCondition(cnd)
 19. ├─shinytest2 (local) `&lt;fn&gt;`(`&lt;rlng_rrr&gt;`)
 20. │ └─shinytest2:::app_abort(...)
 21. │   └─rlang::abort(..., app = self, call = call)
 22. │     └─rlang:::signal_abort(cnd, .file)
 23. │       └─base::signalCondition(cnd)
 24. └─shinytest2 (local) `&lt;fn&gt;`(`&lt;rlng_rrr&gt;`)
 25.   └─shinytest2:::app_abort(...)
 26.     └─rlang::abort(..., app = self, call = call)</error>
    </testcase>
    <testcase time="102.819" classname="shinytest2_tm_outliers" name="e2e_tm_outliers_Plot_type_is_hidden_when_Boxplot_tab_is_not_selected.">
      <error type="error" message="Error in `app_initialize(self, private, app_dir = app_dir, ..., load_timeout = load_timeout,  ('test-shinytest2-tm_outliers.R:142:3')">Error in `app_initialize(self, private, app_dir = app_dir, ..., load_timeout = load_timeout, 
    timeout = timeout, wait = wait, expect_values_screenshot_args = expect_values_screenshot_args, 
    screenshot_args = screenshot_args, check_names = check_names, 
    name = name, variant = variant, view = view, height = height, 
    width = width, seed = seed, clean_logs = clean_logs, shiny_args = shiny_args, 
    render_args = render_args, options = options)`: Shiny app did not become stable in 1e+05ms.
Message: An error occurred while waiting for Shiny to be stable
Caused by error in `app_wait_for_idle()`:
! An error occurred while waiting for Shiny to be stable


ℹ You can inspect the failed AppDriver object via `rlang::last_error()$app`
ℹ AppDriver logs:
{shinytest2} R  info    16:54:07.09 Start AppDriver initialization
{shinytest2} R  info    16:54:07.14 Starting Shiny app
{shinytest2} R  info    16:54:08.17 Creating new ChromoteSession
{shinytest2} R  info    16:54:08.20 Navigating to Shiny app
{shinytest2} R  info    16:54:08.82 Injecting shiny-tracer.js
{chromote}   JS info    16:54:08.83 shinytest2; jQuery not found
{chromote}   JS info    16:54:08.83 shinytest2; Loaded
{shinytest2} R  info    16:54:08.83 Waiting for Shiny to become ready
{chromote}   JS info    16:54:08.89 shinytest2; jQuery found
{chromote}   JS info    16:54:08.89 shinytest2; Waiting for shiny session to connect
{chromote}   JS info    16:54:09.19 shinytest2; Connected
{chromote}   JS info    16:54:09.25 shinytest2; shiny:busy
{shinytest2} R  info    16:54:09.30 Waiting for Shiny to become idle for 200ms within 1e+05ms
{chromote}   JS info    16:54:09.30 shinytest2; Waiting for Shiny to be stable
{chromote}   JS warning 16:54:10.26 Couldn't perform validation update on input with id 'teal-teal_modules-outliers_module-module-categorical_var-dataset_CO2_singleextract-select': input not found
                                    (anonymous) @ shinyvalidate-0.1.3/shinyvalidate.js:3443:18
                                    (anonymous) @ shiny-javascript-1.10.0/shiny.min.js:1:407159
                                    m           @ shiny-javascript-1.10.0/shiny.min.js:1:388827
                                    (anonymous) @ shiny-javascript-1.10.0/shiny.min.js:1:390150
                                    (anonymous) @ shiny-javascript-1.10.0/shiny.min.js:1:389186
                                    nT          @ shiny-javascript-1.10.0/shiny.min.js:1:394797
                                    s           @ shiny-javascript-1.10.0/shiny.min.js:1:394995
                                    (anonymous) @ shiny-javascript-1.10.0/shiny.min.js:1:395056
                                    (anonymous) @ shiny-javascript-1.10.0/shiny.min.js:1:394936
                                    t           @ shiny-javascript-1.10.0/shiny.min.js:1:407274
                                    (anonymous) @ shiny-javascript-1.10.0/shiny.min.js:1:410753
                                    m           @ shiny-javascript-1.10.0/shiny.min.js:1:388827
                                    (anonymous) @ shiny-javascript-1.10.0/shiny.min.js:1:390150
                                    (anonymous) @ shiny-javascript-1.10.0/shiny.min.js:1:389186
                                    nT          @ shiny-javascript-1.10.0/shiny.min.js:1:394797
                                    s           @ shiny-javascript-1.10.0/shiny.min.js:1:394995
                                    (anonymous) @ shiny-javascript-1.10.0/shiny.min.js:1:395056
                                    (anonymous) @ shiny-javascript-1.10.0/shiny.min.js:1:394936
                                    (anonymous) @ shiny-javascript-1.10.0/shiny.min.js:1:410855
                                    (anonymous) @ shiny-javascript-1.10.0/shiny.min.js:1:407159
                                    m           @ shiny-javascript-1.10.0/shiny.min.js:1:388827
                                    (anonymous) @ shiny-javascript-1.10.0/shiny.min.js:1:390150
                                    (anonymous) @ shiny-javascript-1.10.0/shiny.min.js:1:389186
                                    nT          @ shiny-javascript-1.10.0/shiny.min.js:1:394797
                                    s           @ shiny-javascript-1.10.0/shiny.min.js:1:394995
                                    (anonymous) @ shiny-javascript-1.10.0/shiny.min.js:1:395056
                                    (anonymous) @ shiny-javascript-1.10.0/shiny.min.js:1:394936
                                    t           @ shiny-javascript-1.10.0/shiny.min.js:1:407274
                                    (anonymous) @ shiny-javascript-1.10.0/shiny.min.js:1:406722
                                    m           @ shiny-javascript-1.10.0/shiny.min.js:1:388827
                                    (anonymous) @ shiny-javascript-1.10.0/shiny.min.js:1:390150
                                    (anonymous) @ shiny-javascript-1.10.0/shiny.min.js:1:389186
                                    nT          @ shiny-javascript-1.10.0/shiny.min.js:1:394797
                                    s           @ shiny-javascript-1.10.0/shiny.min.js:1:394995
                                    (anonymous) @ shiny-javascript-1.10.0/shiny.min.js:1:395056
                                    (anonymous) @ shiny-javascript-1.10.0/shiny.min.js:1:394936
                                    t           @ shiny-javascript-1.10.0/shiny.min.js:1:406868
                                    (anonymous) @ shiny-javascript-1.10.0/shiny.min.js:1:400961
                                    m           @ shiny-javascript-1.10.0/shiny.min.js:1:388827
                                    (anonymous) @ shiny-javascript-1.10.0/shiny.min.js:1:390150
                                    (anonymous) @ shiny-javascript-1.10.0/shiny.min.js:1:389186
                                    nT          @ shiny-javascript-1.10.0/shiny.min.js:1:394797
                                    s           @ shiny-javascript-1.10.0/shiny.min.js:1:394995
                                    (anonymous) @ shiny-javascript-1.10.0/shiny.min.js:1:395056
                                    (anonymous) @ shiny-javascript-1.10.0/shiny.min.js:1:394936
                                    (anonymous) @ shiny-javascript-1.10.0/shiny.min.js:1:401480
                                    m           @ shiny-javascript-1.10.0/shiny.min.js:1:388827
                                    (anonymous) @ shiny-javascript-1.10.0/shiny.min.js:1:390150
                                    (anonymous) @ shiny-javascript-1.10.0/shiny.min.js:1:389186
                                    nT          @ shiny-javascript-1.10.0/shiny.min.js:1:394797
                                    s           @ shiny-javascript-1.10.0/shiny.min.js:1:394995
{shinytest2} R  info    16:55:49.42 Error while initializing AppDriver:
                                    Shiny app did not become stable in 1e+05ms.
                                    Message: An error occurred while waiting for Shiny to be stable
                                    Caused by error in `app_wait_for_idle()`:
                                    ! An error occurred while waiting for Shiny to be stable
{shiny}      R  stderr  ----------- Loading required package: shiny
{shiny}      R  stderr  ----------- Attempting to load the environment ‘package:sparkline’
{shiny}      R  stderr  ----------- Loading required package: ggmosaic
{shiny}      R  stderr  ----------- Loading required package: ggplot2
{shiny}      R  stderr  ----------- Loading required package: teal
{shiny}      R  stderr  ----------- Loading required package: teal.data
{shiny}      R  stderr  ----------- Loading required package: teal.code
{shiny}      R  stderr  ----------- Loading required package: teal.slice
{shiny}      R  stderr  ----------- 
{shiny}      R  stderr  ----------- You are using teal version 0.16.0
{shiny}      R  stderr  ----------- 
{shiny}      R  stderr  ----------- Attaching package: ‘teal’
{shiny}      R  stderr  ----------- 
{shiny}      R  stderr  ----------- The following objects are masked from ‘package:teal.slice’:
{shiny}      R  stderr  ----------- 
{shiny}      R  stderr  -----------     as.teal_slices, teal_slices
{shiny}      R  stderr  ----------- 
{shiny}      R  stderr  ----------- Loading required package: teal.transform
{shiny}      R  stderr  ----------- Running application in test mode.
{shiny}      R  stderr  ----------- 
{shiny}      R  stderr  ----------- Listening on http://127.0.0.1:4520
{shiny}      R  stderr  ----------- Initializing reporter_previewer_module
{shiny}      R  stderr  ----------- Initializing reporter_previewer_module
{shiny}      R  stderr  ----------- Warning: Error in &lt;Anonymous&gt;: error in evaluating the argument 'code' in selecting a method for function 'eval_code': object of type 'symbol' is not subsettable
{shiny}      R  stderr  -----------   251: &lt;Anonymous&gt;
{shiny}      R  stderr  -----------   250: identical
{shiny}      R  stderr  -----------   249: FUN
{shiny}      R  stderr  -----------   248: lapply
{shiny}      R  stderr  -----------   247: FUN
{shiny}      R  stderr  -----------   246: lapply
{shiny}      R  stderr  -----------   245: remove_pipe_null
{shiny}      R  stderr  -----------   244: %&gt;%
{shiny}      R  stderr  -----------   242: &lt;reactive&gt;
{shiny}      R  stderr  -----------   222: common_code_q
{shiny}      R  stderr  -----------   215: &lt;reactive&gt;
{shiny}      R  stderr  -----------   195: data
{shiny}      R  stderr  -----------   189: &lt;reactive&gt;
{shiny}      R  stderr  -----------   169: decorated_q[[req(current_tab_r())]]
{shiny}      R  stderr  -----------   168: &lt;reactive&gt;
{shiny}      R  stderr  -----------   148: data
{shiny}      R  stderr  -----------   142: &lt;reactive&gt;
{shiny}      R  stderr  -----------   122: decorated_final_q
{shiny}      R  stderr  -----------   121: exprFunc
{shiny}      R  stderr  -----------   120: widgetFunc
{shiny}      R  stderr  -----------   119: ::
{shiny}      R  stderr  ----------- htmlwidgets
{shiny}      R  stderr  ----------- shinyRenderWidget
{shiny}      R  stderr  -----------   118: func
{shiny}      R  stderr  -----------   105: renderFunc
{shiny}      R  stderr  -----------   104: renderFunc
{shiny}      R  stderr  -----------   100: renderFunc
{shiny}      R  stderr  -----------    99: output$teal-teal_modules-outliers_module-module-summary_table
{shiny}      R  stderr  -----------    14: &lt;Anonymous&gt;
{shiny}      R  stderr  -----------    12: &lt;Anonymous&gt;
{shiny}      R  stderr  -----------    11: &lt;Anonymous&gt;
{shiny}      R  stderr  -----------    10: base::do.call
{shiny}      R  stderr  -----------     9: base::saveRDS
{shiny}      R  stderr  -----------     8: base::withCallingHandlers
{shiny}      R  stderr  -----------     7: doTryCatch
{shiny}      R  stderr  -----------     6: tryCatchOne
{shiny}      R  stderr  -----------     5: tryCatchList
{shiny}      R  stderr  -----------     2: tryCatchList
{shiny}      R  stderr  -----------     1: base::tryCatch
{shiny}      R  stderr  ----------- Warning: Error in &lt;Anonymous&gt;: error in evaluating the argument 'code' in selecting a method for function 'eval_code': object of type 'symbol' is not subsettable
{shiny}      R  stderr  -----------   251: &lt;Anonymous&gt;
{shiny}      R  stderr  -----------   250: identical
{shiny}      R  stderr  -----------   249: FUN
{shiny}      R  stderr  -----------   248: lapply
{shiny}      R  stderr  -----------   247: FUN
{shiny}      R  stderr  -----------   246: lapply
{shiny}      R  stderr  -----------   245: remove_pipe_null
{shiny}      R  stderr  -----------   244: %&gt;%
{shiny}      R  stderr  -----------   242: &lt;reactive&gt;
{shiny}      R  stderr  -----------   222: common_code_q
{shiny}      R  stderr  -----------   215: &lt;reactive&gt;
{shiny}      R  stderr  -----------   195: data
{shiny}      R  stderr  -----------   189: &lt;reactive&gt;
{shiny}      R  stderr  -----------   169: decorated_q[[req(current_tab_r())]]
{shiny}      R  stderr  -----------   168: &lt;reactive&gt;
{shiny}      R  stderr  -----------   148: data
{shiny}      R  stderr  -----------   142: &lt;reactive&gt;
{shiny}      R  stderr  -----------   122: decorated_final_q
{shiny}      R  stderr  -----------   121: exprFunc
{shiny}      R  stderr  -----------   120: widgetFunc
{shiny}      R  stderr  -----------   119: ::
{shiny}      R  stderr  ----------- htmlwidgets
{shiny}      R  stderr  ----------- shinyRenderWidget
{shiny}      R  stderr  -----------   118: func
{shiny}      R  stderr  -----------   105: renderFunc
{shiny}      R  stderr  -----------   104: renderFunc
{shiny}      R  stderr  -----------   100: renderFunc
{shiny}      R  stderr  -----------    99: output$teal-teal_modules-outliers_module-module-summary_table
{shiny}      R  stderr  -----------    14: &lt;Anonymous&gt;
{shiny}      R  stderr  -----------    12: &lt;Anonymous&gt;
{shiny}      R  stderr  -----------    11: &lt;Anonymous&gt;
{shiny}      R  stderr  -----------    10: base::do.call
{shiny}      R  stderr  -----------     9: base::saveRDS
{shiny}      R  stderr  -----------     8: base::withCallingHandlers
{shiny}      R  stderr  -----------     7: doTryCatch
{shiny}      R  stderr  -----------     6: tryCatchOne
{shiny}      R  stderr  -----------     5: tryCatchList
{shiny}      R  stderr  -----------     2: tryCatchList
{shiny}      R  stderr  -----------     1: base::tryCatch
{shiny}      R  stderr  ----------- Warning: Error in &lt;Anonymous&gt;: error in evaluating the argument 'code' in selecting a method for function 'eval_code': object of type 'symbol' is not subsettable
{shiny}      R  stderr  -----------   14: &lt;Anonymous&gt;
{shiny}      R  stderr  -----------   12: &lt;Anonymous&gt;
{shiny}      R  stderr  -----------   11: &lt;Anonymous&gt;
{shiny}      R  stderr  -----------   10: base::do.call
{shiny}      R  stderr  -----------    9: base::saveRDS
{shiny}      R  stderr  -----------    8: base::withCallingHandlers
{shiny}      R  stderr  -----------    7: doTryCatch
{shiny}      R  stderr  -----------    6: tryCatchOne
{shiny}      R  stderr  -----------    5: tryCatchList
{shiny}      R  stderr  -----------    2: tryCatchList
{shiny}      R  stderr  -----------    1: base::tryCatch
{shiny}      R  stderr  ----------- Warning: Error in &lt;Anonymous&gt;: error in evaluating the argument 'code' in selecting a method for function 'eval_code': object of type 'symbol' is not subsettable
{shiny}      R  stderr  -----------   124: &lt;Anonymous&gt;
{shiny}      R  stderr  -----------   123: stop
{shiny}      R  stderr  -----------   122: common_code_q
{shiny}      R  stderr  -----------   121: exprFunc
{shiny}      R  stderr  -----------   120: widgetFunc
{shiny}      R  stderr  -----------   119: ::
{shiny}      R  stderr  ----------- htmlwidgets
{shiny}      R  stderr  ----------- shinyRenderWidget
{shiny}      R  stderr  -----------   118: func
{shiny}      R  stderr  -----------   105: renderFunc
{shiny}      R  stderr  -----------   104: renderFunc
{shiny}      R  stderr  -----------   100: renderFunc
{shiny}      R  stderr  -----------    99: output$teal-teal_modules-outliers_module-module-table_ui
{shiny}      R  stderr  -----------    14: &lt;Anonymous&gt;
{shiny}      R  stderr  -----------    12: &lt;Anonymous&gt;
{shiny}      R  stderr  -----------    11: &lt;Anonymous&gt;
{shiny}      R  stderr  -----------    10: base::do.call
{shiny}      R  stderr  -----------     9: base::saveRDS
{shiny}      R  stderr  -----------     8: base::withCallingHandlers
{shiny}      R  stderr  -----------     7: doTryCatch
{shiny}      R  stderr  -----------     6: tryCatchOne
{shiny}      R  stderr  -----------     5: tryCatchList
{shiny}      R  stderr  -----------     2: tryCatchList
{shiny}      R  stderr  -----------     1: base::tryCatch
{shiny}      R  stderr  ----------- Warning: Error in &lt;Anonymous&gt;: error in evaluating the argument 'code' in selecting a method for function 'eval_code': object of type 'symbol' is not subsettable
{shiny}      R  stderr  -----------   117: &lt;Anonymous&gt;
{shiny}      R  stderr  -----------   116: stop
{shiny}      R  stderr  -----------   115: common_code_q
{shiny}      R  stderr  -----------   114: renderUI
{shiny}      R  stderr  -----------   113: func
{shiny}      R  stderr  -----------   100: renderFunc
{shiny}      R  stderr  -----------    99: output$teal-teal_modules-outliers_module-module-total_outliers
{shiny}      R  stderr  -----------    14: &lt;Anonymous&gt;
{shiny}      R  stderr  -----------    12: &lt;Anonymous&gt;
{shiny}      R  stderr  -----------    11: &lt;Anonymous&gt;
{shiny}      R  stderr  -----------    10: base::do.call
{shiny}      R  stderr  -----------     9: base::saveRDS
{shiny}      R  stderr  -----------     8: base::withCallingHandlers
{shiny}      R  stderr  -----------     7: doTryCatch
{shiny}      R  stderr  -----------     6: tryCatchOne
{shiny}      R  stderr  -----------     5: tryCatchList
{shiny}      R  stderr  -----------     2: tryCatchList
{shiny}      R  stderr  -----------     1: base::tryCatch


Caused by error in `app_initialize_()`:
! Shiny app did not become stable in 1e+05ms.
Message: An error occurred while waiting for Shiny to be stable
Caused by error in `app_wait_for_idle()`:
! An error occurred while waiting for Shiny to be stable
Backtrace:
     ▆
  1. ├─teal.modules.general (local) app_driver_tm_outlier() at test-shinytest2-tm_outliers.R:142:3
  2. │ └─teal.modules.general:::init_teal_app_driver(...) at test-shinytest2-tm_outliers.R:16:3
  3. │   ├─testthat::with_mocked_bindings(...) at tests/testthat/helper-TealAppDriver.R:7:3
  4. │   └─TealAppDriver$new(...) at tests/testthat/helper-TealAppDriver.R:10:7
  5. │     └─teal (local) initialize(...)
  6. │       ├─base::suppressWarnings(...)
  7. │       │ └─base::withCallingHandlers(...)
  8. │       └─super$initialize(...)
  9. │         └─shinytest2:::app_initialize(...)
 10. │           ├─base::withCallingHandlers(...)
 11. │           └─shinytest2:::app_initialize_(self, private, ..., view = view)
 12. │             ├─base::withCallingHandlers(...)
 13. │             └─self$wait_for_idle(duration = 200, timeout = private$load_timeout)
 14. │               └─shinytest2:::app_wait_for_idle(...)
 15. │                 └─shinytest2:::app_abort(self, private, "An error occurred while waiting for Shiny to be stable")
 16. │                   └─rlang::abort(..., app = self, call = call)
 17. │                     └─rlang:::signal_abort(cnd, .file)
 18. │                       └─base::signalCondition(cnd)
 19. ├─shinytest2 (local) `&lt;fn&gt;`(`&lt;rlng_rrr&gt;`)
 20. │ └─shinytest2:::app_abort(...)
 21. │   └─rlang::abort(..., app = self, call = call)
 22. │     └─rlang:::signal_abort(cnd, .file)
 23. │       └─base::signalCondition(cnd)
 24. └─shinytest2 (local) `&lt;fn&gt;`(`&lt;rlng_rrr&gt;`)
 25.   └─shinytest2:::app_abort(...)
 26.     └─rlang::abort(..., app = self, call = call)</error>
    </testcase>
    <testcase time="102.73" classname="shinytest2_tm_outliers" name="e2e_tm_outliers_Default_radio_buttons_are_set_properly.">
      <error type="error" message="Error in `app_initialize(self, private, app_dir = app_dir, ..., load_timeout = load_timeout,  ('test-shinytest2-tm_outliers.R:159:3')">Error in `app_initialize(self, private, app_dir = app_dir, ..., load_timeout = load_timeout, 
    timeout = timeout, wait = wait, expect_values_screenshot_args = expect_values_screenshot_args, 
    screenshot_args = screenshot_args, check_names = check_names, 
    name = name, variant = variant, view = view, height = height, 
    width = width, seed = seed, clean_logs = clean_logs, shiny_args = shiny_args, 
    render_args = render_args, options = options)`: Shiny app did not become stable in 1e+05ms.
Message: An error occurred while waiting for Shiny to be stable
Caused by error in `app_wait_for_idle()`:
! An error occurred while waiting for Shiny to be stable


ℹ You can inspect the failed AppDriver object via `rlang::last_error()$app`
ℹ AppDriver logs:
{shinytest2} R  info    16:55:49.91 Start AppDriver initialization
{shinytest2} R  info    16:55:49.97 Starting Shiny app
{shinytest2} R  info    16:55:50.99 Creating new ChromoteSession
{shinytest2} R  info    16:55:51.03 Navigating to Shiny app
{shinytest2} R  info    16:55:51.67 Injecting shiny-tracer.js
{chromote}   JS info    16:55:51.69 shinytest2; jQuery not found
{chromote}   JS info    16:55:51.69 shinytest2; Loaded
{shinytest2} R  info    16:55:51.69 Waiting for Shiny to become ready
{chromote}   JS info    16:55:51.78 shinytest2; jQuery found
{chromote}   JS info    16:55:51.78 shinytest2; Waiting for shiny session to connect
{chromote}   JS info    16:55:52.05 shinytest2; Connected
{chromote}   JS info    16:55:52.14 shinytest2; shiny:busy
{shinytest2} R  info    16:55:52.14 Waiting for Shiny to become idle for 200ms within 1e+05ms
{chromote}   JS info    16:55:52.15 shinytest2; Waiting for Shiny to be stable
{chromote}   JS warning 16:55:53.10 Couldn't perform validation update on input with id 'teal-teal_modules-outliers_module-module-categorical_var-dataset_CO2_singleextract-select': input not found
                                    (anonymous) @ shinyvalidate-0.1.3/shinyvalidate.js:3443:18
                                    (anonymous) @ shiny-javascript-1.10.0/shiny.min.js:1:407159
                                    m           @ shiny-javascript-1.10.0/shiny.min.js:1:388827
                                    (anonymous) @ shiny-javascript-1.10.0/shiny.min.js:1:390150
                                    (anonymous) @ shiny-javascript-1.10.0/shiny.min.js:1:389186
                                    nT          @ shiny-javascript-1.10.0/shiny.min.js:1:394797
                                    s           @ shiny-javascript-1.10.0/shiny.min.js:1:394995
                                    (anonymous) @ shiny-javascript-1.10.0/shiny.min.js:1:395056
                                    (anonymous) @ shiny-javascript-1.10.0/shiny.min.js:1:394936
                                    t           @ shiny-javascript-1.10.0/shiny.min.js:1:407274
                                    (anonymous) @ shiny-javascript-1.10.0/shiny.min.js:1:410753
                                    m           @ shiny-javascript-1.10.0/shiny.min.js:1:388827
                                    (anonymous) @ shiny-javascript-1.10.0/shiny.min.js:1:390150
                                    (anonymous) @ shiny-javascript-1.10.0/shiny.min.js:1:389186
                                    nT          @ shiny-javascript-1.10.0/shiny.min.js:1:394797
                                    s           @ shiny-javascript-1.10.0/shiny.min.js:1:394995
                                    (anonymous) @ shiny-javascript-1.10.0/shiny.min.js:1:395056
                                    (anonymous) @ shiny-javascript-1.10.0/shiny.min.js:1:394936
                                    (anonymous) @ shiny-javascript-1.10.0/shiny.min.js:1:410855
                                    (anonymous) @ shiny-javascript-1.10.0/shiny.min.js:1:407159
                                    m           @ shiny-javascript-1.10.0/shiny.min.js:1:388827
                                    (anonymous) @ shiny-javascript-1.10.0/shiny.min.js:1:390150
                                    (anonymous) @ shiny-javascript-1.10.0/shiny.min.js:1:389186
                                    nT          @ shiny-javascript-1.10.0/shiny.min.js:1:394797
                                    s           @ shiny-javascript-1.10.0/shiny.min.js:1:394995
                                    (anonymous) @ shiny-javascript-1.10.0/shiny.min.js:1:395056
                                    (anonymous) @ shiny-javascript-1.10.0/shiny.min.js:1:394936
                                    t           @ shiny-javascript-1.10.0/shiny.min.js:1:407274
                                    (anonymous) @ shiny-javascript-1.10.0/shiny.min.js:1:406722
                                    m           @ shiny-javascript-1.10.0/shiny.min.js:1:388827
                                    (anonymous) @ shiny-javascript-1.10.0/shiny.min.js:1:390150
                                    (anonymous) @ shiny-javascript-1.10.0/shiny.min.js:1:389186
                                    nT          @ shiny-javascript-1.10.0/shiny.min.js:1:394797
                                    s           @ shiny-javascript-1.10.0/shiny.min.js:1:394995
                                    (anonymous) @ shiny-javascript-1.10.0/shiny.min.js:1:395056
                                    (anonymous) @ shiny-javascript-1.10.0/shiny.min.js:1:394936
                                    t           @ shiny-javascript-1.10.0/shiny.min.js:1:406868
                                    (anonymous) @ shiny-javascript-1.10.0/shiny.min.js:1:400961
                                    m           @ shiny-javascript-1.10.0/shiny.min.js:1:388827
                                    (anonymous) @ shiny-javascript-1.10.0/shiny.min.js:1:390150
                                    (anonymous) @ shiny-javascript-1.10.0/shiny.min.js:1:389186
                                    nT          @ shiny-javascript-1.10.0/shiny.min.js:1:394797
                                    s           @ shiny-javascript-1.10.0/shiny.min.js:1:394995
                                    (anonymous) @ shiny-javascript-1.10.0/shiny.min.js:1:395056
                                    (anonymous) @ shiny-javascript-1.10.0/shiny.min.js:1:394936
                                    (anonymous) @ shiny-javascript-1.10.0/shiny.min.js:1:401480
                                    m           @ shiny-javascript-1.10.0/shiny.min.js:1:388827
                                    (anonymous) @ shiny-javascript-1.10.0/shiny.min.js:1:390150
                                    (anonymous) @ shiny-javascript-1.10.0/shiny.min.js:1:389186
                                    nT          @ shiny-javascript-1.10.0/shiny.min.js:1:394797
                                    s           @ shiny-javascript-1.10.0/shiny.min.js:1:394995
{shinytest2} R  info    16:57:32.16 Error while initializing AppDriver:
                                    Shiny app did not become stable in 1e+05ms.
                                    Message: An error occurred while waiting for Shiny to be stable
                                    Caused by error in `app_wait_for_idle()`:
                                    ! An error occurred while waiting for Shiny to be stable
{shiny}      R  stderr  ----------- Loading required package: shiny
{shiny}      R  stderr  ----------- Attempting to load the environment ‘package:sparkline’
{shiny}      R  stderr  ----------- Loading required package: ggmosaic
{shiny}      R  stderr  ----------- Loading required package: ggplot2
{shiny}      R  stderr  ----------- Loading required package: teal
{shiny}      R  stderr  ----------- Loading required package: teal.data
{shiny}      R  stderr  ----------- Loading required package: teal.code
{shiny}      R  stderr  ----------- Loading required package: teal.slice
{shiny}      R  stderr  ----------- 
{shiny}      R  stderr  ----------- You are using teal version 0.16.0
{shiny}      R  stderr  ----------- 
{shiny}      R  stderr  ----------- Attaching package: ‘teal’
{shiny}      R  stderr  ----------- 
{shiny}      R  stderr  ----------- The following objects are masked from ‘package:teal.slice’:
{shiny}      R  stderr  ----------- 
{shiny}      R  stderr  -----------     as.teal_slices, teal_slices
{shiny}      R  stderr  ----------- 
{shiny}      R  stderr  ----------- Loading required package: teal.transform
{shiny}      R  stderr  ----------- Running application in test mode.
{shiny}      R  stderr  ----------- 
{shiny}      R  stderr  ----------- Listening on http://127.0.0.1:5865
{shiny}      R  stderr  ----------- Initializing reporter_previewer_module
{shiny}      R  stderr  ----------- Initializing reporter_previewer_module
{shiny}      R  stderr  ----------- Warning: Error in &lt;Anonymous&gt;: error in evaluating the argument 'code' in selecting a method for function 'eval_code': object of type 'symbol' is not subsettable
{shiny}      R  stderr  -----------   251: &lt;Anonymous&gt;
{shiny}      R  stderr  -----------   250: identical
{shiny}      R  stderr  -----------   249: FUN
{shiny}      R  stderr  -----------   248: lapply
{shiny}      R  stderr  -----------   247: FUN
{shiny}      R  stderr  -----------   246: lapply
{shiny}      R  stderr  -----------   245: remove_pipe_null
{shiny}      R  stderr  -----------   244: %&gt;%
{shiny}      R  stderr  -----------   242: &lt;reactive&gt;
{shiny}      R  stderr  -----------   222: common_code_q
{shiny}      R  stderr  -----------   215: &lt;reactive&gt;
{shiny}      R  stderr  -----------   195: data
{shiny}      R  stderr  -----------   189: &lt;reactive&gt;
{shiny}      R  stderr  -----------   169: decorated_q[[req(current_tab_r())]]
{shiny}      R  stderr  -----------   168: &lt;reactive&gt;
{shiny}      R  stderr  -----------   148: data
{shiny}      R  stderr  -----------   142: &lt;reactive&gt;
{shiny}      R  stderr  -----------   122: decorated_final_q
{shiny}      R  stderr  -----------   121: exprFunc
{shiny}      R  stderr  -----------   120: widgetFunc
{shiny}      R  stderr  -----------   119: ::
{shiny}      R  stderr  ----------- htmlwidgets
{shiny}      R  stderr  ----------- shinyRenderWidget
{shiny}      R  stderr  -----------   118: func
{shiny}      R  stderr  -----------   105: renderFunc
{shiny}      R  stderr  -----------   104: renderFunc
{shiny}      R  stderr  -----------   100: renderFunc
{shiny}      R  stderr  -----------    99: output$teal-teal_modules-outliers_module-module-summary_table
{shiny}      R  stderr  -----------    14: &lt;Anonymous&gt;
{shiny}      R  stderr  -----------    12: &lt;Anonymous&gt;
{shiny}      R  stderr  -----------    11: &lt;Anonymous&gt;
{shiny}      R  stderr  -----------    10: base::do.call
{shiny}      R  stderr  -----------     9: base::saveRDS
{shiny}      R  stderr  -----------     8: base::withCallingHandlers
{shiny}      R  stderr  -----------     7: doTryCatch
{shiny}      R  stderr  -----------     6: tryCatchOne
{shiny}      R  stderr  -----------     5: tryCatchList
{shiny}      R  stderr  -----------     2: tryCatchList
{shiny}      R  stderr  -----------     1: base::tryCatch
{shiny}      R  stderr  ----------- Warning: Error in &lt;Anonymous&gt;: error in evaluating the argument 'code' in selecting a method for function 'eval_code': object of type 'symbol' is not subsettable
{shiny}      R  stderr  -----------   251: &lt;Anonymous&gt;
{shiny}      R  stderr  -----------   250: identical
{shiny}      R  stderr  -----------   249: FUN
{shiny}      R  stderr  -----------   248: lapply
{shiny}      R  stderr  -----------   247: FUN
{shiny}      R  stderr  -----------   246: lapply
{shiny}      R  stderr  -----------   245: remove_pipe_null
{shiny}      R  stderr  -----------   244: %&gt;%
{shiny}      R  stderr  -----------   242: &lt;reactive&gt;
{shiny}      R  stderr  -----------   222: common_code_q
{shiny}      R  stderr  -----------   215: &lt;reactive&gt;
{shiny}      R  stderr  -----------   195: data
{shiny}      R  stderr  -----------   189: &lt;reactive&gt;
{shiny}      R  stderr  -----------   169: decorated_q[[req(current_tab_r())]]
{shiny}      R  stderr  -----------   168: &lt;reactive&gt;
{shiny}      R  stderr  -----------   148: data
{shiny}      R  stderr  -----------   142: &lt;reactive&gt;
{shiny}      R  stderr  -----------   122: decorated_final_q
{shiny}      R  stderr  -----------   121: exprFunc
{shiny}      R  stderr  -----------   120: widgetFunc
{shiny}      R  stderr  -----------   119: ::
{shiny}      R  stderr  ----------- htmlwidgets
{shiny}      R  stderr  ----------- shinyRenderWidget
{shiny}      R  stderr  -----------   118: func
{shiny}      R  stderr  -----------   105: renderFunc
{shiny}      R  stderr  -----------   104: renderFunc
{shiny}      R  stderr  -----------   100: renderFunc
{shiny}      R  stderr  -----------    99: output$teal-teal_modules-outliers_module-module-summary_table
{shiny}      R  stderr  -----------    14: &lt;Anonymous&gt;
{shiny}      R  stderr  -----------    12: &lt;Anonymous&gt;
{shiny}      R  stderr  -----------    11: &lt;Anonymous&gt;
{shiny}      R  stderr  -----------    10: base::do.call
{shiny}      R  stderr  -----------     9: base::saveRDS
{shiny}      R  stderr  -----------     8: base::withCallingHandlers
{shiny}      R  stderr  -----------     7: doTryCatch
{shiny}      R  stderr  -----------     6: tryCatchOne
{shiny}      R  stderr  -----------     5: tryCatchList
{shiny}      R  stderr  -----------     2: tryCatchList
{shiny}      R  stderr  -----------     1: base::tryCatch
{shiny}      R  stderr  ----------- Warning: Error in &lt;Anonymous&gt;: error in evaluating the argument 'code' in selecting a method for function 'eval_code': object of type 'symbol' is not subsettable
{shiny}      R  stderr  -----------   14: &lt;Anonymous&gt;
{shiny}      R  stderr  -----------   12: &lt;Anonymous&gt;
{shiny}      R  stderr  -----------   11: &lt;Anonymous&gt;
{shiny}      R  stderr  -----------   10: base::do.call
{shiny}      R  stderr  -----------    9: base::saveRDS
{shiny}      R  stderr  -----------    8: base::withCallingHandlers
{shiny}      R  stderr  -----------    7: doTryCatch
{shiny}      R  stderr  -----------    6: tryCatchOne
{shiny}      R  stderr  -----------    5: tryCatchList
{shiny}      R  stderr  -----------    2: tryCatchList
{shiny}      R  stderr  -----------    1: base::tryCatch
{shiny}      R  stderr  ----------- Warning: Error in &lt;Anonymous&gt;: error in evaluating the argument 'code' in selecting a method for function 'eval_code': object of type 'symbol' is not subsettable
{shiny}      R  stderr  -----------   124: &lt;Anonymous&gt;
{shiny}      R  stderr  -----------   123: stop
{shiny}      R  stderr  -----------   122: common_code_q
{shiny}      R  stderr  -----------   121: exprFunc
{shiny}      R  stderr  -----------   120: widgetFunc
{shiny}      R  stderr  -----------   119: ::
{shiny}      R  stderr  ----------- htmlwidgets
{shiny}      R  stderr  ----------- shinyRenderWidget
{shiny}      R  stderr  -----------   118: func
{shiny}      R  stderr  -----------   105: renderFunc
{shiny}      R  stderr  -----------   104: renderFunc
{shiny}      R  stderr  -----------   100: renderFunc
{shiny}      R  stderr  -----------    99: output$teal-teal_modules-outliers_module-module-table_ui
{shiny}      R  stderr  -----------    14: &lt;Anonymous&gt;
{shiny}      R  stderr  -----------    12: &lt;Anonymous&gt;
{shiny}      R  stderr  -----------    11: &lt;Anonymous&gt;
{shiny}      R  stderr  -----------    10: base::do.call
{shiny}      R  stderr  -----------     9: base::saveRDS
{shiny}      R  stderr  -----------     8: base::withCallingHandlers
{shiny}      R  stderr  -----------     7: doTryCatch
{shiny}      R  stderr  -----------     6: tryCatchOne
{shiny}      R  stderr  -----------     5: tryCatchList
{shiny}      R  stderr  -----------     2: tryCatchList
{shiny}      R  stderr  -----------     1: base::tryCatch
{shiny}      R  stderr  ----------- Warning: Error in &lt;Anonymous&gt;: error in evaluating the argument 'code' in selecting a method for function 'eval_code': object of type 'symbol' is not subsettable
{shiny}      R  stderr  -----------   117: &lt;Anonymous&gt;
{shiny}      R  stderr  -----------   116: stop
{shiny}      R  stderr  -----------   115: common_code_q
{shiny}      R  stderr  -----------   114: renderUI
{shiny}      R  stderr  -----------   113: func
{shiny}      R  stderr  -----------   100: renderFunc
{shiny}      R  stderr  -----------    99: output$teal-teal_modules-outliers_module-module-total_outliers
{shiny}      R  stderr  -----------    14: &lt;Anonymous&gt;
{shiny}      R  stderr  -----------    12: &lt;Anonymous&gt;
{shiny}      R  stderr  -----------    11: &lt;Anonymous&gt;
{shiny}      R  stderr  -----------    10: base::do.call
{shiny}      R  stderr  -----------     9: base::saveRDS
{shiny}      R  stderr  -----------     8: base::withCallingHandlers
{shiny}      R  stderr  -----------     7: doTryCatch
{shiny}      R  stderr  -----------     6: tryCatchOne
{shiny}      R  stderr  -----------     5: tryCatchList
{shiny}      R  stderr  -----------     2: tryCatchList
{shiny}      R  stderr  -----------     1: base::tryCatch


Caused by error in `app_initialize_()`:
! Shiny app did not become stable in 1e+05ms.
Message: An error occurred while waiting for Shiny to be stable
Caused by error in `app_wait_for_idle()`:
! An error occurred while waiting for Shiny to be stable
Backtrace:
     ▆
  1. ├─teal.modules.general (local) app_driver_tm_outlier() at test-shinytest2-tm_outliers.R:159:3
  2. │ └─teal.modules.general:::init_teal_app_driver(...) at test-shinytest2-tm_outliers.R:16:3
  3. │   ├─testthat::with_mocked_bindings(...) at tests/testthat/helper-TealAppDriver.R:7:3
  4. │   └─TealAppDriver$new(...) at tests/testthat/helper-TealAppDriver.R:10:7
  5. │     └─teal (local) initialize(...)
  6. │       ├─base::suppressWarnings(...)
  7. │       │ └─base::withCallingHandlers(...)
  8. │       └─super$initialize(...)
  9. │         └─shinytest2:::app_initialize(...)
 10. │           ├─base::withCallingHandlers(...)
 11. │           └─shinytest2:::app_initialize_(self, private, ..., view = view)
 12. │             ├─base::withCallingHandlers(...)
 13. │             └─self$wait_for_idle(duration = 200, timeout = private$load_timeout)
 14. │               └─shinytest2:::app_wait_for_idle(...)
 15. │                 └─shinytest2:::app_abort(self, private, "An error occurred while waiting for Shiny to be stable")
 16. │                   └─rlang::abort(..., app = self, call = call)
 17. │                     └─rlang:::signal_abort(cnd, .file)
 18. │                       └─base::signalCondition(cnd)
 19. ├─shinytest2 (local) `&lt;fn&gt;`(`&lt;rlng_rrr&gt;`)
 20. │ └─shinytest2:::app_abort(...)
 21. │   └─rlang::abort(..., app = self, call = call)
 22. │     └─rlang:::signal_abort(cnd, .file)
 23. │       └─base::signalCondition(cnd)
 24. └─shinytest2 (local) `&lt;fn&gt;`(`&lt;rlng_rrr&gt;`)
 25.   └─shinytest2:::app_abort(...)
 26.     └─rlang::abort(..., app = self, call = call)</error>
    </testcase>
    <testcase time="102.717" classname="shinytest2_tm_outliers" name="e2e_tm_outliers_Method_parameters_are_set_properly.">
      <error type="error" message="Error in `app_initialize(self, private, app_dir = app_dir, ..., load_timeout = load_timeout,  ('test-shinytest2-tm_outliers.R:175:3')">Error in `app_initialize(self, private, app_dir = app_dir, ..., load_timeout = load_timeout, 
    timeout = timeout, wait = wait, expect_values_screenshot_args = expect_values_screenshot_args, 
    screenshot_args = screenshot_args, check_names = check_names, 
    name = name, variant = variant, view = view, height = height, 
    width = width, seed = seed, clean_logs = clean_logs, shiny_args = shiny_args, 
    render_args = render_args, options = options)`: Shiny app did not become stable in 1e+05ms.
Message: An error occurred while waiting for Shiny to be stable
Caused by error in `app_wait_for_idle()`:
! An error occurred while waiting for Shiny to be stable


ℹ You can inspect the failed AppDriver object via `rlang::last_error()$app`
ℹ AppDriver logs:
{shinytest2} R  info    16:57:32.66 Start AppDriver initialization
{shinytest2} R  info    16:57:32.71 Starting Shiny app
{shinytest2} R  info    16:57:33.74 Creating new ChromoteSession
{shinytest2} R  info    16:57:33.78 Navigating to Shiny app
{shinytest2} R  info    16:57:34.40 Injecting shiny-tracer.js
{chromote}   JS info    16:57:34.41 shinytest2; jQuery not found
{chromote}   JS info    16:57:34.42 shinytest2; Loaded
{shinytest2} R  info    16:57:34.42 Waiting for Shiny to become ready
{chromote}   JS info    16:57:34.47 shinytest2; jQuery found
{chromote}   JS info    16:57:34.47 shinytest2; Waiting for shiny session to connect
{chromote}   JS info    16:57:34.76 shinytest2; Connected
{chromote}   JS info    16:57:34.85 shinytest2; shiny:busy
{shinytest2} R  info    16:57:34.85 Waiting for Shiny to become idle for 200ms within 1e+05ms
{chromote}   JS info    16:57:34.86 shinytest2; Waiting for Shiny to be stable
{chromote}   JS warning 16:57:35.85 Couldn't perform validation update on input with id 'teal-teal_modules-outliers_module-module-categorical_var-dataset_CO2_singleextract-select': input not found
                                    (anonymous) @ shinyvalidate-0.1.3/shinyvalidate.js:3443:18
                                    (anonymous) @ shiny-javascript-1.10.0/shiny.min.js:1:407159
                                    m           @ shiny-javascript-1.10.0/shiny.min.js:1:388827
                                    (anonymous) @ shiny-javascript-1.10.0/shiny.min.js:1:390150
                                    (anonymous) @ shiny-javascript-1.10.0/shiny.min.js:1:389186
                                    nT          @ shiny-javascript-1.10.0/shiny.min.js:1:394797
                                    s           @ shiny-javascript-1.10.0/shiny.min.js:1:394995
                                    (anonymous) @ shiny-javascript-1.10.0/shiny.min.js:1:395056
                                    (anonymous) @ shiny-javascript-1.10.0/shiny.min.js:1:394936
                                    t           @ shiny-javascript-1.10.0/shiny.min.js:1:407274
                                    (anonymous) @ shiny-javascript-1.10.0/shiny.min.js:1:410753
                                    m           @ shiny-javascript-1.10.0/shiny.min.js:1:388827
                                    (anonymous) @ shiny-javascript-1.10.0/shiny.min.js:1:390150
                                    (anonymous) @ shiny-javascript-1.10.0/shiny.min.js:1:389186
                                    nT          @ shiny-javascript-1.10.0/shiny.min.js:1:394797
                                    s           @ shiny-javascript-1.10.0/shiny.min.js:1:394995
                                    (anonymous) @ shiny-javascript-1.10.0/shiny.min.js:1:395056
                                    (anonymous) @ shiny-javascript-1.10.0/shiny.min.js:1:394936
                                    (anonymous) @ shiny-javascript-1.10.0/shiny.min.js:1:410855
                                    (anonymous) @ shiny-javascript-1.10.0/shiny.min.js:1:407159
                                    m           @ shiny-javascript-1.10.0/shiny.min.js:1:388827
                                    (anonymous) @ shiny-javascript-1.10.0/shiny.min.js:1:390150
                                    (anonymous) @ shiny-javascript-1.10.0/shiny.min.js:1:389186
                                    nT          @ shiny-javascript-1.10.0/shiny.min.js:1:394797
                                    s           @ shiny-javascript-1.10.0/shiny.min.js:1:394995
                                    (anonymous) @ shiny-javascript-1.10.0/shiny.min.js:1:395056
                                    (anonymous) @ shiny-javascript-1.10.0/shiny.min.js:1:394936
                                    t           @ shiny-javascript-1.10.0/shiny.min.js:1:407274
                                    (anonymous) @ shiny-javascript-1.10.0/shiny.min.js:1:406722
                                    m           @ shiny-javascript-1.10.0/shiny.min.js:1:388827
                                    (anonymous) @ shiny-javascript-1.10.0/shiny.min.js:1:390150
                                    (anonymous) @ shiny-javascript-1.10.0/shiny.min.js:1:389186
                                    nT          @ shiny-javascript-1.10.0/shiny.min.js:1:394797
                                    s           @ shiny-javascript-1.10.0/shiny.min.js:1:394995
                                    (anonymous) @ shiny-javascript-1.10.0/shiny.min.js:1:395056
                                    (anonymous) @ shiny-javascript-1.10.0/shiny.min.js:1:394936
                                    t           @ shiny-javascript-1.10.0/shiny.min.js:1:406868
                                    (anonymous) @ shiny-javascript-1.10.0/shiny.min.js:1:400961
                                    m           @ shiny-javascript-1.10.0/shiny.min.js:1:388827
                                    (anonymous) @ shiny-javascript-1.10.0/shiny.min.js:1:390150
                                    (anonymous) @ shiny-javascript-1.10.0/shiny.min.js:1:389186
                                    nT          @ shiny-javascript-1.10.0/shiny.min.js:1:394797
                                    s           @ shiny-javascript-1.10.0/shiny.min.js:1:394995
                                    (anonymous) @ shiny-javascript-1.10.0/shiny.min.js:1:395056
                                    (anonymous) @ shiny-javascript-1.10.0/shiny.min.js:1:394936
                                    (anonymous) @ shiny-javascript-1.10.0/shiny.min.js:1:401480
                                    m           @ shiny-javascript-1.10.0/shiny.min.js:1:388827
                                    (anonymous) @ shiny-javascript-1.10.0/shiny.min.js:1:390150
                                    (anonymous) @ shiny-javascript-1.10.0/shiny.min.js:1:389186
                                    nT          @ shiny-javascript-1.10.0/shiny.min.js:1:394797
                                    s           @ shiny-javascript-1.10.0/shiny.min.js:1:394995
{shinytest2} R  info    16:59:14.87 Error while initializing AppDriver:
                                    Shiny app did not become stable in 1e+05ms.
                                    Message: An error occurred while waiting for Shiny to be stable
                                    Caused by error in `app_wait_for_idle()`:
                                    ! An error occurred while waiting for Shiny to be stable
{shiny}      R  stderr  ----------- Loading required package: shiny
{shiny}      R  stderr  ----------- Attempting to load the environment ‘package:sparkline’
{shiny}      R  stderr  ----------- Loading required package: ggmosaic
{shiny}      R  stderr  ----------- Loading required package: ggplot2
{shiny}      R  stderr  ----------- Loading required package: teal
{shiny}      R  stderr  ----------- Loading required package: teal.data
{shiny}      R  stderr  ----------- Loading required package: teal.code
{shiny}      R  stderr  ----------- Loading required package: teal.slice
{shiny}      R  stderr  ----------- 
{shiny}      R  stderr  ----------- You are using teal version 0.16.0
{shiny}      R  stderr  ----------- 
{shiny}      R  stderr  ----------- Attaching package: ‘teal’
{shiny}      R  stderr  ----------- 
{shiny}      R  stderr  ----------- The following objects are masked from ‘package:teal.slice’:
{shiny}      R  stderr  ----------- 
{shiny}      R  stderr  -----------     as.teal_slices, teal_slices
{shiny}      R  stderr  ----------- 
{shiny}      R  stderr  ----------- Loading required package: teal.transform
{shiny}      R  stderr  ----------- Running application in test mode.
{shiny}      R  stderr  ----------- 
{shiny}      R  stderr  ----------- Listening on http://127.0.0.1:4274
{shiny}      R  stderr  ----------- Initializing reporter_previewer_module
{shiny}      R  stderr  ----------- Initializing reporter_previewer_module
{shiny}      R  stderr  ----------- Warning: Error in &lt;Anonymous&gt;: error in evaluating the argument 'code' in selecting a method for function 'eval_code': object of type 'symbol' is not subsettable
{shiny}      R  stderr  -----------   251: &lt;Anonymous&gt;
{shiny}      R  stderr  -----------   250: identical
{shiny}      R  stderr  -----------   249: FUN
{shiny}      R  stderr  -----------   248: lapply
{shiny}      R  stderr  -----------   247: FUN
{shiny}      R  stderr  -----------   246: lapply
{shiny}      R  stderr  -----------   245: remove_pipe_null
{shiny}      R  stderr  -----------   244: %&gt;%
{shiny}      R  stderr  -----------   242: &lt;reactive&gt;
{shiny}      R  stderr  -----------   222: common_code_q
{shiny}      R  stderr  -----------   215: &lt;reactive&gt;
{shiny}      R  stderr  -----------   195: data
{shiny}      R  stderr  -----------   189: &lt;reactive&gt;
{shiny}      R  stderr  -----------   169: decorated_q[[req(current_tab_r())]]
{shiny}      R  stderr  -----------   168: &lt;reactive&gt;
{shiny}      R  stderr  -----------   148: data
{shiny}      R  stderr  -----------   142: &lt;reactive&gt;
{shiny}      R  stderr  -----------   122: decorated_final_q
{shiny}      R  stderr  -----------   121: exprFunc
{shiny}      R  stderr  -----------   120: widgetFunc
{shiny}      R  stderr  -----------   119: ::
{shiny}      R  stderr  ----------- htmlwidgets
{shiny}      R  stderr  ----------- shinyRenderWidget
{shiny}      R  stderr  -----------   118: func
{shiny}      R  stderr  -----------   105: renderFunc
{shiny}      R  stderr  -----------   104: renderFunc
{shiny}      R  stderr  -----------   100: renderFunc
{shiny}      R  stderr  -----------    99: output$teal-teal_modules-outliers_module-module-summary_table
{shiny}      R  stderr  -----------    14: &lt;Anonymous&gt;
{shiny}      R  stderr  -----------    12: &lt;Anonymous&gt;
{shiny}      R  stderr  -----------    11: &lt;Anonymous&gt;
{shiny}      R  stderr  -----------    10: base::do.call
{shiny}      R  stderr  -----------     9: base::saveRDS
{shiny}      R  stderr  -----------     8: base::withCallingHandlers
{shiny}      R  stderr  -----------     7: doTryCatch
{shiny}      R  stderr  -----------     6: tryCatchOne
{shiny}      R  stderr  -----------     5: tryCatchList
{shiny}      R  stderr  -----------     2: tryCatchList
{shiny}      R  stderr  -----------     1: base::tryCatch
{shiny}      R  stderr  ----------- Warning: Error in &lt;Anonymous&gt;: error in evaluating the argument 'code' in selecting a method for function 'eval_code': object of type 'symbol' is not subsettable
{shiny}      R  stderr  -----------   251: &lt;Anonymous&gt;
{shiny}      R  stderr  -----------   250: identical
{shiny}      R  stderr  -----------   249: FUN
{shiny}      R  stderr  -----------   248: lapply
{shiny}      R  stderr  -----------   247: FUN
{shiny}      R  stderr  -----------   246: lapply
{shiny}      R  stderr  -----------   245: remove_pipe_null
{shiny}      R  stderr  -----------   244: %&gt;%
{shiny}      R  stderr  -----------   242: &lt;reactive&gt;
{shiny}      R  stderr  -----------   222: common_code_q
{shiny}      R  stderr  -----------   215: &lt;reactive&gt;
{shiny}      R  stderr  -----------   195: data
{shiny}      R  stderr  -----------   189: &lt;reactive&gt;
{shiny}      R  stderr  -----------   169: decorated_q[[req(current_tab_r())]]
{shiny}      R  stderr  -----------   168: &lt;reactive&gt;
{shiny}      R  stderr  -----------   148: data
{shiny}      R  stderr  -----------   142: &lt;reactive&gt;
{shiny}      R  stderr  -----------   122: decorated_final_q
{shiny}      R  stderr  -----------   121: exprFunc
{shiny}      R  stderr  -----------   120: widgetFunc
{shiny}      R  stderr  -----------   119: ::
{shiny}      R  stderr  ----------- htmlwidgets
{shiny}      R  stderr  ----------- shinyRenderWidget
{shiny}      R  stderr  -----------   118: func
{shiny}      R  stderr  -----------   105: renderFunc
{shiny}      R  stderr  -----------   104: renderFunc
{shiny}      R  stderr  -----------   100: renderFunc
{shiny}      R  stderr  -----------    99: output$teal-teal_modules-outliers_module-module-summary_table
{shiny}      R  stderr  -----------    14: &lt;Anonymous&gt;
{shiny}      R  stderr  -----------    12: &lt;Anonymous&gt;
{shiny}      R  stderr  -----------    11: &lt;Anonymous&gt;
{shiny}      R  stderr  -----------    10: base::do.call
{shiny}      R  stderr  -----------     9: base::saveRDS
{shiny}      R  stderr  -----------     8: base::withCallingHandlers
{shiny}      R  stderr  -----------     7: doTryCatch
{shiny}      R  stderr  -----------     6: tryCatchOne
{shiny}      R  stderr  -----------     5: tryCatchList
{shiny}      R  stderr  -----------     2: tryCatchList
{shiny}      R  stderr  -----------     1: base::tryCatch
{shiny}      R  stderr  ----------- Warning: Error in &lt;Anonymous&gt;: error in evaluating the argument 'code' in selecting a method for function 'eval_code': object of type 'symbol' is not subsettable
{shiny}      R  stderr  -----------   14: &lt;Anonymous&gt;
{shiny}      R  stderr  -----------   12: &lt;Anonymous&gt;
{shiny}      R  stderr  -----------   11: &lt;Anonymous&gt;
{shiny}      R  stderr  -----------   10: base::do.call
{shiny}      R  stderr  -----------    9: base::saveRDS
{shiny}      R  stderr  -----------    8: base::withCallingHandlers
{shiny}      R  stderr  -----------    7: doTryCatch
{shiny}      R  stderr  -----------    6: tryCatchOne
{shiny}      R  stderr  -----------    5: tryCatchList
{shiny}      R  stderr  -----------    2: tryCatchList
{shiny}      R  stderr  -----------    1: base::tryCatch
{shiny}      R  stderr  ----------- Warning: Error in &lt;Anonymous&gt;: error in evaluating the argument 'code' in selecting a method for function 'eval_code': object of type 'symbol' is not subsettable
{shiny}      R  stderr  -----------   124: &lt;Anonymous&gt;
{shiny}      R  stderr  -----------   123: stop
{shiny}      R  stderr  -----------   122: common_code_q
{shiny}      R  stderr  -----------   121: exprFunc
{shiny}      R  stderr  -----------   120: widgetFunc
{shiny}      R  stderr  -----------   119: ::
{shiny}      R  stderr  ----------- htmlwidgets
{shiny}      R  stderr  ----------- shinyRenderWidget
{shiny}      R  stderr  -----------   118: func
{shiny}      R  stderr  -----------   105: renderFunc
{shiny}      R  stderr  -----------   104: renderFunc
{shiny}      R  stderr  -----------   100: renderFunc
{shiny}      R  stderr  -----------    99: output$teal-teal_modules-outliers_module-module-table_ui
{shiny}      R  stderr  -----------    14: &lt;Anonymous&gt;
{shiny}      R  stderr  -----------    12: &lt;Anonymous&gt;
{shiny}      R  stderr  -----------    11: &lt;Anonymous&gt;
{shiny}      R  stderr  -----------    10: base::do.call
{shiny}      R  stderr  -----------     9: base::saveRDS
{shiny}      R  stderr  -----------     8: base::withCallingHandlers
{shiny}      R  stderr  -----------     7: doTryCatch
{shiny}      R  stderr  -----------     6: tryCatchOne
{shiny}      R  stderr  -----------     5: tryCatchList
{shiny}      R  stderr  -----------     2: tryCatchList
{shiny}      R  stderr  -----------     1: base::tryCatch
{shiny}      R  stderr  ----------- Warning: Error in &lt;Anonymous&gt;: error in evaluating the argument 'code' in selecting a method for function 'eval_code': object of type 'symbol' is not subsettable
{shiny}      R  stderr  -----------   117: &lt;Anonymous&gt;
{shiny}      R  stderr  -----------   116: stop
{shiny}      R  stderr  -----------   115: common_code_q
{shiny}      R  stderr  -----------   114: renderUI
{shiny}      R  stderr  -----------   113: func
{shiny}      R  stderr  -----------   100: renderFunc
{shiny}      R  stderr  -----------    99: output$teal-teal_modules-outliers_module-module-total_outliers
{shiny}      R  stderr  -----------    14: &lt;Anonymous&gt;
{shiny}      R  stderr  -----------    12: &lt;Anonymous&gt;
{shiny}      R  stderr  -----------    11: &lt;Anonymous&gt;
{shiny}      R  stderr  -----------    10: base::do.call
{shiny}      R  stderr  -----------     9: base::saveRDS
{shiny}      R  stderr  -----------     8: base::withCallingHandlers
{shiny}      R  stderr  -----------     7: doTryCatch
{shiny}      R  stderr  -----------     6: tryCatchOne
{shiny}      R  stderr  -----------     5: tryCatchList
{shiny}      R  stderr  -----------     2: tryCatchList
{shiny}      R  stderr  -----------     1: base::tryCatch


Caused by error in `app_initialize_()`:
! Shiny app did not become stable in 1e+05ms.
Message: An error occurred while waiting for Shiny to be stable
Caused by error in `app_wait_for_idle()`:
! An error occurred while waiting for Shiny to be stable
Backtrace:
     ▆
  1. ├─teal.modules.general (local) app_driver_tm_outlier() at test-shinytest2-tm_outliers.R:175:3
  2. │ └─teal.modules.general:::init_teal_app_driver(...) at test-shinytest2-tm_outliers.R:16:3
  3. │   ├─testthat::with_mocked_bindings(...) at tests/testthat/helper-TealAppDriver.R:7:3
  4. │   └─TealAppDriver$new(...) at tests/testthat/helper-TealAppDriver.R:10:7
  5. │     └─teal (local) initialize(...)
  6. │       ├─base::suppressWarnings(...)
  7. │       │ └─base::withCallingHandlers(...)
  8. │       └─super$initialize(...)
  9. │         └─shinytest2:::app_initialize(...)
 10. │           ├─base::withCallingHandlers(...)
 11. │           └─shinytest2:::app_initialize_(self, private, ..., view = view)
 12. │             ├─base::withCallingHandlers(...)
 13. │             └─self$wait_for_idle(duration = 200, timeout = private$load_timeout)
 14. │               └─shinytest2:::app_wait_for_idle(...)
 15. │                 └─shinytest2:::app_abort(self, private, "An error occurred while waiting for Shiny to be stable")
 16. │                   └─rlang::abort(..., app = self, call = call)
 17. │                     └─rlang:::signal_abort(cnd, .file)
 18. │                       └─base::signalCondition(cnd)
 19. ├─shinytest2 (local) `&lt;fn&gt;`(`&lt;rlng_rrr&gt;`)
 20. │ └─shinytest2:::app_abort(...)
 21. │   └─rlang::abort(..., app = self, call = call)
 22. │     └─rlang:::signal_abort(cnd, .file)
 23. │       └─base::signalCondition(cnd)
 24. └─shinytest2 (local) `&lt;fn&gt;`(`&lt;rlng_rrr&gt;`)
 25.   └─shinytest2:::app_abort(...)
 26.     └─rlang::abort(..., app = self, call = call)</error>
    </testcase>
    <testcase time="102.789" classname="shinytest2_tm_outliers" name="e2e_tm_outliers_Outlier_definition_text_and_range_are_displayed_properly_depending_on_method.">
      <error type="error" message="Error in `app_initialize(self, private, app_dir = app_dir, ..., load_timeout = load_timeout,  ('test-shinytest2-tm_outliers.R:190:3')">Error in `app_initialize(self, private, app_dir = app_dir, ..., load_timeout = load_timeout, 
    timeout = timeout, wait = wait, expect_values_screenshot_args = expect_values_screenshot_args, 
    screenshot_args = screenshot_args, check_names = check_names, 
    name = name, variant = variant, view = view, height = height, 
    width = width, seed = seed, clean_logs = clean_logs, shiny_args = shiny_args, 
    render_args = render_args, options = options)`: Shiny app did not become stable in 1e+05ms.
Message: An error occurred while waiting for Shiny to be stable
Caused by error in `app_wait_for_idle()`:
! An error occurred while waiting for Shiny to be stable


ℹ You can inspect the failed AppDriver object via `rlang::last_error()$app`
ℹ AppDriver logs:
{shinytest2} R  info    16:59:15.39 Start AppDriver initialization
{shinytest2} R  info    16:59:15.44 Starting Shiny app
{shinytest2} R  info    16:59:16.47 Creating new ChromoteSession
{shinytest2} R  info    16:59:16.51 Navigating to Shiny app
{shinytest2} R  info    16:59:17.19 Injecting shiny-tracer.js
{chromote}   JS info    16:59:17.21 shinytest2; jQuery not found
{chromote}   JS info    16:59:17.21 shinytest2; Loaded
{shinytest2} R  info    16:59:17.21 Waiting for Shiny to become ready
{chromote}   JS info    16:59:17.26 shinytest2; jQuery found
{chromote}   JS info    16:59:17.26 shinytest2; Waiting for shiny session to connect
{chromote}   JS info    16:59:17.56 shinytest2; Connected
{chromote}   JS info    16:59:17.62 shinytest2; shiny:busy
{shinytest2} R  info    16:59:17.64 Waiting for Shiny to become idle for 200ms within 1e+05ms
{chromote}   JS info    16:59:17.65 shinytest2; Waiting for Shiny to be stable
{chromote}   JS warning 16:59:18.69 Couldn't perform validation update on input with id 'teal-teal_modules-outliers_module-module-categorical_var-dataset_CO2_singleextract-select': input not found
                                    (anonymous) @ shinyvalidate-0.1.3/shinyvalidate.js:3443:18
                                    (anonymous) @ shiny-javascript-1.10.0/shiny.min.js:1:407159
                                    m           @ shiny-javascript-1.10.0/shiny.min.js:1:388827
                                    (anonymous) @ shiny-javascript-1.10.0/shiny.min.js:1:390150
                                    (anonymous) @ shiny-javascript-1.10.0/shiny.min.js:1:389186
                                    nT          @ shiny-javascript-1.10.0/shiny.min.js:1:394797
                                    s           @ shiny-javascript-1.10.0/shiny.min.js:1:394995
                                    (anonymous) @ shiny-javascript-1.10.0/shiny.min.js:1:395056
                                    (anonymous) @ shiny-javascript-1.10.0/shiny.min.js:1:394936
                                    t           @ shiny-javascript-1.10.0/shiny.min.js:1:407274
                                    (anonymous) @ shiny-javascript-1.10.0/shiny.min.js:1:410753
                                    m           @ shiny-javascript-1.10.0/shiny.min.js:1:388827
                                    (anonymous) @ shiny-javascript-1.10.0/shiny.min.js:1:390150
                                    (anonymous) @ shiny-javascript-1.10.0/shiny.min.js:1:389186
                                    nT          @ shiny-javascript-1.10.0/shiny.min.js:1:394797
                                    s           @ shiny-javascript-1.10.0/shiny.min.js:1:394995
                                    (anonymous) @ shiny-javascript-1.10.0/shiny.min.js:1:395056
                                    (anonymous) @ shiny-javascript-1.10.0/shiny.min.js:1:394936
                                    (anonymous) @ shiny-javascript-1.10.0/shiny.min.js:1:410855
                                    (anonymous) @ shiny-javascript-1.10.0/shiny.min.js:1:407159
                                    m           @ shiny-javascript-1.10.0/shiny.min.js:1:388827
                                    (anonymous) @ shiny-javascript-1.10.0/shiny.min.js:1:390150
                                    (anonymous) @ shiny-javascript-1.10.0/shiny.min.js:1:389186
                                    nT          @ shiny-javascript-1.10.0/shiny.min.js:1:394797
                                    s           @ shiny-javascript-1.10.0/shiny.min.js:1:394995
                                    (anonymous) @ shiny-javascript-1.10.0/shiny.min.js:1:395056
                                    (anonymous) @ shiny-javascript-1.10.0/shiny.min.js:1:394936
                                    t           @ shiny-javascript-1.10.0/shiny.min.js:1:407274
                                    (anonymous) @ shiny-javascript-1.10.0/shiny.min.js:1:406722
                                    m           @ shiny-javascript-1.10.0/shiny.min.js:1:388827
                                    (anonymous) @ shiny-javascript-1.10.0/shiny.min.js:1:390150
                                    (anonymous) @ shiny-javascript-1.10.0/shiny.min.js:1:389186
                                    nT          @ shiny-javascript-1.10.0/shiny.min.js:1:394797
                                    s           @ shiny-javascript-1.10.0/shiny.min.js:1:394995
                                    (anonymous) @ shiny-javascript-1.10.0/shiny.min.js:1:395056
                                    (anonymous) @ shiny-javascript-1.10.0/shiny.min.js:1:394936
                                    t           @ shiny-javascript-1.10.0/shiny.min.js:1:406868
                                    (anonymous) @ shiny-javascript-1.10.0/shiny.min.js:1:400961
                                    m           @ shiny-javascript-1.10.0/shiny.min.js:1:388827
                                    (anonymous) @ shiny-javascript-1.10.0/shiny.min.js:1:390150
                                    (anonymous) @ shiny-javascript-1.10.0/shiny.min.js:1:389186
                                    nT          @ shiny-javascript-1.10.0/shiny.min.js:1:394797
                                    s           @ shiny-javascript-1.10.0/shiny.min.js:1:394995
                                    (anonymous) @ shiny-javascript-1.10.0/shiny.min.js:1:395056
                                    (anonymous) @ shiny-javascript-1.10.0/shiny.min.js:1:394936
                                    (anonymous) @ shiny-javascript-1.10.0/shiny.min.js:1:401480
                                    m           @ shiny-javascript-1.10.0/shiny.min.js:1:388827
                                    (anonymous) @ shiny-javascript-1.10.0/shiny.min.js:1:390150
                                    (anonymous) @ shiny-javascript-1.10.0/shiny.min.js:1:389186
                                    nT          @ shiny-javascript-1.10.0/shiny.min.js:1:394797
                                    s           @ shiny-javascript-1.10.0/shiny.min.js:1:394995
{shinytest2} R  info    17:00:57.66 Error while initializing AppDriver:
                                    Shiny app did not become stable in 1e+05ms.
                                    Message: An error occurred while waiting for Shiny to be stable
                                    Caused by error in `app_wait_for_idle()`:
                                    ! An error occurred while waiting for Shiny to be stable
{shiny}      R  stderr  ----------- Loading required package: shiny
{shiny}      R  stderr  ----------- Attempting to load the environment ‘package:sparkline’
{shiny}      R  stderr  ----------- Loading required package: ggmosaic
{shiny}      R  stderr  ----------- Loading required package: ggplot2
{shiny}      R  stderr  ----------- Loading required package: teal
{shiny}      R  stderr  ----------- Loading required package: teal.data
{shiny}      R  stderr  ----------- Loading required package: teal.code
{shiny}      R  stderr  ----------- Loading required package: teal.slice
{shiny}      R  stderr  ----------- 
{shiny}      R  stderr  ----------- You are using teal version 0.16.0
{shiny}      R  stderr  ----------- 
{shiny}      R  stderr  ----------- Attaching package: ‘teal’
{shiny}      R  stderr  ----------- 
{shiny}      R  stderr  ----------- The following objects are masked from ‘package:teal.slice’:
{shiny}      R  stderr  ----------- 
{shiny}      R  stderr  -----------     as.teal_slices, teal_slices
{shiny}      R  stderr  ----------- 
{shiny}      R  stderr  ----------- Loading required package: teal.transform
{shiny}      R  stderr  ----------- Running application in test mode.
{shiny}      R  stderr  ----------- 
{shiny}      R  stderr  ----------- Listening on http://127.0.0.1:5357
{shiny}      R  stderr  ----------- Initializing reporter_previewer_module
{shiny}      R  stderr  ----------- Initializing reporter_previewer_module
{shiny}      R  stderr  ----------- Warning: Error in &lt;Anonymous&gt;: error in evaluating the argument 'code' in selecting a method for function 'eval_code': object of type 'symbol' is not subsettable
{shiny}      R  stderr  -----------   251: &lt;Anonymous&gt;
{shiny}      R  stderr  -----------   250: identical
{shiny}      R  stderr  -----------   249: FUN
{shiny}      R  stderr  -----------   248: lapply
{shiny}      R  stderr  -----------   247: FUN
{shiny}      R  stderr  -----------   246: lapply
{shiny}      R  stderr  -----------   245: remove_pipe_null
{shiny}      R  stderr  -----------   244: %&gt;%
{shiny}      R  stderr  -----------   242: &lt;reactive&gt;
{shiny}      R  stderr  -----------   222: common_code_q
{shiny}      R  stderr  -----------   215: &lt;reactive&gt;
{shiny}      R  stderr  -----------   195: data
{shiny}      R  stderr  -----------   189: &lt;reactive&gt;
{shiny}      R  stderr  -----------   169: decorated_q[[req(current_tab_r())]]
{shiny}      R  stderr  -----------   168: &lt;reactive&gt;
{shiny}      R  stderr  -----------   148: data
{shiny}      R  stderr  -----------   142: &lt;reactive&gt;
{shiny}      R  stderr  -----------   122: decorated_final_q
{shiny}      R  stderr  -----------   121: exprFunc
{shiny}      R  stderr  -----------   120: widgetFunc
{shiny}      R  stderr  -----------   119: ::
{shiny}      R  stderr  ----------- htmlwidgets
{shiny}      R  stderr  ----------- shinyRenderWidget
{shiny}      R  stderr  -----------   118: func
{shiny}      R  stderr  -----------   105: renderFunc
{shiny}      R  stderr  -----------   104: renderFunc
{shiny}      R  stderr  -----------   100: renderFunc
{shiny}      R  stderr  -----------    99: output$teal-teal_modules-outliers_module-module-summary_table
{shiny}      R  stderr  -----------    14: &lt;Anonymous&gt;
{shiny}      R  stderr  -----------    12: &lt;Anonymous&gt;
{shiny}      R  stderr  -----------    11: &lt;Anonymous&gt;
{shiny}      R  stderr  -----------    10: base::do.call
{shiny}      R  stderr  -----------     9: base::saveRDS
{shiny}      R  stderr  -----------     8: base::withCallingHandlers
{shiny}      R  stderr  -----------     7: doTryCatch
{shiny}      R  stderr  -----------     6: tryCatchOne
{shiny}      R  stderr  -----------     5: tryCatchList
{shiny}      R  stderr  -----------     2: tryCatchList
{shiny}      R  stderr  -----------     1: base::tryCatch
{shiny}      R  stderr  ----------- Warning: Error in &lt;Anonymous&gt;: error in evaluating the argument 'code' in selecting a method for function 'eval_code': object of type 'symbol' is not subsettable
{shiny}      R  stderr  -----------   251: &lt;Anonymous&gt;
{shiny}      R  stderr  -----------   250: identical
{shiny}      R  stderr  -----------   249: FUN
{shiny}      R  stderr  -----------   248: lapply
{shiny}      R  stderr  -----------   247: FUN
{shiny}      R  stderr  -----------   246: lapply
{shiny}      R  stderr  -----------   245: remove_pipe_null
{shiny}      R  stderr  -----------   244: %&gt;%
{shiny}      R  stderr  -----------   242: &lt;reactive&gt;
{shiny}      R  stderr  -----------   222: common_code_q
{shiny}      R  stderr  -----------   215: &lt;reactive&gt;
{shiny}      R  stderr  -----------   195: data
{shiny}      R  stderr  -----------   189: &lt;reactive&gt;
{shiny}      R  stderr  -----------   169: decorated_q[[req(current_tab_r())]]
{shiny}      R  stderr  -----------   168: &lt;reactive&gt;
{shiny}      R  stderr  -----------   148: data
{shiny}      R  stderr  -----------   142: &lt;reactive&gt;
{shiny}      R  stderr  -----------   122: decorated_final_q
{shiny}      R  stderr  -----------   121: exprFunc
{shiny}      R  stderr  -----------   120: widgetFunc
{shiny}      R  stderr  -----------   119: ::
{shiny}      R  stderr  ----------- htmlwidgets
{shiny}      R  stderr  ----------- shinyRenderWidget
{shiny}      R  stderr  -----------   118: func
{shiny}      R  stderr  -----------   105: renderFunc
{shiny}      R  stderr  -----------   104: renderFunc
{shiny}      R  stderr  -----------   100: renderFunc
{shiny}      R  stderr  -----------    99: output$teal-teal_modules-outliers_module-module-summary_table
{shiny}      R  stderr  -----------    14: &lt;Anonymous&gt;
{shiny}      R  stderr  -----------    12: &lt;Anonymous&gt;
{shiny}      R  stderr  -----------    11: &lt;Anonymous&gt;
{shiny}      R  stderr  -----------    10: base::do.call
{shiny}      R  stderr  -----------     9: base::saveRDS
{shiny}      R  stderr  -----------     8: base::withCallingHandlers
{shiny}      R  stderr  -----------     7: doTryCatch
{shiny}      R  stderr  -----------     6: tryCatchOne
{shiny}      R  stderr  -----------     5: tryCatchList
{shiny}      R  stderr  -----------     2: tryCatchList
{shiny}      R  stderr  -----------     1: base::tryCatch
{shiny}      R  stderr  ----------- Warning: Error in &lt;Anonymous&gt;: error in evaluating the argument 'code' in selecting a method for function 'eval_code': object of type 'symbol' is not subsettable
{shiny}      R  stderr  -----------   14: &lt;Anonymous&gt;
{shiny}      R  stderr  -----------   12: &lt;Anonymous&gt;
{shiny}      R  stderr  -----------   11: &lt;Anonymous&gt;
{shiny}      R  stderr  -----------   10: base::do.call
{shiny}      R  stderr  -----------    9: base::saveRDS
{shiny}      R  stderr  -----------    8: base::withCallingHandlers
{shiny}      R  stderr  -----------    7: doTryCatch
{shiny}      R  stderr  -----------    6: tryCatchOne
{shiny}      R  stderr  -----------    5: tryCatchList
{shiny}      R  stderr  -----------    2: tryCatchList
{shiny}      R  stderr  -----------    1: base::tryCatch
{shiny}      R  stderr  ----------- Warning: Error in &lt;Anonymous&gt;: error in evaluating the argument 'code' in selecting a method for function 'eval_code': object of type 'symbol' is not subsettable
{shiny}      R  stderr  -----------   124: &lt;Anonymous&gt;
{shiny}      R  stderr  -----------   123: stop
{shiny}      R  stderr  -----------   122: common_code_q
{shiny}      R  stderr  -----------   121: exprFunc
{shiny}      R  stderr  -----------   120: widgetFunc
{shiny}      R  stderr  -----------   119: ::
{shiny}      R  stderr  ----------- htmlwidgets
{shiny}      R  stderr  ----------- shinyRenderWidget
{shiny}      R  stderr  -----------   118: func
{shiny}      R  stderr  -----------   105: renderFunc
{shiny}      R  stderr  -----------   104: renderFunc
{shiny}      R  stderr  -----------   100: renderFunc
{shiny}      R  stderr  -----------    99: output$teal-teal_modules-outliers_module-module-table_ui
{shiny}      R  stderr  -----------    14: &lt;Anonymous&gt;
{shiny}      R  stderr  -----------    12: &lt;Anonymous&gt;
{shiny}      R  stderr  -----------    11: &lt;Anonymous&gt;
{shiny}      R  stderr  -----------    10: base::do.call
{shiny}      R  stderr  -----------     9: base::saveRDS
{shiny}      R  stderr  -----------     8: base::withCallingHandlers
{shiny}      R  stderr  -----------     7: doTryCatch
{shiny}      R  stderr  -----------     6: tryCatchOne
{shiny}      R  stderr  -----------     5: tryCatchList
{shiny}      R  stderr  -----------     2: tryCatchList
{shiny}      R  stderr  -----------     1: base::tryCatch
{shiny}      R  stderr  ----------- Warning: Error in &lt;Anonymous&gt;: error in evaluating the argument 'code' in selecting a method for function 'eval_code': object of type 'symbol' is not subsettable
{shiny}      R  stderr  -----------   117: &lt;Anonymous&gt;
{shiny}      R  stderr  -----------   116: stop
{shiny}      R  stderr  -----------   115: common_code_q
{shiny}      R  stderr  -----------   114: renderUI
{shiny}      R  stderr  -----------   113: func
{shiny}      R  stderr  -----------   100: renderFunc
{shiny}      R  stderr  -----------    99: output$teal-teal_modules-outliers_module-module-total_outliers
{shiny}      R  stderr  -----------    14: &lt;Anonymous&gt;
{shiny}      R  stderr  -----------    12: &lt;Anonymous&gt;
{shiny}      R  stderr  -----------    11: &lt;Anonymous&gt;
{shiny}      R  stderr  -----------    10: base::do.call
{shiny}      R  stderr  -----------     9: base::saveRDS
{shiny}      R  stderr  -----------     8: base::withCallingHandlers
{shiny}      R  stderr  -----------     7: doTryCatch
{shiny}      R  stderr  -----------     6: tryCatchOne
{shiny}      R  stderr  -----------     5: tryCatchList
{shiny}      R  stderr  -----------     2: tryCatchList
{shiny}      R  stderr  -----------     1: base::tryCatch


Caused by error in `app_initialize_()`:
! Shiny app did not become stable in 1e+05ms.
Message: An error occurred while waiting for Shiny to be stable
Caused by error in `app_wait_for_idle()`:
! An error occurred while waiting for Shiny to be stable
Backtrace:
     ▆
  1. ├─teal.modules.general (local) app_driver_tm_outlier() at test-shinytest2-tm_outliers.R:190:3
  2. │ └─teal.modules.general:::init_teal_app_driver(...) at test-shinytest2-tm_outliers.R:16:3
  3. │   ├─testthat::with_mocked_bindings(...) at tests/testthat/helper-TealAppDriver.R:7:3
  4. │   └─TealAppDriver$new(...) at tests/testthat/helper-TealAppDriver.R:10:7
  5. │     └─teal (local) initialize(...)
  6. │       ├─base::suppressWarnings(...)
  7. │       │ └─base::withCallingHandlers(...)
  8. │       └─super$initialize(...)
  9. │         └─shinytest2:::app_initialize(...)
 10. │           ├─base::withCallingHandlers(...)
 11. │           └─shinytest2:::app_initialize_(self, private, ..., view = view)
 12. │             ├─base::withCallingHandlers(...)
 13. │             └─self$wait_for_idle(duration = 200, timeout = private$load_timeout)
 14. │               └─shinytest2:::app_wait_for_idle(...)
 15. │                 └─shinytest2:::app_abort(self, private, "An error occurred while waiting for Shiny to be stable")
 16. │                   └─rlang::abort(..., app = self, call = call)
 17. │                     └─rlang:::signal_abort(cnd, .file)
 18. │                       └─base::signalCondition(cnd)
 19. ├─shinytest2 (local) `&lt;fn&gt;`(`&lt;rlng_rrr&gt;`)
 20. │ └─shinytest2:::app_abort(...)
 21. │   └─rlang::abort(..., app = self, call = call)
 22. │     └─rlang:::signal_abort(cnd, .file)
 23. │       └─base::signalCondition(cnd)
 24. └─shinytest2 (local) `&lt;fn&gt;`(`&lt;rlng_rrr&gt;`)
 25.   └─shinytest2:::app_abort(...)
 26.     └─rlang::abort(..., app = self, call = call)</error>
    </testcase>
    <testcase time="102.744" classname="shinytest2_tm_outliers" name="e2e_tm_outliers_Outliers_summary_table_is_displayed_with_proper_content.">
      <error type="error" message="Error in `app_initialize(self, private, app_dir = app_dir, ..., load_timeout = load_timeout,  ('test-shinytest2-tm_outliers.R:241:3')">Error in `app_initialize(self, private, app_dir = app_dir, ..., load_timeout = load_timeout, 
    timeout = timeout, wait = wait, expect_values_screenshot_args = expect_values_screenshot_args, 
    screenshot_args = screenshot_args, check_names = check_names, 
    name = name, variant = variant, view = view, height = height, 
    width = width, seed = seed, clean_logs = clean_logs, shiny_args = shiny_args, 
    render_args = render_args, options = options)`: Shiny app did not become stable in 1e+05ms.
Message: An error occurred while waiting for Shiny to be stable
Caused by error in `app_wait_for_idle()`:
! An error occurred while waiting for Shiny to be stable


ℹ You can inspect the failed AppDriver object via `rlang::last_error()$app`
ℹ AppDriver logs:
{shinytest2} R  info    17:00:58.15 Start AppDriver initialization
{shinytest2} R  info    17:00:58.20 Starting Shiny app
{shinytest2} R  info    17:00:59.23 Creating new ChromoteSession
{shinytest2} R  info    17:00:59.28 Navigating to Shiny app
{shinytest2} R  info    17:00:59.91 Injecting shiny-tracer.js
{chromote}   JS info    17:00:59.93 shinytest2; jQuery not found
{chromote}   JS info    17:00:59.93 shinytest2; Loaded
{shinytest2} R  info    17:00:59.93 Waiting for Shiny to become ready
{chromote}   JS info    17:01:00.05 shinytest2; jQuery found
{chromote}   JS info    17:01:00.05 shinytest2; Waiting for shiny session to connect
{chromote}   JS info    17:01:00.32 shinytest2; Connected
{chromote}   JS info    17:01:00.37 shinytest2; shiny:busy
{shinytest2} R  info    17:01:00.39 Waiting for Shiny to become idle for 200ms within 1e+05ms
{chromote}   JS info    17:01:00.39 shinytest2; Waiting for Shiny to be stable
{chromote}   JS warning 17:01:01.41 Couldn't perform validation update on input with id 'teal-teal_modules-outliers_module-module-categorical_var-dataset_CO2_singleextract-select': input not found
                                    (anonymous) @ shinyvalidate-0.1.3/shinyvalidate.js:3443:18
                                    (anonymous) @ shiny-javascript-1.10.0/shiny.min.js:1:407159
                                    m           @ shiny-javascript-1.10.0/shiny.min.js:1:388827
                                    (anonymous) @ shiny-javascript-1.10.0/shiny.min.js:1:390150
                                    (anonymous) @ shiny-javascript-1.10.0/shiny.min.js:1:389186
                                    nT          @ shiny-javascript-1.10.0/shiny.min.js:1:394797
                                    s           @ shiny-javascript-1.10.0/shiny.min.js:1:394995
                                    (anonymous) @ shiny-javascript-1.10.0/shiny.min.js:1:395056
                                    (anonymous) @ shiny-javascript-1.10.0/shiny.min.js:1:394936
                                    t           @ shiny-javascript-1.10.0/shiny.min.js:1:407274
                                    (anonymous) @ shiny-javascript-1.10.0/shiny.min.js:1:410753
                                    m           @ shiny-javascript-1.10.0/shiny.min.js:1:388827
                                    (anonymous) @ shiny-javascript-1.10.0/shiny.min.js:1:390150
                                    (anonymous) @ shiny-javascript-1.10.0/shiny.min.js:1:389186
                                    nT          @ shiny-javascript-1.10.0/shiny.min.js:1:394797
                                    s           @ shiny-javascript-1.10.0/shiny.min.js:1:394995
                                    (anonymous) @ shiny-javascript-1.10.0/shiny.min.js:1:395056
                                    (anonymous) @ shiny-javascript-1.10.0/shiny.min.js:1:394936
                                    (anonymous) @ shiny-javascript-1.10.0/shiny.min.js:1:410855
                                    (anonymous) @ shiny-javascript-1.10.0/shiny.min.js:1:407159
                                    m           @ shiny-javascript-1.10.0/shiny.min.js:1:388827
                                    (anonymous) @ shiny-javascript-1.10.0/shiny.min.js:1:390150
                                    (anonymous) @ shiny-javascript-1.10.0/shiny.min.js:1:389186
                                    nT          @ shiny-javascript-1.10.0/shiny.min.js:1:394797
                                    s           @ shiny-javascript-1.10.0/shiny.min.js:1:394995
                                    (anonymous) @ shiny-javascript-1.10.0/shiny.min.js:1:395056
                                    (anonymous) @ shiny-javascript-1.10.0/shiny.min.js:1:394936
                                    t           @ shiny-javascript-1.10.0/shiny.min.js:1:407274
                                    (anonymous) @ shiny-javascript-1.10.0/shiny.min.js:1:406722
                                    m           @ shiny-javascript-1.10.0/shiny.min.js:1:388827
                                    (anonymous) @ shiny-javascript-1.10.0/shiny.min.js:1:390150
                                    (anonymous) @ shiny-javascript-1.10.0/shiny.min.js:1:389186
                                    nT          @ shiny-javascript-1.10.0/shiny.min.js:1:394797
                                    s           @ shiny-javascript-1.10.0/shiny.min.js:1:394995
                                    (anonymous) @ shiny-javascript-1.10.0/shiny.min.js:1:395056
                                    (anonymous) @ shiny-javascript-1.10.0/shiny.min.js:1:394936
                                    t           @ shiny-javascript-1.10.0/shiny.min.js:1:406868
                                    (anonymous) @ shiny-javascript-1.10.0/shiny.min.js:1:400961
                                    m           @ shiny-javascript-1.10.0/shiny.min.js:1:388827
                                    (anonymous) @ shiny-javascript-1.10.0/shiny.min.js:1:390150
                                    (anonymous) @ shiny-javascript-1.10.0/shiny.min.js:1:389186
                                    nT          @ shiny-javascript-1.10.0/shiny.min.js:1:394797
                                    s           @ shiny-javascript-1.10.0/shiny.min.js:1:394995
                                    (anonymous) @ shiny-javascript-1.10.0/shiny.min.js:1:395056
                                    (anonymous) @ shiny-javascript-1.10.0/shiny.min.js:1:394936
                                    (anonymous) @ shiny-javascript-1.10.0/shiny.min.js:1:401480
                                    m           @ shiny-javascript-1.10.0/shiny.min.js:1:388827
                                    (anonymous) @ shiny-javascript-1.10.0/shiny.min.js:1:390150
                                    (anonymous) @ shiny-javascript-1.10.0/shiny.min.js:1:389186
                                    nT          @ shiny-javascript-1.10.0/shiny.min.js:1:394797
                                    s           @ shiny-javascript-1.10.0/shiny.min.js:1:394995
{shinytest2} R  info    17:02:40.41 Error while initializing AppDriver:
                                    Shiny app did not become stable in 1e+05ms.
                                    Message: An error occurred while waiting for Shiny to be stable
                                    Caused by error in `app_wait_for_idle()`:
                                    ! An error occurred while waiting for Shiny to be stable
{shiny}      R  stderr  ----------- Loading required package: shiny
{shiny}      R  stderr  ----------- Attempting to load the environment ‘package:sparkline’
{shiny}      R  stderr  ----------- Loading required package: ggmosaic
{shiny}      R  stderr  ----------- Loading required package: ggplot2
{shiny}      R  stderr  ----------- Loading required package: teal
{shiny}      R  stderr  ----------- Loading required package: teal.data
{shiny}      R  stderr  ----------- Loading required package: teal.code
{shiny}      R  stderr  ----------- Loading required package: teal.slice
{shiny}      R  stderr  ----------- 
{shiny}      R  stderr  ----------- You are using teal version 0.16.0
{shiny}      R  stderr  ----------- 
{shiny}      R  stderr  ----------- Attaching package: ‘teal’
{shiny}      R  stderr  ----------- 
{shiny}      R  stderr  ----------- The following objects are masked from ‘package:teal.slice’:
{shiny}      R  stderr  ----------- 
{shiny}      R  stderr  -----------     as.teal_slices, teal_slices
{shiny}      R  stderr  ----------- 
{shiny}      R  stderr  ----------- Loading required package: teal.transform
{shiny}      R  stderr  ----------- Running application in test mode.
{shiny}      R  stderr  ----------- 
{shiny}      R  stderr  ----------- Listening on http://127.0.0.1:3451
{shiny}      R  stderr  ----------- Initializing reporter_previewer_module
{shiny}      R  stderr  ----------- Initializing reporter_previewer_module
{shiny}      R  stderr  ----------- Warning: Error in &lt;Anonymous&gt;: error in evaluating the argument 'code' in selecting a method for function 'eval_code': object of type 'symbol' is not subsettable
{shiny}      R  stderr  -----------   251: &lt;Anonymous&gt;
{shiny}      R  stderr  -----------   250: identical
{shiny}      R  stderr  -----------   249: FUN
{shiny}      R  stderr  -----------   248: lapply
{shiny}      R  stderr  -----------   247: FUN
{shiny}      R  stderr  -----------   246: lapply
{shiny}      R  stderr  -----------   245: remove_pipe_null
{shiny}      R  stderr  -----------   244: %&gt;%
{shiny}      R  stderr  -----------   242: &lt;reactive&gt;
{shiny}      R  stderr  -----------   222: common_code_q
{shiny}      R  stderr  -----------   215: &lt;reactive&gt;
{shiny}      R  stderr  -----------   195: data
{shiny}      R  stderr  -----------   189: &lt;reactive&gt;
{shiny}      R  stderr  -----------   169: decorated_q[[req(current_tab_r())]]
{shiny}      R  stderr  -----------   168: &lt;reactive&gt;
{shiny}      R  stderr  -----------   148: data
{shiny}      R  stderr  -----------   142: &lt;reactive&gt;
{shiny}      R  stderr  -----------   122: decorated_final_q
{shiny}      R  stderr  -----------   121: exprFunc
{shiny}      R  stderr  -----------   120: widgetFunc
{shiny}      R  stderr  -----------   119: ::
{shiny}      R  stderr  ----------- htmlwidgets
{shiny}      R  stderr  ----------- shinyRenderWidget
{shiny}      R  stderr  -----------   118: func
{shiny}      R  stderr  -----------   105: renderFunc
{shiny}      R  stderr  -----------   104: renderFunc
{shiny}      R  stderr  -----------   100: renderFunc
{shiny}      R  stderr  -----------    99: output$teal-teal_modules-outliers_module-module-summary_table
{shiny}      R  stderr  -----------    14: &lt;Anonymous&gt;
{shiny}      R  stderr  -----------    12: &lt;Anonymous&gt;
{shiny}      R  stderr  -----------    11: &lt;Anonymous&gt;
{shiny}      R  stderr  -----------    10: base::do.call
{shiny}      R  stderr  -----------     9: base::saveRDS
{shiny}      R  stderr  -----------     8: base::withCallingHandlers
{shiny}      R  stderr  -----------     7: doTryCatch
{shiny}      R  stderr  -----------     6: tryCatchOne
{shiny}      R  stderr  -----------     5: tryCatchList
{shiny}      R  stderr  -----------     2: tryCatchList
{shiny}      R  stderr  -----------     1: base::tryCatch
{shiny}      R  stderr  ----------- Warning: Error in &lt;Anonymous&gt;: error in evaluating the argument 'code' in selecting a method for function 'eval_code': object of type 'symbol' is not subsettable
{shiny}      R  stderr  -----------   251: &lt;Anonymous&gt;
{shiny}      R  stderr  -----------   250: identical
{shiny}      R  stderr  -----------   249: FUN
{shiny}      R  stderr  -----------   248: lapply
{shiny}      R  stderr  -----------   247: FUN
{shiny}      R  stderr  -----------   246: lapply
{shiny}      R  stderr  -----------   245: remove_pipe_null
{shiny}      R  stderr  -----------   244: %&gt;%
{shiny}      R  stderr  -----------   242: &lt;reactive&gt;
{shiny}      R  stderr  -----------   222: common_code_q
{shiny}      R  stderr  -----------   215: &lt;reactive&gt;
{shiny}      R  stderr  -----------   195: data
{shiny}      R  stderr  -----------   189: &lt;reactive&gt;
{shiny}      R  stderr  -----------   169: decorated_q[[req(current_tab_r())]]
{shiny}      R  stderr  -----------   168: &lt;reactive&gt;
{shiny}      R  stderr  -----------   148: data
{shiny}      R  stderr  -----------   142: &lt;reactive&gt;
{shiny}      R  stderr  -----------   122: decorated_final_q
{shiny}      R  stderr  -----------   121: exprFunc
{shiny}      R  stderr  -----------   120: widgetFunc
{shiny}      R  stderr  -----------   119: ::
{shiny}      R  stderr  ----------- htmlwidgets
{shiny}      R  stderr  ----------- shinyRenderWidget
{shiny}      R  stderr  -----------   118: func
{shiny}      R  stderr  -----------   105: renderFunc
{shiny}      R  stderr  -----------   104: renderFunc
{shiny}      R  stderr  -----------   100: renderFunc
{shiny}      R  stderr  -----------    99: output$teal-teal_modules-outliers_module-module-summary_table
{shiny}      R  stderr  -----------    14: &lt;Anonymous&gt;
{shiny}      R  stderr  -----------    12: &lt;Anonymous&gt;
{shiny}      R  stderr  -----------    11: &lt;Anonymous&gt;
{shiny}      R  stderr  -----------    10: base::do.call
{shiny}      R  stderr  -----------     9: base::saveRDS
{shiny}      R  stderr  -----------     8: base::withCallingHandlers
{shiny}      R  stderr  -----------     7: doTryCatch
{shiny}      R  stderr  -----------     6: tryCatchOne
{shiny}      R  stderr  -----------     5: tryCatchList
{shiny}      R  stderr  -----------     2: tryCatchList
{shiny}      R  stderr  -----------     1: base::tryCatch
{shiny}      R  stderr  ----------- Warning: Error in &lt;Anonymous&gt;: error in evaluating the argument 'code' in selecting a method for function 'eval_code': object of type 'symbol' is not subsettable
{shiny}      R  stderr  -----------   14: &lt;Anonymous&gt;
{shiny}      R  stderr  -----------   12: &lt;Anonymous&gt;
{shiny}      R  stderr  -----------   11: &lt;Anonymous&gt;
{shiny}      R  stderr  -----------   10: base::do.call
{shiny}      R  stderr  -----------    9: base::saveRDS
{shiny}      R  stderr  -----------    8: base::withCallingHandlers
{shiny}      R  stderr  -----------    7: doTryCatch
{shiny}      R  stderr  -----------    6: tryCatchOne
{shiny}      R  stderr  -----------    5: tryCatchList
{shiny}      R  stderr  -----------    2: tryCatchList
{shiny}      R  stderr  -----------    1: base::tryCatch
{shiny}      R  stderr  ----------- Warning: Error in &lt;Anonymous&gt;: error in evaluating the argument 'code' in selecting a method for function 'eval_code': object of type 'symbol' is not subsettable
{shiny}      R  stderr  -----------   124: &lt;Anonymous&gt;
{shiny}      R  stderr  -----------   123: stop
{shiny}      R  stderr  -----------   122: common_code_q
{shiny}      R  stderr  -----------   121: exprFunc
{shiny}      R  stderr  -----------   120: widgetFunc
{shiny}      R  stderr  -----------   119: ::
{shiny}      R  stderr  ----------- htmlwidgets
{shiny}      R  stderr  ----------- shinyRenderWidget
{shiny}      R  stderr  -----------   118: func
{shiny}      R  stderr  -----------   105: renderFunc
{shiny}      R  stderr  -----------   104: renderFunc
{shiny}      R  stderr  -----------   100: renderFunc
{shiny}      R  stderr  -----------    99: output$teal-teal_modules-outliers_module-module-table_ui
{shiny}      R  stderr  -----------    14: &lt;Anonymous&gt;
{shiny}      R  stderr  -----------    12: &lt;Anonymous&gt;
{shiny}      R  stderr  -----------    11: &lt;Anonymous&gt;
{shiny}      R  stderr  -----------    10: base::do.call
{shiny}      R  stderr  -----------     9: base::saveRDS
{shiny}      R  stderr  -----------     8: base::withCallingHandlers
{shiny}      R  stderr  -----------     7: doTryCatch
{shiny}      R  stderr  -----------     6: tryCatchOne
{shiny}      R  stderr  -----------     5: tryCatchList
{shiny}      R  stderr  -----------     2: tryCatchList
{shiny}      R  stderr  -----------     1: base::tryCatch
{shiny}      R  stderr  ----------- Warning: Error in &lt;Anonymous&gt;: error in evaluating the argument 'code' in selecting a method for function 'eval_code': object of type 'symbol' is not subsettable
{shiny}      R  stderr  -----------   117: &lt;Anonymous&gt;
{shiny}      R  stderr  -----------   116: stop
{shiny}      R  stderr  -----------   115: common_code_q
{shiny}      R  stderr  -----------   114: renderUI
{shiny}      R  stderr  -----------   113: func
{shiny}      R  stderr  -----------   100: renderFunc
{shiny}      R  stderr  -----------    99: output$teal-teal_modules-outliers_module-module-total_outliers
{shiny}      R  stderr  -----------    14: &lt;Anonymous&gt;
{shiny}      R  stderr  -----------    12: &lt;Anonymous&gt;
{shiny}      R  stderr  -----------    11: &lt;Anonymous&gt;
{shiny}      R  stderr  -----------    10: base::do.call
{shiny}      R  stderr  -----------     9: base::saveRDS
{shiny}      R  stderr  -----------     8: base::withCallingHandlers
{shiny}      R  stderr  -----------     7: doTryCatch
{shiny}      R  stderr  -----------     6: tryCatchOne
{shiny}      R  stderr  -----------     5: tryCatchList
{shiny}      R  stderr  -----------     2: tryCatchList
{shiny}      R  stderr  -----------     1: base::tryCatch


Caused by error in `app_initialize_()`:
! Shiny app did not become stable in 1e+05ms.
Message: An error occurred while waiting for Shiny to be stable
Caused by error in `app_wait_for_idle()`:
! An error occurred while waiting for Shiny to be stable
Backtrace:
     ▆
  1. ├─teal.modules.general (local) app_driver_tm_outlier() at test-shinytest2-tm_outliers.R:241:3
  2. │ └─teal.modules.general:::init_teal_app_driver(...) at test-shinytest2-tm_outliers.R:16:3
  3. │   ├─testthat::with_mocked_bindings(...) at tests/testthat/helper-TealAppDriver.R:7:3
  4. │   └─TealAppDriver$new(...) at tests/testthat/helper-TealAppDriver.R:10:7
  5. │     └─teal (local) initialize(...)
  6. │       ├─base::suppressWarnings(...)
  7. │       │ └─base::withCallingHandlers(...)
  8. │       └─super$initialize(...)
  9. │         └─shinytest2:::app_initialize(...)
 10. │           ├─base::withCallingHandlers(...)
 11. │           └─shinytest2:::app_initialize_(self, private, ..., view = view)
 12. │             ├─base::withCallingHandlers(...)
 13. │             └─self$wait_for_idle(duration = 200, timeout = private$load_timeout)
 14. │               └─shinytest2:::app_wait_for_idle(...)
 15. │                 └─shinytest2:::app_abort(self, private, "An error occurred while waiting for Shiny to be stable")
 16. │                   └─rlang::abort(..., app = self, call = call)
 17. │                     └─rlang:::signal_abort(cnd, .file)
 18. │                       └─base::signalCondition(cnd)
 19. ├─shinytest2 (local) `&lt;fn&gt;`(`&lt;rlng_rrr&gt;`)
 20. │ └─shinytest2:::app_abort(...)
 21. │   └─rlang::abort(..., app = self, call = call)
 22. │     └─rlang:::signal_abort(cnd, .file)
 23. │       └─base::signalCondition(cnd)
 24. └─shinytest2 (local) `&lt;fn&gt;`(`&lt;rlng_rrr&gt;`)
 25.   └─shinytest2:::app_abort(...)
 26.     └─rlang::abort(..., app = self, call = call)</error>
    </testcase>
    <testcase time="102.721" classname="shinytest2_tm_outliers" name="e2e_tm_outliers_Outlier_table_is_displayed_with_proper_content.">
      <error type="error" message="Error in `app_initialize(self, private, app_dir = app_dir, ..., load_timeout = load_timeout,  ('test-shinytest2-tm_outliers.R:289:3')">Error in `app_initialize(self, private, app_dir = app_dir, ..., load_timeout = load_timeout, 
    timeout = timeout, wait = wait, expect_values_screenshot_args = expect_values_screenshot_args, 
    screenshot_args = screenshot_args, check_names = check_names, 
    name = name, variant = variant, view = view, height = height, 
    width = width, seed = seed, clean_logs = clean_logs, shiny_args = shiny_args, 
    render_args = render_args, options = options)`: Shiny app did not become stable in 1e+05ms.
Message: An error occurred while waiting for Shiny to be stable
Caused by error in `app_wait_for_idle()`:
! An error occurred while waiting for Shiny to be stable


ℹ You can inspect the failed AppDriver object via `rlang::last_error()$app`
ℹ AppDriver logs:
{shinytest2} R  info    17:02:40.90 Start AppDriver initialization
{shinytest2} R  info    17:02:40.95 Starting Shiny app
{shinytest2} R  info    17:02:41.98 Creating new ChromoteSession
{shinytest2} R  info    17:02:42.02 Navigating to Shiny app
{shinytest2} R  info    17:02:42.65 Injecting shiny-tracer.js
{chromote}   JS info    17:02:42.67 shinytest2; jQuery not found
{chromote}   JS info    17:02:42.67 shinytest2; Loaded
{shinytest2} R  info    17:02:42.67 Waiting for Shiny to become ready
{chromote}   JS info    17:02:42.72 shinytest2; jQuery found
{chromote}   JS info    17:02:42.72 shinytest2; Waiting for shiny session to connect
{chromote}   JS info    17:02:43.02 shinytest2; Connected
{chromote}   JS info    17:02:43.11 shinytest2; shiny:busy
{shinytest2} R  info    17:02:43.11 Waiting for Shiny to become idle for 200ms within 1e+05ms
{chromote}   JS info    17:02:43.11 shinytest2; Waiting for Shiny to be stable
{chromote}   JS warning 17:02:44.10 Couldn't perform validation update on input with id 'teal-teal_modules-outliers_module-module-categorical_var-dataset_CO2_singleextract-select': input not found
                                    (anonymous) @ shinyvalidate-0.1.3/shinyvalidate.js:3443:18
                                    (anonymous) @ shiny-javascript-1.10.0/shiny.min.js:1:407159
                                    m           @ shiny-javascript-1.10.0/shiny.min.js:1:388827
                                    (anonymous) @ shiny-javascript-1.10.0/shiny.min.js:1:390150
                                    (anonymous) @ shiny-javascript-1.10.0/shiny.min.js:1:389186
                                    nT          @ shiny-javascript-1.10.0/shiny.min.js:1:394797
                                    s           @ shiny-javascript-1.10.0/shiny.min.js:1:394995
                                    (anonymous) @ shiny-javascript-1.10.0/shiny.min.js:1:395056
                                    (anonymous) @ shiny-javascript-1.10.0/shiny.min.js:1:394936
                                    t           @ shiny-javascript-1.10.0/shiny.min.js:1:407274
                                    (anonymous) @ shiny-javascript-1.10.0/shiny.min.js:1:410753
                                    m           @ shiny-javascript-1.10.0/shiny.min.js:1:388827
                                    (anonymous) @ shiny-javascript-1.10.0/shiny.min.js:1:390150
                                    (anonymous) @ shiny-javascript-1.10.0/shiny.min.js:1:389186
                                    nT          @ shiny-javascript-1.10.0/shiny.min.js:1:394797
                                    s           @ shiny-javascript-1.10.0/shiny.min.js:1:394995
                                    (anonymous) @ shiny-javascript-1.10.0/shiny.min.js:1:395056
                                    (anonymous) @ shiny-javascript-1.10.0/shiny.min.js:1:394936
                                    (anonymous) @ shiny-javascript-1.10.0/shiny.min.js:1:410855
                                    (anonymous) @ shiny-javascript-1.10.0/shiny.min.js:1:407159
                                    m           @ shiny-javascript-1.10.0/shiny.min.js:1:388827
                                    (anonymous) @ shiny-javascript-1.10.0/shiny.min.js:1:390150
                                    (anonymous) @ shiny-javascript-1.10.0/shiny.min.js:1:389186
                                    nT          @ shiny-javascript-1.10.0/shiny.min.js:1:394797
                                    s           @ shiny-javascript-1.10.0/shiny.min.js:1:394995
                                    (anonymous) @ shiny-javascript-1.10.0/shiny.min.js:1:395056
                                    (anonymous) @ shiny-javascript-1.10.0/shiny.min.js:1:394936
                                    t           @ shiny-javascript-1.10.0/shiny.min.js:1:407274
                                    (anonymous) @ shiny-javascript-1.10.0/shiny.min.js:1:406722
                                    m           @ shiny-javascript-1.10.0/shiny.min.js:1:388827
                                    (anonymous) @ shiny-javascript-1.10.0/shiny.min.js:1:390150
                                    (anonymous) @ shiny-javascript-1.10.0/shiny.min.js:1:389186
                                    nT          @ shiny-javascript-1.10.0/shiny.min.js:1:394797
                                    s           @ shiny-javascript-1.10.0/shiny.min.js:1:394995
                                    (anonymous) @ shiny-javascript-1.10.0/shiny.min.js:1:395056
                                    (anonymous) @ shiny-javascript-1.10.0/shiny.min.js:1:394936
                                    t           @ shiny-javascript-1.10.0/shiny.min.js:1:406868
                                    (anonymous) @ shiny-javascript-1.10.0/shiny.min.js:1:400961
                                    m           @ shiny-javascript-1.10.0/shiny.min.js:1:388827
                                    (anonymous) @ shiny-javascript-1.10.0/shiny.min.js:1:390150
                                    (anonymous) @ shiny-javascript-1.10.0/shiny.min.js:1:389186
                                    nT          @ shiny-javascript-1.10.0/shiny.min.js:1:394797
                                    s           @ shiny-javascript-1.10.0/shiny.min.js:1:394995
                                    (anonymous) @ shiny-javascript-1.10.0/shiny.min.js:1:395056
                                    (anonymous) @ shiny-javascript-1.10.0/shiny.min.js:1:394936
                                    (anonymous) @ shiny-javascript-1.10.0/shiny.min.js:1:401480
                                    m           @ shiny-javascript-1.10.0/shiny.min.js:1:388827
                                    (anonymous) @ shiny-javascript-1.10.0/shiny.min.js:1:390150
                                    (anonymous) @ shiny-javascript-1.10.0/shiny.min.js:1:389186
                                    nT          @ shiny-javascript-1.10.0/shiny.min.js:1:394797
                                    s           @ shiny-javascript-1.10.0/shiny.min.js:1:394995
{shinytest2} R  info    17:04:23.13 Error while initializing AppDriver:
                                    Shiny app did not become stable in 1e+05ms.
                                    Message: An error occurred while waiting for Shiny to be stable
                                    Caused by error in `app_wait_for_idle()`:
                                    ! An error occurred while waiting for Shiny to be stable
{shiny}      R  stderr  ----------- Loading required package: shiny
{shiny}      R  stderr  ----------- Attempting to load the environment ‘package:sparkline’
{shiny}      R  stderr  ----------- Loading required package: ggmosaic
{shiny}      R  stderr  ----------- Loading required package: ggplot2
{shiny}      R  stderr  ----------- Loading required package: teal
{shiny}      R  stderr  ----------- Loading required package: teal.data
{shiny}      R  stderr  ----------- Loading required package: teal.code
{shiny}      R  stderr  ----------- Loading required package: teal.slice
{shiny}      R  stderr  ----------- 
{shiny}      R  stderr  ----------- You are using teal version 0.16.0
{shiny}      R  stderr  ----------- 
{shiny}      R  stderr  ----------- Attaching package: ‘teal’
{shiny}      R  stderr  ----------- 
{shiny}      R  stderr  ----------- The following objects are masked from ‘package:teal.slice’:
{shiny}      R  stderr  ----------- 
{shiny}      R  stderr  -----------     as.teal_slices, teal_slices
{shiny}      R  stderr  ----------- 
{shiny}      R  stderr  ----------- Loading required package: teal.transform
{shiny}      R  stderr  ----------- Running application in test mode.
{shiny}      R  stderr  ----------- 
{shiny}      R  stderr  ----------- Listening on http://127.0.0.1:7824
{shiny}      R  stderr  ----------- Initializing reporter_previewer_module
{shiny}      R  stderr  ----------- Initializing reporter_previewer_module
{shiny}      R  stderr  ----------- Warning: Error in &lt;Anonymous&gt;: error in evaluating the argument 'code' in selecting a method for function 'eval_code': object of type 'symbol' is not subsettable
{shiny}      R  stderr  -----------   251: &lt;Anonymous&gt;
{shiny}      R  stderr  -----------   250: identical
{shiny}      R  stderr  -----------   249: FUN
{shiny}      R  stderr  -----------   248: lapply
{shiny}      R  stderr  -----------   247: FUN
{shiny}      R  stderr  -----------   246: lapply
{shiny}      R  stderr  -----------   245: remove_pipe_null
{shiny}      R  stderr  -----------   244: %&gt;%
{shiny}      R  stderr  -----------   242: &lt;reactive&gt;
{shiny}      R  stderr  -----------   222: common_code_q
{shiny}      R  stderr  -----------   215: &lt;reactive&gt;
{shiny}      R  stderr  -----------   195: data
{shiny}      R  stderr  -----------   189: &lt;reactive&gt;
{shiny}      R  stderr  -----------   169: decorated_q[[req(current_tab_r())]]
{shiny}      R  stderr  -----------   168: &lt;reactive&gt;
{shiny}      R  stderr  -----------   148: data
{shiny}      R  stderr  -----------   142: &lt;reactive&gt;
{shiny}      R  stderr  -----------   122: decorated_final_q
{shiny}      R  stderr  -----------   121: exprFunc
{shiny}      R  stderr  -----------   120: widgetFunc
{shiny}      R  stderr  -----------   119: ::
{shiny}      R  stderr  ----------- htmlwidgets
{shiny}      R  stderr  ----------- shinyRenderWidget
{shiny}      R  stderr  -----------   118: func
{shiny}      R  stderr  -----------   105: renderFunc
{shiny}      R  stderr  -----------   104: renderFunc
{shiny}      R  stderr  -----------   100: renderFunc
{shiny}      R  stderr  -----------    99: output$teal-teal_modules-outliers_module-module-summary_table
{shiny}      R  stderr  -----------    14: &lt;Anonymous&gt;
{shiny}      R  stderr  -----------    12: &lt;Anonymous&gt;
{shiny}      R  stderr  -----------    11: &lt;Anonymous&gt;
{shiny}      R  stderr  -----------    10: base::do.call
{shiny}      R  stderr  -----------     9: base::saveRDS
{shiny}      R  stderr  -----------     8: base::withCallingHandlers
{shiny}      R  stderr  -----------     7: doTryCatch
{shiny}      R  stderr  -----------     6: tryCatchOne
{shiny}      R  stderr  -----------     5: tryCatchList
{shiny}      R  stderr  -----------     2: tryCatchList
{shiny}      R  stderr  -----------     1: base::tryCatch
{shiny}      R  stderr  ----------- Warning: Error in &lt;Anonymous&gt;: error in evaluating the argument 'code' in selecting a method for function 'eval_code': object of type 'symbol' is not subsettable
{shiny}      R  stderr  -----------   251: &lt;Anonymous&gt;
{shiny}      R  stderr  -----------   250: identical
{shiny}      R  stderr  -----------   249: FUN
{shiny}      R  stderr  -----------   248: lapply
{shiny}      R  stderr  -----------   247: FUN
{shiny}      R  stderr  -----------   246: lapply
{shiny}      R  stderr  -----------   245: remove_pipe_null
{shiny}      R  stderr  -----------   244: %&gt;%
{shiny}      R  stderr  -----------   242: &lt;reactive&gt;
{shiny}      R  stderr  -----------   222: common_code_q
{shiny}      R  stderr  -----------   215: &lt;reactive&gt;
{shiny}      R  stderr  -----------   195: data
{shiny}      R  stderr  -----------   189: &lt;reactive&gt;
{shiny}      R  stderr  -----------   169: decorated_q[[req(current_tab_r())]]
{shiny}      R  stderr  -----------   168: &lt;reactive&gt;
{shiny}      R  stderr  -----------   148: data
{shiny}      R  stderr  -----------   142: &lt;reactive&gt;
{shiny}      R  stderr  -----------   122: decorated_final_q
{shiny}      R  stderr  -----------   121: exprFunc
{shiny}      R  stderr  -----------   120: widgetFunc
{shiny}      R  stderr  -----------   119: ::
{shiny}      R  stderr  ----------- htmlwidgets
{shiny}      R  stderr  ----------- shinyRenderWidget
{shiny}      R  stderr  -----------   118: func
{shiny}      R  stderr  -----------   105: renderFunc
{shiny}      R  stderr  -----------   104: renderFunc
{shiny}      R  stderr  -----------   100: renderFunc
{shiny}      R  stderr  -----------    99: output$teal-teal_modules-outliers_module-module-summary_table
{shiny}      R  stderr  -----------    14: &lt;Anonymous&gt;
{shiny}      R  stderr  -----------    12: &lt;Anonymous&gt;
{shiny}      R  stderr  -----------    11: &lt;Anonymous&gt;
{shiny}      R  stderr  -----------    10: base::do.call
{shiny}      R  stderr  -----------     9: base::saveRDS
{shiny}      R  stderr  -----------     8: base::withCallingHandlers
{shiny}      R  stderr  -----------     7: doTryCatch
{shiny}      R  stderr  -----------     6: tryCatchOne
{shiny}      R  stderr  -----------     5: tryCatchList
{shiny}      R  stderr  -----------     2: tryCatchList
{shiny}      R  stderr  -----------     1: base::tryCatch
{shiny}      R  stderr  ----------- Warning: Error in &lt;Anonymous&gt;: error in evaluating the argument 'code' in selecting a method for function 'eval_code': object of type 'symbol' is not subsettable
{shiny}      R  stderr  -----------   14: &lt;Anonymous&gt;
{shiny}      R  stderr  -----------   12: &lt;Anonymous&gt;
{shiny}      R  stderr  -----------   11: &lt;Anonymous&gt;
{shiny}      R  stderr  -----------   10: base::do.call
{shiny}      R  stderr  -----------    9: base::saveRDS
{shiny}      R  stderr  -----------    8: base::withCallingHandlers
{shiny}      R  stderr  -----------    7: doTryCatch
{shiny}      R  stderr  -----------    6: tryCatchOne
{shiny}      R  stderr  -----------    5: tryCatchList
{shiny}      R  stderr  -----------    2: tryCatchList
{shiny}      R  stderr  -----------    1: base::tryCatch
{shiny}      R  stderr  ----------- Warning: Error in &lt;Anonymous&gt;: error in evaluating the argument 'code' in selecting a method for function 'eval_code': object of type 'symbol' is not subsettable
{shiny}      R  stderr  -----------   124: &lt;Anonymous&gt;
{shiny}      R  stderr  -----------   123: stop
{shiny}      R  stderr  -----------   122: common_code_q
{shiny}      R  stderr  -----------   121: exprFunc
{shiny}      R  stderr  -----------   120: widgetFunc
{shiny}      R  stderr  -----------   119: ::
{shiny}      R  stderr  ----------- htmlwidgets
{shiny}      R  stderr  ----------- shinyRenderWidget
{shiny}      R  stderr  -----------   118: func
{shiny}      R  stderr  -----------   105: renderFunc
{shiny}      R  stderr  -----------   104: renderFunc
{shiny}      R  stderr  -----------   100: renderFunc
{shiny}      R  stderr  -----------    99: output$teal-teal_modules-outliers_module-module-table_ui
{shiny}      R  stderr  -----------    14: &lt;Anonymous&gt;
{shiny}      R  stderr  -----------    12: &lt;Anonymous&gt;
{shiny}      R  stderr  -----------    11: &lt;Anonymous&gt;
{shiny}      R  stderr  -----------    10: base::do.call
{shiny}      R  stderr  -----------     9: base::saveRDS
{shiny}      R  stderr  -----------     8: base::withCallingHandlers
{shiny}      R  stderr  -----------     7: doTryCatch
{shiny}      R  stderr  -----------     6: tryCatchOne
{shiny}      R  stderr  -----------     5: tryCatchList
{shiny}      R  stderr  -----------     2: tryCatchList
{shiny}      R  stderr  -----------     1: base::tryCatch
{shiny}      R  stderr  ----------- Warning: Error in &lt;Anonymous&gt;: error in evaluating the argument 'code' in selecting a method for function 'eval_code': object of type 'symbol' is not subsettable
{shiny}      R  stderr  -----------   117: &lt;Anonymous&gt;
{shiny}      R  stderr  -----------   116: stop
{shiny}      R  stderr  -----------   115: common_code_q
{shiny}      R  stderr  -----------   114: renderUI
{shiny}      R  stderr  -----------   113: func
{shiny}      R  stderr  -----------   100: renderFunc
{shiny}      R  stderr  -----------    99: output$teal-teal_modules-outliers_module-module-total_outliers
{shiny}      R  stderr  -----------    14: &lt;Anonymous&gt;
{shiny}      R  stderr  -----------    12: &lt;Anonymous&gt;
{shiny}      R  stderr  -----------    11: &lt;Anonymous&gt;
{shiny}      R  stderr  -----------    10: base::do.call
{shiny}      R  stderr  -----------     9: base::saveRDS
{shiny}      R  stderr  -----------     8: base::withCallingHandlers
{shiny}      R  stderr  -----------     7: doTryCatch
{shiny}      R  stderr  -----------     6: tryCatchOne
{shiny}      R  stderr  -----------     5: tryCatchList
{shiny}      R  stderr  -----------     2: tryCatchList
{shiny}      R  stderr  -----------     1: base::tryCatch


Caused by error in `app_initialize_()`:
! Shiny app did not become stable in 1e+05ms.
Message: An error occurred while waiting for Shiny to be stable
Caused by error in `app_wait_for_idle()`:
! An error occurred while waiting for Shiny to be stable
Backtrace:
     ▆
  1. ├─teal.modules.general (local) app_driver_tm_outlier() at test-shinytest2-tm_outliers.R:289:3
  2. │ └─teal.modules.general:::init_teal_app_driver(...) at test-shinytest2-tm_outliers.R:16:3
  3. │   ├─testthat::with_mocked_bindings(...) at tests/testthat/helper-TealAppDriver.R:7:3
  4. │   └─TealAppDriver$new(...) at tests/testthat/helper-TealAppDriver.R:10:7
  5. │     └─teal (local) initialize(...)
  6. │       ├─base::suppressWarnings(...)
  7. │       │ └─base::withCallingHandlers(...)
  8. │       └─super$initialize(...)
  9. │         └─shinytest2:::app_initialize(...)
 10. │           ├─base::withCallingHandlers(...)
 11. │           └─shinytest2:::app_initialize_(self, private, ..., view = view)
 12. │             ├─base::withCallingHandlers(...)
 13. │             └─self$wait_for_idle(duration = 200, timeout = private$load_timeout)
 14. │               └─shinytest2:::app_wait_for_idle(...)
 15. │                 └─shinytest2:::app_abort(self, private, "An error occurred while waiting for Shiny to be stable")
 16. │                   └─rlang::abort(..., app = self, call = call)
 17. │                     └─rlang:::signal_abort(cnd, .file)
 18. │                       └─base::signalCondition(cnd)
 19. ├─shinytest2 (local) `&lt;fn&gt;`(`&lt;rlng_rrr&gt;`)
 20. │ └─shinytest2:::app_abort(...)
 21. │   └─rlang::abort(..., app = self, call = call)
 22. │     └─rlang:::signal_abort(cnd, .file)
 23. │       └─base::signalCondition(cnd)
 24. └─shinytest2 (local) `&lt;fn&gt;`(`&lt;rlng_rrr&gt;`)
 25.   └─shinytest2:::app_abort(...)
 26.     └─rlang::abort(..., app = self, call = call)</error>
    </testcase>
  </testsuite>
  <testsuite name="shinytest2-tm_t_crosstable" timestamp="2025-02-24T17:04:23Z" hostname="417fd6c6593b" tests="9" skipped="0" failures="0" errors="0" time="32.175">
    <testcase time="5.7650000000001" classname="shinytest2_tm_t_crosstable" name="e2e_tm_t_crosstable_Initializes_without_errors"/>
    <testcase time="0.00499999999988177" classname="shinytest2_tm_t_crosstable" name="e2e_tm_t_crosstable_Initializes_without_errors"/>
    <testcase time="0.00400000000013279" classname="shinytest2_tm_t_crosstable" name="e2e_tm_t_crosstable_Initializes_without_errors"/>
    <testcase time="8.01599999999985" classname="shinytest2_tm_t_crosstable" name="e2e_tm_t_crosstable_Verify_module_displays_data_table"/>
    <testcase time="5.72000000000003" classname="shinytest2_tm_t_crosstable" name="e2e_tm_t_crosstable_Verify_default_values_and_settings_data_extracts_for_data_selection"/>
    <testcase time="0.0509999999999309" classname="shinytest2_tm_t_crosstable" name="e2e_tm_t_crosstable_Verify_default_values_and_settings_data_extracts_for_data_selection"/>
    <testcase time="2.02800000000002" classname="shinytest2_tm_t_crosstable" name="e2e_tm_t_crosstable_Verify_default_values_and_settings_data_extracts_for_data_selection"/>
    <testcase time="8.26700000000005" classname="shinytest2_tm_t_crosstable" name="e2e_tm_t_crosstable_Change_plot_settings"/>
    <testcase time="2.31899999999996" classname="shinytest2_tm_t_crosstable" name="e2e_tm_t_crosstable_Change_plot_settings"/>
  </testsuite>
  <testsuite name="shinytest2-tm_variable_browser" timestamp="2025-02-24T17:04:55Z" hostname="417fd6c6593b" tests="24" skipped="0" failures="0" errors="0" time="56.855">
    <testcase time="5.17700000000013" classname="shinytest2_tm_variable_browser" name="e2e_tm_variable_browser_content_is_displayed_correctly."/>
    <testcase time="0.00499999999988177" classname="shinytest2_tm_variable_browser" name="e2e_tm_variable_browser_content_is_displayed_correctly."/>
    <testcase time="2.09300000000007" classname="shinytest2_tm_variable_browser" name="e2e_tm_variable_browser_content_is_displayed_correctly."/>
    <testcase time="0.00399999999990541" classname="shinytest2_tm_variable_browser" name="e2e_tm_variable_browser_content_is_displayed_correctly."/>
    <testcase time="0.00400000000013279" classname="shinytest2_tm_variable_browser" name="e2e_tm_variable_browser_content_is_displayed_correctly."/>
    <testcase time="7.57299999999987" classname="shinytest2_tm_variable_browser" name="e2e_tm_variable_browser_Selecting_treat_variable_as_factor_changes_the_table_headers."/>
    <testcase time="6.54200000000014" classname="shinytest2_tm_variable_browser" name="e2e_tm_variable_browser_selection_of_categorical_variable_has_a_table_with_level_header."/>
    <testcase time="7.56799999999998" classname="shinytest2_tm_variable_browser" name="e2e_tm_variable_browser_changing_display_density_encoding_doesn_t_show_errors."/>
    <testcase time="2.32999999999993" classname="shinytest2_tm_variable_browser" name="e2e_tm_variable_browser_changing_display_density_encoding_doesn_t_show_errors."/>
    <testcase time="5.37900000000013" classname="shinytest2_tm_variable_browser" name="e2e_tm_variable_browser_changing_outlier_definition_encoding_doesn_t_show_errors."/>
    <testcase time="2.98199999999997" classname="shinytest2_tm_variable_browser" name="e2e_tm_variable_browser_changing_outlier_definition_encoding_doesn_t_show_errors."/>
    <testcase time="0.00499999999988177" classname="shinytest2_tm_variable_browser" name="e2e_tm_variable_browser_changing_outlier_definition_encoding_doesn_t_show_errors."/>
    <testcase time="0.909000000000106" classname="shinytest2_tm_variable_browser" name="e2e_tm_variable_browser_changing_outlier_definition_encoding_doesn_t_show_errors."/>
    <testcase time="2.33299999999986" classname="shinytest2_tm_variable_browser" name="e2e_tm_variable_browser_changing_outlier_definition_encoding_doesn_t_show_errors."/>
    <testcase time="7.43600000000015" classname="shinytest2_tm_variable_browser" name="e2e_tm_variable_browser_changing_plot_setting_encodings_doesn_t_show_errors."/>
    <testcase time="0.743999999999915" classname="shinytest2_tm_variable_browser" name="e2e_tm_variable_browser_changing_plot_setting_encodings_doesn_t_show_errors."/>
    <testcase time="0.730999999999995" classname="shinytest2_tm_variable_browser" name="e2e_tm_variable_browser_changing_plot_setting_encodings_doesn_t_show_errors."/>
    <testcase time="0.711000000000013" classname="shinytest2_tm_variable_browser" name="e2e_tm_variable_browser_changing_plot_setting_encodings_doesn_t_show_errors."/>
    <testcase time="0.713999999999942" classname="shinytest2_tm_variable_browser" name="e2e_tm_variable_browser_changing_plot_setting_encodings_doesn_t_show_errors."/>
    <testcase time="0.714000000000169" classname="shinytest2_tm_variable_browser" name="e2e_tm_variable_browser_changing_plot_setting_encodings_doesn_t_show_errors."/>
    <testcase time="0.705999999999904" classname="shinytest2_tm_variable_browser" name="e2e_tm_variable_browser_changing_plot_setting_encodings_doesn_t_show_errors."/>
    <testcase time="0.749000000000024" classname="shinytest2_tm_variable_browser" name="e2e_tm_variable_browser_changing_plot_setting_encodings_doesn_t_show_errors."/>
    <testcase time="0.711000000000013" classname="shinytest2_tm_variable_browser" name="e2e_tm_variable_browser_changing_plot_setting_encodings_doesn_t_show_errors."/>
    <testcase time="0.7349999999999" classname="shinytest2_tm_variable_browser" name="e2e_tm_variable_browser_changing_plot_setting_encodings_doesn_t_show_errors."/>
  </testsuite>
  <testsuite name="tm_g_bivariate" timestamp="2025-02-24T17:05:52Z" hostname="417fd6c6593b" tests="18" skipped="0" failures="0" errors="0" time="0.209">
    <testcase time="0.08400000000006" classname="tm_g_bivariate" name="tm_g_bivariate_creates_a_teal_module_object"/>
    <testcase time="0.00500000000010914" classname="tm_g_bivariate" name="tm_g_bivariate_creates_a_teal_module_object_with_default_options"/>
    <testcase time="0.00499999999988177" classname="tm_g_bivariate" name="tm_g_bivariate_creates_a_teal_module_object_with_multiple_data_extract_specs"/>
    <testcase time="0.00600000000008549" classname="tm_g_bivariate" name="tm_g_bivariate_creates_a_module_with_datanames_taken_from_data_extracts"/>
    <testcase time="0.0080000000000382" classname="tm_g_bivariate" name="tm_g_bivariate_fails_when_x_contains_a_spec_with_multiple_selection"/>
    <testcase time="0.00799999999981083" classname="tm_g_bivariate" name="tm_g_bivariate_fails_when_x_contains_multiple_spec_with_at_least_one_multiple_selection"/>
    <testcase time="0.0080000000000382" classname="tm_g_bivariate" name="tm_g_bivariate_fails_when_x_contains_multiple_spec_with_at_least_one_multiple_selection"/>
    <testcase time="0.0080000000000382" classname="tm_g_bivariate" name="tm_g_bivariate_fails_when_y_contains_multiple_spec_with_at_least_one_multiple_selection"/>
    <testcase time="0.0080000000000382" classname="tm_g_bivariate" name="tm_g_bivariate_fails_when_plot_height_is_not_valid"/>
    <testcase time="0.0080000000000382" classname="tm_g_bivariate" name="tm_g_bivariate_fails_when_plot_height_is_not_valid"/>
    <testcase time="0.0080000000000382" classname="tm_g_bivariate" name="tm_g_bivariate_fails_when_plot_height_is_not_valid"/>
    <testcase time="0.00799999999981083" classname="tm_g_bivariate" name="tm_g_bivariate_fails_when_plot_width_is_not_valid"/>
    <testcase time="0.0080000000000382" classname="tm_g_bivariate" name="tm_g_bivariate_fails_when_plot_width_is_not_valid"/>
    <testcase time="0.00700000000006185" classname="tm_g_bivariate" name="tm_g_bivariate_fails_when_plot_width_is_not_valid"/>
    <testcase time="0.0080000000000382" classname="tm_g_bivariate" name="tm_g_bivariate_fails_when_color_setting_is_FALSE_and_color_is_supplied"/>
    <testcase time="0.0080000000000382" classname="tm_g_bivariate" name="tm_g_bivariate_fails_when_color_setting_is_FALSE_and_size_is_supplied"/>
    <testcase time="0.00799999999981083" classname="tm_g_bivariate" name="tm_g_bivariate_fails_when_color_setting_is_FALSE_and_fill_is_supplied"/>
    <testcase time="0.00600000000008549" classname="tm_g_bivariate" name="tm_g_bivariate_determines_color_size_and_fill_when_color_setting_is_TRUE"/>
  </testsuite>
  <testsuite name="bivariate_ggplot_call" timestamp="2025-02-24T17:05:52Z" hostname="417fd6c6593b" tests="21" skipped="0" failures="0" errors="0" time="0.066">
    <testcase time="0.0080000000000382" classname="bivariate_ggplot_call" name="bivariate_ggplot_call_with_numerics"/>
    <testcase time="0.00199999999995271" classname="bivariate_ggplot_call" name="bivariate_ggplot_call_with_numerics"/>
    <testcase time="0.00299999999992906" classname="bivariate_ggplot_call" name="bivariate_ggplot_call_with_numerics"/>
    <testcase time="0.00200000000018008" classname="bivariate_ggplot_call" name="bivariate_ggplot_call_with_numerics"/>
    <testcase time="0.00499999999988177" classname="bivariate_ggplot_call" name="bivariate_ggplot_call_with_factor_char_logical"/>
    <testcase time="0.00299999999992906" classname="bivariate_ggplot_call" name="bivariate_ggplot_call_with_factor_char_logical"/>
    <testcase time="0.00200000000018008" classname="bivariate_ggplot_call" name="bivariate_ggplot_call_with_factor_char_logical"/>
    <testcase time="0.00299999999992906" classname="bivariate_ggplot_call" name="bivariate_ggplot_call_with_factor_char_logical"/>
    <testcase time="0.00299999999992906" classname="bivariate_ggplot_call" name="bivariate_ggplot_call_with_factor_char_logical"/>
    <testcase time="0.00200000000018008" classname="bivariate_ggplot_call" name="bivariate_ggplot_call_with_factor_char_logical"/>
    <testcase time="0.00299999999992906" classname="bivariate_ggplot_call" name="bivariate_ggplot_call_with_factor_char_logical"/>
    <testcase time="0.00499999999988177" classname="bivariate_ggplot_call" name="bivariate_ggplot_call_with_single_data_numeric"/>
    <testcase time="0.00200000000018008" classname="bivariate_ggplot_call" name="bivariate_ggplot_call_with_single_data_numeric"/>
    <testcase time="0.00299999999992906" classname="bivariate_ggplot_call" name="bivariate_ggplot_call_with_single_data_numeric"/>
    <testcase time="0.00199999999995271" classname="bivariate_ggplot_call" name="bivariate_ggplot_call_with_single_data_numeric"/>
    <testcase time="0.00299999999992906" classname="bivariate_ggplot_call" name="bivariate_ggplot_call_with_single_data_numeric"/>
    <testcase time="0.00200000000018008" classname="bivariate_ggplot_call" name="bivariate_ggplot_call_with_single_data_numeric"/>
    <testcase time="0.00499999999988177" classname="bivariate_ggplot_call" name="bivariate_ggplot_call_with_single_data_factor"/>
    <testcase time="0.00299999999992906" classname="bivariate_ggplot_call" name="bivariate_ggplot_call_with_single_data_factor"/>
    <testcase time="0.00300000000015643" classname="bivariate_ggplot_call" name="bivariate_ggplot_call_with_single_data_factor"/>
    <testcase time="0.00199999999995271" classname="bivariate_ggplot_call" name="bivariate_ggplot_call_with_single_data_factor"/>
  </testsuite>
  <testsuite name="front_page" timestamp="2025-02-24T17:05:52Z" hostname="417fd6c6593b" tests="4" skipped="0" failures="0" errors="0" time="0.02">
    <testcase time="0.00700000000006185" classname="front_page" name="convert_metadata_to_dataframe_returns_a_data_frame_with_no_rows_if_no_metadata"/>
    <testcase time="0.00399999999990541" classname="front_page" name="convert_metadata_to_dataframe_returns_a_data_frame_with_metadata_if_more_than_one_dataset"/>
    <testcase time="0.00400000000013279" classname="front_page" name="convert_metadata_to_dataframe_returns_a_data_frame_with_metadata_if_one_dataset"/>
    <testcase time="0.00499999999988177" classname="front_page" name="convert_metadata_to_dataframe_converts_metadata_values_to_characters"/>
  </testsuite>
  <testsuite name="g_expert_cl" timestamp="2025-02-24T17:05:52Z" hostname="417fd6c6593b" tests="15" skipped="0" failures="0" errors="0" time="0.028">
    <testcase time="0.00500000000010914" classname="g_expert_cl" name="coloring_ggplot_call_can_work_with_all_combinations"/>
    <testcase time="0.00199999999995271" classname="g_expert_cl" name="coloring_ggplot_call_can_work_with_all_combinations"/>
    <testcase time="0.000999999999976353" classname="g_expert_cl" name="coloring_ggplot_call_can_work_with_all_combinations"/>
    <testcase time="0.000999999999976353" classname="g_expert_cl" name="coloring_ggplot_call_can_work_with_all_combinations"/>
    <testcase time="0.000999999999976353" classname="g_expert_cl" name="coloring_ggplot_call_can_work_with_all_combinations"/>
    <testcase time="0.00199999999995271" classname="g_expert_cl" name="coloring_ggplot_call_can_work_with_all_combinations"/>
    <testcase time="0.000999999999976353" classname="g_expert_cl" name="coloring_ggplot_call_can_work_with_all_combinations"/>
    <testcase time="0.00300000000015643" classname="g_expert_cl" name="coloring_ggplot_call_can_work_with_all_combinations_without_colour_var"/>
    <testcase time="0.00199999999995271" classname="g_expert_cl" name="coloring_ggplot_call_can_work_with_all_combinations_without_colour_var"/>
    <testcase time="0.000999999999976353" classname="g_expert_cl" name="coloring_ggplot_call_can_work_with_all_combinations_without_colour_var"/>
    <testcase time="0.000999999999976353" classname="g_expert_cl" name="coloring_ggplot_call_can_work_with_all_combinations_without_colour_var"/>
    <testcase time="0.00199999999995271" classname="g_expert_cl" name="coloring_ggplot_call_can_work_with_all_combinations_without_colour_var"/>
    <testcase time="0.00300000000015643" classname="g_expert_cl" name="coloring_ggplot_call_can_work_size_var"/>
    <testcase time="0.000999999999976353" classname="g_expert_cl" name="coloring_ggplot_call_can_work_size_var"/>
    <testcase time="0.00199999999995271" classname="g_expert_cl" name="coloring_ggplot_call_can_work_size_var"/>
  </testsuite>
  <testsuite name="scatterplotmatrix_get_stats" timestamp="2025-02-24T17:05:52Z" hostname="417fd6c6593b" tests="6" skipped="0" failures="0" errors="0" time="0.028">
    <testcase time="0.0119999999999436" classname="scatterplotmatrix_get_stats" name="get_scatterplotmatrix_stats_x_y_numeric"/>
    <testcase time="0.00300000000015643" classname="scatterplotmatrix_get_stats" name="get_scatterplotmatrix_stats_x_y_numeric"/>
    <testcase time="0.00299999999992906" classname="scatterplotmatrix_get_stats" name="get_scatterplotmatrix_stats_x_y_numeric"/>
    <testcase time="0.00499999999988177" classname="scatterplotmatrix_get_stats" name="get_scatterplotmatrix_stats_x_y_character"/>
    <testcase time="0.00200000000018008" classname="scatterplotmatrix_get_stats" name="get_scatterplotmatrix_stats_x_y_character"/>
    <testcase time="0.00299999999992906" classname="scatterplotmatrix_get_stats" name="get_scatterplotmatrix_stats_x_y_character"/>
  </testsuite>
  <testsuite name="variable_browser" timestamp="2025-02-24T17:05:52Z" hostname="417fd6c6593b" tests="3" skipped="0" failures="0" errors="0" time="0.013">
    <testcase time="0.00499999999988177" classname="variable_browser" name="remove_outliers_from_does_not_remove_outliers_when_outlier_definition_is_zero"/>
    <testcase time="0.00400000000013279" classname="variable_browser" name="remove_outliers_from_removes_outliers_when_outlier_definition_is_non_zero"/>
    <testcase time="0.00399999999990541" classname="variable_browser" name="remove_outliers_from_keeps_missing_values_unchanged"/>
  </testsuite>
</testsuites>
