<?xml version="1.0" encoding="UTF-8"?>
<testsuites>
  <testsuite name="examples" timestamp="2025-02-24T16:37:02Z" hostname="5d9102788631" tests="37" skipped="37" failures="0" errors="0" time="0.575">
    <testcase time="0.078" classname="examples" name="example_add_facet_labels.Rd">
      <skipped message="Reason: On CRAN ('test-examples.R:154:7')"/>
    </testcase>
    <testcase time="0.052" classname="examples" name="example_call_fun_dots.Rd">
      <skipped message="Reason: On CRAN ('test-examples.R:154:7')"/>
    </testcase>
    <testcase time="0.032" classname="examples" name="example_create_sparklines.Rd">
      <skipped message="Reason: On CRAN ('test-examples.R:154:7')"/>
    </testcase>
    <testcase time="0.014" classname="examples" name="example_establish_updating_selection.Rd">
      <skipped message="Reason: On CRAN ('test-examples.R:154:7')"/>
    </testcase>
    <testcase time="0.0149999999999999" classname="examples" name="example_get_scatterplotmatrix_stats.Rd">
      <skipped message="Reason: On CRAN ('test-examples.R:154:7')"/>
    </testcase>
    <testcase time="0.014" classname="examples" name="example_include_css_files.Rd">
      <skipped message="Reason: On CRAN ('test-examples.R:154:7')"/>
    </testcase>
    <testcase time="0.0150000000000001" classname="examples" name="example_is_tab_active_js.Rd">
      <skipped message="Reason: On CRAN ('test-examples.R:154:7')"/>
    </testcase>
    <testcase time="0.014" classname="examples" name="example_plot_var_summary.Rd">
      <skipped message="Reason: On CRAN ('test-examples.R:154:7')"/>
    </testcase>
    <testcase time="0.0169999999999999" classname="examples" name="example_remove_outliers_from.Rd">
      <skipped message="Reason: On CRAN ('test-examples.R:154:7')"/>
    </testcase>
    <testcase time="0.0110000000000001" classname="examples" name="example_render_single_tab.Rd">
      <skipped message="Reason: On CRAN ('test-examples.R:154:7')"/>
    </testcase>
    <testcase time="0.012" classname="examples" name="example_render_tab_header.Rd">
      <skipped message="Reason: On CRAN ('test-examples.R:154:7')"/>
    </testcase>
    <testcase time="0.0109999999999999" classname="examples" name="example_render_tab_table.Rd">
      <skipped message="Reason: On CRAN ('test-examples.R:154:7')"/>
    </testcase>
    <testcase time="0.012" classname="examples" name="example_render_tabset_panel_content.Rd">
      <skipped message="Reason: On CRAN ('test-examples.R:154:7')"/>
    </testcase>
    <testcase time="0.0110000000000001" classname="examples" name="example_select_decorators.Rd">
      <skipped message="Reason: On CRAN ('test-examples.R:154:7')"/>
    </testcase>
    <testcase time="0.0109999999999999" classname="examples" name="example_shared_params.Rd">
      <skipped message="Reason: On CRAN ('test-examples.R:154:7')"/>
    </testcase>
    <testcase time="0.012" classname="examples" name="example_srv_decorate_teal_data.Rd">
      <skipped message="Reason: On CRAN ('test-examples.R:154:7')"/>
    </testcase>
    <testcase time="0.0109999999999999" classname="examples" name="example_teal.modules.general.Rd">
      <skipped message="Reason: On CRAN ('test-examples.R:154:7')"/>
    </testcase>
    <testcase time="0.012" classname="examples" name="example_tm_a_pca.Rd">
      <skipped message="Reason: On CRAN ('test-examples.R:154:7')"/>
    </testcase>
    <testcase time="0.0110000000000001" classname="examples" name="example_tm_a_regression.Rd">
      <skipped message="Reason: On CRAN ('test-examples.R:154:7')"/>
    </testcase>
    <testcase time="0.014" classname="examples" name="example_tm_data_table.Rd">
      <skipped message="Reason: On CRAN ('test-examples.R:154:7')"/>
    </testcase>
    <testcase time="0.012" classname="examples" name="example_tm_file_viewer.Rd">
      <skipped message="Reason: On CRAN ('test-examples.R:154:7')"/>
    </testcase>
    <testcase time="0.0109999999999999" classname="examples" name="example_tm_front_page.Rd">
      <skipped message="Reason: On CRAN ('test-examples.R:154:7')"/>
    </testcase>
    <testcase time="0.012" classname="examples" name="example_tm_g_association.Rd">
      <skipped message="Reason: On CRAN ('test-examples.R:154:7')"/>
    </testcase>
    <testcase time="0.0110000000000001" classname="examples" name="example_tm_g_bivariate.Rd">
      <skipped message="Reason: On CRAN ('test-examples.R:154:7')"/>
    </testcase>
    <testcase time="0.0119999999999998" classname="examples" name="example_tm_g_distribution.Rd">
      <skipped message="Reason: On CRAN ('test-examples.R:154:7')"/>
    </testcase>
    <testcase time="0.0110000000000001" classname="examples" name="example_tm_g_response.Rd">
      <skipped message="Reason: On CRAN ('test-examples.R:154:7')"/>
    </testcase>
    <testcase time="0.012" classname="examples" name="example_tm_g_scatterplot.Rd">
      <skipped message="Reason: On CRAN ('test-examples.R:154:7')"/>
    </testcase>
    <testcase time="0.0109999999999999" classname="examples" name="example_tm_g_scatterplotmatrix.Rd">
      <skipped message="Reason: On CRAN ('test-examples.R:154:7')"/>
    </testcase>
    <testcase time="0.0110000000000001" classname="examples" name="example_tm_missing_data.Rd">
      <skipped message="Reason: On CRAN ('test-examples.R:154:7')"/>
    </testcase>
    <testcase time="0.012" classname="examples" name="example_tm_outliers.Rd">
      <skipped message="Reason: On CRAN ('test-examples.R:154:7')"/>
    </testcase>
    <testcase time="0.014" classname="examples" name="example_tm_t_crosstable.Rd">
      <skipped message="Reason: On CRAN ('test-examples.R:154:7')"/>
    </testcase>
    <testcase time="0.0110000000000001" classname="examples" name="example_tm_variable_browser.Rd">
      <skipped message="Reason: On CRAN ('test-examples.R:154:7')"/>
    </testcase>
    <testcase time="0.0109999999999999" classname="examples" name="example_validate_input.Rd">
      <skipped message="Reason: On CRAN ('test-examples.R:154:7')"/>
    </testcase>
    <testcase time="0.012" classname="examples" name="example_var_missings_info.Rd">
      <skipped message="Reason: On CRAN ('test-examples.R:154:7')"/>
    </testcase>
    <testcase time="0.0110000000000001" classname="examples" name="example_var_summary_table.Rd">
      <skipped message="Reason: On CRAN ('test-examples.R:154:7')"/>
    </testcase>
    <testcase time="0.0109999999999999" classname="examples" name="example_variable_type_icons.Rd">
      <skipped message="Reason: On CRAN ('test-examples.R:154:7')"/>
    </testcase>
    <testcase time="0.0110000000000001" classname="examples" name="example_varname_w_label.Rd">
      <skipped message="Reason: On CRAN ('test-examples.R:154:7')"/>
    </testcase>
  </testsuite>
  <testsuite name="shinytest2-tm_a_pca" timestamp="2025-02-24T16:37:03Z" hostname="5d9102788631" tests="49" skipped="0" failures="0" errors="0" time="117.764">
    <testcase time="6.123" classname="shinytest2_tm_a_pca" name="e2e_tm_a_pca_Module_is_initialised_with_the_specified_defaults_in_function_call."/>
    <testcase time="0.0899999999999999" classname="shinytest2_tm_a_pca" name="e2e_tm_a_pca_Module_is_initialised_with_the_specified_defaults_in_function_call."/>
    <testcase time="0.0149999999999997" classname="shinytest2_tm_a_pca" name="e2e_tm_a_pca_Module_is_initialised_with_the_specified_defaults_in_function_call."/>
    <testcase time="0.00400000000000045" classname="shinytest2_tm_a_pca" name="e2e_tm_a_pca_Module_is_initialised_with_the_specified_defaults_in_function_call."/>
    <testcase time="0.0510000000000002" classname="shinytest2_tm_a_pca" name="e2e_tm_a_pca_Module_is_initialised_with_the_specified_defaults_in_function_call."/>
    <testcase time="0.0489999999999995" classname="shinytest2_tm_a_pca" name="e2e_tm_a_pca_Module_is_initialised_with_the_specified_defaults_in_function_call."/>
    <testcase time="0.0500000000000007" classname="shinytest2_tm_a_pca" name="e2e_tm_a_pca_Module_is_initialised_with_the_specified_defaults_in_function_call."/>
    <testcase time="5.354" classname="shinytest2_tm_a_pca" name="e2e_tm_a_pca_Eigenvector_table_should_have_data_extract_selection_Murder_Assault_on_header."/>
    <testcase time="0.139999999999999" classname="shinytest2_tm_a_pca" name="e2e_tm_a_pca_Eigenvector_table_should_have_data_extract_selection_Murder_Assault_on_header."/>
    <testcase time="0.104000000000001" classname="shinytest2_tm_a_pca" name="e2e_tm_a_pca_Eigenvector_table_should_have_data_extract_selection_Murder_Assault_on_header."/>
    <testcase time="0.0990000000000002" classname="shinytest2_tm_a_pca" name="e2e_tm_a_pca_Eigenvector_table_should_have_data_extract_selection_Murder_Assault_on_header."/>
    <testcase time="7.998" classname="shinytest2_tm_a_pca" name="e2e_tm_a_pca_Eigenvector_table_should_have_data_extract_selection_Murder_UrbanPop_on_header."/>
    <testcase time="0.150000000000002" classname="shinytest2_tm_a_pca" name="e2e_tm_a_pca_Eigenvector_table_should_have_data_extract_selection_Murder_UrbanPop_on_header."/>
    <testcase time="0.103999999999999" classname="shinytest2_tm_a_pca" name="e2e_tm_a_pca_Eigenvector_table_should_have_data_extract_selection_Murder_UrbanPop_on_header."/>
    <testcase time="0.0969999999999978" classname="shinytest2_tm_a_pca" name="e2e_tm_a_pca_Eigenvector_table_should_have_data_extract_selection_Murder_UrbanPop_on_header."/>
    <testcase time="7.488" classname="shinytest2_tm_a_pca" name="e2e_tm_a_pca_Color_by_columns_data_extract_must_be_from_non_selected_variable_set."/>
    <testcase time="0.702999999999999" classname="shinytest2_tm_a_pca" name="e2e_tm_a_pca_Color_by_columns_data_extract_must_be_from_non_selected_variable_set."/>
    <testcase time="5.069" classname="shinytest2_tm_a_pca" name="e2e_tm_a_pca_Changing_output_encodings_of_tables_display_does_not_generate_errors."/>
    <testcase time="0.561" classname="shinytest2_tm_a_pca" name="e2e_tm_a_pca_Changing_output_encodings_of_tables_display_does_not_generate_errors."/>
    <testcase time="0.0929999999999964" classname="shinytest2_tm_a_pca" name="e2e_tm_a_pca_Changing_output_encodings_of_tables_display_does_not_generate_errors."/>
    <testcase time="0.0489999999999995" classname="shinytest2_tm_a_pca" name="e2e_tm_a_pca_Changing_output_encodings_of_tables_display_does_not_generate_errors."/>
    <testcase time="0.0480000000000018" classname="shinytest2_tm_a_pca" name="e2e_tm_a_pca_Changing_output_encodings_of_tables_display_does_not_generate_errors."/>
    <testcase time="0.0489999999999995" classname="shinytest2_tm_a_pca" name="e2e_tm_a_pca_Changing_output_encodings_of_tables_display_does_not_generate_errors."/>
    <testcase time="6.027" classname="shinytest2_tm_a_pca" name="e2e_tm_a_pca_Changing_output_encodings_for_plot_type_does_not_generate_errors."/>
    <testcase time="1.039" classname="shinytest2_tm_a_pca" name="e2e_tm_a_pca_Changing_output_encodings_for_plot_type_does_not_generate_errors."/>
    <testcase time="0.899999999999999" classname="shinytest2_tm_a_pca" name="e2e_tm_a_pca_Changing_output_encodings_for_plot_type_does_not_generate_errors."/>
    <testcase time="1.085" classname="shinytest2_tm_a_pca" name="e2e_tm_a_pca_Changing_output_encodings_for_plot_type_does_not_generate_errors."/>
    <testcase time="5.094" classname="shinytest2_tm_a_pca" name="e2e_tm_a_pca_Changing_output_encodings_of_standardization_does_not_generate_errors."/>
    <testcase time="1.188" classname="shinytest2_tm_a_pca" name="e2e_tm_a_pca_Changing_output_encodings_of_standardization_does_not_generate_errors."/>
    <testcase time="1.175" classname="shinytest2_tm_a_pca" name="e2e_tm_a_pca_Changing_output_encodings_of_standardization_does_not_generate_errors."/>
    <testcase time="1.189" classname="shinytest2_tm_a_pca" name="e2e_tm_a_pca_Changing_output_encodings_of_standardization_does_not_generate_errors."/>
    <testcase time="5.211" classname="shinytest2_tm_a_pca" name="e2e_tm_a_pca_Changing_output_encodings_of_NA_action_does_not_generate_errors."/>
    <testcase time="8.003" classname="shinytest2_tm_a_pca" name="e2e_tm_a_pca_Changing_output_encodings_of_plot_type_hides_and_shows_options."/>
    <testcase time="2.13" classname="shinytest2_tm_a_pca" name="e2e_tm_a_pca_Changing_output_encodings_of_plot_type_hides_and_shows_options."/>
    <testcase time="2.105" classname="shinytest2_tm_a_pca" name="e2e_tm_a_pca_Changing_output_encodings_of_plot_type_hides_and_shows_options."/>
    <testcase time="2.096" classname="shinytest2_tm_a_pca" name="e2e_tm_a_pca_Changing_output_encodings_of_plot_type_hides_and_shows_options."/>
    <testcase time="2.559" classname="shinytest2_tm_a_pca" name="e2e_tm_a_pca_Changing_output_encodings_of_plot_type_hides_and_shows_options."/>
    <testcase time="2.11" classname="shinytest2_tm_a_pca" name="e2e_tm_a_pca_Changing_output_encodings_of_plot_type_hides_and_shows_options."/>
    <testcase time="2.764" classname="shinytest2_tm_a_pca" name="e2e_tm_a_pca_Changing_output_encodings_of_plot_type_hides_and_shows_options."/>
    <testcase time="2.114" classname="shinytest2_tm_a_pca" name="e2e_tm_a_pca_Changing_output_encodings_of_plot_type_hides_and_shows_options."/>
    <testcase time="2.10599999999999" classname="shinytest2_tm_a_pca" name="e2e_tm_a_pca_Changing_output_encodings_of_plot_type_hides_and_shows_options."/>
    <testcase time="5.07600000000001" classname="shinytest2_tm_a_pca" name="e2e_tm_a_pca_Changing_output_encodings_of_theme_does_not_generate_errors."/>
    <testcase time="0.531999999999996" classname="shinytest2_tm_a_pca" name="e2e_tm_a_pca_Changing_output_encodings_of_theme_does_not_generate_errors."/>
    <testcase time="0.536000000000001" classname="shinytest2_tm_a_pca" name="e2e_tm_a_pca_Changing_output_encodings_of_theme_does_not_generate_errors."/>
    <testcase time="0.530000000000001" classname="shinytest2_tm_a_pca" name="e2e_tm_a_pca_Changing_output_encodings_of_theme_does_not_generate_errors."/>
    <testcase time="5.117" classname="shinytest2_tm_a_pca" name="e2e_tm_a_pca_Changing_output_encodings_of_font_size_does_not_generate_errors."/>
    <testcase time="1.02399999999999" classname="shinytest2_tm_a_pca" name="e2e_tm_a_pca_Changing_output_encodings_of_font_size_does_not_generate_errors."/>
    <testcase time="1.03400000000001" classname="shinytest2_tm_a_pca" name="e2e_tm_a_pca_Changing_output_encodings_of_font_size_does_not_generate_errors."/>
    <testcase time="20.532" classname="shinytest2_tm_a_pca" name="e2e_tm_a_pca_Changing_output_encodings_of_font_size_does_not_generate_errors."/>
  </testsuite>
  <testsuite name="shinytest2-tm_a_regression" timestamp="2025-02-24T16:39:00Z" hostname="5d9102788631" tests="31" skipped="0" failures="0" errors="0" time="52.939">
    <testcase time="4.851" classname="shinytest2_tm_a_regression" name="e2e_tm_a_regression_Data_parameter_and_module_label_is_passed_properly."/>
    <testcase time="0.00400000000000489" classname="shinytest2_tm_a_regression" name="e2e_tm_a_regression_Data_parameter_and_module_label_is_passed_properly."/>
    <testcase time="0.0100000000000051" classname="shinytest2_tm_a_regression" name="e2e_tm_a_regression_Data_parameter_and_module_label_is_passed_properly."/>
    <testcase time="4.71300000000001" classname="shinytest2_tm_a_regression" name="e2e_tm_a_regression_Data_extract_spec_elements_are_initialized_with_the_default_values_specified_by_response_and_regressor_arg."/>
    <testcase time="0.0889999999999986" classname="shinytest2_tm_a_regression" name="e2e_tm_a_regression_Data_extract_spec_elements_are_initialized_with_the_default_values_specified_by_response_and_regressor_arg."/>
    <testcase time="6.21899999999999" classname="shinytest2_tm_a_regression" name="e2e_tm_a_regression_Plot_type_is_set_properly."/>
    <testcase time="4.791" classname="shinytest2_tm_a_regression" name="e2e_tm_a_regression_Plot_type_has_7_specific_choices_changing_choices_does_not_throw_errors."/>
    <testcase time="1.98099999999999" classname="shinytest2_tm_a_regression" name="e2e_tm_a_regression_Plot_type_has_7_specific_choices_changing_choices_does_not_throw_errors."/>
    <testcase time="0.007000000000005" classname="shinytest2_tm_a_regression" name="e2e_tm_a_regression_Plot_type_has_7_specific_choices_changing_choices_does_not_throw_errors."/>
    <testcase time="1.03100000000001" classname="shinytest2_tm_a_regression" name="e2e_tm_a_regression_Plot_type_has_7_specific_choices_changing_choices_does_not_throw_errors."/>
    <testcase time="0.00199999999998113" classname="shinytest2_tm_a_regression" name="e2e_tm_a_regression_Plot_type_has_7_specific_choices_changing_choices_does_not_throw_errors."/>
    <testcase time="1.04400000000001" classname="shinytest2_tm_a_regression" name="e2e_tm_a_regression_Plot_type_has_7_specific_choices_changing_choices_does_not_throw_errors."/>
    <testcase time="0.00100000000000477" classname="shinytest2_tm_a_regression" name="e2e_tm_a_regression_Plot_type_has_7_specific_choices_changing_choices_does_not_throw_errors."/>
    <testcase time="1.00800000000001" classname="shinytest2_tm_a_regression" name="e2e_tm_a_regression_Plot_type_has_7_specific_choices_changing_choices_does_not_throw_errors."/>
    <testcase time="0.00199999999998113" classname="shinytest2_tm_a_regression" name="e2e_tm_a_regression_Plot_type_has_7_specific_choices_changing_choices_does_not_throw_errors."/>
    <testcase time="1.01400000000001" classname="shinytest2_tm_a_regression" name="e2e_tm_a_regression_Plot_type_has_7_specific_choices_changing_choices_does_not_throw_errors."/>
    <testcase time="0.00100000000000477" classname="shinytest2_tm_a_regression" name="e2e_tm_a_regression_Plot_type_has_7_specific_choices_changing_choices_does_not_throw_errors."/>
    <testcase time="1.24799999999999" classname="shinytest2_tm_a_regression" name="e2e_tm_a_regression_Plot_type_has_7_specific_choices_changing_choices_does_not_throw_errors."/>
    <testcase time="0.00100000000000477" classname="shinytest2_tm_a_regression" name="e2e_tm_a_regression_Plot_type_has_7_specific_choices_changing_choices_does_not_throw_errors."/>
    <testcase time="1.042" classname="shinytest2_tm_a_regression" name="e2e_tm_a_regression_Plot_type_has_7_specific_choices_changing_choices_does_not_throw_errors."/>
    <testcase time="4.99199999999999" classname="shinytest2_tm_a_regression" name="e2e_tm_a_regression_Outlier_definition_and_label_are_visible_by_default."/>
    <testcase time="2.114" classname="shinytest2_tm_a_regression" name="e2e_tm_a_regression_Outlier_definition_and_label_are_visible_by_default."/>
    <testcase time="2.11500000000001" classname="shinytest2_tm_a_regression" name="e2e_tm_a_regression_Outlier_definition_and_label_are_visible_by_default."/>
    <testcase time="4.709" classname="shinytest2_tm_a_regression" name="e2e_tm_a_regression_Outlier_definition_and_label_have_default_values_and_label_text."/>
    <testcase time="0.00399999999999068" classname="shinytest2_tm_a_regression" name="e2e_tm_a_regression_Outlier_definition_and_label_have_default_values_and_label_text."/>
    <testcase time="0.00600000000000023" classname="shinytest2_tm_a_regression" name="e2e_tm_a_regression_Outlier_definition_and_label_have_default_values_and_label_text."/>
    <testcase time="0.0889999999999986" classname="shinytest2_tm_a_regression" name="e2e_tm_a_regression_Outlier_definition_and_label_have_default_values_and_label_text."/>
    <testcase time="0.0500000000000114" classname="shinytest2_tm_a_regression" name="e2e_tm_a_regression_Outlier_definition_and_label_have_default_values_and_label_text."/>
    <testcase time="7.67299999999997" classname="shinytest2_tm_a_regression" name="e2e_tm_a_regression_Unchecking_display_outlier_hides_outlier_label_and_definition."/>
    <testcase time="2.11500000000001" classname="shinytest2_tm_a_regression" name="e2e_tm_a_regression_Unchecking_display_outlier_hides_outlier_label_and_definition."/>
    <testcase time="0.0130000000000052" classname="shinytest2_tm_a_regression" name="e2e_tm_a_regression_Unchecking_display_outlier_hides_outlier_label_and_definition."/>
  </testsuite>
  <testsuite name="shinytest2-tm_data_table" timestamp="2025-02-24T16:39:53Z" hostname="5d9102788631" tests="10" skipped="0" failures="0" errors="0" time="18.95">
    <testcase time="3.81399999999999" classname="shinytest2_tm_data_table" name="e2e_tm_data_table_Initializes_without_errors"/>
    <testcase time="0.00399999999999068" classname="shinytest2_tm_data_table" name="e2e_tm_data_table_Initializes_without_errors"/>
    <testcase time="3.82600000000002" classname="shinytest2_tm_data_table" name="e2e_tm_data_table_Verify_checkbox_displayed_over_data_table"/>
    <testcase time="3.86699999999999" classname="shinytest2_tm_data_table" name="e2e_tm_data_table_Verify_module_displays_data_table"/>
    <testcase time="2.08099999999999" classname="shinytest2_tm_data_table" name="e2e_tm_data_table_Verify_module_displays_data_table"/>
    <testcase time="0.0289999999999964" classname="shinytest2_tm_data_table" name="e2e_tm_data_table_Verify_module_displays_data_table"/>
    <testcase time="0.791000000000025" classname="shinytest2_tm_data_table" name="e2e_tm_data_table_Verify_module_displays_data_table"/>
    <testcase time="3.80099999999999" classname="shinytest2_tm_data_table" name="e2e_tm_data_table_Verify_default_variable_selection_and_set_new_selection"/>
    <testcase time="0.721000000000004" classname="shinytest2_tm_data_table" name="e2e_tm_data_table_Verify_default_variable_selection_and_set_new_selection"/>
    <testcase time="0.0159999999999911" classname="shinytest2_tm_data_table" name="e2e_tm_data_table_Verify_default_variable_selection_and_set_new_selection"/>
  </testsuite>
  <testsuite name="shinytest2-tm_file_viewer" timestamp="2025-02-24T16:40:12Z" hostname="5d9102788631" tests="13" skipped="0" failures="0" errors="0" time="29.259">
    <testcase time="3.83199999999999" classname="shinytest2_tm_file_viewer" name="e2e_tm_file_viewer_Initializes_without_errors_and_shows_files_tree_specified_in_input_path_argument"/>
    <testcase time="0.007000000000005" classname="shinytest2_tm_file_viewer" name="e2e_tm_file_viewer_Initializes_without_errors_and_shows_files_tree_specified_in_input_path_argument"/>
    <testcase time="2.071" classname="shinytest2_tm_file_viewer" name="e2e_tm_file_viewer_Initializes_without_errors_and_shows_files_tree_specified_in_input_path_argument"/>
    <testcase time="0.0310000000000059" classname="shinytest2_tm_file_viewer" name="e2e_tm_file_viewer_Initializes_without_errors_and_shows_files_tree_specified_in_input_path_argument"/>
    <testcase time="0.00399999999999068" classname="shinytest2_tm_file_viewer" name="e2e_tm_file_viewer_Initializes_without_errors_and_shows_files_tree_specified_in_input_path_argument"/>
    <testcase time="7.75700000000001" classname="shinytest2_tm_file_viewer" name="e2e_tm_file_viewer_Shows_selected_image_file"/>
    <testcase time="0.00600000000000023" classname="shinytest2_tm_file_viewer" name="e2e_tm_file_viewer_Shows_selected_image_file"/>
    <testcase time="7.67000000000002" classname="shinytest2_tm_file_viewer" name="e2e_tm_file_viewer_Shows_selected_text_file"/>
    <testcase time="0.007000000000005" classname="shinytest2_tm_file_viewer" name="e2e_tm_file_viewer_Shows_selected_text_file"/>
    <testcase time="0.00799999999998136" classname="shinytest2_tm_file_viewer" name="e2e_tm_file_viewer_Shows_selected_text_file"/>
    <testcase time="0.129000000000019" classname="shinytest2_tm_file_viewer" name="e2e_tm_file_viewer_Shows_selected_text_file"/>
    <testcase time="7.65499999999997" classname="shinytest2_tm_file_viewer" name="e2e_tm_file_viewer_Shows_selected_url"/>
    <testcase time="0.0820000000000221" classname="shinytest2_tm_file_viewer" name="e2e_tm_file_viewer_Shows_selected_url"/>
  </testsuite>
  <testsuite name="shinytest2-tm_front_page" timestamp="2025-02-24T16:40:42Z" hostname="5d9102788631" tests="9" skipped="0" failures="0" errors="0" time="20.51">
    <testcase time="3.75199999999998" classname="shinytest2_tm_front_page" name="e2e_tm_front_page_Initializes_without_errors_and_check_html_elements"/>
    <testcase time="0.0040000000000191" classname="shinytest2_tm_front_page" name="e2e_tm_front_page_Initializes_without_errors_and_check_html_elements"/>
    <testcase time="0.0130000000000052" classname="shinytest2_tm_front_page" name="e2e_tm_front_page_Initializes_without_errors_and_check_html_elements"/>
    <testcase time="0.00699999999997658" classname="shinytest2_tm_front_page" name="e2e_tm_front_page_Initializes_without_errors_and_check_html_elements"/>
    <testcase time="3.86500000000001" classname="shinytest2_tm_front_page" name="e2e_tm_front_page_Verify_the_module_displays_tables"/>
    <testcase time="2.06700000000001" classname="shinytest2_tm_front_page" name="e2e_tm_front_page_Verify_the_module_displays_tables"/>
    <testcase time="0.061000000000007" classname="shinytest2_tm_front_page" name="e2e_tm_front_page_Verify_the_module_displays_tables"/>
    <testcase time="2.06699999999998" classname="shinytest2_tm_front_page" name="e2e_tm_front_page_Verify_the_module_displays_tables"/>
    <testcase time="8.67400000000001" classname="shinytest2_tm_front_page" name="e2e_tm_front_page_Verify_the_module_displays_metadata"/>
  </testsuite>
  <testsuite name="shinytest2-tm_g_association" timestamp="2025-02-24T16:41:02Z" hostname="5d9102788631" tests="13" skipped="0" failures="0" errors="0" time="31.577">
    <testcase time="5.94499999999999" classname="shinytest2_tm_g_association" name="e2e_tm_g_association_Data_parameter_and_module_label_is_passed_properly."/>
    <testcase time="0.0040000000000191" classname="shinytest2_tm_g_association" name="e2e_tm_g_association_Data_parameter_and_module_label_is_passed_properly."/>
    <testcase time="0.00999999999999091" classname="shinytest2_tm_g_association" name="e2e_tm_g_association_Data_parameter_and_module_label_is_passed_properly."/>
    <testcase time="6.209" classname="shinytest2_tm_g_association" name="e2e_tm_g_association_Data_extract_spec_elements_are_initialized_with_the_default_values_specified_by_ref_and_vars_arguments."/>
    <testcase time="1.15899999999999" classname="shinytest2_tm_g_association" name="e2e_tm_g_association_Data_extract_spec_elements_are_initialized_with_the_default_values_specified_by_ref_and_vars_arguments."/>
    <testcase time="0.0190000000000055" classname="shinytest2_tm_g_association" name="e2e_tm_g_association_Data_extract_spec_elements_are_initialized_with_the_default_values_specified_by_ref_and_vars_arguments."/>
    <testcase time="1.05099999999999" classname="shinytest2_tm_g_association" name="e2e_tm_g_association_Data_extract_spec_elements_are_initialized_with_the_default_values_specified_by_ref_and_vars_arguments."/>
    <testcase time="8.23099999999999" classname="shinytest2_tm_g_association" name="e2e_tm_g_association_Module_plot_is_visible."/>
    <testcase time="6.11600000000004" classname="shinytest2_tm_g_association" name="e2e_tm_g_association_Check_and_set_default_values_for_radio_buttons."/>
    <testcase time="0.0509999999999877" classname="shinytest2_tm_g_association" name="e2e_tm_g_association_Check_and_set_default_values_for_radio_buttons."/>
    <testcase time="0.0569999999999595" classname="shinytest2_tm_g_association" name="e2e_tm_g_association_Check_and_set_default_values_for_radio_buttons."/>
    <testcase time="2.71500000000003" classname="shinytest2_tm_g_association" name="e2e_tm_g_association_Check_and_set_default_values_for_radio_buttons."/>
    <testcase time="0.00999999999999091" classname="shinytest2_tm_g_association" name="e2e_tm_g_association_Check_and_set_default_values_for_radio_buttons."/>
  </testsuite>
  <testsuite name="shinytest2-tm_g_bivariate" timestamp="2025-02-24T16:41:34Z" hostname="5d9102788631" tests="44" skipped="0" failures="0" errors="0" time="73.843">
    <testcase time="5.22399999999999" classname="shinytest2_tm_g_bivariate" name="e2e_tm_g_bivariate_Module_is_initialised_with_the_specified_defaults."/>
    <testcase time="0.0920000000000414" classname="shinytest2_tm_g_bivariate" name="e2e_tm_g_bivariate_Module_is_initialised_with_the_specified_defaults."/>
    <testcase time="0.05499999999995" classname="shinytest2_tm_g_bivariate" name="e2e_tm_g_bivariate_Module_is_initialised_with_the_specified_defaults."/>
    <testcase time="0.0500000000000114" classname="shinytest2_tm_g_bivariate" name="e2e_tm_g_bivariate_Module_is_initialised_with_the_specified_defaults."/>
    <testcase time="0.0500000000000114" classname="shinytest2_tm_g_bivariate" name="e2e_tm_g_bivariate_Module_is_initialised_with_the_specified_defaults."/>
    <testcase time="0.0500000000000114" classname="shinytest2_tm_g_bivariate" name="e2e_tm_g_bivariate_Module_is_initialised_with_the_specified_defaults."/>
    <testcase time="0.0509999999999877" classname="shinytest2_tm_g_bivariate" name="e2e_tm_g_bivariate_Module_is_initialised_with_the_specified_defaults."/>
    <testcase time="0.0500000000000114" classname="shinytest2_tm_g_bivariate" name="e2e_tm_g_bivariate_Module_is_initialised_with_the_specified_defaults."/>
    <testcase time="0.0489999999999782" classname="shinytest2_tm_g_bivariate" name="e2e_tm_g_bivariate_Module_is_initialised_with_the_specified_defaults."/>
    <testcase time="0.049000000000035" classname="shinytest2_tm_g_bivariate" name="e2e_tm_g_bivariate_Module_is_initialised_with_the_specified_defaults."/>
    <testcase time="0.0499999999999545" classname="shinytest2_tm_g_bivariate" name="e2e_tm_g_bivariate_Module_is_initialised_with_the_specified_defaults."/>
    <testcase time="0.0510000000000446" classname="shinytest2_tm_g_bivariate" name="e2e_tm_g_bivariate_Module_is_initialised_with_the_specified_defaults."/>
    <testcase time="0.0509999999999877" classname="shinytest2_tm_g_bivariate" name="e2e_tm_g_bivariate_Module_is_initialised_with_the_specified_defaults."/>
    <testcase time="0.0509999999999877" classname="shinytest2_tm_g_bivariate" name="e2e_tm_g_bivariate_Module_is_initialised_with_the_specified_defaults."/>
    <testcase time="0.0500000000000114" classname="shinytest2_tm_g_bivariate" name="e2e_tm_g_bivariate_Module_is_initialised_with_the_specified_defaults."/>
    <testcase time="0.0500000000000114" classname="shinytest2_tm_g_bivariate" name="e2e_tm_g_bivariate_Module_is_initialised_with_the_specified_defaults."/>
    <testcase time="0.0499999999999545" classname="shinytest2_tm_g_bivariate" name="e2e_tm_g_bivariate_Module_is_initialised_with_the_specified_defaults."/>
    <testcase time="0.0510000000000446" classname="shinytest2_tm_g_bivariate" name="e2e_tm_g_bivariate_Module_is_initialised_with_the_specified_defaults."/>
    <testcase time="7.411" classname="shinytest2_tm_g_bivariate" name="e2e_tm_g_bivariate_Coloring_options_are_hidden_when_coloring_is_toggled_off."/>
    <testcase time="2.09999999999997" classname="shinytest2_tm_g_bivariate" name="e2e_tm_g_bivariate_Coloring_options_are_hidden_when_coloring_is_toggled_off."/>
    <testcase time="2.11500000000001" classname="shinytest2_tm_g_bivariate" name="e2e_tm_g_bivariate_Coloring_options_are_hidden_when_coloring_is_toggled_off."/>
    <testcase time="3.12799999999999" classname="shinytest2_tm_g_bivariate" name="e2e_tm_g_bivariate_Coloring_options_are_hidden_when_coloring_is_toggled_off."/>
    <testcase time="2.12400000000002" classname="shinytest2_tm_g_bivariate" name="e2e_tm_g_bivariate_Coloring_options_are_hidden_when_coloring_is_toggled_off."/>
    <testcase time="2.11700000000002" classname="shinytest2_tm_g_bivariate" name="e2e_tm_g_bivariate_Coloring_options_are_hidden_when_coloring_is_toggled_off."/>
    <testcase time="7.471" classname="shinytest2_tm_g_bivariate" name="e2e_tm_g_bivariate_Facetting_options_are_hidden_when_facet_is_toggled_off."/>
    <testcase time="2.10599999999999" classname="shinytest2_tm_g_bivariate" name="e2e_tm_g_bivariate_Facetting_options_are_hidden_when_facet_is_toggled_off."/>
    <testcase time="2.11099999999999" classname="shinytest2_tm_g_bivariate" name="e2e_tm_g_bivariate_Facetting_options_are_hidden_when_facet_is_toggled_off."/>
    <testcase time="2.11399999999998" classname="shinytest2_tm_g_bivariate" name="e2e_tm_g_bivariate_Facetting_options_are_hidden_when_facet_is_toggled_off."/>
    <testcase time="3.202" classname="shinytest2_tm_g_bivariate" name="e2e_tm_g_bivariate_Facetting_options_are_hidden_when_facet_is_toggled_off."/>
    <testcase time="2.10500000000002" classname="shinytest2_tm_g_bivariate" name="e2e_tm_g_bivariate_Facetting_options_are_hidden_when_facet_is_toggled_off."/>
    <testcase time="2.11500000000001" classname="shinytest2_tm_g_bivariate" name="e2e_tm_g_bivariate_Facetting_options_are_hidden_when_facet_is_toggled_off."/>
    <testcase time="2.113" classname="shinytest2_tm_g_bivariate" name="e2e_tm_g_bivariate_Facetting_options_are_hidden_when_facet_is_toggled_off."/>
    <testcase time="6.53100000000001" classname="shinytest2_tm_g_bivariate" name="e2e_tm_g_bivariate_Setting_encoding_inputs_produces_outputs_without_validation_errors."/>
    <testcase time="0.524000000000001" classname="shinytest2_tm_g_bivariate" name="e2e_tm_g_bivariate_Setting_encoding_inputs_produces_outputs_without_validation_errors."/>
    <testcase time="1.15799999999996" classname="shinytest2_tm_g_bivariate" name="e2e_tm_g_bivariate_Setting_encoding_inputs_produces_outputs_without_validation_errors."/>
    <testcase time="2.09800000000001" classname="shinytest2_tm_g_bivariate" name="e2e_tm_g_bivariate_Setting_encoding_inputs_produces_outputs_without_validation_errors."/>
    <testcase time="1.16800000000001" classname="shinytest2_tm_g_bivariate" name="e2e_tm_g_bivariate_Setting_encoding_inputs_produces_outputs_without_validation_errors."/>
    <testcase time="1.83999999999997" classname="shinytest2_tm_g_bivariate" name="e2e_tm_g_bivariate_Setting_encoding_inputs_produces_outputs_without_validation_errors."/>
    <testcase time="1.90900000000005" classname="shinytest2_tm_g_bivariate" name="e2e_tm_g_bivariate_Setting_encoding_inputs_produces_outputs_without_validation_errors."/>
    <testcase time="1.89400000000001" classname="shinytest2_tm_g_bivariate" name="e2e_tm_g_bivariate_Setting_encoding_inputs_produces_outputs_without_validation_errors."/>
    <testcase time="1.97099999999995" classname="shinytest2_tm_g_bivariate" name="e2e_tm_g_bivariate_Setting_encoding_inputs_produces_outputs_without_validation_errors."/>
    <testcase time="2.08500000000004" classname="shinytest2_tm_g_bivariate" name="e2e_tm_g_bivariate_Setting_encoding_inputs_produces_outputs_without_validation_errors."/>
    <testcase time="2.108" classname="shinytest2_tm_g_bivariate" name="e2e_tm_g_bivariate_Setting_encoding_inputs_produces_outputs_without_validation_errors."/>
    <testcase time="2.101" classname="shinytest2_tm_g_bivariate" name="e2e_tm_g_bivariate_Setting_encoding_inputs_produces_outputs_without_validation_errors."/>
  </testsuite>
  <testsuite name="shinytest2-tm_g_distribution" timestamp="2025-02-24T16:43:12Z" hostname="5d9102788631" tests="20" skipped="0" failures="0" errors="0" time="57.395">
    <testcase time="30.23" classname="shinytest2_tm_g_distribution" name="e2e_tm_g_distribution_Module_is_initialised_with_the_specified_defaults."/>
    <testcase time="0.0480000000000018" classname="shinytest2_tm_g_distribution" name="e2e_tm_g_distribution_Module_is_initialised_with_the_specified_defaults."/>
    <testcase time="0.0570000000000164" classname="shinytest2_tm_g_distribution" name="e2e_tm_g_distribution_Module_is_initialised_with_the_specified_defaults."/>
    <testcase time="0.0550000000000068" classname="shinytest2_tm_g_distribution" name="e2e_tm_g_distribution_Module_is_initialised_with_the_specified_defaults."/>
    <testcase time="0.0509999999999877" classname="shinytest2_tm_g_distribution" name="e2e_tm_g_distribution_Module_is_initialised_with_the_specified_defaults."/>
    <testcase time="0.0500000000000114" classname="shinytest2_tm_g_distribution" name="e2e_tm_g_distribution_Module_is_initialised_with_the_specified_defaults."/>
    <testcase time="0.0500000000000114" classname="shinytest2_tm_g_distribution" name="e2e_tm_g_distribution_Module_is_initialised_with_the_specified_defaults."/>
    <testcase time="0.0500000000000114" classname="shinytest2_tm_g_distribution" name="e2e_tm_g_distribution_Module_is_initialised_with_the_specified_defaults."/>
    <testcase time="0.0489999999999782" classname="shinytest2_tm_g_distribution" name="e2e_tm_g_distribution_Module_is_initialised_with_the_specified_defaults."/>
    <testcase time="0.680000000000007" classname="shinytest2_tm_g_distribution" name="e2e_tm_g_distribution_Module_is_initialised_with_the_specified_defaults."/>
    <testcase time="6.06" classname="shinytest2_tm_g_distribution" name="e2e_tm_g_distribution_Histogram_encoding_inputs_produce_output_without_validation_errors."/>
    <testcase time="2.19099999999997" classname="shinytest2_tm_g_distribution" name="e2e_tm_g_distribution_Histogram_encoding_inputs_produce_output_without_validation_errors."/>
    <testcase time="1.31700000000001" classname="shinytest2_tm_g_distribution" name="e2e_tm_g_distribution_Histogram_encoding_inputs_produce_output_without_validation_errors."/>
    <testcase time="0.965000000000032" classname="shinytest2_tm_g_distribution" name="e2e_tm_g_distribution_Histogram_encoding_inputs_produce_output_without_validation_errors."/>
    <testcase time="1.67399999999998" classname="shinytest2_tm_g_distribution" name="e2e_tm_g_distribution_Histogram_encoding_inputs_produce_output_without_validation_errors."/>
    <testcase time="1.64999999999998" classname="shinytest2_tm_g_distribution" name="e2e_tm_g_distribution_Histogram_encoding_inputs_produce_output_without_validation_errors."/>
    <testcase time="1.048" classname="shinytest2_tm_g_distribution" name="e2e_tm_g_distribution_Histogram_encoding_inputs_produce_output_without_validation_errors."/>
    <testcase time="0.93100000000004" classname="shinytest2_tm_g_distribution" name="e2e_tm_g_distribution_Histogram_encoding_inputs_produce_output_without_validation_errors."/>
    <testcase time="6.09199999999998" classname="shinytest2_tm_g_distribution" name="e2e_tm_g_distribution_QQ_plot_encoding_inputs_produce_output_without_validation_errors."/>
    <testcase time="4.14699999999999" classname="shinytest2_tm_g_distribution" name="e2e_tm_g_distribution_QQ_plot_encoding_inputs_produce_output_without_validation_errors."/>
  </testsuite>
  <testsuite name="shinytest2-tm_g_response" timestamp="2025-02-24T16:43:45Z" hostname="5d9102788631" tests="17" skipped="0" failures="0" errors="0" time="29.153">
    <testcase time="4.995" classname="shinytest2_tm_g_response" name="e2e_tm_g_response_module_is_initialised_with_the_specified_defaults."/>
    <testcase time="0.0880000000000223" classname="shinytest2_tm_g_response" name="e2e_tm_g_response_module_is_initialised_with_the_specified_defaults."/>
    <testcase time="0.0539999999999736" classname="shinytest2_tm_g_response" name="e2e_tm_g_response_module_is_initialised_with_the_specified_defaults."/>
    <testcase time="0.049000000000035" classname="shinytest2_tm_g_response" name="e2e_tm_g_response_module_is_initialised_with_the_specified_defaults."/>
    <testcase time="0.0509999999999877" classname="shinytest2_tm_g_response" name="e2e_tm_g_response_module_is_initialised_with_the_specified_defaults."/>
    <testcase time="0.0500000000000114" classname="shinytest2_tm_g_response" name="e2e_tm_g_response_module_is_initialised_with_the_specified_defaults."/>
    <testcase time="0.0499999999999545" classname="shinytest2_tm_g_response" name="e2e_tm_g_response_module_is_initialised_with_the_specified_defaults."/>
    <testcase time="0.0480000000000018" classname="shinytest2_tm_g_response" name="e2e_tm_g_response_module_is_initialised_with_the_specified_defaults."/>
    <testcase time="6.19999999999999" classname="shinytest2_tm_g_response" name="e2e_tm_g_response_encoding_inputs_produce_output_without_validation_errors."/>
    <testcase time="1.18400000000003" classname="shinytest2_tm_g_response" name="e2e_tm_g_response_encoding_inputs_produce_output_without_validation_errors."/>
    <testcase time="1.084" classname="shinytest2_tm_g_response" name="e2e_tm_g_response_encoding_inputs_produce_output_without_validation_errors."/>
    <testcase time="1.00400000000002" classname="shinytest2_tm_g_response" name="e2e_tm_g_response_encoding_inputs_produce_output_without_validation_errors."/>
    <testcase time="0.993999999999971" classname="shinytest2_tm_g_response" name="e2e_tm_g_response_encoding_inputs_produce_output_without_validation_errors."/>
    <testcase time="1.01400000000001" classname="shinytest2_tm_g_response" name="e2e_tm_g_response_encoding_inputs_produce_output_without_validation_errors."/>
    <testcase time="1.05000000000001" classname="shinytest2_tm_g_response" name="e2e_tm_g_response_encoding_inputs_produce_output_without_validation_errors."/>
    <testcase time="5.62700000000001" classname="shinytest2_tm_g_response" name="e2e_tm_g_response_deselecting_response_produces_validation_error."/>
    <testcase time="5.61099999999999" classname="shinytest2_tm_g_response" name="e2e_tm_g_response_deselecting_x_produces_validation_error."/>
  </testsuite>
  <testsuite name="shinytest2-tm_g_scatterplot" timestamp="2025-02-24T16:44:14Z" hostname="5d9102788631" tests="35" skipped="0" failures="0" errors="0" time="73.3">
    <testcase time="5.20599999999996" classname="shinytest2_tm_g_scatterplot" name="e2e_tm_g_scatterplot_Module_is_initialised_with_the_specified_defaults."/>
    <testcase time="0.049000000000035" classname="shinytest2_tm_g_scatterplot" name="e2e_tm_g_scatterplot_Module_is_initialised_with_the_specified_defaults."/>
    <testcase time="0.0539999999999736" classname="shinytest2_tm_g_scatterplot" name="e2e_tm_g_scatterplot_Module_is_initialised_with_the_specified_defaults."/>
    <testcase time="0.05600000000004" classname="shinytest2_tm_g_scatterplot" name="e2e_tm_g_scatterplot_Module_is_initialised_with_the_specified_defaults."/>
    <testcase time="0.0509999999999877" classname="shinytest2_tm_g_scatterplot" name="e2e_tm_g_scatterplot_Module_is_initialised_with_the_specified_defaults."/>
    <testcase time="0.0519999999999641" classname="shinytest2_tm_g_scatterplot" name="e2e_tm_g_scatterplot_Module_is_initialised_with_the_specified_defaults."/>
    <testcase time="0.0500000000000114" classname="shinytest2_tm_g_scatterplot" name="e2e_tm_g_scatterplot_Module_is_initialised_with_the_specified_defaults."/>
    <testcase time="0.0500000000000114" classname="shinytest2_tm_g_scatterplot" name="e2e_tm_g_scatterplot_Module_is_initialised_with_the_specified_defaults."/>
    <testcase time="0.0509999999999877" classname="shinytest2_tm_g_scatterplot" name="e2e_tm_g_scatterplot_Module_is_initialised_with_the_specified_defaults."/>
    <testcase time="0.0500000000000114" classname="shinytest2_tm_g_scatterplot" name="e2e_tm_g_scatterplot_Module_is_initialised_with_the_specified_defaults."/>
    <testcase time="0.0500000000000114" classname="shinytest2_tm_g_scatterplot" name="e2e_tm_g_scatterplot_Module_is_initialised_with_the_specified_defaults."/>
    <testcase time="0.0489999999999782" classname="shinytest2_tm_g_scatterplot" name="e2e_tm_g_scatterplot_Module_is_initialised_with_the_specified_defaults."/>
    <testcase time="0.049000000000035" classname="shinytest2_tm_g_scatterplot" name="e2e_tm_g_scatterplot_Module_is_initialised_with_the_specified_defaults."/>
    <testcase time="0.0509999999999877" classname="shinytest2_tm_g_scatterplot" name="e2e_tm_g_scatterplot_Module_is_initialised_with_the_specified_defaults."/>
    <testcase time="0.0509999999999877" classname="shinytest2_tm_g_scatterplot" name="e2e_tm_g_scatterplot_Module_is_initialised_with_the_specified_defaults."/>
    <testcase time="0.0500000000000114" classname="shinytest2_tm_g_scatterplot" name="e2e_tm_g_scatterplot_Module_is_initialised_with_the_specified_defaults."/>
    <testcase time="6.09699999999998" classname="shinytest2_tm_g_scatterplot" name="e2e_tm_g_scatterplot_Base_for_the_log_transformation_can_be_applied."/>
    <testcase time="0.819999999999993" classname="shinytest2_tm_g_scatterplot" name="e2e_tm_g_scatterplot_Base_for_the_log_transformation_can_be_applied."/>
    <testcase time="0.841000000000008" classname="shinytest2_tm_g_scatterplot" name="e2e_tm_g_scatterplot_Base_for_the_log_transformation_can_be_applied."/>
    <testcase time="0.828000000000031" classname="shinytest2_tm_g_scatterplot" name="e2e_tm_g_scatterplot_Base_for_the_log_transformation_can_be_applied."/>
    <testcase time="6.834" classname="shinytest2_tm_g_scatterplot" name="e2e_tm_g_scatterplot_The_log_transform_is_only_possible_for_positive_numeric_vars."/>
    <testcase time="0.889999999999986" classname="shinytest2_tm_g_scatterplot" name="e2e_tm_g_scatterplot_The_log_transform_is_only_possible_for_positive_numeric_vars."/>
    <testcase time="1.48899999999998" classname="shinytest2_tm_g_scatterplot" name="e2e_tm_g_scatterplot_The_log_transform_is_only_possible_for_positive_numeric_vars."/>
    <testcase time="7.04200000000003" classname="shinytest2_tm_g_scatterplot" name="e2e_tm_g_scatterplot_Get_validation_error_when_facetting_with_the_same_row_col_variable."/>
    <testcase time="6.286" classname="shinytest2_tm_g_scatterplot" name="e2e_tm_g_scatterplot_The_encoding_inputs_produce_output_without_validation_errors."/>
    <testcase time="0.961000000000013" classname="shinytest2_tm_g_scatterplot" name="e2e_tm_g_scatterplot_The_encoding_inputs_produce_output_without_validation_errors."/>
    <testcase time="1.33799999999997" classname="shinytest2_tm_g_scatterplot" name="e2e_tm_g_scatterplot_The_encoding_inputs_produce_output_without_validation_errors."/>
    <testcase time="1.79599999999999" classname="shinytest2_tm_g_scatterplot" name="e2e_tm_g_scatterplot_The_encoding_inputs_produce_output_without_validation_errors."/>
    <testcase time="1.81299999999999" classname="shinytest2_tm_g_scatterplot" name="e2e_tm_g_scatterplot_The_encoding_inputs_produce_output_without_validation_errors."/>
    <testcase time="1.54899999999998" classname="shinytest2_tm_g_scatterplot" name="e2e_tm_g_scatterplot_The_encoding_inputs_produce_output_without_validation_errors."/>
    <testcase time="1.51100000000002" classname="shinytest2_tm_g_scatterplot" name="e2e_tm_g_scatterplot_The_encoding_inputs_produce_output_without_validation_errors."/>
    <testcase time="20.532" classname="shinytest2_tm_g_scatterplot" name="e2e_tm_g_scatterplot_The_encoding_inputs_produce_output_without_validation_errors."/>
    <testcase time="1.57600000000002" classname="shinytest2_tm_g_scatterplot" name="e2e_tm_g_scatterplot_The_encoding_inputs_produce_output_without_validation_errors."/>
    <testcase time="3.048" classname="shinytest2_tm_g_scatterplot" name="e2e_tm_g_scatterplot_The_encoding_inputs_produce_output_without_validation_errors."/>
    <testcase time="2.07999999999998" classname="shinytest2_tm_g_scatterplot" name="e2e_tm_g_scatterplot_The_encoding_inputs_produce_output_without_validation_errors."/>
  </testsuite>
  <testsuite name="shinytest2-tm_g_scatterplotmatrix" timestamp="2025-02-24T16:45:27Z" hostname="5d9102788631" tests="9" skipped="0" failures="0" errors="0" time="27.702">
    <testcase time="5.029" classname="shinytest2_tm_g_scatterplotmatrix" name="e2e_tm_g_scatterplotmatrix_Initializes_without_errors"/>
    <testcase time="0.0040000000000191" classname="shinytest2_tm_g_scatterplotmatrix" name="e2e_tm_g_scatterplotmatrix_Initializes_without_errors"/>
    <testcase time="0.00900000000001455" classname="shinytest2_tm_g_scatterplotmatrix" name="e2e_tm_g_scatterplotmatrix_Initializes_without_errors"/>
    <testcase time="7.12199999999996" classname="shinytest2_tm_g_scatterplotmatrix" name="e2e_tm_g_scatterplotmatrix_Verify_module_displays_data_table"/>
    <testcase time="5.077" classname="shinytest2_tm_g_scatterplotmatrix" name="e2e_tm_g_scatterplotmatrix_Verify_default_values_and_settings_data_extracts_for_data_selection"/>
    <testcase time="0.00100000000009004" classname="shinytest2_tm_g_scatterplotmatrix" name="e2e_tm_g_scatterplotmatrix_Verify_default_values_and_settings_data_extracts_for_data_selection"/>
    <testcase time="1.43999999999994" classname="shinytest2_tm_g_scatterplotmatrix" name="e2e_tm_g_scatterplotmatrix_Verify_default_values_and_settings_data_extracts_for_data_selection"/>
    <testcase time="6.447" classname="shinytest2_tm_g_scatterplotmatrix" name="e2e_tm_g_scatterplotmatrix_Change_plot_settings"/>
    <testcase time="2.57299999999998" classname="shinytest2_tm_g_scatterplotmatrix" name="e2e_tm_g_scatterplotmatrix_Change_plot_settings"/>
  </testsuite>
  <testsuite name="shinytest2-tm_misssing_data" timestamp="2025-02-24T16:45:55Z" hostname="5d9102788631" tests="26" skipped="0" failures="0" errors="0" time="47.473">
    <testcase time="0.225999999999999" classname="shinytest2_tm_misssing_data" name="e2e_tm_missing_data_Initializes_without_errors"/>
    <testcase time="5.08699999999999" classname="shinytest2_tm_misssing_data" name="e2e_tm_missing_data_Initializes_without_errors"/>
    <testcase time="0.00999999999999091" classname="shinytest2_tm_misssing_data" name="e2e_tm_missing_data_Initializes_without_errors"/>
    <testcase time="0.0040000000000191" classname="shinytest2_tm_misssing_data" name="e2e_tm_missing_data_Initializes_without_errors"/>
    <testcase time="0.22199999999998" classname="shinytest2_tm_misssing_data" name="e2e_tm_missing_data_Default_settings_and_visibility_of_the_summary_graph"/>
    <testcase time="5.00300000000004" classname="shinytest2_tm_misssing_data" name="e2e_tm_missing_data_Default_settings_and_visibility_of_the_summary_graph"/>
    <testcase time="0.05499999999995" classname="shinytest2_tm_misssing_data" name="e2e_tm_missing_data_Default_settings_and_visibility_of_the_summary_graph"/>
    <testcase time="3.01600000000008" classname="shinytest2_tm_misssing_data" name="e2e_tm_missing_data_Default_settings_and_visibility_of_the_summary_graph"/>
    <testcase time="2.78300000000002" classname="shinytest2_tm_misssing_data" name="e2e_tm_missing_data_Default_settings_and_visibility_of_the_summary_graph"/>
    <testcase time="2.09899999999993" classname="shinytest2_tm_misssing_data" name="e2e_tm_missing_data_Default_settings_and_visibility_of_the_summary_graph"/>
    <testcase time="0.218000000000075" classname="shinytest2_tm_misssing_data" name="e2e_tm_missing_data_Check_default_settings_and_visibility_of_the_combinations_graph_and_encodings"/>
    <testcase time="5.06700000000001" classname="shinytest2_tm_misssing_data" name="e2e_tm_missing_data_Check_default_settings_and_visibility_of_the_combinations_graph_and_encodings"/>
    <testcase time="1.64699999999993" classname="shinytest2_tm_misssing_data" name="e2e_tm_missing_data_Check_default_settings_and_visibility_of_the_combinations_graph_and_encodings"/>
    <testcase time="2.11699999999996" classname="shinytest2_tm_misssing_data" name="e2e_tm_missing_data_Check_default_settings_and_visibility_of_the_combinations_graph_and_encodings"/>
    <testcase time="2.11200000000008" classname="shinytest2_tm_misssing_data" name="e2e_tm_missing_data_Check_default_settings_and_visibility_of_the_combinations_graph_and_encodings"/>
    <testcase time="0.111999999999966" classname="shinytest2_tm_misssing_data" name="e2e_tm_missing_data_Check_default_settings_and_visibility_of_the_combinations_graph_and_encodings"/>
    <testcase time="1.14300000000003" classname="shinytest2_tm_misssing_data" name="e2e_tm_missing_data_Check_default_settings_and_visibility_of_the_combinations_graph_and_encodings"/>
    <testcase time="0.222999999999956" classname="shinytest2_tm_misssing_data" name="e2e_tm_missing_data_Validate_functionality_and_UI_response_for_By_Variable_Levels_"/>
    <testcase time="6.09100000000001" classname="shinytest2_tm_misssing_data" name="e2e_tm_missing_data_Validate_functionality_and_UI_response_for_By_Variable_Levels_"/>
    <testcase time="0.0589999999999691" classname="shinytest2_tm_misssing_data" name="e2e_tm_missing_data_Validate_functionality_and_UI_response_for_By_Variable_Levels_"/>
    <testcase time="0.0500000000000682" classname="shinytest2_tm_misssing_data" name="e2e_tm_missing_data_Validate_functionality_and_UI_response_for_By_Variable_Levels_"/>
    <testcase time="0.833999999999946" classname="shinytest2_tm_misssing_data" name="e2e_tm_missing_data_Validate_functionality_and_UI_response_for_By_Variable_Levels_"/>
    <testcase time="0.00900000000001455" classname="shinytest2_tm_misssing_data" name="e2e_tm_missing_data_Validate_functionality_and_UI_response_for_By_Variable_Levels_"/>
    <testcase time="2.95500000000004" classname="shinytest2_tm_misssing_data" name="e2e_tm_missing_data_Validate_functionality_and_UI_response_for_By_Variable_Levels_"/>
    <testcase time="0.216999999999985" classname="shinytest2_tm_misssing_data" name="e2e_tm_missing_data_Validate_By_Variable_Levels_table_values"/>
    <testcase time="6.11400000000003" classname="shinytest2_tm_misssing_data" name="e2e_tm_missing_data_Validate_By_Variable_Levels_table_values"/>
  </testsuite>
  <testsuite name="shinytest2-tm_outliers" timestamp="2025-02-24T16:46:42Z" hostname="5d9102788631" tests="10" skipped="0" failures="0" errors="10" time="1026.627">
    <testcase time="102.69" classname="shinytest2_tm_outliers" name="e2e_tm_outliers_Data_parameter_and_module_label_is_passed_properly.">
      <error type="error" message="Error in `app_initialize(self, private, app_dir = app_dir, ..., load_timeout = load_timeout,  ('test-shinytest2-tm_outliers.R:54:3')">Error in `app_initialize(self, private, app_dir = app_dir, ..., load_timeout = load_timeout, 
    timeout = timeout, wait = wait, expect_values_screenshot_args = expect_values_screenshot_args, 
    screenshot_args = screenshot_args, check_names = check_names, 
    name = name, variant = variant, view = view, height = height, 
    width = width, seed = seed, clean_logs = clean_logs, shiny_args = shiny_args, 
    render_args = render_args, options = options)`: Shiny app did not become stable in 1e+05ms.
Message: An error occurred while waiting for Shiny to be stable
Caused by error in `app_wait_for_idle()`:
! An error occurred while waiting for Shiny to be stable


ℹ You can inspect the failed AppDriver object via `rlang::last_error()$app`
ℹ AppDriver logs:
{shinytest2} R  info    16:46:43.26 Start AppDriver initialization
{shinytest2} R  info    16:46:43.31 Starting Shiny app
{shinytest2} R  info    16:46:44.33 Creating new ChromoteSession
{shinytest2} R  info    16:46:44.37 Navigating to Shiny app
{shinytest2} R  info    16:46:45.00 Injecting shiny-tracer.js
{chromote}   JS info    16:46:45.02 shinytest2; jQuery not found
{chromote}   JS info    16:46:45.02 shinytest2; Loaded
{shinytest2} R  info    16:46:45.02 Waiting for Shiny to become ready
{chromote}   JS info    16:46:45.07 shinytest2; jQuery found
{chromote}   JS info    16:46:45.07 shinytest2; Waiting for shiny session to connect
{chromote}   JS info    16:46:45.37 shinytest2; Connected
{chromote}   JS info    16:46:45.44 shinytest2; shiny:busy
{shinytest2} R  info    16:46:45.45 Waiting for Shiny to become idle for 200ms within 1e+05ms
{chromote}   JS info    16:46:45.45 shinytest2; Waiting for Shiny to be stable
{chromote}   JS warning 16:46:46.46 Couldn't perform validation update on input with id 'teal-teal_modules-outliers_module-module-categorical_var-dataset_CO2_singleextract-select': input not found
                                    (anonymous) @ shinyvalidate-0.1.3/shinyvalidate.js:3443:18
                                    (anonymous) @ shiny-javascript-1.10.0/shiny.min.js:1:407159
                                    m           @ shiny-javascript-1.10.0/shiny.min.js:1:388827
                                    (anonymous) @ shiny-javascript-1.10.0/shiny.min.js:1:390150
                                    (anonymous) @ shiny-javascript-1.10.0/shiny.min.js:1:389186
                                    nT          @ shiny-javascript-1.10.0/shiny.min.js:1:394797
                                    s           @ shiny-javascript-1.10.0/shiny.min.js:1:394995
                                    (anonymous) @ shiny-javascript-1.10.0/shiny.min.js:1:395056
                                    (anonymous) @ shiny-javascript-1.10.0/shiny.min.js:1:394936
                                    t           @ shiny-javascript-1.10.0/shiny.min.js:1:407274
                                    (anonymous) @ shiny-javascript-1.10.0/shiny.min.js:1:410753
                                    m           @ shiny-javascript-1.10.0/shiny.min.js:1:388827
                                    (anonymous) @ shiny-javascript-1.10.0/shiny.min.js:1:390150
                                    (anonymous) @ shiny-javascript-1.10.0/shiny.min.js:1:389186
                                    nT          @ shiny-javascript-1.10.0/shiny.min.js:1:394797
                                    s           @ shiny-javascript-1.10.0/shiny.min.js:1:394995
                                    (anonymous) @ shiny-javascript-1.10.0/shiny.min.js:1:395056
                                    (anonymous) @ shiny-javascript-1.10.0/shiny.min.js:1:394936
                                    (anonymous) @ shiny-javascript-1.10.0/shiny.min.js:1:410855
                                    (anonymous) @ shiny-javascript-1.10.0/shiny.min.js:1:407159
                                    m           @ shiny-javascript-1.10.0/shiny.min.js:1:388827
                                    (anonymous) @ shiny-javascript-1.10.0/shiny.min.js:1:390150
                                    (anonymous) @ shiny-javascript-1.10.0/shiny.min.js:1:389186
                                    nT          @ shiny-javascript-1.10.0/shiny.min.js:1:394797
                                    s           @ shiny-javascript-1.10.0/shiny.min.js:1:394995
                                    (anonymous) @ shiny-javascript-1.10.0/shiny.min.js:1:395056
                                    (anonymous) @ shiny-javascript-1.10.0/shiny.min.js:1:394936
                                    t           @ shiny-javascript-1.10.0/shiny.min.js:1:407274
                                    (anonymous) @ shiny-javascript-1.10.0/shiny.min.js:1:406722
                                    m           @ shiny-javascript-1.10.0/shiny.min.js:1:388827
                                    (anonymous) @ shiny-javascript-1.10.0/shiny.min.js:1:390150
                                    (anonymous) @ shiny-javascript-1.10.0/shiny.min.js:1:389186
                                    nT          @ shiny-javascript-1.10.0/shiny.min.js:1:394797
                                    s           @ shiny-javascript-1.10.0/shiny.min.js:1:394995
                                    (anonymous) @ shiny-javascript-1.10.0/shiny.min.js:1:395056
                                    (anonymous) @ shiny-javascript-1.10.0/shiny.min.js:1:394936
                                    t           @ shiny-javascript-1.10.0/shiny.min.js:1:406868
                                    (anonymous) @ shiny-javascript-1.10.0/shiny.min.js:1:400961
                                    m           @ shiny-javascript-1.10.0/shiny.min.js:1:388827
                                    (anonymous) @ shiny-javascript-1.10.0/shiny.min.js:1:390150
                                    (anonymous) @ shiny-javascript-1.10.0/shiny.min.js:1:389186
                                    nT          @ shiny-javascript-1.10.0/shiny.min.js:1:394797
                                    s           @ shiny-javascript-1.10.0/shiny.min.js:1:394995
                                    (anonymous) @ shiny-javascript-1.10.0/shiny.min.js:1:395056
                                    (anonymous) @ shiny-javascript-1.10.0/shiny.min.js:1:394936
                                    (anonymous) @ shiny-javascript-1.10.0/shiny.min.js:1:401480
                                    m           @ shiny-javascript-1.10.0/shiny.min.js:1:388827
                                    (anonymous) @ shiny-javascript-1.10.0/shiny.min.js:1:390150
                                    (anonymous) @ shiny-javascript-1.10.0/shiny.min.js:1:389186
                                    nT          @ shiny-javascript-1.10.0/shiny.min.js:1:394797
                                    s           @ shiny-javascript-1.10.0/shiny.min.js:1:394995
{shinytest2} R  info    16:48:25.47 Error while initializing AppDriver:
                                    Shiny app did not become stable in 1e+05ms.
                                    Message: An error occurred while waiting for Shiny to be stable
                                    Caused by error in `app_wait_for_idle()`:
                                    ! An error occurred while waiting for Shiny to be stable
{shiny}      R  stderr  ----------- Loading required package: shiny
{shiny}      R  stderr  ----------- Attempting to load the environment ‘package:nestcolor’
{shiny}      R  stderr  ----------- Loading required package: ggmosaic
{shiny}      R  stderr  ----------- Loading required package: ggplot2
{shiny}      R  stderr  ----------- Loading required package: teal
{shiny}      R  stderr  ----------- Loading required package: teal.data
{shiny}      R  stderr  ----------- Loading required package: teal.code
{shiny}      R  stderr  ----------- Loading required package: teal.slice
{shiny}      R  stderr  ----------- 
{shiny}      R  stderr  ----------- You are using teal version 0.16.0
{shiny}      R  stderr  ----------- 
{shiny}      R  stderr  ----------- Attaching package: ‘teal’
{shiny}      R  stderr  ----------- 
{shiny}      R  stderr  ----------- The following objects are masked from ‘package:teal.slice’:
{shiny}      R  stderr  ----------- 
{shiny}      R  stderr  -----------     as.teal_slices, teal_slices
{shiny}      R  stderr  ----------- 
{shiny}      R  stderr  ----------- Loading required package: teal.transform
{shiny}      R  stderr  ----------- Running application in test mode.
{shiny}      R  stderr  ----------- 
{shiny}      R  stderr  ----------- Listening on http://127.0.0.1:7160
{shiny}      R  stderr  ----------- Initializing reporter_previewer_module
{shiny}      R  stderr  ----------- Initializing reporter_previewer_module
{shiny}      R  stderr  ----------- Warning: Error in &lt;Anonymous&gt;: error in evaluating the argument 'code' in selecting a method for function 'eval_code': object of type 'symbol' is not subsettable
{shiny}      R  stderr  -----------   251: &lt;Anonymous&gt;
{shiny}      R  stderr  -----------   250: identical
{shiny}      R  stderr  -----------   249: FUN
{shiny}      R  stderr  -----------   248: lapply
{shiny}      R  stderr  -----------   247: FUN
{shiny}      R  stderr  -----------   246: lapply
{shiny}      R  stderr  -----------   245: remove_pipe_null
{shiny}      R  stderr  -----------   244: %&gt;%
{shiny}      R  stderr  -----------   242: &lt;reactive&gt;
{shiny}      R  stderr  -----------   222: common_code_q
{shiny}      R  stderr  -----------   215: &lt;reactive&gt;
{shiny}      R  stderr  -----------   195: data
{shiny}      R  stderr  -----------   189: &lt;reactive&gt;
{shiny}      R  stderr  -----------   169: decorated_q[[req(current_tab_r())]]
{shiny}      R  stderr  -----------   168: &lt;reactive&gt;
{shiny}      R  stderr  -----------   148: data
{shiny}      R  stderr  -----------   142: &lt;reactive&gt;
{shiny}      R  stderr  -----------   122: decorated_final_q
{shiny}      R  stderr  -----------   121: exprFunc
{shiny}      R  stderr  -----------   120: widgetFunc
{shiny}      R  stderr  -----------   119: ::
{shiny}      R  stderr  ----------- htmlwidgets
{shiny}      R  stderr  ----------- shinyRenderWidget
{shiny}      R  stderr  -----------   118: func
{shiny}      R  stderr  -----------   105: renderFunc
{shiny}      R  stderr  -----------   104: renderFunc
{shiny}      R  stderr  -----------   100: renderFunc
{shiny}      R  stderr  -----------    99: output$teal-teal_modules-outliers_module-module-summary_table
{shiny}      R  stderr  -----------    14: &lt;Anonymous&gt;
{shiny}      R  stderr  -----------    12: &lt;Anonymous&gt;
{shiny}      R  stderr  -----------    11: &lt;Anonymous&gt;
{shiny}      R  stderr  -----------    10: base::do.call
{shiny}      R  stderr  -----------     9: base::saveRDS
{shiny}      R  stderr  -----------     8: base::withCallingHandlers
{shiny}      R  stderr  -----------     7: doTryCatch
{shiny}      R  stderr  -----------     6: tryCatchOne
{shiny}      R  stderr  -----------     5: tryCatchList
{shiny}      R  stderr  -----------     2: tryCatchList
{shiny}      R  stderr  -----------     1: base::tryCatch
{shiny}      R  stderr  ----------- Warning: Error in &lt;Anonymous&gt;: error in evaluating the argument 'code' in selecting a method for function 'eval_code': object of type 'symbol' is not subsettable
{shiny}      R  stderr  -----------   251: &lt;Anonymous&gt;
{shiny}      R  stderr  -----------   250: identical
{shiny}      R  stderr  -----------   249: FUN
{shiny}      R  stderr  -----------   248: lapply
{shiny}      R  stderr  -----------   247: FUN
{shiny}      R  stderr  -----------   246: lapply
{shiny}      R  stderr  -----------   245: remove_pipe_null
{shiny}      R  stderr  -----------   244: %&gt;%
{shiny}      R  stderr  -----------   242: &lt;reactive&gt;
{shiny}      R  stderr  -----------   222: common_code_q
{shiny}      R  stderr  -----------   215: &lt;reactive&gt;
{shiny}      R  stderr  -----------   195: data
{shiny}      R  stderr  -----------   189: &lt;reactive&gt;
{shiny}      R  stderr  -----------   169: decorated_q[[req(current_tab_r())]]
{shiny}      R  stderr  -----------   168: &lt;reactive&gt;
{shiny}      R  stderr  -----------   148: data
{shiny}      R  stderr  -----------   142: &lt;reactive&gt;
{shiny}      R  stderr  -----------   122: decorated_final_q
{shiny}      R  stderr  -----------   121: exprFunc
{shiny}      R  stderr  -----------   120: widgetFunc
{shiny}      R  stderr  -----------   119: ::
{shiny}      R  stderr  ----------- htmlwidgets
{shiny}      R  stderr  ----------- shinyRenderWidget
{shiny}      R  stderr  -----------   118: func
{shiny}      R  stderr  -----------   105: renderFunc
{shiny}      R  stderr  -----------   104: renderFunc
{shiny}      R  stderr  -----------   100: renderFunc
{shiny}      R  stderr  -----------    99: output$teal-teal_modules-outliers_module-module-summary_table
{shiny}      R  stderr  -----------    14: &lt;Anonymous&gt;
{shiny}      R  stderr  -----------    12: &lt;Anonymous&gt;
{shiny}      R  stderr  -----------    11: &lt;Anonymous&gt;
{shiny}      R  stderr  -----------    10: base::do.call
{shiny}      R  stderr  -----------     9: base::saveRDS
{shiny}      R  stderr  -----------     8: base::withCallingHandlers
{shiny}      R  stderr  -----------     7: doTryCatch
{shiny}      R  stderr  -----------     6: tryCatchOne
{shiny}      R  stderr  -----------     5: tryCatchList
{shiny}      R  stderr  -----------     2: tryCatchList
{shiny}      R  stderr  -----------     1: base::tryCatch
{shiny}      R  stderr  ----------- Warning: Error in &lt;Anonymous&gt;: error in evaluating the argument 'code' in selecting a method for function 'eval_code': object of type 'symbol' is not subsettable
{shiny}      R  stderr  -----------   14: &lt;Anonymous&gt;
{shiny}      R  stderr  -----------   12: &lt;Anonymous&gt;
{shiny}      R  stderr  -----------   11: &lt;Anonymous&gt;
{shiny}      R  stderr  -----------   10: base::do.call
{shiny}      R  stderr  -----------    9: base::saveRDS
{shiny}      R  stderr  -----------    8: base::withCallingHandlers
{shiny}      R  stderr  -----------    7: doTryCatch
{shiny}      R  stderr  -----------    6: tryCatchOne
{shiny}      R  stderr  -----------    5: tryCatchList
{shiny}      R  stderr  -----------    2: tryCatchList
{shiny}      R  stderr  -----------    1: base::tryCatch
{shiny}      R  stderr  ----------- Warning: Error in &lt;Anonymous&gt;: error in evaluating the argument 'code' in selecting a method for function 'eval_code': object of type 'symbol' is not subsettable
{shiny}      R  stderr  -----------   124: &lt;Anonymous&gt;
{shiny}      R  stderr  -----------   123: stop
{shiny}      R  stderr  -----------   122: common_code_q
{shiny}      R  stderr  -----------   121: exprFunc
{shiny}      R  stderr  -----------   120: widgetFunc
{shiny}      R  stderr  -----------   119: ::
{shiny}      R  stderr  ----------- htmlwidgets
{shiny}      R  stderr  ----------- shinyRenderWidget
{shiny}      R  stderr  -----------   118: func
{shiny}      R  stderr  -----------   105: renderFunc
{shiny}      R  stderr  -----------   104: renderFunc
{shiny}      R  stderr  -----------   100: renderFunc
{shiny}      R  stderr  -----------    99: output$teal-teal_modules-outliers_module-module-table_ui
{shiny}      R  stderr  -----------    14: &lt;Anonymous&gt;
{shiny}      R  stderr  -----------    12: &lt;Anonymous&gt;
{shiny}      R  stderr  -----------    11: &lt;Anonymous&gt;
{shiny}      R  stderr  -----------    10: base::do.call
{shiny}      R  stderr  -----------     9: base::saveRDS
{shiny}      R  stderr  -----------     8: base::withCallingHandlers
{shiny}      R  stderr  -----------     7: doTryCatch
{shiny}      R  stderr  -----------     6: tryCatchOne
{shiny}      R  stderr  -----------     5: tryCatchList
{shiny}      R  stderr  -----------     2: tryCatchList
{shiny}      R  stderr  -----------     1: base::tryCatch
{shiny}      R  stderr  ----------- Warning: Error in &lt;Anonymous&gt;: error in evaluating the argument 'code' in selecting a method for function 'eval_code': object of type 'symbol' is not subsettable
{shiny}      R  stderr  -----------   117: &lt;Anonymous&gt;
{shiny}      R  stderr  -----------   116: stop
{shiny}      R  stderr  -----------   115: common_code_q
{shiny}      R  stderr  -----------   114: renderUI
{shiny}      R  stderr  -----------   113: func
{shiny}      R  stderr  -----------   100: renderFunc
{shiny}      R  stderr  -----------    99: output$teal-teal_modules-outliers_module-module-total_outliers
{shiny}      R  stderr  -----------    14: &lt;Anonymous&gt;
{shiny}      R  stderr  -----------    12: &lt;Anonymous&gt;
{shiny}      R  stderr  -----------    11: &lt;Anonymous&gt;
{shiny}      R  stderr  -----------    10: base::do.call
{shiny}      R  stderr  -----------     9: base::saveRDS
{shiny}      R  stderr  -----------     8: base::withCallingHandlers
{shiny}      R  stderr  -----------     7: doTryCatch
{shiny}      R  stderr  -----------     6: tryCatchOne
{shiny}      R  stderr  -----------     5: tryCatchList
{shiny}      R  stderr  -----------     2: tryCatchList
{shiny}      R  stderr  -----------     1: base::tryCatch


Caused by error in `app_initialize_()`:
! Shiny app did not become stable in 1e+05ms.
Message: An error occurred while waiting for Shiny to be stable
Caused by error in `app_wait_for_idle()`:
! An error occurred while waiting for Shiny to be stable
Backtrace:
     ▆
  1. ├─teal.modules.general (local) app_driver_tm_outlier() at test-shinytest2-tm_outliers.R:54:3
  2. │ └─teal.modules.general:::init_teal_app_driver(...) at test-shinytest2-tm_outliers.R:16:3
  3. │   ├─testthat::with_mocked_bindings(...) at tests/testthat/helper-TealAppDriver.R:7:3
  4. │   └─TealAppDriver$new(...) at tests/testthat/helper-TealAppDriver.R:10:7
  5. │     └─teal (local) initialize(...)
  6. │       ├─base::suppressWarnings(...)
  7. │       │ └─base::withCallingHandlers(...)
  8. │       └─super$initialize(...)
  9. │         └─shinytest2:::app_initialize(...)
 10. │           ├─base::withCallingHandlers(...)
 11. │           └─shinytest2:::app_initialize_(self, private, ..., view = view)
 12. │             ├─base::withCallingHandlers(...)
 13. │             └─self$wait_for_idle(duration = 200, timeout = private$load_timeout)
 14. │               └─shinytest2:::app_wait_for_idle(...)
 15. │                 └─shinytest2:::app_abort(self, private, "An error occurred while waiting for Shiny to be stable")
 16. │                   └─rlang::abort(..., app = self, call = call)
 17. │                     └─rlang:::signal_abort(cnd, .file)
 18. │                       └─base::signalCondition(cnd)
 19. ├─shinytest2 (local) `&lt;fn&gt;`(`&lt;rlng_rrr&gt;`)
 20. │ └─shinytest2:::app_abort(...)
 21. │   └─rlang::abort(..., app = self, call = call)
 22. │     └─rlang:::signal_abort(cnd, .file)
 23. │       └─base::signalCondition(cnd)
 24. └─shinytest2 (local) `&lt;fn&gt;`(`&lt;rlng_rrr&gt;`)
 25.   └─shinytest2:::app_abort(...)
 26.     └─rlang::abort(..., app = self, call = call)</error>
    </testcase>
    <testcase time="102.712" classname="shinytest2_tm_outliers" name="e2e_tm_outliers_Data_extract_spec_elements_are_initialized_with_the_default_values_specified_by_outlier_var_and_categorical_var_argument.">
      <error type="error" message="Error in `app_initialize(self, private, app_dir = app_dir, ..., load_timeout = load_timeout,  ('test-shinytest2-tm_outliers.R:74:3')">Error in `app_initialize(self, private, app_dir = app_dir, ..., load_timeout = load_timeout, 
    timeout = timeout, wait = wait, expect_values_screenshot_args = expect_values_screenshot_args, 
    screenshot_args = screenshot_args, check_names = check_names, 
    name = name, variant = variant, view = view, height = height, 
    width = width, seed = seed, clean_logs = clean_logs, shiny_args = shiny_args, 
    render_args = render_args, options = options)`: Shiny app did not become stable in 1e+05ms.
Message: An error occurred while waiting for Shiny to be stable
Caused by error in `app_wait_for_idle()`:
! An error occurred while waiting for Shiny to be stable


ℹ You can inspect the failed AppDriver object via `rlang::last_error()$app`
ℹ AppDriver logs:
{shinytest2} R  info    16:48:25.92 Start AppDriver initialization
{shinytest2} R  info    16:48:25.98 Starting Shiny app
{shinytest2} R  info    16:48:27.00 Creating new ChromoteSession
{shinytest2} R  info    16:48:27.04 Navigating to Shiny app
{shinytest2} R  info    16:48:27.68 Injecting shiny-tracer.js
{chromote}   JS info    16:48:27.69 shinytest2; jQuery not found
{chromote}   JS info    16:48:27.69 shinytest2; Loaded
{shinytest2} R  info    16:48:27.70 Waiting for Shiny to become ready
{chromote}   JS info    16:48:27.74 shinytest2; jQuery found
{chromote}   JS info    16:48:27.75 shinytest2; Waiting for shiny session to connect
{chromote}   JS info    16:48:28.08 shinytest2; Connected
{chromote}   JS info    16:48:28.13 shinytest2; shiny:busy
{shinytest2} R  info    16:48:28.16 Waiting for Shiny to become idle for 200ms within 1e+05ms
{chromote}   JS info    16:48:28.16 shinytest2; Waiting for Shiny to be stable
{chromote}   JS warning 16:48:29.13 Couldn't perform validation update on input with id 'teal-teal_modules-outliers_module-module-categorical_var-dataset_CO2_singleextract-select': input not found
                                    (anonymous) @ shinyvalidate-0.1.3/shinyvalidate.js:3443:18
                                    (anonymous) @ shiny-javascript-1.10.0/shiny.min.js:1:407159
                                    m           @ shiny-javascript-1.10.0/shiny.min.js:1:388827
                                    (anonymous) @ shiny-javascript-1.10.0/shiny.min.js:1:390150
                                    (anonymous) @ shiny-javascript-1.10.0/shiny.min.js:1:389186
                                    nT          @ shiny-javascript-1.10.0/shiny.min.js:1:394797
                                    s           @ shiny-javascript-1.10.0/shiny.min.js:1:394995
                                    (anonymous) @ shiny-javascript-1.10.0/shiny.min.js:1:395056
                                    (anonymous) @ shiny-javascript-1.10.0/shiny.min.js:1:394936
                                    t           @ shiny-javascript-1.10.0/shiny.min.js:1:407274
                                    (anonymous) @ shiny-javascript-1.10.0/shiny.min.js:1:410753
                                    m           @ shiny-javascript-1.10.0/shiny.min.js:1:388827
                                    (anonymous) @ shiny-javascript-1.10.0/shiny.min.js:1:390150
                                    (anonymous) @ shiny-javascript-1.10.0/shiny.min.js:1:389186
                                    nT          @ shiny-javascript-1.10.0/shiny.min.js:1:394797
                                    s           @ shiny-javascript-1.10.0/shiny.min.js:1:394995
                                    (anonymous) @ shiny-javascript-1.10.0/shiny.min.js:1:395056
                                    (anonymous) @ shiny-javascript-1.10.0/shiny.min.js:1:394936
                                    (anonymous) @ shiny-javascript-1.10.0/shiny.min.js:1:410855
                                    (anonymous) @ shiny-javascript-1.10.0/shiny.min.js:1:407159
                                    m           @ shiny-javascript-1.10.0/shiny.min.js:1:388827
                                    (anonymous) @ shiny-javascript-1.10.0/shiny.min.js:1:390150
                                    (anonymous) @ shiny-javascript-1.10.0/shiny.min.js:1:389186
                                    nT          @ shiny-javascript-1.10.0/shiny.min.js:1:394797
                                    s           @ shiny-javascript-1.10.0/shiny.min.js:1:394995
                                    (anonymous) @ shiny-javascript-1.10.0/shiny.min.js:1:395056
                                    (anonymous) @ shiny-javascript-1.10.0/shiny.min.js:1:394936
                                    t           @ shiny-javascript-1.10.0/shiny.min.js:1:407274
                                    (anonymous) @ shiny-javascript-1.10.0/shiny.min.js:1:406722
                                    m           @ shiny-javascript-1.10.0/shiny.min.js:1:388827
                                    (anonymous) @ shiny-javascript-1.10.0/shiny.min.js:1:390150
                                    (anonymous) @ shiny-javascript-1.10.0/shiny.min.js:1:389186
                                    nT          @ shiny-javascript-1.10.0/shiny.min.js:1:394797
                                    s           @ shiny-javascript-1.10.0/shiny.min.js:1:394995
                                    (anonymous) @ shiny-javascript-1.10.0/shiny.min.js:1:395056
                                    (anonymous) @ shiny-javascript-1.10.0/shiny.min.js:1:394936
                                    t           @ shiny-javascript-1.10.0/shiny.min.js:1:406868
                                    (anonymous) @ shiny-javascript-1.10.0/shiny.min.js:1:400961
                                    m           @ shiny-javascript-1.10.0/shiny.min.js:1:388827
                                    (anonymous) @ shiny-javascript-1.10.0/shiny.min.js:1:390150
                                    (anonymous) @ shiny-javascript-1.10.0/shiny.min.js:1:389186
                                    nT          @ shiny-javascript-1.10.0/shiny.min.js:1:394797
                                    s           @ shiny-javascript-1.10.0/shiny.min.js:1:394995
                                    (anonymous) @ shiny-javascript-1.10.0/shiny.min.js:1:395056
                                    (anonymous) @ shiny-javascript-1.10.0/shiny.min.js:1:394936
                                    (anonymous) @ shiny-javascript-1.10.0/shiny.min.js:1:401480
                                    m           @ shiny-javascript-1.10.0/shiny.min.js:1:388827
                                    (anonymous) @ shiny-javascript-1.10.0/shiny.min.js:1:390150
                                    (anonymous) @ shiny-javascript-1.10.0/shiny.min.js:1:389186
                                    nT          @ shiny-javascript-1.10.0/shiny.min.js:1:394797
                                    s           @ shiny-javascript-1.10.0/shiny.min.js:1:394995
{shinytest2} R  info    16:50:08.17 Error while initializing AppDriver:
                                    Shiny app did not become stable in 1e+05ms.
                                    Message: An error occurred while waiting for Shiny to be stable
                                    Caused by error in `app_wait_for_idle()`:
                                    ! An error occurred while waiting for Shiny to be stable
{shiny}      R  stderr  ----------- Loading required package: shiny
{shiny}      R  stderr  ----------- Attempting to load the environment ‘package:nestcolor’
{shiny}      R  stderr  ----------- Loading required package: ggmosaic
{shiny}      R  stderr  ----------- Loading required package: ggplot2
{shiny}      R  stderr  ----------- Loading required package: teal
{shiny}      R  stderr  ----------- Loading required package: teal.data
{shiny}      R  stderr  ----------- Loading required package: teal.code
{shiny}      R  stderr  ----------- Loading required package: teal.slice
{shiny}      R  stderr  ----------- 
{shiny}      R  stderr  ----------- You are using teal version 0.16.0
{shiny}      R  stderr  ----------- 
{shiny}      R  stderr  ----------- Attaching package: ‘teal’
{shiny}      R  stderr  ----------- 
{shiny}      R  stderr  ----------- The following objects are masked from ‘package:teal.slice’:
{shiny}      R  stderr  ----------- 
{shiny}      R  stderr  -----------     as.teal_slices, teal_slices
{shiny}      R  stderr  ----------- 
{shiny}      R  stderr  ----------- Loading required package: teal.transform
{shiny}      R  stderr  ----------- Running application in test mode.
{shiny}      R  stderr  ----------- 
{shiny}      R  stderr  ----------- Listening on http://127.0.0.1:5004
{shiny}      R  stderr  ----------- Initializing reporter_previewer_module
{shiny}      R  stderr  ----------- Initializing reporter_previewer_module
{shiny}      R  stderr  ----------- Warning: Error in &lt;Anonymous&gt;: error in evaluating the argument 'code' in selecting a method for function 'eval_code': object of type 'symbol' is not subsettable
{shiny}      R  stderr  -----------   251: &lt;Anonymous&gt;
{shiny}      R  stderr  -----------   250: identical
{shiny}      R  stderr  -----------   249: FUN
{shiny}      R  stderr  -----------   248: lapply
{shiny}      R  stderr  -----------   247: FUN
{shiny}      R  stderr  -----------   246: lapply
{shiny}      R  stderr  -----------   245: remove_pipe_null
{shiny}      R  stderr  -----------   244: %&gt;%
{shiny}      R  stderr  -----------   242: &lt;reactive&gt;
{shiny}      R  stderr  -----------   222: common_code_q
{shiny}      R  stderr  -----------   215: &lt;reactive&gt;
{shiny}      R  stderr  -----------   195: data
{shiny}      R  stderr  -----------   189: &lt;reactive&gt;
{shiny}      R  stderr  -----------   169: decorated_q[[req(current_tab_r())]]
{shiny}      R  stderr  -----------   168: &lt;reactive&gt;
{shiny}      R  stderr  -----------   148: data
{shiny}      R  stderr  -----------   142: &lt;reactive&gt;
{shiny}      R  stderr  -----------   122: decorated_final_q
{shiny}      R  stderr  -----------   121: exprFunc
{shiny}      R  stderr  -----------   120: widgetFunc
{shiny}      R  stderr  -----------   119: ::
{shiny}      R  stderr  ----------- htmlwidgets
{shiny}      R  stderr  ----------- shinyRenderWidget
{shiny}      R  stderr  -----------   118: func
{shiny}      R  stderr  -----------   105: renderFunc
{shiny}      R  stderr  -----------   104: renderFunc
{shiny}      R  stderr  -----------   100: renderFunc
{shiny}      R  stderr  -----------    99: output$teal-teal_modules-outliers_module-module-summary_table
{shiny}      R  stderr  -----------    14: &lt;Anonymous&gt;
{shiny}      R  stderr  -----------    12: &lt;Anonymous&gt;
{shiny}      R  stderr  -----------    11: &lt;Anonymous&gt;
{shiny}      R  stderr  -----------    10: base::do.call
{shiny}      R  stderr  -----------     9: base::saveRDS
{shiny}      R  stderr  -----------     8: base::withCallingHandlers
{shiny}      R  stderr  -----------     7: doTryCatch
{shiny}      R  stderr  -----------     6: tryCatchOne
{shiny}      R  stderr  -----------     5: tryCatchList
{shiny}      R  stderr  -----------     2: tryCatchList
{shiny}      R  stderr  -----------     1: base::tryCatch
{shiny}      R  stderr  ----------- Warning: Error in &lt;Anonymous&gt;: error in evaluating the argument 'code' in selecting a method for function 'eval_code': object of type 'symbol' is not subsettable
{shiny}      R  stderr  -----------   251: &lt;Anonymous&gt;
{shiny}      R  stderr  -----------   250: identical
{shiny}      R  stderr  -----------   249: FUN
{shiny}      R  stderr  -----------   248: lapply
{shiny}      R  stderr  -----------   247: FUN
{shiny}      R  stderr  -----------   246: lapply
{shiny}      R  stderr  -----------   245: remove_pipe_null
{shiny}      R  stderr  -----------   244: %&gt;%
{shiny}      R  stderr  -----------   242: &lt;reactive&gt;
{shiny}      R  stderr  -----------   222: common_code_q
{shiny}      R  stderr  -----------   215: &lt;reactive&gt;
{shiny}      R  stderr  -----------   195: data
{shiny}      R  stderr  -----------   189: &lt;reactive&gt;
{shiny}      R  stderr  -----------   169: decorated_q[[req(current_tab_r())]]
{shiny}      R  stderr  -----------   168: &lt;reactive&gt;
{shiny}      R  stderr  -----------   148: data
{shiny}      R  stderr  -----------   142: &lt;reactive&gt;
{shiny}      R  stderr  -----------   122: decorated_final_q
{shiny}      R  stderr  -----------   121: exprFunc
{shiny}      R  stderr  -----------   120: widgetFunc
{shiny}      R  stderr  -----------   119: ::
{shiny}      R  stderr  ----------- htmlwidgets
{shiny}      R  stderr  ----------- shinyRenderWidget
{shiny}      R  stderr  -----------   118: func
{shiny}      R  stderr  -----------   105: renderFunc
{shiny}      R  stderr  -----------   104: renderFunc
{shiny}      R  stderr  -----------   100: renderFunc
{shiny}      R  stderr  -----------    99: output$teal-teal_modules-outliers_module-module-summary_table
{shiny}      R  stderr  -----------    14: &lt;Anonymous&gt;
{shiny}      R  stderr  -----------    12: &lt;Anonymous&gt;
{shiny}      R  stderr  -----------    11: &lt;Anonymous&gt;
{shiny}      R  stderr  -----------    10: base::do.call
{shiny}      R  stderr  -----------     9: base::saveRDS
{shiny}      R  stderr  -----------     8: base::withCallingHandlers
{shiny}      R  stderr  -----------     7: doTryCatch
{shiny}      R  stderr  -----------     6: tryCatchOne
{shiny}      R  stderr  -----------     5: tryCatchList
{shiny}      R  stderr  -----------     2: tryCatchList
{shiny}      R  stderr  -----------     1: base::tryCatch
{shiny}      R  stderr  ----------- Warning: Error in &lt;Anonymous&gt;: error in evaluating the argument 'code' in selecting a method for function 'eval_code': object of type 'symbol' is not subsettable
{shiny}      R  stderr  -----------   14: &lt;Anonymous&gt;
{shiny}      R  stderr  -----------   12: &lt;Anonymous&gt;
{shiny}      R  stderr  -----------   11: &lt;Anonymous&gt;
{shiny}      R  stderr  -----------   10: base::do.call
{shiny}      R  stderr  -----------    9: base::saveRDS
{shiny}      R  stderr  -----------    8: base::withCallingHandlers
{shiny}      R  stderr  -----------    7: doTryCatch
{shiny}      R  stderr  -----------    6: tryCatchOne
{shiny}      R  stderr  -----------    5: tryCatchList
{shiny}      R  stderr  -----------    2: tryCatchList
{shiny}      R  stderr  -----------    1: base::tryCatch
{shiny}      R  stderr  ----------- Warning: Error in &lt;Anonymous&gt;: error in evaluating the argument 'code' in selecting a method for function 'eval_code': object of type 'symbol' is not subsettable
{shiny}      R  stderr  -----------   124: &lt;Anonymous&gt;
{shiny}      R  stderr  -----------   123: stop
{shiny}      R  stderr  -----------   122: common_code_q
{shiny}      R  stderr  -----------   121: exprFunc
{shiny}      R  stderr  -----------   120: widgetFunc
{shiny}      R  stderr  -----------   119: ::
{shiny}      R  stderr  ----------- htmlwidgets
{shiny}      R  stderr  ----------- shinyRenderWidget
{shiny}      R  stderr  -----------   118: func
{shiny}      R  stderr  -----------   105: renderFunc
{shiny}      R  stderr  -----------   104: renderFunc
{shiny}      R  stderr  -----------   100: renderFunc
{shiny}      R  stderr  -----------    99: output$teal-teal_modules-outliers_module-module-table_ui
{shiny}      R  stderr  -----------    14: &lt;Anonymous&gt;
{shiny}      R  stderr  -----------    12: &lt;Anonymous&gt;
{shiny}      R  stderr  -----------    11: &lt;Anonymous&gt;
{shiny}      R  stderr  -----------    10: base::do.call
{shiny}      R  stderr  -----------     9: base::saveRDS
{shiny}      R  stderr  -----------     8: base::withCallingHandlers
{shiny}      R  stderr  -----------     7: doTryCatch
{shiny}      R  stderr  -----------     6: tryCatchOne
{shiny}      R  stderr  -----------     5: tryCatchList
{shiny}      R  stderr  -----------     2: tryCatchList
{shiny}      R  stderr  -----------     1: base::tryCatch
{shiny}      R  stderr  ----------- Warning: Error in &lt;Anonymous&gt;: error in evaluating the argument 'code' in selecting a method for function 'eval_code': object of type 'symbol' is not subsettable
{shiny}      R  stderr  -----------   117: &lt;Anonymous&gt;
{shiny}      R  stderr  -----------   116: stop
{shiny}      R  stderr  -----------   115: common_code_q
{shiny}      R  stderr  -----------   114: renderUI
{shiny}      R  stderr  -----------   113: func
{shiny}      R  stderr  -----------   100: renderFunc
{shiny}      R  stderr  -----------    99: output$teal-teal_modules-outliers_module-module-total_outliers
{shiny}      R  stderr  -----------    14: &lt;Anonymous&gt;
{shiny}      R  stderr  -----------    12: &lt;Anonymous&gt;
{shiny}      R  stderr  -----------    11: &lt;Anonymous&gt;
{shiny}      R  stderr  -----------    10: base::do.call
{shiny}      R  stderr  -----------     9: base::saveRDS
{shiny}      R  stderr  -----------     8: base::withCallingHandlers
{shiny}      R  stderr  -----------     7: doTryCatch
{shiny}      R  stderr  -----------     6: tryCatchOne
{shiny}      R  stderr  -----------     5: tryCatchList
{shiny}      R  stderr  -----------     2: tryCatchList
{shiny}      R  stderr  -----------     1: base::tryCatch


Caused by error in `app_initialize_()`:
! Shiny app did not become stable in 1e+05ms.
Message: An error occurred while waiting for Shiny to be stable
Caused by error in `app_wait_for_idle()`:
! An error occurred while waiting for Shiny to be stable
Backtrace:
     ▆
  1. ├─teal.modules.general (local) app_driver_tm_outlier() at test-shinytest2-tm_outliers.R:74:3
  2. │ └─teal.modules.general:::init_teal_app_driver(...) at test-shinytest2-tm_outliers.R:16:3
  3. │   ├─testthat::with_mocked_bindings(...) at tests/testthat/helper-TealAppDriver.R:7:3
  4. │   └─TealAppDriver$new(...) at tests/testthat/helper-TealAppDriver.R:10:7
  5. │     └─teal (local) initialize(...)
  6. │       ├─base::suppressWarnings(...)
  7. │       │ └─base::withCallingHandlers(...)
  8. │       └─super$initialize(...)
  9. │         └─shinytest2:::app_initialize(...)
 10. │           ├─base::withCallingHandlers(...)
 11. │           └─shinytest2:::app_initialize_(self, private, ..., view = view)
 12. │             ├─base::withCallingHandlers(...)
 13. │             └─self$wait_for_idle(duration = 200, timeout = private$load_timeout)
 14. │               └─shinytest2:::app_wait_for_idle(...)
 15. │                 └─shinytest2:::app_abort(self, private, "An error occurred while waiting for Shiny to be stable")
 16. │                   └─rlang::abort(..., app = self, call = call)
 17. │                     └─rlang:::signal_abort(cnd, .file)
 18. │                       └─base::signalCondition(cnd)
 19. ├─shinytest2 (local) `&lt;fn&gt;`(`&lt;rlng_rrr&gt;`)
 20. │ └─shinytest2:::app_abort(...)
 21. │   └─rlang::abort(..., app = self, call = call)
 22. │     └─rlang:::signal_abort(cnd, .file)
 23. │       └─base::signalCondition(cnd)
 24. └─shinytest2 (local) `&lt;fn&gt;`(`&lt;rlng_rrr&gt;`)
 25.   └─shinytest2:::app_abort(...)
 26.     └─rlang::abort(..., app = self, call = call)</error>
    </testcase>
    <testcase time="102.662" classname="shinytest2_tm_outliers" name="e2e_tm_outliers_Plot_type_is_correctly_set_by_default_and_has_appropriate_possible_options.">
      <error type="error" message="Error in `app_initialize(self, private, app_dir = app_dir, ..., load_timeout = load_timeout,  ('test-shinytest2-tm_outliers.R:110:3')">Error in `app_initialize(self, private, app_dir = app_dir, ..., load_timeout = load_timeout, 
    timeout = timeout, wait = wait, expect_values_screenshot_args = expect_values_screenshot_args, 
    screenshot_args = screenshot_args, check_names = check_names, 
    name = name, variant = variant, view = view, height = height, 
    width = width, seed = seed, clean_logs = clean_logs, shiny_args = shiny_args, 
    render_args = render_args, options = options)`: Shiny app did not become stable in 1e+05ms.
Message: An error occurred while waiting for Shiny to be stable
Caused by error in `app_wait_for_idle()`:
! An error occurred while waiting for Shiny to be stable


ℹ You can inspect the failed AppDriver object via `rlang::last_error()$app`
ℹ AppDriver logs:
{shinytest2} R  info    16:50:08.61 Start AppDriver initialization
{shinytest2} R  info    16:50:08.66 Starting Shiny app
{shinytest2} R  info    16:50:09.69 Creating new ChromoteSession
{shinytest2} R  info    16:50:09.73 Navigating to Shiny app
{shinytest2} R  info    16:50:10.36 Injecting shiny-tracer.js
{chromote}   JS info    16:50:10.39 shinytest2; jQuery not found
{chromote}   JS info    16:50:10.39 shinytest2; Loaded
{shinytest2} R  info    16:50:10.39 Waiting for Shiny to become ready
{chromote}   JS info    16:50:10.47 shinytest2; jQuery found
{chromote}   JS info    16:50:10.47 shinytest2; Waiting for shiny session to connect
{chromote}   JS info    16:50:10.77 shinytest2; Connected
{chromote}   JS info    16:50:10.81 shinytest2; shiny:busy
{shinytest2} R  info    16:50:10.83 Waiting for Shiny to become idle for 200ms within 1e+05ms
{chromote}   JS info    16:50:10.83 shinytest2; Waiting for Shiny to be stable
{chromote}   JS warning 16:50:11.82 Couldn't perform validation update on input with id 'teal-teal_modules-outliers_module-module-categorical_var-dataset_CO2_singleextract-select': input not found
                                    (anonymous) @ shinyvalidate-0.1.3/shinyvalidate.js:3443:18
                                    (anonymous) @ shiny-javascript-1.10.0/shiny.min.js:1:407159
                                    m           @ shiny-javascript-1.10.0/shiny.min.js:1:388827
                                    (anonymous) @ shiny-javascript-1.10.0/shiny.min.js:1:390150
                                    (anonymous) @ shiny-javascript-1.10.0/shiny.min.js:1:389186
                                    nT          @ shiny-javascript-1.10.0/shiny.min.js:1:394797
                                    s           @ shiny-javascript-1.10.0/shiny.min.js:1:394995
                                    (anonymous) @ shiny-javascript-1.10.0/shiny.min.js:1:395056
                                    (anonymous) @ shiny-javascript-1.10.0/shiny.min.js:1:394936
                                    t           @ shiny-javascript-1.10.0/shiny.min.js:1:407274
                                    (anonymous) @ shiny-javascript-1.10.0/shiny.min.js:1:410753
                                    m           @ shiny-javascript-1.10.0/shiny.min.js:1:388827
                                    (anonymous) @ shiny-javascript-1.10.0/shiny.min.js:1:390150
                                    (anonymous) @ shiny-javascript-1.10.0/shiny.min.js:1:389186
                                    nT          @ shiny-javascript-1.10.0/shiny.min.js:1:394797
                                    s           @ shiny-javascript-1.10.0/shiny.min.js:1:394995
                                    (anonymous) @ shiny-javascript-1.10.0/shiny.min.js:1:395056
                                    (anonymous) @ shiny-javascript-1.10.0/shiny.min.js:1:394936
                                    (anonymous) @ shiny-javascript-1.10.0/shiny.min.js:1:410855
                                    (anonymous) @ shiny-javascript-1.10.0/shiny.min.js:1:407159
                                    m           @ shiny-javascript-1.10.0/shiny.min.js:1:388827
                                    (anonymous) @ shiny-javascript-1.10.0/shiny.min.js:1:390150
                                    (anonymous) @ shiny-javascript-1.10.0/shiny.min.js:1:389186
                                    nT          @ shiny-javascript-1.10.0/shiny.min.js:1:394797
                                    s           @ shiny-javascript-1.10.0/shiny.min.js:1:394995
                                    (anonymous) @ shiny-javascript-1.10.0/shiny.min.js:1:395056
                                    (anonymous) @ shiny-javascript-1.10.0/shiny.min.js:1:394936
                                    t           @ shiny-javascript-1.10.0/shiny.min.js:1:407274
                                    (anonymous) @ shiny-javascript-1.10.0/shiny.min.js:1:406722
                                    m           @ shiny-javascript-1.10.0/shiny.min.js:1:388827
                                    (anonymous) @ shiny-javascript-1.10.0/shiny.min.js:1:390150
                                    (anonymous) @ shiny-javascript-1.10.0/shiny.min.js:1:389186
                                    nT          @ shiny-javascript-1.10.0/shiny.min.js:1:394797
                                    s           @ shiny-javascript-1.10.0/shiny.min.js:1:394995
                                    (anonymous) @ shiny-javascript-1.10.0/shiny.min.js:1:395056
                                    (anonymous) @ shiny-javascript-1.10.0/shiny.min.js:1:394936
                                    t           @ shiny-javascript-1.10.0/shiny.min.js:1:406868
                                    (anonymous) @ shiny-javascript-1.10.0/shiny.min.js:1:400961
                                    m           @ shiny-javascript-1.10.0/shiny.min.js:1:388827
                                    (anonymous) @ shiny-javascript-1.10.0/shiny.min.js:1:390150
                                    (anonymous) @ shiny-javascript-1.10.0/shiny.min.js:1:389186
                                    nT          @ shiny-javascript-1.10.0/shiny.min.js:1:394797
                                    s           @ shiny-javascript-1.10.0/shiny.min.js:1:394995
                                    (anonymous) @ shiny-javascript-1.10.0/shiny.min.js:1:395056
                                    (anonymous) @ shiny-javascript-1.10.0/shiny.min.js:1:394936
                                    (anonymous) @ shiny-javascript-1.10.0/shiny.min.js:1:401480
                                    m           @ shiny-javascript-1.10.0/shiny.min.js:1:388827
                                    (anonymous) @ shiny-javascript-1.10.0/shiny.min.js:1:390150
                                    (anonymous) @ shiny-javascript-1.10.0/shiny.min.js:1:389186
                                    nT          @ shiny-javascript-1.10.0/shiny.min.js:1:394797
                                    s           @ shiny-javascript-1.10.0/shiny.min.js:1:394995
{shinytest2} R  info    16:51:50.85 Error while initializing AppDriver:
                                    Shiny app did not become stable in 1e+05ms.
                                    Message: An error occurred while waiting for Shiny to be stable
                                    Caused by error in `app_wait_for_idle()`:
                                    ! An error occurred while waiting for Shiny to be stable
{shiny}      R  stderr  ----------- Loading required package: shiny
{shiny}      R  stderr  ----------- Attempting to load the environment ‘package:nestcolor’
{shiny}      R  stderr  ----------- Loading required package: ggmosaic
{shiny}      R  stderr  ----------- Loading required package: ggplot2
{shiny}      R  stderr  ----------- Loading required package: teal
{shiny}      R  stderr  ----------- Loading required package: teal.data
{shiny}      R  stderr  ----------- Loading required package: teal.code
{shiny}      R  stderr  ----------- Loading required package: teal.slice
{shiny}      R  stderr  ----------- 
{shiny}      R  stderr  ----------- You are using teal version 0.16.0
{shiny}      R  stderr  ----------- 
{shiny}      R  stderr  ----------- Attaching package: ‘teal’
{shiny}      R  stderr  ----------- 
{shiny}      R  stderr  ----------- The following objects are masked from ‘package:teal.slice’:
{shiny}      R  stderr  ----------- 
{shiny}      R  stderr  -----------     as.teal_slices, teal_slices
{shiny}      R  stderr  ----------- 
{shiny}      R  stderr  ----------- Loading required package: teal.transform
{shiny}      R  stderr  ----------- Running application in test mode.
{shiny}      R  stderr  ----------- 
{shiny}      R  stderr  ----------- Listening on http://127.0.0.1:5692
{shiny}      R  stderr  ----------- Initializing reporter_previewer_module
{shiny}      R  stderr  ----------- Initializing reporter_previewer_module
{shiny}      R  stderr  ----------- Warning: Error in &lt;Anonymous&gt;: error in evaluating the argument 'code' in selecting a method for function 'eval_code': object of type 'symbol' is not subsettable
{shiny}      R  stderr  -----------   251: &lt;Anonymous&gt;
{shiny}      R  stderr  -----------   250: identical
{shiny}      R  stderr  -----------   249: FUN
{shiny}      R  stderr  -----------   248: lapply
{shiny}      R  stderr  -----------   247: FUN
{shiny}      R  stderr  -----------   246: lapply
{shiny}      R  stderr  -----------   245: remove_pipe_null
{shiny}      R  stderr  -----------   244: %&gt;%
{shiny}      R  stderr  -----------   242: &lt;reactive&gt;
{shiny}      R  stderr  -----------   222: common_code_q
{shiny}      R  stderr  -----------   215: &lt;reactive&gt;
{shiny}      R  stderr  -----------   195: data
{shiny}      R  stderr  -----------   189: &lt;reactive&gt;
{shiny}      R  stderr  -----------   169: decorated_q[[req(current_tab_r())]]
{shiny}      R  stderr  -----------   168: &lt;reactive&gt;
{shiny}      R  stderr  -----------   148: data
{shiny}      R  stderr  -----------   142: &lt;reactive&gt;
{shiny}      R  stderr  -----------   122: decorated_final_q
{shiny}      R  stderr  -----------   121: exprFunc
{shiny}      R  stderr  -----------   120: widgetFunc
{shiny}      R  stderr  -----------   119: ::
{shiny}      R  stderr  ----------- htmlwidgets
{shiny}      R  stderr  ----------- shinyRenderWidget
{shiny}      R  stderr  -----------   118: func
{shiny}      R  stderr  -----------   105: renderFunc
{shiny}      R  stderr  -----------   104: renderFunc
{shiny}      R  stderr  -----------   100: renderFunc
{shiny}      R  stderr  -----------    99: output$teal-teal_modules-outliers_module-module-summary_table
{shiny}      R  stderr  -----------    14: &lt;Anonymous&gt;
{shiny}      R  stderr  -----------    12: &lt;Anonymous&gt;
{shiny}      R  stderr  -----------    11: &lt;Anonymous&gt;
{shiny}      R  stderr  -----------    10: base::do.call
{shiny}      R  stderr  -----------     9: base::saveRDS
{shiny}      R  stderr  -----------     8: base::withCallingHandlers
{shiny}      R  stderr  -----------     7: doTryCatch
{shiny}      R  stderr  -----------     6: tryCatchOne
{shiny}      R  stderr  -----------     5: tryCatchList
{shiny}      R  stderr  -----------     2: tryCatchList
{shiny}      R  stderr  -----------     1: base::tryCatch
{shiny}      R  stderr  ----------- Warning: Error in &lt;Anonymous&gt;: error in evaluating the argument 'code' in selecting a method for function 'eval_code': object of type 'symbol' is not subsettable
{shiny}      R  stderr  -----------   251: &lt;Anonymous&gt;
{shiny}      R  stderr  -----------   250: identical
{shiny}      R  stderr  -----------   249: FUN
{shiny}      R  stderr  -----------   248: lapply
{shiny}      R  stderr  -----------   247: FUN
{shiny}      R  stderr  -----------   246: lapply
{shiny}      R  stderr  -----------   245: remove_pipe_null
{shiny}      R  stderr  -----------   244: %&gt;%
{shiny}      R  stderr  -----------   242: &lt;reactive&gt;
{shiny}      R  stderr  -----------   222: common_code_q
{shiny}      R  stderr  -----------   215: &lt;reactive&gt;
{shiny}      R  stderr  -----------   195: data
{shiny}      R  stderr  -----------   189: &lt;reactive&gt;
{shiny}      R  stderr  -----------   169: decorated_q[[req(current_tab_r())]]
{shiny}      R  stderr  -----------   168: &lt;reactive&gt;
{shiny}      R  stderr  -----------   148: data
{shiny}      R  stderr  -----------   142: &lt;reactive&gt;
{shiny}      R  stderr  -----------   122: decorated_final_q
{shiny}      R  stderr  -----------   121: exprFunc
{shiny}      R  stderr  -----------   120: widgetFunc
{shiny}      R  stderr  -----------   119: ::
{shiny}      R  stderr  ----------- htmlwidgets
{shiny}      R  stderr  ----------- shinyRenderWidget
{shiny}      R  stderr  -----------   118: func
{shiny}      R  stderr  -----------   105: renderFunc
{shiny}      R  stderr  -----------   104: renderFunc
{shiny}      R  stderr  -----------   100: renderFunc
{shiny}      R  stderr  -----------    99: output$teal-teal_modules-outliers_module-module-summary_table
{shiny}      R  stderr  -----------    14: &lt;Anonymous&gt;
{shiny}      R  stderr  -----------    12: &lt;Anonymous&gt;
{shiny}      R  stderr  -----------    11: &lt;Anonymous&gt;
{shiny}      R  stderr  -----------    10: base::do.call
{shiny}      R  stderr  -----------     9: base::saveRDS
{shiny}      R  stderr  -----------     8: base::withCallingHandlers
{shiny}      R  stderr  -----------     7: doTryCatch
{shiny}      R  stderr  -----------     6: tryCatchOne
{shiny}      R  stderr  -----------     5: tryCatchList
{shiny}      R  stderr  -----------     2: tryCatchList
{shiny}      R  stderr  -----------     1: base::tryCatch
{shiny}      R  stderr  ----------- Warning: Error in &lt;Anonymous&gt;: error in evaluating the argument 'code' in selecting a method for function 'eval_code': object of type 'symbol' is not subsettable
{shiny}      R  stderr  -----------   14: &lt;Anonymous&gt;
{shiny}      R  stderr  -----------   12: &lt;Anonymous&gt;
{shiny}      R  stderr  -----------   11: &lt;Anonymous&gt;
{shiny}      R  stderr  -----------   10: base::do.call
{shiny}      R  stderr  -----------    9: base::saveRDS
{shiny}      R  stderr  -----------    8: base::withCallingHandlers
{shiny}      R  stderr  -----------    7: doTryCatch
{shiny}      R  stderr  -----------    6: tryCatchOne
{shiny}      R  stderr  -----------    5: tryCatchList
{shiny}      R  stderr  -----------    2: tryCatchList
{shiny}      R  stderr  -----------    1: base::tryCatch
{shiny}      R  stderr  ----------- Warning: Error in &lt;Anonymous&gt;: error in evaluating the argument 'code' in selecting a method for function 'eval_code': object of type 'symbol' is not subsettable
{shiny}      R  stderr  -----------   124: &lt;Anonymous&gt;
{shiny}      R  stderr  -----------   123: stop
{shiny}      R  stderr  -----------   122: common_code_q
{shiny}      R  stderr  -----------   121: exprFunc
{shiny}      R  stderr  -----------   120: widgetFunc
{shiny}      R  stderr  -----------   119: ::
{shiny}      R  stderr  ----------- htmlwidgets
{shiny}      R  stderr  ----------- shinyRenderWidget
{shiny}      R  stderr  -----------   118: func
{shiny}      R  stderr  -----------   105: renderFunc
{shiny}      R  stderr  -----------   104: renderFunc
{shiny}      R  stderr  -----------   100: renderFunc
{shiny}      R  stderr  -----------    99: output$teal-teal_modules-outliers_module-module-table_ui
{shiny}      R  stderr  -----------    14: &lt;Anonymous&gt;
{shiny}      R  stderr  -----------    12: &lt;Anonymous&gt;
{shiny}      R  stderr  -----------    11: &lt;Anonymous&gt;
{shiny}      R  stderr  -----------    10: base::do.call
{shiny}      R  stderr  -----------     9: base::saveRDS
{shiny}      R  stderr  -----------     8: base::withCallingHandlers
{shiny}      R  stderr  -----------     7: doTryCatch
{shiny}      R  stderr  -----------     6: tryCatchOne
{shiny}      R  stderr  -----------     5: tryCatchList
{shiny}      R  stderr  -----------     2: tryCatchList
{shiny}      R  stderr  -----------     1: base::tryCatch
{shiny}      R  stderr  ----------- Warning: Error in &lt;Anonymous&gt;: error in evaluating the argument 'code' in selecting a method for function 'eval_code': object of type 'symbol' is not subsettable
{shiny}      R  stderr  -----------   117: &lt;Anonymous&gt;
{shiny}      R  stderr  -----------   116: stop
{shiny}      R  stderr  -----------   115: common_code_q
{shiny}      R  stderr  -----------   114: renderUI
{shiny}      R  stderr  -----------   113: func
{shiny}      R  stderr  -----------   100: renderFunc
{shiny}      R  stderr  -----------    99: output$teal-teal_modules-outliers_module-module-total_outliers
{shiny}      R  stderr  -----------    14: &lt;Anonymous&gt;
{shiny}      R  stderr  -----------    12: &lt;Anonymous&gt;
{shiny}      R  stderr  -----------    11: &lt;Anonymous&gt;
{shiny}      R  stderr  -----------    10: base::do.call
{shiny}      R  stderr  -----------     9: base::saveRDS
{shiny}      R  stderr  -----------     8: base::withCallingHandlers
{shiny}      R  stderr  -----------     7: doTryCatch
{shiny}      R  stderr  -----------     6: tryCatchOne
{shiny}      R  stderr  -----------     5: tryCatchList
{shiny}      R  stderr  -----------     2: tryCatchList
{shiny}      R  stderr  -----------     1: base::tryCatch


Caused by error in `app_initialize_()`:
! Shiny app did not become stable in 1e+05ms.
Message: An error occurred while waiting for Shiny to be stable
Caused by error in `app_wait_for_idle()`:
! An error occurred while waiting for Shiny to be stable
Backtrace:
     ▆
  1. ├─teal.modules.general (local) app_driver_tm_outlier() at test-shinytest2-tm_outliers.R:110:3
  2. │ └─teal.modules.general:::init_teal_app_driver(...) at test-shinytest2-tm_outliers.R:16:3
  3. │   ├─testthat::with_mocked_bindings(...) at tests/testthat/helper-TealAppDriver.R:7:3
  4. │   └─TealAppDriver$new(...) at tests/testthat/helper-TealAppDriver.R:10:7
  5. │     └─teal (local) initialize(...)
  6. │       ├─base::suppressWarnings(...)
  7. │       │ └─base::withCallingHandlers(...)
  8. │       └─super$initialize(...)
  9. │         └─shinytest2:::app_initialize(...)
 10. │           ├─base::withCallingHandlers(...)
 11. │           └─shinytest2:::app_initialize_(self, private, ..., view = view)
 12. │             ├─base::withCallingHandlers(...)
 13. │             └─self$wait_for_idle(duration = 200, timeout = private$load_timeout)
 14. │               └─shinytest2:::app_wait_for_idle(...)
 15. │                 └─shinytest2:::app_abort(self, private, "An error occurred while waiting for Shiny to be stable")
 16. │                   └─rlang::abort(..., app = self, call = call)
 17. │                     └─rlang:::signal_abort(cnd, .file)
 18. │                       └─base::signalCondition(cnd)
 19. ├─shinytest2 (local) `&lt;fn&gt;`(`&lt;rlng_rrr&gt;`)
 20. │ └─shinytest2:::app_abort(...)
 21. │   └─rlang::abort(..., app = self, call = call)
 22. │     └─rlang:::signal_abort(cnd, .file)
 23. │       └─base::signalCondition(cnd)
 24. └─shinytest2 (local) `&lt;fn&gt;`(`&lt;rlng_rrr&gt;`)
 25.   └─shinytest2:::app_abort(...)
 26.     └─rlang::abort(..., app = self, call = call)</error>
    </testcase>
    <testcase time="102.625" classname="shinytest2_tm_outliers" name="e2e_tm_outliers_Module_is_divided_into_3_tabs.">
      <error type="error" message="Error in `app_initialize(self, private, app_dir = app_dir, ..., load_timeout = load_timeout,  ('test-shinytest2-tm_outliers.R:127:3')">Error in `app_initialize(self, private, app_dir = app_dir, ..., load_timeout = load_timeout, 
    timeout = timeout, wait = wait, expect_values_screenshot_args = expect_values_screenshot_args, 
    screenshot_args = screenshot_args, check_names = check_names, 
    name = name, variant = variant, view = view, height = height, 
    width = width, seed = seed, clean_logs = clean_logs, shiny_args = shiny_args, 
    render_args = render_args, options = options)`: Shiny app did not become stable in 1e+05ms.
Message: An error occurred while waiting for Shiny to be stable
Caused by error in `app_wait_for_idle()`:
! An error occurred while waiting for Shiny to be stable


ℹ You can inspect the failed AppDriver object via `rlang::last_error()$app`
ℹ AppDriver logs:
{shinytest2} R  info    16:51:51.27 Start AppDriver initialization
{shinytest2} R  info    16:51:51.33 Starting Shiny app
{shinytest2} R  info    16:51:52.35 Creating new ChromoteSession
{shinytest2} R  info    16:51:52.39 Navigating to Shiny app
{shinytest2} R  info    16:51:53.00 Injecting shiny-tracer.js
{chromote}   JS info    16:51:53.02 shinytest2; jQuery not found
{chromote}   JS info    16:51:53.02 shinytest2; Loaded
{shinytest2} R  info    16:51:53.02 Waiting for Shiny to become ready
{chromote}   JS info    16:51:53.07 shinytest2; jQuery found
{chromote}   JS info    16:51:53.07 shinytest2; Waiting for shiny session to connect
{chromote}   JS info    16:51:53.37 shinytest2; Connected
{chromote}   JS info    16:51:53.44 shinytest2; shiny:busy
{shinytest2} R  info    16:51:53.45 Waiting for Shiny to become idle for 200ms within 1e+05ms
{chromote}   JS info    16:51:53.45 shinytest2; Waiting for Shiny to be stable
{chromote}   JS warning 16:51:54.45 Couldn't perform validation update on input with id 'teal-teal_modules-outliers_module-module-categorical_var-dataset_CO2_singleextract-select': input not found
                                    (anonymous) @ shinyvalidate-0.1.3/shinyvalidate.js:3443:18
                                    (anonymous) @ shiny-javascript-1.10.0/shiny.min.js:1:407159
                                    m           @ shiny-javascript-1.10.0/shiny.min.js:1:388827
                                    (anonymous) @ shiny-javascript-1.10.0/shiny.min.js:1:390150
                                    (anonymous) @ shiny-javascript-1.10.0/shiny.min.js:1:389186
                                    nT          @ shiny-javascript-1.10.0/shiny.min.js:1:394797
                                    s           @ shiny-javascript-1.10.0/shiny.min.js:1:394995
                                    (anonymous) @ shiny-javascript-1.10.0/shiny.min.js:1:395056
                                    (anonymous) @ shiny-javascript-1.10.0/shiny.min.js:1:394936
                                    t           @ shiny-javascript-1.10.0/shiny.min.js:1:407274
                                    (anonymous) @ shiny-javascript-1.10.0/shiny.min.js:1:410753
                                    m           @ shiny-javascript-1.10.0/shiny.min.js:1:388827
                                    (anonymous) @ shiny-javascript-1.10.0/shiny.min.js:1:390150
                                    (anonymous) @ shiny-javascript-1.10.0/shiny.min.js:1:389186
                                    nT          @ shiny-javascript-1.10.0/shiny.min.js:1:394797
                                    s           @ shiny-javascript-1.10.0/shiny.min.js:1:394995
                                    (anonymous) @ shiny-javascript-1.10.0/shiny.min.js:1:395056
                                    (anonymous) @ shiny-javascript-1.10.0/shiny.min.js:1:394936
                                    (anonymous) @ shiny-javascript-1.10.0/shiny.min.js:1:410855
                                    (anonymous) @ shiny-javascript-1.10.0/shiny.min.js:1:407159
                                    m           @ shiny-javascript-1.10.0/shiny.min.js:1:388827
                                    (anonymous) @ shiny-javascript-1.10.0/shiny.min.js:1:390150
                                    (anonymous) @ shiny-javascript-1.10.0/shiny.min.js:1:389186
                                    nT          @ shiny-javascript-1.10.0/shiny.min.js:1:394797
                                    s           @ shiny-javascript-1.10.0/shiny.min.js:1:394995
                                    (anonymous) @ shiny-javascript-1.10.0/shiny.min.js:1:395056
                                    (anonymous) @ shiny-javascript-1.10.0/shiny.min.js:1:394936
                                    t           @ shiny-javascript-1.10.0/shiny.min.js:1:407274
                                    (anonymous) @ shiny-javascript-1.10.0/shiny.min.js:1:406722
                                    m           @ shiny-javascript-1.10.0/shiny.min.js:1:388827
                                    (anonymous) @ shiny-javascript-1.10.0/shiny.min.js:1:390150
                                    (anonymous) @ shiny-javascript-1.10.0/shiny.min.js:1:389186
                                    nT          @ shiny-javascript-1.10.0/shiny.min.js:1:394797
                                    s           @ shiny-javascript-1.10.0/shiny.min.js:1:394995
                                    (anonymous) @ shiny-javascript-1.10.0/shiny.min.js:1:395056
                                    (anonymous) @ shiny-javascript-1.10.0/shiny.min.js:1:394936
                                    t           @ shiny-javascript-1.10.0/shiny.min.js:1:406868
                                    (anonymous) @ shiny-javascript-1.10.0/shiny.min.js:1:400961
                                    m           @ shiny-javascript-1.10.0/shiny.min.js:1:388827
                                    (anonymous) @ shiny-javascript-1.10.0/shiny.min.js:1:390150
                                    (anonymous) @ shiny-javascript-1.10.0/shiny.min.js:1:389186
                                    nT          @ shiny-javascript-1.10.0/shiny.min.js:1:394797
                                    s           @ shiny-javascript-1.10.0/shiny.min.js:1:394995
                                    (anonymous) @ shiny-javascript-1.10.0/shiny.min.js:1:395056
                                    (anonymous) @ shiny-javascript-1.10.0/shiny.min.js:1:394936
                                    (anonymous) @ shiny-javascript-1.10.0/shiny.min.js:1:401480
                                    m           @ shiny-javascript-1.10.0/shiny.min.js:1:388827
                                    (anonymous) @ shiny-javascript-1.10.0/shiny.min.js:1:390150
                                    (anonymous) @ shiny-javascript-1.10.0/shiny.min.js:1:389186
                                    nT          @ shiny-javascript-1.10.0/shiny.min.js:1:394797
                                    s           @ shiny-javascript-1.10.0/shiny.min.js:1:394995
{shinytest2} R  info    16:53:33.47 Error while initializing AppDriver:
                                    Shiny app did not become stable in 1e+05ms.
                                    Message: An error occurred while waiting for Shiny to be stable
                                    Caused by error in `app_wait_for_idle()`:
                                    ! An error occurred while waiting for Shiny to be stable
{shiny}      R  stderr  ----------- Loading required package: shiny
{shiny}      R  stderr  ----------- Attempting to load the environment ‘package:nestcolor’
{shiny}      R  stderr  ----------- Loading required package: ggmosaic
{shiny}      R  stderr  ----------- Loading required package: ggplot2
{shiny}      R  stderr  ----------- Loading required package: teal
{shiny}      R  stderr  ----------- Loading required package: teal.data
{shiny}      R  stderr  ----------- Loading required package: teal.code
{shiny}      R  stderr  ----------- Loading required package: teal.slice
{shiny}      R  stderr  ----------- 
{shiny}      R  stderr  ----------- You are using teal version 0.16.0
{shiny}      R  stderr  ----------- 
{shiny}      R  stderr  ----------- Attaching package: ‘teal’
{shiny}      R  stderr  ----------- 
{shiny}      R  stderr  ----------- The following objects are masked from ‘package:teal.slice’:
{shiny}      R  stderr  ----------- 
{shiny}      R  stderr  -----------     as.teal_slices, teal_slices
{shiny}      R  stderr  ----------- 
{shiny}      R  stderr  ----------- Loading required package: teal.transform
{shiny}      R  stderr  ----------- Running application in test mode.
{shiny}      R  stderr  ----------- 
{shiny}      R  stderr  ----------- Listening on http://127.0.0.1:4800
{shiny}      R  stderr  ----------- Initializing reporter_previewer_module
{shiny}      R  stderr  ----------- Initializing reporter_previewer_module
{shiny}      R  stderr  ----------- Warning: Error in &lt;Anonymous&gt;: error in evaluating the argument 'code' in selecting a method for function 'eval_code': object of type 'symbol' is not subsettable
{shiny}      R  stderr  -----------   251: &lt;Anonymous&gt;
{shiny}      R  stderr  -----------   250: identical
{shiny}      R  stderr  -----------   249: FUN
{shiny}      R  stderr  -----------   248: lapply
{shiny}      R  stderr  -----------   247: FUN
{shiny}      R  stderr  -----------   246: lapply
{shiny}      R  stderr  -----------   245: remove_pipe_null
{shiny}      R  stderr  -----------   244: %&gt;%
{shiny}      R  stderr  -----------   242: &lt;reactive&gt;
{shiny}      R  stderr  -----------   222: common_code_q
{shiny}      R  stderr  -----------   215: &lt;reactive&gt;
{shiny}      R  stderr  -----------   195: data
{shiny}      R  stderr  -----------   189: &lt;reactive&gt;
{shiny}      R  stderr  -----------   169: decorated_q[[req(current_tab_r())]]
{shiny}      R  stderr  -----------   168: &lt;reactive&gt;
{shiny}      R  stderr  -----------   148: data
{shiny}      R  stderr  -----------   142: &lt;reactive&gt;
{shiny}      R  stderr  -----------   122: decorated_final_q
{shiny}      R  stderr  -----------   121: exprFunc
{shiny}      R  stderr  -----------   120: widgetFunc
{shiny}      R  stderr  -----------   119: ::
{shiny}      R  stderr  ----------- htmlwidgets
{shiny}      R  stderr  ----------- shinyRenderWidget
{shiny}      R  stderr  -----------   118: func
{shiny}      R  stderr  -----------   105: renderFunc
{shiny}      R  stderr  -----------   104: renderFunc
{shiny}      R  stderr  -----------   100: renderFunc
{shiny}      R  stderr  -----------    99: output$teal-teal_modules-outliers_module-module-summary_table
{shiny}      R  stderr  -----------    14: &lt;Anonymous&gt;
{shiny}      R  stderr  -----------    12: &lt;Anonymous&gt;
{shiny}      R  stderr  -----------    11: &lt;Anonymous&gt;
{shiny}      R  stderr  -----------    10: base::do.call
{shiny}      R  stderr  -----------     9: base::saveRDS
{shiny}      R  stderr  -----------     8: base::withCallingHandlers
{shiny}      R  stderr  -----------     7: doTryCatch
{shiny}      R  stderr  -----------     6: tryCatchOne
{shiny}      R  stderr  -----------     5: tryCatchList
{shiny}      R  stderr  -----------     2: tryCatchList
{shiny}      R  stderr  -----------     1: base::tryCatch
{shiny}      R  stderr  ----------- Warning: Error in &lt;Anonymous&gt;: error in evaluating the argument 'code' in selecting a method for function 'eval_code': object of type 'symbol' is not subsettable
{shiny}      R  stderr  -----------   251: &lt;Anonymous&gt;
{shiny}      R  stderr  -----------   250: identical
{shiny}      R  stderr  -----------   249: FUN
{shiny}      R  stderr  -----------   248: lapply
{shiny}      R  stderr  -----------   247: FUN
{shiny}      R  stderr  -----------   246: lapply
{shiny}      R  stderr  -----------   245: remove_pipe_null
{shiny}      R  stderr  -----------   244: %&gt;%
{shiny}      R  stderr  -----------   242: &lt;reactive&gt;
{shiny}      R  stderr  -----------   222: common_code_q
{shiny}      R  stderr  -----------   215: &lt;reactive&gt;
{shiny}      R  stderr  -----------   195: data
{shiny}      R  stderr  -----------   189: &lt;reactive&gt;
{shiny}      R  stderr  -----------   169: decorated_q[[req(current_tab_r())]]
{shiny}      R  stderr  -----------   168: &lt;reactive&gt;
{shiny}      R  stderr  -----------   148: data
{shiny}      R  stderr  -----------   142: &lt;reactive&gt;
{shiny}      R  stderr  -----------   122: decorated_final_q
{shiny}      R  stderr  -----------   121: exprFunc
{shiny}      R  stderr  -----------   120: widgetFunc
{shiny}      R  stderr  -----------   119: ::
{shiny}      R  stderr  ----------- htmlwidgets
{shiny}      R  stderr  ----------- shinyRenderWidget
{shiny}      R  stderr  -----------   118: func
{shiny}      R  stderr  -----------   105: renderFunc
{shiny}      R  stderr  -----------   104: renderFunc
{shiny}      R  stderr  -----------   100: renderFunc
{shiny}      R  stderr  -----------    99: output$teal-teal_modules-outliers_module-module-summary_table
{shiny}      R  stderr  -----------    14: &lt;Anonymous&gt;
{shiny}      R  stderr  -----------    12: &lt;Anonymous&gt;
{shiny}      R  stderr  -----------    11: &lt;Anonymous&gt;
{shiny}      R  stderr  -----------    10: base::do.call
{shiny}      R  stderr  -----------     9: base::saveRDS
{shiny}      R  stderr  -----------     8: base::withCallingHandlers
{shiny}      R  stderr  -----------     7: doTryCatch
{shiny}      R  stderr  -----------     6: tryCatchOne
{shiny}      R  stderr  -----------     5: tryCatchList
{shiny}      R  stderr  -----------     2: tryCatchList
{shiny}      R  stderr  -----------     1: base::tryCatch
{shiny}      R  stderr  ----------- Warning: Error in &lt;Anonymous&gt;: error in evaluating the argument 'code' in selecting a method for function 'eval_code': object of type 'symbol' is not subsettable
{shiny}      R  stderr  -----------   14: &lt;Anonymous&gt;
{shiny}      R  stderr  -----------   12: &lt;Anonymous&gt;
{shiny}      R  stderr  -----------   11: &lt;Anonymous&gt;
{shiny}      R  stderr  -----------   10: base::do.call
{shiny}      R  stderr  -----------    9: base::saveRDS
{shiny}      R  stderr  -----------    8: base::withCallingHandlers
{shiny}      R  stderr  -----------    7: doTryCatch
{shiny}      R  stderr  -----------    6: tryCatchOne
{shiny}      R  stderr  -----------    5: tryCatchList
{shiny}      R  stderr  -----------    2: tryCatchList
{shiny}      R  stderr  -----------    1: base::tryCatch
{shiny}      R  stderr  ----------- Warning: Error in &lt;Anonymous&gt;: error in evaluating the argument 'code' in selecting a method for function 'eval_code': object of type 'symbol' is not subsettable
{shiny}      R  stderr  -----------   124: &lt;Anonymous&gt;
{shiny}      R  stderr  -----------   123: stop
{shiny}      R  stderr  -----------   122: common_code_q
{shiny}      R  stderr  -----------   121: exprFunc
{shiny}      R  stderr  -----------   120: widgetFunc
{shiny}      R  stderr  -----------   119: ::
{shiny}      R  stderr  ----------- htmlwidgets
{shiny}      R  stderr  ----------- shinyRenderWidget
{shiny}      R  stderr  -----------   118: func
{shiny}      R  stderr  -----------   105: renderFunc
{shiny}      R  stderr  -----------   104: renderFunc
{shiny}      R  stderr  -----------   100: renderFunc
{shiny}      R  stderr  -----------    99: output$teal-teal_modules-outliers_module-module-table_ui
{shiny}      R  stderr  -----------    14: &lt;Anonymous&gt;
{shiny}      R  stderr  -----------    12: &lt;Anonymous&gt;
{shiny}      R  stderr  -----------    11: &lt;Anonymous&gt;
{shiny}      R  stderr  -----------    10: base::do.call
{shiny}      R  stderr  -----------     9: base::saveRDS
{shiny}      R  stderr  -----------     8: base::withCallingHandlers
{shiny}      R  stderr  -----------     7: doTryCatch
{shiny}      R  stderr  -----------     6: tryCatchOne
{shiny}      R  stderr  -----------     5: tryCatchList
{shiny}      R  stderr  -----------     2: tryCatchList
{shiny}      R  stderr  -----------     1: base::tryCatch
{shiny}      R  stderr  ----------- Warning: Error in &lt;Anonymous&gt;: error in evaluating the argument 'code' in selecting a method for function 'eval_code': object of type 'symbol' is not subsettable
{shiny}      R  stderr  -----------   117: &lt;Anonymous&gt;
{shiny}      R  stderr  -----------   116: stop
{shiny}      R  stderr  -----------   115: common_code_q
{shiny}      R  stderr  -----------   114: renderUI
{shiny}      R  stderr  -----------   113: func
{shiny}      R  stderr  -----------   100: renderFunc
{shiny}      R  stderr  -----------    99: output$teal-teal_modules-outliers_module-module-total_outliers
{shiny}      R  stderr  -----------    14: &lt;Anonymous&gt;
{shiny}      R  stderr  -----------    12: &lt;Anonymous&gt;
{shiny}      R  stderr  -----------    11: &lt;Anonymous&gt;
{shiny}      R  stderr  -----------    10: base::do.call
{shiny}      R  stderr  -----------     9: base::saveRDS
{shiny}      R  stderr  -----------     8: base::withCallingHandlers
{shiny}      R  stderr  -----------     7: doTryCatch
{shiny}      R  stderr  -----------     6: tryCatchOne
{shiny}      R  stderr  -----------     5: tryCatchList
{shiny}      R  stderr  -----------     2: tryCatchList
{shiny}      R  stderr  -----------     1: base::tryCatch


Caused by error in `app_initialize_()`:
! Shiny app did not become stable in 1e+05ms.
Message: An error occurred while waiting for Shiny to be stable
Caused by error in `app_wait_for_idle()`:
! An error occurred while waiting for Shiny to be stable
Backtrace:
     ▆
  1. ├─teal.modules.general (local) app_driver_tm_outlier() at test-shinytest2-tm_outliers.R:127:3
  2. │ └─teal.modules.general:::init_teal_app_driver(...) at test-shinytest2-tm_outliers.R:16:3
  3. │   ├─testthat::with_mocked_bindings(...) at tests/testthat/helper-TealAppDriver.R:7:3
  4. │   └─TealAppDriver$new(...) at tests/testthat/helper-TealAppDriver.R:10:7
  5. │     └─teal (local) initialize(...)
  6. │       ├─base::suppressWarnings(...)
  7. │       │ └─base::withCallingHandlers(...)
  8. │       └─super$initialize(...)
  9. │         └─shinytest2:::app_initialize(...)
 10. │           ├─base::withCallingHandlers(...)
 11. │           └─shinytest2:::app_initialize_(self, private, ..., view = view)
 12. │             ├─base::withCallingHandlers(...)
 13. │             └─self$wait_for_idle(duration = 200, timeout = private$load_timeout)
 14. │               └─shinytest2:::app_wait_for_idle(...)
 15. │                 └─shinytest2:::app_abort(self, private, "An error occurred while waiting for Shiny to be stable")
 16. │                   └─rlang::abort(..., app = self, call = call)
 17. │                     └─rlang:::signal_abort(cnd, .file)
 18. │                       └─base::signalCondition(cnd)
 19. ├─shinytest2 (local) `&lt;fn&gt;`(`&lt;rlng_rrr&gt;`)
 20. │ └─shinytest2:::app_abort(...)
 21. │   └─rlang::abort(..., app = self, call = call)
 22. │     └─rlang:::signal_abort(cnd, .file)
 23. │       └─base::signalCondition(cnd)
 24. └─shinytest2 (local) `&lt;fn&gt;`(`&lt;rlng_rrr&gt;`)
 25.   └─shinytest2:::app_abort(...)
 26.     └─rlang::abort(..., app = self, call = call)</error>
    </testcase>
    <testcase time="102.66" classname="shinytest2_tm_outliers" name="e2e_tm_outliers_Plot_type_is_hidden_when_Boxplot_tab_is_not_selected.">
      <error type="error" message="Error in `app_initialize(self, private, app_dir = app_dir, ..., load_timeout = load_timeout,  ('test-shinytest2-tm_outliers.R:142:3')">Error in `app_initialize(self, private, app_dir = app_dir, ..., load_timeout = load_timeout, 
    timeout = timeout, wait = wait, expect_values_screenshot_args = expect_values_screenshot_args, 
    screenshot_args = screenshot_args, check_names = check_names, 
    name = name, variant = variant, view = view, height = height, 
    width = width, seed = seed, clean_logs = clean_logs, shiny_args = shiny_args, 
    render_args = render_args, options = options)`: Shiny app did not become stable in 1e+05ms.
Message: An error occurred while waiting for Shiny to be stable
Caused by error in `app_wait_for_idle()`:
! An error occurred while waiting for Shiny to be stable


ℹ You can inspect the failed AppDriver object via `rlang::last_error()$app`
ℹ AppDriver logs:
{shinytest2} R  info    16:53:33.90 Start AppDriver initialization
{shinytest2} R  info    16:53:33.95 Starting Shiny app
{shinytest2} R  info    16:53:34.97 Creating new ChromoteSession
{shinytest2} R  info    16:53:35.01 Navigating to Shiny app
{shinytest2} R  info    16:53:35.63 Injecting shiny-tracer.js
{chromote}   JS info    16:53:35.64 shinytest2; jQuery not found
{chromote}   JS info    16:53:35.64 shinytest2; Loaded
{shinytest2} R  info    16:53:35.64 Waiting for Shiny to become ready
{chromote}   JS info    16:53:35.75 shinytest2; jQuery found
{chromote}   JS info    16:53:35.75 shinytest2; Waiting for shiny session to connect
{chromote}   JS info    16:53:36.05 shinytest2; Connected
{chromote}   JS info    16:53:36.10 shinytest2; shiny:busy
{shinytest2} R  info    16:53:36.11 Waiting for Shiny to become idle for 200ms within 1e+05ms
{chromote}   JS info    16:53:36.11 shinytest2; Waiting for Shiny to be stable
{chromote}   JS warning 16:53:37.08 Couldn't perform validation update on input with id 'teal-teal_modules-outliers_module-module-categorical_var-dataset_CO2_singleextract-select': input not found
                                    (anonymous) @ shinyvalidate-0.1.3/shinyvalidate.js:3443:18
                                    (anonymous) @ shiny-javascript-1.10.0/shiny.min.js:1:407159
                                    m           @ shiny-javascript-1.10.0/shiny.min.js:1:388827
                                    (anonymous) @ shiny-javascript-1.10.0/shiny.min.js:1:390150
                                    (anonymous) @ shiny-javascript-1.10.0/shiny.min.js:1:389186
                                    nT          @ shiny-javascript-1.10.0/shiny.min.js:1:394797
                                    s           @ shiny-javascript-1.10.0/shiny.min.js:1:394995
                                    (anonymous) @ shiny-javascript-1.10.0/shiny.min.js:1:395056
                                    (anonymous) @ shiny-javascript-1.10.0/shiny.min.js:1:394936
                                    t           @ shiny-javascript-1.10.0/shiny.min.js:1:407274
                                    (anonymous) @ shiny-javascript-1.10.0/shiny.min.js:1:410753
                                    m           @ shiny-javascript-1.10.0/shiny.min.js:1:388827
                                    (anonymous) @ shiny-javascript-1.10.0/shiny.min.js:1:390150
                                    (anonymous) @ shiny-javascript-1.10.0/shiny.min.js:1:389186
                                    nT          @ shiny-javascript-1.10.0/shiny.min.js:1:394797
                                    s           @ shiny-javascript-1.10.0/shiny.min.js:1:394995
                                    (anonymous) @ shiny-javascript-1.10.0/shiny.min.js:1:395056
                                    (anonymous) @ shiny-javascript-1.10.0/shiny.min.js:1:394936
                                    (anonymous) @ shiny-javascript-1.10.0/shiny.min.js:1:410855
                                    (anonymous) @ shiny-javascript-1.10.0/shiny.min.js:1:407159
                                    m           @ shiny-javascript-1.10.0/shiny.min.js:1:388827
                                    (anonymous) @ shiny-javascript-1.10.0/shiny.min.js:1:390150
                                    (anonymous) @ shiny-javascript-1.10.0/shiny.min.js:1:389186
                                    nT          @ shiny-javascript-1.10.0/shiny.min.js:1:394797
                                    s           @ shiny-javascript-1.10.0/shiny.min.js:1:394995
                                    (anonymous) @ shiny-javascript-1.10.0/shiny.min.js:1:395056
                                    (anonymous) @ shiny-javascript-1.10.0/shiny.min.js:1:394936
                                    t           @ shiny-javascript-1.10.0/shiny.min.js:1:407274
                                    (anonymous) @ shiny-javascript-1.10.0/shiny.min.js:1:406722
                                    m           @ shiny-javascript-1.10.0/shiny.min.js:1:388827
                                    (anonymous) @ shiny-javascript-1.10.0/shiny.min.js:1:390150
                                    (anonymous) @ shiny-javascript-1.10.0/shiny.min.js:1:389186
                                    nT          @ shiny-javascript-1.10.0/shiny.min.js:1:394797
                                    s           @ shiny-javascript-1.10.0/shiny.min.js:1:394995
                                    (anonymous) @ shiny-javascript-1.10.0/shiny.min.js:1:395056
                                    (anonymous) @ shiny-javascript-1.10.0/shiny.min.js:1:394936
                                    t           @ shiny-javascript-1.10.0/shiny.min.js:1:406868
                                    (anonymous) @ shiny-javascript-1.10.0/shiny.min.js:1:400961
                                    m           @ shiny-javascript-1.10.0/shiny.min.js:1:388827
                                    (anonymous) @ shiny-javascript-1.10.0/shiny.min.js:1:390150
                                    (anonymous) @ shiny-javascript-1.10.0/shiny.min.js:1:389186
                                    nT          @ shiny-javascript-1.10.0/shiny.min.js:1:394797
                                    s           @ shiny-javascript-1.10.0/shiny.min.js:1:394995
                                    (anonymous) @ shiny-javascript-1.10.0/shiny.min.js:1:395056
                                    (anonymous) @ shiny-javascript-1.10.0/shiny.min.js:1:394936
                                    (anonymous) @ shiny-javascript-1.10.0/shiny.min.js:1:401480
                                    m           @ shiny-javascript-1.10.0/shiny.min.js:1:388827
                                    (anonymous) @ shiny-javascript-1.10.0/shiny.min.js:1:390150
                                    (anonymous) @ shiny-javascript-1.10.0/shiny.min.js:1:389186
                                    nT          @ shiny-javascript-1.10.0/shiny.min.js:1:394797
                                    s           @ shiny-javascript-1.10.0/shiny.min.js:1:394995
{shinytest2} R  info    16:55:16.13 Error while initializing AppDriver:
                                    Shiny app did not become stable in 1e+05ms.
                                    Message: An error occurred while waiting for Shiny to be stable
                                    Caused by error in `app_wait_for_idle()`:
                                    ! An error occurred while waiting for Shiny to be stable
{shiny}      R  stderr  ----------- Loading required package: shiny
{shiny}      R  stderr  ----------- Attempting to load the environment ‘package:nestcolor’
{shiny}      R  stderr  ----------- Loading required package: ggmosaic
{shiny}      R  stderr  ----------- Loading required package: ggplot2
{shiny}      R  stderr  ----------- Loading required package: teal
{shiny}      R  stderr  ----------- Loading required package: teal.data
{shiny}      R  stderr  ----------- Loading required package: teal.code
{shiny}      R  stderr  ----------- Loading required package: teal.slice
{shiny}      R  stderr  ----------- 
{shiny}      R  stderr  ----------- You are using teal version 0.16.0
{shiny}      R  stderr  ----------- 
{shiny}      R  stderr  ----------- Attaching package: ‘teal’
{shiny}      R  stderr  ----------- 
{shiny}      R  stderr  ----------- The following objects are masked from ‘package:teal.slice’:
{shiny}      R  stderr  ----------- 
{shiny}      R  stderr  -----------     as.teal_slices, teal_slices
{shiny}      R  stderr  ----------- 
{shiny}      R  stderr  ----------- Loading required package: teal.transform
{shiny}      R  stderr  ----------- Running application in test mode.
{shiny}      R  stderr  ----------- 
{shiny}      R  stderr  ----------- Listening on http://127.0.0.1:6613
{shiny}      R  stderr  ----------- Initializing reporter_previewer_module
{shiny}      R  stderr  ----------- Initializing reporter_previewer_module
{shiny}      R  stderr  ----------- Warning: Error in &lt;Anonymous&gt;: error in evaluating the argument 'code' in selecting a method for function 'eval_code': object of type 'symbol' is not subsettable
{shiny}      R  stderr  -----------   251: &lt;Anonymous&gt;
{shiny}      R  stderr  -----------   250: identical
{shiny}      R  stderr  -----------   249: FUN
{shiny}      R  stderr  -----------   248: lapply
{shiny}      R  stderr  -----------   247: FUN
{shiny}      R  stderr  -----------   246: lapply
{shiny}      R  stderr  -----------   245: remove_pipe_null
{shiny}      R  stderr  -----------   244: %&gt;%
{shiny}      R  stderr  -----------   242: &lt;reactive&gt;
{shiny}      R  stderr  -----------   222: common_code_q
{shiny}      R  stderr  -----------   215: &lt;reactive&gt;
{shiny}      R  stderr  -----------   195: data
{shiny}      R  stderr  -----------   189: &lt;reactive&gt;
{shiny}      R  stderr  -----------   169: decorated_q[[req(current_tab_r())]]
{shiny}      R  stderr  -----------   168: &lt;reactive&gt;
{shiny}      R  stderr  -----------   148: data
{shiny}      R  stderr  -----------   142: &lt;reactive&gt;
{shiny}      R  stderr  -----------   122: decorated_final_q
{shiny}      R  stderr  -----------   121: exprFunc
{shiny}      R  stderr  -----------   120: widgetFunc
{shiny}      R  stderr  -----------   119: ::
{shiny}      R  stderr  ----------- htmlwidgets
{shiny}      R  stderr  ----------- shinyRenderWidget
{shiny}      R  stderr  -----------   118: func
{shiny}      R  stderr  -----------   105: renderFunc
{shiny}      R  stderr  -----------   104: renderFunc
{shiny}      R  stderr  -----------   100: renderFunc
{shiny}      R  stderr  -----------    99: output$teal-teal_modules-outliers_module-module-summary_table
{shiny}      R  stderr  -----------    14: &lt;Anonymous&gt;
{shiny}      R  stderr  -----------    12: &lt;Anonymous&gt;
{shiny}      R  stderr  -----------    11: &lt;Anonymous&gt;
{shiny}      R  stderr  -----------    10: base::do.call
{shiny}      R  stderr  -----------     9: base::saveRDS
{shiny}      R  stderr  -----------     8: base::withCallingHandlers
{shiny}      R  stderr  -----------     7: doTryCatch
{shiny}      R  stderr  -----------     6: tryCatchOne
{shiny}      R  stderr  -----------     5: tryCatchList
{shiny}      R  stderr  -----------     2: tryCatchList
{shiny}      R  stderr  -----------     1: base::tryCatch
{shiny}      R  stderr  ----------- Warning: Error in &lt;Anonymous&gt;: error in evaluating the argument 'code' in selecting a method for function 'eval_code': object of type 'symbol' is not subsettable
{shiny}      R  stderr  -----------   251: &lt;Anonymous&gt;
{shiny}      R  stderr  -----------   250: identical
{shiny}      R  stderr  -----------   249: FUN
{shiny}      R  stderr  -----------   248: lapply
{shiny}      R  stderr  -----------   247: FUN
{shiny}      R  stderr  -----------   246: lapply
{shiny}      R  stderr  -----------   245: remove_pipe_null
{shiny}      R  stderr  -----------   244: %&gt;%
{shiny}      R  stderr  -----------   242: &lt;reactive&gt;
{shiny}      R  stderr  -----------   222: common_code_q
{shiny}      R  stderr  -----------   215: &lt;reactive&gt;
{shiny}      R  stderr  -----------   195: data
{shiny}      R  stderr  -----------   189: &lt;reactive&gt;
{shiny}      R  stderr  -----------   169: decorated_q[[req(current_tab_r())]]
{shiny}      R  stderr  -----------   168: &lt;reactive&gt;
{shiny}      R  stderr  -----------   148: data
{shiny}      R  stderr  -----------   142: &lt;reactive&gt;
{shiny}      R  stderr  -----------   122: decorated_final_q
{shiny}      R  stderr  -----------   121: exprFunc
{shiny}      R  stderr  -----------   120: widgetFunc
{shiny}      R  stderr  -----------   119: ::
{shiny}      R  stderr  ----------- htmlwidgets
{shiny}      R  stderr  ----------- shinyRenderWidget
{shiny}      R  stderr  -----------   118: func
{shiny}      R  stderr  -----------   105: renderFunc
{shiny}      R  stderr  -----------   104: renderFunc
{shiny}      R  stderr  -----------   100: renderFunc
{shiny}      R  stderr  -----------    99: output$teal-teal_modules-outliers_module-module-summary_table
{shiny}      R  stderr  -----------    14: &lt;Anonymous&gt;
{shiny}      R  stderr  -----------    12: &lt;Anonymous&gt;
{shiny}      R  stderr  -----------    11: &lt;Anonymous&gt;
{shiny}      R  stderr  -----------    10: base::do.call
{shiny}      R  stderr  -----------     9: base::saveRDS
{shiny}      R  stderr  -----------     8: base::withCallingHandlers
{shiny}      R  stderr  -----------     7: doTryCatch
{shiny}      R  stderr  -----------     6: tryCatchOne
{shiny}      R  stderr  -----------     5: tryCatchList
{shiny}      R  stderr  -----------     2: tryCatchList
{shiny}      R  stderr  -----------     1: base::tryCatch
{shiny}      R  stderr  ----------- Warning: Error in &lt;Anonymous&gt;: error in evaluating the argument 'code' in selecting a method for function 'eval_code': object of type 'symbol' is not subsettable
{shiny}      R  stderr  -----------   14: &lt;Anonymous&gt;
{shiny}      R  stderr  -----------   12: &lt;Anonymous&gt;
{shiny}      R  stderr  -----------   11: &lt;Anonymous&gt;
{shiny}      R  stderr  -----------   10: base::do.call
{shiny}      R  stderr  -----------    9: base::saveRDS
{shiny}      R  stderr  -----------    8: base::withCallingHandlers
{shiny}      R  stderr  -----------    7: doTryCatch
{shiny}      R  stderr  -----------    6: tryCatchOne
{shiny}      R  stderr  -----------    5: tryCatchList
{shiny}      R  stderr  -----------    2: tryCatchList
{shiny}      R  stderr  -----------    1: base::tryCatch
{shiny}      R  stderr  ----------- Warning: Error in &lt;Anonymous&gt;: error in evaluating the argument 'code' in selecting a method for function 'eval_code': object of type 'symbol' is not subsettable
{shiny}      R  stderr  -----------   124: &lt;Anonymous&gt;
{shiny}      R  stderr  -----------   123: stop
{shiny}      R  stderr  -----------   122: common_code_q
{shiny}      R  stderr  -----------   121: exprFunc
{shiny}      R  stderr  -----------   120: widgetFunc
{shiny}      R  stderr  -----------   119: ::
{shiny}      R  stderr  ----------- htmlwidgets
{shiny}      R  stderr  ----------- shinyRenderWidget
{shiny}      R  stderr  -----------   118: func
{shiny}      R  stderr  -----------   105: renderFunc
{shiny}      R  stderr  -----------   104: renderFunc
{shiny}      R  stderr  -----------   100: renderFunc
{shiny}      R  stderr  -----------    99: output$teal-teal_modules-outliers_module-module-table_ui
{shiny}      R  stderr  -----------    14: &lt;Anonymous&gt;
{shiny}      R  stderr  -----------    12: &lt;Anonymous&gt;
{shiny}      R  stderr  -----------    11: &lt;Anonymous&gt;
{shiny}      R  stderr  -----------    10: base::do.call
{shiny}      R  stderr  -----------     9: base::saveRDS
{shiny}      R  stderr  -----------     8: base::withCallingHandlers
{shiny}      R  stderr  -----------     7: doTryCatch
{shiny}      R  stderr  -----------     6: tryCatchOne
{shiny}      R  stderr  -----------     5: tryCatchList
{shiny}      R  stderr  -----------     2: tryCatchList
{shiny}      R  stderr  -----------     1: base::tryCatch
{shiny}      R  stderr  ----------- Warning: Error in &lt;Anonymous&gt;: error in evaluating the argument 'code' in selecting a method for function 'eval_code': object of type 'symbol' is not subsettable
{shiny}      R  stderr  -----------   117: &lt;Anonymous&gt;
{shiny}      R  stderr  -----------   116: stop
{shiny}      R  stderr  -----------   115: common_code_q
{shiny}      R  stderr  -----------   114: renderUI
{shiny}      R  stderr  -----------   113: func
{shiny}      R  stderr  -----------   100: renderFunc
{shiny}      R  stderr  -----------    99: output$teal-teal_modules-outliers_module-module-total_outliers
{shiny}      R  stderr  -----------    14: &lt;Anonymous&gt;
{shiny}      R  stderr  -----------    12: &lt;Anonymous&gt;
{shiny}      R  stderr  -----------    11: &lt;Anonymous&gt;
{shiny}      R  stderr  -----------    10: base::do.call
{shiny}      R  stderr  -----------     9: base::saveRDS
{shiny}      R  stderr  -----------     8: base::withCallingHandlers
{shiny}      R  stderr  -----------     7: doTryCatch
{shiny}      R  stderr  -----------     6: tryCatchOne
{shiny}      R  stderr  -----------     5: tryCatchList
{shiny}      R  stderr  -----------     2: tryCatchList
{shiny}      R  stderr  -----------     1: base::tryCatch


Caused by error in `app_initialize_()`:
! Shiny app did not become stable in 1e+05ms.
Message: An error occurred while waiting for Shiny to be stable
Caused by error in `app_wait_for_idle()`:
! An error occurred while waiting for Shiny to be stable
Backtrace:
     ▆
  1. ├─teal.modules.general (local) app_driver_tm_outlier() at test-shinytest2-tm_outliers.R:142:3
  2. │ └─teal.modules.general:::init_teal_app_driver(...) at test-shinytest2-tm_outliers.R:16:3
  3. │   ├─testthat::with_mocked_bindings(...) at tests/testthat/helper-TealAppDriver.R:7:3
  4. │   └─TealAppDriver$new(...) at tests/testthat/helper-TealAppDriver.R:10:7
  5. │     └─teal (local) initialize(...)
  6. │       ├─base::suppressWarnings(...)
  7. │       │ └─base::withCallingHandlers(...)
  8. │       └─super$initialize(...)
  9. │         └─shinytest2:::app_initialize(...)
 10. │           ├─base::withCallingHandlers(...)
 11. │           └─shinytest2:::app_initialize_(self, private, ..., view = view)
 12. │             ├─base::withCallingHandlers(...)
 13. │             └─self$wait_for_idle(duration = 200, timeout = private$load_timeout)
 14. │               └─shinytest2:::app_wait_for_idle(...)
 15. │                 └─shinytest2:::app_abort(self, private, "An error occurred while waiting for Shiny to be stable")
 16. │                   └─rlang::abort(..., app = self, call = call)
 17. │                     └─rlang:::signal_abort(cnd, .file)
 18. │                       └─base::signalCondition(cnd)
 19. ├─shinytest2 (local) `&lt;fn&gt;`(`&lt;rlng_rrr&gt;`)
 20. │ └─shinytest2:::app_abort(...)
 21. │   └─rlang::abort(..., app = self, call = call)
 22. │     └─rlang:::signal_abort(cnd, .file)
 23. │       └─base::signalCondition(cnd)
 24. └─shinytest2 (local) `&lt;fn&gt;`(`&lt;rlng_rrr&gt;`)
 25.   └─shinytest2:::app_abort(...)
 26.     └─rlang::abort(..., app = self, call = call)</error>
    </testcase>
    <testcase time="102.659" classname="shinytest2_tm_outliers" name="e2e_tm_outliers_Default_radio_buttons_are_set_properly.">
      <error type="error" message="Error in `app_initialize(self, private, app_dir = app_dir, ..., load_timeout = load_timeout,  ('test-shinytest2-tm_outliers.R:159:3')">Error in `app_initialize(self, private, app_dir = app_dir, ..., load_timeout = load_timeout, 
    timeout = timeout, wait = wait, expect_values_screenshot_args = expect_values_screenshot_args, 
    screenshot_args = screenshot_args, check_names = check_names, 
    name = name, variant = variant, view = view, height = height, 
    width = width, seed = seed, clean_logs = clean_logs, shiny_args = shiny_args, 
    render_args = render_args, options = options)`: Shiny app did not become stable in 1e+05ms.
Message: An error occurred while waiting for Shiny to be stable
Caused by error in `app_wait_for_idle()`:
! An error occurred while waiting for Shiny to be stable


ℹ You can inspect the failed AppDriver object via `rlang::last_error()$app`
ℹ AppDriver logs:
{shinytest2} R  info    16:55:16.56 Start AppDriver initialization
{shinytest2} R  info    16:55:16.61 Starting Shiny app
{shinytest2} R  info    16:55:17.64 Creating new ChromoteSession
{shinytest2} R  info    16:55:17.68 Navigating to Shiny app
{shinytest2} R  info    16:55:18.30 Injecting shiny-tracer.js
{chromote}   JS info    16:55:18.31 shinytest2; jQuery not found
{chromote}   JS info    16:55:18.31 shinytest2; Loaded
{shinytest2} R  info    16:55:18.31 Waiting for Shiny to become ready
{chromote}   JS info    16:55:18.41 shinytest2; jQuery found
{chromote}   JS info    16:55:18.41 shinytest2; Waiting for shiny session to connect
{chromote}   JS info    16:55:18.68 shinytest2; Connected
{chromote}   JS info    16:55:18.76 shinytest2; shiny:busy
{shinytest2} R  info    16:55:18.76 Waiting for Shiny to become idle for 200ms within 1e+05ms
{chromote}   JS info    16:55:18.77 shinytest2; Waiting for Shiny to be stable
{chromote}   JS warning 16:55:19.80 Couldn't perform validation update on input with id 'teal-teal_modules-outliers_module-module-categorical_var-dataset_CO2_singleextract-select': input not found
                                    (anonymous) @ shinyvalidate-0.1.3/shinyvalidate.js:3443:18
                                    (anonymous) @ shiny-javascript-1.10.0/shiny.min.js:1:407159
                                    m           @ shiny-javascript-1.10.0/shiny.min.js:1:388827
                                    (anonymous) @ shiny-javascript-1.10.0/shiny.min.js:1:390150
                                    (anonymous) @ shiny-javascript-1.10.0/shiny.min.js:1:389186
                                    nT          @ shiny-javascript-1.10.0/shiny.min.js:1:394797
                                    s           @ shiny-javascript-1.10.0/shiny.min.js:1:394995
                                    (anonymous) @ shiny-javascript-1.10.0/shiny.min.js:1:395056
                                    (anonymous) @ shiny-javascript-1.10.0/shiny.min.js:1:394936
                                    t           @ shiny-javascript-1.10.0/shiny.min.js:1:407274
                                    (anonymous) @ shiny-javascript-1.10.0/shiny.min.js:1:410753
                                    m           @ shiny-javascript-1.10.0/shiny.min.js:1:388827
                                    (anonymous) @ shiny-javascript-1.10.0/shiny.min.js:1:390150
                                    (anonymous) @ shiny-javascript-1.10.0/shiny.min.js:1:389186
                                    nT          @ shiny-javascript-1.10.0/shiny.min.js:1:394797
                                    s           @ shiny-javascript-1.10.0/shiny.min.js:1:394995
                                    (anonymous) @ shiny-javascript-1.10.0/shiny.min.js:1:395056
                                    (anonymous) @ shiny-javascript-1.10.0/shiny.min.js:1:394936
                                    (anonymous) @ shiny-javascript-1.10.0/shiny.min.js:1:410855
                                    (anonymous) @ shiny-javascript-1.10.0/shiny.min.js:1:407159
                                    m           @ shiny-javascript-1.10.0/shiny.min.js:1:388827
                                    (anonymous) @ shiny-javascript-1.10.0/shiny.min.js:1:390150
                                    (anonymous) @ shiny-javascript-1.10.0/shiny.min.js:1:389186
                                    nT          @ shiny-javascript-1.10.0/shiny.min.js:1:394797
                                    s           @ shiny-javascript-1.10.0/shiny.min.js:1:394995
                                    (anonymous) @ shiny-javascript-1.10.0/shiny.min.js:1:395056
                                    (anonymous) @ shiny-javascript-1.10.0/shiny.min.js:1:394936
                                    t           @ shiny-javascript-1.10.0/shiny.min.js:1:407274
                                    (anonymous) @ shiny-javascript-1.10.0/shiny.min.js:1:406722
                                    m           @ shiny-javascript-1.10.0/shiny.min.js:1:388827
                                    (anonymous) @ shiny-javascript-1.10.0/shiny.min.js:1:390150
                                    (anonymous) @ shiny-javascript-1.10.0/shiny.min.js:1:389186
                                    nT          @ shiny-javascript-1.10.0/shiny.min.js:1:394797
                                    s           @ shiny-javascript-1.10.0/shiny.min.js:1:394995
                                    (anonymous) @ shiny-javascript-1.10.0/shiny.min.js:1:395056
                                    (anonymous) @ shiny-javascript-1.10.0/shiny.min.js:1:394936
                                    t           @ shiny-javascript-1.10.0/shiny.min.js:1:406868
                                    (anonymous) @ shiny-javascript-1.10.0/shiny.min.js:1:400961
                                    m           @ shiny-javascript-1.10.0/shiny.min.js:1:388827
                                    (anonymous) @ shiny-javascript-1.10.0/shiny.min.js:1:390150
                                    (anonymous) @ shiny-javascript-1.10.0/shiny.min.js:1:389186
                                    nT          @ shiny-javascript-1.10.0/shiny.min.js:1:394797
                                    s           @ shiny-javascript-1.10.0/shiny.min.js:1:394995
                                    (anonymous) @ shiny-javascript-1.10.0/shiny.min.js:1:395056
                                    (anonymous) @ shiny-javascript-1.10.0/shiny.min.js:1:394936
                                    (anonymous) @ shiny-javascript-1.10.0/shiny.min.js:1:401480
                                    m           @ shiny-javascript-1.10.0/shiny.min.js:1:388827
                                    (anonymous) @ shiny-javascript-1.10.0/shiny.min.js:1:390150
                                    (anonymous) @ shiny-javascript-1.10.0/shiny.min.js:1:389186
                                    nT          @ shiny-javascript-1.10.0/shiny.min.js:1:394797
                                    s           @ shiny-javascript-1.10.0/shiny.min.js:1:394995
{shinytest2} R  info    16:56:58.79 Error while initializing AppDriver:
                                    Shiny app did not become stable in 1e+05ms.
                                    Message: An error occurred while waiting for Shiny to be stable
                                    Caused by error in `app_wait_for_idle()`:
                                    ! An error occurred while waiting for Shiny to be stable
{shiny}      R  stderr  ----------- Loading required package: shiny
{shiny}      R  stderr  ----------- Attempting to load the environment ‘package:nestcolor’
{shiny}      R  stderr  ----------- Loading required package: ggmosaic
{shiny}      R  stderr  ----------- Loading required package: ggplot2
{shiny}      R  stderr  ----------- Loading required package: teal
{shiny}      R  stderr  ----------- Loading required package: teal.data
{shiny}      R  stderr  ----------- Loading required package: teal.code
{shiny}      R  stderr  ----------- Loading required package: teal.slice
{shiny}      R  stderr  ----------- 
{shiny}      R  stderr  ----------- You are using teal version 0.16.0
{shiny}      R  stderr  ----------- 
{shiny}      R  stderr  ----------- Attaching package: ‘teal’
{shiny}      R  stderr  ----------- 
{shiny}      R  stderr  ----------- The following objects are masked from ‘package:teal.slice’:
{shiny}      R  stderr  ----------- 
{shiny}      R  stderr  -----------     as.teal_slices, teal_slices
{shiny}      R  stderr  ----------- 
{shiny}      R  stderr  ----------- Loading required package: teal.transform
{shiny}      R  stderr  ----------- Running application in test mode.
{shiny}      R  stderr  ----------- 
{shiny}      R  stderr  ----------- Listening on http://127.0.0.1:4575
{shiny}      R  stderr  ----------- Initializing reporter_previewer_module
{shiny}      R  stderr  ----------- Initializing reporter_previewer_module
{shiny}      R  stderr  ----------- Warning: Error in &lt;Anonymous&gt;: error in evaluating the argument 'code' in selecting a method for function 'eval_code': object of type 'symbol' is not subsettable
{shiny}      R  stderr  -----------   251: &lt;Anonymous&gt;
{shiny}      R  stderr  -----------   250: identical
{shiny}      R  stderr  -----------   249: FUN
{shiny}      R  stderr  -----------   248: lapply
{shiny}      R  stderr  -----------   247: FUN
{shiny}      R  stderr  -----------   246: lapply
{shiny}      R  stderr  -----------   245: remove_pipe_null
{shiny}      R  stderr  -----------   244: %&gt;%
{shiny}      R  stderr  -----------   242: &lt;reactive&gt;
{shiny}      R  stderr  -----------   222: common_code_q
{shiny}      R  stderr  -----------   215: &lt;reactive&gt;
{shiny}      R  stderr  -----------   195: data
{shiny}      R  stderr  -----------   189: &lt;reactive&gt;
{shiny}      R  stderr  -----------   169: decorated_q[[req(current_tab_r())]]
{shiny}      R  stderr  -----------   168: &lt;reactive&gt;
{shiny}      R  stderr  -----------   148: data
{shiny}      R  stderr  -----------   142: &lt;reactive&gt;
{shiny}      R  stderr  -----------   122: decorated_final_q
{shiny}      R  stderr  -----------   121: exprFunc
{shiny}      R  stderr  -----------   120: widgetFunc
{shiny}      R  stderr  -----------   119: ::
{shiny}      R  stderr  ----------- htmlwidgets
{shiny}      R  stderr  ----------- shinyRenderWidget
{shiny}      R  stderr  -----------   118: func
{shiny}      R  stderr  -----------   105: renderFunc
{shiny}      R  stderr  -----------   104: renderFunc
{shiny}      R  stderr  -----------   100: renderFunc
{shiny}      R  stderr  -----------    99: output$teal-teal_modules-outliers_module-module-summary_table
{shiny}      R  stderr  -----------    14: &lt;Anonymous&gt;
{shiny}      R  stderr  -----------    12: &lt;Anonymous&gt;
{shiny}      R  stderr  -----------    11: &lt;Anonymous&gt;
{shiny}      R  stderr  -----------    10: base::do.call
{shiny}      R  stderr  -----------     9: base::saveRDS
{shiny}      R  stderr  -----------     8: base::withCallingHandlers
{shiny}      R  stderr  -----------     7: doTryCatch
{shiny}      R  stderr  -----------     6: tryCatchOne
{shiny}      R  stderr  -----------     5: tryCatchList
{shiny}      R  stderr  -----------     2: tryCatchList
{shiny}      R  stderr  -----------     1: base::tryCatch
{shiny}      R  stderr  ----------- Warning: Error in &lt;Anonymous&gt;: error in evaluating the argument 'code' in selecting a method for function 'eval_code': object of type 'symbol' is not subsettable
{shiny}      R  stderr  -----------   251: &lt;Anonymous&gt;
{shiny}      R  stderr  -----------   250: identical
{shiny}      R  stderr  -----------   249: FUN
{shiny}      R  stderr  -----------   248: lapply
{shiny}      R  stderr  -----------   247: FUN
{shiny}      R  stderr  -----------   246: lapply
{shiny}      R  stderr  -----------   245: remove_pipe_null
{shiny}      R  stderr  -----------   244: %&gt;%
{shiny}      R  stderr  -----------   242: &lt;reactive&gt;
{shiny}      R  stderr  -----------   222: common_code_q
{shiny}      R  stderr  -----------   215: &lt;reactive&gt;
{shiny}      R  stderr  -----------   195: data
{shiny}      R  stderr  -----------   189: &lt;reactive&gt;
{shiny}      R  stderr  -----------   169: decorated_q[[req(current_tab_r())]]
{shiny}      R  stderr  -----------   168: &lt;reactive&gt;
{shiny}      R  stderr  -----------   148: data
{shiny}      R  stderr  -----------   142: &lt;reactive&gt;
{shiny}      R  stderr  -----------   122: decorated_final_q
{shiny}      R  stderr  -----------   121: exprFunc
{shiny}      R  stderr  -----------   120: widgetFunc
{shiny}      R  stderr  -----------   119: ::
{shiny}      R  stderr  ----------- htmlwidgets
{shiny}      R  stderr  ----------- shinyRenderWidget
{shiny}      R  stderr  -----------   118: func
{shiny}      R  stderr  -----------   105: renderFunc
{shiny}      R  stderr  -----------   104: renderFunc
{shiny}      R  stderr  -----------   100: renderFunc
{shiny}      R  stderr  -----------    99: output$teal-teal_modules-outliers_module-module-summary_table
{shiny}      R  stderr  -----------    14: &lt;Anonymous&gt;
{shiny}      R  stderr  -----------    12: &lt;Anonymous&gt;
{shiny}      R  stderr  -----------    11: &lt;Anonymous&gt;
{shiny}      R  stderr  -----------    10: base::do.call
{shiny}      R  stderr  -----------     9: base::saveRDS
{shiny}      R  stderr  -----------     8: base::withCallingHandlers
{shiny}      R  stderr  -----------     7: doTryCatch
{shiny}      R  stderr  -----------     6: tryCatchOne
{shiny}      R  stderr  -----------     5: tryCatchList
{shiny}      R  stderr  -----------     2: tryCatchList
{shiny}      R  stderr  -----------     1: base::tryCatch
{shiny}      R  stderr  ----------- Warning: Error in &lt;Anonymous&gt;: error in evaluating the argument 'code' in selecting a method for function 'eval_code': object of type 'symbol' is not subsettable
{shiny}      R  stderr  -----------   14: &lt;Anonymous&gt;
{shiny}      R  stderr  -----------   12: &lt;Anonymous&gt;
{shiny}      R  stderr  -----------   11: &lt;Anonymous&gt;
{shiny}      R  stderr  -----------   10: base::do.call
{shiny}      R  stderr  -----------    9: base::saveRDS
{shiny}      R  stderr  -----------    8: base::withCallingHandlers
{shiny}      R  stderr  -----------    7: doTryCatch
{shiny}      R  stderr  -----------    6: tryCatchOne
{shiny}      R  stderr  -----------    5: tryCatchList
{shiny}      R  stderr  -----------    2: tryCatchList
{shiny}      R  stderr  -----------    1: base::tryCatch
{shiny}      R  stderr  ----------- Warning: Error in &lt;Anonymous&gt;: error in evaluating the argument 'code' in selecting a method for function 'eval_code': object of type 'symbol' is not subsettable
{shiny}      R  stderr  -----------   124: &lt;Anonymous&gt;
{shiny}      R  stderr  -----------   123: stop
{shiny}      R  stderr  -----------   122: common_code_q
{shiny}      R  stderr  -----------   121: exprFunc
{shiny}      R  stderr  -----------   120: widgetFunc
{shiny}      R  stderr  -----------   119: ::
{shiny}      R  stderr  ----------- htmlwidgets
{shiny}      R  stderr  ----------- shinyRenderWidget
{shiny}      R  stderr  -----------   118: func
{shiny}      R  stderr  -----------   105: renderFunc
{shiny}      R  stderr  -----------   104: renderFunc
{shiny}      R  stderr  -----------   100: renderFunc
{shiny}      R  stderr  -----------    99: output$teal-teal_modules-outliers_module-module-table_ui
{shiny}      R  stderr  -----------    14: &lt;Anonymous&gt;
{shiny}      R  stderr  -----------    12: &lt;Anonymous&gt;
{shiny}      R  stderr  -----------    11: &lt;Anonymous&gt;
{shiny}      R  stderr  -----------    10: base::do.call
{shiny}      R  stderr  -----------     9: base::saveRDS
{shiny}      R  stderr  -----------     8: base::withCallingHandlers
{shiny}      R  stderr  -----------     7: doTryCatch
{shiny}      R  stderr  -----------     6: tryCatchOne
{shiny}      R  stderr  -----------     5: tryCatchList
{shiny}      R  stderr  -----------     2: tryCatchList
{shiny}      R  stderr  -----------     1: base::tryCatch
{shiny}      R  stderr  ----------- Warning: Error in &lt;Anonymous&gt;: error in evaluating the argument 'code' in selecting a method for function 'eval_code': object of type 'symbol' is not subsettable
{shiny}      R  stderr  -----------   117: &lt;Anonymous&gt;
{shiny}      R  stderr  -----------   116: stop
{shiny}      R  stderr  -----------   115: common_code_q
{shiny}      R  stderr  -----------   114: renderUI
{shiny}      R  stderr  -----------   113: func
{shiny}      R  stderr  -----------   100: renderFunc
{shiny}      R  stderr  -----------    99: output$teal-teal_modules-outliers_module-module-total_outliers
{shiny}      R  stderr  -----------    14: &lt;Anonymous&gt;
{shiny}      R  stderr  -----------    12: &lt;Anonymous&gt;
{shiny}      R  stderr  -----------    11: &lt;Anonymous&gt;
{shiny}      R  stderr  -----------    10: base::do.call
{shiny}      R  stderr  -----------     9: base::saveRDS
{shiny}      R  stderr  -----------     8: base::withCallingHandlers
{shiny}      R  stderr  -----------     7: doTryCatch
{shiny}      R  stderr  -----------     6: tryCatchOne
{shiny}      R  stderr  -----------     5: tryCatchList
{shiny}      R  stderr  -----------     2: tryCatchList
{shiny}      R  stderr  -----------     1: base::tryCatch


Caused by error in `app_initialize_()`:
! Shiny app did not become stable in 1e+05ms.
Message: An error occurred while waiting for Shiny to be stable
Caused by error in `app_wait_for_idle()`:
! An error occurred while waiting for Shiny to be stable
Backtrace:
     ▆
  1. ├─teal.modules.general (local) app_driver_tm_outlier() at test-shinytest2-tm_outliers.R:159:3
  2. │ └─teal.modules.general:::init_teal_app_driver(...) at test-shinytest2-tm_outliers.R:16:3
  3. │   ├─testthat::with_mocked_bindings(...) at tests/testthat/helper-TealAppDriver.R:7:3
  4. │   └─TealAppDriver$new(...) at tests/testthat/helper-TealAppDriver.R:10:7
  5. │     └─teal (local) initialize(...)
  6. │       ├─base::suppressWarnings(...)
  7. │       │ └─base::withCallingHandlers(...)
  8. │       └─super$initialize(...)
  9. │         └─shinytest2:::app_initialize(...)
 10. │           ├─base::withCallingHandlers(...)
 11. │           └─shinytest2:::app_initialize_(self, private, ..., view = view)
 12. │             ├─base::withCallingHandlers(...)
 13. │             └─self$wait_for_idle(duration = 200, timeout = private$load_timeout)
 14. │               └─shinytest2:::app_wait_for_idle(...)
 15. │                 └─shinytest2:::app_abort(self, private, "An error occurred while waiting for Shiny to be stable")
 16. │                   └─rlang::abort(..., app = self, call = call)
 17. │                     └─rlang:::signal_abort(cnd, .file)
 18. │                       └─base::signalCondition(cnd)
 19. ├─shinytest2 (local) `&lt;fn&gt;`(`&lt;rlng_rrr&gt;`)
 20. │ └─shinytest2:::app_abort(...)
 21. │   └─rlang::abort(..., app = self, call = call)
 22. │     └─rlang:::signal_abort(cnd, .file)
 23. │       └─base::signalCondition(cnd)
 24. └─shinytest2 (local) `&lt;fn&gt;`(`&lt;rlng_rrr&gt;`)
 25.   └─shinytest2:::app_abort(...)
 26.     └─rlang::abort(..., app = self, call = call)</error>
    </testcase>
    <testcase time="102.67" classname="shinytest2_tm_outliers" name="e2e_tm_outliers_Method_parameters_are_set_properly.">
      <error type="error" message="Error in `app_initialize(self, private, app_dir = app_dir, ..., load_timeout = load_timeout,  ('test-shinytest2-tm_outliers.R:175:3')">Error in `app_initialize(self, private, app_dir = app_dir, ..., load_timeout = load_timeout, 
    timeout = timeout, wait = wait, expect_values_screenshot_args = expect_values_screenshot_args, 
    screenshot_args = screenshot_args, check_names = check_names, 
    name = name, variant = variant, view = view, height = height, 
    width = width, seed = seed, clean_logs = clean_logs, shiny_args = shiny_args, 
    render_args = render_args, options = options)`: Shiny app did not become stable in 1e+05ms.
Message: An error occurred while waiting for Shiny to be stable
Caused by error in `app_wait_for_idle()`:
! An error occurred while waiting for Shiny to be stable


ℹ You can inspect the failed AppDriver object via `rlang::last_error()$app`
ℹ AppDriver logs:
{shinytest2} R  info    16:56:59.22 Start AppDriver initialization
{shinytest2} R  info    16:56:59.27 Starting Shiny app
{shinytest2} R  info    16:57:00.29 Creating new ChromoteSession
{shinytest2} R  info    16:57:00.33 Navigating to Shiny app
{shinytest2} R  info    16:57:00.99 Injecting shiny-tracer.js
{chromote}   JS info    16:57:01.00 shinytest2; jQuery not found
{chromote}   JS info    16:57:01.00 shinytest2; Loaded
{shinytest2} R  info    16:57:01.00 Waiting for Shiny to become ready
{chromote}   JS info    16:57:01.06 shinytest2; jQuery found
{chromote}   JS info    16:57:01.06 shinytest2; Waiting for shiny session to connect
{chromote}   JS info    16:57:01.36 shinytest2; Connected
{chromote}   JS info    16:57:01.43 shinytest2; shiny:busy
{shinytest2} R  info    16:57:01.44 Waiting for Shiny to become idle for 200ms within 1e+05ms
{chromote}   JS info    16:57:01.44 shinytest2; Waiting for Shiny to be stable
{chromote}   JS warning 16:57:02.42 Couldn't perform validation update on input with id 'teal-teal_modules-outliers_module-module-categorical_var-dataset_CO2_singleextract-select': input not found
                                    (anonymous) @ shinyvalidate-0.1.3/shinyvalidate.js:3443:18
                                    (anonymous) @ shiny-javascript-1.10.0/shiny.min.js:1:407159
                                    m           @ shiny-javascript-1.10.0/shiny.min.js:1:388827
                                    (anonymous) @ shiny-javascript-1.10.0/shiny.min.js:1:390150
                                    (anonymous) @ shiny-javascript-1.10.0/shiny.min.js:1:389186
                                    nT          @ shiny-javascript-1.10.0/shiny.min.js:1:394797
                                    s           @ shiny-javascript-1.10.0/shiny.min.js:1:394995
                                    (anonymous) @ shiny-javascript-1.10.0/shiny.min.js:1:395056
                                    (anonymous) @ shiny-javascript-1.10.0/shiny.min.js:1:394936
                                    t           @ shiny-javascript-1.10.0/shiny.min.js:1:407274
                                    (anonymous) @ shiny-javascript-1.10.0/shiny.min.js:1:410753
                                    m           @ shiny-javascript-1.10.0/shiny.min.js:1:388827
                                    (anonymous) @ shiny-javascript-1.10.0/shiny.min.js:1:390150
                                    (anonymous) @ shiny-javascript-1.10.0/shiny.min.js:1:389186
                                    nT          @ shiny-javascript-1.10.0/shiny.min.js:1:394797
                                    s           @ shiny-javascript-1.10.0/shiny.min.js:1:394995
                                    (anonymous) @ shiny-javascript-1.10.0/shiny.min.js:1:395056
                                    (anonymous) @ shiny-javascript-1.10.0/shiny.min.js:1:394936
                                    (anonymous) @ shiny-javascript-1.10.0/shiny.min.js:1:410855
                                    (anonymous) @ shiny-javascript-1.10.0/shiny.min.js:1:407159
                                    m           @ shiny-javascript-1.10.0/shiny.min.js:1:388827
                                    (anonymous) @ shiny-javascript-1.10.0/shiny.min.js:1:390150
                                    (anonymous) @ shiny-javascript-1.10.0/shiny.min.js:1:389186
                                    nT          @ shiny-javascript-1.10.0/shiny.min.js:1:394797
                                    s           @ shiny-javascript-1.10.0/shiny.min.js:1:394995
                                    (anonymous) @ shiny-javascript-1.10.0/shiny.min.js:1:395056
                                    (anonymous) @ shiny-javascript-1.10.0/shiny.min.js:1:394936
                                    t           @ shiny-javascript-1.10.0/shiny.min.js:1:407274
                                    (anonymous) @ shiny-javascript-1.10.0/shiny.min.js:1:406722
                                    m           @ shiny-javascript-1.10.0/shiny.min.js:1:388827
                                    (anonymous) @ shiny-javascript-1.10.0/shiny.min.js:1:390150
                                    (anonymous) @ shiny-javascript-1.10.0/shiny.min.js:1:389186
                                    nT          @ shiny-javascript-1.10.0/shiny.min.js:1:394797
                                    s           @ shiny-javascript-1.10.0/shiny.min.js:1:394995
                                    (anonymous) @ shiny-javascript-1.10.0/shiny.min.js:1:395056
                                    (anonymous) @ shiny-javascript-1.10.0/shiny.min.js:1:394936
                                    t           @ shiny-javascript-1.10.0/shiny.min.js:1:406868
                                    (anonymous) @ shiny-javascript-1.10.0/shiny.min.js:1:400961
                                    m           @ shiny-javascript-1.10.0/shiny.min.js:1:388827
                                    (anonymous) @ shiny-javascript-1.10.0/shiny.min.js:1:390150
                                    (anonymous) @ shiny-javascript-1.10.0/shiny.min.js:1:389186
                                    nT          @ shiny-javascript-1.10.0/shiny.min.js:1:394797
                                    s           @ shiny-javascript-1.10.0/shiny.min.js:1:394995
                                    (anonymous) @ shiny-javascript-1.10.0/shiny.min.js:1:395056
                                    (anonymous) @ shiny-javascript-1.10.0/shiny.min.js:1:394936
                                    (anonymous) @ shiny-javascript-1.10.0/shiny.min.js:1:401480
                                    m           @ shiny-javascript-1.10.0/shiny.min.js:1:388827
                                    (anonymous) @ shiny-javascript-1.10.0/shiny.min.js:1:390150
                                    (anonymous) @ shiny-javascript-1.10.0/shiny.min.js:1:389186
                                    nT          @ shiny-javascript-1.10.0/shiny.min.js:1:394797
                                    s           @ shiny-javascript-1.10.0/shiny.min.js:1:394995
{shinytest2} R  info    16:58:41.46 Error while initializing AppDriver:
                                    Shiny app did not become stable in 1e+05ms.
                                    Message: An error occurred while waiting for Shiny to be stable
                                    Caused by error in `app_wait_for_idle()`:
                                    ! An error occurred while waiting for Shiny to be stable
{shiny}      R  stderr  ----------- Loading required package: shiny
{shiny}      R  stderr  ----------- Attempting to load the environment ‘package:nestcolor’
{shiny}      R  stderr  ----------- Loading required package: ggmosaic
{shiny}      R  stderr  ----------- Loading required package: ggplot2
{shiny}      R  stderr  ----------- Loading required package: teal
{shiny}      R  stderr  ----------- Loading required package: teal.data
{shiny}      R  stderr  ----------- Loading required package: teal.code
{shiny}      R  stderr  ----------- Loading required package: teal.slice
{shiny}      R  stderr  ----------- 
{shiny}      R  stderr  ----------- You are using teal version 0.16.0
{shiny}      R  stderr  ----------- 
{shiny}      R  stderr  ----------- Attaching package: ‘teal’
{shiny}      R  stderr  ----------- 
{shiny}      R  stderr  ----------- The following objects are masked from ‘package:teal.slice’:
{shiny}      R  stderr  ----------- 
{shiny}      R  stderr  -----------     as.teal_slices, teal_slices
{shiny}      R  stderr  ----------- 
{shiny}      R  stderr  ----------- Loading required package: teal.transform
{shiny}      R  stderr  ----------- Running application in test mode.
{shiny}      R  stderr  ----------- 
{shiny}      R  stderr  ----------- Listening on http://127.0.0.1:4078
{shiny}      R  stderr  ----------- Initializing reporter_previewer_module
{shiny}      R  stderr  ----------- Initializing reporter_previewer_module
{shiny}      R  stderr  ----------- Warning: Error in &lt;Anonymous&gt;: error in evaluating the argument 'code' in selecting a method for function 'eval_code': object of type 'symbol' is not subsettable
{shiny}      R  stderr  -----------   251: &lt;Anonymous&gt;
{shiny}      R  stderr  -----------   250: identical
{shiny}      R  stderr  -----------   249: FUN
{shiny}      R  stderr  -----------   248: lapply
{shiny}      R  stderr  -----------   247: FUN
{shiny}      R  stderr  -----------   246: lapply
{shiny}      R  stderr  -----------   245: remove_pipe_null
{shiny}      R  stderr  -----------   244: %&gt;%
{shiny}      R  stderr  -----------   242: &lt;reactive&gt;
{shiny}      R  stderr  -----------   222: common_code_q
{shiny}      R  stderr  -----------   215: &lt;reactive&gt;
{shiny}      R  stderr  -----------   195: data
{shiny}      R  stderr  -----------   189: &lt;reactive&gt;
{shiny}      R  stderr  -----------   169: decorated_q[[req(current_tab_r())]]
{shiny}      R  stderr  -----------   168: &lt;reactive&gt;
{shiny}      R  stderr  -----------   148: data
{shiny}      R  stderr  -----------   142: &lt;reactive&gt;
{shiny}      R  stderr  -----------   122: decorated_final_q
{shiny}      R  stderr  -----------   121: exprFunc
{shiny}      R  stderr  -----------   120: widgetFunc
{shiny}      R  stderr  -----------   119: ::
{shiny}      R  stderr  ----------- htmlwidgets
{shiny}      R  stderr  ----------- shinyRenderWidget
{shiny}      R  stderr  -----------   118: func
{shiny}      R  stderr  -----------   105: renderFunc
{shiny}      R  stderr  -----------   104: renderFunc
{shiny}      R  stderr  -----------   100: renderFunc
{shiny}      R  stderr  -----------    99: output$teal-teal_modules-outliers_module-module-summary_table
{shiny}      R  stderr  -----------    14: &lt;Anonymous&gt;
{shiny}      R  stderr  -----------    12: &lt;Anonymous&gt;
{shiny}      R  stderr  -----------    11: &lt;Anonymous&gt;
{shiny}      R  stderr  -----------    10: base::do.call
{shiny}      R  stderr  -----------     9: base::saveRDS
{shiny}      R  stderr  -----------     8: base::withCallingHandlers
{shiny}      R  stderr  -----------     7: doTryCatch
{shiny}      R  stderr  -----------     6: tryCatchOne
{shiny}      R  stderr  -----------     5: tryCatchList
{shiny}      R  stderr  -----------     2: tryCatchList
{shiny}      R  stderr  -----------     1: base::tryCatch
{shiny}      R  stderr  ----------- Warning: Error in &lt;Anonymous&gt;: error in evaluating the argument 'code' in selecting a method for function 'eval_code': object of type 'symbol' is not subsettable
{shiny}      R  stderr  -----------   251: &lt;Anonymous&gt;
{shiny}      R  stderr  -----------   250: identical
{shiny}      R  stderr  -----------   249: FUN
{shiny}      R  stderr  -----------   248: lapply
{shiny}      R  stderr  -----------   247: FUN
{shiny}      R  stderr  -----------   246: lapply
{shiny}      R  stderr  -----------   245: remove_pipe_null
{shiny}      R  stderr  -----------   244: %&gt;%
{shiny}      R  stderr  -----------   242: &lt;reactive&gt;
{shiny}      R  stderr  -----------   222: common_code_q
{shiny}      R  stderr  -----------   215: &lt;reactive&gt;
{shiny}      R  stderr  -----------   195: data
{shiny}      R  stderr  -----------   189: &lt;reactive&gt;
{shiny}      R  stderr  -----------   169: decorated_q[[req(current_tab_r())]]
{shiny}      R  stderr  -----------   168: &lt;reactive&gt;
{shiny}      R  stderr  -----------   148: data
{shiny}      R  stderr  -----------   142: &lt;reactive&gt;
{shiny}      R  stderr  -----------   122: decorated_final_q
{shiny}      R  stderr  -----------   121: exprFunc
{shiny}      R  stderr  -----------   120: widgetFunc
{shiny}      R  stderr  -----------   119: ::
{shiny}      R  stderr  ----------- htmlwidgets
{shiny}      R  stderr  ----------- shinyRenderWidget
{shiny}      R  stderr  -----------   118: func
{shiny}      R  stderr  -----------   105: renderFunc
{shiny}      R  stderr  -----------   104: renderFunc
{shiny}      R  stderr  -----------   100: renderFunc
{shiny}      R  stderr  -----------    99: output$teal-teal_modules-outliers_module-module-summary_table
{shiny}      R  stderr  -----------    14: &lt;Anonymous&gt;
{shiny}      R  stderr  -----------    12: &lt;Anonymous&gt;
{shiny}      R  stderr  -----------    11: &lt;Anonymous&gt;
{shiny}      R  stderr  -----------    10: base::do.call
{shiny}      R  stderr  -----------     9: base::saveRDS
{shiny}      R  stderr  -----------     8: base::withCallingHandlers
{shiny}      R  stderr  -----------     7: doTryCatch
{shiny}      R  stderr  -----------     6: tryCatchOne
{shiny}      R  stderr  -----------     5: tryCatchList
{shiny}      R  stderr  -----------     2: tryCatchList
{shiny}      R  stderr  -----------     1: base::tryCatch
{shiny}      R  stderr  ----------- Warning: Error in &lt;Anonymous&gt;: error in evaluating the argument 'code' in selecting a method for function 'eval_code': object of type 'symbol' is not subsettable
{shiny}      R  stderr  -----------   14: &lt;Anonymous&gt;
{shiny}      R  stderr  -----------   12: &lt;Anonymous&gt;
{shiny}      R  stderr  -----------   11: &lt;Anonymous&gt;
{shiny}      R  stderr  -----------   10: base::do.call
{shiny}      R  stderr  -----------    9: base::saveRDS
{shiny}      R  stderr  -----------    8: base::withCallingHandlers
{shiny}      R  stderr  -----------    7: doTryCatch
{shiny}      R  stderr  -----------    6: tryCatchOne
{shiny}      R  stderr  -----------    5: tryCatchList
{shiny}      R  stderr  -----------    2: tryCatchList
{shiny}      R  stderr  -----------    1: base::tryCatch
{shiny}      R  stderr  ----------- Warning: Error in &lt;Anonymous&gt;: error in evaluating the argument 'code' in selecting a method for function 'eval_code': object of type 'symbol' is not subsettable
{shiny}      R  stderr  -----------   124: &lt;Anonymous&gt;
{shiny}      R  stderr  -----------   123: stop
{shiny}      R  stderr  -----------   122: common_code_q
{shiny}      R  stderr  -----------   121: exprFunc
{shiny}      R  stderr  -----------   120: widgetFunc
{shiny}      R  stderr  -----------   119: ::
{shiny}      R  stderr  ----------- htmlwidgets
{shiny}      R  stderr  ----------- shinyRenderWidget
{shiny}      R  stderr  -----------   118: func
{shiny}      R  stderr  -----------   105: renderFunc
{shiny}      R  stderr  -----------   104: renderFunc
{shiny}      R  stderr  -----------   100: renderFunc
{shiny}      R  stderr  -----------    99: output$teal-teal_modules-outliers_module-module-table_ui
{shiny}      R  stderr  -----------    14: &lt;Anonymous&gt;
{shiny}      R  stderr  -----------    12: &lt;Anonymous&gt;
{shiny}      R  stderr  -----------    11: &lt;Anonymous&gt;
{shiny}      R  stderr  -----------    10: base::do.call
{shiny}      R  stderr  -----------     9: base::saveRDS
{shiny}      R  stderr  -----------     8: base::withCallingHandlers
{shiny}      R  stderr  -----------     7: doTryCatch
{shiny}      R  stderr  -----------     6: tryCatchOne
{shiny}      R  stderr  -----------     5: tryCatchList
{shiny}      R  stderr  -----------     2: tryCatchList
{shiny}      R  stderr  -----------     1: base::tryCatch
{shiny}      R  stderr  ----------- Warning: Error in &lt;Anonymous&gt;: error in evaluating the argument 'code' in selecting a method for function 'eval_code': object of type 'symbol' is not subsettable
{shiny}      R  stderr  -----------   117: &lt;Anonymous&gt;
{shiny}      R  stderr  -----------   116: stop
{shiny}      R  stderr  -----------   115: common_code_q
{shiny}      R  stderr  -----------   114: renderUI
{shiny}      R  stderr  -----------   113: func
{shiny}      R  stderr  -----------   100: renderFunc
{shiny}      R  stderr  -----------    99: output$teal-teal_modules-outliers_module-module-total_outliers
{shiny}      R  stderr  -----------    14: &lt;Anonymous&gt;
{shiny}      R  stderr  -----------    12: &lt;Anonymous&gt;
{shiny}      R  stderr  -----------    11: &lt;Anonymous&gt;
{shiny}      R  stderr  -----------    10: base::do.call
{shiny}      R  stderr  -----------     9: base::saveRDS
{shiny}      R  stderr  -----------     8: base::withCallingHandlers
{shiny}      R  stderr  -----------     7: doTryCatch
{shiny}      R  stderr  -----------     6: tryCatchOne
{shiny}      R  stderr  -----------     5: tryCatchList
{shiny}      R  stderr  -----------     2: tryCatchList
{shiny}      R  stderr  -----------     1: base::tryCatch


Caused by error in `app_initialize_()`:
! Shiny app did not become stable in 1e+05ms.
Message: An error occurred while waiting for Shiny to be stable
Caused by error in `app_wait_for_idle()`:
! An error occurred while waiting for Shiny to be stable
Backtrace:
     ▆
  1. ├─teal.modules.general (local) app_driver_tm_outlier() at test-shinytest2-tm_outliers.R:175:3
  2. │ └─teal.modules.general:::init_teal_app_driver(...) at test-shinytest2-tm_outliers.R:16:3
  3. │   ├─testthat::with_mocked_bindings(...) at tests/testthat/helper-TealAppDriver.R:7:3
  4. │   └─TealAppDriver$new(...) at tests/testthat/helper-TealAppDriver.R:10:7
  5. │     └─teal (local) initialize(...)
  6. │       ├─base::suppressWarnings(...)
  7. │       │ └─base::withCallingHandlers(...)
  8. │       └─super$initialize(...)
  9. │         └─shinytest2:::app_initialize(...)
 10. │           ├─base::withCallingHandlers(...)
 11. │           └─shinytest2:::app_initialize_(self, private, ..., view = view)
 12. │             ├─base::withCallingHandlers(...)
 13. │             └─self$wait_for_idle(duration = 200, timeout = private$load_timeout)
 14. │               └─shinytest2:::app_wait_for_idle(...)
 15. │                 └─shinytest2:::app_abort(self, private, "An error occurred while waiting for Shiny to be stable")
 16. │                   └─rlang::abort(..., app = self, call = call)
 17. │                     └─rlang:::signal_abort(cnd, .file)
 18. │                       └─base::signalCondition(cnd)
 19. ├─shinytest2 (local) `&lt;fn&gt;`(`&lt;rlng_rrr&gt;`)
 20. │ └─shinytest2:::app_abort(...)
 21. │   └─rlang::abort(..., app = self, call = call)
 22. │     └─rlang:::signal_abort(cnd, .file)
 23. │       └─base::signalCondition(cnd)
 24. └─shinytest2 (local) `&lt;fn&gt;`(`&lt;rlng_rrr&gt;`)
 25.   └─shinytest2:::app_abort(...)
 26.     └─rlang::abort(..., app = self, call = call)</error>
    </testcase>
    <testcase time="102.664" classname="shinytest2_tm_outliers" name="e2e_tm_outliers_Outlier_definition_text_and_range_are_displayed_properly_depending_on_method.">
      <error type="error" message="Error in `app_initialize(self, private, app_dir = app_dir, ..., load_timeout = load_timeout,  ('test-shinytest2-tm_outliers.R:190:3')">Error in `app_initialize(self, private, app_dir = app_dir, ..., load_timeout = load_timeout, 
    timeout = timeout, wait = wait, expect_values_screenshot_args = expect_values_screenshot_args, 
    screenshot_args = screenshot_args, check_names = check_names, 
    name = name, variant = variant, view = view, height = height, 
    width = width, seed = seed, clean_logs = clean_logs, shiny_args = shiny_args, 
    render_args = render_args, options = options)`: Shiny app did not become stable in 1e+05ms.
Message: An error occurred while waiting for Shiny to be stable
Caused by error in `app_wait_for_idle()`:
! An error occurred while waiting for Shiny to be stable


ℹ You can inspect the failed AppDriver object via `rlang::last_error()$app`
ℹ AppDriver logs:
{shinytest2} R  info    16:58:41.89 Start AppDriver initialization
{shinytest2} R  info    16:58:41.95 Starting Shiny app
{shinytest2} R  info    16:58:42.97 Creating new ChromoteSession
{shinytest2} R  info    16:58:43.01 Navigating to Shiny app
{shinytest2} R  info    16:58:43.63 Injecting shiny-tracer.js
{chromote}   JS info    16:58:43.65 shinytest2; jQuery not found
{chromote}   JS info    16:58:43.65 shinytest2; Loaded
{shinytest2} R  info    16:58:43.66 Waiting for Shiny to become ready
{chromote}   JS info    16:58:43.70 shinytest2; jQuery found
{chromote}   JS info    16:58:43.70 shinytest2; Waiting for shiny session to connect
{chromote}   JS info    16:58:44.03 shinytest2; Connected
{chromote}   JS info    16:58:44.09 shinytest2; shiny:busy
{shinytest2} R  info    16:58:44.10 Waiting for Shiny to become idle for 200ms within 1e+05ms
{chromote}   JS info    16:58:44.11 shinytest2; Waiting for Shiny to be stable
{chromote}   JS warning 16:58:45.11 Couldn't perform validation update on input with id 'teal-teal_modules-outliers_module-module-categorical_var-dataset_CO2_singleextract-select': input not found
                                    (anonymous) @ shinyvalidate-0.1.3/shinyvalidate.js:3443:18
                                    (anonymous) @ shiny-javascript-1.10.0/shiny.min.js:1:407159
                                    m           @ shiny-javascript-1.10.0/shiny.min.js:1:388827
                                    (anonymous) @ shiny-javascript-1.10.0/shiny.min.js:1:390150
                                    (anonymous) @ shiny-javascript-1.10.0/shiny.min.js:1:389186
                                    nT          @ shiny-javascript-1.10.0/shiny.min.js:1:394797
                                    s           @ shiny-javascript-1.10.0/shiny.min.js:1:394995
                                    (anonymous) @ shiny-javascript-1.10.0/shiny.min.js:1:395056
                                    (anonymous) @ shiny-javascript-1.10.0/shiny.min.js:1:394936
                                    t           @ shiny-javascript-1.10.0/shiny.min.js:1:407274
                                    (anonymous) @ shiny-javascript-1.10.0/shiny.min.js:1:410753
                                    m           @ shiny-javascript-1.10.0/shiny.min.js:1:388827
                                    (anonymous) @ shiny-javascript-1.10.0/shiny.min.js:1:390150
                                    (anonymous) @ shiny-javascript-1.10.0/shiny.min.js:1:389186
                                    nT          @ shiny-javascript-1.10.0/shiny.min.js:1:394797
                                    s           @ shiny-javascript-1.10.0/shiny.min.js:1:394995
                                    (anonymous) @ shiny-javascript-1.10.0/shiny.min.js:1:395056
                                    (anonymous) @ shiny-javascript-1.10.0/shiny.min.js:1:394936
                                    (anonymous) @ shiny-javascript-1.10.0/shiny.min.js:1:410855
                                    (anonymous) @ shiny-javascript-1.10.0/shiny.min.js:1:407159
                                    m           @ shiny-javascript-1.10.0/shiny.min.js:1:388827
                                    (anonymous) @ shiny-javascript-1.10.0/shiny.min.js:1:390150
                                    (anonymous) @ shiny-javascript-1.10.0/shiny.min.js:1:389186
                                    nT          @ shiny-javascript-1.10.0/shiny.min.js:1:394797
                                    s           @ shiny-javascript-1.10.0/shiny.min.js:1:394995
                                    (anonymous) @ shiny-javascript-1.10.0/shiny.min.js:1:395056
                                    (anonymous) @ shiny-javascript-1.10.0/shiny.min.js:1:394936
                                    t           @ shiny-javascript-1.10.0/shiny.min.js:1:407274
                                    (anonymous) @ shiny-javascript-1.10.0/shiny.min.js:1:406722
                                    m           @ shiny-javascript-1.10.0/shiny.min.js:1:388827
                                    (anonymous) @ shiny-javascript-1.10.0/shiny.min.js:1:390150
                                    (anonymous) @ shiny-javascript-1.10.0/shiny.min.js:1:389186
                                    nT          @ shiny-javascript-1.10.0/shiny.min.js:1:394797
                                    s           @ shiny-javascript-1.10.0/shiny.min.js:1:394995
                                    (anonymous) @ shiny-javascript-1.10.0/shiny.min.js:1:395056
                                    (anonymous) @ shiny-javascript-1.10.0/shiny.min.js:1:394936
                                    t           @ shiny-javascript-1.10.0/shiny.min.js:1:406868
                                    (anonymous) @ shiny-javascript-1.10.0/shiny.min.js:1:400961
                                    m           @ shiny-javascript-1.10.0/shiny.min.js:1:388827
                                    (anonymous) @ shiny-javascript-1.10.0/shiny.min.js:1:390150
                                    (anonymous) @ shiny-javascript-1.10.0/shiny.min.js:1:389186
                                    nT          @ shiny-javascript-1.10.0/shiny.min.js:1:394797
                                    s           @ shiny-javascript-1.10.0/shiny.min.js:1:394995
                                    (anonymous) @ shiny-javascript-1.10.0/shiny.min.js:1:395056
                                    (anonymous) @ shiny-javascript-1.10.0/shiny.min.js:1:394936
                                    (anonymous) @ shiny-javascript-1.10.0/shiny.min.js:1:401480
                                    m           @ shiny-javascript-1.10.0/shiny.min.js:1:388827
                                    (anonymous) @ shiny-javascript-1.10.0/shiny.min.js:1:390150
                                    (anonymous) @ shiny-javascript-1.10.0/shiny.min.js:1:389186
                                    nT          @ shiny-javascript-1.10.0/shiny.min.js:1:394797
                                    s           @ shiny-javascript-1.10.0/shiny.min.js:1:394995
{shinytest2} R  info    17:00:24.12 Error while initializing AppDriver:
                                    Shiny app did not become stable in 1e+05ms.
                                    Message: An error occurred while waiting for Shiny to be stable
                                    Caused by error in `app_wait_for_idle()`:
                                    ! An error occurred while waiting for Shiny to be stable
{shiny}      R  stderr  ----------- Loading required package: shiny
{shiny}      R  stderr  ----------- Attempting to load the environment ‘package:nestcolor’
{shiny}      R  stderr  ----------- Loading required package: ggmosaic
{shiny}      R  stderr  ----------- Loading required package: ggplot2
{shiny}      R  stderr  ----------- Loading required package: teal
{shiny}      R  stderr  ----------- Loading required package: teal.data
{shiny}      R  stderr  ----------- Loading required package: teal.code
{shiny}      R  stderr  ----------- Loading required package: teal.slice
{shiny}      R  stderr  ----------- 
{shiny}      R  stderr  ----------- You are using teal version 0.16.0
{shiny}      R  stderr  ----------- 
{shiny}      R  stderr  ----------- Attaching package: ‘teal’
{shiny}      R  stderr  ----------- 
{shiny}      R  stderr  ----------- The following objects are masked from ‘package:teal.slice’:
{shiny}      R  stderr  ----------- 
{shiny}      R  stderr  -----------     as.teal_slices, teal_slices
{shiny}      R  stderr  ----------- 
{shiny}      R  stderr  ----------- Loading required package: teal.transform
{shiny}      R  stderr  ----------- Running application in test mode.
{shiny}      R  stderr  ----------- 
{shiny}      R  stderr  ----------- Listening on http://127.0.0.1:7837
{shiny}      R  stderr  ----------- Initializing reporter_previewer_module
{shiny}      R  stderr  ----------- Initializing reporter_previewer_module
{shiny}      R  stderr  ----------- Warning: Error in &lt;Anonymous&gt;: error in evaluating the argument 'code' in selecting a method for function 'eval_code': object of type 'symbol' is not subsettable
{shiny}      R  stderr  -----------   251: &lt;Anonymous&gt;
{shiny}      R  stderr  -----------   250: identical
{shiny}      R  stderr  -----------   249: FUN
{shiny}      R  stderr  -----------   248: lapply
{shiny}      R  stderr  -----------   247: FUN
{shiny}      R  stderr  -----------   246: lapply
{shiny}      R  stderr  -----------   245: remove_pipe_null
{shiny}      R  stderr  -----------   244: %&gt;%
{shiny}      R  stderr  -----------   242: &lt;reactive&gt;
{shiny}      R  stderr  -----------   222: common_code_q
{shiny}      R  stderr  -----------   215: &lt;reactive&gt;
{shiny}      R  stderr  -----------   195: data
{shiny}      R  stderr  -----------   189: &lt;reactive&gt;
{shiny}      R  stderr  -----------   169: decorated_q[[req(current_tab_r())]]
{shiny}      R  stderr  -----------   168: &lt;reactive&gt;
{shiny}      R  stderr  -----------   148: data
{shiny}      R  stderr  -----------   142: &lt;reactive&gt;
{shiny}      R  stderr  -----------   122: decorated_final_q
{shiny}      R  stderr  -----------   121: exprFunc
{shiny}      R  stderr  -----------   120: widgetFunc
{shiny}      R  stderr  -----------   119: ::
{shiny}      R  stderr  ----------- htmlwidgets
{shiny}      R  stderr  ----------- shinyRenderWidget
{shiny}      R  stderr  -----------   118: func
{shiny}      R  stderr  -----------   105: renderFunc
{shiny}      R  stderr  -----------   104: renderFunc
{shiny}      R  stderr  -----------   100: renderFunc
{shiny}      R  stderr  -----------    99: output$teal-teal_modules-outliers_module-module-summary_table
{shiny}      R  stderr  -----------    14: &lt;Anonymous&gt;
{shiny}      R  stderr  -----------    12: &lt;Anonymous&gt;
{shiny}      R  stderr  -----------    11: &lt;Anonymous&gt;
{shiny}      R  stderr  -----------    10: base::do.call
{shiny}      R  stderr  -----------     9: base::saveRDS
{shiny}      R  stderr  -----------     8: base::withCallingHandlers
{shiny}      R  stderr  -----------     7: doTryCatch
{shiny}      R  stderr  -----------     6: tryCatchOne
{shiny}      R  stderr  -----------     5: tryCatchList
{shiny}      R  stderr  -----------     2: tryCatchList
{shiny}      R  stderr  -----------     1: base::tryCatch
{shiny}      R  stderr  ----------- Warning: Error in &lt;Anonymous&gt;: error in evaluating the argument 'code' in selecting a method for function 'eval_code': object of type 'symbol' is not subsettable
{shiny}      R  stderr  -----------   251: &lt;Anonymous&gt;
{shiny}      R  stderr  -----------   250: identical
{shiny}      R  stderr  -----------   249: FUN
{shiny}      R  stderr  -----------   248: lapply
{shiny}      R  stderr  -----------   247: FUN
{shiny}      R  stderr  -----------   246: lapply
{shiny}      R  stderr  -----------   245: remove_pipe_null
{shiny}      R  stderr  -----------   244: %&gt;%
{shiny}      R  stderr  -----------   242: &lt;reactive&gt;
{shiny}      R  stderr  -----------   222: common_code_q
{shiny}      R  stderr  -----------   215: &lt;reactive&gt;
{shiny}      R  stderr  -----------   195: data
{shiny}      R  stderr  -----------   189: &lt;reactive&gt;
{shiny}      R  stderr  -----------   169: decorated_q[[req(current_tab_r())]]
{shiny}      R  stderr  -----------   168: &lt;reactive&gt;
{shiny}      R  stderr  -----------   148: data
{shiny}      R  stderr  -----------   142: &lt;reactive&gt;
{shiny}      R  stderr  -----------   122: decorated_final_q
{shiny}      R  stderr  -----------   121: exprFunc
{shiny}      R  stderr  -----------   120: widgetFunc
{shiny}      R  stderr  -----------   119: ::
{shiny}      R  stderr  ----------- htmlwidgets
{shiny}      R  stderr  ----------- shinyRenderWidget
{shiny}      R  stderr  -----------   118: func
{shiny}      R  stderr  -----------   105: renderFunc
{shiny}      R  stderr  -----------   104: renderFunc
{shiny}      R  stderr  -----------   100: renderFunc
{shiny}      R  stderr  -----------    99: output$teal-teal_modules-outliers_module-module-summary_table
{shiny}      R  stderr  -----------    14: &lt;Anonymous&gt;
{shiny}      R  stderr  -----------    12: &lt;Anonymous&gt;
{shiny}      R  stderr  -----------    11: &lt;Anonymous&gt;
{shiny}      R  stderr  -----------    10: base::do.call
{shiny}      R  stderr  -----------     9: base::saveRDS
{shiny}      R  stderr  -----------     8: base::withCallingHandlers
{shiny}      R  stderr  -----------     7: doTryCatch
{shiny}      R  stderr  -----------     6: tryCatchOne
{shiny}      R  stderr  -----------     5: tryCatchList
{shiny}      R  stderr  -----------     2: tryCatchList
{shiny}      R  stderr  -----------     1: base::tryCatch
{shiny}      R  stderr  ----------- Warning: Error in &lt;Anonymous&gt;: error in evaluating the argument 'code' in selecting a method for function 'eval_code': object of type 'symbol' is not subsettable
{shiny}      R  stderr  -----------   14: &lt;Anonymous&gt;
{shiny}      R  stderr  -----------   12: &lt;Anonymous&gt;
{shiny}      R  stderr  -----------   11: &lt;Anonymous&gt;
{shiny}      R  stderr  -----------   10: base::do.call
{shiny}      R  stderr  -----------    9: base::saveRDS
{shiny}      R  stderr  -----------    8: base::withCallingHandlers
{shiny}      R  stderr  -----------    7: doTryCatch
{shiny}      R  stderr  -----------    6: tryCatchOne
{shiny}      R  stderr  -----------    5: tryCatchList
{shiny}      R  stderr  -----------    2: tryCatchList
{shiny}      R  stderr  -----------    1: base::tryCatch
{shiny}      R  stderr  ----------- Warning: Error in &lt;Anonymous&gt;: error in evaluating the argument 'code' in selecting a method for function 'eval_code': object of type 'symbol' is not subsettable
{shiny}      R  stderr  -----------   124: &lt;Anonymous&gt;
{shiny}      R  stderr  -----------   123: stop
{shiny}      R  stderr  -----------   122: common_code_q
{shiny}      R  stderr  -----------   121: exprFunc
{shiny}      R  stderr  -----------   120: widgetFunc
{shiny}      R  stderr  -----------   119: ::
{shiny}      R  stderr  ----------- htmlwidgets
{shiny}      R  stderr  ----------- shinyRenderWidget
{shiny}      R  stderr  -----------   118: func
{shiny}      R  stderr  -----------   105: renderFunc
{shiny}      R  stderr  -----------   104: renderFunc
{shiny}      R  stderr  -----------   100: renderFunc
{shiny}      R  stderr  -----------    99: output$teal-teal_modules-outliers_module-module-table_ui
{shiny}      R  stderr  -----------    14: &lt;Anonymous&gt;
{shiny}      R  stderr  -----------    12: &lt;Anonymous&gt;
{shiny}      R  stderr  -----------    11: &lt;Anonymous&gt;
{shiny}      R  stderr  -----------    10: base::do.call
{shiny}      R  stderr  -----------     9: base::saveRDS
{shiny}      R  stderr  -----------     8: base::withCallingHandlers
{shiny}      R  stderr  -----------     7: doTryCatch
{shiny}      R  stderr  -----------     6: tryCatchOne
{shiny}      R  stderr  -----------     5: tryCatchList
{shiny}      R  stderr  -----------     2: tryCatchList
{shiny}      R  stderr  -----------     1: base::tryCatch
{shiny}      R  stderr  ----------- Warning: Error in &lt;Anonymous&gt;: error in evaluating the argument 'code' in selecting a method for function 'eval_code': object of type 'symbol' is not subsettable
{shiny}      R  stderr  -----------   117: &lt;Anonymous&gt;
{shiny}      R  stderr  -----------   116: stop
{shiny}      R  stderr  -----------   115: common_code_q
{shiny}      R  stderr  -----------   114: renderUI
{shiny}      R  stderr  -----------   113: func
{shiny}      R  stderr  -----------   100: renderFunc
{shiny}      R  stderr  -----------    99: output$teal-teal_modules-outliers_module-module-total_outliers
{shiny}      R  stderr  -----------    14: &lt;Anonymous&gt;
{shiny}      R  stderr  -----------    12: &lt;Anonymous&gt;
{shiny}      R  stderr  -----------    11: &lt;Anonymous&gt;
{shiny}      R  stderr  -----------    10: base::do.call
{shiny}      R  stderr  -----------     9: base::saveRDS
{shiny}      R  stderr  -----------     8: base::withCallingHandlers
{shiny}      R  stderr  -----------     7: doTryCatch
{shiny}      R  stderr  -----------     6: tryCatchOne
{shiny}      R  stderr  -----------     5: tryCatchList
{shiny}      R  stderr  -----------     2: tryCatchList
{shiny}      R  stderr  -----------     1: base::tryCatch


Caused by error in `app_initialize_()`:
! Shiny app did not become stable in 1e+05ms.
Message: An error occurred while waiting for Shiny to be stable
Caused by error in `app_wait_for_idle()`:
! An error occurred while waiting for Shiny to be stable
Backtrace:
     ▆
  1. ├─teal.modules.general (local) app_driver_tm_outlier() at test-shinytest2-tm_outliers.R:190:3
  2. │ └─teal.modules.general:::init_teal_app_driver(...) at test-shinytest2-tm_outliers.R:16:3
  3. │   ├─testthat::with_mocked_bindings(...) at tests/testthat/helper-TealAppDriver.R:7:3
  4. │   └─TealAppDriver$new(...) at tests/testthat/helper-TealAppDriver.R:10:7
  5. │     └─teal (local) initialize(...)
  6. │       ├─base::suppressWarnings(...)
  7. │       │ └─base::withCallingHandlers(...)
  8. │       └─super$initialize(...)
  9. │         └─shinytest2:::app_initialize(...)
 10. │           ├─base::withCallingHandlers(...)
 11. │           └─shinytest2:::app_initialize_(self, private, ..., view = view)
 12. │             ├─base::withCallingHandlers(...)
 13. │             └─self$wait_for_idle(duration = 200, timeout = private$load_timeout)
 14. │               └─shinytest2:::app_wait_for_idle(...)
 15. │                 └─shinytest2:::app_abort(self, private, "An error occurred while waiting for Shiny to be stable")
 16. │                   └─rlang::abort(..., app = self, call = call)
 17. │                     └─rlang:::signal_abort(cnd, .file)
 18. │                       └─base::signalCondition(cnd)
 19. ├─shinytest2 (local) `&lt;fn&gt;`(`&lt;rlng_rrr&gt;`)
 20. │ └─shinytest2:::app_abort(...)
 21. │   └─rlang::abort(..., app = self, call = call)
 22. │     └─rlang:::signal_abort(cnd, .file)
 23. │       └─base::signalCondition(cnd)
 24. └─shinytest2 (local) `&lt;fn&gt;`(`&lt;rlng_rrr&gt;`)
 25.   └─shinytest2:::app_abort(...)
 26.     └─rlang::abort(..., app = self, call = call)</error>
    </testcase>
    <testcase time="102.642" classname="shinytest2_tm_outliers" name="e2e_tm_outliers_Outliers_summary_table_is_displayed_with_proper_content.">
      <error type="error" message="Error in `app_initialize(self, private, app_dir = app_dir, ..., load_timeout = load_timeout,  ('test-shinytest2-tm_outliers.R:241:3')">Error in `app_initialize(self, private, app_dir = app_dir, ..., load_timeout = load_timeout, 
    timeout = timeout, wait = wait, expect_values_screenshot_args = expect_values_screenshot_args, 
    screenshot_args = screenshot_args, check_names = check_names, 
    name = name, variant = variant, view = view, height = height, 
    width = width, seed = seed, clean_logs = clean_logs, shiny_args = shiny_args, 
    render_args = render_args, options = options)`: Shiny app did not become stable in 1e+05ms.
Message: An error occurred while waiting for Shiny to be stable
Caused by error in `app_wait_for_idle()`:
! An error occurred while waiting for Shiny to be stable


ℹ You can inspect the failed AppDriver object via `rlang::last_error()$app`
ℹ AppDriver logs:
{shinytest2} R  info    17:00:24.55 Start AppDriver initialization
{shinytest2} R  info    17:00:24.61 Starting Shiny app
{shinytest2} R  info    17:00:25.63 Creating new ChromoteSession
{shinytest2} R  info    17:00:25.67 Navigating to Shiny app
{shinytest2} R  info    17:00:26.28 Injecting shiny-tracer.js
{chromote}   JS info    17:00:26.30 shinytest2; jQuery not found
{chromote}   JS info    17:00:26.30 shinytest2; Loaded
{shinytest2} R  info    17:00:26.30 Waiting for Shiny to become ready
{chromote}   JS info    17:00:26.35 shinytest2; jQuery found
{chromote}   JS info    17:00:26.35 shinytest2; Waiting for shiny session to connect
{chromote}   JS info    17:00:26.72 shinytest2; Connected
{chromote}   JS info    17:00:26.74 shinytest2; shiny:busy
{shinytest2} R  info    17:00:26.75 Waiting for Shiny to become idle for 200ms within 1e+05ms
{chromote}   JS info    17:00:26.75 shinytest2; Waiting for Shiny to be stable
{chromote}   JS warning 17:00:27.72 Couldn't perform validation update on input with id 'teal-teal_modules-outliers_module-module-categorical_var-dataset_CO2_singleextract-select': input not found
                                    (anonymous) @ shinyvalidate-0.1.3/shinyvalidate.js:3443:18
                                    (anonymous) @ shiny-javascript-1.10.0/shiny.min.js:1:407159
                                    m           @ shiny-javascript-1.10.0/shiny.min.js:1:388827
                                    (anonymous) @ shiny-javascript-1.10.0/shiny.min.js:1:390150
                                    (anonymous) @ shiny-javascript-1.10.0/shiny.min.js:1:389186
                                    nT          @ shiny-javascript-1.10.0/shiny.min.js:1:394797
                                    s           @ shiny-javascript-1.10.0/shiny.min.js:1:394995
                                    (anonymous) @ shiny-javascript-1.10.0/shiny.min.js:1:395056
                                    (anonymous) @ shiny-javascript-1.10.0/shiny.min.js:1:394936
                                    t           @ shiny-javascript-1.10.0/shiny.min.js:1:407274
                                    (anonymous) @ shiny-javascript-1.10.0/shiny.min.js:1:410753
                                    m           @ shiny-javascript-1.10.0/shiny.min.js:1:388827
                                    (anonymous) @ shiny-javascript-1.10.0/shiny.min.js:1:390150
                                    (anonymous) @ shiny-javascript-1.10.0/shiny.min.js:1:389186
                                    nT          @ shiny-javascript-1.10.0/shiny.min.js:1:394797
                                    s           @ shiny-javascript-1.10.0/shiny.min.js:1:394995
                                    (anonymous) @ shiny-javascript-1.10.0/shiny.min.js:1:395056
                                    (anonymous) @ shiny-javascript-1.10.0/shiny.min.js:1:394936
                                    (anonymous) @ shiny-javascript-1.10.0/shiny.min.js:1:410855
                                    (anonymous) @ shiny-javascript-1.10.0/shiny.min.js:1:407159
                                    m           @ shiny-javascript-1.10.0/shiny.min.js:1:388827
                                    (anonymous) @ shiny-javascript-1.10.0/shiny.min.js:1:390150
                                    (anonymous) @ shiny-javascript-1.10.0/shiny.min.js:1:389186
                                    nT          @ shiny-javascript-1.10.0/shiny.min.js:1:394797
                                    s           @ shiny-javascript-1.10.0/shiny.min.js:1:394995
                                    (anonymous) @ shiny-javascript-1.10.0/shiny.min.js:1:395056
                                    (anonymous) @ shiny-javascript-1.10.0/shiny.min.js:1:394936
                                    t           @ shiny-javascript-1.10.0/shiny.min.js:1:407274
                                    (anonymous) @ shiny-javascript-1.10.0/shiny.min.js:1:406722
                                    m           @ shiny-javascript-1.10.0/shiny.min.js:1:388827
                                    (anonymous) @ shiny-javascript-1.10.0/shiny.min.js:1:390150
                                    (anonymous) @ shiny-javascript-1.10.0/shiny.min.js:1:389186
                                    nT          @ shiny-javascript-1.10.0/shiny.min.js:1:394797
                                    s           @ shiny-javascript-1.10.0/shiny.min.js:1:394995
                                    (anonymous) @ shiny-javascript-1.10.0/shiny.min.js:1:395056
                                    (anonymous) @ shiny-javascript-1.10.0/shiny.min.js:1:394936
                                    t           @ shiny-javascript-1.10.0/shiny.min.js:1:406868
                                    (anonymous) @ shiny-javascript-1.10.0/shiny.min.js:1:400961
                                    m           @ shiny-javascript-1.10.0/shiny.min.js:1:388827
                                    (anonymous) @ shiny-javascript-1.10.0/shiny.min.js:1:390150
                                    (anonymous) @ shiny-javascript-1.10.0/shiny.min.js:1:389186
                                    nT          @ shiny-javascript-1.10.0/shiny.min.js:1:394797
                                    s           @ shiny-javascript-1.10.0/shiny.min.js:1:394995
                                    (anonymous) @ shiny-javascript-1.10.0/shiny.min.js:1:395056
                                    (anonymous) @ shiny-javascript-1.10.0/shiny.min.js:1:394936
                                    (anonymous) @ shiny-javascript-1.10.0/shiny.min.js:1:401480
                                    m           @ shiny-javascript-1.10.0/shiny.min.js:1:388827
                                    (anonymous) @ shiny-javascript-1.10.0/shiny.min.js:1:390150
                                    (anonymous) @ shiny-javascript-1.10.0/shiny.min.js:1:389186
                                    nT          @ shiny-javascript-1.10.0/shiny.min.js:1:394797
                                    s           @ shiny-javascript-1.10.0/shiny.min.js:1:394995
{shinytest2} R  info    17:02:06.77 Error while initializing AppDriver:
                                    Shiny app did not become stable in 1e+05ms.
                                    Message: An error occurred while waiting for Shiny to be stable
                                    Caused by error in `app_wait_for_idle()`:
                                    ! An error occurred while waiting for Shiny to be stable
{shiny}      R  stderr  ----------- Loading required package: shiny
{shiny}      R  stderr  ----------- Attempting to load the environment ‘package:nestcolor’
{shiny}      R  stderr  ----------- Loading required package: ggmosaic
{shiny}      R  stderr  ----------- Loading required package: ggplot2
{shiny}      R  stderr  ----------- Loading required package: teal
{shiny}      R  stderr  ----------- Loading required package: teal.data
{shiny}      R  stderr  ----------- Loading required package: teal.code
{shiny}      R  stderr  ----------- Loading required package: teal.slice
{shiny}      R  stderr  ----------- 
{shiny}      R  stderr  ----------- You are using teal version 0.16.0
{shiny}      R  stderr  ----------- 
{shiny}      R  stderr  ----------- Attaching package: ‘teal’
{shiny}      R  stderr  ----------- 
{shiny}      R  stderr  ----------- The following objects are masked from ‘package:teal.slice’:
{shiny}      R  stderr  ----------- 
{shiny}      R  stderr  -----------     as.teal_slices, teal_slices
{shiny}      R  stderr  ----------- 
{shiny}      R  stderr  ----------- Loading required package: teal.transform
{shiny}      R  stderr  ----------- Running application in test mode.
{shiny}      R  stderr  ----------- 
{shiny}      R  stderr  ----------- Listening on http://127.0.0.1:6468
{shiny}      R  stderr  ----------- Initializing reporter_previewer_module
{shiny}      R  stderr  ----------- Initializing reporter_previewer_module
{shiny}      R  stderr  ----------- Warning: Error in &lt;Anonymous&gt;: error in evaluating the argument 'code' in selecting a method for function 'eval_code': object of type 'symbol' is not subsettable
{shiny}      R  stderr  -----------   251: &lt;Anonymous&gt;
{shiny}      R  stderr  -----------   250: identical
{shiny}      R  stderr  -----------   249: FUN
{shiny}      R  stderr  -----------   248: lapply
{shiny}      R  stderr  -----------   247: FUN
{shiny}      R  stderr  -----------   246: lapply
{shiny}      R  stderr  -----------   245: remove_pipe_null
{shiny}      R  stderr  -----------   244: %&gt;%
{shiny}      R  stderr  -----------   242: &lt;reactive&gt;
{shiny}      R  stderr  -----------   222: common_code_q
{shiny}      R  stderr  -----------   215: &lt;reactive&gt;
{shiny}      R  stderr  -----------   195: data
{shiny}      R  stderr  -----------   189: &lt;reactive&gt;
{shiny}      R  stderr  -----------   169: decorated_q[[req(current_tab_r())]]
{shiny}      R  stderr  -----------   168: &lt;reactive&gt;
{shiny}      R  stderr  -----------   148: data
{shiny}      R  stderr  -----------   142: &lt;reactive&gt;
{shiny}      R  stderr  -----------   122: decorated_final_q
{shiny}      R  stderr  -----------   121: exprFunc
{shiny}      R  stderr  -----------   120: widgetFunc
{shiny}      R  stderr  -----------   119: ::
{shiny}      R  stderr  ----------- htmlwidgets
{shiny}      R  stderr  ----------- shinyRenderWidget
{shiny}      R  stderr  -----------   118: func
{shiny}      R  stderr  -----------   105: renderFunc
{shiny}      R  stderr  -----------   104: renderFunc
{shiny}      R  stderr  -----------   100: renderFunc
{shiny}      R  stderr  -----------    99: output$teal-teal_modules-outliers_module-module-summary_table
{shiny}      R  stderr  -----------    14: &lt;Anonymous&gt;
{shiny}      R  stderr  -----------    12: &lt;Anonymous&gt;
{shiny}      R  stderr  -----------    11: &lt;Anonymous&gt;
{shiny}      R  stderr  -----------    10: base::do.call
{shiny}      R  stderr  -----------     9: base::saveRDS
{shiny}      R  stderr  -----------     8: base::withCallingHandlers
{shiny}      R  stderr  -----------     7: doTryCatch
{shiny}      R  stderr  -----------     6: tryCatchOne
{shiny}      R  stderr  -----------     5: tryCatchList
{shiny}      R  stderr  -----------     2: tryCatchList
{shiny}      R  stderr  -----------     1: base::tryCatch
{shiny}      R  stderr  ----------- Warning: Error in &lt;Anonymous&gt;: error in evaluating the argument 'code' in selecting a method for function 'eval_code': object of type 'symbol' is not subsettable
{shiny}      R  stderr  -----------   251: &lt;Anonymous&gt;
{shiny}      R  stderr  -----------   250: identical
{shiny}      R  stderr  -----------   249: FUN
{shiny}      R  stderr  -----------   248: lapply
{shiny}      R  stderr  -----------   247: FUN
{shiny}      R  stderr  -----------   246: lapply
{shiny}      R  stderr  -----------   245: remove_pipe_null
{shiny}      R  stderr  -----------   244: %&gt;%
{shiny}      R  stderr  -----------   242: &lt;reactive&gt;
{shiny}      R  stderr  -----------   222: common_code_q
{shiny}      R  stderr  -----------   215: &lt;reactive&gt;
{shiny}      R  stderr  -----------   195: data
{shiny}      R  stderr  -----------   189: &lt;reactive&gt;
{shiny}      R  stderr  -----------   169: decorated_q[[req(current_tab_r())]]
{shiny}      R  stderr  -----------   168: &lt;reactive&gt;
{shiny}      R  stderr  -----------   148: data
{shiny}      R  stderr  -----------   142: &lt;reactive&gt;
{shiny}      R  stderr  -----------   122: decorated_final_q
{shiny}      R  stderr  -----------   121: exprFunc
{shiny}      R  stderr  -----------   120: widgetFunc
{shiny}      R  stderr  -----------   119: ::
{shiny}      R  stderr  ----------- htmlwidgets
{shiny}      R  stderr  ----------- shinyRenderWidget
{shiny}      R  stderr  -----------   118: func
{shiny}      R  stderr  -----------   105: renderFunc
{shiny}      R  stderr  -----------   104: renderFunc
{shiny}      R  stderr  -----------   100: renderFunc
{shiny}      R  stderr  -----------    99: output$teal-teal_modules-outliers_module-module-summary_table
{shiny}      R  stderr  -----------    14: &lt;Anonymous&gt;
{shiny}      R  stderr  -----------    12: &lt;Anonymous&gt;
{shiny}      R  stderr  -----------    11: &lt;Anonymous&gt;
{shiny}      R  stderr  -----------    10: base::do.call
{shiny}      R  stderr  -----------     9: base::saveRDS
{shiny}      R  stderr  -----------     8: base::withCallingHandlers
{shiny}      R  stderr  -----------     7: doTryCatch
{shiny}      R  stderr  -----------     6: tryCatchOne
{shiny}      R  stderr  -----------     5: tryCatchList
{shiny}      R  stderr  -----------     2: tryCatchList
{shiny}      R  stderr  -----------     1: base::tryCatch
{shiny}      R  stderr  ----------- Warning: Error in &lt;Anonymous&gt;: error in evaluating the argument 'code' in selecting a method for function 'eval_code': object of type 'symbol' is not subsettable
{shiny}      R  stderr  -----------   14: &lt;Anonymous&gt;
{shiny}      R  stderr  -----------   12: &lt;Anonymous&gt;
{shiny}      R  stderr  -----------   11: &lt;Anonymous&gt;
{shiny}      R  stderr  -----------   10: base::do.call
{shiny}      R  stderr  -----------    9: base::saveRDS
{shiny}      R  stderr  -----------    8: base::withCallingHandlers
{shiny}      R  stderr  -----------    7: doTryCatch
{shiny}      R  stderr  -----------    6: tryCatchOne
{shiny}      R  stderr  -----------    5: tryCatchList
{shiny}      R  stderr  -----------    2: tryCatchList
{shiny}      R  stderr  -----------    1: base::tryCatch
{shiny}      R  stderr  ----------- Warning: Error in &lt;Anonymous&gt;: error in evaluating the argument 'code' in selecting a method for function 'eval_code': object of type 'symbol' is not subsettable
{shiny}      R  stderr  -----------   124: &lt;Anonymous&gt;
{shiny}      R  stderr  -----------   123: stop
{shiny}      R  stderr  -----------   122: common_code_q
{shiny}      R  stderr  -----------   121: exprFunc
{shiny}      R  stderr  -----------   120: widgetFunc
{shiny}      R  stderr  -----------   119: ::
{shiny}      R  stderr  ----------- htmlwidgets
{shiny}      R  stderr  ----------- shinyRenderWidget
{shiny}      R  stderr  -----------   118: func
{shiny}      R  stderr  -----------   105: renderFunc
{shiny}      R  stderr  -----------   104: renderFunc
{shiny}      R  stderr  -----------   100: renderFunc
{shiny}      R  stderr  -----------    99: output$teal-teal_modules-outliers_module-module-table_ui
{shiny}      R  stderr  -----------    14: &lt;Anonymous&gt;
{shiny}      R  stderr  -----------    12: &lt;Anonymous&gt;
{shiny}      R  stderr  -----------    11: &lt;Anonymous&gt;
{shiny}      R  stderr  -----------    10: base::do.call
{shiny}      R  stderr  -----------     9: base::saveRDS
{shiny}      R  stderr  -----------     8: base::withCallingHandlers
{shiny}      R  stderr  -----------     7: doTryCatch
{shiny}      R  stderr  -----------     6: tryCatchOne
{shiny}      R  stderr  -----------     5: tryCatchList
{shiny}      R  stderr  -----------     2: tryCatchList
{shiny}      R  stderr  -----------     1: base::tryCatch
{shiny}      R  stderr  ----------- Warning: Error in &lt;Anonymous&gt;: error in evaluating the argument 'code' in selecting a method for function 'eval_code': object of type 'symbol' is not subsettable
{shiny}      R  stderr  -----------   117: &lt;Anonymous&gt;
{shiny}      R  stderr  -----------   116: stop
{shiny}      R  stderr  -----------   115: common_code_q
{shiny}      R  stderr  -----------   114: renderUI
{shiny}      R  stderr  -----------   113: func
{shiny}      R  stderr  -----------   100: renderFunc
{shiny}      R  stderr  -----------    99: output$teal-teal_modules-outliers_module-module-total_outliers
{shiny}      R  stderr  -----------    14: &lt;Anonymous&gt;
{shiny}      R  stderr  -----------    12: &lt;Anonymous&gt;
{shiny}      R  stderr  -----------    11: &lt;Anonymous&gt;
{shiny}      R  stderr  -----------    10: base::do.call
{shiny}      R  stderr  -----------     9: base::saveRDS
{shiny}      R  stderr  -----------     8: base::withCallingHandlers
{shiny}      R  stderr  -----------     7: doTryCatch
{shiny}      R  stderr  -----------     6: tryCatchOne
{shiny}      R  stderr  -----------     5: tryCatchList
{shiny}      R  stderr  -----------     2: tryCatchList
{shiny}      R  stderr  -----------     1: base::tryCatch


Caused by error in `app_initialize_()`:
! Shiny app did not become stable in 1e+05ms.
Message: An error occurred while waiting for Shiny to be stable
Caused by error in `app_wait_for_idle()`:
! An error occurred while waiting for Shiny to be stable
Backtrace:
     ▆
  1. ├─teal.modules.general (local) app_driver_tm_outlier() at test-shinytest2-tm_outliers.R:241:3
  2. │ └─teal.modules.general:::init_teal_app_driver(...) at test-shinytest2-tm_outliers.R:16:3
  3. │   ├─testthat::with_mocked_bindings(...) at tests/testthat/helper-TealAppDriver.R:7:3
  4. │   └─TealAppDriver$new(...) at tests/testthat/helper-TealAppDriver.R:10:7
  5. │     └─teal (local) initialize(...)
  6. │       ├─base::suppressWarnings(...)
  7. │       │ └─base::withCallingHandlers(...)
  8. │       └─super$initialize(...)
  9. │         └─shinytest2:::app_initialize(...)
 10. │           ├─base::withCallingHandlers(...)
 11. │           └─shinytest2:::app_initialize_(self, private, ..., view = view)
 12. │             ├─base::withCallingHandlers(...)
 13. │             └─self$wait_for_idle(duration = 200, timeout = private$load_timeout)
 14. │               └─shinytest2:::app_wait_for_idle(...)
 15. │                 └─shinytest2:::app_abort(self, private, "An error occurred while waiting for Shiny to be stable")
 16. │                   └─rlang::abort(..., app = self, call = call)
 17. │                     └─rlang:::signal_abort(cnd, .file)
 18. │                       └─base::signalCondition(cnd)
 19. ├─shinytest2 (local) `&lt;fn&gt;`(`&lt;rlng_rrr&gt;`)
 20. │ └─shinytest2:::app_abort(...)
 21. │   └─rlang::abort(..., app = self, call = call)
 22. │     └─rlang:::signal_abort(cnd, .file)
 23. │       └─base::signalCondition(cnd)
 24. └─shinytest2 (local) `&lt;fn&gt;`(`&lt;rlng_rrr&gt;`)
 25.   └─shinytest2:::app_abort(...)
 26.     └─rlang::abort(..., app = self, call = call)</error>
    </testcase>
    <testcase time="102.643" classname="shinytest2_tm_outliers" name="e2e_tm_outliers_Outlier_table_is_displayed_with_proper_content.">
      <error type="error" message="Error in `app_initialize(self, private, app_dir = app_dir, ..., load_timeout = load_timeout,  ('test-shinytest2-tm_outliers.R:289:3')">Error in `app_initialize(self, private, app_dir = app_dir, ..., load_timeout = load_timeout, 
    timeout = timeout, wait = wait, expect_values_screenshot_args = expect_values_screenshot_args, 
    screenshot_args = screenshot_args, check_names = check_names, 
    name = name, variant = variant, view = view, height = height, 
    width = width, seed = seed, clean_logs = clean_logs, shiny_args = shiny_args, 
    render_args = render_args, options = options)`: Shiny app did not become stable in 1e+05ms.
Message: An error occurred while waiting for Shiny to be stable
Caused by error in `app_wait_for_idle()`:
! An error occurred while waiting for Shiny to be stable


ℹ You can inspect the failed AppDriver object via `rlang::last_error()$app`
ℹ AppDriver logs:
{shinytest2} R  info    17:02:07.21 Start AppDriver initialization
{shinytest2} R  info    17:02:07.26 Starting Shiny app
{shinytest2} R  info    17:02:08.28 Creating new ChromoteSession
{shinytest2} R  info    17:02:08.32 Navigating to Shiny app
{shinytest2} R  info    17:02:08.92 Injecting shiny-tracer.js
{chromote}   JS info    17:02:08.93 shinytest2; jQuery not found
{chromote}   JS info    17:02:08.93 shinytest2; Loaded
{shinytest2} R  info    17:02:08.94 Waiting for Shiny to become ready
{chromote}   JS info    17:02:09.04 shinytest2; jQuery found
{chromote}   JS info    17:02:09.04 shinytest2; Waiting for shiny session to connect
{chromote}   JS info    17:02:09.29 shinytest2; Connected
{chromote}   JS info    17:02:09.38 shinytest2; shiny:busy
{shinytest2} R  info    17:02:09.39 Waiting for Shiny to become idle for 200ms within 1e+05ms
{chromote}   JS info    17:02:09.39 shinytest2; Waiting for Shiny to be stable
{chromote}   JS warning 17:02:10.34 Couldn't perform validation update on input with id 'teal-teal_modules-outliers_module-module-categorical_var-dataset_CO2_singleextract-select': input not found
                                    (anonymous) @ shinyvalidate-0.1.3/shinyvalidate.js:3443:18
                                    (anonymous) @ shiny-javascript-1.10.0/shiny.min.js:1:407159
                                    m           @ shiny-javascript-1.10.0/shiny.min.js:1:388827
                                    (anonymous) @ shiny-javascript-1.10.0/shiny.min.js:1:390150
                                    (anonymous) @ shiny-javascript-1.10.0/shiny.min.js:1:389186
                                    nT          @ shiny-javascript-1.10.0/shiny.min.js:1:394797
                                    s           @ shiny-javascript-1.10.0/shiny.min.js:1:394995
                                    (anonymous) @ shiny-javascript-1.10.0/shiny.min.js:1:395056
                                    (anonymous) @ shiny-javascript-1.10.0/shiny.min.js:1:394936
                                    t           @ shiny-javascript-1.10.0/shiny.min.js:1:407274
                                    (anonymous) @ shiny-javascript-1.10.0/shiny.min.js:1:410753
                                    m           @ shiny-javascript-1.10.0/shiny.min.js:1:388827
                                    (anonymous) @ shiny-javascript-1.10.0/shiny.min.js:1:390150
                                    (anonymous) @ shiny-javascript-1.10.0/shiny.min.js:1:389186
                                    nT          @ shiny-javascript-1.10.0/shiny.min.js:1:394797
                                    s           @ shiny-javascript-1.10.0/shiny.min.js:1:394995
                                    (anonymous) @ shiny-javascript-1.10.0/shiny.min.js:1:395056
                                    (anonymous) @ shiny-javascript-1.10.0/shiny.min.js:1:394936
                                    (anonymous) @ shiny-javascript-1.10.0/shiny.min.js:1:410855
                                    (anonymous) @ shiny-javascript-1.10.0/shiny.min.js:1:407159
                                    m           @ shiny-javascript-1.10.0/shiny.min.js:1:388827
                                    (anonymous) @ shiny-javascript-1.10.0/shiny.min.js:1:390150
                                    (anonymous) @ shiny-javascript-1.10.0/shiny.min.js:1:389186
                                    nT          @ shiny-javascript-1.10.0/shiny.min.js:1:394797
                                    s           @ shiny-javascript-1.10.0/shiny.min.js:1:394995
                                    (anonymous) @ shiny-javascript-1.10.0/shiny.min.js:1:395056
                                    (anonymous) @ shiny-javascript-1.10.0/shiny.min.js:1:394936
                                    t           @ shiny-javascript-1.10.0/shiny.min.js:1:407274
                                    (anonymous) @ shiny-javascript-1.10.0/shiny.min.js:1:406722
                                    m           @ shiny-javascript-1.10.0/shiny.min.js:1:388827
                                    (anonymous) @ shiny-javascript-1.10.0/shiny.min.js:1:390150
                                    (anonymous) @ shiny-javascript-1.10.0/shiny.min.js:1:389186
                                    nT          @ shiny-javascript-1.10.0/shiny.min.js:1:394797
                                    s           @ shiny-javascript-1.10.0/shiny.min.js:1:394995
                                    (anonymous) @ shiny-javascript-1.10.0/shiny.min.js:1:395056
                                    (anonymous) @ shiny-javascript-1.10.0/shiny.min.js:1:394936
                                    t           @ shiny-javascript-1.10.0/shiny.min.js:1:406868
                                    (anonymous) @ shiny-javascript-1.10.0/shiny.min.js:1:400961
                                    m           @ shiny-javascript-1.10.0/shiny.min.js:1:388827
                                    (anonymous) @ shiny-javascript-1.10.0/shiny.min.js:1:390150
                                    (anonymous) @ shiny-javascript-1.10.0/shiny.min.js:1:389186
                                    nT          @ shiny-javascript-1.10.0/shiny.min.js:1:394797
                                    s           @ shiny-javascript-1.10.0/shiny.min.js:1:394995
                                    (anonymous) @ shiny-javascript-1.10.0/shiny.min.js:1:395056
                                    (anonymous) @ shiny-javascript-1.10.0/shiny.min.js:1:394936
                                    (anonymous) @ shiny-javascript-1.10.0/shiny.min.js:1:401480
                                    m           @ shiny-javascript-1.10.0/shiny.min.js:1:388827
                                    (anonymous) @ shiny-javascript-1.10.0/shiny.min.js:1:390150
                                    (anonymous) @ shiny-javascript-1.10.0/shiny.min.js:1:389186
                                    nT          @ shiny-javascript-1.10.0/shiny.min.js:1:394797
                                    s           @ shiny-javascript-1.10.0/shiny.min.js:1:394995
{shinytest2} R  info    17:03:49.40 Error while initializing AppDriver:
                                    Shiny app did not become stable in 1e+05ms.
                                    Message: An error occurred while waiting for Shiny to be stable
                                    Caused by error in `app_wait_for_idle()`:
                                    ! An error occurred while waiting for Shiny to be stable
{shiny}      R  stderr  ----------- Loading required package: shiny
{shiny}      R  stderr  ----------- Attempting to load the environment ‘package:nestcolor’
{shiny}      R  stderr  ----------- Loading required package: ggmosaic
{shiny}      R  stderr  ----------- Loading required package: ggplot2
{shiny}      R  stderr  ----------- Loading required package: teal
{shiny}      R  stderr  ----------- Loading required package: teal.data
{shiny}      R  stderr  ----------- Loading required package: teal.code
{shiny}      R  stderr  ----------- Loading required package: teal.slice
{shiny}      R  stderr  ----------- 
{shiny}      R  stderr  ----------- You are using teal version 0.16.0
{shiny}      R  stderr  ----------- 
{shiny}      R  stderr  ----------- Attaching package: ‘teal’
{shiny}      R  stderr  ----------- 
{shiny}      R  stderr  ----------- The following objects are masked from ‘package:teal.slice’:
{shiny}      R  stderr  ----------- 
{shiny}      R  stderr  -----------     as.teal_slices, teal_slices
{shiny}      R  stderr  ----------- 
{shiny}      R  stderr  ----------- Loading required package: teal.transform
{shiny}      R  stderr  ----------- Running application in test mode.
{shiny}      R  stderr  ----------- 
{shiny}      R  stderr  ----------- Listening on http://127.0.0.1:7195
{shiny}      R  stderr  ----------- Initializing reporter_previewer_module
{shiny}      R  stderr  ----------- Initializing reporter_previewer_module
{shiny}      R  stderr  ----------- Warning: Error in &lt;Anonymous&gt;: error in evaluating the argument 'code' in selecting a method for function 'eval_code': object of type 'symbol' is not subsettable
{shiny}      R  stderr  -----------   251: &lt;Anonymous&gt;
{shiny}      R  stderr  -----------   250: identical
{shiny}      R  stderr  -----------   249: FUN
{shiny}      R  stderr  -----------   248: lapply
{shiny}      R  stderr  -----------   247: FUN
{shiny}      R  stderr  -----------   246: lapply
{shiny}      R  stderr  -----------   245: remove_pipe_null
{shiny}      R  stderr  -----------   244: %&gt;%
{shiny}      R  stderr  -----------   242: &lt;reactive&gt;
{shiny}      R  stderr  -----------   222: common_code_q
{shiny}      R  stderr  -----------   215: &lt;reactive&gt;
{shiny}      R  stderr  -----------   195: data
{shiny}      R  stderr  -----------   189: &lt;reactive&gt;
{shiny}      R  stderr  -----------   169: decorated_q[[req(current_tab_r())]]
{shiny}      R  stderr  -----------   168: &lt;reactive&gt;
{shiny}      R  stderr  -----------   148: data
{shiny}      R  stderr  -----------   142: &lt;reactive&gt;
{shiny}      R  stderr  -----------   122: decorated_final_q
{shiny}      R  stderr  -----------   121: exprFunc
{shiny}      R  stderr  -----------   120: widgetFunc
{shiny}      R  stderr  -----------   119: ::
{shiny}      R  stderr  ----------- htmlwidgets
{shiny}      R  stderr  ----------- shinyRenderWidget
{shiny}      R  stderr  -----------   118: func
{shiny}      R  stderr  -----------   105: renderFunc
{shiny}      R  stderr  -----------   104: renderFunc
{shiny}      R  stderr  -----------   100: renderFunc
{shiny}      R  stderr  -----------    99: output$teal-teal_modules-outliers_module-module-summary_table
{shiny}      R  stderr  -----------    14: &lt;Anonymous&gt;
{shiny}      R  stderr  -----------    12: &lt;Anonymous&gt;
{shiny}      R  stderr  -----------    11: &lt;Anonymous&gt;
{shiny}      R  stderr  -----------    10: base::do.call
{shiny}      R  stderr  -----------     9: base::saveRDS
{shiny}      R  stderr  -----------     8: base::withCallingHandlers
{shiny}      R  stderr  -----------     7: doTryCatch
{shiny}      R  stderr  -----------     6: tryCatchOne
{shiny}      R  stderr  -----------     5: tryCatchList
{shiny}      R  stderr  -----------     2: tryCatchList
{shiny}      R  stderr  -----------     1: base::tryCatch
{shiny}      R  stderr  ----------- Warning: Error in &lt;Anonymous&gt;: error in evaluating the argument 'code' in selecting a method for function 'eval_code': object of type 'symbol' is not subsettable
{shiny}      R  stderr  -----------   251: &lt;Anonymous&gt;
{shiny}      R  stderr  -----------   250: identical
{shiny}      R  stderr  -----------   249: FUN
{shiny}      R  stderr  -----------   248: lapply
{shiny}      R  stderr  -----------   247: FUN
{shiny}      R  stderr  -----------   246: lapply
{shiny}      R  stderr  -----------   245: remove_pipe_null
{shiny}      R  stderr  -----------   244: %&gt;%
{shiny}      R  stderr  -----------   242: &lt;reactive&gt;
{shiny}      R  stderr  -----------   222: common_code_q
{shiny}      R  stderr  -----------   215: &lt;reactive&gt;
{shiny}      R  stderr  -----------   195: data
{shiny}      R  stderr  -----------   189: &lt;reactive&gt;
{shiny}      R  stderr  -----------   169: decorated_q[[req(current_tab_r())]]
{shiny}      R  stderr  -----------   168: &lt;reactive&gt;
{shiny}      R  stderr  -----------   148: data
{shiny}      R  stderr  -----------   142: &lt;reactive&gt;
{shiny}      R  stderr  -----------   122: decorated_final_q
{shiny}      R  stderr  -----------   121: exprFunc
{shiny}      R  stderr  -----------   120: widgetFunc
{shiny}      R  stderr  -----------   119: ::
{shiny}      R  stderr  ----------- htmlwidgets
{shiny}      R  stderr  ----------- shinyRenderWidget
{shiny}      R  stderr  -----------   118: func
{shiny}      R  stderr  -----------   105: renderFunc
{shiny}      R  stderr  -----------   104: renderFunc
{shiny}      R  stderr  -----------   100: renderFunc
{shiny}      R  stderr  -----------    99: output$teal-teal_modules-outliers_module-module-summary_table
{shiny}      R  stderr  -----------    14: &lt;Anonymous&gt;
{shiny}      R  stderr  -----------    12: &lt;Anonymous&gt;
{shiny}      R  stderr  -----------    11: &lt;Anonymous&gt;
{shiny}      R  stderr  -----------    10: base::do.call
{shiny}      R  stderr  -----------     9: base::saveRDS
{shiny}      R  stderr  -----------     8: base::withCallingHandlers
{shiny}      R  stderr  -----------     7: doTryCatch
{shiny}      R  stderr  -----------     6: tryCatchOne
{shiny}      R  stderr  -----------     5: tryCatchList
{shiny}      R  stderr  -----------     2: tryCatchList
{shiny}      R  stderr  -----------     1: base::tryCatch
{shiny}      R  stderr  ----------- Warning: Error in &lt;Anonymous&gt;: error in evaluating the argument 'code' in selecting a method for function 'eval_code': object of type 'symbol' is not subsettable
{shiny}      R  stderr  -----------   14: &lt;Anonymous&gt;
{shiny}      R  stderr  -----------   12: &lt;Anonymous&gt;
{shiny}      R  stderr  -----------   11: &lt;Anonymous&gt;
{shiny}      R  stderr  -----------   10: base::do.call
{shiny}      R  stderr  -----------    9: base::saveRDS
{shiny}      R  stderr  -----------    8: base::withCallingHandlers
{shiny}      R  stderr  -----------    7: doTryCatch
{shiny}      R  stderr  -----------    6: tryCatchOne
{shiny}      R  stderr  -----------    5: tryCatchList
{shiny}      R  stderr  -----------    2: tryCatchList
{shiny}      R  stderr  -----------    1: base::tryCatch
{shiny}      R  stderr  ----------- Warning: Error in &lt;Anonymous&gt;: error in evaluating the argument 'code' in selecting a method for function 'eval_code': object of type 'symbol' is not subsettable
{shiny}      R  stderr  -----------   124: &lt;Anonymous&gt;
{shiny}      R  stderr  -----------   123: stop
{shiny}      R  stderr  -----------   122: common_code_q
{shiny}      R  stderr  -----------   121: exprFunc
{shiny}      R  stderr  -----------   120: widgetFunc
{shiny}      R  stderr  -----------   119: ::
{shiny}      R  stderr  ----------- htmlwidgets
{shiny}      R  stderr  ----------- shinyRenderWidget
{shiny}      R  stderr  -----------   118: func
{shiny}      R  stderr  -----------   105: renderFunc
{shiny}      R  stderr  -----------   104: renderFunc
{shiny}      R  stderr  -----------   100: renderFunc
{shiny}      R  stderr  -----------    99: output$teal-teal_modules-outliers_module-module-table_ui
{shiny}      R  stderr  -----------    14: &lt;Anonymous&gt;
{shiny}      R  stderr  -----------    12: &lt;Anonymous&gt;
{shiny}      R  stderr  -----------    11: &lt;Anonymous&gt;
{shiny}      R  stderr  -----------    10: base::do.call
{shiny}      R  stderr  -----------     9: base::saveRDS
{shiny}      R  stderr  -----------     8: base::withCallingHandlers
{shiny}      R  stderr  -----------     7: doTryCatch
{shiny}      R  stderr  -----------     6: tryCatchOne
{shiny}      R  stderr  -----------     5: tryCatchList
{shiny}      R  stderr  -----------     2: tryCatchList
{shiny}      R  stderr  -----------     1: base::tryCatch
{shiny}      R  stderr  ----------- Warning: Error in &lt;Anonymous&gt;: error in evaluating the argument 'code' in selecting a method for function 'eval_code': object of type 'symbol' is not subsettable
{shiny}      R  stderr  -----------   117: &lt;Anonymous&gt;
{shiny}      R  stderr  -----------   116: stop
{shiny}      R  stderr  -----------   115: common_code_q
{shiny}      R  stderr  -----------   114: renderUI
{shiny}      R  stderr  -----------   113: func
{shiny}      R  stderr  -----------   100: renderFunc
{shiny}      R  stderr  -----------    99: output$teal-teal_modules-outliers_module-module-total_outliers
{shiny}      R  stderr  -----------    14: &lt;Anonymous&gt;
{shiny}      R  stderr  -----------    12: &lt;Anonymous&gt;
{shiny}      R  stderr  -----------    11: &lt;Anonymous&gt;
{shiny}      R  stderr  -----------    10: base::do.call
{shiny}      R  stderr  -----------     9: base::saveRDS
{shiny}      R  stderr  -----------     8: base::withCallingHandlers
{shiny}      R  stderr  -----------     7: doTryCatch
{shiny}      R  stderr  -----------     6: tryCatchOne
{shiny}      R  stderr  -----------     5: tryCatchList
{shiny}      R  stderr  -----------     2: tryCatchList
{shiny}      R  stderr  -----------     1: base::tryCatch


Caused by error in `app_initialize_()`:
! Shiny app did not become stable in 1e+05ms.
Message: An error occurred while waiting for Shiny to be stable
Caused by error in `app_wait_for_idle()`:
! An error occurred while waiting for Shiny to be stable
Backtrace:
     ▆
  1. ├─teal.modules.general (local) app_driver_tm_outlier() at test-shinytest2-tm_outliers.R:289:3
  2. │ └─teal.modules.general:::init_teal_app_driver(...) at test-shinytest2-tm_outliers.R:16:3
  3. │   ├─testthat::with_mocked_bindings(...) at tests/testthat/helper-TealAppDriver.R:7:3
  4. │   └─TealAppDriver$new(...) at tests/testthat/helper-TealAppDriver.R:10:7
  5. │     └─teal (local) initialize(...)
  6. │       ├─base::suppressWarnings(...)
  7. │       │ └─base::withCallingHandlers(...)
  8. │       └─super$initialize(...)
  9. │         └─shinytest2:::app_initialize(...)
 10. │           ├─base::withCallingHandlers(...)
 11. │           └─shinytest2:::app_initialize_(self, private, ..., view = view)
 12. │             ├─base::withCallingHandlers(...)
 13. │             └─self$wait_for_idle(duration = 200, timeout = private$load_timeout)
 14. │               └─shinytest2:::app_wait_for_idle(...)
 15. │                 └─shinytest2:::app_abort(self, private, "An error occurred while waiting for Shiny to be stable")
 16. │                   └─rlang::abort(..., app = self, call = call)
 17. │                     └─rlang:::signal_abort(cnd, .file)
 18. │                       └─base::signalCondition(cnd)
 19. ├─shinytest2 (local) `&lt;fn&gt;`(`&lt;rlng_rrr&gt;`)
 20. │ └─shinytest2:::app_abort(...)
 21. │   └─rlang::abort(..., app = self, call = call)
 22. │     └─rlang:::signal_abort(cnd, .file)
 23. │       └─base::signalCondition(cnd)
 24. └─shinytest2 (local) `&lt;fn&gt;`(`&lt;rlng_rrr&gt;`)
 25.   └─shinytest2:::app_abort(...)
 26.     └─rlang::abort(..., app = self, call = call)</error>
    </testcase>
  </testsuite>
  <testsuite name="shinytest2-tm_t_crosstable" timestamp="2025-02-24T17:03:49Z" hostname="5d9102788631" tests="9" skipped="0" failures="0" errors="0" time="31.488">
    <testcase time="5.72599999999989" classname="shinytest2_tm_t_crosstable" name="e2e_tm_t_crosstable_Initializes_without_errors"/>
    <testcase time="0.00500000000010914" classname="shinytest2_tm_t_crosstable" name="e2e_tm_t_crosstable_Initializes_without_errors"/>
    <testcase time="0.00900000000001455" classname="shinytest2_tm_t_crosstable" name="e2e_tm_t_crosstable_Initializes_without_errors"/>
    <testcase time="7.68299999999999" classname="shinytest2_tm_t_crosstable" name="e2e_tm_t_crosstable_Verify_module_displays_data_table"/>
    <testcase time="5.63599999999997" classname="shinytest2_tm_t_crosstable" name="e2e_tm_t_crosstable_Verify_default_values_and_settings_data_extracts_for_data_selection"/>
    <testcase time="0.0489999999999782" classname="shinytest2_tm_t_crosstable" name="e2e_tm_t_crosstable_Verify_default_values_and_settings_data_extracts_for_data_selection"/>
    <testcase time="2.00499999999988" classname="shinytest2_tm_t_crosstable" name="e2e_tm_t_crosstable_Verify_default_values_and_settings_data_extracts_for_data_selection"/>
    <testcase time="8.05400000000009" classname="shinytest2_tm_t_crosstable" name="e2e_tm_t_crosstable_Change_plot_settings"/>
    <testcase time="2.32099999999991" classname="shinytest2_tm_t_crosstable" name="e2e_tm_t_crosstable_Change_plot_settings"/>
  </testsuite>
  <testsuite name="shinytest2-tm_variable_browser" timestamp="2025-02-24T17:04:21Z" hostname="5d9102788631" tests="24" skipped="0" failures="0" errors="0" time="56.426">
    <testcase time="5.23700000000008" classname="shinytest2_tm_variable_browser" name="e2e_tm_variable_browser_content_is_displayed_correctly."/>
    <testcase time="0.00399999999990541" classname="shinytest2_tm_variable_browser" name="e2e_tm_variable_browser_content_is_displayed_correctly."/>
    <testcase time="2.09700000000021" classname="shinytest2_tm_variable_browser" name="e2e_tm_variable_browser_content_is_displayed_correctly."/>
    <testcase time="0.00499999999988177" classname="shinytest2_tm_variable_browser" name="e2e_tm_variable_browser_content_is_displayed_correctly."/>
    <testcase time="0.00399999999990541" classname="shinytest2_tm_variable_browser" name="e2e_tm_variable_browser_content_is_displayed_correctly."/>
    <testcase time="7.46400000000017" classname="shinytest2_tm_variable_browser" name="e2e_tm_variable_browser_Selecting_treat_variable_as_factor_changes_the_table_headers."/>
    <testcase time="6.47499999999991" classname="shinytest2_tm_variable_browser" name="e2e_tm_variable_browser_selection_of_categorical_variable_has_a_table_with_level_header."/>
    <testcase time="7.44800000000009" classname="shinytest2_tm_variable_browser" name="e2e_tm_variable_browser_changing_display_density_encoding_doesn_t_show_errors."/>
    <testcase time="2.33699999999999" classname="shinytest2_tm_variable_browser" name="e2e_tm_variable_browser_changing_display_density_encoding_doesn_t_show_errors."/>
    <testcase time="5.20499999999993" classname="shinytest2_tm_variable_browser" name="e2e_tm_variable_browser_changing_outlier_definition_encoding_doesn_t_show_errors."/>
    <testcase time="3.19200000000001" classname="shinytest2_tm_variable_browser" name="e2e_tm_variable_browser_changing_outlier_definition_encoding_doesn_t_show_errors."/>
    <testcase time="0.00999999999999091" classname="shinytest2_tm_variable_browser" name="e2e_tm_variable_browser_changing_outlier_definition_encoding_doesn_t_show_errors."/>
    <testcase time="0.756000000000085" classname="shinytest2_tm_variable_browser" name="e2e_tm_variable_browser_changing_outlier_definition_encoding_doesn_t_show_errors."/>
    <testcase time="2.33799999999997" classname="shinytest2_tm_variable_browser" name="e2e_tm_variable_browser_changing_outlier_definition_encoding_doesn_t_show_errors."/>
    <testcase time="7.31299999999987" classname="shinytest2_tm_variable_browser" name="e2e_tm_variable_browser_changing_plot_setting_encodings_doesn_t_show_errors."/>
    <testcase time="0.736000000000104" classname="shinytest2_tm_variable_browser" name="e2e_tm_variable_browser_changing_plot_setting_encodings_doesn_t_show_errors."/>
    <testcase time="0.729000000000042" classname="shinytest2_tm_variable_browser" name="e2e_tm_variable_browser_changing_plot_setting_encodings_doesn_t_show_errors."/>
    <testcase time="0.721000000000004" classname="shinytest2_tm_variable_browser" name="e2e_tm_variable_browser_changing_plot_setting_encodings_doesn_t_show_errors."/>
    <testcase time="0.711999999999989" classname="shinytest2_tm_variable_browser" name="e2e_tm_variable_browser_changing_plot_setting_encodings_doesn_t_show_errors."/>
    <testcase time="0.721000000000004" classname="shinytest2_tm_variable_browser" name="e2e_tm_variable_browser_changing_plot_setting_encodings_doesn_t_show_errors."/>
    <testcase time="0.710000000000036" classname="shinytest2_tm_variable_browser" name="e2e_tm_variable_browser_changing_plot_setting_encodings_doesn_t_show_errors."/>
    <testcase time="0.745999999999867" classname="shinytest2_tm_variable_browser" name="e2e_tm_variable_browser_changing_plot_setting_encodings_doesn_t_show_errors."/>
    <testcase time="0.716000000000122" classname="shinytest2_tm_variable_browser" name="e2e_tm_variable_browser_changing_plot_setting_encodings_doesn_t_show_errors."/>
    <testcase time="0.75" classname="shinytest2_tm_variable_browser" name="e2e_tm_variable_browser_changing_plot_setting_encodings_doesn_t_show_errors."/>
  </testsuite>
  <testsuite name="tm_g_bivariate" timestamp="2025-02-24T17:05:17Z" hostname="5d9102788631" tests="18" skipped="0" failures="0" errors="0" time="0.193">
    <testcase time="0.0749999999998181" classname="tm_g_bivariate" name="tm_g_bivariate_creates_a_teal_module_object"/>
    <testcase time="0.00500000000010914" classname="tm_g_bivariate" name="tm_g_bivariate_creates_a_teal_module_object_with_default_options"/>
    <testcase time="0.00500000000010914" classname="tm_g_bivariate" name="tm_g_bivariate_creates_a_teal_module_object_with_multiple_data_extract_specs"/>
    <testcase time="0.00499999999988177" classname="tm_g_bivariate" name="tm_g_bivariate_creates_a_module_with_datanames_taken_from_data_extracts"/>
    <testcase time="0.0080000000000382" classname="tm_g_bivariate" name="tm_g_bivariate_fails_when_x_contains_a_spec_with_multiple_selection"/>
    <testcase time="0.00700000000006185" classname="tm_g_bivariate" name="tm_g_bivariate_fails_when_x_contains_multiple_spec_with_at_least_one_multiple_selection"/>
    <testcase time="0.00799999999981083" classname="tm_g_bivariate" name="tm_g_bivariate_fails_when_x_contains_multiple_spec_with_at_least_one_multiple_selection"/>
    <testcase time="0.00700000000006185" classname="tm_g_bivariate" name="tm_g_bivariate_fails_when_y_contains_multiple_spec_with_at_least_one_multiple_selection"/>
    <testcase time="0.0080000000000382" classname="tm_g_bivariate" name="tm_g_bivariate_fails_when_plot_height_is_not_valid"/>
    <testcase time="0.00700000000006185" classname="tm_g_bivariate" name="tm_g_bivariate_fails_when_plot_height_is_not_valid"/>
    <testcase time="0.0080000000000382" classname="tm_g_bivariate" name="tm_g_bivariate_fails_when_plot_height_is_not_valid"/>
    <testcase time="0.00699999999983447" classname="tm_g_bivariate" name="tm_g_bivariate_fails_when_plot_width_is_not_valid"/>
    <testcase time="0.0080000000000382" classname="tm_g_bivariate" name="tm_g_bivariate_fails_when_plot_width_is_not_valid"/>
    <testcase time="0.00700000000006185" classname="tm_g_bivariate" name="tm_g_bivariate_fails_when_plot_width_is_not_valid"/>
    <testcase time="0.0080000000000382" classname="tm_g_bivariate" name="tm_g_bivariate_fails_when_color_setting_is_FALSE_and_color_is_supplied"/>
    <testcase time="0.00699999999983447" classname="tm_g_bivariate" name="tm_g_bivariate_fails_when_color_setting_is_FALSE_and_size_is_supplied"/>
    <testcase time="0.0080000000000382" classname="tm_g_bivariate" name="tm_g_bivariate_fails_when_color_setting_is_FALSE_and_fill_is_supplied"/>
    <testcase time="0.00500000000010914" classname="tm_g_bivariate" name="tm_g_bivariate_determines_color_size_and_fill_when_color_setting_is_TRUE"/>
  </testsuite>
  <testsuite name="bivariate_ggplot_call" timestamp="2025-02-24T17:05:17Z" hostname="5d9102788631" tests="21" skipped="0" failures="0" errors="0" time="0.068">
    <testcase time="0.0080000000000382" classname="bivariate_ggplot_call" name="bivariate_ggplot_call_with_numerics"/>
    <testcase time="0.00199999999995271" classname="bivariate_ggplot_call" name="bivariate_ggplot_call_with_numerics"/>
    <testcase time="0.00299999999992906" classname="bivariate_ggplot_call" name="bivariate_ggplot_call_with_numerics"/>
    <testcase time="0.00199999999995271" classname="bivariate_ggplot_call" name="bivariate_ggplot_call_with_numerics"/>
    <testcase time="0.00500000000010914" classname="bivariate_ggplot_call" name="bivariate_ggplot_call_with_factor_char_logical"/>
    <testcase time="0.00199999999995271" classname="bivariate_ggplot_call" name="bivariate_ggplot_call_with_factor_char_logical"/>
    <testcase time="0.00700000000006185" classname="bivariate_ggplot_call" name="bivariate_ggplot_call_with_factor_char_logical"/>
    <testcase time="0.00299999999992906" classname="bivariate_ggplot_call" name="bivariate_ggplot_call_with_factor_char_logical"/>
    <testcase time="0.00299999999992906" classname="bivariate_ggplot_call" name="bivariate_ggplot_call_with_factor_char_logical"/>
    <testcase time="0.00200000000018008" classname="bivariate_ggplot_call" name="bivariate_ggplot_call_with_factor_char_logical"/>
    <testcase time="0.00299999999992906" classname="bivariate_ggplot_call" name="bivariate_ggplot_call_with_factor_char_logical"/>
    <testcase time="0.00399999999990541" classname="bivariate_ggplot_call" name="bivariate_ggplot_call_with_single_data_numeric"/>
    <testcase time="0.00300000000015643" classname="bivariate_ggplot_call" name="bivariate_ggplot_call_with_single_data_numeric"/>
    <testcase time="0.00199999999995271" classname="bivariate_ggplot_call" name="bivariate_ggplot_call_with_single_data_numeric"/>
    <testcase time="0.00199999999995271" classname="bivariate_ggplot_call" name="bivariate_ggplot_call_with_single_data_numeric"/>
    <testcase time="0.00299999999992906" classname="bivariate_ggplot_call" name="bivariate_ggplot_call_with_single_data_numeric"/>
    <testcase time="0.00200000000018008" classname="bivariate_ggplot_call" name="bivariate_ggplot_call_with_single_data_numeric"/>
    <testcase time="0.00499999999988177" classname="bivariate_ggplot_call" name="bivariate_ggplot_call_with_single_data_factor"/>
    <testcase time="0.00199999999995271" classname="bivariate_ggplot_call" name="bivariate_ggplot_call_with_single_data_factor"/>
    <testcase time="0.00300000000015643" classname="bivariate_ggplot_call" name="bivariate_ggplot_call_with_single_data_factor"/>
    <testcase time="0.00199999999995271" classname="bivariate_ggplot_call" name="bivariate_ggplot_call_with_single_data_factor"/>
  </testsuite>
  <testsuite name="front_page" timestamp="2025-02-24T17:05:17Z" hostname="5d9102788631" tests="4" skipped="0" failures="0" errors="0" time="0.019">
    <testcase time="0.00599999999985812" classname="front_page" name="convert_metadata_to_dataframe_returns_a_data_frame_with_no_rows_if_no_metadata"/>
    <testcase time="0.00500000000010914" classname="front_page" name="convert_metadata_to_dataframe_returns_a_data_frame_with_metadata_if_more_than_one_dataset"/>
    <testcase time="0.00299999999992906" classname="front_page" name="convert_metadata_to_dataframe_returns_a_data_frame_with_metadata_if_one_dataset"/>
    <testcase time="0.00500000000010914" classname="front_page" name="convert_metadata_to_dataframe_converts_metadata_values_to_characters"/>
  </testsuite>
  <testsuite name="g_expert_cl" timestamp="2025-02-24T17:05:17Z" hostname="5d9102788631" tests="15" skipped="0" failures="0" errors="0" time="0.026">
    <testcase time="0.00499999999988177" classname="g_expert_cl" name="coloring_ggplot_call_can_work_with_all_combinations"/>
    <testcase time="0.000999999999976353" classname="g_expert_cl" name="coloring_ggplot_call_can_work_with_all_combinations"/>
    <testcase time="0.00200000000018008" classname="g_expert_cl" name="coloring_ggplot_call_can_work_with_all_combinations"/>
    <testcase time="0.000999999999976353" classname="g_expert_cl" name="coloring_ggplot_call_can_work_with_all_combinations"/>
    <testcase time="0.000999999999976353" classname="g_expert_cl" name="coloring_ggplot_call_can_work_with_all_combinations"/>
    <testcase time="0.000999999999976353" classname="g_expert_cl" name="coloring_ggplot_call_can_work_with_all_combinations"/>
    <testcase time="0.00199999999995271" classname="g_expert_cl" name="coloring_ggplot_call_can_work_with_all_combinations"/>
    <testcase time="0.00299999999992906" classname="g_expert_cl" name="coloring_ggplot_call_can_work_with_all_combinations_without_colour_var"/>
    <testcase time="0.00100000000020373" classname="g_expert_cl" name="coloring_ggplot_call_can_work_with_all_combinations_without_colour_var"/>
    <testcase time="0.000999999999976353" classname="g_expert_cl" name="coloring_ggplot_call_can_work_with_all_combinations_without_colour_var"/>
    <testcase time="0.000999999999976353" classname="g_expert_cl" name="coloring_ggplot_call_can_work_with_all_combinations_without_colour_var"/>
    <testcase time="0.00199999999995271" classname="g_expert_cl" name="coloring_ggplot_call_can_work_with_all_combinations_without_colour_var"/>
    <testcase time="0.00299999999992906" classname="g_expert_cl" name="coloring_ggplot_call_can_work_size_var"/>
    <testcase time="0.000999999999976353" classname="g_expert_cl" name="coloring_ggplot_call_can_work_size_var"/>
    <testcase time="0.00100000000020373" classname="g_expert_cl" name="coloring_ggplot_call_can_work_size_var"/>
  </testsuite>
  <testsuite name="scatterplotmatrix_get_stats" timestamp="2025-02-24T17:05:17Z" hostname="5d9102788631" tests="6" skipped="0" failures="0" errors="0" time="0.025">
    <testcase time="0.00899999999978718" classname="scatterplotmatrix_get_stats" name="get_scatterplotmatrix_stats_x_y_numeric"/>
    <testcase time="0.00300000000015643" classname="scatterplotmatrix_get_stats" name="get_scatterplotmatrix_stats_x_y_numeric"/>
    <testcase time="0.00299999999992906" classname="scatterplotmatrix_get_stats" name="get_scatterplotmatrix_stats_x_y_numeric"/>
    <testcase time="0.00500000000010914" classname="scatterplotmatrix_get_stats" name="get_scatterplotmatrix_stats_x_y_character"/>
    <testcase time="0.00199999999995271" classname="scatterplotmatrix_get_stats" name="get_scatterplotmatrix_stats_x_y_character"/>
    <testcase time="0.00299999999992906" classname="scatterplotmatrix_get_stats" name="get_scatterplotmatrix_stats_x_y_character"/>
  </testsuite>
  <testsuite name="variable_browser" timestamp="2025-02-24T17:05:17Z" hostname="5d9102788631" tests="3" skipped="0" failures="0" errors="0" time="0.014">
    <testcase time="0.00600000000008549" classname="variable_browser" name="remove_outliers_from_does_not_remove_outliers_when_outlier_definition_is_zero"/>
    <testcase time="0.00399999999990541" classname="variable_browser" name="remove_outliers_from_removes_outliers_when_outlier_definition_is_non_zero"/>
    <testcase time="0.00400000000013279" classname="variable_browser" name="remove_outliers_from_keeps_missing_values_unchanged"/>
  </testsuite>
</testsuites>
