<?xml version="1.0" encoding="UTF-8"?>
<testsuites>
  <testsuite name="examples" timestamp="2024-11-04T12:39:49Z" hostname="b478a9226d17" tests="41" skipped="0" failures="0" errors="0" time="5.387">
    <testcase time="1.625" classname="examples" name="example_add_facet_labels.Rd"/>
    <testcase time="0.0549999999999997" classname="examples" name="example_call_fun_dots.Rd"/>
    <testcase time="0.0130000000000003" classname="examples" name="example_create_sparklines.Rd"/>
    <testcase time="0.00599999999999978" classname="examples" name="example_establish_updating_selection.Rd"/>
    <testcase time="0.0100000000000002" classname="examples" name="example_get_scatterplotmatrix_stats.Rd"/>
    <testcase time="0.00599999999999978" classname="examples" name="example_include_css_files.Rd"/>
    <testcase time="0.00600000000000023" classname="examples" name="example_is_tab_active_js.Rd"/>
    <testcase time="0.00599999999999978" classname="examples" name="example_plot_var_summary.Rd"/>
    <testcase time="0.00600000000000023" classname="examples" name="example_rADAE.Rd"/>
    <testcase time="0.00599999999999978" classname="examples" name="example_rADLB.Rd"/>
    <testcase time="0.00600000000000023" classname="examples" name="example_rADRS.Rd"/>
    <testcase time="0.00599999999999978" classname="examples" name="example_rADSL.Rd"/>
    <testcase time="0.00600000000000023" classname="examples" name="example_rADTTE.Rd"/>
    <testcase time="0.00599999999999978" classname="examples" name="example_remove_outliers_from.Rd"/>
    <testcase time="0.00599999999999978" classname="examples" name="example_render_single_tab.Rd"/>
    <testcase time="0.00600000000000023" classname="examples" name="example_render_tab_header.Rd"/>
    <testcase time="0.00599999999999978" classname="examples" name="example_render_tab_table.Rd"/>
    <testcase time="0.0110000000000001" classname="examples" name="example_render_tabset_panel_content.Rd"/>
    <testcase time="0.00600000000000023" classname="examples" name="example_shared_params.Rd"/>
    <testcase time="0.00599999999999978" classname="examples" name="example_teal.modules.general.Rd"/>
    <testcase time="0.177" classname="examples" name="example_tm_a_pca.Rd"/>
    <testcase time="0.11" classname="examples" name="example_tm_a_regression.Rd"/>
    <testcase time="0.113" classname="examples" name="example_tm_data_table.Rd"/>
    <testcase time="0.262" classname="examples" name="example_tm_file_viewer.Rd"/>
    <testcase time="0.048" classname="examples" name="example_tm_file_viewer.Rd"/>
    <testcase time="0.0529999999999999" classname="examples" name="example_tm_front_page.Rd"/>
    <testcase time="0.109" classname="examples" name="example_tm_g_association.Rd"/>
    <testcase time="0.117" classname="examples" name="example_tm_g_bivariate.Rd"/>
    <testcase time="0.995" classname="examples" name="example_tm_g_distribution.Rd"/>
    <testcase time="0.126" classname="examples" name="example_tm_g_response.Rd"/>
    <testcase time="0.154" classname="examples" name="example_tm_g_scatterplot.Rd"/>
    <testcase time="0.179" classname="examples" name="example_tm_g_scatterplotmatrix.Rd"/>
    <testcase time="0.191" classname="examples" name="example_tm_missing_data.Rd"/>
    <testcase time="0.152" classname="examples" name="example_tm_outliers.Rd"/>
    <testcase time="0.628" classname="examples" name="example_tm_t_crosstable.Rd"/>
    <testcase time="0.135999999999999" classname="examples" name="example_tm_variable_browser.Rd"/>
    <testcase time="0.00700000000000056" classname="examples" name="example_validate_input.Rd"/>
    <testcase time="0.00699999999999967" classname="examples" name="example_var_missings_info.Rd"/>
    <testcase time="0.00600000000000023" classname="examples" name="example_var_summary_table.Rd"/>
    <testcase time="0.00600000000000023" classname="examples" name="example_variable_type_icons.Rd"/>
    <testcase time="0.00699999999999967" classname="examples" name="example_varname_w_label.Rd"/>
  </testsuite>
  <testsuite name="shinytest2-tm_a_pca" timestamp="2024-11-04T12:39:54Z" hostname="b478a9226d17" tests="49" skipped="0" failures="0" errors="0" time="115.222">
    <testcase time="5.92" classname="shinytest2_tm_a_pca" name="e2e_tm_a_pca_Module_is_initialised_with_the_specified_defaults_in_function_call."/>
    <testcase time="0.0890000000000004" classname="shinytest2_tm_a_pca" name="e2e_tm_a_pca_Module_is_initialised_with_the_specified_defaults_in_function_call."/>
    <testcase time="0.00499999999999901" classname="shinytest2_tm_a_pca" name="e2e_tm_a_pca_Module_is_initialised_with_the_specified_defaults_in_function_call."/>
    <testcase time="0.00400000000000134" classname="shinytest2_tm_a_pca" name="e2e_tm_a_pca_Module_is_initialised_with_the_specified_defaults_in_function_call."/>
    <testcase time="0.0540000000000003" classname="shinytest2_tm_a_pca" name="e2e_tm_a_pca_Module_is_initialised_with_the_specified_defaults_in_function_call."/>
    <testcase time="0.0509999999999984" classname="shinytest2_tm_a_pca" name="e2e_tm_a_pca_Module_is_initialised_with_the_specified_defaults_in_function_call."/>
    <testcase time="0.0520000000000014" classname="shinytest2_tm_a_pca" name="e2e_tm_a_pca_Module_is_initialised_with_the_specified_defaults_in_function_call."/>
    <testcase time="5.405" classname="shinytest2_tm_a_pca" name="e2e_tm_a_pca_Eigenvector_table_should_have_data_extract_selection_Murder_Assault_on_header."/>
    <testcase time="0.138999999999999" classname="shinytest2_tm_a_pca" name="e2e_tm_a_pca_Eigenvector_table_should_have_data_extract_selection_Murder_Assault_on_header."/>
    <testcase time="0.0999999999999979" classname="shinytest2_tm_a_pca" name="e2e_tm_a_pca_Eigenvector_table_should_have_data_extract_selection_Murder_Assault_on_header."/>
    <testcase time="0.100000000000001" classname="shinytest2_tm_a_pca" name="e2e_tm_a_pca_Eigenvector_table_should_have_data_extract_selection_Murder_Assault_on_header."/>
    <testcase time="7.347" classname="shinytest2_tm_a_pca" name="e2e_tm_a_pca_Eigenvector_table_should_have_data_extract_selection_Murder_UrbanPop_on_header."/>
    <testcase time="0.136999999999997" classname="shinytest2_tm_a_pca" name="e2e_tm_a_pca_Eigenvector_table_should_have_data_extract_selection_Murder_UrbanPop_on_header."/>
    <testcase time="0.104000000000003" classname="shinytest2_tm_a_pca" name="e2e_tm_a_pca_Eigenvector_table_should_have_data_extract_selection_Murder_UrbanPop_on_header."/>
    <testcase time="0.0999999999999979" classname="shinytest2_tm_a_pca" name="e2e_tm_a_pca_Eigenvector_table_should_have_data_extract_selection_Murder_UrbanPop_on_header."/>
    <testcase time="7.222" classname="shinytest2_tm_a_pca" name="e2e_tm_a_pca_Color_by_columns_data_extract_must_be_from_non_selected_variable_set."/>
    <testcase time="0.661999999999999" classname="shinytest2_tm_a_pca" name="e2e_tm_a_pca_Color_by_columns_data_extract_must_be_from_non_selected_variable_set."/>
    <testcase time="5.381" classname="shinytest2_tm_a_pca" name="e2e_tm_a_pca_Changing_output_encodings_of_tables_display_does_not_generate_errors."/>
    <testcase time="0.677" classname="shinytest2_tm_a_pca" name="e2e_tm_a_pca_Changing_output_encodings_of_tables_display_does_not_generate_errors."/>
    <testcase time="0.0870000000000033" classname="shinytest2_tm_a_pca" name="e2e_tm_a_pca_Changing_output_encodings_of_tables_display_does_not_generate_errors."/>
    <testcase time="0.0509999999999948" classname="shinytest2_tm_a_pca" name="e2e_tm_a_pca_Changing_output_encodings_of_tables_display_does_not_generate_errors."/>
    <testcase time="0.0519999999999996" classname="shinytest2_tm_a_pca" name="e2e_tm_a_pca_Changing_output_encodings_of_tables_display_does_not_generate_errors."/>
    <testcase time="0.0520000000000067" classname="shinytest2_tm_a_pca" name="e2e_tm_a_pca_Changing_output_encodings_of_tables_display_does_not_generate_errors."/>
    <testcase time="6.07599999999999" classname="shinytest2_tm_a_pca" name="e2e_tm_a_pca_Changing_output_encodings_for_plot_type_does_not_generate_errors."/>
    <testcase time="0.860000000000007" classname="shinytest2_tm_a_pca" name="e2e_tm_a_pca_Changing_output_encodings_for_plot_type_does_not_generate_errors."/>
    <testcase time="0.804000000000002" classname="shinytest2_tm_a_pca" name="e2e_tm_a_pca_Changing_output_encodings_for_plot_type_does_not_generate_errors."/>
    <testcase time="0.890000000000001" classname="shinytest2_tm_a_pca" name="e2e_tm_a_pca_Changing_output_encodings_for_plot_type_does_not_generate_errors."/>
    <testcase time="5.311" classname="shinytest2_tm_a_pca" name="e2e_tm_a_pca_Changing_output_encodings_of_standardization_does_not_generate_errors."/>
    <testcase time="0.977999999999994" classname="shinytest2_tm_a_pca" name="e2e_tm_a_pca_Changing_output_encodings_of_standardization_does_not_generate_errors."/>
    <testcase time="1.027" classname="shinytest2_tm_a_pca" name="e2e_tm_a_pca_Changing_output_encodings_of_standardization_does_not_generate_errors."/>
    <testcase time="0.954999999999998" classname="shinytest2_tm_a_pca" name="e2e_tm_a_pca_Changing_output_encodings_of_standardization_does_not_generate_errors."/>
    <testcase time="5.306" classname="shinytest2_tm_a_pca" name="e2e_tm_a_pca_Changing_output_encodings_of_NA_action_does_not_generate_errors."/>
    <testcase time="7.22" classname="shinytest2_tm_a_pca" name="e2e_tm_a_pca_Changing_output_encodings_of_plot_type_hides_and_shows_options."/>
    <testcase time="2.11" classname="shinytest2_tm_a_pca" name="e2e_tm_a_pca_Changing_output_encodings_of_plot_type_hides_and_shows_options."/>
    <testcase time="2.095" classname="shinytest2_tm_a_pca" name="e2e_tm_a_pca_Changing_output_encodings_of_plot_type_hides_and_shows_options."/>
    <testcase time="2.07900000000001" classname="shinytest2_tm_a_pca" name="e2e_tm_a_pca_Changing_output_encodings_of_plot_type_hides_and_shows_options."/>
    <testcase time="2.547" classname="shinytest2_tm_a_pca" name="e2e_tm_a_pca_Changing_output_encodings_of_plot_type_hides_and_shows_options."/>
    <testcase time="2.09099999999999" classname="shinytest2_tm_a_pca" name="e2e_tm_a_pca_Changing_output_encodings_of_plot_type_hides_and_shows_options."/>
    <testcase time="2.545" classname="shinytest2_tm_a_pca" name="e2e_tm_a_pca_Changing_output_encodings_of_plot_type_hides_and_shows_options."/>
    <testcase time="2.084" classname="shinytest2_tm_a_pca" name="e2e_tm_a_pca_Changing_output_encodings_of_plot_type_hides_and_shows_options."/>
    <testcase time="2.083" classname="shinytest2_tm_a_pca" name="e2e_tm_a_pca_Changing_output_encodings_of_plot_type_hides_and_shows_options."/>
    <testcase time="5.241" classname="shinytest2_tm_a_pca" name="e2e_tm_a_pca_Changing_output_encodings_of_theme_does_not_generate_errors."/>
    <testcase time="0.531000000000006" classname="shinytest2_tm_a_pca" name="e2e_tm_a_pca_Changing_output_encodings_of_theme_does_not_generate_errors."/>
    <testcase time="0.530999999999992" classname="shinytest2_tm_a_pca" name="e2e_tm_a_pca_Changing_output_encodings_of_theme_does_not_generate_errors."/>
    <testcase time="0.530000000000001" classname="shinytest2_tm_a_pca" name="e2e_tm_a_pca_Changing_output_encodings_of_theme_does_not_generate_errors."/>
    <testcase time="5.31" classname="shinytest2_tm_a_pca" name="e2e_tm_a_pca_Changing_output_encodings_of_font_size_does_not_generate_errors."/>
    <testcase time="0.843999999999994" classname="shinytest2_tm_a_pca" name="e2e_tm_a_pca_Changing_output_encodings_of_font_size_does_not_generate_errors."/>
    <testcase time="0.843000000000004" classname="shinytest2_tm_a_pca" name="e2e_tm_a_pca_Changing_output_encodings_of_font_size_does_not_generate_errors."/>
    <testcase time="20.54" classname="shinytest2_tm_a_pca" name="e2e_tm_a_pca_Changing_output_encodings_of_font_size_does_not_generate_errors."/>
  </testsuite>
  <testsuite name="shinytest2-tm_a_regression" timestamp="2024-11-04T12:41:49Z" hostname="b478a9226d17" tests="31" skipped="0" failures="0" errors="0" time="50.751">
    <testcase time="4.898" classname="shinytest2_tm_a_regression" name="e2e_tm_a_regression_Data_parameter_and_module_label_is_passed_properly."/>
    <testcase time="0.00400000000000489" classname="shinytest2_tm_a_regression" name="e2e_tm_a_regression_Data_parameter_and_module_label_is_passed_properly."/>
    <testcase time="0.00499999999999545" classname="shinytest2_tm_a_regression" name="e2e_tm_a_regression_Data_parameter_and_module_label_is_passed_properly."/>
    <testcase time="4.80199999999999" classname="shinytest2_tm_a_regression" name="e2e_tm_a_regression_Data_extract_spec_elements_are_initialized_with_the_default_values_specified_by_response_and_regressor_arg."/>
    <testcase time="0.0870000000000175" classname="shinytest2_tm_a_regression" name="e2e_tm_a_regression_Data_extract_spec_elements_are_initialized_with_the_default_values_specified_by_response_and_regressor_arg."/>
    <testcase time="5.88999999999999" classname="shinytest2_tm_a_regression" name="e2e_tm_a_regression_Plot_type_is_set_properly."/>
    <testcase time="4.751" classname="shinytest2_tm_a_regression" name="e2e_tm_a_regression_Plot_type_has_7_specific_choices_changing_choices_does_not_throw_errors."/>
    <testcase time="1.626" classname="shinytest2_tm_a_regression" name="e2e_tm_a_regression_Plot_type_has_7_specific_choices_changing_choices_does_not_throw_errors."/>
    <testcase time="0.00100000000000477" classname="shinytest2_tm_a_regression" name="e2e_tm_a_regression_Plot_type_has_7_specific_choices_changing_choices_does_not_throw_errors."/>
    <testcase time="0.795999999999992" classname="shinytest2_tm_a_regression" name="e2e_tm_a_regression_Plot_type_has_7_specific_choices_changing_choices_does_not_throw_errors."/>
    <testcase time="0.00200000000000955" classname="shinytest2_tm_a_regression" name="e2e_tm_a_regression_Plot_type_has_7_specific_choices_changing_choices_does_not_throw_errors."/>
    <testcase time="0.814999999999998" classname="shinytest2_tm_a_regression" name="e2e_tm_a_regression_Plot_type_has_7_specific_choices_changing_choices_does_not_throw_errors."/>
    <testcase time="0.000999999999976353" classname="shinytest2_tm_a_regression" name="e2e_tm_a_regression_Plot_type_has_7_specific_choices_changing_choices_does_not_throw_errors."/>
    <testcase time="0.813000000000017" classname="shinytest2_tm_a_regression" name="e2e_tm_a_regression_Plot_type_has_7_specific_choices_changing_choices_does_not_throw_errors."/>
    <testcase time="0.00100000000000477" classname="shinytest2_tm_a_regression" name="e2e_tm_a_regression_Plot_type_has_7_specific_choices_changing_choices_does_not_throw_errors."/>
    <testcase time="0.786000000000001" classname="shinytest2_tm_a_regression" name="e2e_tm_a_regression_Plot_type_has_7_specific_choices_changing_choices_does_not_throw_errors."/>
    <testcase time="0.00100000000000477" classname="shinytest2_tm_a_regression" name="e2e_tm_a_regression_Plot_type_has_7_specific_choices_changing_choices_does_not_throw_errors."/>
    <testcase time="1.02099999999999" classname="shinytest2_tm_a_regression" name="e2e_tm_a_regression_Plot_type_has_7_specific_choices_changing_choices_does_not_throw_errors."/>
    <testcase time="0.00200000000000955" classname="shinytest2_tm_a_regression" name="e2e_tm_a_regression_Plot_type_has_7_specific_choices_changing_choices_does_not_throw_errors."/>
    <testcase time="0.823999999999984" classname="shinytest2_tm_a_regression" name="e2e_tm_a_regression_Plot_type_has_7_specific_choices_changing_choices_does_not_throw_errors."/>
    <testcase time="4.761" classname="shinytest2_tm_a_regression" name="e2e_tm_a_regression_Outlier_definition_and_label_are_visible_by_default."/>
    <testcase time="2.101" classname="shinytest2_tm_a_regression" name="e2e_tm_a_regression_Outlier_definition_and_label_are_visible_by_default."/>
    <testcase time="2.08700000000002" classname="shinytest2_tm_a_regression" name="e2e_tm_a_regression_Outlier_definition_and_label_are_visible_by_default."/>
    <testcase time="4.81100000000001" classname="shinytest2_tm_a_regression" name="e2e_tm_a_regression_Outlier_definition_and_label_have_default_values_and_label_text."/>
    <testcase time="0.00499999999999545" classname="shinytest2_tm_a_regression" name="e2e_tm_a_regression_Outlier_definition_and_label_have_default_values_and_label_text."/>
    <testcase time="0.00100000000000477" classname="shinytest2_tm_a_regression" name="e2e_tm_a_regression_Outlier_definition_and_label_have_default_values_and_label_text."/>
    <testcase time="0.0879999999999939" classname="shinytest2_tm_a_regression" name="e2e_tm_a_regression_Outlier_definition_and_label_have_default_values_and_label_text."/>
    <testcase time="0.0509999999999877" classname="shinytest2_tm_a_regression" name="e2e_tm_a_regression_Outlier_definition_and_label_have_default_values_and_label_text."/>
    <testcase time="7.61000000000001" classname="shinytest2_tm_a_regression" name="e2e_tm_a_regression_Unchecking_display_outlier_hides_outlier_label_and_definition."/>
    <testcase time="2.10399999999998" classname="shinytest2_tm_a_regression" name="e2e_tm_a_regression_Unchecking_display_outlier_hides_outlier_label_and_definition."/>
    <testcase time="0.00600000000000023" classname="shinytest2_tm_a_regression" name="e2e_tm_a_regression_Unchecking_display_outlier_hides_outlier_label_and_definition."/>
  </testsuite>
  <testsuite name="shinytest2-tm_data_table" timestamp="2024-11-04T12:42:40Z" hostname="b478a9226d17" tests="10" skipped="0" failures="0" errors="0" time="19.44">
    <testcase time="3.83600000000001" classname="shinytest2_tm_data_table" name="e2e_tm_data_table_Initializes_without_errors"/>
    <testcase time="0.00399999999999068" classname="shinytest2_tm_data_table" name="e2e_tm_data_table_Initializes_without_errors"/>
    <testcase time="4.047" classname="shinytest2_tm_data_table" name="e2e_tm_data_table_Verify_checkbox_displayed_over_data_table"/>
    <testcase time="4.02600000000001" classname="shinytest2_tm_data_table" name="e2e_tm_data_table_Verify_module_displays_data_table"/>
    <testcase time="2.077" classname="shinytest2_tm_data_table" name="e2e_tm_data_table_Verify_module_displays_data_table"/>
    <testcase time="0.0200000000000102" classname="shinytest2_tm_data_table" name="e2e_tm_data_table_Verify_module_displays_data_table"/>
    <testcase time="0.681999999999988" classname="shinytest2_tm_data_table" name="e2e_tm_data_table_Verify_module_displays_data_table"/>
    <testcase time="4.101" classname="shinytest2_tm_data_table" name="e2e_tm_data_table_Verify_default_variable_selection_and_set_new_selection"/>
    <testcase time="0.638000000000005" classname="shinytest2_tm_data_table" name="e2e_tm_data_table_Verify_default_variable_selection_and_set_new_selection"/>
    <testcase time="0.00899999999998613" classname="shinytest2_tm_data_table" name="e2e_tm_data_table_Verify_default_variable_selection_and_set_new_selection"/>
  </testsuite>
  <testsuite name="shinytest2-tm_file_viewer" timestamp="2024-11-04T12:43:00Z" hostname="b478a9226d17" tests="13" skipped="0" failures="0" errors="0" time="30.284">
    <testcase time="4.19800000000001" classname="shinytest2_tm_file_viewer" name="e2e_tm_file_viewer_Initializes_without_errors_and_shows_files_tree_specified_in_input_path_argument"/>
    <testcase time="0.00600000000000023" classname="shinytest2_tm_file_viewer" name="e2e_tm_file_viewer_Initializes_without_errors_and_shows_files_tree_specified_in_input_path_argument"/>
    <testcase time="2.05500000000001" classname="shinytest2_tm_file_viewer" name="e2e_tm_file_viewer_Initializes_without_errors_and_shows_files_tree_specified_in_input_path_argument"/>
    <testcase time="0.0250000000000057" classname="shinytest2_tm_file_viewer" name="e2e_tm_file_viewer_Initializes_without_errors_and_shows_files_tree_specified_in_input_path_argument"/>
    <testcase time="0.00399999999999068" classname="shinytest2_tm_file_viewer" name="e2e_tm_file_viewer_Initializes_without_errors_and_shows_files_tree_specified_in_input_path_argument"/>
    <testcase time="7.87899999999999" classname="shinytest2_tm_file_viewer" name="e2e_tm_file_viewer_Shows_selected_image_file"/>
    <testcase time="0.00600000000000023" classname="shinytest2_tm_file_viewer" name="e2e_tm_file_viewer_Shows_selected_image_file"/>
    <testcase time="8.02200000000002" classname="shinytest2_tm_file_viewer" name="e2e_tm_file_viewer_Shows_selected_text_file"/>
    <testcase time="0.00699999999997658" classname="shinytest2_tm_file_viewer" name="e2e_tm_file_viewer_Shows_selected_text_file"/>
    <testcase time="0.00200000000000955" classname="shinytest2_tm_file_viewer" name="e2e_tm_file_viewer_Shows_selected_text_file"/>
    <testcase time="0.132000000000005" classname="shinytest2_tm_file_viewer" name="e2e_tm_file_viewer_Shows_selected_text_file"/>
    <testcase time="7.864" classname="shinytest2_tm_file_viewer" name="e2e_tm_file_viewer_Shows_selected_url"/>
    <testcase time="0.0840000000000032" classname="shinytest2_tm_file_viewer" name="e2e_tm_file_viewer_Shows_selected_url"/>
  </testsuite>
  <testsuite name="shinytest2-tm_front_page" timestamp="2024-11-04T12:43:30Z" hostname="b478a9226d17" tests="9" skipped="0" failures="0" errors="0" time="21.358">
    <testcase time="3.834" classname="shinytest2_tm_front_page" name="e2e_tm_front_page_Initializes_without_errors_and_check_html_elements"/>
    <testcase time="0.00499999999999545" classname="shinytest2_tm_front_page" name="e2e_tm_front_page_Initializes_without_errors_and_check_html_elements"/>
    <testcase time="0.00600000000000023" classname="shinytest2_tm_front_page" name="e2e_tm_front_page_Initializes_without_errors_and_check_html_elements"/>
    <testcase time="0.007000000000005" classname="shinytest2_tm_front_page" name="e2e_tm_front_page_Initializes_without_errors_and_check_html_elements"/>
    <testcase time="4.15699999999998" classname="shinytest2_tm_front_page" name="e2e_tm_front_page_Verify_the_module_displays_tables"/>
    <testcase time="2.06800000000001" classname="shinytest2_tm_front_page" name="e2e_tm_front_page_Verify_the_module_displays_tables"/>
    <testcase time="0.0549999999999784" classname="shinytest2_tm_front_page" name="e2e_tm_front_page_Verify_the_module_displays_tables"/>
    <testcase time="2.06500000000003" classname="shinytest2_tm_front_page" name="e2e_tm_front_page_Verify_the_module_displays_tables"/>
    <testcase time="9.161" classname="shinytest2_tm_front_page" name="e2e_tm_front_page_Verify_the_module_displays_metadata"/>
  </testsuite>
  <testsuite name="shinytest2-tm_g_association" timestamp="2024-11-04T12:43:51Z" hostname="b478a9226d17" tests="13" skipped="0" failures="0" errors="0" time="31.025">
    <testcase time="6.20599999999999" classname="shinytest2_tm_g_association" name="e2e_tm_g_association_Data_parameter_and_module_label_is_passed_properly."/>
    <testcase time="0.00399999999999068" classname="shinytest2_tm_g_association" name="e2e_tm_g_association_Data_parameter_and_module_label_is_passed_properly."/>
    <testcase time="0.00399999999999068" classname="shinytest2_tm_g_association" name="e2e_tm_g_association_Data_parameter_and_module_label_is_passed_properly."/>
    <testcase time="6.11800000000002" classname="shinytest2_tm_g_association" name="e2e_tm_g_association_Data_extract_spec_elements_are_initialized_with_the_default_values_specified_by_ref_and_vars_arguments."/>
    <testcase time="1.053" classname="shinytest2_tm_g_association" name="e2e_tm_g_association_Data_extract_spec_elements_are_initialized_with_the_default_values_specified_by_ref_and_vars_arguments."/>
    <testcase time="0.00900000000001455" classname="shinytest2_tm_g_association" name="e2e_tm_g_association_Data_extract_spec_elements_are_initialized_with_the_default_values_specified_by_ref_and_vars_arguments."/>
    <testcase time="0.925999999999988" classname="shinytest2_tm_g_association" name="e2e_tm_g_association_Data_extract_spec_elements_are_initialized_with_the_default_values_specified_by_ref_and_vars_arguments."/>
    <testcase time="8.07599999999996" classname="shinytest2_tm_g_association" name="e2e_tm_g_association_Module_plot_is_visible."/>
    <testcase time="6.06100000000004" classname="shinytest2_tm_g_association" name="e2e_tm_g_association_Check_and_set_default_values_for_radio_buttons."/>
    <testcase time="0.0579999999999927" classname="shinytest2_tm_g_association" name="e2e_tm_g_association_Check_and_set_default_values_for_radio_buttons."/>
    <testcase time="0.0520000000000209" classname="shinytest2_tm_g_association" name="e2e_tm_g_association_Check_and_set_default_values_for_radio_buttons."/>
    <testcase time="2.45299999999997" classname="shinytest2_tm_g_association" name="e2e_tm_g_association_Check_and_set_default_values_for_radio_buttons."/>
    <testcase time="0.00499999999999545" classname="shinytest2_tm_g_association" name="e2e_tm_g_association_Check_and_set_default_values_for_radio_buttons."/>
  </testsuite>
  <testsuite name="shinytest2-tm_g_bivariate" timestamp="2024-11-04T12:44:22Z" hostname="b478a9226d17" tests="44" skipped="0" failures="0" errors="0" time="73.398">
    <testcase time="5.44200000000001" classname="shinytest2_tm_g_bivariate" name="e2e_tm_g_bivariate_Module_is_initialised_with_the_specified_defaults."/>
    <testcase time="0.0869999999999891" classname="shinytest2_tm_g_bivariate" name="e2e_tm_g_bivariate_Module_is_initialised_with_the_specified_defaults."/>
    <testcase time="0.0509999999999877" classname="shinytest2_tm_g_bivariate" name="e2e_tm_g_bivariate_Module_is_initialised_with_the_specified_defaults."/>
    <testcase time="0.0540000000000305" classname="shinytest2_tm_g_bivariate" name="e2e_tm_g_bivariate_Module_is_initialised_with_the_specified_defaults."/>
    <testcase time="0.0500000000000114" classname="shinytest2_tm_g_bivariate" name="e2e_tm_g_bivariate_Module_is_initialised_with_the_specified_defaults."/>
    <testcase time="0.0519999999999641" classname="shinytest2_tm_g_bivariate" name="e2e_tm_g_bivariate_Module_is_initialised_with_the_specified_defaults."/>
    <testcase time="0.0540000000000305" classname="shinytest2_tm_g_bivariate" name="e2e_tm_g_bivariate_Module_is_initialised_with_the_specified_defaults."/>
    <testcase time="0.0509999999999877" classname="shinytest2_tm_g_bivariate" name="e2e_tm_g_bivariate_Module_is_initialised_with_the_specified_defaults."/>
    <testcase time="0.0559999999999832" classname="shinytest2_tm_g_bivariate" name="e2e_tm_g_bivariate_Module_is_initialised_with_the_specified_defaults."/>
    <testcase time="0.0509999999999877" classname="shinytest2_tm_g_bivariate" name="e2e_tm_g_bivariate_Module_is_initialised_with_the_specified_defaults."/>
    <testcase time="0.0540000000000305" classname="shinytest2_tm_g_bivariate" name="e2e_tm_g_bivariate_Module_is_initialised_with_the_specified_defaults."/>
    <testcase time="0.0520000000000209" classname="shinytest2_tm_g_bivariate" name="e2e_tm_g_bivariate_Module_is_initialised_with_the_specified_defaults."/>
    <testcase time="0.0519999999999641" classname="shinytest2_tm_g_bivariate" name="e2e_tm_g_bivariate_Module_is_initialised_with_the_specified_defaults."/>
    <testcase time="0.0520000000000209" classname="shinytest2_tm_g_bivariate" name="e2e_tm_g_bivariate_Module_is_initialised_with_the_specified_defaults."/>
    <testcase time="0.0500000000000114" classname="shinytest2_tm_g_bivariate" name="e2e_tm_g_bivariate_Module_is_initialised_with_the_specified_defaults."/>
    <testcase time="0.0529999999999973" classname="shinytest2_tm_g_bivariate" name="e2e_tm_g_bivariate_Module_is_initialised_with_the_specified_defaults."/>
    <testcase time="0.0519999999999641" classname="shinytest2_tm_g_bivariate" name="e2e_tm_g_bivariate_Module_is_initialised_with_the_specified_defaults."/>
    <testcase time="0.0529999999999973" classname="shinytest2_tm_g_bivariate" name="e2e_tm_g_bivariate_Module_is_initialised_with_the_specified_defaults."/>
    <testcase time="7.52199999999999" classname="shinytest2_tm_g_bivariate" name="e2e_tm_g_bivariate_Coloring_options_are_hidden_when_coloring_is_toggled_off."/>
    <testcase time="2.11300000000006" classname="shinytest2_tm_g_bivariate" name="e2e_tm_g_bivariate_Coloring_options_are_hidden_when_coloring_is_toggled_off."/>
    <testcase time="2.10399999999998" classname="shinytest2_tm_g_bivariate" name="e2e_tm_g_bivariate_Coloring_options_are_hidden_when_coloring_is_toggled_off."/>
    <testcase time="3.23899999999998" classname="shinytest2_tm_g_bivariate" name="e2e_tm_g_bivariate_Coloring_options_are_hidden_when_coloring_is_toggled_off."/>
    <testcase time="2.09199999999998" classname="shinytest2_tm_g_bivariate" name="e2e_tm_g_bivariate_Coloring_options_are_hidden_when_coloring_is_toggled_off."/>
    <testcase time="2.09800000000001" classname="shinytest2_tm_g_bivariate" name="e2e_tm_g_bivariate_Coloring_options_are_hidden_when_coloring_is_toggled_off."/>
    <testcase time="7.50100000000003" classname="shinytest2_tm_g_bivariate" name="e2e_tm_g_bivariate_Facetting_options_are_hidden_when_facet_is_toggled_off."/>
    <testcase time="2.09399999999999" classname="shinytest2_tm_g_bivariate" name="e2e_tm_g_bivariate_Facetting_options_are_hidden_when_facet_is_toggled_off."/>
    <testcase time="2.11000000000001" classname="shinytest2_tm_g_bivariate" name="e2e_tm_g_bivariate_Facetting_options_are_hidden_when_facet_is_toggled_off."/>
    <testcase time="2.09899999999999" classname="shinytest2_tm_g_bivariate" name="e2e_tm_g_bivariate_Facetting_options_are_hidden_when_facet_is_toggled_off."/>
    <testcase time="3.31700000000001" classname="shinytest2_tm_g_bivariate" name="e2e_tm_g_bivariate_Facetting_options_are_hidden_when_facet_is_toggled_off."/>
    <testcase time="2.09299999999996" classname="shinytest2_tm_g_bivariate" name="e2e_tm_g_bivariate_Facetting_options_are_hidden_when_facet_is_toggled_off."/>
    <testcase time="2.09500000000003" classname="shinytest2_tm_g_bivariate" name="e2e_tm_g_bivariate_Facetting_options_are_hidden_when_facet_is_toggled_off."/>
    <testcase time="2.09899999999999" classname="shinytest2_tm_g_bivariate" name="e2e_tm_g_bivariate_Facetting_options_are_hidden_when_facet_is_toggled_off."/>
    <testcase time="6.51799999999997" classname="shinytest2_tm_g_bivariate" name="e2e_tm_g_bivariate_Setting_encoding_inputs_produces_outputs_without_validation_errors."/>
    <testcase time="0.52600000000001" classname="shinytest2_tm_g_bivariate" name="e2e_tm_g_bivariate_Setting_encoding_inputs_produces_outputs_without_validation_errors."/>
    <testcase time="1.09399999999999" classname="shinytest2_tm_g_bivariate" name="e2e_tm_g_bivariate_Setting_encoding_inputs_produces_outputs_without_validation_errors."/>
    <testcase time="1.96100000000001" classname="shinytest2_tm_g_bivariate" name="e2e_tm_g_bivariate_Setting_encoding_inputs_produces_outputs_without_validation_errors."/>
    <testcase time="1.13800000000003" classname="shinytest2_tm_g_bivariate" name="e2e_tm_g_bivariate_Setting_encoding_inputs_produces_outputs_without_validation_errors."/>
    <testcase time="1.75599999999997" classname="shinytest2_tm_g_bivariate" name="e2e_tm_g_bivariate_Setting_encoding_inputs_produces_outputs_without_validation_errors."/>
    <testcase time="1.79000000000002" classname="shinytest2_tm_g_bivariate" name="e2e_tm_g_bivariate_Setting_encoding_inputs_produces_outputs_without_validation_errors."/>
    <testcase time="1.78499999999997" classname="shinytest2_tm_g_bivariate" name="e2e_tm_g_bivariate_Setting_encoding_inputs_produces_outputs_without_validation_errors."/>
    <testcase time="1.84000000000003" classname="shinytest2_tm_g_bivariate" name="e2e_tm_g_bivariate_Setting_encoding_inputs_produces_outputs_without_validation_errors."/>
    <testcase time="1.99099999999999" classname="shinytest2_tm_g_bivariate" name="e2e_tm_g_bivariate_Setting_encoding_inputs_produces_outputs_without_validation_errors."/>
    <testcase time="1.99200000000002" classname="shinytest2_tm_g_bivariate" name="e2e_tm_g_bivariate_Setting_encoding_inputs_produces_outputs_without_validation_errors."/>
    <testcase time="2.065" classname="shinytest2_tm_g_bivariate" name="e2e_tm_g_bivariate_Setting_encoding_inputs_produces_outputs_without_validation_errors."/>
  </testsuite>
  <testsuite name="shinytest2-tm_g_distribution" timestamp="2024-11-04T12:46:00Z" hostname="b478a9226d17" tests="21" skipped="0" failures="0" errors="0" time="56.82">
    <testcase time="29.81" classname="shinytest2_tm_g_distribution" name="e2e_tm_g_distribution_Module_is_initialised_with_the_specified_defaults."/>
    <testcase time="0.0529999999999973" classname="shinytest2_tm_g_distribution" name="e2e_tm_g_distribution_Module_is_initialised_with_the_specified_defaults."/>
    <testcase time="0.0529999999999973" classname="shinytest2_tm_g_distribution" name="e2e_tm_g_distribution_Module_is_initialised_with_the_specified_defaults."/>
    <testcase time="0.0529999999999973" classname="shinytest2_tm_g_distribution" name="e2e_tm_g_distribution_Module_is_initialised_with_the_specified_defaults."/>
    <testcase time="0.0509999999999877" classname="shinytest2_tm_g_distribution" name="e2e_tm_g_distribution_Module_is_initialised_with_the_specified_defaults."/>
    <testcase time="0.0509999999999877" classname="shinytest2_tm_g_distribution" name="e2e_tm_g_distribution_Module_is_initialised_with_the_specified_defaults."/>
    <testcase time="0.0520000000000209" classname="shinytest2_tm_g_distribution" name="e2e_tm_g_distribution_Module_is_initialised_with_the_specified_defaults."/>
    <testcase time="0.0509999999999877" classname="shinytest2_tm_g_distribution" name="e2e_tm_g_distribution_Module_is_initialised_with_the_specified_defaults."/>
    <testcase time="0.0529999999999973" classname="shinytest2_tm_g_distribution" name="e2e_tm_g_distribution_Module_is_initialised_with_the_specified_defaults."/>
    <testcase time="0.670000000000016" classname="shinytest2_tm_g_distribution" name="e2e_tm_g_distribution_Module_is_initialised_with_the_specified_defaults."/>
    <testcase time="6.37099999999998" classname="shinytest2_tm_g_distribution" name="e2e_tm_g_distribution_Histogram_encoding_inputs_produce_output_without_validation_errors."/>
    <testcase time="1.892" classname="shinytest2_tm_g_distribution" name="e2e_tm_g_distribution_Histogram_encoding_inputs_produce_output_without_validation_errors."/>
    <testcase time="1.12299999999999" classname="shinytest2_tm_g_distribution" name="e2e_tm_g_distribution_Histogram_encoding_inputs_produce_output_without_validation_errors."/>
    <testcase time="0.899000000000001" classname="shinytest2_tm_g_distribution" name="e2e_tm_g_distribution_Histogram_encoding_inputs_produce_output_without_validation_errors."/>
    <testcase time="1.35000000000002" classname="shinytest2_tm_g_distribution" name="e2e_tm_g_distribution_Histogram_encoding_inputs_produce_output_without_validation_errors."/>
    <testcase time="1.41699999999997" classname="shinytest2_tm_g_distribution" name="e2e_tm_g_distribution_Histogram_encoding_inputs_produce_output_without_validation_errors."/>
    <testcase time="0.953000000000031" classname="shinytest2_tm_g_distribution" name="e2e_tm_g_distribution_Histogram_encoding_inputs_produce_output_without_validation_errors."/>
    <testcase time="0.887999999999977" classname="shinytest2_tm_g_distribution" name="e2e_tm_g_distribution_Histogram_encoding_inputs_produce_output_without_validation_errors."/>
    <testcase time="6.38400000000001" classname="shinytest2_tm_g_distribution" name="e2e_tm_g_distribution_QQ_plot_encoding_inputs_produce_output_without_validation_errors."/>
    <testcase time="0.644000000000005" classname="shinytest2_tm_g_distribution" name="e2e_tm_g_distribution_QQ_plot_encoding_inputs_produce_output_without_validation_errors."/>
    <testcase time="4.00200000000001" classname="shinytest2_tm_g_distribution" name="e2e_tm_g_distribution_QQ_plot_encoding_inputs_produce_output_without_validation_errors."/>
  </testsuite>
  <testsuite name="shinytest2-tm_g_response" timestamp="2024-11-04T12:46:32Z" hostname="b478a9226d17" tests="17" skipped="0" failures="0" errors="0" time="28.518">
    <testcase time="5.05799999999999" classname="shinytest2_tm_g_response" name="e2e_tm_g_response_module_is_initialised_with_the_specified_defaults."/>
    <testcase time="0.0910000000000082" classname="shinytest2_tm_g_response" name="e2e_tm_g_response_module_is_initialised_with_the_specified_defaults."/>
    <testcase time="0.0500000000000114" classname="shinytest2_tm_g_response" name="e2e_tm_g_response_module_is_initialised_with_the_specified_defaults."/>
    <testcase time="0.0519999999999641" classname="shinytest2_tm_g_response" name="e2e_tm_g_response_module_is_initialised_with_the_specified_defaults."/>
    <testcase time="0.0529999999999973" classname="shinytest2_tm_g_response" name="e2e_tm_g_response_module_is_initialised_with_the_specified_defaults."/>
    <testcase time="0.0529999999999973" classname="shinytest2_tm_g_response" name="e2e_tm_g_response_module_is_initialised_with_the_specified_defaults."/>
    <testcase time="0.0520000000000209" classname="shinytest2_tm_g_response" name="e2e_tm_g_response_module_is_initialised_with_the_specified_defaults."/>
    <testcase time="0.0500000000000114" classname="shinytest2_tm_g_response" name="e2e_tm_g_response_module_is_initialised_with_the_specified_defaults."/>
    <testcase time="6.14600000000002" classname="shinytest2_tm_g_response" name="e2e_tm_g_response_encoding_inputs_produce_output_without_validation_errors."/>
    <testcase time="0.972999999999956" classname="shinytest2_tm_g_response" name="e2e_tm_g_response_encoding_inputs_produce_output_without_validation_errors."/>
    <testcase time="0.91900000000004" classname="shinytest2_tm_g_response" name="e2e_tm_g_response_encoding_inputs_produce_output_without_validation_errors."/>
    <testcase time="0.901999999999987" classname="shinytest2_tm_g_response" name="e2e_tm_g_response_encoding_inputs_produce_output_without_validation_errors."/>
    <testcase time="0.870999999999981" classname="shinytest2_tm_g_response" name="e2e_tm_g_response_encoding_inputs_produce_output_without_validation_errors."/>
    <testcase time="0.864000000000033" classname="shinytest2_tm_g_response" name="e2e_tm_g_response_encoding_inputs_produce_output_without_validation_errors."/>
    <testcase time="0.949999999999989" classname="shinytest2_tm_g_response" name="e2e_tm_g_response_encoding_inputs_produce_output_without_validation_errors."/>
    <testcase time="5.76400000000001" classname="shinytest2_tm_g_response" name="e2e_tm_g_response_deselecting_response_produces_validation_error."/>
    <testcase time="5.66999999999996" classname="shinytest2_tm_g_response" name="e2e_tm_g_response_deselecting_x_produces_validation_error."/>
  </testsuite>
  <testsuite name="shinytest2-tm_g_scatterplot" timestamp="2024-11-04T12:47:01Z" hostname="b478a9226d17" tests="35" skipped="0" failures="0" errors="0" time="73.639">
    <testcase time="5.51100000000002" classname="shinytest2_tm_g_scatterplot" name="e2e_tm_g_scatterplot_Module_is_initialised_with_the_specified_defaults."/>
    <testcase time="0.0539999999999736" classname="shinytest2_tm_g_scatterplot" name="e2e_tm_g_scatterplot_Module_is_initialised_with_the_specified_defaults."/>
    <testcase time="0.0520000000000209" classname="shinytest2_tm_g_scatterplot" name="e2e_tm_g_scatterplot_Module_is_initialised_with_the_specified_defaults."/>
    <testcase time="0.0539999999999736" classname="shinytest2_tm_g_scatterplot" name="e2e_tm_g_scatterplot_Module_is_initialised_with_the_specified_defaults."/>
    <testcase time="0.0520000000000209" classname="shinytest2_tm_g_scatterplot" name="e2e_tm_g_scatterplot_Module_is_initialised_with_the_specified_defaults."/>
    <testcase time="0.0520000000000209" classname="shinytest2_tm_g_scatterplot" name="e2e_tm_g_scatterplot_Module_is_initialised_with_the_specified_defaults."/>
    <testcase time="0.0500000000000114" classname="shinytest2_tm_g_scatterplot" name="e2e_tm_g_scatterplot_Module_is_initialised_with_the_specified_defaults."/>
    <testcase time="0.0539999999999736" classname="shinytest2_tm_g_scatterplot" name="e2e_tm_g_scatterplot_Module_is_initialised_with_the_specified_defaults."/>
    <testcase time="0.0509999999999877" classname="shinytest2_tm_g_scatterplot" name="e2e_tm_g_scatterplot_Module_is_initialised_with_the_specified_defaults."/>
    <testcase time="0.0509999999999877" classname="shinytest2_tm_g_scatterplot" name="e2e_tm_g_scatterplot_Module_is_initialised_with_the_specified_defaults."/>
    <testcase time="0.0520000000000209" classname="shinytest2_tm_g_scatterplot" name="e2e_tm_g_scatterplot_Module_is_initialised_with_the_specified_defaults."/>
    <testcase time="0.0520000000000209" classname="shinytest2_tm_g_scatterplot" name="e2e_tm_g_scatterplot_Module_is_initialised_with_the_specified_defaults."/>
    <testcase time="0.0519999999999641" classname="shinytest2_tm_g_scatterplot" name="e2e_tm_g_scatterplot_Module_is_initialised_with_the_specified_defaults."/>
    <testcase time="0.0529999999999973" classname="shinytest2_tm_g_scatterplot" name="e2e_tm_g_scatterplot_Module_is_initialised_with_the_specified_defaults."/>
    <testcase time="0.0520000000000209" classname="shinytest2_tm_g_scatterplot" name="e2e_tm_g_scatterplot_Module_is_initialised_with_the_specified_defaults."/>
    <testcase time="0.0509999999999877" classname="shinytest2_tm_g_scatterplot" name="e2e_tm_g_scatterplot_Module_is_initialised_with_the_specified_defaults."/>
    <testcase time="6.20600000000002" classname="shinytest2_tm_g_scatterplot" name="e2e_tm_g_scatterplot_Base_for_the_log_transformation_can_be_applied."/>
    <testcase time="0.759999999999991" classname="shinytest2_tm_g_scatterplot" name="e2e_tm_g_scatterplot_Base_for_the_log_transformation_can_be_applied."/>
    <testcase time="1.19299999999998" classname="shinytest2_tm_g_scatterplot" name="e2e_tm_g_scatterplot_Base_for_the_log_transformation_can_be_applied."/>
    <testcase time="0.771000000000015" classname="shinytest2_tm_g_scatterplot" name="e2e_tm_g_scatterplot_Base_for_the_log_transformation_can_be_applied."/>
    <testcase time="6.82100000000003" classname="shinytest2_tm_g_scatterplot" name="e2e_tm_g_scatterplot_The_log_transform_is_only_possible_for_positive_numeric_vars."/>
    <testcase time="0.784999999999968" classname="shinytest2_tm_g_scatterplot" name="e2e_tm_g_scatterplot_The_log_transform_is_only_possible_for_positive_numeric_vars."/>
    <testcase time="1.5" classname="shinytest2_tm_g_scatterplot" name="e2e_tm_g_scatterplot_The_log_transform_is_only_possible_for_positive_numeric_vars."/>
    <testcase time="7.36000000000001" classname="shinytest2_tm_g_scatterplot" name="e2e_tm_g_scatterplot_Get_validation_error_when_facetting_with_the_same_row_col_variable."/>
    <testcase time="6.541" classname="shinytest2_tm_g_scatterplot" name="e2e_tm_g_scatterplot_The_encoding_inputs_produce_output_without_validation_errors."/>
    <testcase time="0.875999999999976" classname="shinytest2_tm_g_scatterplot" name="e2e_tm_g_scatterplot_The_encoding_inputs_produce_output_without_validation_errors."/>
    <testcase time="1.20000000000005" classname="shinytest2_tm_g_scatterplot" name="e2e_tm_g_scatterplot_The_encoding_inputs_produce_output_without_validation_errors."/>
    <testcase time="1.68599999999998" classname="shinytest2_tm_g_scatterplot" name="e2e_tm_g_scatterplot_The_encoding_inputs_produce_output_without_validation_errors."/>
    <testcase time="1.61099999999999" classname="shinytest2_tm_g_scatterplot" name="e2e_tm_g_scatterplot_The_encoding_inputs_produce_output_without_validation_errors."/>
    <testcase time="1.72700000000003" classname="shinytest2_tm_g_scatterplot" name="e2e_tm_g_scatterplot_The_encoding_inputs_produce_output_without_validation_errors."/>
    <testcase time="1.42699999999996" classname="shinytest2_tm_g_scatterplot" name="e2e_tm_g_scatterplot_The_encoding_inputs_produce_output_without_validation_errors."/>
    <testcase time="20.531" classname="shinytest2_tm_g_scatterplot" name="e2e_tm_g_scatterplot_The_encoding_inputs_produce_output_without_validation_errors."/>
    <testcase time="1.524" classname="shinytest2_tm_g_scatterplot" name="e2e_tm_g_scatterplot_The_encoding_inputs_produce_output_without_validation_errors."/>
    <testcase time="2.87099999999998" classname="shinytest2_tm_g_scatterplot" name="e2e_tm_g_scatterplot_The_encoding_inputs_produce_output_without_validation_errors."/>
    <testcase time="1.95600000000002" classname="shinytest2_tm_g_scatterplot" name="e2e_tm_g_scatterplot_The_encoding_inputs_produce_output_without_validation_errors."/>
  </testsuite>
  <testsuite name="shinytest2-tm_g_scatterplotmatrix" timestamp="2024-11-04T12:48:15Z" hostname="b478a9226d17" tests="9" skipped="0" failures="0" errors="0" time="27.492">
    <testcase time="4.971" classname="shinytest2_tm_g_scatterplotmatrix" name="e2e_tm_g_scatterplotmatrix_Initializes_without_errors"/>
    <testcase time="0.0040000000000191" classname="shinytest2_tm_g_scatterplotmatrix" name="e2e_tm_g_scatterplotmatrix_Initializes_without_errors"/>
    <testcase time="0.0040000000000191" classname="shinytest2_tm_g_scatterplotmatrix" name="e2e_tm_g_scatterplotmatrix_Initializes_without_errors"/>
    <testcase time="7.28599999999994" classname="shinytest2_tm_g_scatterplotmatrix" name="e2e_tm_g_scatterplotmatrix_Verify_module_displays_data_table"/>
    <testcase time="5.25700000000006" classname="shinytest2_tm_g_scatterplotmatrix" name="e2e_tm_g_scatterplotmatrix_Verify_default_values_and_settings_data_extracts_for_data_selection"/>
    <testcase time="0.000999999999976353" classname="shinytest2_tm_g_scatterplotmatrix" name="e2e_tm_g_scatterplotmatrix_Verify_default_values_and_settings_data_extracts_for_data_selection"/>
    <testcase time="1.24099999999999" classname="shinytest2_tm_g_scatterplotmatrix" name="e2e_tm_g_scatterplotmatrix_Verify_default_values_and_settings_data_extracts_for_data_selection"/>
    <testcase time="6.36699999999996" classname="shinytest2_tm_g_scatterplotmatrix" name="e2e_tm_g_scatterplotmatrix_Change_plot_settings"/>
    <testcase time="2.36099999999999" classname="shinytest2_tm_g_scatterplotmatrix" name="e2e_tm_g_scatterplotmatrix_Change_plot_settings"/>
  </testsuite>
  <testsuite name="shinytest2-tm_misssing_data" timestamp="2024-11-04T12:48:42Z" hostname="b478a9226d17" tests="26" skipped="0" failures="0" errors="0" time="45.709">
    <testcase time="0.382000000000062" classname="shinytest2_tm_misssing_data" name="e2e_tm_missing_data_Initializes_without_errors"/>
    <testcase time="4.97900000000004" classname="shinytest2_tm_misssing_data" name="e2e_tm_missing_data_Initializes_without_errors"/>
    <testcase time="0.00399999999990541" classname="shinytest2_tm_misssing_data" name="e2e_tm_missing_data_Initializes_without_errors"/>
    <testcase time="0.0040000000000191" classname="shinytest2_tm_misssing_data" name="e2e_tm_missing_data_Initializes_without_errors"/>
    <testcase time="0.350999999999999" classname="shinytest2_tm_misssing_data" name="e2e_tm_missing_data_Default_settings_and_visibility_of_the_summary_graph"/>
    <testcase time="5.10800000000006" classname="shinytest2_tm_misssing_data" name="e2e_tm_missing_data_Default_settings_and_visibility_of_the_summary_graph"/>
    <testcase time="0.0499999999999545" classname="shinytest2_tm_misssing_data" name="e2e_tm_missing_data_Default_settings_and_visibility_of_the_summary_graph"/>
    <testcase time="2.57799999999997" classname="shinytest2_tm_misssing_data" name="e2e_tm_missing_data_Default_settings_and_visibility_of_the_summary_graph"/>
    <testcase time="2.36099999999999" classname="shinytest2_tm_misssing_data" name="e2e_tm_missing_data_Default_settings_and_visibility_of_the_summary_graph"/>
    <testcase time="2.10000000000002" classname="shinytest2_tm_misssing_data" name="e2e_tm_missing_data_Default_settings_and_visibility_of_the_summary_graph"/>
    <testcase time="0.341999999999985" classname="shinytest2_tm_misssing_data" name="e2e_tm_missing_data_Check_default_settings_and_visibility_of_the_combinations_graph_and_encodings"/>
    <testcase time="5.18500000000006" classname="shinytest2_tm_misssing_data" name="e2e_tm_missing_data_Check_default_settings_and_visibility_of_the_combinations_graph_and_encodings"/>
    <testcase time="1.42899999999997" classname="shinytest2_tm_misssing_data" name="e2e_tm_missing_data_Check_default_settings_and_visibility_of_the_combinations_graph_and_encodings"/>
    <testcase time="2.09799999999996" classname="shinytest2_tm_misssing_data" name="e2e_tm_missing_data_Check_default_settings_and_visibility_of_the_combinations_graph_and_encodings"/>
    <testcase time="2.0920000000001" classname="shinytest2_tm_misssing_data" name="e2e_tm_missing_data_Check_default_settings_and_visibility_of_the_combinations_graph_and_encodings"/>
    <testcase time="0.0889999999999418" classname="shinytest2_tm_misssing_data" name="e2e_tm_missing_data_Check_default_settings_and_visibility_of_the_combinations_graph_and_encodings"/>
    <testcase time="0.822000000000003" classname="shinytest2_tm_misssing_data" name="e2e_tm_missing_data_Check_default_settings_and_visibility_of_the_combinations_graph_and_encodings"/>
    <testcase time="0.342999999999961" classname="shinytest2_tm_misssing_data" name="e2e_tm_missing_data_Validate_functionality_and_UI_response_for_By_Variable_Levels_"/>
    <testcase time="5.74700000000007" classname="shinytest2_tm_misssing_data" name="e2e_tm_missing_data_Validate_functionality_and_UI_response_for_By_Variable_Levels_"/>
    <testcase time="0.0539999999999736" classname="shinytest2_tm_misssing_data" name="e2e_tm_missing_data_Validate_functionality_and_UI_response_for_By_Variable_Levels_"/>
    <testcase time="0.0510000000000446" classname="shinytest2_tm_misssing_data" name="e2e_tm_missing_data_Validate_functionality_and_UI_response_for_By_Variable_Levels_"/>
    <testcase time="0.595000000000027" classname="shinytest2_tm_misssing_data" name="e2e_tm_missing_data_Validate_functionality_and_UI_response_for_By_Variable_Levels_"/>
    <testcase time="0.00899999999990087" classname="shinytest2_tm_misssing_data" name="e2e_tm_missing_data_Validate_functionality_and_UI_response_for_By_Variable_Levels_"/>
    <testcase time="2.678" classname="shinytest2_tm_misssing_data" name="e2e_tm_missing_data_Validate_functionality_and_UI_response_for_By_Variable_Levels_"/>
    <testcase time="0.342000000000098" classname="shinytest2_tm_misssing_data" name="e2e_tm_missing_data_Validate_By_Variable_Levels_table_values"/>
    <testcase time="5.91599999999994" classname="shinytest2_tm_misssing_data" name="e2e_tm_missing_data_Validate_By_Variable_Levels_table_values"/>
  </testsuite>
  <testsuite name="shinytest2-tm_outliers" timestamp="2024-11-04T12:49:28Z" hostname="b478a9226d17" tests="61" skipped="0" failures="0" errors="0" time="99.771">
    <testcase time="5.923" classname="shinytest2_tm_outliers" name="e2e_tm_outliers_Data_parameter_and_module_label_is_passed_properly."/>
    <testcase time="0.0040000000000191" classname="shinytest2_tm_outliers" name="e2e_tm_outliers_Data_parameter_and_module_label_is_passed_properly."/>
    <testcase time="0.00499999999999545" classname="shinytest2_tm_outliers" name="e2e_tm_outliers_Data_parameter_and_module_label_is_passed_properly."/>
    <testcase time="0.000999999999976353" classname="shinytest2_tm_outliers" name="e2e_tm_outliers_Data_parameter_and_module_label_is_passed_properly."/>
    <testcase time="5.87800000000004" classname="shinytest2_tm_outliers" name="e2e_tm_outliers_Data_extract_spec_elements_are_initialized_with_the_default_values_specified_by_outlier_var_and_categorical_var_argument."/>
    <testcase time="0.0559999999999263" classname="shinytest2_tm_outliers" name="e2e_tm_outliers_Data_extract_spec_elements_are_initialized_with_the_default_values_specified_by_outlier_var_and_categorical_var_argument."/>
    <testcase time="1.30100000000004" classname="shinytest2_tm_outliers" name="e2e_tm_outliers_Data_extract_spec_elements_are_initialized_with_the_default_values_specified_by_outlier_var_and_categorical_var_argument."/>
    <testcase time="0.00900000000001455" classname="shinytest2_tm_outliers" name="e2e_tm_outliers_Data_extract_spec_elements_are_initialized_with_the_default_values_specified_by_outlier_var_and_categorical_var_argument."/>
    <testcase time="0.0589999999999691" classname="shinytest2_tm_outliers" name="e2e_tm_outliers_Data_extract_spec_elements_are_initialized_with_the_default_values_specified_by_outlier_var_and_categorical_var_argument."/>
    <testcase time="0.915000000000077" classname="shinytest2_tm_outliers" name="e2e_tm_outliers_Data_extract_spec_elements_are_initialized_with_the_default_values_specified_by_outlier_var_and_categorical_var_argument."/>
    <testcase time="0.702999999999975" classname="shinytest2_tm_outliers" name="e2e_tm_outliers_Data_extract_spec_elements_are_initialized_with_the_default_values_specified_by_outlier_var_and_categorical_var_argument."/>
    <testcase time="5.74900000000002" classname="shinytest2_tm_outliers" name="e2e_tm_outliers_Plot_type_is_correctly_set_by_default_and_has_appropriate_possible_options."/>
    <testcase time="0.0529999999999973" classname="shinytest2_tm_outliers" name="e2e_tm_outliers_Plot_type_is_correctly_set_by_default_and_has_appropriate_possible_options."/>
    <testcase time="0.00499999999999545" classname="shinytest2_tm_outliers" name="e2e_tm_outliers_Plot_type_is_correctly_set_by_default_and_has_appropriate_possible_options."/>
    <testcase time="1.35799999999995" classname="shinytest2_tm_outliers" name="e2e_tm_outliers_Plot_type_is_correctly_set_by_default_and_has_appropriate_possible_options."/>
    <testcase time="5.83199999999999" classname="shinytest2_tm_outliers" name="e2e_tm_outliers_Module_is_divided_into_3_tabs."/>
    <testcase time="0.0570000000000164" classname="shinytest2_tm_outliers" name="e2e_tm_outliers_Module_is_divided_into_3_tabs."/>
    <testcase time="0.0080000000000382" classname="shinytest2_tm_outliers" name="e2e_tm_outliers_Module_is_divided_into_3_tabs."/>
    <testcase time="5.73500000000001" classname="shinytest2_tm_outliers" name="e2e_tm_outliers_Plot_type_is_hidden_when_Boxplot_tab_is_not_selected."/>
    <testcase time="2.10599999999999" classname="shinytest2_tm_outliers" name="e2e_tm_outliers_Plot_type_is_hidden_when_Boxplot_tab_is_not_selected."/>
    <testcase time="3.89400000000001" classname="shinytest2_tm_outliers" name="e2e_tm_outliers_Plot_type_is_hidden_when_Boxplot_tab_is_not_selected."/>
    <testcase time="3.95499999999993" classname="shinytest2_tm_outliers" name="e2e_tm_outliers_Plot_type_is_hidden_when_Boxplot_tab_is_not_selected."/>
    <testcase time="5.72400000000005" classname="shinytest2_tm_outliers" name="e2e_tm_outliers_Default_radio_buttons_are_set_properly."/>
    <testcase time="0.05499999999995" classname="shinytest2_tm_outliers" name="e2e_tm_outliers_Default_radio_buttons_are_set_properly."/>
    <testcase time="0.0529999999999973" classname="shinytest2_tm_outliers" name="e2e_tm_outliers_Default_radio_buttons_are_set_properly."/>
    <testcase time="2.65100000000007" classname="shinytest2_tm_outliers" name="e2e_tm_outliers_Default_radio_buttons_are_set_properly."/>
    <testcase time="5.92999999999995" classname="shinytest2_tm_outliers" name="e2e_tm_outliers_Method_parameters_are_set_properly."/>
    <testcase time="0.0539999999999736" classname="shinytest2_tm_outliers" name="e2e_tm_outliers_Method_parameters_are_set_properly."/>
    <testcase time="0.00499999999999545" classname="shinytest2_tm_outliers" name="e2e_tm_outliers_Method_parameters_are_set_properly."/>
    <testcase time="0.00100000000009004" classname="shinytest2_tm_outliers" name="e2e_tm_outliers_Method_parameters_are_set_properly."/>
    <testcase time="5.85599999999999" classname="shinytest2_tm_outliers" name="e2e_tm_outliers_Outlier_definition_text_and_range_are_displayed_properly_depending_on_method."/>
    <testcase time="2.10699999999997" classname="shinytest2_tm_outliers" name="e2e_tm_outliers_Outlier_definition_text_and_range_are_displayed_properly_depending_on_method."/>
    <testcase time="2.11000000000001" classname="shinytest2_tm_outliers" name="e2e_tm_outliers_Outlier_definition_text_and_range_are_displayed_properly_depending_on_method."/>
    <testcase time="2.10299999999995" classname="shinytest2_tm_outliers" name="e2e_tm_outliers_Outlier_definition_text_and_range_are_displayed_properly_depending_on_method."/>
    <testcase time="0.0529999999999973" classname="shinytest2_tm_outliers" name="e2e_tm_outliers_Outlier_definition_text_and_range_are_displayed_properly_depending_on_method."/>
    <testcase time="0.00700000000006185" classname="shinytest2_tm_outliers" name="e2e_tm_outliers_Outlier_definition_text_and_range_are_displayed_properly_depending_on_method."/>
    <testcase time="0.0519999999999072" classname="shinytest2_tm_outliers" name="e2e_tm_outliers_Outlier_definition_text_and_range_are_displayed_properly_depending_on_method."/>
    <testcase time="1.29300000000001" classname="shinytest2_tm_outliers" name="e2e_tm_outliers_Outlier_definition_text_and_range_are_displayed_properly_depending_on_method."/>
    <testcase time="1.23700000000008" classname="shinytest2_tm_outliers" name="e2e_tm_outliers_Outlier_definition_text_and_range_are_displayed_properly_depending_on_method."/>
    <testcase time="2.327" classname="shinytest2_tm_outliers" name="e2e_tm_outliers_Outlier_definition_text_and_range_are_displayed_properly_depending_on_method."/>
    <testcase time="0.00699999999994816" classname="shinytest2_tm_outliers" name="e2e_tm_outliers_Outlier_definition_text_and_range_are_displayed_properly_depending_on_method."/>
    <testcase time="0.00900000000001455" classname="shinytest2_tm_outliers" name="e2e_tm_outliers_Outlier_definition_text_and_range_are_displayed_properly_depending_on_method."/>
    <testcase time="1.21699999999998" classname="shinytest2_tm_outliers" name="e2e_tm_outliers_Outlier_definition_text_and_range_are_displayed_properly_depending_on_method."/>
    <testcase time="1.40300000000002" classname="shinytest2_tm_outliers" name="e2e_tm_outliers_Outlier_definition_text_and_range_are_displayed_properly_depending_on_method."/>
    <testcase time="2.31399999999996" classname="shinytest2_tm_outliers" name="e2e_tm_outliers_Outlier_definition_text_and_range_are_displayed_properly_depending_on_method."/>
    <testcase time="0.00700000000006185" classname="shinytest2_tm_outliers" name="e2e_tm_outliers_Outlier_definition_text_and_range_are_displayed_properly_depending_on_method."/>
    <testcase time="0.00900000000001455" classname="shinytest2_tm_outliers" name="e2e_tm_outliers_Outlier_definition_text_and_range_are_displayed_properly_depending_on_method."/>
    <testcase time="1.279" classname="shinytest2_tm_outliers" name="e2e_tm_outliers_Outlier_definition_text_and_range_are_displayed_properly_depending_on_method."/>
    <testcase time="5.90599999999995" classname="shinytest2_tm_outliers" name="e2e_tm_outliers_Outliers_summary_table_is_displayed_with_proper_content."/>
    <testcase time="0.00499999999999545" classname="shinytest2_tm_outliers" name="e2e_tm_outliers_Outliers_summary_table_is_displayed_with_proper_content."/>
    <testcase time="0.0040000000000191" classname="shinytest2_tm_outliers" name="e2e_tm_outliers_Outliers_summary_table_is_displayed_with_proper_content."/>
    <testcase time="0.05600000000004" classname="shinytest2_tm_outliers" name="e2e_tm_outliers_Outliers_summary_table_is_displayed_with_proper_content."/>
    <testcase time="2.72899999999993" classname="shinytest2_tm_outliers" name="e2e_tm_outliers_Outliers_summary_table_is_displayed_with_proper_content."/>
    <testcase time="0.0040000000000191" classname="shinytest2_tm_outliers" name="e2e_tm_outliers_Outliers_summary_table_is_displayed_with_proper_content."/>
    <testcase time="1.28999999999996" classname="shinytest2_tm_outliers" name="e2e_tm_outliers_Outliers_summary_table_is_displayed_with_proper_content."/>
    <testcase time="0.00499999999999545" classname="shinytest2_tm_outliers" name="e2e_tm_outliers_Outliers_summary_table_is_displayed_with_proper_content."/>
    <testcase time="5.69100000000003" classname="shinytest2_tm_outliers" name="e2e_tm_outliers_Outlier_table_is_displayed_with_proper_content."/>
    <testcase time="2.60800000000006" classname="shinytest2_tm_outliers" name="e2e_tm_outliers_Outlier_table_is_displayed_with_proper_content."/>
    <testcase time="0.00199999999995271" classname="shinytest2_tm_outliers" name="e2e_tm_outliers_Outlier_table_is_displayed_with_proper_content."/>
    <testcase time="0.000999999999976353" classname="shinytest2_tm_outliers" name="e2e_tm_outliers_Outlier_table_is_displayed_with_proper_content."/>
    <testcase time="0.00100000000009004" classname="shinytest2_tm_outliers" name="e2e_tm_outliers_Outlier_table_is_displayed_with_proper_content."/>
  </testsuite>
  <testsuite name="shinytest2-tm_t_crosstable" timestamp="2024-11-04T12:51:08Z" hostname="b478a9226d17" tests="9" skipped="0" failures="0" errors="0" time="31.619">
    <testcase time="5.69099999999992" classname="shinytest2_tm_t_crosstable" name="e2e_tm_t_crosstable_Initializes_without_errors"/>
    <testcase time="0.0040000000000191" classname="shinytest2_tm_t_crosstable" name="e2e_tm_t_crosstable_Initializes_without_errors"/>
    <testcase time="0.0040000000000191" classname="shinytest2_tm_t_crosstable" name="e2e_tm_t_crosstable_Initializes_without_errors"/>
    <testcase time="7.80399999999997" classname="shinytest2_tm_t_crosstable" name="e2e_tm_t_crosstable_Verify_module_displays_data_table"/>
    <testcase time="5.94299999999998" classname="shinytest2_tm_t_crosstable" name="e2e_tm_t_crosstable_Verify_default_values_and_settings_data_extracts_for_data_selection"/>
    <testcase time="0.0510000000000446" classname="shinytest2_tm_t_crosstable" name="e2e_tm_t_crosstable_Verify_default_values_and_settings_data_extracts_for_data_selection"/>
    <testcase time="1.78200000000004" classname="shinytest2_tm_t_crosstable" name="e2e_tm_t_crosstable_Verify_default_values_and_settings_data_extracts_for_data_selection"/>
    <testcase time="8.01699999999994" classname="shinytest2_tm_t_crosstable" name="e2e_tm_t_crosstable_Change_plot_settings"/>
    <testcase time="2.32299999999998" classname="shinytest2_tm_t_crosstable" name="e2e_tm_t_crosstable_Change_plot_settings"/>
  </testsuite>
  <testsuite name="shinytest2-tm_variable_browser" timestamp="2024-11-04T12:51:39Z" hostname="b478a9226d17" tests="24" skipped="0" failures="0" errors="0" time="60.913">
    <testcase time="5.63800000000003" classname="shinytest2_tm_variable_browser" name="e2e_tm_variable_browser_content_is_displayed_correctly."/>
    <testcase time="0.00499999999999545" classname="shinytest2_tm_variable_browser" name="e2e_tm_variable_browser_content_is_displayed_correctly."/>
    <testcase time="2.18499999999995" classname="shinytest2_tm_variable_browser" name="e2e_tm_variable_browser_content_is_displayed_correctly."/>
    <testcase time="0.0040000000000191" classname="shinytest2_tm_variable_browser" name="e2e_tm_variable_browser_content_is_displayed_correctly."/>
    <testcase time="0.0040000000000191" classname="shinytest2_tm_variable_browser" name="e2e_tm_variable_browser_content_is_displayed_correctly."/>
    <testcase time="8.65600000000006" classname="shinytest2_tm_variable_browser" name="e2e_tm_variable_browser_Selecting_treat_variable_as_factor_changes_the_table_headers."/>
    <testcase time="7.26499999999999" classname="shinytest2_tm_variable_browser" name="e2e_tm_variable_browser_selection_of_categorical_variable_has_a_table_with_level_header."/>
    <testcase time="8.11699999999996" classname="shinytest2_tm_variable_browser" name="e2e_tm_variable_browser_changing_display_density_encoding_doesn_t_show_errors."/>
    <testcase time="2.33199999999999" classname="shinytest2_tm_variable_browser" name="e2e_tm_variable_browser_changing_display_density_encoding_doesn_t_show_errors."/>
    <testcase time="5.82799999999997" classname="shinytest2_tm_variable_browser" name="e2e_tm_variable_browser_changing_outlier_definition_encoding_doesn_t_show_errors."/>
    <testcase time="3.19900000000007" classname="shinytest2_tm_variable_browser" name="e2e_tm_variable_browser_changing_outlier_definition_encoding_doesn_t_show_errors."/>
    <testcase time="0.0040000000000191" classname="shinytest2_tm_variable_browser" name="e2e_tm_variable_browser_changing_outlier_definition_encoding_doesn_t_show_errors."/>
    <testcase time="0.784999999999968" classname="shinytest2_tm_variable_browser" name="e2e_tm_variable_browser_changing_outlier_definition_encoding_doesn_t_show_errors."/>
    <testcase time="2.34399999999994" classname="shinytest2_tm_variable_browser" name="e2e_tm_variable_browser_changing_outlier_definition_encoding_doesn_t_show_errors."/>
    <testcase time="7.93299999999999" classname="shinytest2_tm_variable_browser" name="e2e_tm_variable_browser_changing_plot_setting_encodings_doesn_t_show_errors."/>
    <testcase time="0.763000000000034" classname="shinytest2_tm_variable_browser" name="e2e_tm_variable_browser_changing_plot_setting_encodings_doesn_t_show_errors."/>
    <testcase time="0.743000000000052" classname="shinytest2_tm_variable_browser" name="e2e_tm_variable_browser_changing_plot_setting_encodings_doesn_t_show_errors."/>
    <testcase time="0.726999999999975" classname="shinytest2_tm_variable_browser" name="e2e_tm_variable_browser_changing_plot_setting_encodings_doesn_t_show_errors."/>
    <testcase time="0.717999999999961" classname="shinytest2_tm_variable_browser" name="e2e_tm_variable_browser_changing_plot_setting_encodings_doesn_t_show_errors."/>
    <testcase time="0.716999999999985" classname="shinytest2_tm_variable_browser" name="e2e_tm_variable_browser_changing_plot_setting_encodings_doesn_t_show_errors."/>
    <testcase time="0.730999999999995" classname="shinytest2_tm_variable_browser" name="e2e_tm_variable_browser_changing_plot_setting_encodings_doesn_t_show_errors."/>
    <testcase time="0.741000000000099" classname="shinytest2_tm_variable_browser" name="e2e_tm_variable_browser_changing_plot_setting_encodings_doesn_t_show_errors."/>
    <testcase time="0.733999999999924" classname="shinytest2_tm_variable_browser" name="e2e_tm_variable_browser_changing_plot_setting_encodings_doesn_t_show_errors."/>
    <testcase time="0.740000000000009" classname="shinytest2_tm_variable_browser" name="e2e_tm_variable_browser_changing_plot_setting_encodings_doesn_t_show_errors."/>
  </testsuite>
  <testsuite name="tm_g_bivariate" timestamp="2024-11-04T12:52:40Z" hostname="b478a9226d17" tests="18" skipped="0" failures="0" errors="0" time="0.537">
    <testcase time="0.418999999999983" classname="tm_g_bivariate" name="tm_g_bivariate_creates_a_teal_module_object"/>
    <testcase time="0.00499999999999545" classname="tm_g_bivariate" name="tm_g_bivariate_creates_a_teal_module_object_with_default_options"/>
    <testcase time="0.00499999999999545" classname="tm_g_bivariate" name="tm_g_bivariate_creates_a_teal_module_object_with_multiple_data_extract_specs"/>
    <testcase time="0.00499999999999545" classname="tm_g_bivariate" name="tm_g_bivariate_creates_a_module_with_datanames_taken_from_data_extracts"/>
    <testcase time="0.0080000000000382" classname="tm_g_bivariate" name="tm_g_bivariate_fails_when_x_contains_a_spec_with_multiple_selection"/>
    <testcase time="0.00700000000006185" classname="tm_g_bivariate" name="tm_g_bivariate_fails_when_x_contains_multiple_spec_with_at_least_one_multiple_selection"/>
    <testcase time="0.00699999999994816" classname="tm_g_bivariate" name="tm_g_bivariate_fails_when_x_contains_multiple_spec_with_at_least_one_multiple_selection"/>
    <testcase time="0.00699999999994816" classname="tm_g_bivariate" name="tm_g_bivariate_fails_when_y_contains_multiple_spec_with_at_least_one_multiple_selection"/>
    <testcase time="0.00700000000006185" classname="tm_g_bivariate" name="tm_g_bivariate_fails_when_plot_height_is_not_valid"/>
    <testcase time="0.00699999999994816" classname="tm_g_bivariate" name="tm_g_bivariate_fails_when_plot_height_is_not_valid"/>
    <testcase time="0.00700000000006185" classname="tm_g_bivariate" name="tm_g_bivariate_fails_when_plot_height_is_not_valid"/>
    <testcase time="0.0130000000000337" classname="tm_g_bivariate" name="tm_g_bivariate_fails_when_plot_width_is_not_valid"/>
    <testcase time="0.00699999999994816" classname="tm_g_bivariate" name="tm_g_bivariate_fails_when_plot_width_is_not_valid"/>
    <testcase time="0.00699999999994816" classname="tm_g_bivariate" name="tm_g_bivariate_fails_when_plot_width_is_not_valid"/>
    <testcase time="0.00700000000006185" classname="tm_g_bivariate" name="tm_g_bivariate_fails_when_color_setting_is_FALSE_and_color_is_supplied"/>
    <testcase time="0.00699999999994816" classname="tm_g_bivariate" name="tm_g_bivariate_fails_when_color_setting_is_FALSE_and_size_is_supplied"/>
    <testcase time="0.00700000000006185" classname="tm_g_bivariate" name="tm_g_bivariate_fails_when_color_setting_is_FALSE_and_fill_is_supplied"/>
    <testcase time="0.00499999999999545" classname="tm_g_bivariate" name="tm_g_bivariate_determines_color_size_and_fill_when_color_setting_is_TRUE"/>
  </testsuite>
  <testsuite name="bivariate_ggplot_call" timestamp="2024-11-04T12:52:40Z" hostname="b478a9226d17" tests="21" skipped="0" failures="0" errors="0" time="0.063">
    <testcase time="0.00699999999994816" classname="bivariate_ggplot_call" name="bivariate_ggplot_call_with_numerics"/>
    <testcase time="0.00300000000004275" classname="bivariate_ggplot_call" name="bivariate_ggplot_call_with_numerics"/>
    <testcase time="0.00199999999995271" classname="bivariate_ggplot_call" name="bivariate_ggplot_call_with_numerics"/>
    <testcase time="0.00300000000004275" classname="bivariate_ggplot_call" name="bivariate_ggplot_call_with_numerics"/>
    <testcase time="0.0040000000000191" classname="bivariate_ggplot_call" name="bivariate_ggplot_call_with_factor_char_logical"/>
    <testcase time="0.00199999999995271" classname="bivariate_ggplot_call" name="bivariate_ggplot_call_with_factor_char_logical"/>
    <testcase time="0.00300000000004275" classname="bivariate_ggplot_call" name="bivariate_ggplot_call_with_factor_char_logical"/>
    <testcase time="0.00199999999995271" classname="bivariate_ggplot_call" name="bivariate_ggplot_call_with_factor_char_logical"/>
    <testcase time="0.00300000000004275" classname="bivariate_ggplot_call" name="bivariate_ggplot_call_with_factor_char_logical"/>
    <testcase time="0.00199999999995271" classname="bivariate_ggplot_call" name="bivariate_ggplot_call_with_factor_char_logical"/>
    <testcase time="0.00200000000006639" classname="bivariate_ggplot_call" name="bivariate_ggplot_call_with_factor_char_logical"/>
    <testcase time="0.00499999999999545" classname="bivariate_ggplot_call" name="bivariate_ggplot_call_with_single_data_numeric"/>
    <testcase time="0.00299999999992906" classname="bivariate_ggplot_call" name="bivariate_ggplot_call_with_single_data_numeric"/>
    <testcase time="0.00200000000006639" classname="bivariate_ggplot_call" name="bivariate_ggplot_call_with_single_data_numeric"/>
    <testcase time="0.00199999999995271" classname="bivariate_ggplot_call" name="bivariate_ggplot_call_with_single_data_numeric"/>
    <testcase time="0.00300000000004275" classname="bivariate_ggplot_call" name="bivariate_ggplot_call_with_single_data_numeric"/>
    <testcase time="0.00199999999995271" classname="bivariate_ggplot_call" name="bivariate_ggplot_call_with_single_data_numeric"/>
    <testcase time="0.00499999999999545" classname="bivariate_ggplot_call" name="bivariate_ggplot_call_with_single_data_factor"/>
    <testcase time="0.00300000000004275" classname="bivariate_ggplot_call" name="bivariate_ggplot_call_with_single_data_factor"/>
    <testcase time="0.00199999999995271" classname="bivariate_ggplot_call" name="bivariate_ggplot_call_with_single_data_factor"/>
    <testcase time="0.00300000000004275" classname="bivariate_ggplot_call" name="bivariate_ggplot_call_with_single_data_factor"/>
  </testsuite>
  <testsuite name="front_page" timestamp="2024-11-04T12:52:41Z" hostname="b478a9226d17" tests="4" skipped="0" failures="0" errors="0" time="0.018">
    <testcase time="0.00599999999997181" classname="front_page" name="convert_metadata_to_dataframe_returns_a_data_frame_with_no_rows_if_no_metadata"/>
    <testcase time="0.0040000000000191" classname="front_page" name="convert_metadata_to_dataframe_returns_a_data_frame_with_metadata_if_more_than_one_dataset"/>
    <testcase time="0.0040000000000191" classname="front_page" name="convert_metadata_to_dataframe_returns_a_data_frame_with_metadata_if_one_dataset"/>
    <testcase time="0.0040000000000191" classname="front_page" name="convert_metadata_to_dataframe_converts_metadata_values_to_characters"/>
  </testsuite>
  <testsuite name="g_expert_cl" timestamp="2024-11-04T12:52:41Z" hostname="b478a9226d17" tests="15" skipped="0" failures="0" errors="0" time="0.027">
    <testcase time="0.00599999999997181" classname="g_expert_cl" name="coloring_ggplot_call_can_work_with_all_combinations"/>
    <testcase time="0.000999999999976353" classname="g_expert_cl" name="coloring_ggplot_call_can_work_with_all_combinations"/>
    <testcase time="0.000999999999976353" classname="g_expert_cl" name="coloring_ggplot_call_can_work_with_all_combinations"/>
    <testcase time="0.00100000000009004" classname="g_expert_cl" name="coloring_ggplot_call_can_work_with_all_combinations"/>
    <testcase time="0.00199999999995271" classname="g_expert_cl" name="coloring_ggplot_call_can_work_with_all_combinations"/>
    <testcase time="0.000999999999976353" classname="g_expert_cl" name="coloring_ggplot_call_can_work_with_all_combinations"/>
    <testcase time="0.000999999999976353" classname="g_expert_cl" name="coloring_ggplot_call_can_work_with_all_combinations"/>
    <testcase time="0.00300000000004275" classname="g_expert_cl" name="coloring_ggplot_call_can_work_with_all_combinations_without_colour_var"/>
    <testcase time="0.000999999999976353" classname="g_expert_cl" name="coloring_ggplot_call_can_work_with_all_combinations_without_colour_var"/>
    <testcase time="0.00200000000006639" classname="g_expert_cl" name="coloring_ggplot_call_can_work_with_all_combinations_without_colour_var"/>
    <testcase time="0.000999999999976353" classname="g_expert_cl" name="coloring_ggplot_call_can_work_with_all_combinations_without_colour_var"/>
    <testcase time="0.000999999999976353" classname="g_expert_cl" name="coloring_ggplot_call_can_work_with_all_combinations_without_colour_var"/>
    <testcase time="0.00300000000004275" classname="g_expert_cl" name="coloring_ggplot_call_can_work_size_var"/>
    <testcase time="0.000999999999976353" classname="g_expert_cl" name="coloring_ggplot_call_can_work_size_var"/>
    <testcase time="0.00199999999995271" classname="g_expert_cl" name="coloring_ggplot_call_can_work_size_var"/>
  </testsuite>
  <testsuite name="scatterplotmatrix_get_stats" timestamp="2024-11-04T12:52:41Z" hostname="b478a9226d17" tests="6" skipped="0" failures="0" errors="0" time="0.021">
    <testcase time="0.00700000000006185" classname="scatterplotmatrix_get_stats" name="get_scatterplotmatrix_stats_x_y_numeric"/>
    <testcase time="0.00299999999992906" classname="scatterplotmatrix_get_stats" name="get_scatterplotmatrix_stats_x_y_numeric"/>
    <testcase time="0.00200000000006639" classname="scatterplotmatrix_get_stats" name="get_scatterplotmatrix_stats_x_y_numeric"/>
    <testcase time="0.0040000000000191" classname="scatterplotmatrix_get_stats" name="get_scatterplotmatrix_stats_x_y_character"/>
    <testcase time="0.00299999999992906" classname="scatterplotmatrix_get_stats" name="get_scatterplotmatrix_stats_x_y_character"/>
    <testcase time="0.00200000000006639" classname="scatterplotmatrix_get_stats" name="get_scatterplotmatrix_stats_x_y_character"/>
  </testsuite>
  <testsuite name="variable_browser" timestamp="2024-11-04T12:52:41Z" hostname="b478a9226d17" tests="3" skipped="0" failures="0" errors="0" time="0.013">
    <testcase time="0.00499999999999545" classname="variable_browser" name="remove_outliers_from_does_not_remove_outliers_when_outlier_definition_is_zero"/>
    <testcase time="0.00499999999999545" classname="variable_browser" name="remove_outliers_from_removes_outliers_when_outlier_definition_is_non_zero"/>
    <testcase time="0.00300000000004275" classname="variable_browser" name="remove_outliers_from_keeps_missing_values_unchanged"/>
  </testsuite>
</testsuites>
