<?xml version="1.0" encoding="UTF-8"?>
<testsuites>
  <testsuite name="examples" timestamp="2024-11-01T16:56:31Z" hostname="8e07ec1f2db8" tests="41" skipped="0" failures="0" errors="0" time="5.219">
    <testcase time="1.58" classname="examples" name="example_add_facet_labels.Rd"/>
    <testcase time="0.0530000000000004" classname="examples" name="example_call_fun_dots.Rd"/>
    <testcase time="0.012" classname="examples" name="example_create_sparklines.Rd"/>
    <testcase time="0.00599999999999978" classname="examples" name="example_establish_updating_selection.Rd"/>
    <testcase time="0.0100000000000002" classname="examples" name="example_get_scatterplotmatrix_stats.Rd"/>
    <testcase time="0.00599999999999978" classname="examples" name="example_include_css_files.Rd"/>
    <testcase time="0.00600000000000023" classname="examples" name="example_is_tab_active_js.Rd"/>
    <testcase time="0.00499999999999989" classname="examples" name="example_plot_var_summary.Rd"/>
    <testcase time="0.00599999999999978" classname="examples" name="example_rADAE.Rd"/>
    <testcase time="0.00600000000000023" classname="examples" name="example_rADLB.Rd"/>
    <testcase time="0.00599999999999978" classname="examples" name="example_rADRS.Rd"/>
    <testcase time="0.00600000000000023" classname="examples" name="example_rADSL.Rd"/>
    <testcase time="0.00499999999999989" classname="examples" name="example_rADTTE.Rd"/>
    <testcase time="0.00599999999999978" classname="examples" name="example_remove_outliers_from.Rd"/>
    <testcase time="0.00600000000000023" classname="examples" name="example_render_single_tab.Rd"/>
    <testcase time="0.00599999999999978" classname="examples" name="example_render_tab_header.Rd"/>
    <testcase time="0.00600000000000023" classname="examples" name="example_render_tab_table.Rd"/>
    <testcase time="0.00999999999999979" classname="examples" name="example_render_tabset_panel_content.Rd"/>
    <testcase time="0.00600000000000023" classname="examples" name="example_shared_params.Rd"/>
    <testcase time="0.00599999999999978" classname="examples" name="example_teal.modules.general.Rd"/>
    <testcase time="0.177" classname="examples" name="example_tm_a_pca.Rd"/>
    <testcase time="0.106" classname="examples" name="example_tm_a_regression.Rd"/>
    <testcase time="0.0959999999999996" classname="examples" name="example_tm_data_table.Rd"/>
    <testcase time="0.211" classname="examples" name="example_tm_file_viewer.Rd"/>
    <testcase time="0.048" classname="examples" name="example_tm_file_viewer.Rd"/>
    <testcase time="0.052" classname="examples" name="example_tm_front_page.Rd"/>
    <testcase time="0.106" classname="examples" name="example_tm_g_association.Rd"/>
    <testcase time="0.114" classname="examples" name="example_tm_g_bivariate.Rd"/>
    <testcase time="0.978" classname="examples" name="example_tm_g_distribution.Rd"/>
    <testcase time="0.119" classname="examples" name="example_tm_g_response.Rd"/>
    <testcase time="0.153" classname="examples" name="example_tm_g_scatterplot.Rd"/>
    <testcase time="0.175" classname="examples" name="example_tm_g_scatterplotmatrix.Rd"/>
    <testcase time="0.193" classname="examples" name="example_tm_missing_data.Rd"/>
    <testcase time="0.149" classname="examples" name="example_tm_outliers.Rd"/>
    <testcase time="0.623" classname="examples" name="example_tm_t_crosstable.Rd"/>
    <testcase time="0.135" classname="examples" name="example_tm_variable_browser.Rd"/>
    <testcase time="0.00700000000000056" classname="examples" name="example_validate_input.Rd"/>
    <testcase time="0.00599999999999934" classname="examples" name="example_var_missings_info.Rd"/>
    <testcase time="0.00600000000000023" classname="examples" name="example_var_summary_table.Rd"/>
    <testcase time="0.00600000000000023" classname="examples" name="example_variable_type_icons.Rd"/>
    <testcase time="0.00600000000000023" classname="examples" name="example_varname_w_label.Rd"/>
  </testsuite>
  <testsuite name="shinytest2-tm_a_pca" timestamp="2024-11-01T16:56:36Z" hostname="8e07ec1f2db8" tests="49" skipped="0" failures="0" errors="0" time="114.827">
    <testcase time="5.893" classname="shinytest2_tm_a_pca" name="e2e_tm_a_pca_Module_is_initialised_with_the_specified_defaults_in_function_call."/>
    <testcase time="0.0900000000000016" classname="shinytest2_tm_a_pca" name="e2e_tm_a_pca_Module_is_initialised_with_the_specified_defaults_in_function_call."/>
    <testcase time="0.00499999999999901" classname="shinytest2_tm_a_pca" name="e2e_tm_a_pca_Module_is_initialised_with_the_specified_defaults_in_function_call."/>
    <testcase time="0.00399999999999956" classname="shinytest2_tm_a_pca" name="e2e_tm_a_pca_Module_is_initialised_with_the_specified_defaults_in_function_call."/>
    <testcase time="0.0510000000000002" classname="shinytest2_tm_a_pca" name="e2e_tm_a_pca_Module_is_initialised_with_the_specified_defaults_in_function_call."/>
    <testcase time="0.0500000000000007" classname="shinytest2_tm_a_pca" name="e2e_tm_a_pca_Module_is_initialised_with_the_specified_defaults_in_function_call."/>
    <testcase time="0.0489999999999995" classname="shinytest2_tm_a_pca" name="e2e_tm_a_pca_Module_is_initialised_with_the_specified_defaults_in_function_call."/>
    <testcase time="5.294" classname="shinytest2_tm_a_pca" name="e2e_tm_a_pca_Eigenvector_table_should_have_data_extract_selection_Murder_Assault_on_header."/>
    <testcase time="0.138000000000002" classname="shinytest2_tm_a_pca" name="e2e_tm_a_pca_Eigenvector_table_should_have_data_extract_selection_Murder_Assault_on_header."/>
    <testcase time="0.100000000000001" classname="shinytest2_tm_a_pca" name="e2e_tm_a_pca_Eigenvector_table_should_have_data_extract_selection_Murder_Assault_on_header."/>
    <testcase time="0.0960000000000001" classname="shinytest2_tm_a_pca" name="e2e_tm_a_pca_Eigenvector_table_should_have_data_extract_selection_Murder_Assault_on_header."/>
    <testcase time="7.278" classname="shinytest2_tm_a_pca" name="e2e_tm_a_pca_Eigenvector_table_should_have_data_extract_selection_Murder_UrbanPop_on_header."/>
    <testcase time="0.141999999999999" classname="shinytest2_tm_a_pca" name="e2e_tm_a_pca_Eigenvector_table_should_have_data_extract_selection_Murder_UrbanPop_on_header."/>
    <testcase time="0.0960000000000001" classname="shinytest2_tm_a_pca" name="e2e_tm_a_pca_Eigenvector_table_should_have_data_extract_selection_Murder_UrbanPop_on_header."/>
    <testcase time="0.103999999999999" classname="shinytest2_tm_a_pca" name="e2e_tm_a_pca_Eigenvector_table_should_have_data_extract_selection_Murder_UrbanPop_on_header."/>
    <testcase time="7.198" classname="shinytest2_tm_a_pca" name="e2e_tm_a_pca_Color_by_columns_data_extract_must_be_from_non_selected_variable_set."/>
    <testcase time="0.663000000000004" classname="shinytest2_tm_a_pca" name="e2e_tm_a_pca_Color_by_columns_data_extract_must_be_from_non_selected_variable_set."/>
    <testcase time="5.266" classname="shinytest2_tm_a_pca" name="e2e_tm_a_pca_Changing_output_encodings_of_tables_display_does_not_generate_errors."/>
    <testcase time="0.68" classname="shinytest2_tm_a_pca" name="e2e_tm_a_pca_Changing_output_encodings_of_tables_display_does_not_generate_errors."/>
    <testcase time="0.088000000000001" classname="shinytest2_tm_a_pca" name="e2e_tm_a_pca_Changing_output_encodings_of_tables_display_does_not_generate_errors."/>
    <testcase time="0.0489999999999995" classname="shinytest2_tm_a_pca" name="e2e_tm_a_pca_Changing_output_encodings_of_tables_display_does_not_generate_errors."/>
    <testcase time="0.0480000000000018" classname="shinytest2_tm_a_pca" name="e2e_tm_a_pca_Changing_output_encodings_of_tables_display_does_not_generate_errors."/>
    <testcase time="0.0479999999999947" classname="shinytest2_tm_a_pca" name="e2e_tm_a_pca_Changing_output_encodings_of_tables_display_does_not_generate_errors."/>
    <testcase time="6.15000000000001" classname="shinytest2_tm_a_pca" name="e2e_tm_a_pca_Changing_output_encodings_for_plot_type_does_not_generate_errors."/>
    <testcase time="0.855999999999995" classname="shinytest2_tm_a_pca" name="e2e_tm_a_pca_Changing_output_encodings_for_plot_type_does_not_generate_errors."/>
    <testcase time="0.785000000000004" classname="shinytest2_tm_a_pca" name="e2e_tm_a_pca_Changing_output_encodings_for_plot_type_does_not_generate_errors."/>
    <testcase time="0.878999999999998" classname="shinytest2_tm_a_pca" name="e2e_tm_a_pca_Changing_output_encodings_for_plot_type_does_not_generate_errors."/>
    <testcase time="5.273" classname="shinytest2_tm_a_pca" name="e2e_tm_a_pca_Changing_output_encodings_of_standardization_does_not_generate_errors."/>
    <testcase time="0.969999999999999" classname="shinytest2_tm_a_pca" name="e2e_tm_a_pca_Changing_output_encodings_of_standardization_does_not_generate_errors."/>
    <testcase time="0.960000000000001" classname="shinytest2_tm_a_pca" name="e2e_tm_a_pca_Changing_output_encodings_of_standardization_does_not_generate_errors."/>
    <testcase time="0.972000000000001" classname="shinytest2_tm_a_pca" name="e2e_tm_a_pca_Changing_output_encodings_of_standardization_does_not_generate_errors."/>
    <testcase time="5.236" classname="shinytest2_tm_a_pca" name="e2e_tm_a_pca_Changing_output_encodings_of_NA_action_does_not_generate_errors."/>
    <testcase time="7.246" classname="shinytest2_tm_a_pca" name="e2e_tm_a_pca_Changing_output_encodings_of_plot_type_hides_and_shows_options."/>
    <testcase time="2.104" classname="shinytest2_tm_a_pca" name="e2e_tm_a_pca_Changing_output_encodings_of_plot_type_hides_and_shows_options."/>
    <testcase time="2.09" classname="shinytest2_tm_a_pca" name="e2e_tm_a_pca_Changing_output_encodings_of_plot_type_hides_and_shows_options."/>
    <testcase time="2.08799999999999" classname="shinytest2_tm_a_pca" name="e2e_tm_a_pca_Changing_output_encodings_of_plot_type_hides_and_shows_options."/>
    <testcase time="2.55" classname="shinytest2_tm_a_pca" name="e2e_tm_a_pca_Changing_output_encodings_of_plot_type_hides_and_shows_options."/>
    <testcase time="2.089" classname="shinytest2_tm_a_pca" name="e2e_tm_a_pca_Changing_output_encodings_of_plot_type_hides_and_shows_options."/>
    <testcase time="2.54900000000001" classname="shinytest2_tm_a_pca" name="e2e_tm_a_pca_Changing_output_encodings_of_plot_type_hides_and_shows_options."/>
    <testcase time="2.09999999999999" classname="shinytest2_tm_a_pca" name="e2e_tm_a_pca_Changing_output_encodings_of_plot_type_hides_and_shows_options."/>
    <testcase time="2.09700000000001" classname="shinytest2_tm_a_pca" name="e2e_tm_a_pca_Changing_output_encodings_of_plot_type_hides_and_shows_options."/>
    <testcase time="5.283" classname="shinytest2_tm_a_pca" name="e2e_tm_a_pca_Changing_output_encodings_of_theme_does_not_generate_errors."/>
    <testcase time="0.531999999999996" classname="shinytest2_tm_a_pca" name="e2e_tm_a_pca_Changing_output_encodings_of_theme_does_not_generate_errors."/>
    <testcase time="0.530000000000001" classname="shinytest2_tm_a_pca" name="e2e_tm_a_pca_Changing_output_encodings_of_theme_does_not_generate_errors."/>
    <testcase time="0.528999999999996" classname="shinytest2_tm_a_pca" name="e2e_tm_a_pca_Changing_output_encodings_of_theme_does_not_generate_errors."/>
    <testcase time="5.291" classname="shinytest2_tm_a_pca" name="e2e_tm_a_pca_Changing_output_encodings_of_font_size_does_not_generate_errors."/>
    <testcase time="0.850000000000009" classname="shinytest2_tm_a_pca" name="e2e_tm_a_pca_Changing_output_encodings_of_font_size_does_not_generate_errors."/>
    <testcase time="0.856999999999999" classname="shinytest2_tm_a_pca" name="e2e_tm_a_pca_Changing_output_encodings_of_font_size_does_not_generate_errors."/>
    <testcase time="20.531" classname="shinytest2_tm_a_pca" name="e2e_tm_a_pca_Changing_output_encodings_of_font_size_does_not_generate_errors."/>
  </testsuite>
  <testsuite name="shinytest2-tm_a_regression" timestamp="2024-11-01T16:58:31Z" hostname="8e07ec1f2db8" tests="31" skipped="0" failures="0" errors="0" time="50.67">
    <testcase time="4.679" classname="shinytest2_tm_a_regression" name="e2e_tm_a_regression_Data_parameter_and_module_label_is_passed_properly."/>
    <testcase time="0.00400000000000489" classname="shinytest2_tm_a_regression" name="e2e_tm_a_regression_Data_parameter_and_module_label_is_passed_properly."/>
    <testcase time="0.00400000000000489" classname="shinytest2_tm_a_regression" name="e2e_tm_a_regression_Data_parameter_and_module_label_is_passed_properly."/>
    <testcase time="4.75599999999999" classname="shinytest2_tm_a_regression" name="e2e_tm_a_regression_Data_extract_spec_elements_are_initialized_with_the_default_values_specified_by_response_and_regressor_arg."/>
    <testcase time="0.0879999999999939" classname="shinytest2_tm_a_regression" name="e2e_tm_a_regression_Data_extract_spec_elements_are_initialized_with_the_default_values_specified_by_response_and_regressor_arg."/>
    <testcase time="5.99100000000001" classname="shinytest2_tm_a_regression" name="e2e_tm_a_regression_Plot_type_is_set_properly."/>
    <testcase time="4.73699999999999" classname="shinytest2_tm_a_regression" name="e2e_tm_a_regression_Plot_type_has_7_specific_choices_changing_choices_does_not_throw_errors."/>
    <testcase time="1.62800000000001" classname="shinytest2_tm_a_regression" name="e2e_tm_a_regression_Plot_type_has_7_specific_choices_changing_choices_does_not_throw_errors."/>
    <testcase time="0.00199999999998113" classname="shinytest2_tm_a_regression" name="e2e_tm_a_regression_Plot_type_has_7_specific_choices_changing_choices_does_not_throw_errors."/>
    <testcase time="0.789000000000016" classname="shinytest2_tm_a_regression" name="e2e_tm_a_regression_Plot_type_has_7_specific_choices_changing_choices_does_not_throw_errors."/>
    <testcase time="0.00199999999998113" classname="shinytest2_tm_a_regression" name="e2e_tm_a_regression_Plot_type_has_7_specific_choices_changing_choices_does_not_throw_errors."/>
    <testcase time="0.806000000000012" classname="shinytest2_tm_a_regression" name="e2e_tm_a_regression_Plot_type_has_7_specific_choices_changing_choices_does_not_throw_errors."/>
    <testcase time="0.00200000000000955" classname="shinytest2_tm_a_regression" name="e2e_tm_a_regression_Plot_type_has_7_specific_choices_changing_choices_does_not_throw_errors."/>
    <testcase time="0.802999999999997" classname="shinytest2_tm_a_regression" name="e2e_tm_a_regression_Plot_type_has_7_specific_choices_changing_choices_does_not_throw_errors."/>
    <testcase time="0.00100000000000477" classname="shinytest2_tm_a_regression" name="e2e_tm_a_regression_Plot_type_has_7_specific_choices_changing_choices_does_not_throw_errors."/>
    <testcase time="0.835999999999984" classname="shinytest2_tm_a_regression" name="e2e_tm_a_regression_Plot_type_has_7_specific_choices_changing_choices_does_not_throw_errors."/>
    <testcase time="0.00200000000000955" classname="shinytest2_tm_a_regression" name="e2e_tm_a_regression_Plot_type_has_7_specific_choices_changing_choices_does_not_throw_errors."/>
    <testcase time="0.945999999999998" classname="shinytest2_tm_a_regression" name="e2e_tm_a_regression_Plot_type_has_7_specific_choices_changing_choices_does_not_throw_errors."/>
    <testcase time="0.00100000000000477" classname="shinytest2_tm_a_regression" name="e2e_tm_a_regression_Plot_type_has_7_specific_choices_changing_choices_does_not_throw_errors."/>
    <testcase time="0.863" classname="shinytest2_tm_a_regression" name="e2e_tm_a_regression_Plot_type_has_7_specific_choices_changing_choices_does_not_throw_errors."/>
    <testcase time="4.96099999999998" classname="shinytest2_tm_a_regression" name="e2e_tm_a_regression_Outlier_definition_and_label_are_visible_by_default."/>
    <testcase time="2.10400000000001" classname="shinytest2_tm_a_regression" name="e2e_tm_a_regression_Outlier_definition_and_label_are_visible_by_default."/>
    <testcase time="2.102" classname="shinytest2_tm_a_regression" name="e2e_tm_a_regression_Outlier_definition_and_label_are_visible_by_default."/>
    <testcase time="4.66800000000001" classname="shinytest2_tm_a_regression" name="e2e_tm_a_regression_Outlier_definition_and_label_have_default_values_and_label_text."/>
    <testcase time="0.00499999999999545" classname="shinytest2_tm_a_regression" name="e2e_tm_a_regression_Outlier_definition_and_label_have_default_values_and_label_text."/>
    <testcase time="0.00100000000000477" classname="shinytest2_tm_a_regression" name="e2e_tm_a_regression_Outlier_definition_and_label_have_default_values_and_label_text."/>
    <testcase time="0.0889999999999986" classname="shinytest2_tm_a_regression" name="e2e_tm_a_regression_Outlier_definition_and_label_have_default_values_and_label_text."/>
    <testcase time="0.0529999999999973" classname="shinytest2_tm_a_regression" name="e2e_tm_a_regression_Outlier_definition_and_label_have_default_values_and_label_text."/>
    <testcase time="7.637" classname="shinytest2_tm_a_regression" name="e2e_tm_a_regression_Unchecking_display_outlier_hides_outlier_label_and_definition."/>
    <testcase time="2.09899999999999" classname="shinytest2_tm_a_regression" name="e2e_tm_a_regression_Unchecking_display_outlier_hides_outlier_label_and_definition."/>
    <testcase time="0.0109999999999957" classname="shinytest2_tm_a_regression" name="e2e_tm_a_regression_Unchecking_display_outlier_hides_outlier_label_and_definition."/>
  </testsuite>
  <testsuite name="shinytest2-tm_data_table" timestamp="2024-11-01T16:59:22Z" hostname="8e07ec1f2db8" tests="10" skipped="0" failures="0" errors="0" time="19.5">
    <testcase time="3.94900000000001" classname="shinytest2_tm_data_table" name="e2e_tm_data_table_Initializes_without_errors"/>
    <testcase time="0.00399999999999068" classname="shinytest2_tm_data_table" name="e2e_tm_data_table_Initializes_without_errors"/>
    <testcase time="3.97800000000001" classname="shinytest2_tm_data_table" name="e2e_tm_data_table_Verify_checkbox_displayed_over_data_table"/>
    <testcase time="4.047" classname="shinytest2_tm_data_table" name="e2e_tm_data_table_Verify_module_displays_data_table"/>
    <testcase time="2.071" classname="shinytest2_tm_data_table" name="e2e_tm_data_table_Verify_module_displays_data_table"/>
    <testcase time="0.0190000000000055" classname="shinytest2_tm_data_table" name="e2e_tm_data_table_Verify_module_displays_data_table"/>
    <testcase time="0.700999999999993" classname="shinytest2_tm_data_table" name="e2e_tm_data_table_Verify_module_displays_data_table"/>
    <testcase time="4.08199999999999" classname="shinytest2_tm_data_table" name="e2e_tm_data_table_Verify_default_variable_selection_and_set_new_selection"/>
    <testcase time="0.63900000000001" classname="shinytest2_tm_data_table" name="e2e_tm_data_table_Verify_default_variable_selection_and_set_new_selection"/>
    <testcase time="0.00999999999999091" classname="shinytest2_tm_data_table" name="e2e_tm_data_table_Verify_default_variable_selection_and_set_new_selection"/>
  </testsuite>
  <testsuite name="shinytest2-tm_file_viewer" timestamp="2024-11-01T16:59:41Z" hostname="8e07ec1f2db8" tests="13" skipped="0" failures="0" errors="0" time="30.269">
    <testcase time="3.977" classname="shinytest2_tm_file_viewer" name="e2e_tm_file_viewer_Initializes_without_errors_and_shows_files_tree_specified_in_input_path_argument"/>
    <testcase time="0.00600000000000023" classname="shinytest2_tm_file_viewer" name="e2e_tm_file_viewer_Initializes_without_errors_and_shows_files_tree_specified_in_input_path_argument"/>
    <testcase time="2.05500000000001" classname="shinytest2_tm_file_viewer" name="e2e_tm_file_viewer_Initializes_without_errors_and_shows_files_tree_specified_in_input_path_argument"/>
    <testcase time="0.0250000000000057" classname="shinytest2_tm_file_viewer" name="e2e_tm_file_viewer_Initializes_without_errors_and_shows_files_tree_specified_in_input_path_argument"/>
    <testcase time="0.00399999999999068" classname="shinytest2_tm_file_viewer" name="e2e_tm_file_viewer_Initializes_without_errors_and_shows_files_tree_specified_in_input_path_argument"/>
    <testcase time="7.876" classname="shinytest2_tm_file_viewer" name="e2e_tm_file_viewer_Shows_selected_image_file"/>
    <testcase time="0.00600000000000023" classname="shinytest2_tm_file_viewer" name="e2e_tm_file_viewer_Shows_selected_image_file"/>
    <testcase time="7.86599999999999" classname="shinytest2_tm_file_viewer" name="e2e_tm_file_viewer_Shows_selected_text_file"/>
    <testcase time="0.00800000000000978" classname="shinytest2_tm_file_viewer" name="e2e_tm_file_viewer_Shows_selected_text_file"/>
    <testcase time="0.00200000000000955" classname="shinytest2_tm_file_viewer" name="e2e_tm_file_viewer_Shows_selected_text_file"/>
    <testcase time="0.139999999999986" classname="shinytest2_tm_file_viewer" name="e2e_tm_file_viewer_Shows_selected_text_file"/>
    <testcase time="8.21899999999999" classname="shinytest2_tm_file_viewer" name="e2e_tm_file_viewer_Shows_selected_url"/>
    <testcase time="0.085000000000008" classname="shinytest2_tm_file_viewer" name="e2e_tm_file_viewer_Shows_selected_url"/>
  </testsuite>
  <testsuite name="shinytest2-tm_front_page" timestamp="2024-11-01T17:00:11Z" hostname="8e07ec1f2db8" tests="9" skipped="0" failures="0" errors="0" time="21.192">
    <testcase time="3.84999999999999" classname="shinytest2_tm_front_page" name="e2e_tm_front_page_Initializes_without_errors_and_check_html_elements"/>
    <testcase time="0.00499999999999545" classname="shinytest2_tm_front_page" name="e2e_tm_front_page_Initializes_without_errors_and_check_html_elements"/>
    <testcase time="0.00600000000000023" classname="shinytest2_tm_front_page" name="e2e_tm_front_page_Initializes_without_errors_and_check_html_elements"/>
    <testcase time="0.007000000000005" classname="shinytest2_tm_front_page" name="e2e_tm_front_page_Initializes_without_errors_and_check_html_elements"/>
    <testcase time="4.196" classname="shinytest2_tm_front_page" name="e2e_tm_front_page_Verify_the_module_displays_tables"/>
    <testcase time="2.06900000000002" classname="shinytest2_tm_front_page" name="e2e_tm_front_page_Verify_the_module_displays_tables"/>
    <testcase time="0.0549999999999784" classname="shinytest2_tm_front_page" name="e2e_tm_front_page_Verify_the_module_displays_tables"/>
    <testcase time="2.05800000000002" classname="shinytest2_tm_front_page" name="e2e_tm_front_page_Verify_the_module_displays_tables"/>
    <testcase time="8.946" classname="shinytest2_tm_front_page" name="e2e_tm_front_page_Verify_the_module_displays_metadata"/>
  </testsuite>
  <testsuite name="shinytest2-tm_g_association" timestamp="2024-11-01T17:00:33Z" hostname="8e07ec1f2db8" tests="13" skipped="0" failures="0" errors="0" time="31.171">
    <testcase time="6.255" classname="shinytest2_tm_g_association" name="e2e_tm_g_association_Data_parameter_and_module_label_is_passed_properly."/>
    <testcase time="0.00399999999999068" classname="shinytest2_tm_g_association" name="e2e_tm_g_association_Data_parameter_and_module_label_is_passed_properly."/>
    <testcase time="0.0040000000000191" classname="shinytest2_tm_g_association" name="e2e_tm_g_association_Data_parameter_and_module_label_is_passed_properly."/>
    <testcase time="6.12199999999999" classname="shinytest2_tm_g_association" name="e2e_tm_g_association_Data_extract_spec_elements_are_initialized_with_the_default_values_specified_by_ref_and_vars_arguments."/>
    <testcase time="1.02499999999998" classname="shinytest2_tm_g_association" name="e2e_tm_g_association_Data_extract_spec_elements_are_initialized_with_the_default_values_specified_by_ref_and_vars_arguments."/>
    <testcase time="0.0100000000000477" classname="shinytest2_tm_g_association" name="e2e_tm_g_association_Data_extract_spec_elements_are_initialized_with_the_default_values_specified_by_ref_and_vars_arguments."/>
    <testcase time="0.94199999999995" classname="shinytest2_tm_g_association" name="e2e_tm_g_association_Data_extract_spec_elements_are_initialized_with_the_default_values_specified_by_ref_and_vars_arguments."/>
    <testcase time="8.14800000000002" classname="shinytest2_tm_g_association" name="e2e_tm_g_association_Module_plot_is_visible."/>
    <testcase time="6.142" classname="shinytest2_tm_g_association" name="e2e_tm_g_association_Check_and_set_default_values_for_radio_buttons."/>
    <testcase time="0.0579999999999927" classname="shinytest2_tm_g_association" name="e2e_tm_g_association_Check_and_set_default_values_for_radio_buttons."/>
    <testcase time="0.0509999999999877" classname="shinytest2_tm_g_association" name="e2e_tm_g_association_Check_and_set_default_values_for_radio_buttons."/>
    <testcase time="2.40400000000005" classname="shinytest2_tm_g_association" name="e2e_tm_g_association_Check_and_set_default_values_for_radio_buttons."/>
    <testcase time="0.00599999999997181" classname="shinytest2_tm_g_association" name="e2e_tm_g_association_Check_and_set_default_values_for_radio_buttons."/>
  </testsuite>
  <testsuite name="shinytest2-tm_g_bivariate" timestamp="2024-11-01T17:01:04Z" hostname="8e07ec1f2db8" tests="44" skipped="0" failures="0" errors="0" time="73.738">
    <testcase time="5.45800000000003" classname="shinytest2_tm_g_bivariate" name="e2e_tm_g_bivariate_Module_is_initialised_with_the_specified_defaults."/>
    <testcase time="0.0879999999999654" classname="shinytest2_tm_g_bivariate" name="e2e_tm_g_bivariate_Module_is_initialised_with_the_specified_defaults."/>
    <testcase time="0.0509999999999877" classname="shinytest2_tm_g_bivariate" name="e2e_tm_g_bivariate_Module_is_initialised_with_the_specified_defaults."/>
    <testcase time="0.0529999999999973" classname="shinytest2_tm_g_bivariate" name="e2e_tm_g_bivariate_Module_is_initialised_with_the_specified_defaults."/>
    <testcase time="0.0510000000000446" classname="shinytest2_tm_g_bivariate" name="e2e_tm_g_bivariate_Module_is_initialised_with_the_specified_defaults."/>
    <testcase time="0.0519999999999641" classname="shinytest2_tm_g_bivariate" name="e2e_tm_g_bivariate_Module_is_initialised_with_the_specified_defaults."/>
    <testcase time="0.0570000000000164" classname="shinytest2_tm_g_bivariate" name="e2e_tm_g_bivariate_Module_is_initialised_with_the_specified_defaults."/>
    <testcase time="0.0509999999999877" classname="shinytest2_tm_g_bivariate" name="e2e_tm_g_bivariate_Module_is_initialised_with_the_specified_defaults."/>
    <testcase time="0.0520000000000209" classname="shinytest2_tm_g_bivariate" name="e2e_tm_g_bivariate_Module_is_initialised_with_the_specified_defaults."/>
    <testcase time="0.0519999999999641" classname="shinytest2_tm_g_bivariate" name="e2e_tm_g_bivariate_Module_is_initialised_with_the_specified_defaults."/>
    <testcase time="0.0530000000000541" classname="shinytest2_tm_g_bivariate" name="e2e_tm_g_bivariate_Module_is_initialised_with_the_specified_defaults."/>
    <testcase time="0.0529999999999973" classname="shinytest2_tm_g_bivariate" name="e2e_tm_g_bivariate_Module_is_initialised_with_the_specified_defaults."/>
    <testcase time="0.0509999999999877" classname="shinytest2_tm_g_bivariate" name="e2e_tm_g_bivariate_Module_is_initialised_with_the_specified_defaults."/>
    <testcase time="0.0519999999999641" classname="shinytest2_tm_g_bivariate" name="e2e_tm_g_bivariate_Module_is_initialised_with_the_specified_defaults."/>
    <testcase time="0.0510000000000446" classname="shinytest2_tm_g_bivariate" name="e2e_tm_g_bivariate_Module_is_initialised_with_the_specified_defaults."/>
    <testcase time="0.0519999999999641" classname="shinytest2_tm_g_bivariate" name="e2e_tm_g_bivariate_Module_is_initialised_with_the_specified_defaults."/>
    <testcase time="0.0520000000000209" classname="shinytest2_tm_g_bivariate" name="e2e_tm_g_bivariate_Module_is_initialised_with_the_specified_defaults."/>
    <testcase time="0.0489999999999782" classname="shinytest2_tm_g_bivariate" name="e2e_tm_g_bivariate_Module_is_initialised_with_the_specified_defaults."/>
    <testcase time="7.49000000000001" classname="shinytest2_tm_g_bivariate" name="e2e_tm_g_bivariate_Coloring_options_are_hidden_when_coloring_is_toggled_off."/>
    <testcase time="2.09899999999999" classname="shinytest2_tm_g_bivariate" name="e2e_tm_g_bivariate_Coloring_options_are_hidden_when_coloring_is_toggled_off."/>
    <testcase time="2.10300000000001" classname="shinytest2_tm_g_bivariate" name="e2e_tm_g_bivariate_Coloring_options_are_hidden_when_coloring_is_toggled_off."/>
    <testcase time="3.26400000000001" classname="shinytest2_tm_g_bivariate" name="e2e_tm_g_bivariate_Coloring_options_are_hidden_when_coloring_is_toggled_off."/>
    <testcase time="2.089" classname="shinytest2_tm_g_bivariate" name="e2e_tm_g_bivariate_Coloring_options_are_hidden_when_coloring_is_toggled_off."/>
    <testcase time="2.08700000000005" classname="shinytest2_tm_g_bivariate" name="e2e_tm_g_bivariate_Coloring_options_are_hidden_when_coloring_is_toggled_off."/>
    <testcase time="7.43699999999995" classname="shinytest2_tm_g_bivariate" name="e2e_tm_g_bivariate_Facetting_options_are_hidden_when_facet_is_toggled_off."/>
    <testcase time="2.10600000000005" classname="shinytest2_tm_g_bivariate" name="e2e_tm_g_bivariate_Facetting_options_are_hidden_when_facet_is_toggled_off."/>
    <testcase time="2.10899999999998" classname="shinytest2_tm_g_bivariate" name="e2e_tm_g_bivariate_Facetting_options_are_hidden_when_facet_is_toggled_off."/>
    <testcase time="2.10199999999998" classname="shinytest2_tm_g_bivariate" name="e2e_tm_g_bivariate_Facetting_options_are_hidden_when_facet_is_toggled_off."/>
    <testcase time="3.351" classname="shinytest2_tm_g_bivariate" name="e2e_tm_g_bivariate_Facetting_options_are_hidden_when_facet_is_toggled_off."/>
    <testcase time="2.09899999999999" classname="shinytest2_tm_g_bivariate" name="e2e_tm_g_bivariate_Facetting_options_are_hidden_when_facet_is_toggled_off."/>
    <testcase time="2.09300000000002" classname="shinytest2_tm_g_bivariate" name="e2e_tm_g_bivariate_Facetting_options_are_hidden_when_facet_is_toggled_off."/>
    <testcase time="2.09300000000002" classname="shinytest2_tm_g_bivariate" name="e2e_tm_g_bivariate_Facetting_options_are_hidden_when_facet_is_toggled_off."/>
    <testcase time="6.61599999999999" classname="shinytest2_tm_g_bivariate" name="e2e_tm_g_bivariate_Setting_encoding_inputs_produces_outputs_without_validation_errors."/>
    <testcase time="0.523000000000025" classname="shinytest2_tm_g_bivariate" name="e2e_tm_g_bivariate_Setting_encoding_inputs_produces_outputs_without_validation_errors."/>
    <testcase time="1.09100000000001" classname="shinytest2_tm_g_bivariate" name="e2e_tm_g_bivariate_Setting_encoding_inputs_produces_outputs_without_validation_errors."/>
    <testcase time="2.03499999999997" classname="shinytest2_tm_g_bivariate" name="e2e_tm_g_bivariate_Setting_encoding_inputs_produces_outputs_without_validation_errors."/>
    <testcase time="1.089" classname="shinytest2_tm_g_bivariate" name="e2e_tm_g_bivariate_Setting_encoding_inputs_produces_outputs_without_validation_errors."/>
    <testcase time="1.78000000000003" classname="shinytest2_tm_g_bivariate" name="e2e_tm_g_bivariate_Setting_encoding_inputs_produces_outputs_without_validation_errors."/>
    <testcase time="1.78899999999999" classname="shinytest2_tm_g_bivariate" name="e2e_tm_g_bivariate_Setting_encoding_inputs_produces_outputs_without_validation_errors."/>
    <testcase time="1.839" classname="shinytest2_tm_g_bivariate" name="e2e_tm_g_bivariate_Setting_encoding_inputs_produces_outputs_without_validation_errors."/>
    <testcase time="1.86399999999998" classname="shinytest2_tm_g_bivariate" name="e2e_tm_g_bivariate_Setting_encoding_inputs_produces_outputs_without_validation_errors."/>
    <testcase time="2.04500000000002" classname="shinytest2_tm_g_bivariate" name="e2e_tm_g_bivariate_Setting_encoding_inputs_produces_outputs_without_validation_errors."/>
    <testcase time="2.07299999999998" classname="shinytest2_tm_g_bivariate" name="e2e_tm_g_bivariate_Setting_encoding_inputs_produces_outputs_without_validation_errors."/>
    <testcase time="2.09399999999999" classname="shinytest2_tm_g_bivariate" name="e2e_tm_g_bivariate_Setting_encoding_inputs_produces_outputs_without_validation_errors."/>
  </testsuite>
  <testsuite name="shinytest2-tm_g_distribution" timestamp="2024-11-01T17:02:42Z" hostname="8e07ec1f2db8" tests="21" skipped="0" failures="0" errors="0" time="57.172">
    <testcase time="30.1420000000001" classname="shinytest2_tm_g_distribution" name="e2e_tm_g_distribution_Module_is_initialised_with_the_specified_defaults."/>
    <testcase time="0.0529999999999973" classname="shinytest2_tm_g_distribution" name="e2e_tm_g_distribution_Module_is_initialised_with_the_specified_defaults."/>
    <testcase time="0.0519999999999641" classname="shinytest2_tm_g_distribution" name="e2e_tm_g_distribution_Module_is_initialised_with_the_specified_defaults."/>
    <testcase time="0.0520000000000209" classname="shinytest2_tm_g_distribution" name="e2e_tm_g_distribution_Module_is_initialised_with_the_specified_defaults."/>
    <testcase time="0.0520000000000209" classname="shinytest2_tm_g_distribution" name="e2e_tm_g_distribution_Module_is_initialised_with_the_specified_defaults."/>
    <testcase time="0.0509999999999877" classname="shinytest2_tm_g_distribution" name="e2e_tm_g_distribution_Module_is_initialised_with_the_specified_defaults."/>
    <testcase time="0.0519999999999641" classname="shinytest2_tm_g_distribution" name="e2e_tm_g_distribution_Module_is_initialised_with_the_specified_defaults."/>
    <testcase time="0.0520000000000209" classname="shinytest2_tm_g_distribution" name="e2e_tm_g_distribution_Module_is_initialised_with_the_specified_defaults."/>
    <testcase time="0.0509999999999877" classname="shinytest2_tm_g_distribution" name="e2e_tm_g_distribution_Module_is_initialised_with_the_specified_defaults."/>
    <testcase time="0.663000000000011" classname="shinytest2_tm_g_distribution" name="e2e_tm_g_distribution_Module_is_initialised_with_the_specified_defaults."/>
    <testcase time="6.31999999999999" classname="shinytest2_tm_g_distribution" name="e2e_tm_g_distribution_Histogram_encoding_inputs_produce_output_without_validation_errors."/>
    <testcase time="1.94400000000002" classname="shinytest2_tm_g_distribution" name="e2e_tm_g_distribution_Histogram_encoding_inputs_produce_output_without_validation_errors."/>
    <testcase time="1.11000000000001" classname="shinytest2_tm_g_distribution" name="e2e_tm_g_distribution_Histogram_encoding_inputs_produce_output_without_validation_errors."/>
    <testcase time="0.891999999999996" classname="shinytest2_tm_g_distribution" name="e2e_tm_g_distribution_Histogram_encoding_inputs_produce_output_without_validation_errors."/>
    <testcase time="1.351" classname="shinytest2_tm_g_distribution" name="e2e_tm_g_distribution_Histogram_encoding_inputs_produce_output_without_validation_errors."/>
    <testcase time="1.404" classname="shinytest2_tm_g_distribution" name="e2e_tm_g_distribution_Histogram_encoding_inputs_produce_output_without_validation_errors."/>
    <testcase time="0.993999999999971" classname="shinytest2_tm_g_distribution" name="e2e_tm_g_distribution_Histogram_encoding_inputs_produce_output_without_validation_errors."/>
    <testcase time="0.875" classname="shinytest2_tm_g_distribution" name="e2e_tm_g_distribution_Histogram_encoding_inputs_produce_output_without_validation_errors."/>
    <testcase time="6.39000000000004" classname="shinytest2_tm_g_distribution" name="e2e_tm_g_distribution_QQ_plot_encoding_inputs_produce_output_without_validation_errors."/>
    <testcase time="0.647999999999968" classname="shinytest2_tm_g_distribution" name="e2e_tm_g_distribution_QQ_plot_encoding_inputs_produce_output_without_validation_errors."/>
    <testcase time="4.024" classname="shinytest2_tm_g_distribution" name="e2e_tm_g_distribution_QQ_plot_encoding_inputs_produce_output_without_validation_errors."/>
  </testsuite>
  <testsuite name="shinytest2-tm_g_response" timestamp="2024-11-01T17:03:15Z" hostname="8e07ec1f2db8" tests="17" skipped="0" failures="0" errors="0" time="28.193">
    <testcase time="4.98000000000002" classname="shinytest2_tm_g_response" name="e2e_tm_g_response_module_is_initialised_with_the_specified_defaults."/>
    <testcase time="0.089999999999975" classname="shinytest2_tm_g_response" name="e2e_tm_g_response_module_is_initialised_with_the_specified_defaults."/>
    <testcase time="0.0520000000000209" classname="shinytest2_tm_g_response" name="e2e_tm_g_response_module_is_initialised_with_the_specified_defaults."/>
    <testcase time="0.0519999999999641" classname="shinytest2_tm_g_response" name="e2e_tm_g_response_module_is_initialised_with_the_specified_defaults."/>
    <testcase time="0.0529999999999973" classname="shinytest2_tm_g_response" name="e2e_tm_g_response_module_is_initialised_with_the_specified_defaults."/>
    <testcase time="0.0520000000000209" classname="shinytest2_tm_g_response" name="e2e_tm_g_response_module_is_initialised_with_the_specified_defaults."/>
    <testcase time="0.0520000000000209" classname="shinytest2_tm_g_response" name="e2e_tm_g_response_module_is_initialised_with_the_specified_defaults."/>
    <testcase time="0.0509999999999877" classname="shinytest2_tm_g_response" name="e2e_tm_g_response_module_is_initialised_with_the_specified_defaults."/>
    <testcase time="6.11599999999999" classname="shinytest2_tm_g_response" name="e2e_tm_g_response_encoding_inputs_produce_output_without_validation_errors."/>
    <testcase time="0.959000000000003" classname="shinytest2_tm_g_response" name="e2e_tm_g_response_encoding_inputs_produce_output_without_validation_errors."/>
    <testcase time="0.915999999999997" classname="shinytest2_tm_g_response" name="e2e_tm_g_response_encoding_inputs_produce_output_without_validation_errors."/>
    <testcase time="0.869000000000028" classname="shinytest2_tm_g_response" name="e2e_tm_g_response_encoding_inputs_produce_output_without_validation_errors."/>
    <testcase time="0.865999999999985" classname="shinytest2_tm_g_response" name="e2e_tm_g_response_encoding_inputs_produce_output_without_validation_errors."/>
    <testcase time="0.855000000000018" classname="shinytest2_tm_g_response" name="e2e_tm_g_response_encoding_inputs_produce_output_without_validation_errors."/>
    <testcase time="0.883999999999958" classname="shinytest2_tm_g_response" name="e2e_tm_g_response_encoding_inputs_produce_output_without_validation_errors."/>
    <testcase time="5.68200000000002" classname="shinytest2_tm_g_response" name="e2e_tm_g_response_deselecting_response_produces_validation_error."/>
    <testcase time="5.66399999999999" classname="shinytest2_tm_g_response" name="e2e_tm_g_response_deselecting_x_produces_validation_error."/>
  </testsuite>
  <testsuite name="shinytest2-tm_g_scatterplot" timestamp="2024-11-01T17:03:43Z" hostname="8e07ec1f2db8" tests="35" skipped="0" failures="0" errors="0" time="73.019">
    <testcase time="5.38800000000003" classname="shinytest2_tm_g_scatterplot" name="e2e_tm_g_scatterplot_Module_is_initialised_with_the_specified_defaults."/>
    <testcase time="0.0529999999999973" classname="shinytest2_tm_g_scatterplot" name="e2e_tm_g_scatterplot_Module_is_initialised_with_the_specified_defaults."/>
    <testcase time="0.0509999999999877" classname="shinytest2_tm_g_scatterplot" name="e2e_tm_g_scatterplot_Module_is_initialised_with_the_specified_defaults."/>
    <testcase time="0.0529999999999973" classname="shinytest2_tm_g_scatterplot" name="e2e_tm_g_scatterplot_Module_is_initialised_with_the_specified_defaults."/>
    <testcase time="0.0530000000000541" classname="shinytest2_tm_g_scatterplot" name="e2e_tm_g_scatterplot_Module_is_initialised_with_the_specified_defaults."/>
    <testcase time="0.0509999999999877" classname="shinytest2_tm_g_scatterplot" name="e2e_tm_g_scatterplot_Module_is_initialised_with_the_specified_defaults."/>
    <testcase time="0.0509999999999877" classname="shinytest2_tm_g_scatterplot" name="e2e_tm_g_scatterplot_Module_is_initialised_with_the_specified_defaults."/>
    <testcase time="0.0529999999999973" classname="shinytest2_tm_g_scatterplot" name="e2e_tm_g_scatterplot_Module_is_initialised_with_the_specified_defaults."/>
    <testcase time="0.0520000000000209" classname="shinytest2_tm_g_scatterplot" name="e2e_tm_g_scatterplot_Module_is_initialised_with_the_specified_defaults."/>
    <testcase time="0.0509999999999877" classname="shinytest2_tm_g_scatterplot" name="e2e_tm_g_scatterplot_Module_is_initialised_with_the_specified_defaults."/>
    <testcase time="0.0520000000000209" classname="shinytest2_tm_g_scatterplot" name="e2e_tm_g_scatterplot_Module_is_initialised_with_the_specified_defaults."/>
    <testcase time="0.0519999999999641" classname="shinytest2_tm_g_scatterplot" name="e2e_tm_g_scatterplot_Module_is_initialised_with_the_specified_defaults."/>
    <testcase time="0.0520000000000209" classname="shinytest2_tm_g_scatterplot" name="e2e_tm_g_scatterplot_Module_is_initialised_with_the_specified_defaults."/>
    <testcase time="0.0539999999999736" classname="shinytest2_tm_g_scatterplot" name="e2e_tm_g_scatterplot_Module_is_initialised_with_the_specified_defaults."/>
    <testcase time="0.0520000000000209" classname="shinytest2_tm_g_scatterplot" name="e2e_tm_g_scatterplot_Module_is_initialised_with_the_specified_defaults."/>
    <testcase time="0.0500000000000114" classname="shinytest2_tm_g_scatterplot" name="e2e_tm_g_scatterplot_Module_is_initialised_with_the_specified_defaults."/>
    <testcase time="6.10599999999999" classname="shinytest2_tm_g_scatterplot" name="e2e_tm_g_scatterplot_Base_for_the_log_transformation_can_be_applied."/>
    <testcase time="0.750999999999976" classname="shinytest2_tm_g_scatterplot" name="e2e_tm_g_scatterplot_Base_for_the_log_transformation_can_be_applied."/>
    <testcase time="0.908000000000015" classname="shinytest2_tm_g_scatterplot" name="e2e_tm_g_scatterplot_Base_for_the_log_transformation_can_be_applied."/>
    <testcase time="0.769999999999982" classname="shinytest2_tm_g_scatterplot" name="e2e_tm_g_scatterplot_Base_for_the_log_transformation_can_be_applied."/>
    <testcase time="6.839" classname="shinytest2_tm_g_scatterplot" name="e2e_tm_g_scatterplot_The_log_transform_is_only_possible_for_positive_numeric_vars."/>
    <testcase time="0.810000000000002" classname="shinytest2_tm_g_scatterplot" name="e2e_tm_g_scatterplot_The_log_transform_is_only_possible_for_positive_numeric_vars."/>
    <testcase time="1.48200000000003" classname="shinytest2_tm_g_scatterplot" name="e2e_tm_g_scatterplot_The_log_transform_is_only_possible_for_positive_numeric_vars."/>
    <testcase time="7.303" classname="shinytest2_tm_g_scatterplot" name="e2e_tm_g_scatterplot_Get_validation_error_when_facetting_with_the_same_row_col_variable."/>
    <testcase time="6.43399999999997" classname="shinytest2_tm_g_scatterplot" name="e2e_tm_g_scatterplot_The_encoding_inputs_produce_output_without_validation_errors."/>
    <testcase time="0.888000000000034" classname="shinytest2_tm_g_scatterplot" name="e2e_tm_g_scatterplot_The_encoding_inputs_produce_output_without_validation_errors."/>
    <testcase time="1.20599999999996" classname="shinytest2_tm_g_scatterplot" name="e2e_tm_g_scatterplot_The_encoding_inputs_produce_output_without_validation_errors."/>
    <testcase time="1.64800000000002" classname="shinytest2_tm_g_scatterplot" name="e2e_tm_g_scatterplot_The_encoding_inputs_produce_output_without_validation_errors."/>
    <testcase time="1.60599999999999" classname="shinytest2_tm_g_scatterplot" name="e2e_tm_g_scatterplot_The_encoding_inputs_produce_output_without_validation_errors."/>
    <testcase time="1.75600000000003" classname="shinytest2_tm_g_scatterplot" name="e2e_tm_g_scatterplot_The_encoding_inputs_produce_output_without_validation_errors."/>
    <testcase time="1.42899999999997" classname="shinytest2_tm_g_scatterplot" name="e2e_tm_g_scatterplot_The_encoding_inputs_produce_output_without_validation_errors."/>
    <testcase time="20.531" classname="shinytest2_tm_g_scatterplot" name="e2e_tm_g_scatterplot_The_encoding_inputs_produce_output_without_validation_errors."/>
    <testcase time="1.55099999999999" classname="shinytest2_tm_g_scatterplot" name="e2e_tm_g_scatterplot_The_encoding_inputs_produce_output_without_validation_errors."/>
    <testcase time="2.911" classname="shinytest2_tm_g_scatterplot" name="e2e_tm_g_scatterplot_The_encoding_inputs_produce_output_without_validation_errors."/>
    <testcase time="1.92200000000003" classname="shinytest2_tm_g_scatterplot" name="e2e_tm_g_scatterplot_The_encoding_inputs_produce_output_without_validation_errors."/>
  </testsuite>
  <testsuite name="shinytest2-tm_g_scatterplotmatrix" timestamp="2024-11-01T17:04:56Z" hostname="8e07ec1f2db8" tests="9" skipped="0" failures="0" errors="0" time="27.351">
    <testcase time="4.94999999999999" classname="shinytest2_tm_g_scatterplotmatrix" name="e2e_tm_g_scatterplotmatrix_Initializes_without_errors"/>
    <testcase time="0.00499999999999545" classname="shinytest2_tm_g_scatterplotmatrix" name="e2e_tm_g_scatterplotmatrix_Initializes_without_errors"/>
    <testcase time="0.0040000000000191" classname="shinytest2_tm_g_scatterplotmatrix" name="e2e_tm_g_scatterplotmatrix_Initializes_without_errors"/>
    <testcase time="7.24099999999993" classname="shinytest2_tm_g_scatterplotmatrix" name="e2e_tm_g_scatterplotmatrix_Verify_module_displays_data_table"/>
    <testcase time="5.20500000000004" classname="shinytest2_tm_g_scatterplotmatrix" name="e2e_tm_g_scatterplotmatrix_Verify_default_values_and_settings_data_extracts_for_data_selection"/>
    <testcase time="0.00200000000006639" classname="shinytest2_tm_g_scatterplotmatrix" name="e2e_tm_g_scatterplotmatrix_Verify_default_values_and_settings_data_extracts_for_data_selection"/>
    <testcase time="1.23799999999994" classname="shinytest2_tm_g_scatterplotmatrix" name="e2e_tm_g_scatterplotmatrix_Verify_default_values_and_settings_data_extracts_for_data_selection"/>
    <testcase time="6.35799999999995" classname="shinytest2_tm_g_scatterplotmatrix" name="e2e_tm_g_scatterplotmatrix_Change_plot_settings"/>
    <testcase time="2.34800000000007" classname="shinytest2_tm_g_scatterplotmatrix" name="e2e_tm_g_scatterplotmatrix_Change_plot_settings"/>
  </testsuite>
  <testsuite name="shinytest2-tm_misssing_data" timestamp="2024-11-01T17:05:23Z" hostname="8e07ec1f2db8" tests="26" skipped="0" failures="0" errors="0" time="45.375">
    <testcase time="0.362999999999943" classname="shinytest2_tm_misssing_data" name="e2e_tm_missing_data_Initializes_without_errors"/>
    <testcase time="4.98300000000006" classname="shinytest2_tm_misssing_data" name="e2e_tm_missing_data_Initializes_without_errors"/>
    <testcase time="0.0040000000000191" classname="shinytest2_tm_misssing_data" name="e2e_tm_missing_data_Initializes_without_errors"/>
    <testcase time="0.00399999999990541" classname="shinytest2_tm_misssing_data" name="e2e_tm_missing_data_Initializes_without_errors"/>
    <testcase time="0.338000000000079" classname="shinytest2_tm_misssing_data" name="e2e_tm_missing_data_Default_settings_and_visibility_of_the_summary_graph"/>
    <testcase time="4.91499999999996" classname="shinytest2_tm_misssing_data" name="e2e_tm_missing_data_Default_settings_and_visibility_of_the_summary_graph"/>
    <testcase time="0.0510000000000446" classname="shinytest2_tm_misssing_data" name="e2e_tm_missing_data_Default_settings_and_visibility_of_the_summary_graph"/>
    <testcase time="2.58299999999997" classname="shinytest2_tm_misssing_data" name="e2e_tm_missing_data_Default_settings_and_visibility_of_the_summary_graph"/>
    <testcase time="2.35199999999998" classname="shinytest2_tm_misssing_data" name="e2e_tm_missing_data_Default_settings_and_visibility_of_the_summary_graph"/>
    <testcase time="2.08199999999999" classname="shinytest2_tm_misssing_data" name="e2e_tm_missing_data_Default_settings_and_visibility_of_the_summary_graph"/>
    <testcase time="0.33400000000006" classname="shinytest2_tm_misssing_data" name="e2e_tm_missing_data_Check_default_settings_and_visibility_of_the_combinations_graph_and_encodings"/>
    <testcase time="5.04599999999994" classname="shinytest2_tm_misssing_data" name="e2e_tm_missing_data_Check_default_settings_and_visibility_of_the_combinations_graph_and_encodings"/>
    <testcase time="1.423" classname="shinytest2_tm_misssing_data" name="e2e_tm_missing_data_Check_default_settings_and_visibility_of_the_combinations_graph_and_encodings"/>
    <testcase time="2.096" classname="shinytest2_tm_misssing_data" name="e2e_tm_missing_data_Check_default_settings_and_visibility_of_the_combinations_graph_and_encodings"/>
    <testcase time="2.08600000000001" classname="shinytest2_tm_misssing_data" name="e2e_tm_missing_data_Check_default_settings_and_visibility_of_the_combinations_graph_and_encodings"/>
    <testcase time="0.0890000000000555" classname="shinytest2_tm_misssing_data" name="e2e_tm_missing_data_Check_default_settings_and_visibility_of_the_combinations_graph_and_encodings"/>
    <testcase time="0.824999999999932" classname="shinytest2_tm_misssing_data" name="e2e_tm_missing_data_Check_default_settings_and_visibility_of_the_combinations_graph_and_encodings"/>
    <testcase time="0.343000000000075" classname="shinytest2_tm_misssing_data" name="e2e_tm_missing_data_Validate_functionality_and_UI_response_for_By_Variable_Levels_"/>
    <testcase time="5.851" classname="shinytest2_tm_misssing_data" name="e2e_tm_missing_data_Validate_functionality_and_UI_response_for_By_Variable_Levels_"/>
    <testcase time="0.0539999999999736" classname="shinytest2_tm_misssing_data" name="e2e_tm_missing_data_Validate_functionality_and_UI_response_for_By_Variable_Levels_"/>
    <testcase time="0.0520000000000209" classname="shinytest2_tm_misssing_data" name="e2e_tm_missing_data_Validate_functionality_and_UI_response_for_By_Variable_Levels_"/>
    <testcase time="0.601999999999975" classname="shinytest2_tm_misssing_data" name="e2e_tm_missing_data_Validate_functionality_and_UI_response_for_By_Variable_Levels_"/>
    <testcase time="0.00900000000001455" classname="shinytest2_tm_misssing_data" name="e2e_tm_missing_data_Validate_functionality_and_UI_response_for_By_Variable_Levels_"/>
    <testcase time="2.67099999999994" classname="shinytest2_tm_misssing_data" name="e2e_tm_missing_data_Validate_functionality_and_UI_response_for_By_Variable_Levels_"/>
    <testcase time="0.336000000000013" classname="shinytest2_tm_misssing_data" name="e2e_tm_missing_data_Validate_By_Variable_Levels_table_values"/>
    <testcase time="5.88300000000004" classname="shinytest2_tm_misssing_data" name="e2e_tm_missing_data_Validate_By_Variable_Levels_table_values"/>
  </testsuite>
  <testsuite name="shinytest2-tm_outliers" timestamp="2024-11-01T17:06:09Z" hostname="8e07ec1f2db8" tests="61" skipped="0" failures="0" errors="0" time="98.553">
    <testcase time="5.721" classname="shinytest2_tm_outliers" name="e2e_tm_outliers_Data_parameter_and_module_label_is_passed_properly."/>
    <testcase time="0.0040000000000191" classname="shinytest2_tm_outliers" name="e2e_tm_outliers_Data_parameter_and_module_label_is_passed_properly."/>
    <testcase time="0.0040000000000191" classname="shinytest2_tm_outliers" name="e2e_tm_outliers_Data_parameter_and_module_label_is_passed_properly."/>
    <testcase time="0.000999999999976353" classname="shinytest2_tm_outliers" name="e2e_tm_outliers_Data_parameter_and_module_label_is_passed_properly."/>
    <testcase time="6.04099999999994" classname="shinytest2_tm_outliers" name="e2e_tm_outliers_Data_extract_spec_elements_are_initialized_with_the_default_values_specified_by_outlier_var_and_categorical_var_argument."/>
    <testcase time="0.0529999999999973" classname="shinytest2_tm_outliers" name="e2e_tm_outliers_Data_extract_spec_elements_are_initialized_with_the_default_values_specified_by_outlier_var_and_categorical_var_argument."/>
    <testcase time="1.30600000000004" classname="shinytest2_tm_outliers" name="e2e_tm_outliers_Data_extract_spec_elements_are_initialized_with_the_default_values_specified_by_outlier_var_and_categorical_var_argument."/>
    <testcase time="0.01400000000001" classname="shinytest2_tm_outliers" name="e2e_tm_outliers_Data_extract_spec_elements_are_initialized_with_the_default_values_specified_by_outlier_var_and_categorical_var_argument."/>
    <testcase time="0.0499999999999545" classname="shinytest2_tm_outliers" name="e2e_tm_outliers_Data_extract_spec_elements_are_initialized_with_the_default_values_specified_by_outlier_var_and_categorical_var_argument."/>
    <testcase time="0.906000000000063" classname="shinytest2_tm_outliers" name="e2e_tm_outliers_Data_extract_spec_elements_are_initialized_with_the_default_values_specified_by_outlier_var_and_categorical_var_argument."/>
    <testcase time="0.692000000000007" classname="shinytest2_tm_outliers" name="e2e_tm_outliers_Data_extract_spec_elements_are_initialized_with_the_default_values_specified_by_outlier_var_and_categorical_var_argument."/>
    <testcase time="5.66399999999999" classname="shinytest2_tm_outliers" name="e2e_tm_outliers_Plot_type_is_correctly_set_by_default_and_has_appropriate_possible_options."/>
    <testcase time="0.0529999999999973" classname="shinytest2_tm_outliers" name="e2e_tm_outliers_Plot_type_is_correctly_set_by_default_and_has_appropriate_possible_options."/>
    <testcase time="0.00499999999999545" classname="shinytest2_tm_outliers" name="e2e_tm_outliers_Plot_type_is_correctly_set_by_default_and_has_appropriate_possible_options."/>
    <testcase time="1.37800000000004" classname="shinytest2_tm_outliers" name="e2e_tm_outliers_Plot_type_is_correctly_set_by_default_and_has_appropriate_possible_options."/>
    <testcase time="5.68599999999992" classname="shinytest2_tm_outliers" name="e2e_tm_outliers_Module_is_divided_into_3_tabs."/>
    <testcase time="0.0529999999999973" classname="shinytest2_tm_outliers" name="e2e_tm_outliers_Module_is_divided_into_3_tabs."/>
    <testcase time="0.0080000000000382" classname="shinytest2_tm_outliers" name="e2e_tm_outliers_Module_is_divided_into_3_tabs."/>
    <testcase time="5.66600000000005" classname="shinytest2_tm_outliers" name="e2e_tm_outliers_Plot_type_is_hidden_when_Boxplot_tab_is_not_selected."/>
    <testcase time="2.101" classname="shinytest2_tm_outliers" name="e2e_tm_outliers_Plot_type_is_hidden_when_Boxplot_tab_is_not_selected."/>
    <testcase time="3.87299999999993" classname="shinytest2_tm_outliers" name="e2e_tm_outliers_Plot_type_is_hidden_when_Boxplot_tab_is_not_selected."/>
    <testcase time="3.99400000000003" classname="shinytest2_tm_outliers" name="e2e_tm_outliers_Plot_type_is_hidden_when_Boxplot_tab_is_not_selected."/>
    <testcase time="5.63199999999995" classname="shinytest2_tm_outliers" name="e2e_tm_outliers_Default_radio_buttons_are_set_properly."/>
    <testcase time="0.0550000000000637" classname="shinytest2_tm_outliers" name="e2e_tm_outliers_Default_radio_buttons_are_set_properly."/>
    <testcase time="0.0509999999999309" classname="shinytest2_tm_outliers" name="e2e_tm_outliers_Default_radio_buttons_are_set_properly."/>
    <testcase time="2.66500000000008" classname="shinytest2_tm_outliers" name="e2e_tm_outliers_Default_radio_buttons_are_set_properly."/>
    <testcase time="5.745" classname="shinytest2_tm_outliers" name="e2e_tm_outliers_Method_parameters_are_set_properly."/>
    <testcase time="0.0539999999999736" classname="shinytest2_tm_outliers" name="e2e_tm_outliers_Method_parameters_are_set_properly."/>
    <testcase time="0.00499999999999545" classname="shinytest2_tm_outliers" name="e2e_tm_outliers_Method_parameters_are_set_properly."/>
    <testcase time="0.000999999999976353" classname="shinytest2_tm_outliers" name="e2e_tm_outliers_Method_parameters_are_set_properly."/>
    <testcase time="5.745" classname="shinytest2_tm_outliers" name="e2e_tm_outliers_Outlier_definition_text_and_range_are_displayed_properly_depending_on_method."/>
    <testcase time="2.10000000000002" classname="shinytest2_tm_outliers" name="e2e_tm_outliers_Outlier_definition_text_and_range_are_displayed_properly_depending_on_method."/>
    <testcase time="2.09699999999998" classname="shinytest2_tm_outliers" name="e2e_tm_outliers_Outlier_definition_text_and_range_are_displayed_properly_depending_on_method."/>
    <testcase time="2.09400000000005" classname="shinytest2_tm_outliers" name="e2e_tm_outliers_Outlier_definition_text_and_range_are_displayed_properly_depending_on_method."/>
    <testcase time="0.0529999999999973" classname="shinytest2_tm_outliers" name="e2e_tm_outliers_Outlier_definition_text_and_range_are_displayed_properly_depending_on_method."/>
    <testcase time="0.00699999999994816" classname="shinytest2_tm_outliers" name="e2e_tm_outliers_Outlier_definition_text_and_range_are_displayed_properly_depending_on_method."/>
    <testcase time="0.0529999999999973" classname="shinytest2_tm_outliers" name="e2e_tm_outliers_Outlier_definition_text_and_range_are_displayed_properly_depending_on_method."/>
    <testcase time="1.25599999999997" classname="shinytest2_tm_outliers" name="e2e_tm_outliers_Outlier_definition_text_and_range_are_displayed_properly_depending_on_method."/>
    <testcase time="1.21199999999999" classname="shinytest2_tm_outliers" name="e2e_tm_outliers_Outlier_definition_text_and_range_are_displayed_properly_depending_on_method."/>
    <testcase time="2.30500000000006" classname="shinytest2_tm_outliers" name="e2e_tm_outliers_Outlier_definition_text_and_range_are_displayed_properly_depending_on_method."/>
    <testcase time="0.00699999999994816" classname="shinytest2_tm_outliers" name="e2e_tm_outliers_Outlier_definition_text_and_range_are_displayed_properly_depending_on_method."/>
    <testcase time="0.00900000000001455" classname="shinytest2_tm_outliers" name="e2e_tm_outliers_Outlier_definition_text_and_range_are_displayed_properly_depending_on_method."/>
    <testcase time="1.18500000000006" classname="shinytest2_tm_outliers" name="e2e_tm_outliers_Outlier_definition_text_and_range_are_displayed_properly_depending_on_method."/>
    <testcase time="1.39800000000002" classname="shinytest2_tm_outliers" name="e2e_tm_outliers_Outlier_definition_text_and_range_are_displayed_properly_depending_on_method."/>
    <testcase time="2.303" classname="shinytest2_tm_outliers" name="e2e_tm_outliers_Outlier_definition_text_and_range_are_displayed_properly_depending_on_method."/>
    <testcase time="0.00699999999994816" classname="shinytest2_tm_outliers" name="e2e_tm_outliers_Outlier_definition_text_and_range_are_displayed_properly_depending_on_method."/>
    <testcase time="0.00900000000001455" classname="shinytest2_tm_outliers" name="e2e_tm_outliers_Outlier_definition_text_and_range_are_displayed_properly_depending_on_method."/>
    <testcase time="1.26099999999997" classname="shinytest2_tm_outliers" name="e2e_tm_outliers_Outlier_definition_text_and_range_are_displayed_properly_depending_on_method."/>
    <testcase time="5.66700000000003" classname="shinytest2_tm_outliers" name="e2e_tm_outliers_Outliers_summary_table_is_displayed_with_proper_content."/>
    <testcase time="0.0040000000000191" classname="shinytest2_tm_outliers" name="e2e_tm_outliers_Outliers_summary_table_is_displayed_with_proper_content."/>
    <testcase time="0.0040000000000191" classname="shinytest2_tm_outliers" name="e2e_tm_outliers_Outliers_summary_table_is_displayed_with_proper_content."/>
    <testcase time="0.0539999999999736" classname="shinytest2_tm_outliers" name="e2e_tm_outliers_Outliers_summary_table_is_displayed_with_proper_content."/>
    <testcase time="2.62299999999993" classname="shinytest2_tm_outliers" name="e2e_tm_outliers_Outliers_summary_table_is_displayed_with_proper_content."/>
    <testcase time="0.00499999999999545" classname="shinytest2_tm_outliers" name="e2e_tm_outliers_Outliers_summary_table_is_displayed_with_proper_content."/>
    <testcase time="1.28000000000009" classname="shinytest2_tm_outliers" name="e2e_tm_outliers_Outliers_summary_table_is_displayed_with_proper_content."/>
    <testcase time="0.00499999999999545" classname="shinytest2_tm_outliers" name="e2e_tm_outliers_Outliers_summary_table_is_displayed_with_proper_content."/>
    <testcase time="5.72299999999996" classname="shinytest2_tm_outliers" name="e2e_tm_outliers_Outlier_table_is_displayed_with_proper_content."/>
    <testcase time="2.60199999999998" classname="shinytest2_tm_outliers" name="e2e_tm_outliers_Outlier_table_is_displayed_with_proper_content."/>
    <testcase time="0.00100000000009004" classname="shinytest2_tm_outliers" name="e2e_tm_outliers_Outlier_table_is_displayed_with_proper_content."/>
    <testcase time="0.00199999999995271" classname="shinytest2_tm_outliers" name="e2e_tm_outliers_Outlier_table_is_displayed_with_proper_content."/>
    <testcase time="0.000999999999976353" classname="shinytest2_tm_outliers" name="e2e_tm_outliers_Outlier_table_is_displayed_with_proper_content."/>
  </testsuite>
  <testsuite name="shinytest2-tm_t_crosstable" timestamp="2024-11-01T17:07:47Z" hostname="8e07ec1f2db8" tests="9" skipped="0" failures="0" errors="0" time="31.245">
    <testcase time="5.52800000000002" classname="shinytest2_tm_t_crosstable" name="e2e_tm_t_crosstable_Initializes_without_errors"/>
    <testcase time="0.0040000000000191" classname="shinytest2_tm_t_crosstable" name="e2e_tm_t_crosstable_Initializes_without_errors"/>
    <testcase time="0.00499999999999545" classname="shinytest2_tm_t_crosstable" name="e2e_tm_t_crosstable_Initializes_without_errors"/>
    <testcase time="7.77699999999993" classname="shinytest2_tm_t_crosstable" name="e2e_tm_t_crosstable_Verify_module_displays_data_table"/>
    <testcase time="5.79000000000008" classname="shinytest2_tm_t_crosstable" name="e2e_tm_t_crosstable_Verify_default_values_and_settings_data_extracts_for_data_selection"/>
    <testcase time="0.0529999999999973" classname="shinytest2_tm_t_crosstable" name="e2e_tm_t_crosstable_Verify_default_values_and_settings_data_extracts_for_data_selection"/>
    <testcase time="1.78599999999994" classname="shinytest2_tm_t_crosstable" name="e2e_tm_t_crosstable_Verify_default_values_and_settings_data_extracts_for_data_selection"/>
    <testcase time="8.00600000000009" classname="shinytest2_tm_t_crosstable" name="e2e_tm_t_crosstable_Change_plot_settings"/>
    <testcase time="2.29599999999994" classname="shinytest2_tm_t_crosstable" name="e2e_tm_t_crosstable_Change_plot_settings"/>
  </testsuite>
  <testsuite name="shinytest2-tm_variable_browser" timestamp="2024-11-01T17:08:18Z" hostname="8e07ec1f2db8" tests="24" skipped="0" failures="0" errors="0" time="60.209">
    <testcase time="5.62099999999998" classname="shinytest2_tm_variable_browser" name="e2e_tm_variable_browser_content_is_displayed_correctly."/>
    <testcase time="0.0040000000000191" classname="shinytest2_tm_variable_browser" name="e2e_tm_variable_browser_content_is_displayed_correctly."/>
    <testcase time="2.09100000000001" classname="shinytest2_tm_variable_browser" name="e2e_tm_variable_browser_content_is_displayed_correctly."/>
    <testcase time="0.00499999999999545" classname="shinytest2_tm_variable_browser" name="e2e_tm_variable_browser_content_is_displayed_correctly."/>
    <testcase time="0.0040000000000191" classname="shinytest2_tm_variable_browser" name="e2e_tm_variable_browser_content_is_displayed_correctly."/>
    <testcase time="8.48800000000006" classname="shinytest2_tm_variable_browser" name="e2e_tm_variable_browser_Selecting_treat_variable_as_factor_changes_the_table_headers."/>
    <testcase time="7.1819999999999" classname="shinytest2_tm_variable_browser" name="e2e_tm_variable_browser_selection_of_categorical_variable_has_a_table_with_level_header."/>
    <testcase time="8.10000000000002" classname="shinytest2_tm_variable_browser" name="e2e_tm_variable_browser_changing_display_density_encoding_doesn_t_show_errors."/>
    <testcase time="2.32299999999998" classname="shinytest2_tm_variable_browser" name="e2e_tm_variable_browser_changing_display_density_encoding_doesn_t_show_errors."/>
    <testcase time="5.73099999999999" classname="shinytest2_tm_variable_browser" name="e2e_tm_variable_browser_changing_outlier_definition_encoding_doesn_t_show_errors."/>
    <testcase time="3.18600000000004" classname="shinytest2_tm_variable_browser" name="e2e_tm_variable_browser_changing_outlier_definition_encoding_doesn_t_show_errors."/>
    <testcase time="0.0040000000000191" classname="shinytest2_tm_variable_browser" name="e2e_tm_variable_browser_changing_outlier_definition_encoding_doesn_t_show_errors."/>
    <testcase time="0.791000000000054" classname="shinytest2_tm_variable_browser" name="e2e_tm_variable_browser_changing_outlier_definition_encoding_doesn_t_show_errors."/>
    <testcase time="2.33199999999999" classname="shinytest2_tm_variable_browser" name="e2e_tm_variable_browser_changing_outlier_definition_encoding_doesn_t_show_errors."/>
    <testcase time="7.84799999999996" classname="shinytest2_tm_variable_browser" name="e2e_tm_variable_browser_changing_plot_setting_encodings_doesn_t_show_errors."/>
    <testcase time="0.749000000000024" classname="shinytest2_tm_variable_browser" name="e2e_tm_variable_browser_changing_plot_setting_encodings_doesn_t_show_errors."/>
    <testcase time="0.711999999999989" classname="shinytest2_tm_variable_browser" name="e2e_tm_variable_browser_changing_plot_setting_encodings_doesn_t_show_errors."/>
    <testcase time="0.715000000000032" classname="shinytest2_tm_variable_browser" name="e2e_tm_variable_browser_changing_plot_setting_encodings_doesn_t_show_errors."/>
    <testcase time="0.706999999999994" classname="shinytest2_tm_variable_browser" name="e2e_tm_variable_browser_changing_plot_setting_encodings_doesn_t_show_errors."/>
    <testcase time="0.715000000000032" classname="shinytest2_tm_variable_browser" name="e2e_tm_variable_browser_changing_plot_setting_encodings_doesn_t_show_errors."/>
    <testcase time="0.718999999999937" classname="shinytest2_tm_variable_browser" name="e2e_tm_variable_browser_changing_plot_setting_encodings_doesn_t_show_errors."/>
    <testcase time="0.747000000000071" classname="shinytest2_tm_variable_browser" name="e2e_tm_variable_browser_changing_plot_setting_encodings_doesn_t_show_errors."/>
    <testcase time="0.714999999999918" classname="shinytest2_tm_variable_browser" name="e2e_tm_variable_browser_changing_plot_setting_encodings_doesn_t_show_errors."/>
    <testcase time="0.720000000000027" classname="shinytest2_tm_variable_browser" name="e2e_tm_variable_browser_changing_plot_setting_encodings_doesn_t_show_errors."/>
  </testsuite>
  <testsuite name="tm_g_bivariate" timestamp="2024-11-01T17:09:19Z" hostname="8e07ec1f2db8" tests="18" skipped="0" failures="0" errors="0" time="0.513">
    <testcase time="0.394999999999982" classname="tm_g_bivariate" name="tm_g_bivariate_creates_a_teal_module_object"/>
    <testcase time="0.00499999999999545" classname="tm_g_bivariate" name="tm_g_bivariate_creates_a_teal_module_object_with_default_options"/>
    <testcase time="0.00499999999999545" classname="tm_g_bivariate" name="tm_g_bivariate_creates_a_teal_module_object_with_multiple_data_extract_specs"/>
    <testcase time="0.0040000000000191" classname="tm_g_bivariate" name="tm_g_bivariate_creates_a_module_with_datanames_taken_from_data_extracts"/>
    <testcase time="0.0080000000000382" classname="tm_g_bivariate" name="tm_g_bivariate_fails_when_x_contains_a_spec_with_multiple_selection"/>
    <testcase time="0.00699999999994816" classname="tm_g_bivariate" name="tm_g_bivariate_fails_when_x_contains_multiple_spec_with_at_least_one_multiple_selection"/>
    <testcase time="0.00700000000006185" classname="tm_g_bivariate" name="tm_g_bivariate_fails_when_x_contains_multiple_spec_with_at_least_one_multiple_selection"/>
    <testcase time="0.00799999999992451" classname="tm_g_bivariate" name="tm_g_bivariate_fails_when_y_contains_multiple_spec_with_at_least_one_multiple_selection"/>
    <testcase time="0.00700000000006185" classname="tm_g_bivariate" name="tm_g_bivariate_fails_when_plot_height_is_not_valid"/>
    <testcase time="0.00699999999994816" classname="tm_g_bivariate" name="tm_g_bivariate_fails_when_plot_height_is_not_valid"/>
    <testcase time="0.00700000000006185" classname="tm_g_bivariate" name="tm_g_bivariate_fails_when_plot_height_is_not_valid"/>
    <testcase time="0.00699999999994816" classname="tm_g_bivariate" name="tm_g_bivariate_fails_when_plot_width_is_not_valid"/>
    <testcase time="0.0130000000000337" classname="tm_g_bivariate" name="tm_g_bivariate_fails_when_plot_width_is_not_valid"/>
    <testcase time="0.00699999999994816" classname="tm_g_bivariate" name="tm_g_bivariate_fails_when_plot_width_is_not_valid"/>
    <testcase time="0.00700000000006185" classname="tm_g_bivariate" name="tm_g_bivariate_fails_when_color_setting_is_FALSE_and_color_is_supplied"/>
    <testcase time="0.00699999999994816" classname="tm_g_bivariate" name="tm_g_bivariate_fails_when_color_setting_is_FALSE_and_size_is_supplied"/>
    <testcase time="0.00700000000006185" classname="tm_g_bivariate" name="tm_g_bivariate_fails_when_color_setting_is_FALSE_and_fill_is_supplied"/>
    <testcase time="0.00499999999999545" classname="tm_g_bivariate" name="tm_g_bivariate_determines_color_size_and_fill_when_color_setting_is_TRUE"/>
  </testsuite>
  <testsuite name="bivariate_ggplot_call" timestamp="2024-11-01T17:09:19Z" hostname="8e07ec1f2db8" tests="21" skipped="0" failures="0" errors="0" time="0.062">
    <testcase time="0.00699999999994816" classname="bivariate_ggplot_call" name="bivariate_ggplot_call_with_numerics"/>
    <testcase time="0.00300000000004275" classname="bivariate_ggplot_call" name="bivariate_ggplot_call_with_numerics"/>
    <testcase time="0.00199999999995271" classname="bivariate_ggplot_call" name="bivariate_ggplot_call_with_numerics"/>
    <testcase time="0.00300000000004275" classname="bivariate_ggplot_call" name="bivariate_ggplot_call_with_numerics"/>
    <testcase time="0.0040000000000191" classname="bivariate_ggplot_call" name="bivariate_ggplot_call_with_factor_char_logical"/>
    <testcase time="0.00199999999995271" classname="bivariate_ggplot_call" name="bivariate_ggplot_call_with_factor_char_logical"/>
    <testcase time="0.00300000000004275" classname="bivariate_ggplot_call" name="bivariate_ggplot_call_with_factor_char_logical"/>
    <testcase time="0.00199999999995271" classname="bivariate_ggplot_call" name="bivariate_ggplot_call_with_factor_char_logical"/>
    <testcase time="0.00300000000004275" classname="bivariate_ggplot_call" name="bivariate_ggplot_call_with_factor_char_logical"/>
    <testcase time="0.00199999999995271" classname="bivariate_ggplot_call" name="bivariate_ggplot_call_with_factor_char_logical"/>
    <testcase time="0.00200000000006639" classname="bivariate_ggplot_call" name="bivariate_ggplot_call_with_factor_char_logical"/>
    <testcase time="0.00499999999999545" classname="bivariate_ggplot_call" name="bivariate_ggplot_call_with_single_data_numeric"/>
    <testcase time="0.00199999999995271" classname="bivariate_ggplot_call" name="bivariate_ggplot_call_with_single_data_numeric"/>
    <testcase time="0.00300000000004275" classname="bivariate_ggplot_call" name="bivariate_ggplot_call_with_single_data_numeric"/>
    <testcase time="0.00199999999995271" classname="bivariate_ggplot_call" name="bivariate_ggplot_call_with_single_data_numeric"/>
    <testcase time="0.00300000000004275" classname="bivariate_ggplot_call" name="bivariate_ggplot_call_with_single_data_numeric"/>
    <testcase time="0.00199999999995271" classname="bivariate_ggplot_call" name="bivariate_ggplot_call_with_single_data_numeric"/>
    <testcase time="0.00499999999999545" classname="bivariate_ggplot_call" name="bivariate_ggplot_call_with_single_data_factor"/>
    <testcase time="0.00200000000006639" classname="bivariate_ggplot_call" name="bivariate_ggplot_call_with_single_data_factor"/>
    <testcase time="0.00299999999992906" classname="bivariate_ggplot_call" name="bivariate_ggplot_call_with_single_data_factor"/>
    <testcase time="0.00200000000006639" classname="bivariate_ggplot_call" name="bivariate_ggplot_call_with_single_data_factor"/>
  </testsuite>
  <testsuite name="front_page" timestamp="2024-11-01T17:09:19Z" hostname="8e07ec1f2db8" tests="4" skipped="0" failures="0" errors="0" time="0.018">
    <testcase time="0.00599999999997181" classname="front_page" name="convert_metadata_to_dataframe_returns_a_data_frame_with_no_rows_if_no_metadata"/>
    <testcase time="0.0040000000000191" classname="front_page" name="convert_metadata_to_dataframe_returns_a_data_frame_with_metadata_if_more_than_one_dataset"/>
    <testcase time="0.0040000000000191" classname="front_page" name="convert_metadata_to_dataframe_returns_a_data_frame_with_metadata_if_one_dataset"/>
    <testcase time="0.00399999999990541" classname="front_page" name="convert_metadata_to_dataframe_converts_metadata_values_to_characters"/>
  </testsuite>
  <testsuite name="g_expert_cl" timestamp="2024-11-01T17:09:19Z" hostname="8e07ec1f2db8" tests="15" skipped="0" failures="0" errors="0" time="0.025">
    <testcase time="0.00499999999999545" classname="g_expert_cl" name="coloring_ggplot_call_can_work_with_all_combinations"/>
    <testcase time="0.000999999999976353" classname="g_expert_cl" name="coloring_ggplot_call_can_work_with_all_combinations"/>
    <testcase time="0.000999999999976353" classname="g_expert_cl" name="coloring_ggplot_call_can_work_with_all_combinations"/>
    <testcase time="0.000999999999976353" classname="g_expert_cl" name="coloring_ggplot_call_can_work_with_all_combinations"/>
    <testcase time="0.000999999999976353" classname="g_expert_cl" name="coloring_ggplot_call_can_work_with_all_combinations"/>
    <testcase time="0.00100000000009004" classname="g_expert_cl" name="coloring_ggplot_call_can_work_with_all_combinations"/>
    <testcase time="0.00199999999995271" classname="g_expert_cl" name="coloring_ggplot_call_can_work_with_all_combinations"/>
    <testcase time="0.00300000000004275" classname="g_expert_cl" name="coloring_ggplot_call_can_work_with_all_combinations_without_colour_var"/>
    <testcase time="0.000999999999976353" classname="g_expert_cl" name="coloring_ggplot_call_can_work_with_all_combinations_without_colour_var"/>
    <testcase time="0.000999999999976353" classname="g_expert_cl" name="coloring_ggplot_call_can_work_with_all_combinations_without_colour_var"/>
    <testcase time="0.00199999999995271" classname="g_expert_cl" name="coloring_ggplot_call_can_work_with_all_combinations_without_colour_var"/>
    <testcase time="0.00100000000009004" classname="g_expert_cl" name="coloring_ggplot_call_can_work_with_all_combinations_without_colour_var"/>
    <testcase time="0.00299999999992906" classname="g_expert_cl" name="coloring_ggplot_call_can_work_size_var"/>
    <testcase time="0.00100000000009004" classname="g_expert_cl" name="coloring_ggplot_call_can_work_size_var"/>
    <testcase time="0.000999999999976353" classname="g_expert_cl" name="coloring_ggplot_call_can_work_size_var"/>
  </testsuite>
  <testsuite name="scatterplotmatrix_get_stats" timestamp="2024-11-01T17:09:19Z" hostname="8e07ec1f2db8" tests="6" skipped="0" failures="0" errors="0" time="0.021">
    <testcase time="0.00699999999994816" classname="scatterplotmatrix_get_stats" name="get_scatterplotmatrix_stats_x_y_numeric"/>
    <testcase time="0.00200000000006639" classname="scatterplotmatrix_get_stats" name="get_scatterplotmatrix_stats_x_y_numeric"/>
    <testcase time="0.00299999999992906" classname="scatterplotmatrix_get_stats" name="get_scatterplotmatrix_stats_x_y_numeric"/>
    <testcase time="0.00499999999999545" classname="scatterplotmatrix_get_stats" name="get_scatterplotmatrix_stats_x_y_character"/>
    <testcase time="0.00200000000006639" classname="scatterplotmatrix_get_stats" name="get_scatterplotmatrix_stats_x_y_character"/>
    <testcase time="0.00199999999995271" classname="scatterplotmatrix_get_stats" name="get_scatterplotmatrix_stats_x_y_character"/>
  </testsuite>
  <testsuite name="variable_browser" timestamp="2024-11-01T17:09:19Z" hostname="8e07ec1f2db8" tests="3" skipped="0" failures="0" errors="0" time="0.013">
    <testcase time="0.00600000000008549" classname="variable_browser" name="remove_outliers_from_does_not_remove_outliers_when_outlier_definition_is_zero"/>
    <testcase time="0.00399999999990541" classname="variable_browser" name="remove_outliers_from_removes_outliers_when_outlier_definition_is_non_zero"/>
    <testcase time="0.00300000000004275" classname="variable_browser" name="remove_outliers_from_keeps_missing_values_unchanged"/>
  </testsuite>
</testsuites>
