<?xml version="1.0" encoding="UTF-8"?>
<testsuites>
  <testsuite name="examples" timestamp="2025-02-28T16:27:38Z" hostname="ffc12d5c9fdd" tests="37" skipped="37" failures="0" errors="0" time="0.609">
    <testcase time="0.0940000000000001" classname="examples" name="example_add_facet_labels.Rd">
      <skipped message="Reason: On CRAN ('test-examples.R:154:7')"/>
    </testcase>
    <testcase time="0.0549999999999999" classname="examples" name="example_call_fun_dots.Rd">
      <skipped message="Reason: On CRAN ('test-examples.R:154:7')"/>
    </testcase>
    <testcase time="0.034" classname="examples" name="example_create_sparklines.Rd">
      <skipped message="Reason: On CRAN ('test-examples.R:154:7')"/>
    </testcase>
    <testcase time="0.0150000000000001" classname="examples" name="example_establish_updating_selection.Rd">
      <skipped message="Reason: On CRAN ('test-examples.R:154:7')"/>
    </testcase>
    <testcase time="0.0169999999999999" classname="examples" name="example_get_scatterplotmatrix_stats.Rd">
      <skipped message="Reason: On CRAN ('test-examples.R:154:7')"/>
    </testcase>
    <testcase time="0.014" classname="examples" name="example_include_css_files.Rd">
      <skipped message="Reason: On CRAN ('test-examples.R:154:7')"/>
    </testcase>
    <testcase time="0.0150000000000001" classname="examples" name="example_is_tab_active_js.Rd">
      <skipped message="Reason: On CRAN ('test-examples.R:154:7')"/>
    </testcase>
    <testcase time="0.0149999999999999" classname="examples" name="example_plot_var_summary.Rd">
      <skipped message="Reason: On CRAN ('test-examples.R:154:7')"/>
    </testcase>
    <testcase time="0.0170000000000001" classname="examples" name="example_remove_outliers_from.Rd">
      <skipped message="Reason: On CRAN ('test-examples.R:154:7')"/>
    </testcase>
    <testcase time="0.0109999999999999" classname="examples" name="example_render_single_tab.Rd">
      <skipped message="Reason: On CRAN ('test-examples.R:154:7')"/>
    </testcase>
    <testcase time="0.012" classname="examples" name="example_render_tab_header.Rd">
      <skipped message="Reason: On CRAN ('test-examples.R:154:7')"/>
    </testcase>
    <testcase time="0.012" classname="examples" name="example_render_tab_table.Rd">
      <skipped message="Reason: On CRAN ('test-examples.R:154:7')"/>
    </testcase>
    <testcase time="0.0110000000000001" classname="examples" name="example_render_tabset_panel_content.Rd">
      <skipped message="Reason: On CRAN ('test-examples.R:154:7')"/>
    </testcase>
    <testcase time="0.012" classname="examples" name="example_select_decorators.Rd">
      <skipped message="Reason: On CRAN ('test-examples.R:154:7')"/>
    </testcase>
    <testcase time="0.0119999999999998" classname="examples" name="example_shared_params.Rd">
      <skipped message="Reason: On CRAN ('test-examples.R:154:7')"/>
    </testcase>
    <testcase time="0.012" classname="examples" name="example_srv_decorate_teal_data.Rd">
      <skipped message="Reason: On CRAN ('test-examples.R:154:7')"/>
    </testcase>
    <testcase time="0.012" classname="examples" name="example_teal.modules.general.Rd">
      <skipped message="Reason: On CRAN ('test-examples.R:154:7')"/>
    </testcase>
    <testcase time="0.012" classname="examples" name="example_tm_a_pca.Rd">
      <skipped message="Reason: On CRAN ('test-examples.R:154:7')"/>
    </testcase>
    <testcase time="0.012" classname="examples" name="example_tm_a_regression.Rd">
      <skipped message="Reason: On CRAN ('test-examples.R:154:7')"/>
    </testcase>
    <testcase time="0.0150000000000001" classname="examples" name="example_tm_data_table.Rd">
      <skipped message="Reason: On CRAN ('test-examples.R:154:7')"/>
    </testcase>
    <testcase time="0.012" classname="examples" name="example_tm_file_viewer.Rd">
      <skipped message="Reason: On CRAN ('test-examples.R:154:7')"/>
    </testcase>
    <testcase time="0.0109999999999999" classname="examples" name="example_tm_front_page.Rd">
      <skipped message="Reason: On CRAN ('test-examples.R:154:7')"/>
    </testcase>
    <testcase time="0.012" classname="examples" name="example_tm_g_association.Rd">
      <skipped message="Reason: On CRAN ('test-examples.R:154:7')"/>
    </testcase>
    <testcase time="0.0110000000000001" classname="examples" name="example_tm_g_bivariate.Rd">
      <skipped message="Reason: On CRAN ('test-examples.R:154:7')"/>
    </testcase>
    <testcase time="0.012" classname="examples" name="example_tm_g_distribution.Rd">
      <skipped message="Reason: On CRAN ('test-examples.R:154:7')"/>
    </testcase>
    <testcase time="0.0119999999999998" classname="examples" name="example_tm_g_response.Rd">
      <skipped message="Reason: On CRAN ('test-examples.R:154:7')"/>
    </testcase>
    <testcase time="0.0110000000000001" classname="examples" name="example_tm_g_scatterplot.Rd">
      <skipped message="Reason: On CRAN ('test-examples.R:154:7')"/>
    </testcase>
    <testcase time="0.012" classname="examples" name="example_tm_g_scatterplotmatrix.Rd">
      <skipped message="Reason: On CRAN ('test-examples.R:154:7')"/>
    </testcase>
    <testcase time="0.0109999999999999" classname="examples" name="example_tm_missing_data.Rd">
      <skipped message="Reason: On CRAN ('test-examples.R:154:7')"/>
    </testcase>
    <testcase time="0.012" classname="examples" name="example_tm_outliers.Rd">
      <skipped message="Reason: On CRAN ('test-examples.R:154:7')"/>
    </testcase>
    <testcase time="0.014" classname="examples" name="example_tm_t_crosstable.Rd">
      <skipped message="Reason: On CRAN ('test-examples.R:154:7')"/>
    </testcase>
    <testcase time="0.012" classname="examples" name="example_tm_variable_browser.Rd">
      <skipped message="Reason: On CRAN ('test-examples.R:154:7')"/>
    </testcase>
    <testcase time="0.012" classname="examples" name="example_validate_input.Rd">
      <skipped message="Reason: On CRAN ('test-examples.R:154:7')"/>
    </testcase>
    <testcase time="0.0110000000000001" classname="examples" name="example_var_missings_info.Rd">
      <skipped message="Reason: On CRAN ('test-examples.R:154:7')"/>
    </testcase>
    <testcase time="0.012" classname="examples" name="example_var_summary_table.Rd">
      <skipped message="Reason: On CRAN ('test-examples.R:154:7')"/>
    </testcase>
    <testcase time="0.0109999999999999" classname="examples" name="example_variable_type_icons.Rd">
      <skipped message="Reason: On CRAN ('test-examples.R:154:7')"/>
    </testcase>
    <testcase time="0.012" classname="examples" name="example_varname_w_label.Rd">
      <skipped message="Reason: On CRAN ('test-examples.R:154:7')"/>
    </testcase>
  </testsuite>
  <testsuite name="shinytest2-tm_a_pca" timestamp="2025-02-28T16:27:38Z" hostname="ffc12d5c9fdd" tests="49" skipped="0" failures="0" errors="0" time="118.825">
    <testcase time="6.169" classname="shinytest2_tm_a_pca" name="e2e_tm_a_pca_Module_is_initialised_with_the_specified_defaults_in_function_call."/>
    <testcase time="0.0919999999999996" classname="shinytest2_tm_a_pca" name="e2e_tm_a_pca_Module_is_initialised_with_the_specified_defaults_in_function_call."/>
    <testcase time="0.00600000000000023" classname="shinytest2_tm_a_pca" name="e2e_tm_a_pca_Module_is_initialised_with_the_specified_defaults_in_function_call."/>
    <testcase time="0.00499999999999989" classname="shinytest2_tm_a_pca" name="e2e_tm_a_pca_Module_is_initialised_with_the_specified_defaults_in_function_call."/>
    <testcase time="0.0520000000000005" classname="shinytest2_tm_a_pca" name="e2e_tm_a_pca_Module_is_initialised_with_the_specified_defaults_in_function_call."/>
    <testcase time="0.0499999999999989" classname="shinytest2_tm_a_pca" name="e2e_tm_a_pca_Module_is_initialised_with_the_specified_defaults_in_function_call."/>
    <testcase time="0.0510000000000002" classname="shinytest2_tm_a_pca" name="e2e_tm_a_pca_Module_is_initialised_with_the_specified_defaults_in_function_call."/>
    <testcase time="5.293" classname="shinytest2_tm_a_pca" name="e2e_tm_a_pca_Eigenvector_table_should_have_data_extract_selection_Murder_Assault_on_header."/>
    <testcase time="0.138" classname="shinytest2_tm_a_pca" name="e2e_tm_a_pca_Eigenvector_table_should_have_data_extract_selection_Murder_Assault_on_header."/>
    <testcase time="0.0990000000000002" classname="shinytest2_tm_a_pca" name="e2e_tm_a_pca_Eigenvector_table_should_have_data_extract_selection_Murder_Assault_on_header."/>
    <testcase time="0.097999999999999" classname="shinytest2_tm_a_pca" name="e2e_tm_a_pca_Eigenvector_table_should_have_data_extract_selection_Murder_Assault_on_header."/>
    <testcase time="7.923" classname="shinytest2_tm_a_pca" name="e2e_tm_a_pca_Eigenvector_table_should_have_data_extract_selection_Murder_UrbanPop_on_header."/>
    <testcase time="0.143000000000001" classname="shinytest2_tm_a_pca" name="e2e_tm_a_pca_Eigenvector_table_should_have_data_extract_selection_Murder_UrbanPop_on_header."/>
    <testcase time="0.097999999999999" classname="shinytest2_tm_a_pca" name="e2e_tm_a_pca_Eigenvector_table_should_have_data_extract_selection_Murder_UrbanPop_on_header."/>
    <testcase time="0.0970000000000013" classname="shinytest2_tm_a_pca" name="e2e_tm_a_pca_Eigenvector_table_should_have_data_extract_selection_Murder_UrbanPop_on_header."/>
    <testcase time="7.896" classname="shinytest2_tm_a_pca" name="e2e_tm_a_pca_Color_by_columns_data_extract_must_be_from_non_selected_variable_set."/>
    <testcase time="0.724" classname="shinytest2_tm_a_pca" name="e2e_tm_a_pca_Color_by_columns_data_extract_must_be_from_non_selected_variable_set."/>
    <testcase time="5.313" classname="shinytest2_tm_a_pca" name="e2e_tm_a_pca_Changing_output_encodings_of_tables_display_does_not_generate_errors."/>
    <testcase time="0.558999999999997" classname="shinytest2_tm_a_pca" name="e2e_tm_a_pca_Changing_output_encodings_of_tables_display_does_not_generate_errors."/>
    <testcase time="0.0910000000000011" classname="shinytest2_tm_a_pca" name="e2e_tm_a_pca_Changing_output_encodings_of_tables_display_does_not_generate_errors."/>
    <testcase time="0.0499999999999972" classname="shinytest2_tm_a_pca" name="e2e_tm_a_pca_Changing_output_encodings_of_tables_display_does_not_generate_errors."/>
    <testcase time="0.0500000000000043" classname="shinytest2_tm_a_pca" name="e2e_tm_a_pca_Changing_output_encodings_of_tables_display_does_not_generate_errors."/>
    <testcase time="0.0509999999999948" classname="shinytest2_tm_a_pca" name="e2e_tm_a_pca_Changing_output_encodings_of_tables_display_does_not_generate_errors."/>
    <testcase time="6.167" classname="shinytest2_tm_a_pca" name="e2e_tm_a_pca_Changing_output_encodings_for_plot_type_does_not_generate_errors."/>
    <testcase time="1.084" classname="shinytest2_tm_a_pca" name="e2e_tm_a_pca_Changing_output_encodings_for_plot_type_does_not_generate_errors."/>
    <testcase time="0.916999999999994" classname="shinytest2_tm_a_pca" name="e2e_tm_a_pca_Changing_output_encodings_for_plot_type_does_not_generate_errors."/>
    <testcase time="1.1" classname="shinytest2_tm_a_pca" name="e2e_tm_a_pca_Changing_output_encodings_for_plot_type_does_not_generate_errors."/>
    <testcase time="5.3" classname="shinytest2_tm_a_pca" name="e2e_tm_a_pca_Changing_output_encodings_of_standardization_does_not_generate_errors."/>
    <testcase time="1.224" classname="shinytest2_tm_a_pca" name="e2e_tm_a_pca_Changing_output_encodings_of_standardization_does_not_generate_errors."/>
    <testcase time="1.226" classname="shinytest2_tm_a_pca" name="e2e_tm_a_pca_Changing_output_encodings_of_standardization_does_not_generate_errors."/>
    <testcase time="1.22" classname="shinytest2_tm_a_pca" name="e2e_tm_a_pca_Changing_output_encodings_of_standardization_does_not_generate_errors."/>
    <testcase time="5.173" classname="shinytest2_tm_a_pca" name="e2e_tm_a_pca_Changing_output_encodings_of_NA_action_does_not_generate_errors."/>
    <testcase time="7.67700000000001" classname="shinytest2_tm_a_pca" name="e2e_tm_a_pca_Changing_output_encodings_of_plot_type_hides_and_shows_options."/>
    <testcase time="2.12899999999999" classname="shinytest2_tm_a_pca" name="e2e_tm_a_pca_Changing_output_encodings_of_plot_type_hides_and_shows_options."/>
    <testcase time="2.11" classname="shinytest2_tm_a_pca" name="e2e_tm_a_pca_Changing_output_encodings_of_plot_type_hides_and_shows_options."/>
    <testcase time="2.10000000000001" classname="shinytest2_tm_a_pca" name="e2e_tm_a_pca_Changing_output_encodings_of_plot_type_hides_and_shows_options."/>
    <testcase time="2.572" classname="shinytest2_tm_a_pca" name="e2e_tm_a_pca_Changing_output_encodings_of_plot_type_hides_and_shows_options."/>
    <testcase time="2.10599999999999" classname="shinytest2_tm_a_pca" name="e2e_tm_a_pca_Changing_output_encodings_of_plot_type_hides_and_shows_options."/>
    <testcase time="2.785" classname="shinytest2_tm_a_pca" name="e2e_tm_a_pca_Changing_output_encodings_of_plot_type_hides_and_shows_options."/>
    <testcase time="2.119" classname="shinytest2_tm_a_pca" name="e2e_tm_a_pca_Changing_output_encodings_of_plot_type_hides_and_shows_options."/>
    <testcase time="2.117" classname="shinytest2_tm_a_pca" name="e2e_tm_a_pca_Changing_output_encodings_of_plot_type_hides_and_shows_options."/>
    <testcase time="5.181" classname="shinytest2_tm_a_pca" name="e2e_tm_a_pca_Changing_output_encodings_of_theme_does_not_generate_errors."/>
    <testcase time="0.531000000000006" classname="shinytest2_tm_a_pca" name="e2e_tm_a_pca_Changing_output_encodings_of_theme_does_not_generate_errors."/>
    <testcase time="0.531000000000006" classname="shinytest2_tm_a_pca" name="e2e_tm_a_pca_Changing_output_encodings_of_theme_does_not_generate_errors."/>
    <testcase time="0.531999999999996" classname="shinytest2_tm_a_pca" name="e2e_tm_a_pca_Changing_output_encodings_of_theme_does_not_generate_errors."/>
    <testcase time="5.24299999999999" classname="shinytest2_tm_a_pca" name="e2e_tm_a_pca_Changing_output_encodings_of_font_size_does_not_generate_errors."/>
    <testcase time="1.05300000000001" classname="shinytest2_tm_a_pca" name="e2e_tm_a_pca_Changing_output_encodings_of_font_size_does_not_generate_errors."/>
    <testcase time="1.047" classname="shinytest2_tm_a_pca" name="e2e_tm_a_pca_Changing_output_encodings_of_font_size_does_not_generate_errors."/>
    <testcase time="20.533" classname="shinytest2_tm_a_pca" name="e2e_tm_a_pca_Changing_output_encodings_of_font_size_does_not_generate_errors."/>
  </testsuite>
  <testsuite name="shinytest2-tm_a_regression" timestamp="2025-02-28T16:29:37Z" hostname="ffc12d5c9fdd" tests="31" skipped="0" failures="0" errors="0" time="54.209">
    <testcase time="4.926" classname="shinytest2_tm_a_regression" name="e2e_tm_a_regression_Data_parameter_and_module_label_is_passed_properly."/>
    <testcase time="0.00399999999999068" classname="shinytest2_tm_a_regression" name="e2e_tm_a_regression_Data_parameter_and_module_label_is_passed_properly."/>
    <testcase time="0.00500000000000966" classname="shinytest2_tm_a_regression" name="e2e_tm_a_regression_Data_parameter_and_module_label_is_passed_properly."/>
    <testcase time="4.90000000000001" classname="shinytest2_tm_a_regression" name="e2e_tm_a_regression_Data_extract_spec_elements_are_initialized_with_the_default_values_specified_by_response_and_regressor_arg."/>
    <testcase time="0.0900000000000034" classname="shinytest2_tm_a_regression" name="e2e_tm_a_regression_Data_extract_spec_elements_are_initialized_with_the_default_values_specified_by_response_and_regressor_arg."/>
    <testcase time="6.36599999999999" classname="shinytest2_tm_a_regression" name="e2e_tm_a_regression_Plot_type_is_set_properly."/>
    <testcase time="4.86500000000001" classname="shinytest2_tm_a_regression" name="e2e_tm_a_regression_Plot_type_has_7_specific_choices_changing_choices_does_not_throw_errors."/>
    <testcase time="1.86499999999998" classname="shinytest2_tm_a_regression" name="e2e_tm_a_regression_Plot_type_has_7_specific_choices_changing_choices_does_not_throw_errors."/>
    <testcase time="0.00100000000000477" classname="shinytest2_tm_a_regression" name="e2e_tm_a_regression_Plot_type_has_7_specific_choices_changing_choices_does_not_throw_errors."/>
    <testcase time="1.024" classname="shinytest2_tm_a_regression" name="e2e_tm_a_regression_Plot_type_has_7_specific_choices_changing_choices_does_not_throw_errors."/>
    <testcase time="0.00200000000000955" classname="shinytest2_tm_a_regression" name="e2e_tm_a_regression_Plot_type_has_7_specific_choices_changing_choices_does_not_throw_errors."/>
    <testcase time="1.05199999999999" classname="shinytest2_tm_a_regression" name="e2e_tm_a_regression_Plot_type_has_7_specific_choices_changing_choices_does_not_throw_errors."/>
    <testcase time="0.00100000000000477" classname="shinytest2_tm_a_regression" name="e2e_tm_a_regression_Plot_type_has_7_specific_choices_changing_choices_does_not_throw_errors."/>
    <testcase time="1.036" classname="shinytest2_tm_a_regression" name="e2e_tm_a_regression_Plot_type_has_7_specific_choices_changing_choices_does_not_throw_errors."/>
    <testcase time="0.00200000000000955" classname="shinytest2_tm_a_regression" name="e2e_tm_a_regression_Plot_type_has_7_specific_choices_changing_choices_does_not_throw_errors."/>
    <testcase time="1.01599999999999" classname="shinytest2_tm_a_regression" name="e2e_tm_a_regression_Plot_type_has_7_specific_choices_changing_choices_does_not_throw_errors."/>
    <testcase time="0.00100000000000477" classname="shinytest2_tm_a_regression" name="e2e_tm_a_regression_Plot_type_has_7_specific_choices_changing_choices_does_not_throw_errors."/>
    <testcase time="1.262" classname="shinytest2_tm_a_regression" name="e2e_tm_a_regression_Plot_type_has_7_specific_choices_changing_choices_does_not_throw_errors."/>
    <testcase time="0.00100000000000477" classname="shinytest2_tm_a_regression" name="e2e_tm_a_regression_Plot_type_has_7_specific_choices_changing_choices_does_not_throw_errors."/>
    <testcase time="1.05699999999999" classname="shinytest2_tm_a_regression" name="e2e_tm_a_regression_Plot_type_has_7_specific_choices_changing_choices_does_not_throw_errors."/>
    <testcase time="5.28" classname="shinytest2_tm_a_regression" name="e2e_tm_a_regression_Outlier_definition_and_label_are_visible_by_default."/>
    <testcase time="2.11500000000001" classname="shinytest2_tm_a_regression" name="e2e_tm_a_regression_Outlier_definition_and_label_are_visible_by_default."/>
    <testcase time="2.11599999999999" classname="shinytest2_tm_a_regression" name="e2e_tm_a_regression_Outlier_definition_and_label_are_visible_by_default."/>
    <testcase time="4.958" classname="shinytest2_tm_a_regression" name="e2e_tm_a_regression_Outlier_definition_and_label_have_default_values_and_label_text."/>
    <testcase time="0.00399999999999068" classname="shinytest2_tm_a_regression" name="e2e_tm_a_regression_Outlier_definition_and_label_have_default_values_and_label_text."/>
    <testcase time="0.00100000000000477" classname="shinytest2_tm_a_regression" name="e2e_tm_a_regression_Outlier_definition_and_label_have_default_values_and_label_text."/>
    <testcase time="0.092000000000013" classname="shinytest2_tm_a_regression" name="e2e_tm_a_regression_Outlier_definition_and_label_have_default_values_and_label_text."/>
    <testcase time="0.0499999999999829" classname="shinytest2_tm_a_regression" name="e2e_tm_a_regression_Outlier_definition_and_label_have_default_values_and_label_text."/>
    <testcase time="8.006" classname="shinytest2_tm_a_regression" name="e2e_tm_a_regression_Unchecking_display_outlier_hides_outlier_label_and_definition."/>
    <testcase time="2.10500000000002" classname="shinytest2_tm_a_regression" name="e2e_tm_a_regression_Unchecking_display_outlier_hides_outlier_label_and_definition."/>
    <testcase time="0.00600000000000023" classname="shinytest2_tm_a_regression" name="e2e_tm_a_regression_Unchecking_display_outlier_hides_outlier_label_and_definition."/>
  </testsuite>
  <testsuite name="shinytest2-tm_data_table" timestamp="2025-02-28T16:30:31Z" hostname="ffc12d5c9fdd" tests="10" skipped="0" failures="0" errors="0" time="19.084">
    <testcase time="3.88499999999999" classname="shinytest2_tm_data_table" name="e2e_tm_data_table_Initializes_without_errors"/>
    <testcase time="0.00499999999999545" classname="shinytest2_tm_data_table" name="e2e_tm_data_table_Initializes_without_errors"/>
    <testcase time="3.84100000000001" classname="shinytest2_tm_data_table" name="e2e_tm_data_table_Verify_checkbox_displayed_over_data_table"/>
    <testcase time="3.815" classname="shinytest2_tm_data_table" name="e2e_tm_data_table_Verify_module_displays_data_table"/>
    <testcase time="2.07900000000001" classname="shinytest2_tm_data_table" name="e2e_tm_data_table_Verify_module_displays_data_table"/>
    <testcase time="0.032999999999987" classname="shinytest2_tm_data_table" name="e2e_tm_data_table_Verify_module_displays_data_table"/>
    <testcase time="0.769000000000005" classname="shinytest2_tm_data_table" name="e2e_tm_data_table_Verify_module_displays_data_table"/>
    <testcase time="3.905" classname="shinytest2_tm_data_table" name="e2e_tm_data_table_Verify_default_variable_selection_and_set_new_selection"/>
    <testcase time="0.74199999999999" classname="shinytest2_tm_data_table" name="e2e_tm_data_table_Verify_default_variable_selection_and_set_new_selection"/>
    <testcase time="0.00999999999999091" classname="shinytest2_tm_data_table" name="e2e_tm_data_table_Verify_default_variable_selection_and_set_new_selection"/>
  </testsuite>
  <testsuite name="shinytest2-tm_file_viewer" timestamp="2025-02-28T16:30:51Z" hostname="ffc12d5c9fdd" tests="13" skipped="0" failures="0" errors="0" time="29.093">
    <testcase time="3.46200000000002" classname="shinytest2_tm_file_viewer" name="e2e_tm_file_viewer_Initializes_without_errors_and_shows_files_tree_specified_in_input_path_argument"/>
    <testcase time="0.00600000000000023" classname="shinytest2_tm_file_viewer" name="e2e_tm_file_viewer_Initializes_without_errors_and_shows_files_tree_specified_in_input_path_argument"/>
    <testcase time="2.065" classname="shinytest2_tm_file_viewer" name="e2e_tm_file_viewer_Initializes_without_errors_and_shows_files_tree_specified_in_input_path_argument"/>
    <testcase time="0.032999999999987" classname="shinytest2_tm_file_viewer" name="e2e_tm_file_viewer_Initializes_without_errors_and_shows_files_tree_specified_in_input_path_argument"/>
    <testcase time="0.00499999999999545" classname="shinytest2_tm_file_viewer" name="e2e_tm_file_viewer_Initializes_without_errors_and_shows_files_tree_specified_in_input_path_argument"/>
    <testcase time="7.77700000000002" classname="shinytest2_tm_file_viewer" name="e2e_tm_file_viewer_Shows_selected_image_file"/>
    <testcase time="0.00600000000000023" classname="shinytest2_tm_file_viewer" name="e2e_tm_file_viewer_Shows_selected_image_file"/>
    <testcase time="7.78999999999999" classname="shinytest2_tm_file_viewer" name="e2e_tm_file_viewer_Shows_selected_text_file"/>
    <testcase time="0.00800000000000978" classname="shinytest2_tm_file_viewer" name="e2e_tm_file_viewer_Shows_selected_text_file"/>
    <testcase time="0.00200000000000955" classname="shinytest2_tm_file_viewer" name="e2e_tm_file_viewer_Shows_selected_text_file"/>
    <testcase time="0.131999999999977" classname="shinytest2_tm_file_viewer" name="e2e_tm_file_viewer_Shows_selected_text_file"/>
    <testcase time="7.72400000000002" classname="shinytest2_tm_file_viewer" name="e2e_tm_file_viewer_Shows_selected_url"/>
    <testcase time="0.0829999999999984" classname="shinytest2_tm_file_viewer" name="e2e_tm_file_viewer_Shows_selected_url"/>
  </testsuite>
  <testsuite name="shinytest2-tm_front_page" timestamp="2025-02-28T16:31:20Z" hostname="ffc12d5c9fdd" tests="9" skipped="0" failures="0" errors="0" time="21.169">
    <testcase time="3.827" classname="shinytest2_tm_front_page" name="e2e_tm_front_page_Initializes_without_errors_and_check_html_elements"/>
    <testcase time="0.00499999999999545" classname="shinytest2_tm_front_page" name="e2e_tm_front_page_Initializes_without_errors_and_check_html_elements"/>
    <testcase time="0.007000000000005" classname="shinytest2_tm_front_page" name="e2e_tm_front_page_Initializes_without_errors_and_check_html_elements"/>
    <testcase time="0.007000000000005" classname="shinytest2_tm_front_page" name="e2e_tm_front_page_Initializes_without_errors_and_check_html_elements"/>
    <testcase time="3.96199999999999" classname="shinytest2_tm_front_page" name="e2e_tm_front_page_Verify_the_module_displays_tables"/>
    <testcase time="2.072" classname="shinytest2_tm_front_page" name="e2e_tm_front_page_Verify_the_module_displays_tables"/>
    <testcase time="0.0560000000000116" classname="shinytest2_tm_front_page" name="e2e_tm_front_page_Verify_the_module_displays_tables"/>
    <testcase time="2.077" classname="shinytest2_tm_front_page" name="e2e_tm_front_page_Verify_the_module_displays_tables"/>
    <testcase time="9.15599999999998" classname="shinytest2_tm_front_page" name="e2e_tm_front_page_Verify_the_module_displays_metadata"/>
  </testsuite>
  <testsuite name="shinytest2-tm_g_association" timestamp="2025-02-28T16:31:41Z" hostname="ffc12d5c9fdd" tests="13" skipped="0" failures="0" errors="0" time="32.399">
    <testcase time="6.22800000000001" classname="shinytest2_tm_g_association" name="e2e_tm_g_association_Data_parameter_and_module_label_is_passed_properly."/>
    <testcase time="0.00499999999999545" classname="shinytest2_tm_g_association" name="e2e_tm_g_association_Data_parameter_and_module_label_is_passed_properly."/>
    <testcase time="0.00499999999999545" classname="shinytest2_tm_g_association" name="e2e_tm_g_association_Data_parameter_and_module_label_is_passed_properly."/>
    <testcase time="6.34399999999999" classname="shinytest2_tm_g_association" name="e2e_tm_g_association_Data_extract_spec_elements_are_initialized_with_the_default_values_specified_by_ref_and_vars_arguments."/>
    <testcase time="1.16900000000004" classname="shinytest2_tm_g_association" name="e2e_tm_g_association_Data_extract_spec_elements_are_initialized_with_the_default_values_specified_by_ref_and_vars_arguments."/>
    <testcase time="0.00999999999999091" classname="shinytest2_tm_g_association" name="e2e_tm_g_association_Data_extract_spec_elements_are_initialized_with_the_default_values_specified_by_ref_and_vars_arguments."/>
    <testcase time="1.04399999999998" classname="shinytest2_tm_g_association" name="e2e_tm_g_association_Data_extract_spec_elements_are_initialized_with_the_default_values_specified_by_ref_and_vars_arguments."/>
    <testcase time="8.339" classname="shinytest2_tm_g_association" name="e2e_tm_g_association_Module_plot_is_visible."/>
    <testcase time="6.37799999999999" classname="shinytest2_tm_g_association" name="e2e_tm_g_association_Check_and_set_default_values_for_radio_buttons."/>
    <testcase time="0.0510000000000446" classname="shinytest2_tm_g_association" name="e2e_tm_g_association_Check_and_set_default_values_for_radio_buttons."/>
    <testcase time="0.0509999999999877" classname="shinytest2_tm_g_association" name="e2e_tm_g_association_Check_and_set_default_values_for_radio_buttons."/>
    <testcase time="2.76900000000001" classname="shinytest2_tm_g_association" name="e2e_tm_g_association_Check_and_set_default_values_for_radio_buttons."/>
    <testcase time="0.00599999999997181" classname="shinytest2_tm_g_association" name="e2e_tm_g_association_Check_and_set_default_values_for_radio_buttons."/>
  </testsuite>
  <testsuite name="shinytest2-tm_g_bivariate" timestamp="2025-02-28T16:32:13Z" hostname="ffc12d5c9fdd" tests="44" skipped="0" failures="0" errors="0" time="75.165">
    <testcase time="5.495" classname="shinytest2_tm_g_bivariate" name="e2e_tm_g_bivariate_Module_is_initialised_with_the_specified_defaults."/>
    <testcase time="0.0960000000000036" classname="shinytest2_tm_g_bivariate" name="e2e_tm_g_bivariate_Module_is_initialised_with_the_specified_defaults."/>
    <testcase time="0.0500000000000114" classname="shinytest2_tm_g_bivariate" name="e2e_tm_g_bivariate_Module_is_initialised_with_the_specified_defaults."/>
    <testcase time="0.0529999999999973" classname="shinytest2_tm_g_bivariate" name="e2e_tm_g_bivariate_Module_is_initialised_with_the_specified_defaults."/>
    <testcase time="0.0509999999999877" classname="shinytest2_tm_g_bivariate" name="e2e_tm_g_bivariate_Module_is_initialised_with_the_specified_defaults."/>
    <testcase time="0.0509999999999877" classname="shinytest2_tm_g_bivariate" name="e2e_tm_g_bivariate_Module_is_initialised_with_the_specified_defaults."/>
    <testcase time="0.0520000000000209" classname="shinytest2_tm_g_bivariate" name="e2e_tm_g_bivariate_Module_is_initialised_with_the_specified_defaults."/>
    <testcase time="0.0509999999999877" classname="shinytest2_tm_g_bivariate" name="e2e_tm_g_bivariate_Module_is_initialised_with_the_specified_defaults."/>
    <testcase time="0.0500000000000114" classname="shinytest2_tm_g_bivariate" name="e2e_tm_g_bivariate_Module_is_initialised_with_the_specified_defaults."/>
    <testcase time="0.0509999999999877" classname="shinytest2_tm_g_bivariate" name="e2e_tm_g_bivariate_Module_is_initialised_with_the_specified_defaults."/>
    <testcase time="0.0529999999999973" classname="shinytest2_tm_g_bivariate" name="e2e_tm_g_bivariate_Module_is_initialised_with_the_specified_defaults."/>
    <testcase time="0.0529999999999973" classname="shinytest2_tm_g_bivariate" name="e2e_tm_g_bivariate_Module_is_initialised_with_the_specified_defaults."/>
    <testcase time="0.0520000000000209" classname="shinytest2_tm_g_bivariate" name="e2e_tm_g_bivariate_Module_is_initialised_with_the_specified_defaults."/>
    <testcase time="0.0520000000000209" classname="shinytest2_tm_g_bivariate" name="e2e_tm_g_bivariate_Module_is_initialised_with_the_specified_defaults."/>
    <testcase time="0.0499999999999545" classname="shinytest2_tm_g_bivariate" name="e2e_tm_g_bivariate_Module_is_initialised_with_the_specified_defaults."/>
    <testcase time="0.0550000000000068" classname="shinytest2_tm_g_bivariate" name="e2e_tm_g_bivariate_Module_is_initialised_with_the_specified_defaults."/>
    <testcase time="0.0500000000000114" classname="shinytest2_tm_g_bivariate" name="e2e_tm_g_bivariate_Module_is_initialised_with_the_specified_defaults."/>
    <testcase time="0.0520000000000209" classname="shinytest2_tm_g_bivariate" name="e2e_tm_g_bivariate_Module_is_initialised_with_the_specified_defaults."/>
    <testcase time="7.541" classname="shinytest2_tm_g_bivariate" name="e2e_tm_g_bivariate_Coloring_options_are_hidden_when_coloring_is_toggled_off."/>
    <testcase time="2.11000000000001" classname="shinytest2_tm_g_bivariate" name="e2e_tm_g_bivariate_Coloring_options_are_hidden_when_coloring_is_toggled_off."/>
    <testcase time="2.10999999999996" classname="shinytest2_tm_g_bivariate" name="e2e_tm_g_bivariate_Coloring_options_are_hidden_when_coloring_is_toggled_off."/>
    <testcase time="3.15600000000001" classname="shinytest2_tm_g_bivariate" name="e2e_tm_g_bivariate_Coloring_options_are_hidden_when_coloring_is_toggled_off."/>
    <testcase time="2.11000000000001" classname="shinytest2_tm_g_bivariate" name="e2e_tm_g_bivariate_Coloring_options_are_hidden_when_coloring_is_toggled_off."/>
    <testcase time="2.11799999999999" classname="shinytest2_tm_g_bivariate" name="e2e_tm_g_bivariate_Coloring_options_are_hidden_when_coloring_is_toggled_off."/>
    <testcase time="7.58700000000005" classname="shinytest2_tm_g_bivariate" name="e2e_tm_g_bivariate_Facetting_options_are_hidden_when_facet_is_toggled_off."/>
    <testcase time="2.10399999999998" classname="shinytest2_tm_g_bivariate" name="e2e_tm_g_bivariate_Facetting_options_are_hidden_when_facet_is_toggled_off."/>
    <testcase time="2.11599999999999" classname="shinytest2_tm_g_bivariate" name="e2e_tm_g_bivariate_Facetting_options_are_hidden_when_facet_is_toggled_off."/>
    <testcase time="2.11000000000001" classname="shinytest2_tm_g_bivariate" name="e2e_tm_g_bivariate_Facetting_options_are_hidden_when_facet_is_toggled_off."/>
    <testcase time="3.23099999999999" classname="shinytest2_tm_g_bivariate" name="e2e_tm_g_bivariate_Facetting_options_are_hidden_when_facet_is_toggled_off."/>
    <testcase time="2.11099999999999" classname="shinytest2_tm_g_bivariate" name="e2e_tm_g_bivariate_Facetting_options_are_hidden_when_facet_is_toggled_off."/>
    <testcase time="2.11400000000003" classname="shinytest2_tm_g_bivariate" name="e2e_tm_g_bivariate_Facetting_options_are_hidden_when_facet_is_toggled_off."/>
    <testcase time="2.11099999999999" classname="shinytest2_tm_g_bivariate" name="e2e_tm_g_bivariate_Facetting_options_are_hidden_when_facet_is_toggled_off."/>
    <testcase time="6.71199999999999" classname="shinytest2_tm_g_bivariate" name="e2e_tm_g_bivariate_Setting_encoding_inputs_produces_outputs_without_validation_errors."/>
    <testcase time="0.524000000000001" classname="shinytest2_tm_g_bivariate" name="e2e_tm_g_bivariate_Setting_encoding_inputs_produces_outputs_without_validation_errors."/>
    <testcase time="1.322" classname="shinytest2_tm_g_bivariate" name="e2e_tm_g_bivariate_Setting_encoding_inputs_produces_outputs_without_validation_errors."/>
    <testcase time="2.14400000000001" classname="shinytest2_tm_g_bivariate" name="e2e_tm_g_bivariate_Setting_encoding_inputs_produces_outputs_without_validation_errors."/>
    <testcase time="1.214" classname="shinytest2_tm_g_bivariate" name="e2e_tm_g_bivariate_Setting_encoding_inputs_produces_outputs_without_validation_errors."/>
    <testcase time="1.88599999999997" classname="shinytest2_tm_g_bivariate" name="e2e_tm_g_bivariate_Setting_encoding_inputs_produces_outputs_without_validation_errors."/>
    <testcase time="1.89000000000004" classname="shinytest2_tm_g_bivariate" name="e2e_tm_g_bivariate_Setting_encoding_inputs_produces_outputs_without_validation_errors."/>
    <testcase time="1.93699999999995" classname="shinytest2_tm_g_bivariate" name="e2e_tm_g_bivariate_Setting_encoding_inputs_produces_outputs_without_validation_errors."/>
    <testcase time="2.012" classname="shinytest2_tm_g_bivariate" name="e2e_tm_g_bivariate_Setting_encoding_inputs_produces_outputs_without_validation_errors."/>
    <testcase time="2.12600000000003" classname="shinytest2_tm_g_bivariate" name="e2e_tm_g_bivariate_Setting_encoding_inputs_produces_outputs_without_validation_errors."/>
    <testcase time="2.14799999999997" classname="shinytest2_tm_g_bivariate" name="e2e_tm_g_bivariate_Setting_encoding_inputs_produces_outputs_without_validation_errors."/>
    <testcase time="2.20400000000001" classname="shinytest2_tm_g_bivariate" name="e2e_tm_g_bivariate_Setting_encoding_inputs_produces_outputs_without_validation_errors."/>
  </testsuite>
  <testsuite name="shinytest2-tm_g_distribution" timestamp="2025-02-28T16:33:53Z" hostname="ffc12d5c9fdd" tests="20" skipped="0" failures="0" errors="0" time="58.183">
    <testcase time="30.548" classname="shinytest2_tm_g_distribution" name="e2e_tm_g_distribution_Module_is_initialised_with_the_specified_defaults."/>
    <testcase time="0.0509999999999877" classname="shinytest2_tm_g_distribution" name="e2e_tm_g_distribution_Module_is_initialised_with_the_specified_defaults."/>
    <testcase time="0.0520000000000209" classname="shinytest2_tm_g_distribution" name="e2e_tm_g_distribution_Module_is_initialised_with_the_specified_defaults."/>
    <testcase time="0.0520000000000209" classname="shinytest2_tm_g_distribution" name="e2e_tm_g_distribution_Module_is_initialised_with_the_specified_defaults."/>
    <testcase time="0.0519999999999641" classname="shinytest2_tm_g_distribution" name="e2e_tm_g_distribution_Module_is_initialised_with_the_specified_defaults."/>
    <testcase time="0.0500000000000114" classname="shinytest2_tm_g_distribution" name="e2e_tm_g_distribution_Module_is_initialised_with_the_specified_defaults."/>
    <testcase time="0.0500000000000114" classname="shinytest2_tm_g_distribution" name="e2e_tm_g_distribution_Module_is_initialised_with_the_specified_defaults."/>
    <testcase time="0.0520000000000209" classname="shinytest2_tm_g_distribution" name="e2e_tm_g_distribution_Module_is_initialised_with_the_specified_defaults."/>
    <testcase time="0.0509999999999877" classname="shinytest2_tm_g_distribution" name="e2e_tm_g_distribution_Module_is_initialised_with_the_specified_defaults."/>
    <testcase time="0.682000000000016" classname="shinytest2_tm_g_distribution" name="e2e_tm_g_distribution_Module_is_initialised_with_the_specified_defaults."/>
    <testcase time="6.19799999999998" classname="shinytest2_tm_g_distribution" name="e2e_tm_g_distribution_Histogram_encoding_inputs_produce_output_without_validation_errors."/>
    <testcase time="2.24000000000001" classname="shinytest2_tm_g_distribution" name="e2e_tm_g_distribution_Histogram_encoding_inputs_produce_output_without_validation_errors."/>
    <testcase time="1.33499999999998" classname="shinytest2_tm_g_distribution" name="e2e_tm_g_distribution_Histogram_encoding_inputs_produce_output_without_validation_errors."/>
    <testcase time="0.977000000000032" classname="shinytest2_tm_g_distribution" name="e2e_tm_g_distribution_Histogram_encoding_inputs_produce_output_without_validation_errors."/>
    <testcase time="1.81599999999997" classname="shinytest2_tm_g_distribution" name="e2e_tm_g_distribution_Histogram_encoding_inputs_produce_output_without_validation_errors."/>
    <testcase time="1.67399999999998" classname="shinytest2_tm_g_distribution" name="e2e_tm_g_distribution_Histogram_encoding_inputs_produce_output_without_validation_errors."/>
    <testcase time="1.03900000000004" classname="shinytest2_tm_g_distribution" name="e2e_tm_g_distribution_Histogram_encoding_inputs_produce_output_without_validation_errors."/>
    <testcase time="0.939999999999998" classname="shinytest2_tm_g_distribution" name="e2e_tm_g_distribution_Histogram_encoding_inputs_produce_output_without_validation_errors."/>
    <testcase time="6.17099999999999" classname="shinytest2_tm_g_distribution" name="e2e_tm_g_distribution_QQ_plot_encoding_inputs_produce_output_without_validation_errors."/>
    <testcase time="4.15299999999996" classname="shinytest2_tm_g_distribution" name="e2e_tm_g_distribution_QQ_plot_encoding_inputs_produce_output_without_validation_errors."/>
  </testsuite>
  <testsuite name="shinytest2-tm_g_response" timestamp="2025-02-28T16:34:27Z" hostname="ffc12d5c9fdd" tests="17" skipped="0" failures="0" errors="0" time="29.976">
    <testcase time="5.322" classname="shinytest2_tm_g_response" name="e2e_tm_g_response_module_is_initialised_with_the_specified_defaults."/>
    <testcase time="0.0900000000000318" classname="shinytest2_tm_g_response" name="e2e_tm_g_response_module_is_initialised_with_the_specified_defaults."/>
    <testcase time="0.0500000000000114" classname="shinytest2_tm_g_response" name="e2e_tm_g_response_module_is_initialised_with_the_specified_defaults."/>
    <testcase time="0.0499999999999545" classname="shinytest2_tm_g_response" name="e2e_tm_g_response_module_is_initialised_with_the_specified_defaults."/>
    <testcase time="0.0520000000000209" classname="shinytest2_tm_g_response" name="e2e_tm_g_response_module_is_initialised_with_the_specified_defaults."/>
    <testcase time="0.0529999999999973" classname="shinytest2_tm_g_response" name="e2e_tm_g_response_module_is_initialised_with_the_specified_defaults."/>
    <testcase time="0.0509999999999877" classname="shinytest2_tm_g_response" name="e2e_tm_g_response_module_is_initialised_with_the_specified_defaults."/>
    <testcase time="0.0500000000000114" classname="shinytest2_tm_g_response" name="e2e_tm_g_response_module_is_initialised_with_the_specified_defaults."/>
    <testcase time="6.36099999999999" classname="shinytest2_tm_g_response" name="e2e_tm_g_response_encoding_inputs_produce_output_without_validation_errors."/>
    <testcase time="1.173" classname="shinytest2_tm_g_response" name="e2e_tm_g_response_encoding_inputs_produce_output_without_validation_errors."/>
    <testcase time="1.09300000000002" classname="shinytest2_tm_g_response" name="e2e_tm_g_response_encoding_inputs_produce_output_without_validation_errors."/>
    <testcase time="0.98399999999998" classname="shinytest2_tm_g_response" name="e2e_tm_g_response_encoding_inputs_produce_output_without_validation_errors."/>
    <testcase time="1.01600000000002" classname="shinytest2_tm_g_response" name="e2e_tm_g_response_encoding_inputs_produce_output_without_validation_errors."/>
    <testcase time="1.04300000000001" classname="shinytest2_tm_g_response" name="e2e_tm_g_response_encoding_inputs_produce_output_without_validation_errors."/>
    <testcase time="1.07299999999998" classname="shinytest2_tm_g_response" name="e2e_tm_g_response_encoding_inputs_produce_output_without_validation_errors."/>
    <testcase time="5.74600000000004" classname="shinytest2_tm_g_response" name="e2e_tm_g_response_deselecting_response_produces_validation_error."/>
    <testcase time="5.76899999999995" classname="shinytest2_tm_g_response" name="e2e_tm_g_response_deselecting_x_produces_validation_error."/>
  </testsuite>
  <testsuite name="shinytest2-tm_g_scatterplot" timestamp="2025-02-28T16:34:56Z" hostname="ffc12d5c9fdd" tests="35" skipped="0" failures="0" errors="0" time="74.458">
    <testcase time="5.29500000000002" classname="shinytest2_tm_g_scatterplot" name="e2e_tm_g_scatterplot_Module_is_initialised_with_the_specified_defaults."/>
    <testcase time="0.0500000000000114" classname="shinytest2_tm_g_scatterplot" name="e2e_tm_g_scatterplot_Module_is_initialised_with_the_specified_defaults."/>
    <testcase time="0.0500000000000114" classname="shinytest2_tm_g_scatterplot" name="e2e_tm_g_scatterplot_Module_is_initialised_with_the_specified_defaults."/>
    <testcase time="0.0579999999999927" classname="shinytest2_tm_g_scatterplot" name="e2e_tm_g_scatterplot_Module_is_initialised_with_the_specified_defaults."/>
    <testcase time="0.0509999999999877" classname="shinytest2_tm_g_scatterplot" name="e2e_tm_g_scatterplot_Module_is_initialised_with_the_specified_defaults."/>
    <testcase time="0.0520000000000209" classname="shinytest2_tm_g_scatterplot" name="e2e_tm_g_scatterplot_Module_is_initialised_with_the_specified_defaults."/>
    <testcase time="0.0509999999999877" classname="shinytest2_tm_g_scatterplot" name="e2e_tm_g_scatterplot_Module_is_initialised_with_the_specified_defaults."/>
    <testcase time="0.0529999999999973" classname="shinytest2_tm_g_scatterplot" name="e2e_tm_g_scatterplot_Module_is_initialised_with_the_specified_defaults."/>
    <testcase time="0.0509999999999877" classname="shinytest2_tm_g_scatterplot" name="e2e_tm_g_scatterplot_Module_is_initialised_with_the_specified_defaults."/>
    <testcase time="0.0509999999999877" classname="shinytest2_tm_g_scatterplot" name="e2e_tm_g_scatterplot_Module_is_initialised_with_the_specified_defaults."/>
    <testcase time="0.0510000000000446" classname="shinytest2_tm_g_scatterplot" name="e2e_tm_g_scatterplot_Module_is_initialised_with_the_specified_defaults."/>
    <testcase time="0.0509999999999877" classname="shinytest2_tm_g_scatterplot" name="e2e_tm_g_scatterplot_Module_is_initialised_with_the_specified_defaults."/>
    <testcase time="0.0500000000000114" classname="shinytest2_tm_g_scatterplot" name="e2e_tm_g_scatterplot_Module_is_initialised_with_the_specified_defaults."/>
    <testcase time="0.0519999999999641" classname="shinytest2_tm_g_scatterplot" name="e2e_tm_g_scatterplot_Module_is_initialised_with_the_specified_defaults."/>
    <testcase time="0.0510000000000446" classname="shinytest2_tm_g_scatterplot" name="e2e_tm_g_scatterplot_Module_is_initialised_with_the_specified_defaults."/>
    <testcase time="0.0499999999999545" classname="shinytest2_tm_g_scatterplot" name="e2e_tm_g_scatterplot_Module_is_initialised_with_the_specified_defaults."/>
    <testcase time="6.19" classname="shinytest2_tm_g_scatterplot" name="e2e_tm_g_scatterplot_Base_for_the_log_transformation_can_be_applied."/>
    <testcase time="0.926000000000045" classname="shinytest2_tm_g_scatterplot" name="e2e_tm_g_scatterplot_Base_for_the_log_transformation_can_be_applied."/>
    <testcase time="0.846000000000004" classname="shinytest2_tm_g_scatterplot" name="e2e_tm_g_scatterplot_Base_for_the_log_transformation_can_be_applied."/>
    <testcase time="0.835999999999956" classname="shinytest2_tm_g_scatterplot" name="e2e_tm_g_scatterplot_Base_for_the_log_transformation_can_be_applied."/>
    <testcase time="6.81300000000005" classname="shinytest2_tm_g_scatterplot" name="e2e_tm_g_scatterplot_The_log_transform_is_only_possible_for_positive_numeric_vars."/>
    <testcase time="0.901999999999987" classname="shinytest2_tm_g_scatterplot" name="e2e_tm_g_scatterplot_The_log_transform_is_only_possible_for_positive_numeric_vars."/>
    <testcase time="1.49299999999999" classname="shinytest2_tm_g_scatterplot" name="e2e_tm_g_scatterplot_The_log_transform_is_only_possible_for_positive_numeric_vars."/>
    <testcase time="7.31399999999996" classname="shinytest2_tm_g_scatterplot" name="e2e_tm_g_scatterplot_Get_validation_error_when_facetting_with_the_same_row_col_variable."/>
    <testcase time="6.495" classname="shinytest2_tm_g_scatterplot" name="e2e_tm_g_scatterplot_The_encoding_inputs_produce_output_without_validation_errors."/>
    <testcase time="0.984000000000037" classname="shinytest2_tm_g_scatterplot" name="e2e_tm_g_scatterplot_The_encoding_inputs_produce_output_without_validation_errors."/>
    <testcase time="1.351" classname="shinytest2_tm_g_scatterplot" name="e2e_tm_g_scatterplot_The_encoding_inputs_produce_output_without_validation_errors."/>
    <testcase time="1.80599999999998" classname="shinytest2_tm_g_scatterplot" name="e2e_tm_g_scatterplot_The_encoding_inputs_produce_output_without_validation_errors."/>
    <testcase time="1.86500000000001" classname="shinytest2_tm_g_scatterplot" name="e2e_tm_g_scatterplot_The_encoding_inputs_produce_output_without_validation_errors."/>
    <testcase time="1.57999999999998" classname="shinytest2_tm_g_scatterplot" name="e2e_tm_g_scatterplot_The_encoding_inputs_produce_output_without_validation_errors."/>
    <testcase time="1.56100000000004" classname="shinytest2_tm_g_scatterplot" name="e2e_tm_g_scatterplot_The_encoding_inputs_produce_output_without_validation_errors."/>
    <testcase time="20.532" classname="shinytest2_tm_g_scatterplot" name="e2e_tm_g_scatterplot_The_encoding_inputs_produce_output_without_validation_errors."/>
    <testcase time="1.62700000000001" classname="shinytest2_tm_g_scatterplot" name="e2e_tm_g_scatterplot_The_encoding_inputs_produce_output_without_validation_errors."/>
    <testcase time="3.13999999999999" classname="shinytest2_tm_g_scatterplot" name="e2e_tm_g_scatterplot_The_encoding_inputs_produce_output_without_validation_errors."/>
    <testcase time="2.13" classname="shinytest2_tm_g_scatterplot" name="e2e_tm_g_scatterplot_The_encoding_inputs_produce_output_without_validation_errors."/>
  </testsuite>
  <testsuite name="shinytest2-tm_g_scatterplotmatrix" timestamp="2025-02-28T16:36:11Z" hostname="ffc12d5c9fdd" tests="9" skipped="0" failures="0" errors="0" time="28.099">
    <testcase time="5.10400000000004" classname="shinytest2_tm_g_scatterplotmatrix" name="e2e_tm_g_scatterplotmatrix_Initializes_without_errors"/>
    <testcase time="0.00399999999990541" classname="shinytest2_tm_g_scatterplotmatrix" name="e2e_tm_g_scatterplotmatrix_Initializes_without_errors"/>
    <testcase time="0.0040000000000191" classname="shinytest2_tm_g_scatterplotmatrix" name="e2e_tm_g_scatterplotmatrix_Initializes_without_errors"/>
    <testcase time="7.22199999999998" classname="shinytest2_tm_g_scatterplotmatrix" name="e2e_tm_g_scatterplotmatrix_Verify_module_displays_data_table"/>
    <testcase time="5.20500000000004" classname="shinytest2_tm_g_scatterplotmatrix" name="e2e_tm_g_scatterplotmatrix_Verify_default_values_and_settings_data_extracts_for_data_selection"/>
    <testcase time="0.00200000000006639" classname="shinytest2_tm_g_scatterplotmatrix" name="e2e_tm_g_scatterplotmatrix_Verify_default_values_and_settings_data_extracts_for_data_selection"/>
    <testcase time="1.44099999999992" classname="shinytest2_tm_g_scatterplotmatrix" name="e2e_tm_g_scatterplotmatrix_Verify_default_values_and_settings_data_extracts_for_data_selection"/>
    <testcase time="6.52700000000004" classname="shinytest2_tm_g_scatterplotmatrix" name="e2e_tm_g_scatterplotmatrix_Change_plot_settings"/>
    <testcase time="2.59000000000003" classname="shinytest2_tm_g_scatterplotmatrix" name="e2e_tm_g_scatterplotmatrix_Change_plot_settings"/>
  </testsuite>
  <testsuite name="shinytest2-tm_misssing_data" timestamp="2025-02-28T16:36:39Z" hostname="ffc12d5c9fdd" tests="26" skipped="0" failures="0" errors="0" time="48.455">
    <testcase time="0.232999999999947" classname="shinytest2_tm_misssing_data" name="e2e_tm_missing_data_Initializes_without_errors"/>
    <testcase time="5.17200000000003" classname="shinytest2_tm_misssing_data" name="e2e_tm_missing_data_Initializes_without_errors"/>
    <testcase time="0.00499999999999545" classname="shinytest2_tm_misssing_data" name="e2e_tm_missing_data_Initializes_without_errors"/>
    <testcase time="0.0040000000000191" classname="shinytest2_tm_misssing_data" name="e2e_tm_missing_data_Initializes_without_errors"/>
    <testcase time="0.230000000000018" classname="shinytest2_tm_misssing_data" name="e2e_tm_missing_data_Default_settings_and_visibility_of_the_summary_graph"/>
    <testcase time="5.51199999999994" classname="shinytest2_tm_misssing_data" name="e2e_tm_missing_data_Default_settings_and_visibility_of_the_summary_graph"/>
    <testcase time="0.0499999999999545" classname="shinytest2_tm_misssing_data" name="e2e_tm_missing_data_Default_settings_and_visibility_of_the_summary_graph"/>
    <testcase time="3.01100000000008" classname="shinytest2_tm_misssing_data" name="e2e_tm_missing_data_Default_settings_and_visibility_of_the_summary_graph"/>
    <testcase time="2.78800000000001" classname="shinytest2_tm_misssing_data" name="e2e_tm_missing_data_Default_settings_and_visibility_of_the_summary_graph"/>
    <testcase time="2.101" classname="shinytest2_tm_misssing_data" name="e2e_tm_missing_data_Default_settings_and_visibility_of_the_summary_graph"/>
    <testcase time="0.218999999999937" classname="shinytest2_tm_misssing_data" name="e2e_tm_missing_data_Check_default_settings_and_visibility_of_the_combinations_graph_and_encodings"/>
    <testcase time="5.17399999999998" classname="shinytest2_tm_misssing_data" name="e2e_tm_missing_data_Check_default_settings_and_visibility_of_the_combinations_graph_and_encodings"/>
    <testcase time="1.67100000000005" classname="shinytest2_tm_misssing_data" name="e2e_tm_missing_data_Check_default_settings_and_visibility_of_the_combinations_graph_and_encodings"/>
    <testcase time="2.10299999999995" classname="shinytest2_tm_misssing_data" name="e2e_tm_missing_data_Check_default_settings_and_visibility_of_the_combinations_graph_and_encodings"/>
    <testcase time="2.10599999999999" classname="shinytest2_tm_misssing_data" name="e2e_tm_missing_data_Check_default_settings_and_visibility_of_the_combinations_graph_and_encodings"/>
    <testcase time="0.113000000000056" classname="shinytest2_tm_misssing_data" name="e2e_tm_missing_data_Check_default_settings_and_visibility_of_the_combinations_graph_and_encodings"/>
    <testcase time="1.17200000000003" classname="shinytest2_tm_misssing_data" name="e2e_tm_missing_data_Check_default_settings_and_visibility_of_the_combinations_graph_and_encodings"/>
    <testcase time="0.220000000000027" classname="shinytest2_tm_misssing_data" name="e2e_tm_missing_data_Validate_functionality_and_UI_response_for_By_Variable_Levels_"/>
    <testcase time="6.18499999999995" classname="shinytest2_tm_misssing_data" name="e2e_tm_missing_data_Validate_functionality_and_UI_response_for_By_Variable_Levels_"/>
    <testcase time="0.0550000000000637" classname="shinytest2_tm_misssing_data" name="e2e_tm_missing_data_Validate_functionality_and_UI_response_for_By_Variable_Levels_"/>
    <testcase time="0.0499999999999545" classname="shinytest2_tm_misssing_data" name="e2e_tm_missing_data_Validate_functionality_and_UI_response_for_By_Variable_Levels_"/>
    <testcase time="0.843000000000075" classname="shinytest2_tm_misssing_data" name="e2e_tm_missing_data_Validate_functionality_and_UI_response_for_By_Variable_Levels_"/>
    <testcase time="0.00899999999990087" classname="shinytest2_tm_misssing_data" name="e2e_tm_missing_data_Validate_functionality_and_UI_response_for_By_Variable_Levels_"/>
    <testcase time="2.95800000000008" classname="shinytest2_tm_misssing_data" name="e2e_tm_missing_data_Validate_functionality_and_UI_response_for_By_Variable_Levels_"/>
    <testcase time="0.230000000000018" classname="shinytest2_tm_misssing_data" name="e2e_tm_missing_data_Validate_By_Variable_Levels_table_values"/>
    <testcase time="6.24099999999999" classname="shinytest2_tm_misssing_data" name="e2e_tm_missing_data_Validate_By_Variable_Levels_table_values"/>
  </testsuite>
  <testsuite name="shinytest2-tm_outliers" timestamp="2025-02-28T16:37:28Z" hostname="ffc12d5c9fdd" tests="61" skipped="0" failures="0" errors="0" time="113.518">
    <testcase time="6.49199999999996" classname="shinytest2_tm_outliers" name="e2e_tm_outliers_Data_parameter_and_module_label_is_passed_properly."/>
    <testcase time="0.00499999999999545" classname="shinytest2_tm_outliers" name="e2e_tm_outliers_Data_parameter_and_module_label_is_passed_properly."/>
    <testcase time="0.0040000000000191" classname="shinytest2_tm_outliers" name="e2e_tm_outliers_Data_parameter_and_module_label_is_passed_properly."/>
    <testcase time="0.000999999999976353" classname="shinytest2_tm_outliers" name="e2e_tm_outliers_Data_parameter_and_module_label_is_passed_properly."/>
    <testcase time="6.529" classname="shinytest2_tm_outliers" name="e2e_tm_outliers_Data_extract_spec_elements_are_initialized_with_the_default_values_specified_by_outlier_var_and_categorical_var_argument."/>
    <testcase time="0.0790000000000646" classname="shinytest2_tm_outliers" name="e2e_tm_outliers_Data_extract_spec_elements_are_initialized_with_the_default_values_specified_by_outlier_var_and_categorical_var_argument."/>
    <testcase time="1.77299999999991" classname="shinytest2_tm_outliers" name="e2e_tm_outliers_Data_extract_spec_elements_are_initialized_with_the_default_values_specified_by_outlier_var_and_categorical_var_argument."/>
    <testcase time="0.0149999999999864" classname="shinytest2_tm_outliers" name="e2e_tm_outliers_Data_extract_spec_elements_are_initialized_with_the_default_values_specified_by_outlier_var_and_categorical_var_argument."/>
    <testcase time="0.0510000000000446" classname="shinytest2_tm_outliers" name="e2e_tm_outliers_Data_extract_spec_elements_are_initialized_with_the_default_values_specified_by_outlier_var_and_categorical_var_argument."/>
    <testcase time="1.20299999999997" classname="shinytest2_tm_outliers" name="e2e_tm_outliers_Data_extract_spec_elements_are_initialized_with_the_default_values_specified_by_outlier_var_and_categorical_var_argument."/>
    <testcase time="0.790000000000077" classname="shinytest2_tm_outliers" name="e2e_tm_outliers_Data_extract_spec_elements_are_initialized_with_the_default_values_specified_by_outlier_var_and_categorical_var_argument."/>
    <testcase time="6.19299999999998" classname="shinytest2_tm_outliers" name="e2e_tm_outliers_Plot_type_is_correctly_set_by_default_and_has_appropriate_possible_options."/>
    <testcase time="0.0810000000000173" classname="shinytest2_tm_outliers" name="e2e_tm_outliers_Plot_type_is_correctly_set_by_default_and_has_appropriate_possible_options."/>
    <testcase time="0.00499999999999545" classname="shinytest2_tm_outliers" name="e2e_tm_outliers_Plot_type_is_correctly_set_by_default_and_has_appropriate_possible_options."/>
    <testcase time="1.78699999999992" classname="shinytest2_tm_outliers" name="e2e_tm_outliers_Plot_type_is_correctly_set_by_default_and_has_appropriate_possible_options."/>
    <testcase time="6.16100000000006" classname="shinytest2_tm_outliers" name="e2e_tm_outliers_Module_is_divided_into_3_tabs."/>
    <testcase time="0.0839999999999463" classname="shinytest2_tm_outliers" name="e2e_tm_outliers_Module_is_divided_into_3_tabs."/>
    <testcase time="0.0080000000000382" classname="shinytest2_tm_outliers" name="e2e_tm_outliers_Module_is_divided_into_3_tabs."/>
    <testcase time="6.44799999999998" classname="shinytest2_tm_outliers" name="e2e_tm_outliers_Plot_type_is_hidden_when_Boxplot_tab_is_not_selected."/>
    <testcase time="2.10900000000004" classname="shinytest2_tm_outliers" name="e2e_tm_outliers_Plot_type_is_hidden_when_Boxplot_tab_is_not_selected."/>
    <testcase time="4.30499999999995" classname="shinytest2_tm_outliers" name="e2e_tm_outliers_Plot_type_is_hidden_when_Boxplot_tab_is_not_selected."/>
    <testcase time="4.10800000000006" classname="shinytest2_tm_outliers" name="e2e_tm_outliers_Plot_type_is_hidden_when_Boxplot_tab_is_not_selected."/>
    <testcase time="6.45499999999993" classname="shinytest2_tm_outliers" name="e2e_tm_outliers_Default_radio_buttons_are_set_properly."/>
    <testcase time="0.0830000000000837" classname="shinytest2_tm_outliers" name="e2e_tm_outliers_Default_radio_buttons_are_set_properly."/>
    <testcase time="0.0509999999999309" classname="shinytest2_tm_outliers" name="e2e_tm_outliers_Default_radio_buttons_are_set_properly."/>
    <testcase time="3.50599999999997" classname="shinytest2_tm_outliers" name="e2e_tm_outliers_Default_radio_buttons_are_set_properly."/>
    <testcase time="6.42700000000002" classname="shinytest2_tm_outliers" name="e2e_tm_outliers_Method_parameters_are_set_properly."/>
    <testcase time="0.0819999999999936" classname="shinytest2_tm_outliers" name="e2e_tm_outliers_Method_parameters_are_set_properly."/>
    <testcase time="0.00499999999999545" classname="shinytest2_tm_outliers" name="e2e_tm_outliers_Method_parameters_are_set_properly."/>
    <testcase time="0.00100000000009004" classname="shinytest2_tm_outliers" name="e2e_tm_outliers_Method_parameters_are_set_properly."/>
    <testcase time="6.46399999999994" classname="shinytest2_tm_outliers" name="e2e_tm_outliers_Outlier_definition_text_and_range_are_displayed_properly_depending_on_method."/>
    <testcase time="2.11500000000001" classname="shinytest2_tm_outliers" name="e2e_tm_outliers_Outlier_definition_text_and_range_are_displayed_properly_depending_on_method."/>
    <testcase time="2.10800000000006" classname="shinytest2_tm_outliers" name="e2e_tm_outliers_Outlier_definition_text_and_range_are_displayed_properly_depending_on_method."/>
    <testcase time="2.1149999999999" classname="shinytest2_tm_outliers" name="e2e_tm_outliers_Outlier_definition_text_and_range_are_displayed_properly_depending_on_method."/>
    <testcase time="0.0819999999999936" classname="shinytest2_tm_outliers" name="e2e_tm_outliers_Outlier_definition_text_and_range_are_displayed_properly_depending_on_method."/>
    <testcase time="0.0150000000001" classname="shinytest2_tm_outliers" name="e2e_tm_outliers_Outlier_definition_text_and_range_are_displayed_properly_depending_on_method."/>
    <testcase time="0.0499999999999545" classname="shinytest2_tm_outliers" name="e2e_tm_outliers_Outlier_definition_text_and_range_are_displayed_properly_depending_on_method."/>
    <testcase time="1.72000000000003" classname="shinytest2_tm_outliers" name="e2e_tm_outliers_Outlier_definition_text_and_range_are_displayed_properly_depending_on_method."/>
    <testcase time="1.64499999999998" classname="shinytest2_tm_outliers" name="e2e_tm_outliers_Outlier_definition_text_and_range_are_displayed_properly_depending_on_method."/>
    <testcase time="2.31999999999994" classname="shinytest2_tm_outliers" name="e2e_tm_outliers_Outlier_definition_text_and_range_are_displayed_properly_depending_on_method."/>
    <testcase time="0.0120000000000573" classname="shinytest2_tm_outliers" name="e2e_tm_outliers_Outlier_definition_text_and_range_are_displayed_properly_depending_on_method."/>
    <testcase time="0.00999999999999091" classname="shinytest2_tm_outliers" name="e2e_tm_outliers_Outlier_definition_text_and_range_are_displayed_properly_depending_on_method."/>
    <testcase time="1.81899999999996" classname="shinytest2_tm_outliers" name="e2e_tm_outliers_Outlier_definition_text_and_range_are_displayed_properly_depending_on_method."/>
    <testcase time="1.72800000000007" classname="shinytest2_tm_outliers" name="e2e_tm_outliers_Outlier_definition_text_and_range_are_displayed_properly_depending_on_method."/>
    <testcase time="2.31299999999999" classname="shinytest2_tm_outliers" name="e2e_tm_outliers_Outlier_definition_text_and_range_are_displayed_properly_depending_on_method."/>
    <testcase time="0.0119999999999436" classname="shinytest2_tm_outliers" name="e2e_tm_outliers_Outlier_definition_text_and_range_are_displayed_properly_depending_on_method."/>
    <testcase time="0.0100000000001046" classname="shinytest2_tm_outliers" name="e2e_tm_outliers_Outlier_definition_text_and_range_are_displayed_properly_depending_on_method."/>
    <testcase time="1.51699999999994" classname="shinytest2_tm_outliers" name="e2e_tm_outliers_Outlier_definition_text_and_range_are_displayed_properly_depending_on_method."/>
    <testcase time="6.71000000000004" classname="shinytest2_tm_outliers" name="e2e_tm_outliers_Outliers_summary_table_is_displayed_with_proper_content."/>
    <testcase time="0.0040000000000191" classname="shinytest2_tm_outliers" name="e2e_tm_outliers_Outliers_summary_table_is_displayed_with_proper_content."/>
    <testcase time="0.00499999999999545" classname="shinytest2_tm_outliers" name="e2e_tm_outliers_Outliers_summary_table_is_displayed_with_proper_content."/>
    <testcase time="0.0849999999999227" classname="shinytest2_tm_outliers" name="e2e_tm_outliers_Outliers_summary_table_is_displayed_with_proper_content."/>
    <testcase time="3.56900000000007" classname="shinytest2_tm_outliers" name="e2e_tm_outliers_Outliers_summary_table_is_displayed_with_proper_content."/>
    <testcase time="0.00499999999999545" classname="shinytest2_tm_outliers" name="e2e_tm_outliers_Outliers_summary_table_is_displayed_with_proper_content."/>
    <testcase time="1.93599999999992" classname="shinytest2_tm_outliers" name="e2e_tm_outliers_Outliers_summary_table_is_displayed_with_proper_content."/>
    <testcase time="0.0040000000000191" classname="shinytest2_tm_outliers" name="e2e_tm_outliers_Outliers_summary_table_is_displayed_with_proper_content."/>
    <testcase time="6.68600000000004" classname="shinytest2_tm_outliers" name="e2e_tm_outliers_Outlier_table_is_displayed_with_proper_content."/>
    <testcase time="3.61400000000003" classname="shinytest2_tm_outliers" name="e2e_tm_outliers_Outlier_table_is_displayed_with_proper_content."/>
    <testcase time="0.000999999999976353" classname="shinytest2_tm_outliers" name="e2e_tm_outliers_Outlier_table_is_displayed_with_proper_content."/>
    <testcase time="0.000999999999976353" classname="shinytest2_tm_outliers" name="e2e_tm_outliers_Outlier_table_is_displayed_with_proper_content."/>
    <testcase time="0.00200000000006639" classname="shinytest2_tm_outliers" name="e2e_tm_outliers_Outlier_table_is_displayed_with_proper_content."/>
  </testsuite>
  <testsuite name="shinytest2-tm_t_crosstable" timestamp="2025-02-28T16:39:21Z" hostname="ffc12d5c9fdd" tests="9" skipped="0" failures="0" errors="0" time="32.642">
    <testcase time="5.995" classname="shinytest2_tm_t_crosstable" name="e2e_tm_t_crosstable_Initializes_without_errors"/>
    <testcase time="0.00499999999999545" classname="shinytest2_tm_t_crosstable" name="e2e_tm_t_crosstable_Initializes_without_errors"/>
    <testcase time="0.00399999999990541" classname="shinytest2_tm_t_crosstable" name="e2e_tm_t_crosstable_Initializes_without_errors"/>
    <testcase time="8.1350000000001" classname="shinytest2_tm_t_crosstable" name="e2e_tm_t_crosstable_Verify_module_displays_data_table"/>
    <testcase time="5.84899999999993" classname="shinytest2_tm_t_crosstable" name="e2e_tm_t_crosstable_Verify_default_values_and_settings_data_extracts_for_data_selection"/>
    <testcase time="0.0510000000000446" classname="shinytest2_tm_t_crosstable" name="e2e_tm_t_crosstable_Verify_default_values_and_settings_data_extracts_for_data_selection"/>
    <testcase time="2.01299999999992" classname="shinytest2_tm_t_crosstable" name="e2e_tm_t_crosstable_Verify_default_values_and_settings_data_extracts_for_data_selection"/>
    <testcase time="8.26700000000005" classname="shinytest2_tm_t_crosstable" name="e2e_tm_t_crosstable_Change_plot_settings"/>
    <testcase time="2.32299999999998" classname="shinytest2_tm_t_crosstable" name="e2e_tm_t_crosstable_Change_plot_settings"/>
  </testsuite>
  <testsuite name="shinytest2-tm_variable_browser" timestamp="2025-02-28T16:39:54Z" hostname="ffc12d5c9fdd" tests="24" skipped="0" failures="0" errors="0" time="58.478">
    <testcase time="5.40700000000004" classname="shinytest2_tm_variable_browser" name="e2e_tm_variable_browser_content_is_displayed_correctly."/>
    <testcase time="0.0040000000000191" classname="shinytest2_tm_variable_browser" name="e2e_tm_variable_browser_content_is_displayed_correctly."/>
    <testcase time="2.09899999999993" classname="shinytest2_tm_variable_browser" name="e2e_tm_variable_browser_content_is_displayed_correctly."/>
    <testcase time="0.00499999999999545" classname="shinytest2_tm_variable_browser" name="e2e_tm_variable_browser_content_is_displayed_correctly."/>
    <testcase time="0.0040000000000191" classname="shinytest2_tm_variable_browser" name="e2e_tm_variable_browser_content_is_displayed_correctly."/>
    <testcase time="7.74000000000001" classname="shinytest2_tm_variable_browser" name="e2e_tm_variable_browser_Selecting_treat_variable_as_factor_changes_the_table_headers."/>
    <testcase time="6.94899999999996" classname="shinytest2_tm_variable_browser" name="e2e_tm_variable_browser_selection_of_categorical_variable_has_a_table_with_level_header."/>
    <testcase time="7.76200000000006" classname="shinytest2_tm_variable_browser" name="e2e_tm_variable_browser_changing_display_density_encoding_doesn_t_show_errors."/>
    <testcase time="2.34000000000003" classname="shinytest2_tm_variable_browser" name="e2e_tm_variable_browser_changing_display_density_encoding_doesn_t_show_errors."/>
    <testcase time="5.351" classname="shinytest2_tm_variable_browser" name="e2e_tm_variable_browser_changing_outlier_definition_encoding_doesn_t_show_errors."/>
    <testcase time="2.99299999999994" classname="shinytest2_tm_variable_browser" name="e2e_tm_variable_browser_changing_outlier_definition_encoding_doesn_t_show_errors."/>
    <testcase time="0.00499999999999545" classname="shinytest2_tm_variable_browser" name="e2e_tm_variable_browser_changing_outlier_definition_encoding_doesn_t_show_errors."/>
    <testcase time="0.77800000000002" classname="shinytest2_tm_variable_browser" name="e2e_tm_variable_browser_changing_outlier_definition_encoding_doesn_t_show_errors."/>
    <testcase time="2.55100000000004" classname="shinytest2_tm_variable_browser" name="e2e_tm_variable_browser_changing_outlier_definition_encoding_doesn_t_show_errors."/>
    <testcase time="7.80099999999993" classname="shinytest2_tm_variable_browser" name="e2e_tm_variable_browser_changing_plot_setting_encodings_doesn_t_show_errors."/>
    <testcase time="0.768000000000029" classname="shinytest2_tm_variable_browser" name="e2e_tm_variable_browser_changing_plot_setting_encodings_doesn_t_show_errors."/>
    <testcase time="0.763000000000034" classname="shinytest2_tm_variable_browser" name="e2e_tm_variable_browser_changing_plot_setting_encodings_doesn_t_show_errors."/>
    <testcase time="0.73599999999999" classname="shinytest2_tm_variable_browser" name="e2e_tm_variable_browser_changing_plot_setting_encodings_doesn_t_show_errors."/>
    <testcase time="0.736999999999966" classname="shinytest2_tm_variable_browser" name="e2e_tm_variable_browser_changing_plot_setting_encodings_doesn_t_show_errors."/>
    <testcase time="0.730999999999995" classname="shinytest2_tm_variable_browser" name="e2e_tm_variable_browser_changing_plot_setting_encodings_doesn_t_show_errors."/>
    <testcase time="0.724000000000046" classname="shinytest2_tm_variable_browser" name="e2e_tm_variable_browser_changing_plot_setting_encodings_doesn_t_show_errors."/>
    <testcase time="0.772000000000048" classname="shinytest2_tm_variable_browser" name="e2e_tm_variable_browser_changing_plot_setting_encodings_doesn_t_show_errors."/>
    <testcase time="0.730999999999995" classname="shinytest2_tm_variable_browser" name="e2e_tm_variable_browser_changing_plot_setting_encodings_doesn_t_show_errors."/>
    <testcase time="0.726999999999975" classname="shinytest2_tm_variable_browser" name="e2e_tm_variable_browser_changing_plot_setting_encodings_doesn_t_show_errors."/>
  </testsuite>
  <testsuite name="tm_g_bivariate" timestamp="2025-02-28T16:40:52Z" hostname="ffc12d5c9fdd" tests="18" skipped="0" failures="0" errors="0" time="0.23">
    <testcase time="0.0889999999999418" classname="tm_g_bivariate" name="tm_g_bivariate_creates_a_teal_module_object"/>
    <testcase time="0.00600000000008549" classname="tm_g_bivariate" name="tm_g_bivariate_creates_a_teal_module_object_with_default_options"/>
    <testcase time="0.00699999999994816" classname="tm_g_bivariate" name="tm_g_bivariate_creates_a_teal_module_object_with_multiple_data_extract_specs"/>
    <testcase time="0.00599999999997181" classname="tm_g_bivariate" name="tm_g_bivariate_creates_a_module_with_datanames_taken_from_data_extracts"/>
    <testcase time="0.00999999999999091" classname="tm_g_bivariate" name="tm_g_bivariate_fails_when_x_contains_a_spec_with_multiple_selection"/>
    <testcase time="0.0080000000000382" classname="tm_g_bivariate" name="tm_g_bivariate_fails_when_x_contains_multiple_spec_with_at_least_one_multiple_selection"/>
    <testcase time="0.00999999999999091" classname="tm_g_bivariate" name="tm_g_bivariate_fails_when_x_contains_multiple_spec_with_at_least_one_multiple_selection"/>
    <testcase time="0.00900000000001455" classname="tm_g_bivariate" name="tm_g_bivariate_fails_when_y_contains_multiple_spec_with_at_least_one_multiple_selection"/>
    <testcase time="0.00900000000001455" classname="tm_g_bivariate" name="tm_g_bivariate_fails_when_plot_height_is_not_valid"/>
    <testcase time="0.0080000000000382" classname="tm_g_bivariate" name="tm_g_bivariate_fails_when_plot_height_is_not_valid"/>
    <testcase time="0.00899999999990087" classname="tm_g_bivariate" name="tm_g_bivariate_fails_when_plot_height_is_not_valid"/>
    <testcase time="0.00900000000001455" classname="tm_g_bivariate" name="tm_g_bivariate_fails_when_plot_width_is_not_valid"/>
    <testcase time="0.00900000000001455" classname="tm_g_bivariate" name="tm_g_bivariate_fails_when_plot_width_is_not_valid"/>
    <testcase time="0.0080000000000382" classname="tm_g_bivariate" name="tm_g_bivariate_fails_when_plot_width_is_not_valid"/>
    <testcase time="0.00900000000001455" classname="tm_g_bivariate" name="tm_g_bivariate_fails_when_color_setting_is_FALSE_and_color_is_supplied"/>
    <testcase time="0.00900000000001455" classname="tm_g_bivariate" name="tm_g_bivariate_fails_when_color_setting_is_FALSE_and_size_is_supplied"/>
    <testcase time="0.00899999999990087" classname="tm_g_bivariate" name="tm_g_bivariate_fails_when_color_setting_is_FALSE_and_fill_is_supplied"/>
    <testcase time="0.00600000000008549" classname="tm_g_bivariate" name="tm_g_bivariate_determines_color_size_and_fill_when_color_setting_is_TRUE"/>
  </testsuite>
  <testsuite name="bivariate_ggplot_call" timestamp="2025-02-28T16:40:52Z" hostname="ffc12d5c9fdd" tests="21" skipped="0" failures="0" errors="0" time="0.072">
    <testcase time="0.00900000000001455" classname="bivariate_ggplot_call" name="bivariate_ggplot_call_with_numerics"/>
    <testcase time="0.00199999999995271" classname="bivariate_ggplot_call" name="bivariate_ggplot_call_with_numerics"/>
    <testcase time="0.00300000000004275" classname="bivariate_ggplot_call" name="bivariate_ggplot_call_with_numerics"/>
    <testcase time="0.00199999999995271" classname="bivariate_ggplot_call" name="bivariate_ggplot_call_with_numerics"/>
    <testcase time="0.00499999999999545" classname="bivariate_ggplot_call" name="bivariate_ggplot_call_with_factor_char_logical"/>
    <testcase time="0.00300000000004275" classname="bivariate_ggplot_call" name="bivariate_ggplot_call_with_factor_char_logical"/>
    <testcase time="0.00199999999995271" classname="bivariate_ggplot_call" name="bivariate_ggplot_call_with_factor_char_logical"/>
    <testcase time="0.00300000000004275" classname="bivariate_ggplot_call" name="bivariate_ggplot_call_with_factor_char_logical"/>
    <testcase time="0.00199999999995271" classname="bivariate_ggplot_call" name="bivariate_ggplot_call_with_factor_char_logical"/>
    <testcase time="0.00300000000004275" classname="bivariate_ggplot_call" name="bivariate_ggplot_call_with_factor_char_logical"/>
    <testcase time="0.00799999999992451" classname="bivariate_ggplot_call" name="bivariate_ggplot_call_with_factor_char_logical"/>
    <testcase time="0.00499999999999545" classname="bivariate_ggplot_call" name="bivariate_ggplot_call_with_single_data_numeric"/>
    <testcase time="0.00200000000006639" classname="bivariate_ggplot_call" name="bivariate_ggplot_call_with_single_data_numeric"/>
    <testcase time="0.00299999999992906" classname="bivariate_ggplot_call" name="bivariate_ggplot_call_with_single_data_numeric"/>
    <testcase time="0.00300000000004275" classname="bivariate_ggplot_call" name="bivariate_ggplot_call_with_single_data_numeric"/>
    <testcase time="0.00200000000006639" classname="bivariate_ggplot_call" name="bivariate_ggplot_call_with_single_data_numeric"/>
    <testcase time="0.00299999999992906" classname="bivariate_ggplot_call" name="bivariate_ggplot_call_with_single_data_numeric"/>
    <testcase time="0.0040000000000191" classname="bivariate_ggplot_call" name="bivariate_ggplot_call_with_single_data_factor"/>
    <testcase time="0.00300000000004275" classname="bivariate_ggplot_call" name="bivariate_ggplot_call_with_single_data_factor"/>
    <testcase time="0.00199999999995271" classname="bivariate_ggplot_call" name="bivariate_ggplot_call_with_single_data_factor"/>
    <testcase time="0.00300000000004275" classname="bivariate_ggplot_call" name="bivariate_ggplot_call_with_single_data_factor"/>
  </testsuite>
  <testsuite name="front_page" timestamp="2025-02-28T16:40:52Z" hostname="ffc12d5c9fdd" tests="4" skipped="0" failures="0" errors="0" time="0.019">
    <testcase time="0.00599999999997181" classname="front_page" name="convert_metadata_to_dataframe_returns_a_data_frame_with_no_rows_if_no_metadata"/>
    <testcase time="0.0040000000000191" classname="front_page" name="convert_metadata_to_dataframe_returns_a_data_frame_with_metadata_if_more_than_one_dataset"/>
    <testcase time="0.0040000000000191" classname="front_page" name="convert_metadata_to_dataframe_returns_a_data_frame_with_metadata_if_one_dataset"/>
    <testcase time="0.00499999999999545" classname="front_page" name="convert_metadata_to_dataframe_converts_metadata_values_to_characters"/>
  </testsuite>
  <testsuite name="g_expert_cl" timestamp="2025-02-28T16:40:52Z" hostname="ffc12d5c9fdd" tests="15" skipped="0" failures="0" errors="0" time="0.028">
    <testcase time="0.00599999999997181" classname="g_expert_cl" name="coloring_ggplot_call_can_work_with_all_combinations"/>
    <testcase time="0.000999999999976353" classname="g_expert_cl" name="coloring_ggplot_call_can_work_with_all_combinations"/>
    <testcase time="0.000999999999976353" classname="g_expert_cl" name="coloring_ggplot_call_can_work_with_all_combinations"/>
    <testcase time="0.00200000000006639" classname="g_expert_cl" name="coloring_ggplot_call_can_work_with_all_combinations"/>
    <testcase time="0.000999999999976353" classname="g_expert_cl" name="coloring_ggplot_call_can_work_with_all_combinations"/>
    <testcase time="0.000999999999976353" classname="g_expert_cl" name="coloring_ggplot_call_can_work_with_all_combinations"/>
    <testcase time="0.000999999999976353" classname="g_expert_cl" name="coloring_ggplot_call_can_work_with_all_combinations"/>
    <testcase time="0.0040000000000191" classname="g_expert_cl" name="coloring_ggplot_call_can_work_with_all_combinations_without_colour_var"/>
    <testcase time="0.000999999999976353" classname="g_expert_cl" name="coloring_ggplot_call_can_work_with_all_combinations_without_colour_var"/>
    <testcase time="0.00200000000006639" classname="g_expert_cl" name="coloring_ggplot_call_can_work_with_all_combinations_without_colour_var"/>
    <testcase time="0.000999999999976353" classname="g_expert_cl" name="coloring_ggplot_call_can_work_with_all_combinations_without_colour_var"/>
    <testcase time="0.000999999999976353" classname="g_expert_cl" name="coloring_ggplot_call_can_work_with_all_combinations_without_colour_var"/>
    <testcase time="0.0040000000000191" classname="g_expert_cl" name="coloring_ggplot_call_can_work_size_var"/>
    <testcase time="0.000999999999976353" classname="g_expert_cl" name="coloring_ggplot_call_can_work_size_var"/>
    <testcase time="0.000999999999976353" classname="g_expert_cl" name="coloring_ggplot_call_can_work_size_var"/>
  </testsuite>
  <testsuite name="scatterplotmatrix_get_stats" timestamp="2025-02-28T16:40:52Z" hostname="ffc12d5c9fdd" tests="6" skipped="0" failures="0" errors="0" time="0.026">
    <testcase time="0.0100000000001046" classname="scatterplotmatrix_get_stats" name="get_scatterplotmatrix_stats_x_y_numeric"/>
    <testcase time="0.00299999999992906" classname="scatterplotmatrix_get_stats" name="get_scatterplotmatrix_stats_x_y_numeric"/>
    <testcase time="0.00300000000004275" classname="scatterplotmatrix_get_stats" name="get_scatterplotmatrix_stats_x_y_numeric"/>
    <testcase time="0.00499999999999545" classname="scatterplotmatrix_get_stats" name="get_scatterplotmatrix_stats_x_y_character"/>
    <testcase time="0.00199999999995271" classname="scatterplotmatrix_get_stats" name="get_scatterplotmatrix_stats_x_y_character"/>
    <testcase time="0.00300000000004275" classname="scatterplotmatrix_get_stats" name="get_scatterplotmatrix_stats_x_y_character"/>
  </testsuite>
  <testsuite name="variable_browser" timestamp="2025-02-28T16:40:52Z" hostname="ffc12d5c9fdd" tests="3" skipped="0" failures="0" errors="0" time="0.014">
    <testcase time="0.00599999999997181" classname="variable_browser" name="remove_outliers_from_does_not_remove_outliers_when_outlier_definition_is_zero"/>
    <testcase time="0.0040000000000191" classname="variable_browser" name="remove_outliers_from_removes_outliers_when_outlier_definition_is_non_zero"/>
    <testcase time="0.0040000000000191" classname="variable_browser" name="remove_outliers_from_keeps_missing_values_unchanged"/>
  </testsuite>
</testsuites>
