<?xml version="1.0" encoding="UTF-8"?>
<testsuites>
  <testsuite name="examples" timestamp="2025-02-27T16:10:55Z" hostname="5a7f9eec94d8" tests="38" skipped="0" failures="0" errors="0" time="4.901">
    <testcase time="1.723" classname="examples" name="example_add_facet_labels.Rd"/>
    <testcase time="0.052" classname="examples" name="example_call_fun_dots.Rd"/>
    <testcase time="0.0129999999999999" classname="examples" name="example_create_sparklines.Rd"/>
    <testcase time="0.00600000000000023" classname="examples" name="example_establish_updating_selection.Rd"/>
    <testcase time="0.0150000000000001" classname="examples" name="example_get_scatterplotmatrix_stats.Rd"/>
    <testcase time="0.00599999999999978" classname="examples" name="example_include_css_files.Rd"/>
    <testcase time="0.00600000000000023" classname="examples" name="example_is_tab_active_js.Rd"/>
    <testcase time="0.00699999999999967" classname="examples" name="example_plot_var_summary.Rd"/>
    <testcase time="0.00600000000000023" classname="examples" name="example_remove_outliers_from.Rd"/>
    <testcase time="0.00599999999999978" classname="examples" name="example_render_single_tab.Rd"/>
    <testcase time="0.00600000000000023" classname="examples" name="example_render_tab_header.Rd"/>
    <testcase time="0.00699999999999967" classname="examples" name="example_render_tab_table.Rd"/>
    <testcase time="0.00600000000000023" classname="examples" name="example_render_tabset_panel_content.Rd"/>
    <testcase time="0.00599999999999978" classname="examples" name="example_select_decorators.Rd"/>
    <testcase time="0.00600000000000023" classname="examples" name="example_shared_params.Rd"/>
    <testcase time="0.00700000000000012" classname="examples" name="example_srv_decorate_teal_data.Rd"/>
    <testcase time="0.00599999999999978" classname="examples" name="example_teal.modules.general.Rd"/>
    <testcase time="0.179" classname="examples" name="example_tm_a_pca.Rd"/>
    <testcase time="0.128" classname="examples" name="example_tm_a_regression.Rd"/>
    <testcase time="0.122" classname="examples" name="example_tm_data_table.Rd"/>
    <testcase time="0.276" classname="examples" name="example_tm_file_viewer.Rd"/>
    <testcase time="0.044" classname="examples" name="example_tm_file_viewer.Rd"/>
    <testcase time="0.0750000000000002" classname="examples" name="example_tm_front_page.Rd"/>
    <testcase time="0.153" classname="examples" name="example_tm_g_association.Rd"/>
    <testcase time="0.139" classname="examples" name="example_tm_g_bivariate.Rd"/>
    <testcase time="0.118" classname="examples" name="example_tm_g_distribution.Rd"/>
    <testcase time="0.155" classname="examples" name="example_tm_g_response.Rd"/>
    <testcase time="0.141999999999999" classname="examples" name="example_tm_g_scatterplot.Rd"/>
    <testcase time="0.355" classname="examples" name="example_tm_g_scatterplotmatrix.Rd"/>
    <testcase time="0.212" classname="examples" name="example_tm_missing_data.Rd"/>
    <testcase time="0.156000000000001" classname="examples" name="example_tm_outliers.Rd"/>
    <testcase time="0.438" classname="examples" name="example_tm_t_crosstable.Rd"/>
    <testcase time="0.291" classname="examples" name="example_tm_variable_browser.Rd"/>
    <testcase time="0.00699999999999967" classname="examples" name="example_validate_input.Rd"/>
    <testcase time="0.00699999999999967" classname="examples" name="example_var_missings_info.Rd"/>
    <testcase time="0.00700000000000056" classname="examples" name="example_var_summary_table.Rd"/>
    <testcase time="0.00599999999999934" classname="examples" name="example_variable_type_icons.Rd"/>
    <testcase time="0.00700000000000056" classname="examples" name="example_varname_w_label.Rd"/>
  </testsuite>
  <testsuite name="shinytest2-tm_a_pca" timestamp="2025-02-27T16:11:00Z" hostname="5a7f9eec94d8" tests="49" skipped="0" failures="0" errors="0" time="117.564">
    <testcase time="6.074" classname="shinytest2_tm_a_pca" name="e2e_tm_a_pca_Module_is_initialised_with_the_specified_defaults_in_function_call."/>
    <testcase time="0.0890000000000004" classname="shinytest2_tm_a_pca" name="e2e_tm_a_pca_Module_is_initialised_with_the_specified_defaults_in_function_call."/>
    <testcase time="0.00499999999999901" classname="shinytest2_tm_a_pca" name="e2e_tm_a_pca_Module_is_initialised_with_the_specified_defaults_in_function_call."/>
    <testcase time="0.00400000000000134" classname="shinytest2_tm_a_pca" name="e2e_tm_a_pca_Module_is_initialised_with_the_specified_defaults_in_function_call."/>
    <testcase time="0.0510000000000002" classname="shinytest2_tm_a_pca" name="e2e_tm_a_pca_Module_is_initialised_with_the_specified_defaults_in_function_call."/>
    <testcase time="0.0489999999999995" classname="shinytest2_tm_a_pca" name="e2e_tm_a_pca_Module_is_initialised_with_the_specified_defaults_in_function_call."/>
    <testcase time="0.0499999999999989" classname="shinytest2_tm_a_pca" name="e2e_tm_a_pca_Module_is_initialised_with_the_specified_defaults_in_function_call."/>
    <testcase time="5.24" classname="shinytest2_tm_a_pca" name="e2e_tm_a_pca_Eigenvector_table_should_have_data_extract_selection_Murder_Assault_on_header."/>
    <testcase time="0.137" classname="shinytest2_tm_a_pca" name="e2e_tm_a_pca_Eigenvector_table_should_have_data_extract_selection_Murder_Assault_on_header."/>
    <testcase time="0.0960000000000001" classname="shinytest2_tm_a_pca" name="e2e_tm_a_pca_Eigenvector_table_should_have_data_extract_selection_Murder_Assault_on_header."/>
    <testcase time="0.0960000000000001" classname="shinytest2_tm_a_pca" name="e2e_tm_a_pca_Eigenvector_table_should_have_data_extract_selection_Murder_Assault_on_header."/>
    <testcase time="7.685" classname="shinytest2_tm_a_pca" name="e2e_tm_a_pca_Eigenvector_table_should_have_data_extract_selection_Murder_UrbanPop_on_header."/>
    <testcase time="0.140000000000001" classname="shinytest2_tm_a_pca" name="e2e_tm_a_pca_Eigenvector_table_should_have_data_extract_selection_Murder_UrbanPop_on_header."/>
    <testcase time="0.0960000000000001" classname="shinytest2_tm_a_pca" name="e2e_tm_a_pca_Eigenvector_table_should_have_data_extract_selection_Murder_UrbanPop_on_header."/>
    <testcase time="0.0950000000000024" classname="shinytest2_tm_a_pca" name="e2e_tm_a_pca_Eigenvector_table_should_have_data_extract_selection_Murder_UrbanPop_on_header."/>
    <testcase time="7.596" classname="shinytest2_tm_a_pca" name="e2e_tm_a_pca_Color_by_columns_data_extract_must_be_from_non_selected_variable_set."/>
    <testcase time="0.771999999999998" classname="shinytest2_tm_a_pca" name="e2e_tm_a_pca_Color_by_columns_data_extract_must_be_from_non_selected_variable_set."/>
    <testcase time="5.14" classname="shinytest2_tm_a_pca" name="e2e_tm_a_pca_Changing_output_encodings_of_tables_display_does_not_generate_errors."/>
    <testcase time="0.563000000000002" classname="shinytest2_tm_a_pca" name="e2e_tm_a_pca_Changing_output_encodings_of_tables_display_does_not_generate_errors."/>
    <testcase time="0.0889999999999986" classname="shinytest2_tm_a_pca" name="e2e_tm_a_pca_Changing_output_encodings_of_tables_display_does_not_generate_errors."/>
    <testcase time="0.0489999999999995" classname="shinytest2_tm_a_pca" name="e2e_tm_a_pca_Changing_output_encodings_of_tables_display_does_not_generate_errors."/>
    <testcase time="0.0470000000000041" classname="shinytest2_tm_a_pca" name="e2e_tm_a_pca_Changing_output_encodings_of_tables_display_does_not_generate_errors."/>
    <testcase time="0.0479999999999947" classname="shinytest2_tm_a_pca" name="e2e_tm_a_pca_Changing_output_encodings_of_tables_display_does_not_generate_errors."/>
    <testcase time="6.081" classname="shinytest2_tm_a_pca" name="e2e_tm_a_pca_Changing_output_encodings_for_plot_type_does_not_generate_errors."/>
    <testcase time="1.055" classname="shinytest2_tm_a_pca" name="e2e_tm_a_pca_Changing_output_encodings_for_plot_type_does_not_generate_errors."/>
    <testcase time="0.917000000000002" classname="shinytest2_tm_a_pca" name="e2e_tm_a_pca_Changing_output_encodings_for_plot_type_does_not_generate_errors."/>
    <testcase time="1.085" classname="shinytest2_tm_a_pca" name="e2e_tm_a_pca_Changing_output_encodings_for_plot_type_does_not_generate_errors."/>
    <testcase time="5.195" classname="shinytest2_tm_a_pca" name="e2e_tm_a_pca_Changing_output_encodings_of_standardization_does_not_generate_errors."/>
    <testcase time="1.204" classname="shinytest2_tm_a_pca" name="e2e_tm_a_pca_Changing_output_encodings_of_standardization_does_not_generate_errors."/>
    <testcase time="1.26199999999999" classname="shinytest2_tm_a_pca" name="e2e_tm_a_pca_Changing_output_encodings_of_standardization_does_not_generate_errors."/>
    <testcase time="1.179" classname="shinytest2_tm_a_pca" name="e2e_tm_a_pca_Changing_output_encodings_of_standardization_does_not_generate_errors."/>
    <testcase time="5.128" classname="shinytest2_tm_a_pca" name="e2e_tm_a_pca_Changing_output_encodings_of_NA_action_does_not_generate_errors."/>
    <testcase time="7.713" classname="shinytest2_tm_a_pca" name="e2e_tm_a_pca_Changing_output_encodings_of_plot_type_hides_and_shows_options."/>
    <testcase time="2.129" classname="shinytest2_tm_a_pca" name="e2e_tm_a_pca_Changing_output_encodings_of_plot_type_hides_and_shows_options."/>
    <testcase time="2.10499999999999" classname="shinytest2_tm_a_pca" name="e2e_tm_a_pca_Changing_output_encodings_of_plot_type_hides_and_shows_options."/>
    <testcase time="2.107" classname="shinytest2_tm_a_pca" name="e2e_tm_a_pca_Changing_output_encodings_of_plot_type_hides_and_shows_options."/>
    <testcase time="2.563" classname="shinytest2_tm_a_pca" name="e2e_tm_a_pca_Changing_output_encodings_of_plot_type_hides_and_shows_options."/>
    <testcase time="2.11200000000001" classname="shinytest2_tm_a_pca" name="e2e_tm_a_pca_Changing_output_encodings_of_plot_type_hides_and_shows_options."/>
    <testcase time="2.78" classname="shinytest2_tm_a_pca" name="e2e_tm_a_pca_Changing_output_encodings_of_plot_type_hides_and_shows_options."/>
    <testcase time="2.11099999999999" classname="shinytest2_tm_a_pca" name="e2e_tm_a_pca_Changing_output_encodings_of_plot_type_hides_and_shows_options."/>
    <testcase time="2.104" classname="shinytest2_tm_a_pca" name="e2e_tm_a_pca_Changing_output_encodings_of_plot_type_hides_and_shows_options."/>
    <testcase time="5.18100000000001" classname="shinytest2_tm_a_pca" name="e2e_tm_a_pca_Changing_output_encodings_of_theme_does_not_generate_errors."/>
    <testcase time="0.531999999999996" classname="shinytest2_tm_a_pca" name="e2e_tm_a_pca_Changing_output_encodings_of_theme_does_not_generate_errors."/>
    <testcase time="0.530999999999992" classname="shinytest2_tm_a_pca" name="e2e_tm_a_pca_Changing_output_encodings_of_theme_does_not_generate_errors."/>
    <testcase time="0.532000000000011" classname="shinytest2_tm_a_pca" name="e2e_tm_a_pca_Changing_output_encodings_of_theme_does_not_generate_errors."/>
    <testcase time="5.15899999999999" classname="shinytest2_tm_a_pca" name="e2e_tm_a_pca_Changing_output_encodings_of_font_size_does_not_generate_errors."/>
    <testcase time="1.026" classname="shinytest2_tm_a_pca" name="e2e_tm_a_pca_Changing_output_encodings_of_font_size_does_not_generate_errors."/>
    <testcase time="1.03" classname="shinytest2_tm_a_pca" name="e2e_tm_a_pca_Changing_output_encodings_of_font_size_does_not_generate_errors."/>
    <testcase time="20.532" classname="shinytest2_tm_a_pca" name="e2e_tm_a_pca_Changing_output_encodings_of_font_size_does_not_generate_errors."/>
  </testsuite>
  <testsuite name="shinytest2-tm_a_regression" timestamp="2025-02-27T16:12:58Z" hostname="5a7f9eec94d8" tests="31" skipped="0" failures="0" errors="0" time="52.978">
    <testcase time="4.866" classname="shinytest2_tm_a_regression" name="e2e_tm_a_regression_Data_parameter_and_module_label_is_passed_properly."/>
    <testcase time="0.00399999999999068" classname="shinytest2_tm_a_regression" name="e2e_tm_a_regression_Data_parameter_and_module_label_is_passed_properly."/>
    <testcase time="0.0040000000000191" classname="shinytest2_tm_a_regression" name="e2e_tm_a_regression_Data_parameter_and_module_label_is_passed_properly."/>
    <testcase time="4.80399999999997" classname="shinytest2_tm_a_regression" name="e2e_tm_a_regression_Data_extract_spec_elements_are_initialized_with_the_default_values_specified_by_response_and_regressor_arg."/>
    <testcase time="0.0900000000000034" classname="shinytest2_tm_a_regression" name="e2e_tm_a_regression_Data_extract_spec_elements_are_initialized_with_the_default_values_specified_by_response_and_regressor_arg."/>
    <testcase time="6.35300000000001" classname="shinytest2_tm_a_regression" name="e2e_tm_a_regression_Plot_type_is_set_properly."/>
    <testcase time="4.744" classname="shinytest2_tm_a_regression" name="e2e_tm_a_regression_Plot_type_has_7_specific_choices_changing_choices_does_not_throw_errors."/>
    <testcase time="1.81299999999999" classname="shinytest2_tm_a_regression" name="e2e_tm_a_regression_Plot_type_has_7_specific_choices_changing_choices_does_not_throw_errors."/>
    <testcase time="0.00200000000000955" classname="shinytest2_tm_a_regression" name="e2e_tm_a_regression_Plot_type_has_7_specific_choices_changing_choices_does_not_throw_errors."/>
    <testcase time="1.01500000000001" classname="shinytest2_tm_a_regression" name="e2e_tm_a_regression_Plot_type_has_7_specific_choices_changing_choices_does_not_throw_errors."/>
    <testcase time="0.000999999999976353" classname="shinytest2_tm_a_regression" name="e2e_tm_a_regression_Plot_type_has_7_specific_choices_changing_choices_does_not_throw_errors."/>
    <testcase time="1.03400000000002" classname="shinytest2_tm_a_regression" name="e2e_tm_a_regression_Plot_type_has_7_specific_choices_changing_choices_does_not_throw_errors."/>
    <testcase time="0.00199999999998113" classname="shinytest2_tm_a_regression" name="e2e_tm_a_regression_Plot_type_has_7_specific_choices_changing_choices_does_not_throw_errors."/>
    <testcase time="1.02200000000002" classname="shinytest2_tm_a_regression" name="e2e_tm_a_regression_Plot_type_has_7_specific_choices_changing_choices_does_not_throw_errors."/>
    <testcase time="0.00100000000000477" classname="shinytest2_tm_a_regression" name="e2e_tm_a_regression_Plot_type_has_7_specific_choices_changing_choices_does_not_throw_errors."/>
    <testcase time="1.005" classname="shinytest2_tm_a_regression" name="e2e_tm_a_regression_Plot_type_has_7_specific_choices_changing_choices_does_not_throw_errors."/>
    <testcase time="0.00100000000000477" classname="shinytest2_tm_a_regression" name="e2e_tm_a_regression_Plot_type_has_7_specific_choices_changing_choices_does_not_throw_errors."/>
    <testcase time="1.256" classname="shinytest2_tm_a_regression" name="e2e_tm_a_regression_Plot_type_has_7_specific_choices_changing_choices_does_not_throw_errors."/>
    <testcase time="0.00199999999998113" classname="shinytest2_tm_a_regression" name="e2e_tm_a_regression_Plot_type_has_7_specific_choices_changing_choices_does_not_throw_errors."/>
    <testcase time="1.05600000000001" classname="shinytest2_tm_a_regression" name="e2e_tm_a_regression_Plot_type_has_7_specific_choices_changing_choices_does_not_throw_errors."/>
    <testcase time="4.87299999999999" classname="shinytest2_tm_a_regression" name="e2e_tm_a_regression_Outlier_definition_and_label_are_visible_by_default."/>
    <testcase time="2.113" classname="shinytest2_tm_a_regression" name="e2e_tm_a_regression_Outlier_definition_and_label_are_visible_by_default."/>
    <testcase time="2.09899999999999" classname="shinytest2_tm_a_regression" name="e2e_tm_a_regression_Outlier_definition_and_label_are_visible_by_default."/>
    <testcase time="4.75300000000001" classname="shinytest2_tm_a_regression" name="e2e_tm_a_regression_Outlier_definition_and_label_have_default_values_and_label_text."/>
    <testcase time="0.00399999999999068" classname="shinytest2_tm_a_regression" name="e2e_tm_a_regression_Outlier_definition_and_label_have_default_values_and_label_text."/>
    <testcase time="0.00200000000000955" classname="shinytest2_tm_a_regression" name="e2e_tm_a_regression_Outlier_definition_and_label_have_default_values_and_label_text."/>
    <testcase time="0.0889999999999986" classname="shinytest2_tm_a_regression" name="e2e_tm_a_regression_Outlier_definition_and_label_have_default_values_and_label_text."/>
    <testcase time="0.0490000000000066" classname="shinytest2_tm_a_regression" name="e2e_tm_a_regression_Outlier_definition_and_label_have_default_values_and_label_text."/>
    <testcase time="7.80199999999999" classname="shinytest2_tm_a_regression" name="e2e_tm_a_regression_Unchecking_display_outlier_hides_outlier_label_and_definition."/>
    <testcase time="2.113" classname="shinytest2_tm_a_regression" name="e2e_tm_a_regression_Unchecking_display_outlier_hides_outlier_label_and_definition."/>
    <testcase time="0.00600000000000023" classname="shinytest2_tm_a_regression" name="e2e_tm_a_regression_Unchecking_display_outlier_hides_outlier_label_and_definition."/>
  </testsuite>
  <testsuite name="shinytest2-tm_data_table" timestamp="2025-02-27T16:13:51Z" hostname="5a7f9eec94d8" tests="10" skipped="0" failures="0" errors="0" time="19.185">
    <testcase time="3.82400000000001" classname="shinytest2_tm_data_table" name="e2e_tm_data_table_Initializes_without_errors"/>
    <testcase time="0.00499999999999545" classname="shinytest2_tm_data_table" name="e2e_tm_data_table_Initializes_without_errors"/>
    <testcase time="3.85499999999999" classname="shinytest2_tm_data_table" name="e2e_tm_data_table_Verify_checkbox_displayed_over_data_table"/>
    <testcase time="3.97400000000002" classname="shinytest2_tm_data_table" name="e2e_tm_data_table_Verify_module_displays_data_table"/>
    <testcase time="2.08199999999999" classname="shinytest2_tm_data_table" name="e2e_tm_data_table_Verify_module_displays_data_table"/>
    <testcase time="0.0199999999999818" classname="shinytest2_tm_data_table" name="e2e_tm_data_table_Verify_module_displays_data_table"/>
    <testcase time="0.757000000000005" classname="shinytest2_tm_data_table" name="e2e_tm_data_table_Verify_module_displays_data_table"/>
    <testcase time="3.93800000000002" classname="shinytest2_tm_data_table" name="e2e_tm_data_table_Verify_default_variable_selection_and_set_new_selection"/>
    <testcase time="0.721000000000004" classname="shinytest2_tm_data_table" name="e2e_tm_data_table_Verify_default_variable_selection_and_set_new_selection"/>
    <testcase time="0.00899999999998613" classname="shinytest2_tm_data_table" name="e2e_tm_data_table_Verify_default_variable_selection_and_set_new_selection"/>
  </testsuite>
  <testsuite name="shinytest2-tm_file_viewer" timestamp="2025-02-27T16:14:10Z" hostname="5a7f9eec94d8" tests="13" skipped="0" failures="0" errors="0" time="29.249">
    <testcase time="3.61199999999999" classname="shinytest2_tm_file_viewer" name="e2e_tm_file_viewer_Initializes_without_errors_and_shows_files_tree_specified_in_input_path_argument"/>
    <testcase time="0.00600000000000023" classname="shinytest2_tm_file_viewer" name="e2e_tm_file_viewer_Initializes_without_errors_and_shows_files_tree_specified_in_input_path_argument"/>
    <testcase time="2.065" classname="shinytest2_tm_file_viewer" name="e2e_tm_file_viewer_Initializes_without_errors_and_shows_files_tree_specified_in_input_path_argument"/>
    <testcase time="0.0220000000000198" classname="shinytest2_tm_file_viewer" name="e2e_tm_file_viewer_Initializes_without_errors_and_shows_files_tree_specified_in_input_path_argument"/>
    <testcase time="0.00499999999999545" classname="shinytest2_tm_file_viewer" name="e2e_tm_file_viewer_Initializes_without_errors_and_shows_files_tree_specified_in_input_path_argument"/>
    <testcase time="7.768" classname="shinytest2_tm_file_viewer" name="e2e_tm_file_viewer_Shows_selected_image_file"/>
    <testcase time="0.00600000000000023" classname="shinytest2_tm_file_viewer" name="e2e_tm_file_viewer_Shows_selected_image_file"/>
    <testcase time="7.75199999999998" classname="shinytest2_tm_file_viewer" name="e2e_tm_file_viewer_Shows_selected_text_file"/>
    <testcase time="0.00800000000000978" classname="shinytest2_tm_file_viewer" name="e2e_tm_file_viewer_Shows_selected_text_file"/>
    <testcase time="0.00300000000001432" classname="shinytest2_tm_file_viewer" name="e2e_tm_file_viewer_Shows_selected_text_file"/>
    <testcase time="0.132999999999981" classname="shinytest2_tm_file_viewer" name="e2e_tm_file_viewer_Shows_selected_text_file"/>
    <testcase time="7.786" classname="shinytest2_tm_file_viewer" name="e2e_tm_file_viewer_Shows_selected_url"/>
    <testcase time="0.0829999999999984" classname="shinytest2_tm_file_viewer" name="e2e_tm_file_viewer_Shows_selected_url"/>
  </testsuite>
  <testsuite name="shinytest2-tm_front_page" timestamp="2025-02-27T16:14:39Z" hostname="5a7f9eec94d8" tests="9" skipped="0" failures="0" errors="0" time="20.96">
    <testcase time="3.84900000000002" classname="shinytest2_tm_front_page" name="e2e_tm_front_page_Initializes_without_errors_and_check_html_elements"/>
    <testcase time="0.00499999999999545" classname="shinytest2_tm_front_page" name="e2e_tm_front_page_Initializes_without_errors_and_check_html_elements"/>
    <testcase time="0.007000000000005" classname="shinytest2_tm_front_page" name="e2e_tm_front_page_Initializes_without_errors_and_check_html_elements"/>
    <testcase time="0.00699999999997658" classname="shinytest2_tm_front_page" name="e2e_tm_front_page_Initializes_without_errors_and_check_html_elements"/>
    <testcase time="3.93900000000002" classname="shinytest2_tm_front_page" name="e2e_tm_front_page_Verify_the_module_displays_tables"/>
    <testcase time="2.06899999999999" classname="shinytest2_tm_front_page" name="e2e_tm_front_page_Verify_the_module_displays_tables"/>
    <testcase time="0.0550000000000068" classname="shinytest2_tm_front_page" name="e2e_tm_front_page_Verify_the_module_displays_tables"/>
    <testcase time="2.06999999999999" classname="shinytest2_tm_front_page" name="e2e_tm_front_page_Verify_the_module_displays_tables"/>
    <testcase time="8.959" classname="shinytest2_tm_front_page" name="e2e_tm_front_page_Verify_the_module_displays_metadata"/>
  </testsuite>
  <testsuite name="shinytest2-tm_g_association" timestamp="2025-02-27T16:15:00Z" hostname="5a7f9eec94d8" tests="13" skipped="0" failures="0" errors="0" time="32.097">
    <testcase time="6.27699999999999" classname="shinytest2_tm_g_association" name="e2e_tm_g_association_Data_parameter_and_module_label_is_passed_properly."/>
    <testcase time="0.0040000000000191" classname="shinytest2_tm_g_association" name="e2e_tm_g_association_Data_parameter_and_module_label_is_passed_properly."/>
    <testcase time="0.00399999999999068" classname="shinytest2_tm_g_association" name="e2e_tm_g_association_Data_parameter_and_module_label_is_passed_properly."/>
    <testcase time="6.20099999999999" classname="shinytest2_tm_g_association" name="e2e_tm_g_association_Data_extract_spec_elements_are_initialized_with_the_default_values_specified_by_ref_and_vars_arguments."/>
    <testcase time="1.142" classname="shinytest2_tm_g_association" name="e2e_tm_g_association_Data_extract_spec_elements_are_initialized_with_the_default_values_specified_by_ref_and_vars_arguments."/>
    <testcase time="0.00999999999999091" classname="shinytest2_tm_g_association" name="e2e_tm_g_association_Data_extract_spec_elements_are_initialized_with_the_default_values_specified_by_ref_and_vars_arguments."/>
    <testcase time="1.036" classname="shinytest2_tm_g_association" name="e2e_tm_g_association_Data_extract_spec_elements_are_initialized_with_the_default_values_specified_by_ref_and_vars_arguments."/>
    <testcase time="8.25700000000001" classname="shinytest2_tm_g_association" name="e2e_tm_g_association_Module_plot_is_visible."/>
    <testcase time="6.30899999999997" classname="shinytest2_tm_g_association" name="e2e_tm_g_association_Check_and_set_default_values_for_radio_buttons."/>
    <testcase time="0.0509999999999877" classname="shinytest2_tm_g_association" name="e2e_tm_g_association_Check_and_set_default_values_for_radio_buttons."/>
    <testcase time="0.0500000000000114" classname="shinytest2_tm_g_association" name="e2e_tm_g_association_Check_and_set_default_values_for_radio_buttons."/>
    <testcase time="2.75" classname="shinytest2_tm_g_association" name="e2e_tm_g_association_Check_and_set_default_values_for_radio_buttons."/>
    <testcase time="0.00600000000002865" classname="shinytest2_tm_g_association" name="e2e_tm_g_association_Check_and_set_default_values_for_radio_buttons."/>
  </testsuite>
  <testsuite name="shinytest2-tm_g_bivariate" timestamp="2025-02-27T16:15:32Z" hostname="5a7f9eec94d8" tests="44" skipped="0" failures="0" errors="0" time="74.533">
    <testcase time="5.37700000000001" classname="shinytest2_tm_g_bivariate" name="e2e_tm_g_bivariate_Module_is_initialised_with_the_specified_defaults."/>
    <testcase time="0.09699999999998" classname="shinytest2_tm_g_bivariate" name="e2e_tm_g_bivariate_Module_is_initialised_with_the_specified_defaults."/>
    <testcase time="0.0500000000000114" classname="shinytest2_tm_g_bivariate" name="e2e_tm_g_bivariate_Module_is_initialised_with_the_specified_defaults."/>
    <testcase time="0.0500000000000114" classname="shinytest2_tm_g_bivariate" name="e2e_tm_g_bivariate_Module_is_initialised_with_the_specified_defaults."/>
    <testcase time="0.0499999999999545" classname="shinytest2_tm_g_bivariate" name="e2e_tm_g_bivariate_Module_is_initialised_with_the_specified_defaults."/>
    <testcase time="0.0480000000000018" classname="shinytest2_tm_g_bivariate" name="e2e_tm_g_bivariate_Module_is_initialised_with_the_specified_defaults."/>
    <testcase time="0.0510000000000446" classname="shinytest2_tm_g_bivariate" name="e2e_tm_g_bivariate_Module_is_initialised_with_the_specified_defaults."/>
    <testcase time="0.0499999999999545" classname="shinytest2_tm_g_bivariate" name="e2e_tm_g_bivariate_Module_is_initialised_with_the_specified_defaults."/>
    <testcase time="0.049000000000035" classname="shinytest2_tm_g_bivariate" name="e2e_tm_g_bivariate_Module_is_initialised_with_the_specified_defaults."/>
    <testcase time="0.0500000000000114" classname="shinytest2_tm_g_bivariate" name="e2e_tm_g_bivariate_Module_is_initialised_with_the_specified_defaults."/>
    <testcase time="0.0519999999999641" classname="shinytest2_tm_g_bivariate" name="e2e_tm_g_bivariate_Module_is_initialised_with_the_specified_defaults."/>
    <testcase time="0.0520000000000209" classname="shinytest2_tm_g_bivariate" name="e2e_tm_g_bivariate_Module_is_initialised_with_the_specified_defaults."/>
    <testcase time="0.0519999999999641" classname="shinytest2_tm_g_bivariate" name="e2e_tm_g_bivariate_Module_is_initialised_with_the_specified_defaults."/>
    <testcase time="0.0510000000000446" classname="shinytest2_tm_g_bivariate" name="e2e_tm_g_bivariate_Module_is_initialised_with_the_specified_defaults."/>
    <testcase time="0.0499999999999545" classname="shinytest2_tm_g_bivariate" name="e2e_tm_g_bivariate_Module_is_initialised_with_the_specified_defaults."/>
    <testcase time="0.0500000000000114" classname="shinytest2_tm_g_bivariate" name="e2e_tm_g_bivariate_Module_is_initialised_with_the_specified_defaults."/>
    <testcase time="0.049000000000035" classname="shinytest2_tm_g_bivariate" name="e2e_tm_g_bivariate_Module_is_initialised_with_the_specified_defaults."/>
    <testcase time="0.0529999999999973" classname="shinytest2_tm_g_bivariate" name="e2e_tm_g_bivariate_Module_is_initialised_with_the_specified_defaults."/>
    <testcase time="7.50700000000001" classname="shinytest2_tm_g_bivariate" name="e2e_tm_g_bivariate_Coloring_options_are_hidden_when_coloring_is_toggled_off."/>
    <testcase time="2.10599999999999" classname="shinytest2_tm_g_bivariate" name="e2e_tm_g_bivariate_Coloring_options_are_hidden_when_coloring_is_toggled_off."/>
    <testcase time="2.11399999999998" classname="shinytest2_tm_g_bivariate" name="e2e_tm_g_bivariate_Coloring_options_are_hidden_when_coloring_is_toggled_off."/>
    <testcase time="3.125" classname="shinytest2_tm_g_bivariate" name="e2e_tm_g_bivariate_Coloring_options_are_hidden_when_coloring_is_toggled_off."/>
    <testcase time="2.11700000000002" classname="shinytest2_tm_g_bivariate" name="e2e_tm_g_bivariate_Coloring_options_are_hidden_when_coloring_is_toggled_off."/>
    <testcase time="2.11000000000001" classname="shinytest2_tm_g_bivariate" name="e2e_tm_g_bivariate_Coloring_options_are_hidden_when_coloring_is_toggled_off."/>
    <testcase time="7.58299999999997" classname="shinytest2_tm_g_bivariate" name="e2e_tm_g_bivariate_Facetting_options_are_hidden_when_facet_is_toggled_off."/>
    <testcase time="2.113" classname="shinytest2_tm_g_bivariate" name="e2e_tm_g_bivariate_Facetting_options_are_hidden_when_facet_is_toggled_off."/>
    <testcase time="2.11000000000001" classname="shinytest2_tm_g_bivariate" name="e2e_tm_g_bivariate_Facetting_options_are_hidden_when_facet_is_toggled_off."/>
    <testcase time="2.10899999999998" classname="shinytest2_tm_g_bivariate" name="e2e_tm_g_bivariate_Facetting_options_are_hidden_when_facet_is_toggled_off."/>
    <testcase time="3.23000000000002" classname="shinytest2_tm_g_bivariate" name="e2e_tm_g_bivariate_Facetting_options_are_hidden_when_facet_is_toggled_off."/>
    <testcase time="2.108" classname="shinytest2_tm_g_bivariate" name="e2e_tm_g_bivariate_Facetting_options_are_hidden_when_facet_is_toggled_off."/>
    <testcase time="2.12299999999999" classname="shinytest2_tm_g_bivariate" name="e2e_tm_g_bivariate_Facetting_options_are_hidden_when_facet_is_toggled_off."/>
    <testcase time="2.11899999999997" classname="shinytest2_tm_g_bivariate" name="e2e_tm_g_bivariate_Facetting_options_are_hidden_when_facet_is_toggled_off."/>
    <testcase time="6.68400000000003" classname="shinytest2_tm_g_bivariate" name="e2e_tm_g_bivariate_Setting_encoding_inputs_produces_outputs_without_validation_errors."/>
    <testcase time="0.524999999999977" classname="shinytest2_tm_g_bivariate" name="e2e_tm_g_bivariate_Setting_encoding_inputs_produces_outputs_without_validation_errors."/>
    <testcase time="1.15500000000003" classname="shinytest2_tm_g_bivariate" name="e2e_tm_g_bivariate_Setting_encoding_inputs_produces_outputs_without_validation_errors."/>
    <testcase time="2.13299999999998" classname="shinytest2_tm_g_bivariate" name="e2e_tm_g_bivariate_Setting_encoding_inputs_produces_outputs_without_validation_errors."/>
    <testcase time="1.18799999999999" classname="shinytest2_tm_g_bivariate" name="e2e_tm_g_bivariate_Setting_encoding_inputs_produces_outputs_without_validation_errors."/>
    <testcase time="1.87600000000003" classname="shinytest2_tm_g_bivariate" name="e2e_tm_g_bivariate_Setting_encoding_inputs_produces_outputs_without_validation_errors."/>
    <testcase time="1.89600000000002" classname="shinytest2_tm_g_bivariate" name="e2e_tm_g_bivariate_Setting_encoding_inputs_produces_outputs_without_validation_errors."/>
    <testcase time="1.88499999999999" classname="shinytest2_tm_g_bivariate" name="e2e_tm_g_bivariate_Setting_encoding_inputs_produces_outputs_without_validation_errors."/>
    <testcase time="1.97299999999996" classname="shinytest2_tm_g_bivariate" name="e2e_tm_g_bivariate_Setting_encoding_inputs_produces_outputs_without_validation_errors."/>
    <testcase time="2.096" classname="shinytest2_tm_g_bivariate" name="e2e_tm_g_bivariate_Setting_encoding_inputs_produces_outputs_without_validation_errors."/>
    <testcase time="2.125" classname="shinytest2_tm_g_bivariate" name="e2e_tm_g_bivariate_Setting_encoding_inputs_produces_outputs_without_validation_errors."/>
    <testcase time="2.14200000000005" classname="shinytest2_tm_g_bivariate" name="e2e_tm_g_bivariate_Setting_encoding_inputs_produces_outputs_without_validation_errors."/>
  </testsuite>
  <testsuite name="shinytest2-tm_g_distribution" timestamp="2025-02-27T16:17:12Z" hostname="5a7f9eec94d8" tests="20" skipped="0" failures="0" errors="0" time="57.712">
    <testcase time="30.383" classname="shinytest2_tm_g_distribution" name="e2e_tm_g_distribution_Module_is_initialised_with_the_specified_defaults."/>
    <testcase time="0.0480000000000018" classname="shinytest2_tm_g_distribution" name="e2e_tm_g_distribution_Module_is_initialised_with_the_specified_defaults."/>
    <testcase time="0.0509999999999877" classname="shinytest2_tm_g_distribution" name="e2e_tm_g_distribution_Module_is_initialised_with_the_specified_defaults."/>
    <testcase time="0.0500000000000114" classname="shinytest2_tm_g_distribution" name="e2e_tm_g_distribution_Module_is_initialised_with_the_specified_defaults."/>
    <testcase time="0.0500000000000114" classname="shinytest2_tm_g_distribution" name="e2e_tm_g_distribution_Module_is_initialised_with_the_specified_defaults."/>
    <testcase time="0.0499999999999545" classname="shinytest2_tm_g_distribution" name="e2e_tm_g_distribution_Module_is_initialised_with_the_specified_defaults."/>
    <testcase time="0.049000000000035" classname="shinytest2_tm_g_distribution" name="e2e_tm_g_distribution_Module_is_initialised_with_the_specified_defaults."/>
    <testcase time="0.0489999999999782" classname="shinytest2_tm_g_distribution" name="e2e_tm_g_distribution_Module_is_initialised_with_the_specified_defaults."/>
    <testcase time="0.049000000000035" classname="shinytest2_tm_g_distribution" name="e2e_tm_g_distribution_Module_is_initialised_with_the_specified_defaults."/>
    <testcase time="0.687999999999988" classname="shinytest2_tm_g_distribution" name="e2e_tm_g_distribution_Module_is_initialised_with_the_specified_defaults."/>
    <testcase time="6.17899999999997" classname="shinytest2_tm_g_distribution" name="e2e_tm_g_distribution_Histogram_encoding_inputs_produce_output_without_validation_errors."/>
    <testcase time="2.18900000000002" classname="shinytest2_tm_g_distribution" name="e2e_tm_g_distribution_Histogram_encoding_inputs_produce_output_without_validation_errors."/>
    <testcase time="1.31599999999997" classname="shinytest2_tm_g_distribution" name="e2e_tm_g_distribution_Histogram_encoding_inputs_produce_output_without_validation_errors."/>
    <testcase time="0.961000000000013" classname="shinytest2_tm_g_distribution" name="e2e_tm_g_distribution_Histogram_encoding_inputs_produce_output_without_validation_errors."/>
    <testcase time="1.65600000000001" classname="shinytest2_tm_g_distribution" name="e2e_tm_g_distribution_Histogram_encoding_inputs_produce_output_without_validation_errors."/>
    <testcase time="1.65300000000002" classname="shinytest2_tm_g_distribution" name="e2e_tm_g_distribution_Histogram_encoding_inputs_produce_output_without_validation_errors."/>
    <testcase time="1.03299999999996" classname="shinytest2_tm_g_distribution" name="e2e_tm_g_distribution_Histogram_encoding_inputs_produce_output_without_validation_errors."/>
    <testcase time="0.947000000000003" classname="shinytest2_tm_g_distribution" name="e2e_tm_g_distribution_Histogram_encoding_inputs_produce_output_without_validation_errors."/>
    <testcase time="6.14600000000002" classname="shinytest2_tm_g_distribution" name="e2e_tm_g_distribution_QQ_plot_encoding_inputs_produce_output_without_validation_errors."/>
    <testcase time="4.16500000000002" classname="shinytest2_tm_g_distribution" name="e2e_tm_g_distribution_QQ_plot_encoding_inputs_produce_output_without_validation_errors."/>
  </testsuite>
  <testsuite name="shinytest2-tm_g_response" timestamp="2025-02-27T16:17:44Z" hostname="5a7f9eec94d8" tests="17" skipped="0" failures="0" errors="0" time="29.567">
    <testcase time="5.07599999999996" classname="shinytest2_tm_g_response" name="e2e_tm_g_response_module_is_initialised_with_the_specified_defaults."/>
    <testcase time="0.0880000000000223" classname="shinytest2_tm_g_response" name="e2e_tm_g_response_module_is_initialised_with_the_specified_defaults."/>
    <testcase time="0.0500000000000114" classname="shinytest2_tm_g_response" name="e2e_tm_g_response_module_is_initialised_with_the_specified_defaults."/>
    <testcase time="0.0500000000000114" classname="shinytest2_tm_g_response" name="e2e_tm_g_response_module_is_initialised_with_the_specified_defaults."/>
    <testcase time="0.0509999999999877" classname="shinytest2_tm_g_response" name="e2e_tm_g_response_module_is_initialised_with_the_specified_defaults."/>
    <testcase time="0.0500000000000114" classname="shinytest2_tm_g_response" name="e2e_tm_g_response_module_is_initialised_with_the_specified_defaults."/>
    <testcase time="0.0499999999999545" classname="shinytest2_tm_g_response" name="e2e_tm_g_response_module_is_initialised_with_the_specified_defaults."/>
    <testcase time="0.0480000000000018" classname="shinytest2_tm_g_response" name="e2e_tm_g_response_module_is_initialised_with_the_specified_defaults."/>
    <testcase time="6.28000000000003" classname="shinytest2_tm_g_response" name="e2e_tm_g_response_encoding_inputs_produce_output_without_validation_errors."/>
    <testcase time="1.16199999999998" classname="shinytest2_tm_g_response" name="e2e_tm_g_response_encoding_inputs_produce_output_without_validation_errors."/>
    <testcase time="1.08600000000001" classname="shinytest2_tm_g_response" name="e2e_tm_g_response_encoding_inputs_produce_output_without_validation_errors."/>
    <testcase time="0.975000000000023" classname="shinytest2_tm_g_response" name="e2e_tm_g_response_encoding_inputs_produce_output_without_validation_errors."/>
    <testcase time="1.00199999999995" classname="shinytest2_tm_g_response" name="e2e_tm_g_response_encoding_inputs_produce_output_without_validation_errors."/>
    <testcase time="1.03000000000003" classname="shinytest2_tm_g_response" name="e2e_tm_g_response_encoding_inputs_produce_output_without_validation_errors."/>
    <testcase time="1.05000000000001" classname="shinytest2_tm_g_response" name="e2e_tm_g_response_encoding_inputs_produce_output_without_validation_errors."/>
    <testcase time="5.77799999999996" classname="shinytest2_tm_g_response" name="e2e_tm_g_response_deselecting_response_produces_validation_error."/>
    <testcase time="5.74100000000004" classname="shinytest2_tm_g_response" name="e2e_tm_g_response_deselecting_x_produces_validation_error."/>
  </testsuite>
  <testsuite name="shinytest2-tm_g_scatterplot" timestamp="2025-02-27T16:18:14Z" hostname="5a7f9eec94d8" tests="35" skipped="0" failures="0" errors="0" time="73.876">
    <testcase time="5.25899999999996" classname="shinytest2_tm_g_scatterplot" name="e2e_tm_g_scatterplot_Module_is_initialised_with_the_specified_defaults."/>
    <testcase time="0.0510000000000446" classname="shinytest2_tm_g_scatterplot" name="e2e_tm_g_scatterplot_Module_is_initialised_with_the_specified_defaults."/>
    <testcase time="0.0539999999999736" classname="shinytest2_tm_g_scatterplot" name="e2e_tm_g_scatterplot_Module_is_initialised_with_the_specified_defaults."/>
    <testcase time="0.0520000000000209" classname="shinytest2_tm_g_scatterplot" name="e2e_tm_g_scatterplot_Module_is_initialised_with_the_specified_defaults."/>
    <testcase time="0.0519999999999641" classname="shinytest2_tm_g_scatterplot" name="e2e_tm_g_scatterplot_Module_is_initialised_with_the_specified_defaults."/>
    <testcase time="0.0510000000000446" classname="shinytest2_tm_g_scatterplot" name="e2e_tm_g_scatterplot_Module_is_initialised_with_the_specified_defaults."/>
    <testcase time="0.0489999999999782" classname="shinytest2_tm_g_scatterplot" name="e2e_tm_g_scatterplot_Module_is_initialised_with_the_specified_defaults."/>
    <testcase time="0.0520000000000209" classname="shinytest2_tm_g_scatterplot" name="e2e_tm_g_scatterplot_Module_is_initialised_with_the_specified_defaults."/>
    <testcase time="0.0509999999999877" classname="shinytest2_tm_g_scatterplot" name="e2e_tm_g_scatterplot_Module_is_initialised_with_the_specified_defaults."/>
    <testcase time="0.0489999999999782" classname="shinytest2_tm_g_scatterplot" name="e2e_tm_g_scatterplot_Module_is_initialised_with_the_specified_defaults."/>
    <testcase time="0.0489999999999782" classname="shinytest2_tm_g_scatterplot" name="e2e_tm_g_scatterplot_Module_is_initialised_with_the_specified_defaults."/>
    <testcase time="0.0480000000000018" classname="shinytest2_tm_g_scatterplot" name="e2e_tm_g_scatterplot_Module_is_initialised_with_the_specified_defaults."/>
    <testcase time="0.0500000000000114" classname="shinytest2_tm_g_scatterplot" name="e2e_tm_g_scatterplot_Module_is_initialised_with_the_specified_defaults."/>
    <testcase time="0.0509999999999877" classname="shinytest2_tm_g_scatterplot" name="e2e_tm_g_scatterplot_Module_is_initialised_with_the_specified_defaults."/>
    <testcase time="0.0509999999999877" classname="shinytest2_tm_g_scatterplot" name="e2e_tm_g_scatterplot_Module_is_initialised_with_the_specified_defaults."/>
    <testcase time="0.049000000000035" classname="shinytest2_tm_g_scatterplot" name="e2e_tm_g_scatterplot_Module_is_initialised_with_the_specified_defaults."/>
    <testcase time="6.16499999999996" classname="shinytest2_tm_g_scatterplot" name="e2e_tm_g_scatterplot_Base_for_the_log_transformation_can_be_applied."/>
    <testcase time="0.826000000000022" classname="shinytest2_tm_g_scatterplot" name="e2e_tm_g_scatterplot_Base_for_the_log_transformation_can_be_applied."/>
    <testcase time="0.824999999999989" classname="shinytest2_tm_g_scatterplot" name="e2e_tm_g_scatterplot_Base_for_the_log_transformation_can_be_applied."/>
    <testcase time="0.838000000000022" classname="shinytest2_tm_g_scatterplot" name="e2e_tm_g_scatterplot_Base_for_the_log_transformation_can_be_applied."/>
    <testcase time="6.76599999999996" classname="shinytest2_tm_g_scatterplot" name="e2e_tm_g_scatterplot_The_log_transform_is_only_possible_for_positive_numeric_vars."/>
    <testcase time="0.896999999999991" classname="shinytest2_tm_g_scatterplot" name="e2e_tm_g_scatterplot_The_log_transform_is_only_possible_for_positive_numeric_vars."/>
    <testcase time="1.48200000000003" classname="shinytest2_tm_g_scatterplot" name="e2e_tm_g_scatterplot_The_log_transform_is_only_possible_for_positive_numeric_vars."/>
    <testcase time="7.178" classname="shinytest2_tm_g_scatterplot" name="e2e_tm_g_scatterplot_Get_validation_error_when_facetting_with_the_same_row_col_variable."/>
    <testcase time="6.46800000000002" classname="shinytest2_tm_g_scatterplot" name="e2e_tm_g_scatterplot_The_encoding_inputs_produce_output_without_validation_errors."/>
    <testcase time="0.992999999999995" classname="shinytest2_tm_g_scatterplot" name="e2e_tm_g_scatterplot_The_encoding_inputs_produce_output_without_validation_errors."/>
    <testcase time="1.34799999999996" classname="shinytest2_tm_g_scatterplot" name="e2e_tm_g_scatterplot_The_encoding_inputs_produce_output_without_validation_errors."/>
    <testcase time="1.79200000000003" classname="shinytest2_tm_g_scatterplot" name="e2e_tm_g_scatterplot_The_encoding_inputs_produce_output_without_validation_errors."/>
    <testcase time="1.86200000000002" classname="shinytest2_tm_g_scatterplot" name="e2e_tm_g_scatterplot_The_encoding_inputs_produce_output_without_validation_errors."/>
    <testcase time="1.53399999999999" classname="shinytest2_tm_g_scatterplot" name="e2e_tm_g_scatterplot_The_encoding_inputs_produce_output_without_validation_errors."/>
    <testcase time="1.548" classname="shinytest2_tm_g_scatterplot" name="e2e_tm_g_scatterplot_The_encoding_inputs_produce_output_without_validation_errors."/>
    <testcase time="20.53" classname="shinytest2_tm_g_scatterplot" name="e2e_tm_g_scatterplot_The_encoding_inputs_produce_output_without_validation_errors."/>
    <testcase time="1.62700000000001" classname="shinytest2_tm_g_scatterplot" name="e2e_tm_g_scatterplot_The_encoding_inputs_produce_output_without_validation_errors."/>
    <testcase time="3.08499999999998" classname="shinytest2_tm_g_scatterplot" name="e2e_tm_g_scatterplot_The_encoding_inputs_produce_output_without_validation_errors."/>
    <testcase time="2.09399999999999" classname="shinytest2_tm_g_scatterplot" name="e2e_tm_g_scatterplot_The_encoding_inputs_produce_output_without_validation_errors."/>
  </testsuite>
  <testsuite name="shinytest2-tm_g_scatterplotmatrix" timestamp="2025-02-27T16:19:28Z" hostname="5a7f9eec94d8" tests="9" skipped="0" failures="0" errors="0" time="28.043">
    <testcase time="5.07100000000003" classname="shinytest2_tm_g_scatterplotmatrix" name="e2e_tm_g_scatterplotmatrix_Initializes_without_errors"/>
    <testcase time="0.0040000000000191" classname="shinytest2_tm_g_scatterplotmatrix" name="e2e_tm_g_scatterplotmatrix_Initializes_without_errors"/>
    <testcase time="0.0040000000000191" classname="shinytest2_tm_g_scatterplotmatrix" name="e2e_tm_g_scatterplotmatrix_Initializes_without_errors"/>
    <testcase time="7.22199999999998" classname="shinytest2_tm_g_scatterplotmatrix" name="e2e_tm_g_scatterplotmatrix_Verify_module_displays_data_table"/>
    <testcase time="5.16200000000003" classname="shinytest2_tm_g_scatterplotmatrix" name="e2e_tm_g_scatterplotmatrix_Verify_default_values_and_settings_data_extracts_for_data_selection"/>
    <testcase time="0.00199999999995271" classname="shinytest2_tm_g_scatterplotmatrix" name="e2e_tm_g_scatterplotmatrix_Verify_default_values_and_settings_data_extracts_for_data_selection"/>
    <testcase time="1.428" classname="shinytest2_tm_g_scatterplotmatrix" name="e2e_tm_g_scatterplotmatrix_Verify_default_values_and_settings_data_extracts_for_data_selection"/>
    <testcase time="6.56799999999998" classname="shinytest2_tm_g_scatterplotmatrix" name="e2e_tm_g_scatterplotmatrix_Change_plot_settings"/>
    <testcase time="2.58199999999999" classname="shinytest2_tm_g_scatterplotmatrix" name="e2e_tm_g_scatterplotmatrix_Change_plot_settings"/>
  </testsuite>
  <testsuite name="shinytest2-tm_misssing_data" timestamp="2025-02-27T16:19:56Z" hostname="5a7f9eec94d8" tests="26" skipped="0" failures="0" errors="0" time="48.136">
    <testcase time="0.231999999999971" classname="shinytest2_tm_misssing_data" name="e2e_tm_missing_data_Initializes_without_errors"/>
    <testcase time="5.15700000000004" classname="shinytest2_tm_misssing_data" name="e2e_tm_missing_data_Initializes_without_errors"/>
    <testcase time="0.00499999999999545" classname="shinytest2_tm_misssing_data" name="e2e_tm_missing_data_Initializes_without_errors"/>
    <testcase time="0.0040000000000191" classname="shinytest2_tm_misssing_data" name="e2e_tm_missing_data_Initializes_without_errors"/>
    <testcase time="0.232999999999947" classname="shinytest2_tm_misssing_data" name="e2e_tm_missing_data_Default_settings_and_visibility_of_the_summary_graph"/>
    <testcase time="5.28700000000003" classname="shinytest2_tm_misssing_data" name="e2e_tm_missing_data_Default_settings_and_visibility_of_the_summary_graph"/>
    <testcase time="0.0480000000000018" classname="shinytest2_tm_misssing_data" name="e2e_tm_missing_data_Default_settings_and_visibility_of_the_summary_graph"/>
    <testcase time="3.01800000000003" classname="shinytest2_tm_misssing_data" name="e2e_tm_missing_data_Default_settings_and_visibility_of_the_summary_graph"/>
    <testcase time="2.78099999999995" classname="shinytest2_tm_misssing_data" name="e2e_tm_missing_data_Default_settings_and_visibility_of_the_summary_graph"/>
    <testcase time="2.11099999999999" classname="shinytest2_tm_misssing_data" name="e2e_tm_missing_data_Default_settings_and_visibility_of_the_summary_graph"/>
    <testcase time="0.22300000000007" classname="shinytest2_tm_misssing_data" name="e2e_tm_missing_data_Check_default_settings_and_visibility_of_the_combinations_graph_and_encodings"/>
    <testcase time="5.09899999999993" classname="shinytest2_tm_misssing_data" name="e2e_tm_missing_data_Check_default_settings_and_visibility_of_the_combinations_graph_and_encodings"/>
    <testcase time="1.64400000000001" classname="shinytest2_tm_misssing_data" name="e2e_tm_missing_data_Check_default_settings_and_visibility_of_the_combinations_graph_and_encodings"/>
    <testcase time="2.11200000000008" classname="shinytest2_tm_misssing_data" name="e2e_tm_missing_data_Check_default_settings_and_visibility_of_the_combinations_graph_and_encodings"/>
    <testcase time="2.1099999999999" classname="shinytest2_tm_misssing_data" name="e2e_tm_missing_data_Check_default_settings_and_visibility_of_the_combinations_graph_and_encodings"/>
    <testcase time="0.113000000000056" classname="shinytest2_tm_misssing_data" name="e2e_tm_missing_data_Check_default_settings_and_visibility_of_the_combinations_graph_and_encodings"/>
    <testcase time="1.154" classname="shinytest2_tm_misssing_data" name="e2e_tm_missing_data_Check_default_settings_and_visibility_of_the_combinations_graph_and_encodings"/>
    <testcase time="0.216999999999985" classname="shinytest2_tm_misssing_data" name="e2e_tm_missing_data_Validate_functionality_and_UI_response_for_By_Variable_Levels_"/>
    <testcase time="6.18000000000006" classname="shinytest2_tm_misssing_data" name="e2e_tm_missing_data_Validate_functionality_and_UI_response_for_By_Variable_Levels_"/>
    <testcase time="0.0579999999999927" classname="shinytest2_tm_misssing_data" name="e2e_tm_missing_data_Validate_functionality_and_UI_response_for_By_Variable_Levels_"/>
    <testcase time="0.0489999999999782" classname="shinytest2_tm_misssing_data" name="e2e_tm_missing_data_Validate_functionality_and_UI_response_for_By_Variable_Levels_"/>
    <testcase time="0.822000000000003" classname="shinytest2_tm_misssing_data" name="e2e_tm_missing_data_Validate_functionality_and_UI_response_for_By_Variable_Levels_"/>
    <testcase time="0.00900000000001455" classname="shinytest2_tm_misssing_data" name="e2e_tm_missing_data_Validate_functionality_and_UI_response_for_By_Variable_Levels_"/>
    <testcase time="3.06600000000003" classname="shinytest2_tm_misssing_data" name="e2e_tm_missing_data_Validate_functionality_and_UI_response_for_By_Variable_Levels_"/>
    <testcase time="0.222999999999956" classname="shinytest2_tm_misssing_data" name="e2e_tm_missing_data_Validate_By_Variable_Levels_table_values"/>
    <testcase time="6.18100000000004" classname="shinytest2_tm_misssing_data" name="e2e_tm_missing_data_Validate_By_Variable_Levels_table_values"/>
  </testsuite>
  <testsuite name="shinytest2-tm_outliers" timestamp="2025-02-27T16:20:44Z" hostname="5a7f9eec94d8" tests="61" skipped="0" failures="0" errors="0" time="110.966">
    <testcase time="6.41499999999996" classname="shinytest2_tm_outliers" name="e2e_tm_outliers_Data_parameter_and_module_label_is_passed_properly."/>
    <testcase time="0.00499999999999545" classname="shinytest2_tm_outliers" name="e2e_tm_outliers_Data_parameter_and_module_label_is_passed_properly."/>
    <testcase time="0.00900000000001455" classname="shinytest2_tm_outliers" name="e2e_tm_outliers_Data_parameter_and_module_label_is_passed_properly."/>
    <testcase time="0.000999999999976353" classname="shinytest2_tm_outliers" name="e2e_tm_outliers_Data_parameter_and_module_label_is_passed_properly."/>
    <testcase time="6.428" classname="shinytest2_tm_outliers" name="e2e_tm_outliers_Data_extract_spec_elements_are_initialized_with_the_default_values_specified_by_outlier_var_and_categorical_var_argument."/>
    <testcase time="0.0779999999999745" classname="shinytest2_tm_outliers" name="e2e_tm_outliers_Data_extract_spec_elements_are_initialized_with_the_default_values_specified_by_outlier_var_and_categorical_var_argument."/>
    <testcase time="1.80900000000008" classname="shinytest2_tm_outliers" name="e2e_tm_outliers_Data_extract_spec_elements_are_initialized_with_the_default_values_specified_by_outlier_var_and_categorical_var_argument."/>
    <testcase time="0.00900000000001455" classname="shinytest2_tm_outliers" name="e2e_tm_outliers_Data_extract_spec_elements_are_initialized_with_the_default_values_specified_by_outlier_var_and_categorical_var_argument."/>
    <testcase time="0.0480000000000018" classname="shinytest2_tm_outliers" name="e2e_tm_outliers_Data_extract_spec_elements_are_initialized_with_the_default_values_specified_by_outlier_var_and_categorical_var_argument."/>
    <testcase time="1.19599999999991" classname="shinytest2_tm_outliers" name="e2e_tm_outliers_Data_extract_spec_elements_are_initialized_with_the_default_values_specified_by_outlier_var_and_categorical_var_argument."/>
    <testcase time="0.791000000000054" classname="shinytest2_tm_outliers" name="e2e_tm_outliers_Data_extract_spec_elements_are_initialized_with_the_default_values_specified_by_outlier_var_and_categorical_var_argument."/>
    <testcase time="6.35599999999999" classname="shinytest2_tm_outliers" name="e2e_tm_outliers_Plot_type_is_correctly_set_by_default_and_has_appropriate_possible_options."/>
    <testcase time="0.0799999999999272" classname="shinytest2_tm_outliers" name="e2e_tm_outliers_Plot_type_is_correctly_set_by_default_and_has_appropriate_possible_options."/>
    <testcase time="0.0040000000000191" classname="shinytest2_tm_outliers" name="e2e_tm_outliers_Plot_type_is_correctly_set_by_default_and_has_appropriate_possible_options."/>
    <testcase time="1.76400000000001" classname="shinytest2_tm_outliers" name="e2e_tm_outliers_Plot_type_is_correctly_set_by_default_and_has_appropriate_possible_options."/>
    <testcase time="6.322" classname="shinytest2_tm_outliers" name="e2e_tm_outliers_Module_is_divided_into_3_tabs."/>
    <testcase time="0.0800000000000409" classname="shinytest2_tm_outliers" name="e2e_tm_outliers_Module_is_divided_into_3_tabs."/>
    <testcase time="0.0080000000000382" classname="shinytest2_tm_outliers" name="e2e_tm_outliers_Module_is_divided_into_3_tabs."/>
    <testcase time="6.16699999999992" classname="shinytest2_tm_outliers" name="e2e_tm_outliers_Plot_type_is_hidden_when_Boxplot_tab_is_not_selected."/>
    <testcase time="2.11700000000008" classname="shinytest2_tm_outliers" name="e2e_tm_outliers_Plot_type_is_hidden_when_Boxplot_tab_is_not_selected."/>
    <testcase time="4.16899999999998" classname="shinytest2_tm_outliers" name="e2e_tm_outliers_Plot_type_is_hidden_when_Boxplot_tab_is_not_selected."/>
    <testcase time="4.04399999999998" classname="shinytest2_tm_outliers" name="e2e_tm_outliers_Plot_type_is_hidden_when_Boxplot_tab_is_not_selected."/>
    <testcase time="6.5" classname="shinytest2_tm_outliers" name="e2e_tm_outliers_Default_radio_buttons_are_set_properly."/>
    <testcase time="0.08299999999997" classname="shinytest2_tm_outliers" name="e2e_tm_outliers_Default_radio_buttons_are_set_properly."/>
    <testcase time="0.0510000000000446" classname="shinytest2_tm_outliers" name="e2e_tm_outliers_Default_radio_buttons_are_set_properly."/>
    <testcase time="3.49099999999999" classname="shinytest2_tm_outliers" name="e2e_tm_outliers_Default_radio_buttons_are_set_properly."/>
    <testcase time="6.13599999999997" classname="shinytest2_tm_outliers" name="e2e_tm_outliers_Method_parameters_are_set_properly."/>
    <testcase time="0.0779999999999745" classname="shinytest2_tm_outliers" name="e2e_tm_outliers_Method_parameters_are_set_properly."/>
    <testcase time="0.00600000000008549" classname="shinytest2_tm_outliers" name="e2e_tm_outliers_Method_parameters_are_set_properly."/>
    <testcase time="0.000999999999976353" classname="shinytest2_tm_outliers" name="e2e_tm_outliers_Method_parameters_are_set_properly."/>
    <testcase time="6.45500000000004" classname="shinytest2_tm_outliers" name="e2e_tm_outliers_Outlier_definition_text_and_range_are_displayed_properly_depending_on_method."/>
    <testcase time="2.1149999999999" classname="shinytest2_tm_outliers" name="e2e_tm_outliers_Outlier_definition_text_and_range_are_displayed_properly_depending_on_method."/>
    <testcase time="2.12100000000009" classname="shinytest2_tm_outliers" name="e2e_tm_outliers_Outlier_definition_text_and_range_are_displayed_properly_depending_on_method."/>
    <testcase time="2.11199999999997" classname="shinytest2_tm_outliers" name="e2e_tm_outliers_Outlier_definition_text_and_range_are_displayed_properly_depending_on_method."/>
    <testcase time="0.0779999999999745" classname="shinytest2_tm_outliers" name="e2e_tm_outliers_Outlier_definition_text_and_range_are_displayed_properly_depending_on_method."/>
    <testcase time="0.01400000000001" classname="shinytest2_tm_outliers" name="e2e_tm_outliers_Outlier_definition_text_and_range_are_displayed_properly_depending_on_method."/>
    <testcase time="0.0499999999999545" classname="shinytest2_tm_outliers" name="e2e_tm_outliers_Outlier_definition_text_and_range_are_displayed_properly_depending_on_method."/>
    <testcase time="1.673" classname="shinytest2_tm_outliers" name="e2e_tm_outliers_Outlier_definition_text_and_range_are_displayed_properly_depending_on_method."/>
    <testcase time="1.66200000000003" classname="shinytest2_tm_outliers" name="e2e_tm_outliers_Outlier_definition_text_and_range_are_displayed_properly_depending_on_method."/>
    <testcase time="2.327" classname="shinytest2_tm_outliers" name="e2e_tm_outliers_Outlier_definition_text_and_range_are_displayed_properly_depending_on_method."/>
    <testcase time="0.0109999999999673" classname="shinytest2_tm_outliers" name="e2e_tm_outliers_Outlier_definition_text_and_range_are_displayed_properly_depending_on_method."/>
    <testcase time="0.00999999999999091" classname="shinytest2_tm_outliers" name="e2e_tm_outliers_Outlier_definition_text_and_range_are_displayed_properly_depending_on_method."/>
    <testcase time="1.77900000000011" classname="shinytest2_tm_outliers" name="e2e_tm_outliers_Outlier_definition_text_and_range_are_displayed_properly_depending_on_method."/>
    <testcase time="1.66699999999992" classname="shinytest2_tm_outliers" name="e2e_tm_outliers_Outlier_definition_text_and_range_are_displayed_properly_depending_on_method."/>
    <testcase time="2.31600000000003" classname="shinytest2_tm_outliers" name="e2e_tm_outliers_Outlier_definition_text_and_range_are_displayed_properly_depending_on_method."/>
    <testcase time="0.0109999999999673" classname="shinytest2_tm_outliers" name="e2e_tm_outliers_Outlier_definition_text_and_range_are_displayed_properly_depending_on_method."/>
    <testcase time="0.00999999999999091" classname="shinytest2_tm_outliers" name="e2e_tm_outliers_Outlier_definition_text_and_range_are_displayed_properly_depending_on_method."/>
    <testcase time="1.48200000000008" classname="shinytest2_tm_outliers" name="e2e_tm_outliers_Outlier_definition_text_and_range_are_displayed_properly_depending_on_method."/>
    <testcase time="6.048" classname="shinytest2_tm_outliers" name="e2e_tm_outliers_Outliers_summary_table_is_displayed_with_proper_content."/>
    <testcase time="0.00499999999999545" classname="shinytest2_tm_outliers" name="e2e_tm_outliers_Outliers_summary_table_is_displayed_with_proper_content."/>
    <testcase time="0.00799999999992451" classname="shinytest2_tm_outliers" name="e2e_tm_outliers_Outliers_summary_table_is_displayed_with_proper_content."/>
    <testcase time="0.0780000000000882" classname="shinytest2_tm_outliers" name="e2e_tm_outliers_Outliers_summary_table_is_displayed_with_proper_content."/>
    <testcase time="3.40499999999997" classname="shinytest2_tm_outliers" name="e2e_tm_outliers_Outliers_summary_table_is_displayed_with_proper_content."/>
    <testcase time="0.00499999999999545" classname="shinytest2_tm_outliers" name="e2e_tm_outliers_Outliers_summary_table_is_displayed_with_proper_content."/>
    <testcase time="1.80100000000004" classname="shinytest2_tm_outliers" name="e2e_tm_outliers_Outliers_summary_table_is_displayed_with_proper_content."/>
    <testcase time="0.00499999999999545" classname="shinytest2_tm_outliers" name="e2e_tm_outliers_Outliers_summary_table_is_displayed_with_proper_content."/>
    <testcase time="6.06200000000001" classname="shinytest2_tm_outliers" name="e2e_tm_outliers_Outlier_table_is_displayed_with_proper_content."/>
    <testcase time="3.40499999999997" classname="shinytest2_tm_outliers" name="e2e_tm_outliers_Outlier_table_is_displayed_with_proper_content."/>
    <testcase time="0.00199999999995271" classname="shinytest2_tm_outliers" name="e2e_tm_outliers_Outlier_table_is_displayed_with_proper_content."/>
    <testcase time="0.000999999999976353" classname="shinytest2_tm_outliers" name="e2e_tm_outliers_Outlier_table_is_displayed_with_proper_content."/>
    <testcase time="0.00200000000006639" classname="shinytest2_tm_outliers" name="e2e_tm_outliers_Outlier_table_is_displayed_with_proper_content."/>
  </testsuite>
  <testsuite name="shinytest2-tm_t_crosstable" timestamp="2025-02-27T16:22:35Z" hostname="5a7f9eec94d8" tests="9" skipped="0" failures="0" errors="0" time="31.346">
    <testcase time="5.52999999999997" classname="shinytest2_tm_t_crosstable" name="e2e_tm_t_crosstable_Initializes_without_errors"/>
    <testcase time="0.0040000000000191" classname="shinytest2_tm_t_crosstable" name="e2e_tm_t_crosstable_Initializes_without_errors"/>
    <testcase time="0.0040000000000191" classname="shinytest2_tm_t_crosstable" name="e2e_tm_t_crosstable_Initializes_without_errors"/>
    <testcase time="7.68700000000001" classname="shinytest2_tm_t_crosstable" name="e2e_tm_t_crosstable_Verify_module_displays_data_table"/>
    <testcase time="5.68899999999996" classname="shinytest2_tm_t_crosstable" name="e2e_tm_t_crosstable_Verify_default_values_and_settings_data_extracts_for_data_selection"/>
    <testcase time="0.0489999999999782" classname="shinytest2_tm_t_crosstable" name="e2e_tm_t_crosstable_Verify_default_values_and_settings_data_extracts_for_data_selection"/>
    <testcase time="1.99099999999999" classname="shinytest2_tm_t_crosstable" name="e2e_tm_t_crosstable_Verify_default_values_and_settings_data_extracts_for_data_selection"/>
    <testcase time="8.08199999999999" classname="shinytest2_tm_t_crosstable" name="e2e_tm_t_crosstable_Change_plot_settings"/>
    <testcase time="2.31000000000006" classname="shinytest2_tm_t_crosstable" name="e2e_tm_t_crosstable_Change_plot_settings"/>
  </testsuite>
  <testsuite name="shinytest2-tm_variable_browser" timestamp="2025-02-27T16:23:06Z" hostname="5a7f9eec94d8" tests="24" skipped="0" failures="0" errors="0" time="56.394">
    <testcase time="5.18099999999993" classname="shinytest2_tm_variable_browser" name="e2e_tm_variable_browser_content_is_displayed_correctly."/>
    <testcase time="0.00500000000010914" classname="shinytest2_tm_variable_browser" name="e2e_tm_variable_browser_content_is_displayed_correctly."/>
    <testcase time="2.09699999999998" classname="shinytest2_tm_variable_browser" name="e2e_tm_variable_browser_content_is_displayed_correctly."/>
    <testcase time="0.0040000000000191" classname="shinytest2_tm_variable_browser" name="e2e_tm_variable_browser_content_is_displayed_correctly."/>
    <testcase time="0.00399999999990541" classname="shinytest2_tm_variable_browser" name="e2e_tm_variable_browser_content_is_displayed_correctly."/>
    <testcase time="7.48500000000001" classname="shinytest2_tm_variable_browser" name="e2e_tm_variable_browser_Selecting_treat_variable_as_factor_changes_the_table_headers."/>
    <testcase time="6.59800000000007" classname="shinytest2_tm_variable_browser" name="e2e_tm_variable_browser_selection_of_categorical_variable_has_a_table_with_level_header."/>
    <testcase time="7.49599999999998" classname="shinytest2_tm_variable_browser" name="e2e_tm_variable_browser_changing_display_density_encoding_doesn_t_show_errors."/>
    <testcase time="2.34199999999998" classname="shinytest2_tm_variable_browser" name="e2e_tm_variable_browser_changing_display_density_encoding_doesn_t_show_errors."/>
    <testcase time="5.29499999999996" classname="shinytest2_tm_variable_browser" name="e2e_tm_variable_browser_changing_outlier_definition_encoding_doesn_t_show_errors."/>
    <testcase time="2.78100000000006" classname="shinytest2_tm_variable_browser" name="e2e_tm_variable_browser_changing_outlier_definition_encoding_doesn_t_show_errors."/>
    <testcase time="0.00499999999999545" classname="shinytest2_tm_variable_browser" name="e2e_tm_variable_browser_changing_outlier_definition_encoding_doesn_t_show_errors."/>
    <testcase time="0.780999999999949" classname="shinytest2_tm_variable_browser" name="e2e_tm_variable_browser_changing_outlier_definition_encoding_doesn_t_show_errors."/>
    <testcase time="2.34199999999998" classname="shinytest2_tm_variable_browser" name="e2e_tm_variable_browser_changing_outlier_definition_encoding_doesn_t_show_errors."/>
    <testcase time="7.34000000000003" classname="shinytest2_tm_variable_browser" name="e2e_tm_variable_browser_changing_plot_setting_encodings_doesn_t_show_errors."/>
    <testcase time="0.748000000000047" classname="shinytest2_tm_variable_browser" name="e2e_tm_variable_browser_changing_plot_setting_encodings_doesn_t_show_errors."/>
    <testcase time="0.857999999999947" classname="shinytest2_tm_variable_browser" name="e2e_tm_variable_browser_changing_plot_setting_encodings_doesn_t_show_errors."/>
    <testcase time="0.725000000000023" classname="shinytest2_tm_variable_browser" name="e2e_tm_variable_browser_changing_plot_setting_encodings_doesn_t_show_errors."/>
    <testcase time="0.712999999999965" classname="shinytest2_tm_variable_browser" name="e2e_tm_variable_browser_changing_plot_setting_encodings_doesn_t_show_errors."/>
    <testcase time="0.717000000000098" classname="shinytest2_tm_variable_browser" name="e2e_tm_variable_browser_changing_plot_setting_encodings_doesn_t_show_errors."/>
    <testcase time="0.704999999999927" classname="shinytest2_tm_variable_browser" name="e2e_tm_variable_browser_changing_plot_setting_encodings_doesn_t_show_errors."/>
    <testcase time="0.75" classname="shinytest2_tm_variable_browser" name="e2e_tm_variable_browser_changing_plot_setting_encodings_doesn_t_show_errors."/>
    <testcase time="0.711999999999989" classname="shinytest2_tm_variable_browser" name="e2e_tm_variable_browser_changing_plot_setting_encodings_doesn_t_show_errors."/>
    <testcase time="0.710000000000036" classname="shinytest2_tm_variable_browser" name="e2e_tm_variable_browser_changing_plot_setting_encodings_doesn_t_show_errors."/>
  </testsuite>
  <testsuite name="tm_g_bivariate" timestamp="2025-02-27T16:24:03Z" hostname="5a7f9eec94d8" tests="18" skipped="0" failures="0" errors="0" time="0.211">
    <testcase time="0.0850000000000364" classname="tm_g_bivariate" name="tm_g_bivariate_creates_a_teal_module_object"/>
    <testcase time="0.00499999999999545" classname="tm_g_bivariate" name="tm_g_bivariate_creates_a_teal_module_object_with_default_options"/>
    <testcase time="0.00699999999994816" classname="tm_g_bivariate" name="tm_g_bivariate_creates_a_teal_module_object_with_multiple_data_extract_specs"/>
    <testcase time="0.00599999999997181" classname="tm_g_bivariate" name="tm_g_bivariate_creates_a_module_with_datanames_taken_from_data_extracts"/>
    <testcase time="0.0080000000000382" classname="tm_g_bivariate" name="tm_g_bivariate_fails_when_x_contains_a_spec_with_multiple_selection"/>
    <testcase time="0.00700000000006185" classname="tm_g_bivariate" name="tm_g_bivariate_fails_when_x_contains_multiple_spec_with_at_least_one_multiple_selection"/>
    <testcase time="0.00799999999992451" classname="tm_g_bivariate" name="tm_g_bivariate_fails_when_x_contains_multiple_spec_with_at_least_one_multiple_selection"/>
    <testcase time="0.00700000000006185" classname="tm_g_bivariate" name="tm_g_bivariate_fails_when_y_contains_multiple_spec_with_at_least_one_multiple_selection"/>
    <testcase time="0.00799999999992451" classname="tm_g_bivariate" name="tm_g_bivariate_fails_when_plot_height_is_not_valid"/>
    <testcase time="0.00700000000006185" classname="tm_g_bivariate" name="tm_g_bivariate_fails_when_plot_height_is_not_valid"/>
    <testcase time="0.00699999999994816" classname="tm_g_bivariate" name="tm_g_bivariate_fails_when_plot_height_is_not_valid"/>
    <testcase time="0.00700000000006185" classname="tm_g_bivariate" name="tm_g_bivariate_fails_when_plot_width_is_not_valid"/>
    <testcase time="0.00699999999994816" classname="tm_g_bivariate" name="tm_g_bivariate_fails_when_plot_width_is_not_valid"/>
    <testcase time="0.0080000000000382" classname="tm_g_bivariate" name="tm_g_bivariate_fails_when_plot_width_is_not_valid"/>
    <testcase time="0.0080000000000382" classname="tm_g_bivariate" name="tm_g_bivariate_fails_when_color_setting_is_FALSE_and_color_is_supplied"/>
    <testcase time="0.00799999999992451" classname="tm_g_bivariate" name="tm_g_bivariate_fails_when_color_setting_is_FALSE_and_size_is_supplied"/>
    <testcase time="0.00700000000006185" classname="tm_g_bivariate" name="tm_g_bivariate_fails_when_color_setting_is_FALSE_and_fill_is_supplied"/>
    <testcase time="0.0109999999999673" classname="tm_g_bivariate" name="tm_g_bivariate_determines_color_size_and_fill_when_color_setting_is_TRUE"/>
  </testsuite>
  <testsuite name="bivariate_ggplot_call" timestamp="2025-02-27T16:24:03Z" hostname="5a7f9eec94d8" tests="21" skipped="0" failures="0" errors="0" time="0.062">
    <testcase time="0.00700000000006185" classname="bivariate_ggplot_call" name="bivariate_ggplot_call_with_numerics"/>
    <testcase time="0.00299999999992906" classname="bivariate_ggplot_call" name="bivariate_ggplot_call_with_numerics"/>
    <testcase time="0.00200000000006639" classname="bivariate_ggplot_call" name="bivariate_ggplot_call_with_numerics"/>
    <testcase time="0.00199999999995271" classname="bivariate_ggplot_call" name="bivariate_ggplot_call_with_numerics"/>
    <testcase time="0.00499999999999545" classname="bivariate_ggplot_call" name="bivariate_ggplot_call_with_factor_char_logical"/>
    <testcase time="0.00199999999995271" classname="bivariate_ggplot_call" name="bivariate_ggplot_call_with_factor_char_logical"/>
    <testcase time="0.00300000000004275" classname="bivariate_ggplot_call" name="bivariate_ggplot_call_with_factor_char_logical"/>
    <testcase time="0.00199999999995271" classname="bivariate_ggplot_call" name="bivariate_ggplot_call_with_factor_char_logical"/>
    <testcase time="0.00200000000006639" classname="bivariate_ggplot_call" name="bivariate_ggplot_call_with_factor_char_logical"/>
    <testcase time="0.00300000000004275" classname="bivariate_ggplot_call" name="bivariate_ggplot_call_with_factor_char_logical"/>
    <testcase time="0.00199999999995271" classname="bivariate_ggplot_call" name="bivariate_ggplot_call_with_factor_char_logical"/>
    <testcase time="0.0040000000000191" classname="bivariate_ggplot_call" name="bivariate_ggplot_call_with_single_data_numeric"/>
    <testcase time="0.00299999999992906" classname="bivariate_ggplot_call" name="bivariate_ggplot_call_with_single_data_numeric"/>
    <testcase time="0.00200000000006639" classname="bivariate_ggplot_call" name="bivariate_ggplot_call_with_single_data_numeric"/>
    <testcase time="0.00299999999992906" classname="bivariate_ggplot_call" name="bivariate_ggplot_call_with_single_data_numeric"/>
    <testcase time="0.00200000000006639" classname="bivariate_ggplot_call" name="bivariate_ggplot_call_with_single_data_numeric"/>
    <testcase time="0.00299999999992906" classname="bivariate_ggplot_call" name="bivariate_ggplot_call_with_single_data_numeric"/>
    <testcase time="0.0040000000000191" classname="bivariate_ggplot_call" name="bivariate_ggplot_call_with_single_data_factor"/>
    <testcase time="0.00300000000004275" classname="bivariate_ggplot_call" name="bivariate_ggplot_call_with_single_data_factor"/>
    <testcase time="0.00199999999995271" classname="bivariate_ggplot_call" name="bivariate_ggplot_call_with_single_data_factor"/>
    <testcase time="0.00300000000004275" classname="bivariate_ggplot_call" name="bivariate_ggplot_call_with_single_data_factor"/>
  </testsuite>
  <testsuite name="front_page" timestamp="2025-02-27T16:24:03Z" hostname="5a7f9eec94d8" tests="4" skipped="0" failures="0" errors="0" time="0.018">
    <testcase time="0.00599999999997181" classname="front_page" name="convert_metadata_to_dataframe_returns_a_data_frame_with_no_rows_if_no_metadata"/>
    <testcase time="0.0040000000000191" classname="front_page" name="convert_metadata_to_dataframe_returns_a_data_frame_with_metadata_if_more_than_one_dataset"/>
    <testcase time="0.00300000000004275" classname="front_page" name="convert_metadata_to_dataframe_returns_a_data_frame_with_metadata_if_one_dataset"/>
    <testcase time="0.00499999999999545" classname="front_page" name="convert_metadata_to_dataframe_converts_metadata_values_to_characters"/>
  </testsuite>
  <testsuite name="g_expert_cl" timestamp="2025-02-27T16:24:03Z" hostname="5a7f9eec94d8" tests="15" skipped="0" failures="0" errors="0" time="0.026">
    <testcase time="0.00499999999999545" classname="g_expert_cl" name="coloring_ggplot_call_can_work_with_all_combinations"/>
    <testcase time="0.00199999999995271" classname="g_expert_cl" name="coloring_ggplot_call_can_work_with_all_combinations"/>
    <testcase time="0.000999999999976353" classname="g_expert_cl" name="coloring_ggplot_call_can_work_with_all_combinations"/>
    <testcase time="0.00100000000009004" classname="g_expert_cl" name="coloring_ggplot_call_can_work_with_all_combinations"/>
    <testcase time="0.000999999999976353" classname="g_expert_cl" name="coloring_ggplot_call_can_work_with_all_combinations"/>
    <testcase time="0.000999999999976353" classname="g_expert_cl" name="coloring_ggplot_call_can_work_with_all_combinations"/>
    <testcase time="0.00199999999995271" classname="g_expert_cl" name="coloring_ggplot_call_can_work_with_all_combinations"/>
    <testcase time="0.00300000000004275" classname="g_expert_cl" name="coloring_ggplot_call_can_work_with_all_combinations_without_colour_var"/>
    <testcase time="0.000999999999976353" classname="g_expert_cl" name="coloring_ggplot_call_can_work_with_all_combinations_without_colour_var"/>
    <testcase time="0.000999999999976353" classname="g_expert_cl" name="coloring_ggplot_call_can_work_with_all_combinations_without_colour_var"/>
    <testcase time="0.00100000000009004" classname="g_expert_cl" name="coloring_ggplot_call_can_work_with_all_combinations_without_colour_var"/>
    <testcase time="0.00199999999995271" classname="g_expert_cl" name="coloring_ggplot_call_can_work_with_all_combinations_without_colour_var"/>
    <testcase time="0.00300000000004275" classname="g_expert_cl" name="coloring_ggplot_call_can_work_size_var"/>
    <testcase time="0.000999999999976353" classname="g_expert_cl" name="coloring_ggplot_call_can_work_size_var"/>
    <testcase time="0.000999999999976353" classname="g_expert_cl" name="coloring_ggplot_call_can_work_size_var"/>
  </testsuite>
  <testsuite name="scatterplotmatrix_get_stats" timestamp="2025-02-27T16:24:03Z" hostname="5a7f9eec94d8" tests="6" skipped="0" failures="0" errors="0" time="0.022">
    <testcase time="0.00700000000006185" classname="scatterplotmatrix_get_stats" name="get_scatterplotmatrix_stats_x_y_numeric"/>
    <testcase time="0.00299999999992906" classname="scatterplotmatrix_get_stats" name="get_scatterplotmatrix_stats_x_y_numeric"/>
    <testcase time="0.00300000000004275" classname="scatterplotmatrix_get_stats" name="get_scatterplotmatrix_stats_x_y_numeric"/>
    <testcase time="0.0040000000000191" classname="scatterplotmatrix_get_stats" name="get_scatterplotmatrix_stats_x_y_character"/>
    <testcase time="0.00299999999992906" classname="scatterplotmatrix_get_stats" name="get_scatterplotmatrix_stats_x_y_character"/>
    <testcase time="0.00200000000006639" classname="scatterplotmatrix_get_stats" name="get_scatterplotmatrix_stats_x_y_character"/>
  </testsuite>
  <testsuite name="variable_browser" timestamp="2025-02-27T16:24:03Z" hostname="5a7f9eec94d8" tests="3" skipped="0" failures="0" errors="0" time="0.013">
    <testcase time="0.00599999999997181" classname="variable_browser" name="remove_outliers_from_does_not_remove_outliers_when_outlier_definition_is_zero"/>
    <testcase time="0.0040000000000191" classname="variable_browser" name="remove_outliers_from_removes_outliers_when_outlier_definition_is_non_zero"/>
    <testcase time="0.00299999999992906" classname="variable_browser" name="remove_outliers_from_keeps_missing_values_unchanged"/>
  </testsuite>
</testsuites>
