<?xml version="1.0" encoding="UTF-8"?>
<testsuites>
  <testsuite name="examples" timestamp="2025-10-15T14:08:11Z" hostname="a50b3c9f5f0f" tests="38" skipped="1" failures="0" errors="0" time="5.272">
    <testcase time="1.977" classname="examples" name="example_add_facet_labels.Rd"/>
    <testcase time="0.052" classname="examples" name="example_call_fun_dots.Rd"/>
    <testcase time="0.012" classname="examples" name="example_create_sparklines.Rd"/>
    <testcase time="0.00700000000000012" classname="examples" name="example_establish_updating_selection.Rd"/>
    <testcase time="0.00999999999999979" classname="examples" name="example_get_scatterplotmatrix_stats.Rd"/>
    <testcase time="0.00700000000000012" classname="examples" name="example_plot_var_summary.Rd"/>
    <testcase time="0.00600000000000023" classname="examples" name="example_remove_outliers_from.Rd"/>
    <testcase time="0.00599999999999978" classname="examples" name="example_render_single_tab.Rd"/>
    <testcase time="0.00700000000000012" classname="examples" name="example_render_tab_header.Rd"/>
    <testcase time="0.00599999999999978" classname="examples" name="example_render_tab_table.Rd"/>
    <testcase time="0.00600000000000023" classname="examples" name="example_render_tabset_panel_content.Rd"/>
    <testcase time="0.00699999999999967" classname="examples" name="example_select_decorators.Rd"/>
    <testcase time="0.00600000000000023" classname="examples" name="example_set_chunk_attrs.Rd"/>
    <testcase time="0.00700000000000012" classname="examples" name="example_set_chunk_dims.Rd"/>
    <testcase time="0.00599999999999978" classname="examples" name="example_shared_params.Rd"/>
    <testcase time="0.00700000000000012" classname="examples" name="example_srv_decorate_teal_data.Rd"/>
    <testcase time="0.00599999999999978" classname="examples" name="example_teal.modules.general.Rd"/>
    <testcase time="0.221" classname="examples" name="example_tm_a_pca.Rd"/>
    <testcase time="0.152" classname="examples" name="example_tm_a_regression.Rd"/>
    <testcase time="0.14" classname="examples" name="example_tm_data_table.Rd"/>
    <testcase time="0.218" classname="examples" name="example_tm_file_viewer.Rd"/>
    <testcase time="0.0469999999999997" classname="examples" name="example_tm_file_viewer.Rd"/>
    <testcase time="0.0910000000000002" classname="examples" name="example_tm_front_page.Rd"/>
    <testcase time="0.182" classname="examples" name="example_tm_g_association.Rd"/>
    <testcase time="0.292" classname="examples" name="example_tm_g_bivariate.Rd"/>
    <testcase time="0.00399999999999956" classname="examples" name="example_tm_g_distribution.Rd">
      <skipped message="Reason: distribution initializes with short validation error ('test-examples.R:145:9')"/>
    </testcase>
    <testcase time="0.192" classname="examples" name="example_tm_g_response.Rd"/>
    <testcase time="0.151" classname="examples" name="example_tm_g_scatterplot.Rd"/>
    <testcase time="0.403" classname="examples" name="example_tm_g_scatterplotmatrix.Rd"/>
    <testcase time="0.247" classname="examples" name="example_tm_missing_data.Rd"/>
    <testcase time="0.169" classname="examples" name="example_tm_outliers.Rd"/>
    <testcase time="0.413" classname="examples" name="example_tm_t_crosstable.Rd"/>
    <testcase time="0.178" classname="examples" name="example_tm_variable_browser.Rd"/>
    <testcase time="0.00700000000000056" classname="examples" name="example_validate_input.Rd"/>
    <testcase time="0.00599999999999934" classname="examples" name="example_var_missings_info.Rd"/>
    <testcase time="0.0110000000000001" classname="examples" name="example_var_summary_table.Rd"/>
    <testcase time="0.00600000000000023" classname="examples" name="example_variable_type_icons.Rd"/>
    <testcase time="0.00699999999999967" classname="examples" name="example_varname_w_label.Rd"/>
  </testsuite>
  <testsuite name="shinytest2-tm_a_pca" timestamp="2025-10-15T14:08:17Z" hostname="a50b3c9f5f0f" tests="42" skipped="0" failures="0" errors="1" time="135.381">
    <testcase time="8.761" classname="shinytest2_tm_a_pca" name="e2e_tm_a_pca_Module_is_initialised_with_the_specified_defaults_in_function_call."/>
    <testcase time="0.0909999999999993" classname="shinytest2_tm_a_pca" name="e2e_tm_a_pca_Module_is_initialised_with_the_specified_defaults_in_function_call."/>
    <testcase time="0.00600000000000023" classname="shinytest2_tm_a_pca" name="e2e_tm_a_pca_Module_is_initialised_with_the_specified_defaults_in_function_call."/>
    <testcase time="0.00399999999999956" classname="shinytest2_tm_a_pca" name="e2e_tm_a_pca_Module_is_initialised_with_the_specified_defaults_in_function_call."/>
    <testcase time="0.0510000000000002" classname="shinytest2_tm_a_pca" name="e2e_tm_a_pca_Module_is_initialised_with_the_specified_defaults_in_function_call."/>
    <testcase time="0.0500000000000007" classname="shinytest2_tm_a_pca" name="e2e_tm_a_pca_Module_is_initialised_with_the_specified_defaults_in_function_call."/>
    <testcase time="0.0489999999999995" classname="shinytest2_tm_a_pca" name="e2e_tm_a_pca_Module_is_initialised_with_the_specified_defaults_in_function_call."/>
    <testcase time="7.94" classname="shinytest2_tm_a_pca" name="e2e_tm_a_pca_Eigenvector_table_should_have_data_extract_selection_Murder_Assault_on_header."/>
    <testcase time="0.137" classname="shinytest2_tm_a_pca" name="e2e_tm_a_pca_Eigenvector_table_should_have_data_extract_selection_Murder_Assault_on_header."/>
    <testcase time="0.0970000000000013" classname="shinytest2_tm_a_pca" name="e2e_tm_a_pca_Eigenvector_table_should_have_data_extract_selection_Murder_Assault_on_header."/>
    <testcase time="0.0960000000000001" classname="shinytest2_tm_a_pca" name="e2e_tm_a_pca_Eigenvector_table_should_have_data_extract_selection_Murder_Assault_on_header."/>
    <testcase time="11.227" classname="shinytest2_tm_a_pca" name="e2e_tm_a_pca_Eigenvector_table_should_have_data_extract_selection_Murder_UrbanPop_on_header."/>
    <testcase time="0.137" classname="shinytest2_tm_a_pca" name="e2e_tm_a_pca_Eigenvector_table_should_have_data_extract_selection_Murder_UrbanPop_on_header."/>
    <testcase time="0.0960000000000036" classname="shinytest2_tm_a_pca" name="e2e_tm_a_pca_Eigenvector_table_should_have_data_extract_selection_Murder_UrbanPop_on_header."/>
    <testcase time="0.0949999999999989" classname="shinytest2_tm_a_pca" name="e2e_tm_a_pca_Eigenvector_table_should_have_data_extract_selection_Murder_UrbanPop_on_header."/>
    <testcase time="11.113" classname="shinytest2_tm_a_pca" name="e2e_tm_a_pca_Color_by_columns_data_extract_must_be_from_non_selected_variable_set."/>
    <testcase time="0.765999999999998" classname="shinytest2_tm_a_pca" name="e2e_tm_a_pca_Color_by_columns_data_extract_must_be_from_non_selected_variable_set."/>
    <testcase time="7.942" classname="shinytest2_tm_a_pca" name="e2e_tm_a_pca_Changing_output_encodings_of_tables_display_does_not_generate_errors."/>
    <testcase time="0.555" classname="shinytest2_tm_a_pca" name="e2e_tm_a_pca_Changing_output_encodings_of_tables_display_does_not_generate_errors."/>
    <testcase time="0.0889999999999986" classname="shinytest2_tm_a_pca" name="e2e_tm_a_pca_Changing_output_encodings_of_tables_display_does_not_generate_errors."/>
    <testcase time="0.0480000000000018" classname="shinytest2_tm_a_pca" name="e2e_tm_a_pca_Changing_output_encodings_of_tables_display_does_not_generate_errors."/>
    <testcase time="0.0480000000000018" classname="shinytest2_tm_a_pca" name="e2e_tm_a_pca_Changing_output_encodings_of_tables_display_does_not_generate_errors."/>
    <testcase time="0.0480000000000018" classname="shinytest2_tm_a_pca" name="e2e_tm_a_pca_Changing_output_encodings_of_tables_display_does_not_generate_errors."/>
    <testcase time="9.383" classname="shinytest2_tm_a_pca" name="e2e_tm_a_pca_Changing_output_encodings_for_plot_type_does_not_generate_errors."/>
    <testcase time="1.354" classname="shinytest2_tm_a_pca" name="e2e_tm_a_pca_Changing_output_encodings_for_plot_type_does_not_generate_errors."/>
    <testcase time="1.17" classname="shinytest2_tm_a_pca" name="e2e_tm_a_pca_Changing_output_encodings_for_plot_type_does_not_generate_errors."/>
    <testcase time="1.425" classname="shinytest2_tm_a_pca" name="e2e_tm_a_pca_Changing_output_encodings_for_plot_type_does_not_generate_errors."/>
    <testcase time="8.001" classname="shinytest2_tm_a_pca" name="e2e_tm_a_pca_Changing_output_encodings_of_standardization_does_not_generate_errors."/>
    <testcase time="1.75699999999999" classname="shinytest2_tm_a_pca" name="e2e_tm_a_pca_Changing_output_encodings_of_standardization_does_not_generate_errors."/>
    <testcase time="1.599" classname="shinytest2_tm_a_pca" name="e2e_tm_a_pca_Changing_output_encodings_of_standardization_does_not_generate_errors."/>
    <testcase time="1.553" classname="shinytest2_tm_a_pca" name="e2e_tm_a_pca_Changing_output_encodings_of_standardization_does_not_generate_errors."/>
    <testcase time="7.91" classname="shinytest2_tm_a_pca" name="e2e_tm_a_pca_Changing_output_encodings_of_NA_action_does_not_generate_errors."/>
    <testcase time="11.195" classname="shinytest2_tm_a_pca" name="e2e_tm_a_pca_Changing_output_encodings_of_plot_type_hides_and_shows_options."/>
    <testcase time="0.00399999999999068" classname="shinytest2_tm_a_pca" name="e2e_tm_a_pca_Changing_output_encodings_of_plot_type_hides_and_shows_options.">
      <error type="error" message="Error in `eval(code, test_env)`: attempt to apply non-function ('test-shinytest2-tm_a_pca.R:199:3')">Error in `eval(code, test_env)`: attempt to apply non-function</error>
    </testcase>
    <testcase time="7.80900000000001" classname="shinytest2_tm_a_pca" name="e2e_tm_a_pca_Changing_output_encodings_of_theme_does_not_generate_errors."/>
    <testcase time="0.530999999999992" classname="shinytest2_tm_a_pca" name="e2e_tm_a_pca_Changing_output_encodings_of_theme_does_not_generate_errors."/>
    <testcase time="0.531000000000006" classname="shinytest2_tm_a_pca" name="e2e_tm_a_pca_Changing_output_encodings_of_theme_does_not_generate_errors."/>
    <testcase time="0.530999999999992" classname="shinytest2_tm_a_pca" name="e2e_tm_a_pca_Changing_output_encodings_of_theme_does_not_generate_errors."/>
    <testcase time="7.86500000000001" classname="shinytest2_tm_a_pca" name="e2e_tm_a_pca_Changing_output_encodings_of_font_size_does_not_generate_errors."/>
    <testcase time="1.48699999999999" classname="shinytest2_tm_a_pca" name="e2e_tm_a_pca_Changing_output_encodings_of_font_size_does_not_generate_errors."/>
    <testcase time="1.298" classname="shinytest2_tm_a_pca" name="e2e_tm_a_pca_Changing_output_encodings_of_font_size_does_not_generate_errors."/>
    <testcase time="20.532" classname="shinytest2_tm_a_pca" name="e2e_tm_a_pca_Changing_output_encodings_of_font_size_does_not_generate_errors."/>
  </testsuite>
  <testsuite name="shinytest2-tm_a_regression" timestamp="2025-10-15T14:10:32Z" hostname="a50b3c9f5f0f" tests="10" skipped="0" failures="0" errors="6" time="49.523">
    <testcase time="6.86799999999999" classname="shinytest2_tm_a_regression" name="e2e_tm_a_regression_Data_parameter_and_module_label_is_passed_properly."/>
    <testcase time="0.00499999999999545" classname="shinytest2_tm_a_regression" name="e2e_tm_a_regression_Data_parameter_and_module_label_is_passed_properly."/>
    <testcase time="0.00499999999999545" classname="shinytest2_tm_a_regression" name="e2e_tm_a_regression_Data_parameter_and_module_label_is_passed_properly.">
      <error type="error" message="Error in `paste(app_driver$namespaces(TRUE)$wrapper(NULL), &quot;.help-block&quot;)`: attempt to apply non-function ('test-shinytest2-tm_a_regression.R:58:3')">Error in `paste(app_driver$namespaces(TRUE)$wrapper(NULL), ".help-block")`: attempt to apply non-function
Backtrace:
     ▆
  1. ├─app_driver$get_text(...) at test-shinytest2-tm_a_regression.R:58:3
  2. │ └─shinytest2:::app_get_text(self, private, selector = selector)
  3. │   ├─self$get_js(script = get_text_js(selector))
  4. │   │ └─shinytest2:::app_get_js(...)
  5. │   │   ├─shinytest2:::chromote_eval(...)
  6. │   │   └─shinytest2:::app_js_script_helper(self, private, script, file)
  7. │   └─shinytest2:::get_text_js(selector)
  8. │     ├─base::paste0(...)
  9. │     └─shinytest2:::toJSON_atomic(selector)
 10. │       └─shinytest2:::toJSON(x, ..., strict_atomic = FALSE)
 11. │         └─jsonlite::toJSON(...)
 12. │           └─base::force(x)
 13. └─base::paste(app_driver$namespaces(TRUE)$wrapper(NULL), ".help-block")</error>
    </testcase>
    <testcase time="6.86099999999999" classname="shinytest2_tm_a_regression" name="e2e_tm_a_regression_Data_extract_spec_elements_are_initialized_with_the_default_values_specified_by_response_and_regressor_arg.">
      <error type="error" message="Error in `force(x)`: attempt to apply non-function ('test-shinytest2-tm_a_regression.R:72:3')">Error in `force(x)`: attempt to apply non-function
Backtrace:
     ▆
  1. ├─testthat::expect_identical(...) at test-shinytest2-tm_a_regression.R:72:3
  2. │ └─testthat::quasi_label(enquo(object), label, arg = "object")
  3. │   └─rlang::eval_bare(expr, quo_get_env(quo))
  4. └─app_driver$get_text(app_driver$namespaces(TRUE)$module("response-dataset_CO2_singleextract-select_selected_text"))
  5.   └─shinytest2:::app_get_text(self, private, selector = selector)
  6.     ├─self$get_js(script = get_text_js(selector))
  7.     │ └─shinytest2:::app_get_js(...)
  8.     │   ├─shinytest2:::chromote_eval(...)
  9.     │   └─shinytest2:::app_js_script_helper(self, private, script, file)
 10.     └─shinytest2:::get_text_js(selector)
 11.       ├─base::paste0(...)
 12.       └─shinytest2:::toJSON_atomic(selector)
 13.         └─shinytest2:::toJSON(x, ..., strict_atomic = FALSE)
 14.           └─jsonlite::toJSON(...)
 15.             └─base::force(x)</error>
    </testcase>
    <testcase time="6.89400000000001" classname="shinytest2_tm_a_regression" name="e2e_tm_a_regression_Plot_type_is_set_properly."/>
    <testcase time="6.899" classname="shinytest2_tm_a_regression" name="e2e_tm_a_regression_Plot_type_has_7_specific_choices_changing_choices_does_not_throw_errors.">
      <error type="error" message="Error in `force(x)`: attempt to apply non-function ('test-shinytest2-tm_a_regression.R:108:3')">Error in `force(x)`: attempt to apply non-function
Backtrace:
     ▆
  1. └─app_driver$get_text(app_driver$namespaces(TRUE)$module("plot_type &gt; div")) at test-shinytest2-tm_a_regression.R:108:3
  2.   └─shinytest2:::app_get_text(self, private, selector = selector)
  3.     ├─self$get_js(script = get_text_js(selector))
  4.     │ └─shinytest2:::app_get_js(...)
  5.     │   ├─shinytest2:::chromote_eval(...)
  6.     │   └─shinytest2:::app_js_script_helper(self, private, script, file)
  7.     └─shinytest2:::get_text_js(selector)
  8.       ├─base::paste0(...)
  9.       └─shinytest2:::toJSON_atomic(selector)
 10.         └─shinytest2:::toJSON(x, ..., strict_atomic = FALSE)
 11.           └─jsonlite::toJSON(...)
 12.             └─base::force(x)</error>
    </testcase>
    <testcase time="6.91300000000001" classname="shinytest2_tm_a_regression" name="e2e_tm_a_regression_Outlier_definition_and_label_are_visible_by_default."/>
    <testcase time="0.00499999999999545" classname="shinytest2_tm_a_regression" name="e2e_tm_a_regression_Outlier_definition_and_label_are_visible_by_default.">
      <error type="error" message="Error in `isTRUE(lhs)`: attempt to apply non-function ('test-shinytest2-tm_a_regression.R:136:3')">Error in `isTRUE(lhs)`: attempt to apply non-function
Backtrace:
    ▆
 1. ├─testthat::expect_true(app_driver$is_visible(app_driver$namespaces(TRUE)$module("outlier-label"))) at test-shinytest2-tm_a_regression.R:136:3
 2. │ └─testthat::quasi_label(enquo(object), label, arg = "object")
 3. │   └─rlang::eval_bare(expr, quo_get_env(quo))
 4. └─app_driver$is_visible(app_driver$namespaces(TRUE)$module("outlier-label"))
 5.   └─checkmate::assert_string(selector)
 6.     └─checkmate::checkString(...)
 7.       └─... %and% ...
 8.         └─base::isTRUE(lhs)</error>
    </testcase>
    <testcase time="6.94899999999998" classname="shinytest2_tm_a_regression" name="e2e_tm_a_regression_Outlier_definition_and_label_have_default_values_and_label_text.">
      <error type="error" message="Error in `force(x)`: attempt to apply non-function ('test-shinytest2-tm_a_regression.R:147:3')">Error in `force(x)`: attempt to apply non-function
Backtrace:
     ▆
  1. ├─testthat::expect_match(...) at test-shinytest2-tm_a_regression.R:147:3
  2. │ └─testthat::quasi_label(enquo(object), label, arg = "object")
  3. │   └─rlang::eval_bare(expr, quo_get_env(quo))
  4. └─app_driver$get_text(app_driver$namespaces(TRUE)$module("label_var_input"))
  5.   └─shinytest2:::app_get_text(self, private, selector = selector)
  6.     ├─self$get_js(script = get_text_js(selector))
  7.     │ └─shinytest2:::app_get_js(...)
  8.     │   ├─shinytest2:::chromote_eval(...)
  9.     │   └─shinytest2:::app_js_script_helper(self, private, script, file)
 10.     └─shinytest2:::get_text_js(selector)
 11.       ├─base::paste0(...)
 12.       └─shinytest2:::toJSON_atomic(selector)
 13.         └─shinytest2:::toJSON(x, ..., strict_atomic = FALSE)
 14.           └─jsonlite::toJSON(...)
 15.             └─base::force(x)</error>
    </testcase>
    <testcase time="8.12400000000002" classname="shinytest2_tm_a_regression" name="e2e_tm_a_regression_Unchecking_display_outlier_hides_outlier_label_and_definition.">
      <error type="error" message="Error in `isTRUE(lhs)`: attempt to apply non-function ('test-shinytest2-tm_a_regression.R:176:3')">Error in `isTRUE(lhs)`: attempt to apply non-function
Backtrace:
    ▆
 1. ├─testthat::expect_false(app_driver$is_visible(app_driver$namespaces(TRUE)$module("outlier-label"))) at test-shinytest2-tm_a_regression.R:176:3
 2. │ └─testthat::quasi_label(enquo(object), label, arg = "object")
 3. │   └─rlang::eval_bare(expr, quo_get_env(quo))
 4. └─app_driver$is_visible(app_driver$namespaces(TRUE)$module("outlier-label"))
 5.   └─checkmate::assert_string(selector)
 6.     └─checkmate::checkString(...)
 7.       └─... %and% ...
 8.         └─base::isTRUE(lhs)</error>
    </testcase>
  </testsuite>
  <testsuite name="shinytest2-tm_data_table" timestamp="2025-10-15T14:11:22Z" hostname="a50b3c9f5f0f" tests="8" skipped="0" failures="0" errors="1" time="26.236">
    <testcase time="6.23099999999999" classname="shinytest2_tm_data_table" name="e2e_tm_data_table_Initializes_without_errors"/>
    <testcase time="0.00399999999999068" classname="shinytest2_tm_data_table" name="e2e_tm_data_table_Initializes_without_errors"/>
    <testcase time="6.28999999999999" classname="shinytest2_tm_data_table" name="e2e_tm_data_table_Verify_checkbox_displayed_over_data_table"/>
    <testcase time="6.376" classname="shinytest2_tm_data_table" name="e2e_tm_data_table_Verify_module_displays_data_table"/>
    <testcase time="0.00499999999999545" classname="shinytest2_tm_data_table" name="e2e_tm_data_table_Verify_module_displays_data_table">
      <error type="error" message="Error in `isTRUE(lhs)`: attempt to apply non-function ('test-shinytest2-tm_data_table.R:52:3')">Error in `isTRUE(lhs)`: attempt to apply non-function
Backtrace:
    ▆
 1. ├─testthat::expect_true(app_driver$is_visible(selector = app_driver$namespaces(TRUE)$module("iris-data_table"))) at test-shinytest2-tm_data_table.R:52:3
 2. │ └─testthat::quasi_label(enquo(object), label, arg = "object")
 3. │   └─rlang::eval_bare(expr, quo_get_env(quo))
 4. └─app_driver$is_visible(selector = app_driver$namespaces(TRUE)$module("iris-data_table"))
 5.   └─checkmate::assert_string(selector)
 6.     └─checkmate::checkString(...)
 7.       └─... %and% ...
 8.         └─base::isTRUE(lhs)</error>
    </testcase>
    <testcase time="6.458" classname="shinytest2_tm_data_table" name="e2e_tm_data_table_Verify_default_variable_selection_and_set_new_selection"/>
    <testcase time="0.863" classname="shinytest2_tm_data_table" name="e2e_tm_data_table_Verify_default_variable_selection_and_set_new_selection"/>
    <testcase time="0.00900000000001455" classname="shinytest2_tm_data_table" name="e2e_tm_data_table_Verify_default_variable_selection_and_set_new_selection"/>
  </testsuite>
  <testsuite name="shinytest2-tm_file_viewer" timestamp="2025-10-15T14:11:48Z" hostname="a50b3c9f5f0f" tests="6" skipped="0" failures="0" errors="4" time="25.065">
    <testcase time="4.69499999999999" classname="shinytest2_tm_file_viewer" name="e2e_tm_file_viewer_Initializes_without_errors_and_shows_files_tree_specified_in_input_path_argument"/>
    <testcase time="0.007000000000005" classname="shinytest2_tm_file_viewer" name="e2e_tm_file_viewer_Initializes_without_errors_and_shows_files_tree_specified_in_input_path_argument"/>
    <testcase time="0.00399999999999068" classname="shinytest2_tm_file_viewer" name="e2e_tm_file_viewer_Initializes_without_errors_and_shows_files_tree_specified_in_input_path_argument">
      <error type="error" message="Error in `isTRUE(lhs)`: attempt to apply non-function ('test-shinytest2-tm_file_viewer.R:29:3')">Error in `isTRUE(lhs)`: attempt to apply non-function
Backtrace:
    ▆
 1. ├─testthat::expect_true(app_driver$is_visible(selector = app_driver$namespaces(TRUE)$module("tree"))) at test-shinytest2-tm_file_viewer.R:29:3
 2. │ └─testthat::quasi_label(enquo(object), label, arg = "object")
 3. │   └─rlang::eval_bare(expr, quo_get_env(quo))
 4. └─app_driver$is_visible(selector = app_driver$namespaces(TRUE)$module("tree"))
 5.   └─checkmate::assert_string(selector)
 6.     └─checkmate::checkString(...)
 7.       └─... %and% ...
 8.         └─base::isTRUE(lhs)</error>
    </testcase>
    <testcase time="6.80000000000001" classname="shinytest2_tm_file_viewer" name="e2e_tm_file_viewer_Shows_selected_image_file">
      <error type="error" message="Error in `isTRUE(lhs)`: attempt to apply non-function ('test-shinytest2-tm_file_viewer.R:48:3')">Error in `isTRUE(lhs)`: attempt to apply non-function
Backtrace:
    ▆
 1. ├─testthat::expect_true(app_driver$is_visible(app_driver$namespaces(TRUE)$module("output img"))) at test-shinytest2-tm_file_viewer.R:48:3
 2. │ └─testthat::quasi_label(enquo(object), label, arg = "object")
 3. │   └─rlang::eval_bare(expr, quo_get_env(quo))
 4. └─app_driver$is_visible(app_driver$namespaces(TRUE)$module("output img"))
 5.   └─checkmate::assert_string(selector)
 6.     └─checkmate::checkString(...)
 7.       └─... %and% ...
 8.         └─base::isTRUE(lhs)</error>
    </testcase>
    <testcase time="6.78200000000001" classname="shinytest2_tm_file_viewer" name="e2e_tm_file_viewer_Shows_selected_text_file">
      <error type="error" message="Error in `isTRUE(lhs)`: attempt to apply non-function ('test-shinytest2-tm_file_viewer.R:64:3')">Error in `isTRUE(lhs)`: attempt to apply non-function
Backtrace:
    ▆
 1. ├─testthat::expect_true(app_driver$is_visible(app_driver$namespaces(TRUE)$module("output pre"))) at test-shinytest2-tm_file_viewer.R:64:3
 2. │ └─testthat::quasi_label(enquo(object), label, arg = "object")
 3. │   └─rlang::eval_bare(expr, quo_get_env(quo))
 4. └─app_driver$is_visible(app_driver$namespaces(TRUE)$module("output pre"))
 5.   └─checkmate::assert_string(selector)
 6.     └─checkmate::checkString(...)
 7.       └─... %and% ...
 8.         └─base::isTRUE(lhs)</error>
    </testcase>
    <testcase time="6.77699999999999" classname="shinytest2_tm_file_viewer" name="e2e_tm_file_viewer_Shows_selected_url">
      <error type="error" message="Error in `isTRUE(lhs)`: attempt to apply non-function ('test-shinytest2-tm_file_viewer.R:86:3')">Error in `isTRUE(lhs)`: attempt to apply non-function
Backtrace:
    ▆
 1. ├─testthat::expect_true(app_driver$is_visible(app_driver$namespaces(TRUE)$module("output img"))) at test-shinytest2-tm_file_viewer.R:86:3
 2. │ └─testthat::quasi_label(enquo(object), label, arg = "object")
 3. │   └─rlang::eval_bare(expr, quo_get_env(quo))
 4. └─app_driver$is_visible(app_driver$namespaces(TRUE)$module("output img"))
 5.   └─checkmate::assert_string(selector)
 6.     └─checkmate::checkString(...)
 7.       └─... %and% ...
 8.         └─base::isTRUE(lhs)</error>
    </testcase>
  </testsuite>
  <testsuite name="shinytest2-tm_front_page" timestamp="2025-10-15T14:12:13Z" hostname="a50b3c9f5f0f" tests="7" skipped="0" failures="0" errors="2" time="17.231">
    <testcase time="5.71600000000001" classname="shinytest2_tm_front_page" name="e2e_tm_front_page_Initializes_without_errors_and_check_html_elements"/>
    <testcase time="0.00499999999999545" classname="shinytest2_tm_front_page" name="e2e_tm_front_page_Initializes_without_errors_and_check_html_elements"/>
    <testcase time="0.007000000000005" classname="shinytest2_tm_front_page" name="e2e_tm_front_page_Initializes_without_errors_and_check_html_elements"/>
    <testcase time="0.007000000000005" classname="shinytest2_tm_front_page" name="e2e_tm_front_page_Initializes_without_errors_and_check_html_elements"/>
    <testcase time="5.81699999999998" classname="shinytest2_tm_front_page" name="e2e_tm_front_page_Verify_the_module_displays_tables"/>
    <testcase time="0.00499999999999545" classname="shinytest2_tm_front_page" name="e2e_tm_front_page_Verify_the_module_displays_tables">
      <error type="error" message="Error in `isTRUE(lhs)`: attempt to apply non-function ('test-shinytest2-tm_front_page.R:52:3')">Error in `isTRUE(lhs)`: attempt to apply non-function
Backtrace:
    ▆
 1. ├─testthat::expect_true(app_driver$is_visible(app_driver$namespaces(TRUE)$module("table_1 table"))) at test-shinytest2-tm_front_page.R:52:3
 2. │ └─testthat::quasi_label(enquo(object), label, arg = "object")
 3. │   └─rlang::eval_bare(expr, quo_get_env(quo))
 4. └─app_driver$is_visible(app_driver$namespaces(TRUE)$module("table_1 table"))
 5.   └─checkmate::assert_string(selector)
 6.     └─checkmate::checkString(...)
 7.       └─... %and% ...
 8.         └─base::isTRUE(lhs)</error>
    </testcase>
    <testcase time="5.67400000000001" classname="shinytest2_tm_front_page" name="e2e_tm_front_page_Verify_the_module_displays_metadata">
      <error type="error" message="Error in `rlang::is_missing(input)`: attempt to apply non-function ('test-shinytest2-tm_front_page.R:64:3')">Error in `rlang::is_missing(input)`: attempt to apply non-function
Backtrace:
    ▆
 1. └─app_driver$click(app_driver$namespaces()$module("metadata_button")) at test-shinytest2-tm_front_page.R:64:3
 2.   └─super$click(...)
 3.     └─shinytest2:::app_click(...)
 4.       └─shinytest2:::app_find_node_id(...)
 5.         └─shinytest2:::node_id_css_selector(...)
 6.           └─rlang::is_missing(input)</error>
    </testcase>
  </testsuite>
  <testsuite name="shinytest2-tm_g_association" timestamp="2025-10-15T14:12:30Z" hostname="a50b3c9f5f0f" tests="4" skipped="4" failures="0" errors="0" time="0.061">
    <testcase time="0.0230000000000246" classname="shinytest2_tm_g_association" name="e2e_tm_g_association_Data_parameter_and_module_label_is_passed_properly.">
      <skipped message="Reason: ggmosaic issue: will be resumed via the issue #925 in tmg ('test-shinytest2-tm_g_association.R:51:3')"/>
    </testcase>
    <testcase time="0.0120000000000005" classname="shinytest2_tm_g_association" name="e2e_tm_g_association_Data_extract_spec_elements_are_initialized_with_the_default_values_specified_by_ref_and_vars_arguments.">
      <skipped message="Reason: ggmosaic issue: will be resumed via the issue  ('test-shinytest2-tm_g_association.R:68:3')"/>
    </testcase>
    <testcase time="0.01400000000001" classname="shinytest2_tm_g_association" name="e2e_tm_g_association_Module_plot_is_visible.">
      <skipped message="Reason: ggmosaic issue: will be resumed via the issue  ('test-shinytest2-tm_g_association.R:90:3')"/>
    </testcase>
    <testcase time="0.0120000000000005" classname="shinytest2_tm_g_association" name="e2e_tm_g_association_Check_and_set_default_values_for_radio_buttons.">
      <skipped message="Reason: ggmosaic issue: will be resumed via the issue  ('test-shinytest2-tm_g_association.R:100:3')"/>
    </testcase>
  </testsuite>
  <testsuite name="shinytest2-tm_g_bivariate" timestamp="2025-10-15T14:12:30Z" hostname="a50b3c9f5f0f" tests="32" skipped="0" failures="0" errors="2" time="58.45">
    <testcase time="7.25" classname="shinytest2_tm_g_bivariate" name="e2e_tm_g_bivariate_Module_is_initialised_with_the_specified_defaults."/>
    <testcase time="0.0839999999999463" classname="shinytest2_tm_g_bivariate" name="e2e_tm_g_bivariate_Module_is_initialised_with_the_specified_defaults."/>
    <testcase time="0.0500000000000114" classname="shinytest2_tm_g_bivariate" name="e2e_tm_g_bivariate_Module_is_initialised_with_the_specified_defaults."/>
    <testcase time="0.0509999999999877" classname="shinytest2_tm_g_bivariate" name="e2e_tm_g_bivariate_Module_is_initialised_with_the_specified_defaults."/>
    <testcase time="0.049000000000035" classname="shinytest2_tm_g_bivariate" name="e2e_tm_g_bivariate_Module_is_initialised_with_the_specified_defaults."/>
    <testcase time="0.0489999999999782" classname="shinytest2_tm_g_bivariate" name="e2e_tm_g_bivariate_Module_is_initialised_with_the_specified_defaults."/>
    <testcase time="0.0500000000000114" classname="shinytest2_tm_g_bivariate" name="e2e_tm_g_bivariate_Module_is_initialised_with_the_specified_defaults."/>
    <testcase time="0.0500000000000114" classname="shinytest2_tm_g_bivariate" name="e2e_tm_g_bivariate_Module_is_initialised_with_the_specified_defaults."/>
    <testcase time="0.0489999999999782" classname="shinytest2_tm_g_bivariate" name="e2e_tm_g_bivariate_Module_is_initialised_with_the_specified_defaults."/>
    <testcase time="0.049000000000035" classname="shinytest2_tm_g_bivariate" name="e2e_tm_g_bivariate_Module_is_initialised_with_the_specified_defaults."/>
    <testcase time="0.0499999999999545" classname="shinytest2_tm_g_bivariate" name="e2e_tm_g_bivariate_Module_is_initialised_with_the_specified_defaults."/>
    <testcase time="0.0510000000000446" classname="shinytest2_tm_g_bivariate" name="e2e_tm_g_bivariate_Module_is_initialised_with_the_specified_defaults."/>
    <testcase time="0.0500000000000114" classname="shinytest2_tm_g_bivariate" name="e2e_tm_g_bivariate_Module_is_initialised_with_the_specified_defaults."/>
    <testcase time="0.0509999999999877" classname="shinytest2_tm_g_bivariate" name="e2e_tm_g_bivariate_Module_is_initialised_with_the_specified_defaults."/>
    <testcase time="0.0500000000000114" classname="shinytest2_tm_g_bivariate" name="e2e_tm_g_bivariate_Module_is_initialised_with_the_specified_defaults."/>
    <testcase time="0.0489999999999782" classname="shinytest2_tm_g_bivariate" name="e2e_tm_g_bivariate_Module_is_initialised_with_the_specified_defaults."/>
    <testcase time="0.049000000000035" classname="shinytest2_tm_g_bivariate" name="e2e_tm_g_bivariate_Module_is_initialised_with_the_specified_defaults."/>
    <testcase time="0.0509999999999877" classname="shinytest2_tm_g_bivariate" name="e2e_tm_g_bivariate_Module_is_initialised_with_the_specified_defaults."/>
    <testcase time="7.358" classname="shinytest2_tm_g_bivariate" name="e2e_tm_g_bivariate_Coloring_options_are_hidden_when_coloring_is_toggled_off.">
      <error type="error" message="Error in `isTRUE(lhs)`: attempt to apply non-function ('test-shinytest2-tm_g_bivariate.R:121:3')">Error in `isTRUE(lhs)`: attempt to apply non-function
Backtrace:
    ▆
 1. ├─testthat::expect_true(app_driver$is_visible(app_driver$namespaces(TRUE)$module("color-dataset_CO2_singleextract-select_input"))) at test-shinytest2-tm_g_bivariate.R:121:3
 2. │ └─testthat::quasi_label(enquo(object), label, arg = "object")
 3. │   └─rlang::eval_bare(expr, quo_get_env(quo))
 4. └─app_driver$is_visible(app_driver$namespaces(TRUE)$module("color-dataset_CO2_singleextract-select_input"))
 5.   └─checkmate::assert_string(selector)
 6.     └─checkmate::checkString(...)
 7.       └─... %and% ...
 8.         └─base::isTRUE(lhs)</error>
    </testcase>
    <testcase time="7.32099999999997" classname="shinytest2_tm_g_bivariate" name="e2e_tm_g_bivariate_Facetting_options_are_hidden_when_facet_is_toggled_off.">
      <error type="error" message="Error in `isTRUE(lhs)`: attempt to apply non-function ('test-shinytest2-tm_g_bivariate.R:163:3')">Error in `isTRUE(lhs)`: attempt to apply non-function
Backtrace:
    ▆
 1. ├─testthat::expect_true(app_driver$is_visible(app_driver$namespaces(TRUE)$module("row_facet-dataset_CO2_singleextract-select"))) at test-shinytest2-tm_g_bivariate.R:163:3
 2. │ └─testthat::quasi_label(enquo(object), label, arg = "object")
 3. │   └─rlang::eval_bare(expr, quo_get_env(quo))
 4. └─app_driver$is_visible(app_driver$namespaces(TRUE)$module("row_facet-dataset_CO2_singleextract-select"))
 5.   └─checkmate::assert_string(selector)
 6.     └─checkmate::checkString(...)
 7.       └─... %and% ...
 8.         └─base::isTRUE(lhs)</error>
    </testcase>
    <testcase time="8.65000000000003" classname="shinytest2_tm_g_bivariate" name="e2e_tm_g_bivariate_Setting_encoding_inputs_produces_outputs_without_validation_errors."/>
    <testcase time="0.522999999999968" classname="shinytest2_tm_g_bivariate" name="e2e_tm_g_bivariate_Setting_encoding_inputs_produces_outputs_without_validation_errors."/>
    <testcase time="1.5" classname="shinytest2_tm_g_bivariate" name="e2e_tm_g_bivariate_Setting_encoding_inputs_produces_outputs_without_validation_errors."/>
    <testcase time="2.928" classname="shinytest2_tm_g_bivariate" name="e2e_tm_g_bivariate_Setting_encoding_inputs_produces_outputs_without_validation_errors."/>
    <testcase time="1.67000000000002" classname="shinytest2_tm_g_bivariate" name="e2e_tm_g_bivariate_Setting_encoding_inputs_produces_outputs_without_validation_errors."/>
    <testcase time="2.92900000000003" classname="shinytest2_tm_g_bivariate" name="e2e_tm_g_bivariate_Setting_encoding_inputs_produces_outputs_without_validation_errors."/>
    <testcase time="2.69199999999995" classname="shinytest2_tm_g_bivariate" name="e2e_tm_g_bivariate_Setting_encoding_inputs_produces_outputs_without_validation_errors."/>
    <testcase time="2.83700000000005" classname="shinytest2_tm_g_bivariate" name="e2e_tm_g_bivariate_Setting_encoding_inputs_produces_outputs_without_validation_errors."/>
    <testcase time="2.81599999999997" classname="shinytest2_tm_g_bivariate" name="e2e_tm_g_bivariate_Setting_encoding_inputs_produces_outputs_without_validation_errors."/>
    <testcase time="3.03399999999999" classname="shinytest2_tm_g_bivariate" name="e2e_tm_g_bivariate_Setting_encoding_inputs_produces_outputs_without_validation_errors."/>
    <testcase time="3.26499999999999" classname="shinytest2_tm_g_bivariate" name="e2e_tm_g_bivariate_Setting_encoding_inputs_produces_outputs_without_validation_errors."/>
    <testcase time="2.79500000000002" classname="shinytest2_tm_g_bivariate" name="e2e_tm_g_bivariate_Setting_encoding_inputs_produces_outputs_without_validation_errors."/>
  </testsuite>
  <testsuite name="shinytest2-tm_g_distribution" timestamp="2025-10-15T14:13:55Z" hostname="a50b3c9f5f0f" tests="20" skipped="0" failures="0" errors="1" time="67.022">
    <testcase time="33.69" classname="shinytest2_tm_g_distribution" name="e2e_tm_g_distribution_Module_is_initialised_with_the_specified_defaults."/>
    <testcase time="0.0860000000000127" classname="shinytest2_tm_g_distribution" name="e2e_tm_g_distribution_Module_is_initialised_with_the_specified_defaults."/>
    <testcase time="0.0500000000000114" classname="shinytest2_tm_g_distribution" name="e2e_tm_g_distribution_Module_is_initialised_with_the_specified_defaults."/>
    <testcase time="0.0509999999999877" classname="shinytest2_tm_g_distribution" name="e2e_tm_g_distribution_Module_is_initialised_with_the_specified_defaults."/>
    <testcase time="0.0500000000000114" classname="shinytest2_tm_g_distribution" name="e2e_tm_g_distribution_Module_is_initialised_with_the_specified_defaults."/>
    <testcase time="0.0489999999999782" classname="shinytest2_tm_g_distribution" name="e2e_tm_g_distribution_Module_is_initialised_with_the_specified_defaults."/>
    <testcase time="0.049000000000035" classname="shinytest2_tm_g_distribution" name="e2e_tm_g_distribution_Module_is_initialised_with_the_specified_defaults."/>
    <testcase time="0.0489999999999782" classname="shinytest2_tm_g_distribution" name="e2e_tm_g_distribution_Module_is_initialised_with_the_specified_defaults."/>
    <testcase time="0.0489999999999782" classname="shinytest2_tm_g_distribution" name="e2e_tm_g_distribution_Module_is_initialised_with_the_specified_defaults."/>
    <testcase time="0.703000000000031" classname="shinytest2_tm_g_distribution" name="e2e_tm_g_distribution_Module_is_initialised_with_the_specified_defaults."/>
    <testcase time="8.16499999999996" classname="shinytest2_tm_g_distribution" name="e2e_tm_g_distribution_Histogram_encoding_inputs_produce_output_without_validation_errors."/>
    <testcase time="3.08000000000004" classname="shinytest2_tm_g_distribution" name="e2e_tm_g_distribution_Histogram_encoding_inputs_produce_output_without_validation_errors."/>
    <testcase time="2.00700000000001" classname="shinytest2_tm_g_distribution" name="e2e_tm_g_distribution_Histogram_encoding_inputs_produce_output_without_validation_errors."/>
    <testcase time="1.18799999999999" classname="shinytest2_tm_g_distribution" name="e2e_tm_g_distribution_Histogram_encoding_inputs_produce_output_without_validation_errors."/>
    <testcase time="2.55000000000001" classname="shinytest2_tm_g_distribution" name="e2e_tm_g_distribution_Histogram_encoding_inputs_produce_output_without_validation_errors."/>
    <testcase time="2.09799999999996" classname="shinytest2_tm_g_distribution" name="e2e_tm_g_distribution_Histogram_encoding_inputs_produce_output_without_validation_errors."/>
    <testcase time="1.29300000000001" classname="shinytest2_tm_g_distribution" name="e2e_tm_g_distribution_Histogram_encoding_inputs_produce_output_without_validation_errors."/>
    <testcase time="1.23200000000003" classname="shinytest2_tm_g_distribution" name="e2e_tm_g_distribution_Histogram_encoding_inputs_produce_output_without_validation_errors."/>
    <testcase time="8.12799999999999" classname="shinytest2_tm_g_distribution" name="e2e_tm_g_distribution_QQ_plot_encoding_inputs_produce_output_without_validation_errors."/>
    <testcase time="2.45499999999998" classname="shinytest2_tm_g_distribution" name="e2e_tm_g_distribution_QQ_plot_encoding_inputs_produce_output_without_validation_errors.">
      <error type="error" message="Error in `rlang::is_missing(input)`: attempt to apply non-function ('test-shinytest2-tm_g_distribution.R:121:3')">Error in `rlang::is_missing(input)`: attempt to apply non-function
Backtrace:
    ▆
 1. └─app_driver$click(app_driver$namespaces()$module("params_reset")) at test-shinytest2-tm_g_distribution.R:121:3
 2.   └─super$click(...)
 3.     └─shinytest2:::app_click(...)
 4.       └─shinytest2:::app_find_node_id(...)
 5.         └─shinytest2:::node_id_css_selector(...)
 6.           └─rlang::is_missing(input)</error>
    </testcase>
  </testsuite>
  <testsuite name="shinytest2-tm_g_response" timestamp="2025-10-15T14:14:36Z" hostname="a50b3c9f5f0f" tests="17" skipped="0" failures="0" errors="0" time="38.18">
    <testcase time="6.86099999999999" classname="shinytest2_tm_g_response" name="e2e_tm_g_response_module_is_initialised_with_the_specified_defaults."/>
    <testcase time="0.0890000000000555" classname="shinytest2_tm_g_response" name="e2e_tm_g_response_module_is_initialised_with_the_specified_defaults."/>
    <testcase time="0.0489999999999782" classname="shinytest2_tm_g_response" name="e2e_tm_g_response_module_is_initialised_with_the_specified_defaults."/>
    <testcase time="0.0489999999999782" classname="shinytest2_tm_g_response" name="e2e_tm_g_response_module_is_initialised_with_the_specified_defaults."/>
    <testcase time="0.0500000000000114" classname="shinytest2_tm_g_response" name="e2e_tm_g_response_module_is_initialised_with_the_specified_defaults."/>
    <testcase time="0.0500000000000114" classname="shinytest2_tm_g_response" name="e2e_tm_g_response_module_is_initialised_with_the_specified_defaults."/>
    <testcase time="0.0500000000000114" classname="shinytest2_tm_g_response" name="e2e_tm_g_response_module_is_initialised_with_the_specified_defaults."/>
    <testcase time="0.0489999999999782" classname="shinytest2_tm_g_response" name="e2e_tm_g_response_module_is_initialised_with_the_specified_defaults."/>
    <testcase time="8.33499999999998" classname="shinytest2_tm_g_response" name="e2e_tm_g_response_encoding_inputs_produce_output_without_validation_errors."/>
    <testcase time="1.44500000000005" classname="shinytest2_tm_g_response" name="e2e_tm_g_response_encoding_inputs_produce_output_without_validation_errors."/>
    <testcase time="1.31599999999997" classname="shinytest2_tm_g_response" name="e2e_tm_g_response_encoding_inputs_produce_output_without_validation_errors."/>
    <testcase time="1.154" classname="shinytest2_tm_g_response" name="e2e_tm_g_response_encoding_inputs_produce_output_without_validation_errors."/>
    <testcase time="1.20300000000003" classname="shinytest2_tm_g_response" name="e2e_tm_g_response_encoding_inputs_produce_output_without_validation_errors."/>
    <testcase time="1.22300000000001" classname="shinytest2_tm_g_response" name="e2e_tm_g_response_encoding_inputs_produce_output_without_validation_errors."/>
    <testcase time="1.22899999999998" classname="shinytest2_tm_g_response" name="e2e_tm_g_response_encoding_inputs_produce_output_without_validation_errors."/>
    <testcase time="7.57999999999998" classname="shinytest2_tm_g_response" name="e2e_tm_g_response_deselecting_response_produces_validation_error."/>
    <testcase time="7.44800000000004" classname="shinytest2_tm_g_response" name="e2e_tm_g_response_deselecting_x_produces_validation_error."/>
  </testsuite>
  <testsuite name="shinytest2-tm_g_scatterplot" timestamp="2025-10-15T14:15:14Z" hostname="a50b3c9f5f0f" tests="35" skipped="0" failures="0" errors="0" time="85.87">
    <testcase time="6.94999999999999" classname="shinytest2_tm_g_scatterplot" name="e2e_tm_g_scatterplot_Module_is_initialised_with_the_specified_defaults."/>
    <testcase time="0.0489999999999782" classname="shinytest2_tm_g_scatterplot" name="e2e_tm_g_scatterplot_Module_is_initialised_with_the_specified_defaults."/>
    <testcase time="0.049000000000035" classname="shinytest2_tm_g_scatterplot" name="e2e_tm_g_scatterplot_Module_is_initialised_with_the_specified_defaults."/>
    <testcase time="0.0499999999999545" classname="shinytest2_tm_g_scatterplot" name="e2e_tm_g_scatterplot_Module_is_initialised_with_the_specified_defaults."/>
    <testcase time="0.0500000000000114" classname="shinytest2_tm_g_scatterplot" name="e2e_tm_g_scatterplot_Module_is_initialised_with_the_specified_defaults."/>
    <testcase time="0.0500000000000114" classname="shinytest2_tm_g_scatterplot" name="e2e_tm_g_scatterplot_Module_is_initialised_with_the_specified_defaults."/>
    <testcase time="0.0489999999999782" classname="shinytest2_tm_g_scatterplot" name="e2e_tm_g_scatterplot_Module_is_initialised_with_the_specified_defaults."/>
    <testcase time="0.0500000000000114" classname="shinytest2_tm_g_scatterplot" name="e2e_tm_g_scatterplot_Module_is_initialised_with_the_specified_defaults."/>
    <testcase time="0.0500000000000114" classname="shinytest2_tm_g_scatterplot" name="e2e_tm_g_scatterplot_Module_is_initialised_with_the_specified_defaults."/>
    <testcase time="0.0489999999999782" classname="shinytest2_tm_g_scatterplot" name="e2e_tm_g_scatterplot_Module_is_initialised_with_the_specified_defaults."/>
    <testcase time="0.0480000000000018" classname="shinytest2_tm_g_scatterplot" name="e2e_tm_g_scatterplot_Module_is_initialised_with_the_specified_defaults."/>
    <testcase time="0.049000000000035" classname="shinytest2_tm_g_scatterplot" name="e2e_tm_g_scatterplot_Module_is_initialised_with_the_specified_defaults."/>
    <testcase time="0.0500000000000114" classname="shinytest2_tm_g_scatterplot" name="e2e_tm_g_scatterplot_Module_is_initialised_with_the_specified_defaults."/>
    <testcase time="0.0499999999999545" classname="shinytest2_tm_g_scatterplot" name="e2e_tm_g_scatterplot_Module_is_initialised_with_the_specified_defaults."/>
    <testcase time="0.0500000000000114" classname="shinytest2_tm_g_scatterplot" name="e2e_tm_g_scatterplot_Module_is_initialised_with_the_specified_defaults."/>
    <testcase time="0.049000000000035" classname="shinytest2_tm_g_scatterplot" name="e2e_tm_g_scatterplot_Module_is_initialised_with_the_specified_defaults."/>
    <testcase time="8.00099999999998" classname="shinytest2_tm_g_scatterplot" name="e2e_tm_g_scatterplot_Base_for_the_log_transformation_can_be_applied."/>
    <testcase time="0.954000000000008" classname="shinytest2_tm_g_scatterplot" name="e2e_tm_g_scatterplot_Base_for_the_log_transformation_can_be_applied."/>
    <testcase time="0.978999999999985" classname="shinytest2_tm_g_scatterplot" name="e2e_tm_g_scatterplot_Base_for_the_log_transformation_can_be_applied."/>
    <testcase time="1.15699999999998" classname="shinytest2_tm_g_scatterplot" name="e2e_tm_g_scatterplot_Base_for_the_log_transformation_can_be_applied."/>
    <testcase time="8.69200000000001" classname="shinytest2_tm_g_scatterplot" name="e2e_tm_g_scatterplot_The_log_transform_is_only_possible_for_positive_numeric_vars."/>
    <testcase time="1.05700000000002" classname="shinytest2_tm_g_scatterplot" name="e2e_tm_g_scatterplot_The_log_transform_is_only_possible_for_positive_numeric_vars."/>
    <testcase time="1.87900000000002" classname="shinytest2_tm_g_scatterplot" name="e2e_tm_g_scatterplot_The_log_transform_is_only_possible_for_positive_numeric_vars."/>
    <testcase time="9.10699999999997" classname="shinytest2_tm_g_scatterplot" name="e2e_tm_g_scatterplot_Get_validation_error_when_facetting_with_the_same_row_col_variable."/>
    <testcase time="8.32600000000002" classname="shinytest2_tm_g_scatterplot" name="e2e_tm_g_scatterplot_The_encoding_inputs_are_set_without_validation_errors."/>
    <testcase time="1.18700000000001" classname="shinytest2_tm_g_scatterplot" name="e2e_tm_g_scatterplot_The_encoding_inputs_are_set_without_validation_errors."/>
    <testcase time="1.50799999999998" classname="shinytest2_tm_g_scatterplot" name="e2e_tm_g_scatterplot_The_encoding_inputs_are_set_without_validation_errors."/>
    <testcase time="1.83199999999999" classname="shinytest2_tm_g_scatterplot" name="e2e_tm_g_scatterplot_The_encoding_inputs_are_set_without_validation_errors."/>
    <testcase time="1.67399999999998" classname="shinytest2_tm_g_scatterplot" name="e2e_tm_g_scatterplot_The_encoding_inputs_are_set_without_validation_errors."/>
    <testcase time="1.88300000000004" classname="shinytest2_tm_g_scatterplot" name="e2e_tm_g_scatterplot_The_encoding_inputs_are_set_without_validation_errors."/>
    <testcase time="1.78999999999996" classname="shinytest2_tm_g_scatterplot" name="e2e_tm_g_scatterplot_The_encoding_inputs_are_set_without_validation_errors."/>
    <testcase time="20.732" classname="shinytest2_tm_g_scatterplot" name="e2e_tm_g_scatterplot_The_encoding_inputs_are_set_without_validation_errors."/>
    <testcase time="1.73699999999997" classname="shinytest2_tm_g_scatterplot" name="e2e_tm_g_scatterplot_The_encoding_inputs_are_set_without_validation_errors."/>
    <testcase time="3.233" classname="shinytest2_tm_g_scatterplot" name="e2e_tm_g_scatterplot_The_encoding_inputs_are_set_without_validation_errors."/>
    <testcase time="2.45000000000005" classname="shinytest2_tm_g_scatterplot" name="e2e_tm_g_scatterplot_The_encoding_inputs_are_set_without_validation_errors."/>
  </testsuite>
  <testsuite name="shinytest2-tm_g_scatterplotmatrix" timestamp="2025-10-15T14:16:40Z" hostname="a50b3c9f5f0f" tests="9" skipped="0" failures="0" errors="3" time="30.372">
    <testcase time="6.83199999999999" classname="shinytest2_tm_g_scatterplotmatrix" name="e2e_tm_g_scatterplotmatrix_Initializes_without_errors"/>
    <testcase time="0.0040000000000191" classname="shinytest2_tm_g_scatterplotmatrix" name="e2e_tm_g_scatterplotmatrix_Initializes_without_errors"/>
    <testcase time="0.00499999999999545" classname="shinytest2_tm_g_scatterplotmatrix" name="e2e_tm_g_scatterplotmatrix_Initializes_without_errors">
      <error type="error" message="Error in `paste(app_driver$namespaces(TRUE)$wrapper(NULL), &quot;.help-block&quot;)`: attempt to apply non-function ('test-shinytest2-tm_g_scatterplotmatrix.R:57:3')">Error in `paste(app_driver$namespaces(TRUE)$wrapper(NULL), ".help-block")`: attempt to apply non-function
Backtrace:
     ▆
  1. ├─app_driver$get_text(...) at test-shinytest2-tm_g_scatterplotmatrix.R:57:3
  2. │ └─shinytest2:::app_get_text(self, private, selector = selector)
  3. │   ├─self$get_js(script = get_text_js(selector))
  4. │   │ └─shinytest2:::app_get_js(...)
  5. │   │   ├─shinytest2:::chromote_eval(...)
  6. │   │   └─shinytest2:::app_js_script_helper(self, private, script, file)
  7. │   └─shinytest2:::get_text_js(selector)
  8. │     ├─base::paste0(...)
  9. │     └─shinytest2:::toJSON_atomic(selector)
 10. │       └─shinytest2:::toJSON(x, ..., strict_atomic = FALSE)
 11. │         └─jsonlite::toJSON(...)
 12. │           └─base::force(x)
 13. └─base::paste(app_driver$namespaces(TRUE)$wrapper(NULL), ".help-block")</error>
    </testcase>
    <testcase time="6.79300000000001" classname="shinytest2_tm_g_scatterplotmatrix" name="e2e_tm_g_scatterplotmatrix_Verify_module_displays_data_table">
      <error type="error" message="Error in `isTRUE(lhs)`: attempt to apply non-function ('test-shinytest2-tm_g_scatterplotmatrix.R:68:3')">Error in `isTRUE(lhs)`: attempt to apply non-function
Backtrace:
    ▆
 1. ├─testthat::expect_true(app_driver$is_visible(app_driver$namespaces(TRUE)$module("myplot-plot_out_main .shiny-plot-output"))) at test-shinytest2-tm_g_scatterplotmatrix.R:68:3
 2. │ └─testthat::quasi_label(enquo(object), label, arg = "object")
 3. │   └─rlang::eval_bare(expr, quo_get_env(quo))
 4. └─app_driver$is_visible(app_driver$namespaces(TRUE)$module("myplot-plot_out_main .shiny-plot-output"))
 5.   └─checkmate::assert_string(selector)
 6.     └─checkmate::checkString(...)
 7.       └─... %and% ...
 8.         └─base::isTRUE(lhs)</error>
    </testcase>
    <testcase time="6.899" classname="shinytest2_tm_g_scatterplotmatrix" name="e2e_tm_g_scatterplotmatrix_Verify_default_values_and_settings_data_extracts_for_data_selection"/>
    <testcase time="0.000999999999976353" classname="shinytest2_tm_g_scatterplotmatrix" name="e2e_tm_g_scatterplotmatrix_Verify_default_values_and_settings_data_extracts_for_data_selection"/>
    <testcase time="1.55399999999997" classname="shinytest2_tm_g_scatterplotmatrix" name="e2e_tm_g_scatterplotmatrix_Verify_default_values_and_settings_data_extracts_for_data_selection"/>
    <testcase time="8.27999999999997" classname="shinytest2_tm_g_scatterplotmatrix" name="e2e_tm_g_scatterplotmatrix_Change_plot_settings"/>
    <testcase time="0.0040000000000191" classname="shinytest2_tm_g_scatterplotmatrix" name="e2e_tm_g_scatterplotmatrix_Change_plot_settings">
      <error type="error" message="Error in `rlang::is_missing(selector)`: attempt to apply non-function ('test-shinytest2-tm_g_scatterplotmatrix.R:113:3')">Error in `rlang::is_missing(selector)`: attempt to apply non-function
Backtrace:
    ▆
 1. └─app_driver$click(selector = app_driver$namespaces(TRUE)$module("cor")) at test-shinytest2-tm_g_scatterplotmatrix.R:113:3
 2.   └─super$click(...)
 3.     └─shinytest2:::app_click(...)
 4.       └─shinytest2:::app_find_node_id(...)
 5.         └─shinytest2:::node_id_css_selector(...)
 6.           └─rlang::is_missing(selector)</error>
    </testcase>
  </testsuite>
  <testsuite name="shinytest2-tm_misssing_data" timestamp="2025-10-15T14:17:10Z" hostname="a50b3c9f5f0f" tests="16" skipped="0" failures="0" errors="5" time="46.506">
    <testcase time="7.67600000000004" classname="shinytest2_tm_misssing_data" name="e2e_tm_missing_data_Initializes_without_errors"/>
    <testcase time="0.0040000000000191" classname="shinytest2_tm_misssing_data" name="e2e_tm_missing_data_Initializes_without_errors"/>
    <testcase time="0.00699999999994816" classname="shinytest2_tm_misssing_data" name="e2e_tm_missing_data_Initializes_without_errors">
      <error type="error" message="Error in `paste(app_driver$namespaces(TRUE)$wrapper(NULL), &quot;.help-block&quot;)`: attempt to apply non-function ('test-shinytest2-tm_misssing_data.R:48:3')">Error in `paste(app_driver$namespaces(TRUE)$wrapper(NULL), ".help-block")`: attempt to apply non-function
Backtrace:
     ▆
  1. ├─app_driver$get_text(...) at test-shinytest2-tm_misssing_data.R:48:3
  2. │ └─shinytest2:::app_get_text(self, private, selector = selector)
  3. │   ├─self$get_js(script = get_text_js(selector))
  4. │   │ └─shinytest2:::app_get_js(...)
  5. │   │   ├─shinytest2:::chromote_eval(...)
  6. │   │   └─shinytest2:::app_js_script_helper(self, private, script, file)
  7. │   └─shinytest2:::get_text_js(selector)
  8. │     ├─base::paste0(...)
  9. │     └─shinytest2:::toJSON_atomic(selector)
 10. │       └─shinytest2:::toJSON(x, ..., strict_atomic = FALSE)
 11. │         └─jsonlite::toJSON(...)
 12. │           └─base::force(x)
 13. └─base::paste(app_driver$namespaces(TRUE)$wrapper(NULL), ".help-block")</error>
    </testcase>
    <testcase time="7.80799999999999" classname="shinytest2_tm_misssing_data" name="e2e_tm_missing_data_Default_settings_and_visibility_of_the_summary_graph"/>
    <testcase time="0.0489999999999782" classname="shinytest2_tm_misssing_data" name="e2e_tm_missing_data_Default_settings_and_visibility_of_the_summary_graph"/>
    <testcase time="0.0040000000000191" classname="shinytest2_tm_misssing_data" name="e2e_tm_missing_data_Default_settings_and_visibility_of_the_summary_graph">
      <error type="error" message="Error in `rlang::is_missing(selector)`: attempt to apply non-function ('test-shinytest2-tm_misssing_data.R:69:3')">Error in `rlang::is_missing(selector)`: attempt to apply non-function
Backtrace:
    ▆
 1. └─app_driver$click(selector = app_driver$namespaces(TRUE)$module("iris-filter_na")) at test-shinytest2-tm_misssing_data.R:69:3
 2.   └─super$click(...)
 3.     └─shinytest2:::app_click(...)
 4.       └─shinytest2:::app_find_node_id(...)
 5.         └─shinytest2:::node_id_css_selector(...)
 6.           └─rlang::is_missing(selector)</error>
    </testcase>
    <testcase time="7.726" classname="shinytest2_tm_misssing_data" name="e2e_tm_missing_data_Check_default_settings_and_visibility_of_the_combinations_graph_and_encodings"/>
    <testcase time="2.06399999999996" classname="shinytest2_tm_misssing_data" name="e2e_tm_missing_data_Check_default_settings_and_visibility_of_the_combinations_graph_and_encodings"/>
    <testcase time="0.00500000000010914" classname="shinytest2_tm_misssing_data" name="e2e_tm_missing_data_Check_default_settings_and_visibility_of_the_combinations_graph_and_encodings">
      <error type="error" message="Error in `isTRUE(lhs)`: attempt to apply non-function ('test-shinytest2-tm_misssing_data.R:94:3')">Error in `isTRUE(lhs)`: attempt to apply non-function
Backtrace:
    ▆
 1. ├─testthat::expect_true(app_driver$is_visible(app_driver$namespaces(TRUE)$module("iris-combination_plot-plot_out_main .shiny-plot-output"))) at test-shinytest2-tm_misssing_data.R:94:3
 2. │ └─testthat::quasi_label(enquo(object), label, arg = "object")
 3. │   └─rlang::eval_bare(expr, quo_get_env(quo))
 4. └─app_driver$is_visible(app_driver$namespaces(TRUE)$module("iris-combination_plot-plot_out_main .shiny-plot-output"))
 5.   └─checkmate::assert_string(selector)
 6.     └─checkmate::checkString(...)
 7.       └─... %and% ...
 8.         └─base::isTRUE(lhs)</error>
    </testcase>
    <testcase time="9.49499999999989" classname="shinytest2_tm_misssing_data" name="e2e_tm_missing_data_Validate_functionality_and_UI_response_for_By_Variable_Levels_"/>
    <testcase time="0.0540000000000873" classname="shinytest2_tm_misssing_data" name="e2e_tm_missing_data_Validate_functionality_and_UI_response_for_By_Variable_Levels_"/>
    <testcase time="0.0489999999999782" classname="shinytest2_tm_misssing_data" name="e2e_tm_missing_data_Validate_functionality_and_UI_response_for_By_Variable_Levels_"/>
    <testcase time="1.03599999999994" classname="shinytest2_tm_misssing_data" name="e2e_tm_missing_data_Validate_functionality_and_UI_response_for_By_Variable_Levels_"/>
    <testcase time="0.00900000000001455" classname="shinytest2_tm_misssing_data" name="e2e_tm_missing_data_Validate_functionality_and_UI_response_for_By_Variable_Levels_"/>
    <testcase time="1.01499999999999" classname="shinytest2_tm_misssing_data" name="e2e_tm_missing_data_Validate_functionality_and_UI_response_for_By_Variable_Levels_">
      <error type="error" message="Error in `isTRUE(lhs)`: attempt to apply non-function ('test-shinytest2-tm_misssing_data.R:141:3')">Error in `isTRUE(lhs)`: attempt to apply non-function
Backtrace:
    ▆
 1. ├─testthat::expect_true(app_driver$is_visible(app_driver$namespaces(TRUE)$module("iris-levels_table"))) at test-shinytest2-tm_misssing_data.R:141:3
 2. │ └─testthat::quasi_label(enquo(object), label, arg = "object")
 3. │   └─rlang::eval_bare(expr, quo_get_env(quo))
 4. └─app_driver$is_visible(app_driver$namespaces(TRUE)$module("iris-levels_table"))
 5.   └─checkmate::assert_string(selector)
 6.     └─checkmate::checkString(...)
 7.       └─... %and% ...
 8.         └─base::isTRUE(lhs)</error>
    </testcase>
    <testcase time="9.505" classname="shinytest2_tm_misssing_data" name="e2e_tm_missing_data_Validate_By_Variable_Levels_table_values">
      <error type="error" message="Error in `force(x)`: attempt to apply non-function ('test-shinytest2-tm_misssing_data.R:151:3')">Error in `force(x)`: attempt to apply non-function
Backtrace:
     ▆
  1. ├─... %&gt;% .[[1]] at test-shinytest2-tm_misssing_data.R:151:3
  2. ├─rvest::html_table(., fill = TRUE)
  3. └─app_driver$get_html_rvest(.)
  4.   ├─rvest::read_html(self$get_html(selector))
  5.   └─self$get_html(selector)
  6.     └─shinytest2:::app_get_html(self, private, selector, ..., outer_html = outer_html)
  7.       ├─self$get_js(script = get_html_js(selector, isTRUE(outer_html)))
  8.       │ └─shinytest2:::app_get_js(...)
  9.       │   ├─shinytest2:::chromote_eval(...)
 10.       │   └─shinytest2:::app_js_script_helper(self, private, script, file)
 11.       └─shinytest2:::get_html_js(selector, isTRUE(outer_html))
 12.         ├─base::paste0(...)
 13.         └─shinytest2:::toJSON_atomic(selector)
 14.           └─shinytest2:::toJSON(x, ..., strict_atomic = FALSE)
 15.             └─jsonlite::toJSON(...)
 16.               └─base::force(x)</error>
    </testcase>
  </testsuite>
  <testsuite name="shinytest2-tm_outliers" timestamp="2025-10-15T14:17:57Z" hostname="a50b3c9f5f0f" tests="31" skipped="0" failures="0" errors="8" time="105.413">
    <testcase time="9.21000000000004" classname="shinytest2_tm_outliers" name="e2e_tm_outliers_Data_parameter_and_module_label_is_passed_properly."/>
    <testcase time="0.0040000000000191" classname="shinytest2_tm_outliers" name="e2e_tm_outliers_Data_parameter_and_module_label_is_passed_properly."/>
    <testcase time="0.00499999999999545" classname="shinytest2_tm_outliers" name="e2e_tm_outliers_Data_parameter_and_module_label_is_passed_properly.">
      <error type="error" message="Error in `paste(app_driver$namespaces(TRUE)$wrapper(NULL), &quot;.help-block&quot;)`: attempt to apply non-function ('test-shinytest2-tm_outliers.R:61:3')">Error in `paste(app_driver$namespaces(TRUE)$wrapper(NULL), ".help-block")`: attempt to apply non-function
Backtrace:
     ▆
  1. ├─app_driver$get_text(...) at test-shinytest2-tm_outliers.R:61:3
  2. │ └─shinytest2:::app_get_text(self, private, selector = selector)
  3. │   ├─self$get_js(script = get_text_js(selector))
  4. │   │ └─shinytest2:::app_get_js(...)
  5. │   │   ├─shinytest2:::chromote_eval(...)
  6. │   │   └─shinytest2:::app_js_script_helper(self, private, script, file)
  7. │   └─shinytest2:::get_text_js(selector)
  8. │     ├─base::paste0(...)
  9. │     └─shinytest2:::toJSON_atomic(selector)
 10. │       └─shinytest2:::toJSON(x, ..., strict_atomic = FALSE)
 11. │         └─jsonlite::toJSON(...)
 12. │           └─base::force(x)
 13. └─base::paste(app_driver$namespaces(TRUE)$wrapper(NULL), ".help-block")</error>
    </testcase>
    <testcase time="9.07399999999996" classname="shinytest2_tm_outliers" name="e2e_tm_outliers_Data_extract_spec_elements_are_initialized_with_the_default_values_specified_by_outlier_var_and_categorical_var_argument."/>
    <testcase time="0.0510000000000446" classname="shinytest2_tm_outliers" name="e2e_tm_outliers_Data_extract_spec_elements_are_initialized_with_the_default_values_specified_by_outlier_var_and_categorical_var_argument."/>
    <testcase time="2.26300000000003" classname="shinytest2_tm_outliers" name="e2e_tm_outliers_Data_extract_spec_elements_are_initialized_with_the_default_values_specified_by_outlier_var_and_categorical_var_argument."/>
    <testcase time="0.00999999999999091" classname="shinytest2_tm_outliers" name="e2e_tm_outliers_Data_extract_spec_elements_are_initialized_with_the_default_values_specified_by_outlier_var_and_categorical_var_argument."/>
    <testcase time="0.0499999999999545" classname="shinytest2_tm_outliers" name="e2e_tm_outliers_Data_extract_spec_elements_are_initialized_with_the_default_values_specified_by_outlier_var_and_categorical_var_argument."/>
    <testcase time="1.51999999999998" classname="shinytest2_tm_outliers" name="e2e_tm_outliers_Data_extract_spec_elements_are_initialized_with_the_default_values_specified_by_outlier_var_and_categorical_var_argument."/>
    <testcase time="0.810000000000059" classname="shinytest2_tm_outliers" name="e2e_tm_outliers_Data_extract_spec_elements_are_initialized_with_the_default_values_specified_by_outlier_var_and_categorical_var_argument."/>
    <testcase time="9.17499999999995" classname="shinytest2_tm_outliers" name="e2e_tm_outliers_Plot_type_is_correctly_set_by_default_and_has_appropriate_possible_options."/>
    <testcase time="0.0480000000000018" classname="shinytest2_tm_outliers" name="e2e_tm_outliers_Plot_type_is_correctly_set_by_default_and_has_appropriate_possible_options."/>
    <testcase time="0.00499999999999545" classname="shinytest2_tm_outliers" name="e2e_tm_outliers_Plot_type_is_correctly_set_by_default_and_has_appropriate_possible_options.">
      <error type="error" message="Error in `force(x)`: attempt to apply non-function ('test-shinytest2-tm_outliers.R:114:3')">Error in `force(x)`: attempt to apply non-function
Backtrace:
     ▆
  1. └─app_driver$get_text(app_driver$namespaces(TRUE)$module("boxplot_alts")) at test-shinytest2-tm_outliers.R:114:3
  2.   └─shinytest2:::app_get_text(self, private, selector = selector)
  3.     ├─self$get_js(script = get_text_js(selector))
  4.     │ └─shinytest2:::app_get_js(...)
  5.     │   ├─shinytest2:::chromote_eval(...)
  6.     │   └─shinytest2:::app_js_script_helper(self, private, script, file)
  7.     └─shinytest2:::get_text_js(selector)
  8.       ├─base::paste0(...)
  9.       └─shinytest2:::toJSON_atomic(selector)
 10.         └─shinytest2:::toJSON(x, ..., strict_atomic = FALSE)
 11.           └─jsonlite::toJSON(...)
 12.             └─base::force(x)</error>
    </testcase>
    <testcase time="9.00700000000006" classname="shinytest2_tm_outliers" name="e2e_tm_outliers_Module_is_divided_into_3_tabs."/>
    <testcase time="0.0509999999999309" classname="shinytest2_tm_outliers" name="e2e_tm_outliers_Module_is_divided_into_3_tabs."/>
    <testcase time="0.00600000000008549" classname="shinytest2_tm_outliers" name="e2e_tm_outliers_Module_is_divided_into_3_tabs.">
      <error type="error" message="Error in `force(x)`: attempt to apply non-function ('test-shinytest2-tm_outliers.R:130:3')">Error in `force(x)`: attempt to apply non-function
Backtrace:
     ▆
  1. ├─testthat::expect_match(...) at test-shinytest2-tm_outliers.R:130:3
  2. │ └─testthat::quasi_label(enquo(object), label, arg = "object")
  3. │   └─rlang::eval_bare(expr, quo_get_env(quo))
  4. └─app_driver$get_text(app_driver$namespaces(TRUE)$module("tabs"))
  5.   └─shinytest2:::app_get_text(self, private, selector = selector)
  6.     ├─self$get_js(script = get_text_js(selector))
  7.     │ └─shinytest2:::app_get_js(...)
  8.     │   ├─shinytest2:::chromote_eval(...)
  9.     │   └─shinytest2:::app_js_script_helper(self, private, script, file)
 10.     └─shinytest2:::get_text_js(selector)
 11.       ├─base::paste0(...)
 12.       └─shinytest2:::toJSON_atomic(selector)
 13.         └─shinytest2:::toJSON(x, ..., strict_atomic = FALSE)
 14.           └─jsonlite::toJSON(...)
 15.             └─base::force(x)</error>
    </testcase>
    <testcase time="9.15299999999991" classname="shinytest2_tm_outliers" name="e2e_tm_outliers_Plot_type_is_hidden_when_Boxplot_tab_is_not_selected."/>
    <testcase time="0.00499999999999545" classname="shinytest2_tm_outliers" name="e2e_tm_outliers_Plot_type_is_hidden_when_Boxplot_tab_is_not_selected.">
      <error type="error" message="Error in `isTRUE(lhs)`: attempt to apply non-function ('test-shinytest2-tm_outliers.R:146:3')">Error in `isTRUE(lhs)`: attempt to apply non-function
Backtrace:
    ▆
 1. ├─testthat::expect_true(app_driver$is_visible(app_driver$namespaces(TRUE)$module("boxplot_alts"))) at test-shinytest2-tm_outliers.R:146:3
 2. │ └─testthat::quasi_label(enquo(object), label, arg = "object")
 3. │   └─rlang::eval_bare(expr, quo_get_env(quo))
 4. └─app_driver$is_visible(app_driver$namespaces(TRUE)$module("boxplot_alts"))
 5.   └─checkmate::assert_string(selector)
 6.     └─checkmate::checkString(...)
 7.       └─... %and% ...
 8.         └─base::isTRUE(lhs)</error>
    </testcase>
    <testcase time="9.37300000000005" classname="shinytest2_tm_outliers" name="e2e_tm_outliers_Default_radio_buttons_are_set_properly."/>
    <testcase time="0.0529999999999973" classname="shinytest2_tm_outliers" name="e2e_tm_outliers_Default_radio_buttons_are_set_properly."/>
    <testcase time="0.0499999999999545" classname="shinytest2_tm_outliers" name="e2e_tm_outliers_Default_radio_buttons_are_set_properly."/>
    <testcase time="4.7170000000001" classname="shinytest2_tm_outliers" name="e2e_tm_outliers_Default_radio_buttons_are_set_properly."/>
    <testcase time="9.11899999999991" classname="shinytest2_tm_outliers" name="e2e_tm_outliers_Method_parameters_are_set_properly."/>
    <testcase time="0.0550000000000637" classname="shinytest2_tm_outliers" name="e2e_tm_outliers_Method_parameters_are_set_properly."/>
    <testcase time="0.00499999999999545" classname="shinytest2_tm_outliers" name="e2e_tm_outliers_Method_parameters_are_set_properly.">
      <error type="error" message="Error in `force(x)`: attempt to apply non-function ('test-shinytest2-tm_outliers.R:180:3')">Error in `force(x)`: attempt to apply non-function
Backtrace:
     ▆
  1. └─app_driver$get_text(app_driver$namespaces(TRUE)$module("method")) at test-shinytest2-tm_outliers.R:180:3
  2.   └─shinytest2:::app_get_text(self, private, selector = selector)
  3.     ├─self$get_js(script = get_text_js(selector))
  4.     │ └─shinytest2:::app_get_js(...)
  5.     │   ├─shinytest2:::chromote_eval(...)
  6.     │   └─shinytest2:::app_js_script_helper(self, private, script, file)
  7.     └─shinytest2:::get_text_js(selector)
  8.       ├─base::paste0(...)
  9.       └─shinytest2:::toJSON_atomic(selector)
 10.         └─shinytest2:::toJSON(x, ..., strict_atomic = FALSE)
 11.           └─jsonlite::toJSON(...)
 12.             └─base::force(x)</error>
    </testcase>
    <testcase time="9.01700000000005" classname="shinytest2_tm_outliers" name="e2e_tm_outliers_Outlier_definition_text_and_range_are_displayed_properly_depending_on_method."/>
    <testcase time="0.00499999999999545" classname="shinytest2_tm_outliers" name="e2e_tm_outliers_Outlier_definition_text_and_range_are_displayed_properly_depending_on_method.">
      <error type="error" message="Error in `isTRUE(lhs)`: attempt to apply non-function ('test-shinytest2-tm_outliers.R:195:3')">Error in `isTRUE(lhs)`: attempt to apply non-function
Backtrace:
    ▆
 1. ├─testthat::expect_true(app_driver$is_visible(app_driver$namespaces(TRUE)$module("iqr_slider"))) at test-shinytest2-tm_outliers.R:195:3
 2. │ └─testthat::quasi_label(enquo(object), label, arg = "object")
 3. │   └─rlang::eval_bare(expr, quo_get_env(quo))
 4. └─app_driver$is_visible(app_driver$namespaces(TRUE)$module("iqr_slider"))
 5.   └─checkmate::assert_string(selector)
 6.     └─checkmate::checkString(...)
 7.       └─... %and% ...
 8.         └─base::isTRUE(lhs)</error>
    </testcase>
    <testcase time="8.96399999999994" classname="shinytest2_tm_outliers" name="e2e_tm_outliers_Outliers_summary_table_is_displayed_with_proper_content."/>
    <testcase time="0.00499999999999545" classname="shinytest2_tm_outliers" name="e2e_tm_outliers_Outliers_summary_table_is_displayed_with_proper_content.">
      <error type="error" message="Error in `force(x)`: attempt to apply non-function ('test-shinytest2-tm_outliers.R:256:3')">Error in `force(x)`: attempt to apply non-function
Backtrace:
     ▆
  1. ├─testthat::expect_identical(...) at test-shinytest2-tm_outliers.R:256:3
  2. │ └─testthat::quasi_label(enquo(object), label, arg = "object")
  3. │   └─rlang::eval_bare(expr, quo_get_env(quo))
  4. └─app_driver$get_text(app_driver$namespaces(TRUE)$module("total_outliers"))
  5.   └─shinytest2:::app_get_text(self, private, selector = selector)
  6.     ├─self$get_js(script = get_text_js(selector))
  7.     │ └─shinytest2:::app_get_js(...)
  8.     │   ├─shinytest2:::chromote_eval(...)
  9.     │   └─shinytest2:::app_js_script_helper(self, private, script, file)
 10.     └─shinytest2:::get_text_js(selector)
 11.       ├─base::paste0(...)
 12.       └─shinytest2:::toJSON_atomic(selector)
 13.         └─shinytest2:::toJSON(x, ..., strict_atomic = FALSE)
 14.           └─jsonlite::toJSON(...)
 15.             └─base::force(x)</error>
    </testcase>
    <testcase time="9.01200000000006" classname="shinytest2_tm_outliers" name="e2e_tm_outliers_Outlier_table_is_displayed_with_proper_content."/>
    <testcase time="4.59100000000001" classname="shinytest2_tm_outliers" name="e2e_tm_outliers_Outlier_table_is_displayed_with_proper_content.">
      <error type="error" message="Error in `force(x)`: attempt to apply non-function ('test-shinytest2-tm_outliers.R:308:3')">Error in `force(x)`: attempt to apply non-function
Backtrace:
     ▆
  1. └─app_driver$get_text(app_driver$namespaces(TRUE)$module("table_ui")) at test-shinytest2-tm_outliers.R:308:3
  2.   └─shinytest2:::app_get_text(self, private, selector = selector)
  3.     ├─self$get_js(script = get_text_js(selector))
  4.     │ └─shinytest2:::app_get_js(...)
  5.     │   ├─shinytest2:::chromote_eval(...)
  6.     │   └─shinytest2:::app_js_script_helper(self, private, script, file)
  7.     └─shinytest2:::get_text_js(selector)
  8.       ├─base::paste0(...)
  9.       └─shinytest2:::toJSON_atomic(selector)
 10.         └─shinytest2:::toJSON(x, ..., strict_atomic = FALSE)
 11.           └─jsonlite::toJSON(...)
 12.             └─base::force(x)</error>
    </testcase>
  </testsuite>
  <testsuite name="shinytest2-tm_t_crosstable" timestamp="2025-10-15T14:19:42Z" hostname="a50b3c9f5f0f" tests="8" skipped="0" failures="0" errors="3" time="32.318">
    <testcase time="7.41399999999999" classname="shinytest2_tm_t_crosstable" name="e2e_tm_t_crosstable_Initializes_without_errors"/>
    <testcase time="0.0040000000000191" classname="shinytest2_tm_t_crosstable" name="e2e_tm_t_crosstable_Initializes_without_errors"/>
    <testcase time="0.00499999999999545" classname="shinytest2_tm_t_crosstable" name="e2e_tm_t_crosstable_Initializes_without_errors">
      <error type="error" message="Error in `paste(app_driver$namespaces(TRUE)$wrapper(NULL), &quot;.help-block&quot;)`: attempt to apply non-function ('test-shinytest2-tm_t_crosstable.R:56:3')">Error in `paste(app_driver$namespaces(TRUE)$wrapper(NULL), ".help-block")`: attempt to apply non-function
Backtrace:
     ▆
  1. ├─app_driver$get_text(...) at test-shinytest2-tm_t_crosstable.R:56:3
  2. │ └─shinytest2:::app_get_text(self, private, selector = selector)
  3. │   ├─self$get_js(script = get_text_js(selector))
  4. │   │ └─shinytest2:::app_get_js(...)
  5. │   │   ├─shinytest2:::chromote_eval(...)
  6. │   │   └─shinytest2:::app_js_script_helper(self, private, script, file)
  7. │   └─shinytest2:::get_text_js(selector)
  8. │     ├─base::paste0(...)
  9. │     └─shinytest2:::toJSON_atomic(selector)
 10. │       └─shinytest2:::toJSON(x, ..., strict_atomic = FALSE)
 11. │         └─jsonlite::toJSON(...)
 12. │           └─base::force(x)
 13. └─base::paste(app_driver$namespaces(TRUE)$wrapper(NULL), ".help-block")</error>
    </testcase>
    <testcase time="7.36599999999999" classname="shinytest2_tm_t_crosstable" name="e2e_tm_t_crosstable_Verify_module_displays_data_table">
      <error type="error" message="Error in `isTRUE(lhs)`: attempt to apply non-function ('test-shinytest2-tm_t_crosstable.R:67:3')">Error in `isTRUE(lhs)`: attempt to apply non-function
Backtrace:
    ▆
 1. ├─testthat::expect_true(app_driver$is_visible(selector = app_driver$namespaces(TRUE)$module("table-table-with-settings"))) at test-shinytest2-tm_t_crosstable.R:67:3
 2. │ └─testthat::quasi_label(enquo(object), label, arg = "object")
 3. │   └─rlang::eval_bare(expr, quo_get_env(quo))
 4. └─app_driver$is_visible(selector = app_driver$namespaces(TRUE)$module("table-table-with-settings"))
 5.   └─checkmate::assert_string(selector)
 6.     └─checkmate::checkString(...)
 7.       └─... %and% ...
 8.         └─base::isTRUE(lhs)</error>
    </testcase>
    <testcase time="7.64299999999992" classname="shinytest2_tm_t_crosstable" name="e2e_tm_t_crosstable_Verify_default_values_and_settings_data_extracts_for_data_selection"/>
    <testcase time="0.0500000000000682" classname="shinytest2_tm_t_crosstable" name="e2e_tm_t_crosstable_Verify_default_values_and_settings_data_extracts_for_data_selection"/>
    <testcase time="2.399" classname="shinytest2_tm_t_crosstable" name="e2e_tm_t_crosstable_Verify_default_values_and_settings_data_extracts_for_data_selection"/>
    <testcase time="7.43700000000001" classname="shinytest2_tm_t_crosstable" name="e2e_tm_t_crosstable_Change_plot_settings">
      <error type="error" message="Error in `rlang::is_missing(selector)`: attempt to apply non-function ('test-shinytest2-tm_t_crosstable.R:101:3')">Error in `rlang::is_missing(selector)`: attempt to apply non-function
Backtrace:
    ▆
 1. └─app_driver$click(selector = app_driver$namespaces(TRUE)$module("show_percentage")) at test-shinytest2-tm_t_crosstable.R:101:3
 2.   └─super$click(...)
 3.     └─shinytest2:::app_click(...)
 4.       └─shinytest2:::app_find_node_id(...)
 5.         └─shinytest2:::node_id_css_selector(...)
 6.           └─rlang::is_missing(selector)</error>
    </testcase>
  </testsuite>
  <testsuite name="shinytest2-tm_variable_browser" timestamp="2025-10-15T14:20:14Z" hostname="a50b3c9f5f0f" tests="16" skipped="0" failures="0" errors="5" time="60.316">
    <testcase time="8.56999999999994" classname="shinytest2_tm_variable_browser" name="e2e_tm_variable_browser_content_is_displayed_correctly."/>
    <testcase time="0.0040000000000191" classname="shinytest2_tm_variable_browser" name="e2e_tm_variable_browser_content_is_displayed_correctly."/>
    <testcase time="0.00499999999999545" classname="shinytest2_tm_variable_browser" name="e2e_tm_variable_browser_content_is_displayed_correctly.">
      <error type="error" message="Error in `isTRUE(lhs)`: attempt to apply non-function ('test-shinytest2-tm_variable_browser.R:42:3')">Error in `isTRUE(lhs)`: attempt to apply non-function
Backtrace:
    ▆
 1. ├─testthat::expect_true(app_driver$is_visible(app_driver$namespaces(TRUE)$module("variable_plot-plot_out_main .shiny-plot-output"))) at test-shinytest2-tm_variable_browser.R:42:3
 2. │ └─testthat::quasi_label(enquo(object), label, arg = "object")
 3. │   └─rlang::eval_bare(expr, quo_get_env(quo))
 4. └─app_driver$is_visible(app_driver$namespaces(TRUE)$module("variable_plot-plot_out_main .shiny-plot-output"))
 5.   └─checkmate::assert_string(selector)
 6.     └─checkmate::checkString(...)
 7.       └─... %and% ...
 8.         └─base::isTRUE(lhs)</error>
    </testcase>
    <testcase time="9.245" classname="shinytest2_tm_variable_browser" name="e2e_tm_variable_browser_Selecting_treat_variable_as_factor_changes_the_table_headers.">
      <error type="error" message="Error in `force(x)`: attempt to apply non-function ('test-shinytest2-tm_variable_browser.R:75:3')">Error in `force(x)`: attempt to apply non-function
Backtrace:
     ▆
  1. ├─base::trimws(app_driver$get_text(app_driver$namespaces(TRUE)$module("ui_variable_browser li .active"))) at test-shinytest2-tm_variable_browser.R:75:3
  2. │ ├─base (local) mysub(...)
  3. │ │ └─base::sub(re, "", x, perl = TRUE)
  4. │ │   └─base::is.factor(x)
  5. │ └─base (local) mysub(paste0("^", whitespace, "+"), x)
  6. │   └─base::sub(re, "", x, perl = TRUE)
  7. │     └─base::is.factor(x)
  8. └─app_driver$get_text(app_driver$namespaces(TRUE)$module("ui_variable_browser li .active"))
  9.   └─shinytest2:::app_get_text(self, private, selector = selector)
 10.     ├─self$get_js(script = get_text_js(selector))
 11.     │ └─shinytest2:::app_get_js(...)
 12.     │   ├─shinytest2:::chromote_eval(...)
 13.     │   └─shinytest2:::app_js_script_helper(self, private, script, file)
 14.     └─shinytest2:::get_text_js(selector)
 15.       ├─base::paste0(...)
 16.       └─shinytest2:::toJSON_atomic(selector)
 17.         └─shinytest2:::toJSON(x, ..., strict_atomic = FALSE)
 18.           └─jsonlite::toJSON(...)
 19.             └─base::force(x)</error>
    </testcase>
    <testcase time="8.63700000000006" classname="shinytest2_tm_variable_browser" name="e2e_tm_variable_browser_selection_of_categorical_variable_has_a_table_with_level_header.">
      <error type="error" message="Error in `force(x)`: attempt to apply non-function ('test-shinytest2-tm_variable_browser.R:111:3')">Error in `force(x)`: attempt to apply non-function
Backtrace:
     ▆
  1. ├─base::trimws(app_driver$get_text(app_driver$namespaces(TRUE)$module("ui_variable_browser li .active"))) at test-shinytest2-tm_variable_browser.R:111:3
  2. │ ├─base (local) mysub(...)
  3. │ │ └─base::sub(re, "", x, perl = TRUE)
  4. │ │   └─base::is.factor(x)
  5. │ └─base (local) mysub(paste0("^", whitespace, "+"), x)
  6. │   └─base::sub(re, "", x, perl = TRUE)
  7. │     └─base::is.factor(x)
  8. └─app_driver$get_text(app_driver$namespaces(TRUE)$module("ui_variable_browser li .active"))
  9.   └─shinytest2:::app_get_text(self, private, selector = selector)
 10.     ├─self$get_js(script = get_text_js(selector))
 11.     │ └─shinytest2:::app_get_js(...)
 12.     │   ├─shinytest2:::chromote_eval(...)
 13.     │   └─shinytest2:::app_js_script_helper(self, private, script, file)
 14.     └─shinytest2:::get_text_js(selector)
 15.       ├─base::paste0(...)
 16.       └─shinytest2:::toJSON_atomic(selector)
 17.         └─shinytest2:::toJSON(x, ..., strict_atomic = FALSE)
 18.           └─jsonlite::toJSON(...)
 19.             └─base::force(x)</error>
    </testcase>
    <testcase time="8.69999999999993" classname="shinytest2_tm_variable_browser" name="e2e_tm_variable_browser_changing_display_density_encoding_doesn_t_show_errors.">
      <error type="error" message="Error in `rlang::is_missing(selector)`: attempt to apply non-function ('test-shinytest2-tm_variable_browser.R:169:3')">Error in `rlang::is_missing(selector)`: attempt to apply non-function
Backtrace:
    ▆
 1. └─app_driver$click(selector = app_driver$namespaces(TRUE)$module("display_density")) at test-shinytest2-tm_variable_browser.R:169:3
 2.   └─super$click(...)
 3.     └─shinytest2:::app_click(...)
 4.       └─shinytest2:::app_find_node_id(...)
 5.         └─shinytest2:::node_id_css_selector(...)
 6.           └─rlang::is_missing(selector)</error>
    </testcase>
    <testcase time="8.79300000000001" classname="shinytest2_tm_variable_browser" name="e2e_tm_variable_browser_changing_outlier_definition_encoding_doesn_t_show_errors.">
      <error type="error" message="Error in `force(x)`: attempt to apply non-function ('test-shinytest2-tm_variable_browser.R:184:3')">Error in `force(x)`: attempt to apply non-function
Backtrace:
     ▆
  1. ├─testthat::expect_null(app_driver$get_text(app_driver$namespaces(TRUE)$module("outlier_definition_slider"))) at test-shinytest2-tm_variable_browser.R:184:3
  2. │ └─testthat::quasi_label(enquo(object), label, arg = "object")
  3. │   └─rlang::eval_bare(expr, quo_get_env(quo))
  4. └─app_driver$get_text(app_driver$namespaces(TRUE)$module("outlier_definition_slider"))
  5.   └─shinytest2:::app_get_text(self, private, selector = selector)
  6.     ├─self$get_js(script = get_text_js(selector))
  7.     │ └─shinytest2:::app_get_js(...)
  8.     │   ├─shinytest2:::chromote_eval(...)
  9.     │   └─shinytest2:::app_js_script_helper(self, private, script, file)
 10.     └─shinytest2:::get_text_js(selector)
 11.       ├─base::paste0(...)
 12.       └─shinytest2:::toJSON_atomic(selector)
 13.         └─shinytest2:::toJSON(x, ..., strict_atomic = FALSE)
 14.           └─jsonlite::toJSON(...)
 15.             └─base::force(x)</error>
    </testcase>
    <testcase time="9.48699999999997" classname="shinytest2_tm_variable_browser" name="e2e_tm_variable_browser_changing_plot_setting_encodings_doesn_t_show_errors."/>
    <testcase time="0.865000000000009" classname="shinytest2_tm_variable_browser" name="e2e_tm_variable_browser_changing_plot_setting_encodings_doesn_t_show_errors."/>
    <testcase time="0.860000000000014" classname="shinytest2_tm_variable_browser" name="e2e_tm_variable_browser_changing_plot_setting_encodings_doesn_t_show_errors."/>
    <testcase time="0.864000000000033" classname="shinytest2_tm_variable_browser" name="e2e_tm_variable_browser_changing_plot_setting_encodings_doesn_t_show_errors."/>
    <testcase time="0.850999999999999" classname="shinytest2_tm_variable_browser" name="e2e_tm_variable_browser_changing_plot_setting_encodings_doesn_t_show_errors."/>
    <testcase time="0.86099999999999" classname="shinytest2_tm_variable_browser" name="e2e_tm_variable_browser_changing_plot_setting_encodings_doesn_t_show_errors."/>
    <testcase time="0.861999999999966" classname="shinytest2_tm_variable_browser" name="e2e_tm_variable_browser_changing_plot_setting_encodings_doesn_t_show_errors."/>
    <testcase time="0.846000000000004" classname="shinytest2_tm_variable_browser" name="e2e_tm_variable_browser_changing_plot_setting_encodings_doesn_t_show_errors."/>
    <testcase time="0.865999999999985" classname="shinytest2_tm_variable_browser" name="e2e_tm_variable_browser_changing_plot_setting_encodings_doesn_t_show_errors."/>
  </testsuite>
  <testsuite name="tm_g_bivariate" timestamp="2025-10-15T14:21:15Z" hostname="a50b3c9f5f0f" tests="18" skipped="0" failures="0" errors="0" time="0.225">
    <testcase time="0.109000000000037" classname="tm_g_bivariate" name="tm_g_bivariate_creates_a_teal_module_object"/>
    <testcase time="0.00499999999999545" classname="tm_g_bivariate" name="tm_g_bivariate_creates_a_teal_module_object_with_default_options"/>
    <testcase time="0.00499999999999545" classname="tm_g_bivariate" name="tm_g_bivariate_creates_a_teal_module_object_with_multiple_data_extract_specs"/>
    <testcase time="0.0040000000000191" classname="tm_g_bivariate" name="tm_g_bivariate_creates_a_module_with_datanames_taken_from_data_extracts"/>
    <testcase time="0.0080000000000382" classname="tm_g_bivariate" name="tm_g_bivariate_fails_when_x_contains_a_spec_with_multiple_selection"/>
    <testcase time="0.00699999999994816" classname="tm_g_bivariate" name="tm_g_bivariate_fails_when_x_contains_multiple_spec_with_at_least_one_multiple_selection"/>
    <testcase time="0.00700000000006185" classname="tm_g_bivariate" name="tm_g_bivariate_fails_when_x_contains_multiple_spec_with_at_least_one_multiple_selection"/>
    <testcase time="0.00799999999992451" classname="tm_g_bivariate" name="tm_g_bivariate_fails_when_y_contains_multiple_spec_with_at_least_one_multiple_selection"/>
    <testcase time="0.0080000000000382" classname="tm_g_bivariate" name="tm_g_bivariate_fails_when_plot_height_is_not_valid"/>
    <testcase time="0.00700000000006185" classname="tm_g_bivariate" name="tm_g_bivariate_fails_when_plot_height_is_not_valid"/>
    <testcase time="0.00699999999994816" classname="tm_g_bivariate" name="tm_g_bivariate_fails_when_plot_height_is_not_valid"/>
    <testcase time="0.0080000000000382" classname="tm_g_bivariate" name="tm_g_bivariate_fails_when_plot_width_is_not_valid"/>
    <testcase time="0.00699999999994816" classname="tm_g_bivariate" name="tm_g_bivariate_fails_when_plot_width_is_not_valid"/>
    <testcase time="0.00700000000006185" classname="tm_g_bivariate" name="tm_g_bivariate_fails_when_plot_width_is_not_valid"/>
    <testcase time="0.00699999999994816" classname="tm_g_bivariate" name="tm_g_bivariate_fails_when_color_setting_is_FALSE_and_color_is_supplied"/>
    <testcase time="0.0080000000000382" classname="tm_g_bivariate" name="tm_g_bivariate_fails_when_color_setting_is_FALSE_and_size_is_supplied"/>
    <testcase time="0.00699999999994816" classname="tm_g_bivariate" name="tm_g_bivariate_fails_when_color_setting_is_FALSE_and_fill_is_supplied"/>
    <testcase time="0.00599999999997181" classname="tm_g_bivariate" name="tm_g_bivariate_determines_color_size_and_fill_when_color_setting_is_TRUE"/>
  </testsuite>
  <testsuite name="utils" timestamp="2025-10-15T14:21:15Z" hostname="a50b3c9f5f0f" tests="12" skipped="0" failures="0" errors="0" time="0.059">
    <testcase time="0.00700000000006185" classname="utils" name="set_chunk_attrs_changes_last_chunk_output_with_default_parameters"/>
    <testcase time="0.00199999999995271" classname="utils" name="set_chunk_attrs_changes_last_chunk_output_with_default_parameters"/>
    <testcase time="0.00300000000004275" classname="utils" name="set_chunk_attrs_changes_last_2_chunks"/>
    <testcase time="0.00199999999995271" classname="utils" name="set_chunk_attrs_changes_last_2_chunks"/>
    <testcase time="0.00300000000004275" classname="utils" name="set_chunk_attrs_only_changes_the_numeric_chunk_outputs"/>
    <testcase time="0.00199999999995271" classname="utils" name="set_chunk_attrs_only_changes_the_numeric_chunk_outputs"/>
    <testcase time="0.0040000000000191" classname="utils" name="set_chunk_attrs_throws_warning_when_last_chunk_is_not_chunk_output"/>
    <testcase time="0.0040000000000191" classname="utils" name="set_chunk_attrs_throws_warning_when_second_to_last_chunk_is_not_chunk_output"/>
    <testcase time="0.00499999999999545" classname="utils" name="set_chunk_attrs_modifies_all_elements_up_until_the_first_non_chunk_output"/>
    <testcase time="0.00300000000004275" classname="utils" name="set_chunk_attrs_modifies_all_elements_up_until_the_first_non_chunk_output"/>
    <testcase time="0.000999999999976353" classname="utils" name="set_chunk_attrs_modifies_all_elements_up_until_the_first_non_chunk_output"/>
    <testcase time="0.0230000000000246" classname="utils" name="set_chunk_dims_skips_when_one_of_the_dimensions_is_auto_string"/>
  </testsuite>
  <testsuite name="bivariate_ggplot_call" timestamp="2025-10-15T14:21:15Z" hostname="a50b3c9f5f0f" tests="21" skipped="0" failures="0" errors="0" time="0.064">
    <testcase time="0.00699999999994816" classname="bivariate_ggplot_call" name="bivariate_ggplot_call_with_numerics"/>
    <testcase time="0.00300000000004275" classname="bivariate_ggplot_call" name="bivariate_ggplot_call_with_numerics"/>
    <testcase time="0.00199999999995271" classname="bivariate_ggplot_call" name="bivariate_ggplot_call_with_numerics"/>
    <testcase time="0.00300000000004275" classname="bivariate_ggplot_call" name="bivariate_ggplot_call_with_numerics"/>
    <testcase time="0.0040000000000191" classname="bivariate_ggplot_call" name="bivariate_ggplot_call_with_factor_char_logical"/>
    <testcase time="0.00299999999992906" classname="bivariate_ggplot_call" name="bivariate_ggplot_call_with_factor_char_logical"/>
    <testcase time="0.00200000000006639" classname="bivariate_ggplot_call" name="bivariate_ggplot_call_with_factor_char_logical"/>
    <testcase time="0.00199999999995271" classname="bivariate_ggplot_call" name="bivariate_ggplot_call_with_factor_char_logical"/>
    <testcase time="0.00300000000004275" classname="bivariate_ggplot_call" name="bivariate_ggplot_call_with_factor_char_logical"/>
    <testcase time="0.00199999999995271" classname="bivariate_ggplot_call" name="bivariate_ggplot_call_with_factor_char_logical"/>
    <testcase time="0.00300000000004275" classname="bivariate_ggplot_call" name="bivariate_ggplot_call_with_factor_char_logical"/>
    <testcase time="0.00499999999999545" classname="bivariate_ggplot_call" name="bivariate_ggplot_call_with_single_data_numeric"/>
    <testcase time="0.00199999999995271" classname="bivariate_ggplot_call" name="bivariate_ggplot_call_with_single_data_numeric"/>
    <testcase time="0.00300000000004275" classname="bivariate_ggplot_call" name="bivariate_ggplot_call_with_single_data_numeric"/>
    <testcase time="0.00199999999995271" classname="bivariate_ggplot_call" name="bivariate_ggplot_call_with_single_data_numeric"/>
    <testcase time="0.00300000000004275" classname="bivariate_ggplot_call" name="bivariate_ggplot_call_with_single_data_numeric"/>
    <testcase time="0.00199999999995271" classname="bivariate_ggplot_call" name="bivariate_ggplot_call_with_single_data_numeric"/>
    <testcase time="0.00499999999999545" classname="bivariate_ggplot_call" name="bivariate_ggplot_call_with_single_data_factor"/>
    <testcase time="0.00300000000004275" classname="bivariate_ggplot_call" name="bivariate_ggplot_call_with_single_data_factor"/>
    <testcase time="0.00199999999995271" classname="bivariate_ggplot_call" name="bivariate_ggplot_call_with_single_data_factor"/>
    <testcase time="0.00300000000004275" classname="bivariate_ggplot_call" name="bivariate_ggplot_call_with_single_data_factor"/>
  </testsuite>
  <testsuite name="front_page" timestamp="2025-10-15T14:21:15Z" hostname="a50b3c9f5f0f" tests="4" skipped="0" failures="0" errors="0" time="0.021">
    <testcase time="0.00599999999997181" classname="front_page" name="convert_metadata_to_dataframe_returns_a_data_frame_with_no_rows_if_no_metadata"/>
    <testcase time="0.00499999999999545" classname="front_page" name="convert_metadata_to_dataframe_returns_a_data_frame_with_metadata_if_more_than_one_dataset"/>
    <testcase time="0.00499999999999545" classname="front_page" name="convert_metadata_to_dataframe_returns_a_data_frame_with_metadata_if_one_dataset"/>
    <testcase time="0.00499999999999545" classname="front_page" name="convert_metadata_to_dataframe_converts_metadata_values_to_characters"/>
  </testsuite>
  <testsuite name="g_expert_cl" timestamp="2025-10-15T14:21:15Z" hostname="a50b3c9f5f0f" tests="15" skipped="0" failures="0" errors="0" time="0.028">
    <testcase time="0.00600000000008549" classname="g_expert_cl" name="coloring_ggplot_call_can_work_with_all_combinations"/>
    <testcase time="0.000999999999976353" classname="g_expert_cl" name="coloring_ggplot_call_can_work_with_all_combinations"/>
    <testcase time="0.000999999999976353" classname="g_expert_cl" name="coloring_ggplot_call_can_work_with_all_combinations"/>
    <testcase time="0.00199999999995271" classname="g_expert_cl" name="coloring_ggplot_call_can_work_with_all_combinations"/>
    <testcase time="0.00100000000009004" classname="g_expert_cl" name="coloring_ggplot_call_can_work_with_all_combinations"/>
    <testcase time="0.000999999999976353" classname="g_expert_cl" name="coloring_ggplot_call_can_work_with_all_combinations"/>
    <testcase time="0.000999999999976353" classname="g_expert_cl" name="coloring_ggplot_call_can_work_with_all_combinations"/>
    <testcase time="0.0040000000000191" classname="g_expert_cl" name="coloring_ggplot_call_can_work_with_all_combinations_without_colour_var"/>
    <testcase time="0.000999999999976353" classname="g_expert_cl" name="coloring_ggplot_call_can_work_with_all_combinations_without_colour_var"/>
    <testcase time="0.00200000000006639" classname="g_expert_cl" name="coloring_ggplot_call_can_work_with_all_combinations_without_colour_var"/>
    <testcase time="0.000999999999976353" classname="g_expert_cl" name="coloring_ggplot_call_can_work_with_all_combinations_without_colour_var"/>
    <testcase time="0.000999999999976353" classname="g_expert_cl" name="coloring_ggplot_call_can_work_with_all_combinations_without_colour_var"/>
    <testcase time="0.0040000000000191" classname="g_expert_cl" name="coloring_ggplot_call_can_work_size_var"/>
    <testcase time="0.000999999999976353" classname="g_expert_cl" name="coloring_ggplot_call_can_work_size_var"/>
    <testcase time="0.000999999999976353" classname="g_expert_cl" name="coloring_ggplot_call_can_work_size_var"/>
  </testsuite>
  <testsuite name="scatterplotmatrix_get_stats" timestamp="2025-10-15T14:21:15Z" hostname="a50b3c9f5f0f" tests="6" skipped="0" failures="0" errors="0" time="0.023">
    <testcase time="0.0080000000000382" classname="scatterplotmatrix_get_stats" name="get_scatterplotmatrix_stats_x_y_numeric"/>
    <testcase time="0.00199999999995271" classname="scatterplotmatrix_get_stats" name="get_scatterplotmatrix_stats_x_y_numeric"/>
    <testcase time="0.00300000000004275" classname="scatterplotmatrix_get_stats" name="get_scatterplotmatrix_stats_x_y_numeric"/>
    <testcase time="0.00499999999999545" classname="scatterplotmatrix_get_stats" name="get_scatterplotmatrix_stats_x_y_character"/>
    <testcase time="0.00199999999995271" classname="scatterplotmatrix_get_stats" name="get_scatterplotmatrix_stats_x_y_character"/>
    <testcase time="0.00300000000004275" classname="scatterplotmatrix_get_stats" name="get_scatterplotmatrix_stats_x_y_character"/>
  </testsuite>
  <testsuite name="variable_browser" timestamp="2025-10-15T14:21:15Z" hostname="a50b3c9f5f0f" tests="3" skipped="0" failures="0" errors="0" time="0.014">
    <testcase time="0.00499999999999545" classname="variable_browser" name="remove_outliers_from_does_not_remove_outliers_when_outlier_definition_is_zero"/>
    <testcase time="0.00599999999997181" classname="variable_browser" name="remove_outliers_from_removes_outliers_when_outlier_definition_is_non_zero"/>
    <testcase time="0.00300000000004275" classname="variable_browser" name="remove_outliers_from_keeps_missing_values_unchanged"/>
  </testsuite>
</testsuites>
