<?xml version="1.0" encoding="UTF-8"?>
<testsuites>
  <testsuite name="examples" timestamp="2024-12-11T13:11:09Z" hostname="f17b86de3dda" tests="44" skipped="43" failures="0" errors="0" time="6.508">
    <testcase time="1.626" classname="examples" name="example_add_facet_labels.Rd">
      <skipped message="Reason: empty test ('test-examples.R:144:3')"/>
    </testcase>
    <testcase time="0.081" classname="examples" name="example_call_fun_dots.Rd">
      <skipped message="Reason: empty test ('test-examples.R:144:3')"/>
    </testcase>
    <testcase time="0.0289999999999999" classname="examples" name="example_create_sparklines.Rd">
      <skipped message="Reason: empty test ('test-examples.R:144:3')"/>
    </testcase>
    <testcase time="0.0140000000000002" classname="examples" name="example_establish_updating_selection.Rd">
      <skipped message="Reason: empty test ('test-examples.R:144:3')"/>
    </testcase>
    <testcase time="0.0179999999999998" classname="examples" name="example_get_scatterplotmatrix_stats.Rd">
      <skipped message="Reason: empty test ('test-examples.R:144:3')"/>
    </testcase>
    <testcase time="0.0180000000000002" classname="examples" name="example_include_css_files.Rd">
      <skipped message="Reason: empty test ('test-examples.R:144:3')"/>
    </testcase>
    <testcase time="0.0139999999999998" classname="examples" name="example_is_tab_active_js.Rd">
      <skipped message="Reason: empty test ('test-examples.R:144:3')"/>
    </testcase>
    <testcase time="0.0140000000000002" classname="examples" name="example_normalize_decorators.Rd">
      <skipped message="Reason: empty test ('test-examples.R:144:3')"/>
    </testcase>
    <testcase time="0.0139999999999998" classname="examples" name="example_plot_var_summary.Rd">
      <skipped message="Reason: empty test ('test-examples.R:144:3')"/>
    </testcase>
    <testcase time="0.0140000000000002" classname="examples" name="example_rADAE.Rd">
      <skipped message="Reason: empty test ('test-examples.R:144:3')"/>
    </testcase>
    <testcase time="0.0139999999999998" classname="examples" name="example_rADLB.Rd">
      <skipped message="Reason: empty test ('test-examples.R:144:3')"/>
    </testcase>
    <testcase time="0.0140000000000002" classname="examples" name="example_rADRS.Rd">
      <skipped message="Reason: empty test ('test-examples.R:144:3')"/>
    </testcase>
    <testcase time="0.0179999999999998" classname="examples" name="example_rADSL.Rd">
      <skipped message="Reason: empty test ('test-examples.R:144:3')"/>
    </testcase>
    <testcase time="0.0140000000000002" classname="examples" name="example_rADTTE.Rd">
      <skipped message="Reason: empty test ('test-examples.R:144:3')"/>
    </testcase>
    <testcase time="0.0139999999999998" classname="examples" name="example_remove_outliers_from.Rd">
      <skipped message="Reason: empty test ('test-examples.R:144:3')"/>
    </testcase>
    <testcase time="0.0139999999999998" classname="examples" name="example_render_single_tab.Rd">
      <skipped message="Reason: empty test ('test-examples.R:144:3')"/>
    </testcase>
    <testcase time="0.0140000000000002" classname="examples" name="example_render_tab_header.Rd">
      <skipped message="Reason: empty test ('test-examples.R:144:3')"/>
    </testcase>
    <testcase time="0.0129999999999999" classname="examples" name="example_render_tab_table.Rd">
      <skipped message="Reason: empty test ('test-examples.R:144:3')"/>
    </testcase>
    <testcase time="0.0180000000000002" classname="examples" name="example_render_tabset_panel_content.Rd">
      <skipped message="Reason: empty test ('test-examples.R:144:3')"/>
    </testcase>
    <testcase time="0.0139999999999998" classname="examples" name="example_select_decorators.Rd">
      <skipped message="Reason: empty test ('test-examples.R:144:3')"/>
    </testcase>
    <testcase time="0.0140000000000002" classname="examples" name="example_shared_params.Rd">
      <skipped message="Reason: empty test ('test-examples.R:144:3')"/>
    </testcase>
    <testcase time="0.0139999999999998" classname="examples" name="example_srv_decorate_teal_data.Rd">
      <skipped message="Reason: empty test ('test-examples.R:144:3')"/>
    </testcase>
    <testcase time="0.0140000000000002" classname="examples" name="example_teal.modules.general.Rd">
      <skipped message="Reason: empty test ('test-examples.R:144:3')"/>
    </testcase>
    <testcase time="0.234" classname="examples" name="example_tm_a_pca.Rd">
      <skipped message="Reason: empty test ('test-examples.R:144:3')"/>
    </testcase>
    <testcase time="0.146" classname="examples" name="example_tm_a_regression.Rd">
      <skipped message="Reason: empty test ('test-examples.R:144:3')"/>
    </testcase>
    <testcase time="0.147" classname="examples" name="example_tm_data_table.Rd">
      <skipped message="Reason: empty test ('test-examples.R:144:3')"/>
    </testcase>
    <testcase time="0.227" classname="examples" name="example_tm_file_viewer.Rd"/>
    <testcase time="0.044" classname="examples" name="example_tm_file_viewer.Rd">
      <skipped message="Reason: empty test ('test-examples.R:144:3')"/>
    </testcase>
    <testcase time="0.0919999999999996" classname="examples" name="example_tm_front_page.Rd">
      <skipped message="Reason: empty test ('test-examples.R:144:3')"/>
    </testcase>
    <testcase time="0.174" classname="examples" name="example_tm_g_association.Rd">
      <skipped message="Reason: empty test ('test-examples.R:144:3')"/>
    </testcase>
    <testcase time="0.183" classname="examples" name="example_tm_g_bivariate.Rd">
      <skipped message="Reason: empty test ('test-examples.R:144:3')"/>
    </testcase>
    <testcase time="1.032" classname="examples" name="example_tm_g_distribution.Rd">
      <skipped message="Reason: empty test ('test-examples.R:144:3')"/>
    </testcase>
    <testcase time="0.177" classname="examples" name="example_tm_g_response.Rd">
      <skipped message="Reason: empty test ('test-examples.R:144:3')"/>
    </testcase>
    <testcase time="0.194000000000001" classname="examples" name="example_tm_g_scatterplot.Rd">
      <skipped message="Reason: empty test ('test-examples.R:144:3')"/>
    </testcase>
    <testcase time="0.359999999999999" classname="examples" name="example_tm_g_scatterplotmatrix.Rd">
      <skipped message="Reason: empty test ('test-examples.R:144:3')"/>
    </testcase>
    <testcase time="0.257000000000001" classname="examples" name="example_tm_missing_data.Rd">
      <skipped message="Reason: empty test ('test-examples.R:144:3')"/>
    </testcase>
    <testcase time="0.186999999999999" classname="examples" name="example_tm_outliers.Rd">
      <skipped message="Reason: empty test ('test-examples.R:144:3')"/>
    </testcase>
    <testcase time="0.719" classname="examples" name="example_tm_t_crosstable.Rd">
      <skipped message="Reason: empty test ('test-examples.R:144:3')"/>
    </testcase>
    <testcase time="0.213" classname="examples" name="example_tm_variable_browser.Rd">
      <skipped message="Reason: empty test ('test-examples.R:144:3')"/>
    </testcase>
    <testcase time="0.0190000000000001" classname="examples" name="example_validate_input.Rd">
      <skipped message="Reason: empty test ('test-examples.R:144:3')"/>
    </testcase>
    <testcase time="0.0190000000000001" classname="examples" name="example_var_missings_info.Rd">
      <skipped message="Reason: empty test ('test-examples.R:144:3')"/>
    </testcase>
    <testcase time="0.0179999999999998" classname="examples" name="example_var_summary_table.Rd">
      <skipped message="Reason: empty test ('test-examples.R:144:3')"/>
    </testcase>
    <testcase time="0.0169999999999995" classname="examples" name="example_variable_type_icons.Rd">
      <skipped message="Reason: empty test ('test-examples.R:144:3')"/>
    </testcase>
    <testcase time="0.0180000000000007" classname="examples" name="example_varname_w_label.Rd">
      <skipped message="Reason: empty test ('test-examples.R:144:3')"/>
    </testcase>
  </testsuite>
  <testsuite name="shinytest2-tm_a_pca" timestamp="2024-12-11T13:11:16Z" hostname="f17b86de3dda" tests="49" skipped="0" failures="0" errors="0" time="120.515">
    <testcase time="6.299" classname="shinytest2_tm_a_pca" name="e2e_tm_a_pca_Module_is_initialised_with_the_specified_defaults_in_function_call."/>
    <testcase time="0.0889999999999986" classname="shinytest2_tm_a_pca" name="e2e_tm_a_pca_Module_is_initialised_with_the_specified_defaults_in_function_call."/>
    <testcase time="0.00500000000000078" classname="shinytest2_tm_a_pca" name="e2e_tm_a_pca_Module_is_initialised_with_the_specified_defaults_in_function_call."/>
    <testcase time="0.00500000000000078" classname="shinytest2_tm_a_pca" name="e2e_tm_a_pca_Module_is_initialised_with_the_specified_defaults_in_function_call."/>
    <testcase time="0.052999999999999" classname="shinytest2_tm_a_pca" name="e2e_tm_a_pca_Module_is_initialised_with_the_specified_defaults_in_function_call."/>
    <testcase time="0.0530000000000008" classname="shinytest2_tm_a_pca" name="e2e_tm_a_pca_Module_is_initialised_with_the_specified_defaults_in_function_call."/>
    <testcase time="0.052999999999999" classname="shinytest2_tm_a_pca" name="e2e_tm_a_pca_Module_is_initialised_with_the_specified_defaults_in_function_call."/>
    <testcase time="5.541" classname="shinytest2_tm_a_pca" name="e2e_tm_a_pca_Eigenvector_table_should_have_data_extract_selection_Murder_Assault_on_header."/>
    <testcase time="0.137999999999998" classname="shinytest2_tm_a_pca" name="e2e_tm_a_pca_Eigenvector_table_should_have_data_extract_selection_Murder_Assault_on_header."/>
    <testcase time="0.100000000000001" classname="shinytest2_tm_a_pca" name="e2e_tm_a_pca_Eigenvector_table_should_have_data_extract_selection_Murder_Assault_on_header."/>
    <testcase time="0.0960000000000001" classname="shinytest2_tm_a_pca" name="e2e_tm_a_pca_Eigenvector_table_should_have_data_extract_selection_Murder_Assault_on_header."/>
    <testcase time="8.044" classname="shinytest2_tm_a_pca" name="e2e_tm_a_pca_Eigenvector_table_should_have_data_extract_selection_Murder_UrbanPop_on_header."/>
    <testcase time="0.145" classname="shinytest2_tm_a_pca" name="e2e_tm_a_pca_Eigenvector_table_should_have_data_extract_selection_Murder_UrbanPop_on_header."/>
    <testcase time="0.0999999999999979" classname="shinytest2_tm_a_pca" name="e2e_tm_a_pca_Eigenvector_table_should_have_data_extract_selection_Murder_UrbanPop_on_header."/>
    <testcase time="0.0990000000000002" classname="shinytest2_tm_a_pca" name="e2e_tm_a_pca_Eigenvector_table_should_have_data_extract_selection_Murder_UrbanPop_on_header."/>
    <testcase time="7.835" classname="shinytest2_tm_a_pca" name="e2e_tm_a_pca_Color_by_columns_data_extract_must_be_from_non_selected_variable_set."/>
    <testcase time="0.703000000000003" classname="shinytest2_tm_a_pca" name="e2e_tm_a_pca_Color_by_columns_data_extract_must_be_from_non_selected_variable_set."/>
    <testcase time="5.449" classname="shinytest2_tm_a_pca" name="e2e_tm_a_pca_Changing_output_encodings_of_tables_display_does_not_generate_errors."/>
    <testcase time="0.670999999999999" classname="shinytest2_tm_a_pca" name="e2e_tm_a_pca_Changing_output_encodings_of_tables_display_does_not_generate_errors."/>
    <testcase time="0.0889999999999986" classname="shinytest2_tm_a_pca" name="e2e_tm_a_pca_Changing_output_encodings_of_tables_display_does_not_generate_errors."/>
    <testcase time="0.0500000000000043" classname="shinytest2_tm_a_pca" name="e2e_tm_a_pca_Changing_output_encodings_of_tables_display_does_not_generate_errors."/>
    <testcase time="0.0509999999999948" classname="shinytest2_tm_a_pca" name="e2e_tm_a_pca_Changing_output_encodings_of_tables_display_does_not_generate_errors."/>
    <testcase time="0.0530000000000044" classname="shinytest2_tm_a_pca" name="e2e_tm_a_pca_Changing_output_encodings_of_tables_display_does_not_generate_errors."/>
    <testcase time="6.387" classname="shinytest2_tm_a_pca" name="e2e_tm_a_pca_Changing_output_encodings_for_plot_type_does_not_generate_errors."/>
    <testcase time="1.08799999999999" classname="shinytest2_tm_a_pca" name="e2e_tm_a_pca_Changing_output_encodings_for_plot_type_does_not_generate_errors."/>
    <testcase time="0.907000000000004" classname="shinytest2_tm_a_pca" name="e2e_tm_a_pca_Changing_output_encodings_for_plot_type_does_not_generate_errors."/>
    <testcase time="1.094" classname="shinytest2_tm_a_pca" name="e2e_tm_a_pca_Changing_output_encodings_for_plot_type_does_not_generate_errors."/>
    <testcase time="5.437" classname="shinytest2_tm_a_pca" name="e2e_tm_a_pca_Changing_output_encodings_of_standardization_does_not_generate_errors."/>
    <testcase time="1.189" classname="shinytest2_tm_a_pca" name="e2e_tm_a_pca_Changing_output_encodings_of_standardization_does_not_generate_errors."/>
    <testcase time="1.212" classname="shinytest2_tm_a_pca" name="e2e_tm_a_pca_Changing_output_encodings_of_standardization_does_not_generate_errors."/>
    <testcase time="1.201" classname="shinytest2_tm_a_pca" name="e2e_tm_a_pca_Changing_output_encodings_of_standardization_does_not_generate_errors."/>
    <testcase time="5.41999999999999" classname="shinytest2_tm_a_pca" name="e2e_tm_a_pca_Changing_output_encodings_of_NA_action_does_not_generate_errors."/>
    <testcase time="7.857" classname="shinytest2_tm_a_pca" name="e2e_tm_a_pca_Changing_output_encodings_of_plot_type_hides_and_shows_options."/>
    <testcase time="2.11" classname="shinytest2_tm_a_pca" name="e2e_tm_a_pca_Changing_output_encodings_of_plot_type_hides_and_shows_options."/>
    <testcase time="2.10000000000001" classname="shinytest2_tm_a_pca" name="e2e_tm_a_pca_Changing_output_encodings_of_plot_type_hides_and_shows_options."/>
    <testcase time="2.086" classname="shinytest2_tm_a_pca" name="e2e_tm_a_pca_Changing_output_encodings_of_plot_type_hides_and_shows_options."/>
    <testcase time="2.556" classname="shinytest2_tm_a_pca" name="e2e_tm_a_pca_Changing_output_encodings_of_plot_type_hides_and_shows_options."/>
    <testcase time="2.09" classname="shinytest2_tm_a_pca" name="e2e_tm_a_pca_Changing_output_encodings_of_plot_type_hides_and_shows_options."/>
    <testcase time="2.75999999999999" classname="shinytest2_tm_a_pca" name="e2e_tm_a_pca_Changing_output_encodings_of_plot_type_hides_and_shows_options."/>
    <testcase time="2.09100000000001" classname="shinytest2_tm_a_pca" name="e2e_tm_a_pca_Changing_output_encodings_of_plot_type_hides_and_shows_options."/>
    <testcase time="2.09099999999999" classname="shinytest2_tm_a_pca" name="e2e_tm_a_pca_Changing_output_encodings_of_plot_type_hides_and_shows_options."/>
    <testcase time="5.46900000000001" classname="shinytest2_tm_a_pca" name="e2e_tm_a_pca_Changing_output_encodings_of_theme_does_not_generate_errors."/>
    <testcase time="0.531999999999996" classname="shinytest2_tm_a_pca" name="e2e_tm_a_pca_Changing_output_encodings_of_theme_does_not_generate_errors."/>
    <testcase time="0.531999999999996" classname="shinytest2_tm_a_pca" name="e2e_tm_a_pca_Changing_output_encodings_of_theme_does_not_generate_errors."/>
    <testcase time="0.530000000000001" classname="shinytest2_tm_a_pca" name="e2e_tm_a_pca_Changing_output_encodings_of_theme_does_not_generate_errors."/>
    <testcase time="5.497" classname="shinytest2_tm_a_pca" name="e2e_tm_a_pca_Changing_output_encodings_of_font_size_does_not_generate_errors."/>
    <testcase time="1.018" classname="shinytest2_tm_a_pca" name="e2e_tm_a_pca_Changing_output_encodings_of_font_size_does_not_generate_errors."/>
    <testcase time="1.00699999999999" classname="shinytest2_tm_a_pca" name="e2e_tm_a_pca_Changing_output_encodings_of_font_size_does_not_generate_errors."/>
    <testcase time="20.533" classname="shinytest2_tm_a_pca" name="e2e_tm_a_pca_Changing_output_encodings_of_font_size_does_not_generate_errors."/>
  </testsuite>
  <testsuite name="shinytest2-tm_a_regression" timestamp="2024-12-11T13:13:16Z" hostname="f17b86de3dda" tests="31" skipped="0" failures="0" errors="0" time="53.387">
    <testcase time="4.77199999999999" classname="shinytest2_tm_a_regression" name="e2e_tm_a_regression_Data_parameter_and_module_label_is_passed_properly."/>
    <testcase time="0.00499999999999545" classname="shinytest2_tm_a_regression" name="e2e_tm_a_regression_Data_parameter_and_module_label_is_passed_properly."/>
    <testcase time="0.00399999999999068" classname="shinytest2_tm_a_regression" name="e2e_tm_a_regression_Data_parameter_and_module_label_is_passed_properly."/>
    <testcase time="4.86200000000002" classname="shinytest2_tm_a_regression" name="e2e_tm_a_regression_Data_extract_spec_elements_are_initialized_with_the_default_values_specified_by_response_and_regressor_arg."/>
    <testcase time="0.0900000000000034" classname="shinytest2_tm_a_regression" name="e2e_tm_a_regression_Data_extract_spec_elements_are_initialized_with_the_default_values_specified_by_response_and_regressor_arg."/>
    <testcase time="6.35199999999998" classname="shinytest2_tm_a_regression" name="e2e_tm_a_regression_Plot_type_is_set_properly."/>
    <testcase time="4.77300000000002" classname="shinytest2_tm_a_regression" name="e2e_tm_a_regression_Plot_type_has_7_specific_choices_changing_choices_does_not_throw_errors."/>
    <testcase time="1.91199999999998" classname="shinytest2_tm_a_regression" name="e2e_tm_a_regression_Plot_type_has_7_specific_choices_changing_choices_does_not_throw_errors."/>
    <testcase time="0.00100000000000477" classname="shinytest2_tm_a_regression" name="e2e_tm_a_regression_Plot_type_has_7_specific_choices_changing_choices_does_not_throw_errors."/>
    <testcase time="1.00800000000001" classname="shinytest2_tm_a_regression" name="e2e_tm_a_regression_Plot_type_has_7_specific_choices_changing_choices_does_not_throw_errors."/>
    <testcase time="0.00199999999998113" classname="shinytest2_tm_a_regression" name="e2e_tm_a_regression_Plot_type_has_7_specific_choices_changing_choices_does_not_throw_errors."/>
    <testcase time="1.26500000000001" classname="shinytest2_tm_a_regression" name="e2e_tm_a_regression_Plot_type_has_7_specific_choices_changing_choices_does_not_throw_errors."/>
    <testcase time="0.00100000000000477" classname="shinytest2_tm_a_regression" name="e2e_tm_a_regression_Plot_type_has_7_specific_choices_changing_choices_does_not_throw_errors."/>
    <testcase time="1.00299999999999" classname="shinytest2_tm_a_regression" name="e2e_tm_a_regression_Plot_type_has_7_specific_choices_changing_choices_does_not_throw_errors."/>
    <testcase time="0.00100000000000477" classname="shinytest2_tm_a_regression" name="e2e_tm_a_regression_Plot_type_has_7_specific_choices_changing_choices_does_not_throw_errors."/>
    <testcase time="0.99799999999999" classname="shinytest2_tm_a_regression" name="e2e_tm_a_regression_Plot_type_has_7_specific_choices_changing_choices_does_not_throw_errors."/>
    <testcase time="0.00200000000000955" classname="shinytest2_tm_a_regression" name="e2e_tm_a_regression_Plot_type_has_7_specific_choices_changing_choices_does_not_throw_errors."/>
    <testcase time="1.21899999999999" classname="shinytest2_tm_a_regression" name="e2e_tm_a_regression_Plot_type_has_7_specific_choices_changing_choices_does_not_throw_errors."/>
    <testcase time="0.00200000000000955" classname="shinytest2_tm_a_regression" name="e2e_tm_a_regression_Plot_type_has_7_specific_choices_changing_choices_does_not_throw_errors."/>
    <testcase time="1.04300000000001" classname="shinytest2_tm_a_regression" name="e2e_tm_a_regression_Plot_type_has_7_specific_choices_changing_choices_does_not_throw_errors."/>
    <testcase time="4.84299999999999" classname="shinytest2_tm_a_regression" name="e2e_tm_a_regression_Outlier_definition_and_label_are_visible_by_default."/>
    <testcase time="2.10500000000002" classname="shinytest2_tm_a_regression" name="e2e_tm_a_regression_Outlier_definition_and_label_are_visible_by_default."/>
    <testcase time="2.08999999999997" classname="shinytest2_tm_a_regression" name="e2e_tm_a_regression_Outlier_definition_and_label_are_visible_by_default."/>
    <testcase time="4.81700000000001" classname="shinytest2_tm_a_regression" name="e2e_tm_a_regression_Outlier_definition_and_label_have_default_values_and_label_text."/>
    <testcase time="0.00499999999999545" classname="shinytest2_tm_a_regression" name="e2e_tm_a_regression_Outlier_definition_and_label_have_default_values_and_label_text."/>
    <testcase time="0.00100000000000477" classname="shinytest2_tm_a_regression" name="e2e_tm_a_regression_Outlier_definition_and_label_have_default_values_and_label_text."/>
    <testcase time="0.0889999999999986" classname="shinytest2_tm_a_regression" name="e2e_tm_a_regression_Outlier_definition_and_label_have_default_values_and_label_text."/>
    <testcase time="0.0519999999999925" classname="shinytest2_tm_a_regression" name="e2e_tm_a_regression_Outlier_definition_and_label_have_default_values_and_label_text."/>
    <testcase time="7.965" classname="shinytest2_tm_a_regression" name="e2e_tm_a_regression_Unchecking_display_outlier_hides_outlier_label_and_definition."/>
    <testcase time="2.09800000000001" classname="shinytest2_tm_a_regression" name="e2e_tm_a_regression_Unchecking_display_outlier_hides_outlier_label_and_definition."/>
    <testcase time="0.007000000000005" classname="shinytest2_tm_a_regression" name="e2e_tm_a_regression_Unchecking_display_outlier_hides_outlier_label_and_definition."/>
  </testsuite>
  <testsuite name="shinytest2-tm_data_table" timestamp="2024-12-11T13:14:10Z" hostname="f17b86de3dda" tests="10" skipped="0" failures="0" errors="0" time="19.594">
    <testcase time="3.995" classname="shinytest2_tm_data_table" name="e2e_tm_data_table_Initializes_without_errors"/>
    <testcase time="0.00499999999999545" classname="shinytest2_tm_data_table" name="e2e_tm_data_table_Initializes_without_errors"/>
    <testcase time="3.98999999999998" classname="shinytest2_tm_data_table" name="e2e_tm_data_table_Verify_checkbox_displayed_over_data_table"/>
    <testcase time="4.02800000000002" classname="shinytest2_tm_data_table" name="e2e_tm_data_table_Verify_module_displays_data_table"/>
    <testcase time="2.07899999999998" classname="shinytest2_tm_data_table" name="e2e_tm_data_table_Verify_module_displays_data_table"/>
    <testcase time="0.0200000000000102" classname="shinytest2_tm_data_table" name="e2e_tm_data_table_Verify_module_displays_data_table"/>
    <testcase time="0.787000000000006" classname="shinytest2_tm_data_table" name="e2e_tm_data_table_Verify_module_displays_data_table"/>
    <testcase time="3.94299999999998" classname="shinytest2_tm_data_table" name="e2e_tm_data_table_Verify_default_variable_selection_and_set_new_selection"/>
    <testcase time="0.738" classname="shinytest2_tm_data_table" name="e2e_tm_data_table_Verify_default_variable_selection_and_set_new_selection"/>
    <testcase time="0.00900000000001455" classname="shinytest2_tm_data_table" name="e2e_tm_data_table_Verify_default_variable_selection_and_set_new_selection"/>
  </testsuite>
  <testsuite name="shinytest2-tm_file_viewer" timestamp="2024-12-11T13:14:29Z" hostname="f17b86de3dda" tests="13" skipped="0" failures="0" errors="0" time="30.007">
    <testcase time="3.858" classname="shinytest2_tm_file_viewer" name="e2e_tm_file_viewer_Initializes_without_errors_and_shows_files_tree_specified_in_input_path_argument"/>
    <testcase time="0.00600000000000023" classname="shinytest2_tm_file_viewer" name="e2e_tm_file_viewer_Initializes_without_errors_and_shows_files_tree_specified_in_input_path_argument"/>
    <testcase time="2.06100000000001" classname="shinytest2_tm_file_viewer" name="e2e_tm_file_viewer_Initializes_without_errors_and_shows_files_tree_specified_in_input_path_argument"/>
    <testcase time="0.0249999999999773" classname="shinytest2_tm_file_viewer" name="e2e_tm_file_viewer_Initializes_without_errors_and_shows_files_tree_specified_in_input_path_argument"/>
    <testcase time="0.00499999999999545" classname="shinytest2_tm_file_viewer" name="e2e_tm_file_viewer_Initializes_without_errors_and_shows_files_tree_specified_in_input_path_argument"/>
    <testcase time="7.92500000000001" classname="shinytest2_tm_file_viewer" name="e2e_tm_file_viewer_Shows_selected_image_file"/>
    <testcase time="0.007000000000005" classname="shinytest2_tm_file_viewer" name="e2e_tm_file_viewer_Shows_selected_image_file"/>
    <testcase time="7.952" classname="shinytest2_tm_file_viewer" name="e2e_tm_file_viewer_Shows_selected_text_file"/>
    <testcase time="0.007000000000005" classname="shinytest2_tm_file_viewer" name="e2e_tm_file_viewer_Shows_selected_text_file"/>
    <testcase time="0.0029999999999859" classname="shinytest2_tm_file_viewer" name="e2e_tm_file_viewer_Shows_selected_text_file"/>
    <testcase time="0.134000000000015" classname="shinytest2_tm_file_viewer" name="e2e_tm_file_viewer_Shows_selected_text_file"/>
    <testcase time="7.93600000000001" classname="shinytest2_tm_file_viewer" name="e2e_tm_file_viewer_Shows_selected_url"/>
    <testcase time="0.0879999999999939" classname="shinytest2_tm_file_viewer" name="e2e_tm_file_viewer_Shows_selected_url"/>
  </testsuite>
  <testsuite name="shinytest2-tm_front_page" timestamp="2024-12-11T13:14:59Z" hostname="f17b86de3dda" tests="9" skipped="0" failures="0" errors="0" time="21.335">
    <testcase time="4.05599999999998" classname="shinytest2_tm_front_page" name="e2e_tm_front_page_Initializes_without_errors_and_check_html_elements"/>
    <testcase time="0.0040000000000191" classname="shinytest2_tm_front_page" name="e2e_tm_front_page_Initializes_without_errors_and_check_html_elements"/>
    <testcase time="0.00699999999997658" classname="shinytest2_tm_front_page" name="e2e_tm_front_page_Initializes_without_errors_and_check_html_elements"/>
    <testcase time="0.007000000000005" classname="shinytest2_tm_front_page" name="e2e_tm_front_page_Initializes_without_errors_and_check_html_elements"/>
    <testcase time="4.166" classname="shinytest2_tm_front_page" name="e2e_tm_front_page_Verify_the_module_displays_tables"/>
    <testcase time="2.066" classname="shinytest2_tm_front_page" name="e2e_tm_front_page_Verify_the_module_displays_tables"/>
    <testcase time="0.0620000000000118" classname="shinytest2_tm_front_page" name="e2e_tm_front_page_Verify_the_module_displays_tables"/>
    <testcase time="2.06299999999999" classname="shinytest2_tm_front_page" name="e2e_tm_front_page_Verify_the_module_displays_tables"/>
    <testcase time="8.904" classname="shinytest2_tm_front_page" name="e2e_tm_front_page_Verify_the_module_displays_metadata"/>
  </testsuite>
  <testsuite name="shinytest2-tm_g_association" timestamp="2024-12-11T13:15:21Z" hostname="f17b86de3dda" tests="13" skipped="0" failures="0" errors="0" time="31.498">
    <testcase time="6.06100000000004" classname="shinytest2_tm_g_association" name="e2e_tm_g_association_Data_parameter_and_module_label_is_passed_properly."/>
    <testcase time="0.00399999999996226" classname="shinytest2_tm_g_association" name="e2e_tm_g_association_Data_parameter_and_module_label_is_passed_properly."/>
    <testcase time="0.00499999999999545" classname="shinytest2_tm_g_association" name="e2e_tm_g_association_Data_parameter_and_module_label_is_passed_properly."/>
    <testcase time="6.11400000000003" classname="shinytest2_tm_g_association" name="e2e_tm_g_association_Data_extract_spec_elements_are_initialized_with_the_default_values_specified_by_ref_and_vars_arguments."/>
    <testcase time="1.01599999999996" classname="shinytest2_tm_g_association" name="e2e_tm_g_association_Data_extract_spec_elements_are_initialized_with_the_default_values_specified_by_ref_and_vars_arguments."/>
    <testcase time="0.00900000000001455" classname="shinytest2_tm_g_association" name="e2e_tm_g_association_Data_extract_spec_elements_are_initialized_with_the_default_values_specified_by_ref_and_vars_arguments."/>
    <testcase time="0.949999999999989" classname="shinytest2_tm_g_association" name="e2e_tm_g_association_Data_extract_spec_elements_are_initialized_with_the_default_values_specified_by_ref_and_vars_arguments."/>
    <testcase time="8.18600000000004" classname="shinytest2_tm_g_association" name="e2e_tm_g_association_Module_plot_is_visible."/>
    <testcase time="6.15899999999999" classname="shinytest2_tm_g_association" name="e2e_tm_g_association_Check_and_set_default_values_for_radio_buttons."/>
    <testcase time="0.0539999999999736" classname="shinytest2_tm_g_association" name="e2e_tm_g_association_Check_and_set_default_values_for_radio_buttons."/>
    <testcase time="0.0520000000000209" classname="shinytest2_tm_g_association" name="e2e_tm_g_association_Check_and_set_default_values_for_radio_buttons."/>
    <testcase time="2.88200000000001" classname="shinytest2_tm_g_association" name="e2e_tm_g_association_Check_and_set_default_values_for_radio_buttons."/>
    <testcase time="0.00599999999997181" classname="shinytest2_tm_g_association" name="e2e_tm_g_association_Check_and_set_default_values_for_radio_buttons."/>
  </testsuite>
  <testsuite name="shinytest2-tm_g_bivariate" timestamp="2024-12-11T13:15:52Z" hostname="f17b86de3dda" tests="44" skipped="0" failures="0" errors="0" time="75.136">
    <testcase time="5.47300000000001" classname="shinytest2_tm_g_bivariate" name="e2e_tm_g_bivariate_Module_is_initialised_with_the_specified_defaults."/>
    <testcase time="0.0889999999999986" classname="shinytest2_tm_g_bivariate" name="e2e_tm_g_bivariate_Module_is_initialised_with_the_specified_defaults."/>
    <testcase time="0.0520000000000209" classname="shinytest2_tm_g_bivariate" name="e2e_tm_g_bivariate_Module_is_initialised_with_the_specified_defaults."/>
    <testcase time="0.0529999999999973" classname="shinytest2_tm_g_bivariate" name="e2e_tm_g_bivariate_Module_is_initialised_with_the_specified_defaults."/>
    <testcase time="0.0509999999999877" classname="shinytest2_tm_g_bivariate" name="e2e_tm_g_bivariate_Module_is_initialised_with_the_specified_defaults."/>
    <testcase time="0.0520000000000209" classname="shinytest2_tm_g_bivariate" name="e2e_tm_g_bivariate_Module_is_initialised_with_the_specified_defaults."/>
    <testcase time="0.0539999999999736" classname="shinytest2_tm_g_bivariate" name="e2e_tm_g_bivariate_Module_is_initialised_with_the_specified_defaults."/>
    <testcase time="0.0500000000000114" classname="shinytest2_tm_g_bivariate" name="e2e_tm_g_bivariate_Module_is_initialised_with_the_specified_defaults."/>
    <testcase time="0.0520000000000209" classname="shinytest2_tm_g_bivariate" name="e2e_tm_g_bivariate_Module_is_initialised_with_the_specified_defaults."/>
    <testcase time="0.0569999999999595" classname="shinytest2_tm_g_bivariate" name="e2e_tm_g_bivariate_Module_is_initialised_with_the_specified_defaults."/>
    <testcase time="0.0529999999999973" classname="shinytest2_tm_g_bivariate" name="e2e_tm_g_bivariate_Module_is_initialised_with_the_specified_defaults."/>
    <testcase time="0.0520000000000209" classname="shinytest2_tm_g_bivariate" name="e2e_tm_g_bivariate_Module_is_initialised_with_the_specified_defaults."/>
    <testcase time="0.0509999999999877" classname="shinytest2_tm_g_bivariate" name="e2e_tm_g_bivariate_Module_is_initialised_with_the_specified_defaults."/>
    <testcase time="0.0520000000000209" classname="shinytest2_tm_g_bivariate" name="e2e_tm_g_bivariate_Module_is_initialised_with_the_specified_defaults."/>
    <testcase time="0.0500000000000114" classname="shinytest2_tm_g_bivariate" name="e2e_tm_g_bivariate_Module_is_initialised_with_the_specified_defaults."/>
    <testcase time="0.0520000000000209" classname="shinytest2_tm_g_bivariate" name="e2e_tm_g_bivariate_Module_is_initialised_with_the_specified_defaults."/>
    <testcase time="0.0519999999999641" classname="shinytest2_tm_g_bivariate" name="e2e_tm_g_bivariate_Module_is_initialised_with_the_specified_defaults."/>
    <testcase time="0.0540000000000305" classname="shinytest2_tm_g_bivariate" name="e2e_tm_g_bivariate_Module_is_initialised_with_the_specified_defaults."/>
    <testcase time="7.536" classname="shinytest2_tm_g_bivariate" name="e2e_tm_g_bivariate_Coloring_options_are_hidden_when_coloring_is_toggled_off."/>
    <testcase time="2.10399999999998" classname="shinytest2_tm_g_bivariate" name="e2e_tm_g_bivariate_Coloring_options_are_hidden_when_coloring_is_toggled_off."/>
    <testcase time="2.10199999999998" classname="shinytest2_tm_g_bivariate" name="e2e_tm_g_bivariate_Coloring_options_are_hidden_when_coloring_is_toggled_off."/>
    <testcase time="3.30200000000002" classname="shinytest2_tm_g_bivariate" name="e2e_tm_g_bivariate_Coloring_options_are_hidden_when_coloring_is_toggled_off."/>
    <testcase time="2.10300000000001" classname="shinytest2_tm_g_bivariate" name="e2e_tm_g_bivariate_Coloring_options_are_hidden_when_coloring_is_toggled_off."/>
    <testcase time="2.10599999999999" classname="shinytest2_tm_g_bivariate" name="e2e_tm_g_bivariate_Coloring_options_are_hidden_when_coloring_is_toggled_off."/>
    <testcase time="7.529" classname="shinytest2_tm_g_bivariate" name="e2e_tm_g_bivariate_Facetting_options_are_hidden_when_facet_is_toggled_off."/>
    <testcase time="2.10200000000003" classname="shinytest2_tm_g_bivariate" name="e2e_tm_g_bivariate_Facetting_options_are_hidden_when_facet_is_toggled_off."/>
    <testcase time="2.101" classname="shinytest2_tm_g_bivariate" name="e2e_tm_g_bivariate_Facetting_options_are_hidden_when_facet_is_toggled_off."/>
    <testcase time="2.10399999999998" classname="shinytest2_tm_g_bivariate" name="e2e_tm_g_bivariate_Facetting_options_are_hidden_when_facet_is_toggled_off."/>
    <testcase time="3.40299999999996" classname="shinytest2_tm_g_bivariate" name="e2e_tm_g_bivariate_Facetting_options_are_hidden_when_facet_is_toggled_off."/>
    <testcase time="2.09500000000003" classname="shinytest2_tm_g_bivariate" name="e2e_tm_g_bivariate_Facetting_options_are_hidden_when_facet_is_toggled_off."/>
    <testcase time="2.09499999999997" classname="shinytest2_tm_g_bivariate" name="e2e_tm_g_bivariate_Facetting_options_are_hidden_when_facet_is_toggled_off."/>
    <testcase time="2.09500000000003" classname="shinytest2_tm_g_bivariate" name="e2e_tm_g_bivariate_Facetting_options_are_hidden_when_facet_is_toggled_off."/>
    <testcase time="6.67000000000002" classname="shinytest2_tm_g_bivariate" name="e2e_tm_g_bivariate_Setting_encoding_inputs_produces_outputs_without_validation_errors."/>
    <testcase time="0.524000000000001" classname="shinytest2_tm_g_bivariate" name="e2e_tm_g_bivariate_Setting_encoding_inputs_produces_outputs_without_validation_errors."/>
    <testcase time="1.21899999999999" classname="shinytest2_tm_g_bivariate" name="e2e_tm_g_bivariate_Setting_encoding_inputs_produces_outputs_without_validation_errors."/>
    <testcase time="2.23099999999999" classname="shinytest2_tm_g_bivariate" name="e2e_tm_g_bivariate_Setting_encoding_inputs_produces_outputs_without_validation_errors."/>
    <testcase time="1.21500000000003" classname="shinytest2_tm_g_bivariate" name="e2e_tm_g_bivariate_Setting_encoding_inputs_produces_outputs_without_validation_errors."/>
    <testcase time="1.84999999999997" classname="shinytest2_tm_g_bivariate" name="e2e_tm_g_bivariate_Setting_encoding_inputs_produces_outputs_without_validation_errors."/>
    <testcase time="1.86400000000003" classname="shinytest2_tm_g_bivariate" name="e2e_tm_g_bivariate_Setting_encoding_inputs_produces_outputs_without_validation_errors."/>
    <testcase time="1.94399999999996" classname="shinytest2_tm_g_bivariate" name="e2e_tm_g_bivariate_Setting_encoding_inputs_produces_outputs_without_validation_errors."/>
    <testcase time="2.00500000000005" classname="shinytest2_tm_g_bivariate" name="e2e_tm_g_bivariate_Setting_encoding_inputs_produces_outputs_without_validation_errors."/>
    <testcase time="2.13" classname="shinytest2_tm_g_bivariate" name="e2e_tm_g_bivariate_Setting_encoding_inputs_produces_outputs_without_validation_errors."/>
    <testcase time="2.15999999999997" classname="shinytest2_tm_g_bivariate" name="e2e_tm_g_bivariate_Setting_encoding_inputs_produces_outputs_without_validation_errors."/>
    <testcase time="2.14800000000002" classname="shinytest2_tm_g_bivariate" name="e2e_tm_g_bivariate_Setting_encoding_inputs_produces_outputs_without_validation_errors."/>
  </testsuite>
  <testsuite name="shinytest2-tm_g_distribution" timestamp="2024-12-11T13:17:32Z" hostname="f17b86de3dda" tests="21" skipped="0" failures="0" errors="0" time="60.09">
    <testcase time="30.525" classname="shinytest2_tm_g_distribution" name="e2e_tm_g_distribution_Module_is_initialised_with_the_specified_defaults."/>
    <testcase time="0.049000000000035" classname="shinytest2_tm_g_distribution" name="e2e_tm_g_distribution_Module_is_initialised_with_the_specified_defaults."/>
    <testcase time="0.0509999999999877" classname="shinytest2_tm_g_distribution" name="e2e_tm_g_distribution_Module_is_initialised_with_the_specified_defaults."/>
    <testcase time="0.0519999999999641" classname="shinytest2_tm_g_distribution" name="e2e_tm_g_distribution_Module_is_initialised_with_the_specified_defaults."/>
    <testcase time="0.0529999999999973" classname="shinytest2_tm_g_distribution" name="e2e_tm_g_distribution_Module_is_initialised_with_the_specified_defaults."/>
    <testcase time="0.0500000000000114" classname="shinytest2_tm_g_distribution" name="e2e_tm_g_distribution_Module_is_initialised_with_the_specified_defaults."/>
    <testcase time="0.05600000000004" classname="shinytest2_tm_g_distribution" name="e2e_tm_g_distribution_Module_is_initialised_with_the_specified_defaults."/>
    <testcase time="0.0519999999999641" classname="shinytest2_tm_g_distribution" name="e2e_tm_g_distribution_Module_is_initialised_with_the_specified_defaults."/>
    <testcase time="0.0520000000000209" classname="shinytest2_tm_g_distribution" name="e2e_tm_g_distribution_Module_is_initialised_with_the_specified_defaults."/>
    <testcase time="0.557000000000016" classname="shinytest2_tm_g_distribution" name="e2e_tm_g_distribution_Module_is_initialised_with_the_specified_defaults."/>
    <testcase time="6.40099999999995" classname="shinytest2_tm_g_distribution" name="e2e_tm_g_distribution_Histogram_encoding_inputs_produce_output_without_validation_errors."/>
    <testcase time="2.58199999999999" classname="shinytest2_tm_g_distribution" name="e2e_tm_g_distribution_Histogram_encoding_inputs_produce_output_without_validation_errors."/>
    <testcase time="1.42400000000004" classname="shinytest2_tm_g_distribution" name="e2e_tm_g_distribution_Histogram_encoding_inputs_produce_output_without_validation_errors."/>
    <testcase time="1.00700000000001" classname="shinytest2_tm_g_distribution" name="e2e_tm_g_distribution_Histogram_encoding_inputs_produce_output_without_validation_errors."/>
    <testcase time="1.73099999999999" classname="shinytest2_tm_g_distribution" name="e2e_tm_g_distribution_Histogram_encoding_inputs_produce_output_without_validation_errors."/>
    <testcase time="1.70699999999999" classname="shinytest2_tm_g_distribution" name="e2e_tm_g_distribution_Histogram_encoding_inputs_produce_output_without_validation_errors."/>
    <testcase time="1.18000000000001" classname="shinytest2_tm_g_distribution" name="e2e_tm_g_distribution_Histogram_encoding_inputs_produce_output_without_validation_errors."/>
    <testcase time="0.930999999999983" classname="shinytest2_tm_g_distribution" name="e2e_tm_g_distribution_Histogram_encoding_inputs_produce_output_without_validation_errors."/>
    <testcase time="6.37900000000002" classname="shinytest2_tm_g_distribution" name="e2e_tm_g_distribution_QQ_plot_encoding_inputs_produce_output_without_validation_errors."/>
    <testcase time="0.947000000000003" classname="shinytest2_tm_g_distribution" name="e2e_tm_g_distribution_QQ_plot_encoding_inputs_produce_output_without_validation_errors."/>
    <testcase time="4.30399999999997" classname="shinytest2_tm_g_distribution" name="e2e_tm_g_distribution_QQ_plot_encoding_inputs_produce_output_without_validation_errors."/>
  </testsuite>
  <testsuite name="shinytest2-tm_g_response" timestamp="2024-12-11T13:18:07Z" hostname="f17b86de3dda" tests="17" skipped="0" failures="0" errors="0" time="29.632">
    <testcase time="5.13200000000001" classname="shinytest2_tm_g_response" name="e2e_tm_g_response_module_is_initialised_with_the_specified_defaults."/>
    <testcase time="0.0880000000000223" classname="shinytest2_tm_g_response" name="e2e_tm_g_response_module_is_initialised_with_the_specified_defaults."/>
    <testcase time="0.0500000000000114" classname="shinytest2_tm_g_response" name="e2e_tm_g_response_module_is_initialised_with_the_specified_defaults."/>
    <testcase time="0.0519999999999641" classname="shinytest2_tm_g_response" name="e2e_tm_g_response_module_is_initialised_with_the_specified_defaults."/>
    <testcase time="0.0529999999999973" classname="shinytest2_tm_g_response" name="e2e_tm_g_response_module_is_initialised_with_the_specified_defaults."/>
    <testcase time="0.0529999999999973" classname="shinytest2_tm_g_response" name="e2e_tm_g_response_module_is_initialised_with_the_specified_defaults."/>
    <testcase time="0.0510000000000446" classname="shinytest2_tm_g_response" name="e2e_tm_g_response_module_is_initialised_with_the_specified_defaults."/>
    <testcase time="0.0500000000000114" classname="shinytest2_tm_g_response" name="e2e_tm_g_response_module_is_initialised_with_the_specified_defaults."/>
    <testcase time="6.35199999999998" classname="shinytest2_tm_g_response" name="e2e_tm_g_response_encoding_inputs_produce_output_without_validation_errors."/>
    <testcase time="1.154" classname="shinytest2_tm_g_response" name="e2e_tm_g_response_encoding_inputs_produce_output_without_validation_errors."/>
    <testcase time="1.06700000000001" classname="shinytest2_tm_g_response" name="e2e_tm_g_response_encoding_inputs_produce_output_without_validation_errors."/>
    <testcase time="0.973000000000013" classname="shinytest2_tm_g_response" name="e2e_tm_g_response_encoding_inputs_produce_output_without_validation_errors."/>
    <testcase time="0.998999999999967" classname="shinytest2_tm_g_response" name="e2e_tm_g_response_encoding_inputs_produce_output_without_validation_errors."/>
    <testcase time="1.00700000000001" classname="shinytest2_tm_g_response" name="e2e_tm_g_response_encoding_inputs_produce_output_without_validation_errors."/>
    <testcase time="1.03400000000005" classname="shinytest2_tm_g_response" name="e2e_tm_g_response_encoding_inputs_produce_output_without_validation_errors."/>
    <testcase time="5.726" classname="shinytest2_tm_g_response" name="e2e_tm_g_response_deselecting_response_produces_validation_error."/>
    <testcase time="5.791" classname="shinytest2_tm_g_response" name="e2e_tm_g_response_deselecting_x_produces_validation_error."/>
  </testsuite>
  <testsuite name="shinytest2-tm_g_scatterplot" timestamp="2024-12-11T13:18:37Z" hostname="f17b86de3dda" tests="35" skipped="0" failures="0" errors="0" time="74.549">
    <testcase time="5.28999999999996" classname="shinytest2_tm_g_scatterplot" name="e2e_tm_g_scatterplot_Module_is_initialised_with_the_specified_defaults."/>
    <testcase time="0.0480000000000018" classname="shinytest2_tm_g_scatterplot" name="e2e_tm_g_scatterplot_Module_is_initialised_with_the_specified_defaults."/>
    <testcase time="0.0509999999999877" classname="shinytest2_tm_g_scatterplot" name="e2e_tm_g_scatterplot_Module_is_initialised_with_the_specified_defaults."/>
    <testcase time="0.0580000000000496" classname="shinytest2_tm_g_scatterplot" name="e2e_tm_g_scatterplot_Module_is_initialised_with_the_specified_defaults."/>
    <testcase time="0.0519999999999641" classname="shinytest2_tm_g_scatterplot" name="e2e_tm_g_scatterplot_Module_is_initialised_with_the_specified_defaults."/>
    <testcase time="0.0520000000000209" classname="shinytest2_tm_g_scatterplot" name="e2e_tm_g_scatterplot_Module_is_initialised_with_the_specified_defaults."/>
    <testcase time="0.0500000000000114" classname="shinytest2_tm_g_scatterplot" name="e2e_tm_g_scatterplot_Module_is_initialised_with_the_specified_defaults."/>
    <testcase time="0.0529999999999973" classname="shinytest2_tm_g_scatterplot" name="e2e_tm_g_scatterplot_Module_is_initialised_with_the_specified_defaults."/>
    <testcase time="0.0519999999999641" classname="shinytest2_tm_g_scatterplot" name="e2e_tm_g_scatterplot_Module_is_initialised_with_the_specified_defaults."/>
    <testcase time="0.0509999999999877" classname="shinytest2_tm_g_scatterplot" name="e2e_tm_g_scatterplot_Module_is_initialised_with_the_specified_defaults."/>
    <testcase time="0.0520000000000209" classname="shinytest2_tm_g_scatterplot" name="e2e_tm_g_scatterplot_Module_is_initialised_with_the_specified_defaults."/>
    <testcase time="0.0520000000000209" classname="shinytest2_tm_g_scatterplot" name="e2e_tm_g_scatterplot_Module_is_initialised_with_the_specified_defaults."/>
    <testcase time="0.0519999999999641" classname="shinytest2_tm_g_scatterplot" name="e2e_tm_g_scatterplot_Module_is_initialised_with_the_specified_defaults."/>
    <testcase time="0.0540000000000305" classname="shinytest2_tm_g_scatterplot" name="e2e_tm_g_scatterplot_Module_is_initialised_with_the_specified_defaults."/>
    <testcase time="0.0509999999999877" classname="shinytest2_tm_g_scatterplot" name="e2e_tm_g_scatterplot_Module_is_initialised_with_the_specified_defaults."/>
    <testcase time="0.0509999999999877" classname="shinytest2_tm_g_scatterplot" name="e2e_tm_g_scatterplot_Module_is_initialised_with_the_specified_defaults."/>
    <testcase time="6.226" classname="shinytest2_tm_g_scatterplot" name="e2e_tm_g_scatterplot_Base_for_the_log_transformation_can_be_applied."/>
    <testcase time="0.819000000000017" classname="shinytest2_tm_g_scatterplot" name="e2e_tm_g_scatterplot_Base_for_the_log_transformation_can_be_applied."/>
    <testcase time="1.05799999999999" classname="shinytest2_tm_g_scatterplot" name="e2e_tm_g_scatterplot_Base_for_the_log_transformation_can_be_applied."/>
    <testcase time="0.838000000000022" classname="shinytest2_tm_g_scatterplot" name="e2e_tm_g_scatterplot_Base_for_the_log_transformation_can_be_applied."/>
    <testcase time="6.81899999999996" classname="shinytest2_tm_g_scatterplot" name="e2e_tm_g_scatterplot_The_log_transform_is_only_possible_for_positive_numeric_vars."/>
    <testcase time="0.899000000000001" classname="shinytest2_tm_g_scatterplot" name="e2e_tm_g_scatterplot_The_log_transform_is_only_possible_for_positive_numeric_vars."/>
    <testcase time="1.61600000000004" classname="shinytest2_tm_g_scatterplot" name="e2e_tm_g_scatterplot_The_log_transform_is_only_possible_for_positive_numeric_vars."/>
    <testcase time="7.32099999999997" classname="shinytest2_tm_g_scatterplot" name="e2e_tm_g_scatterplot_Get_validation_error_when_facetting_with_the_same_row_col_variable."/>
    <testcase time="6.51499999999999" classname="shinytest2_tm_g_scatterplot" name="e2e_tm_g_scatterplot_The_encoding_inputs_produce_output_without_validation_errors."/>
    <testcase time="0.984000000000037" classname="shinytest2_tm_g_scatterplot" name="e2e_tm_g_scatterplot_The_encoding_inputs_produce_output_without_validation_errors."/>
    <testcase time="1.36799999999999" classname="shinytest2_tm_g_scatterplot" name="e2e_tm_g_scatterplot_The_encoding_inputs_produce_output_without_validation_errors."/>
    <testcase time="1.77600000000001" classname="shinytest2_tm_g_scatterplot" name="e2e_tm_g_scatterplot_The_encoding_inputs_produce_output_without_validation_errors."/>
    <testcase time="1.74599999999998" classname="shinytest2_tm_g_scatterplot" name="e2e_tm_g_scatterplot_The_encoding_inputs_produce_output_without_validation_errors."/>
    <testcase time="1.73599999999999" classname="shinytest2_tm_g_scatterplot" name="e2e_tm_g_scatterplot_The_encoding_inputs_produce_output_without_validation_errors."/>
    <testcase time="1.52000000000004" classname="shinytest2_tm_g_scatterplot" name="e2e_tm_g_scatterplot_The_encoding_inputs_produce_output_without_validation_errors."/>
    <testcase time="20.5309999999999" classname="shinytest2_tm_g_scatterplot" name="e2e_tm_g_scatterplot_The_encoding_inputs_produce_output_without_validation_errors."/>
    <testcase time="1.61200000000008" classname="shinytest2_tm_g_scatterplot" name="e2e_tm_g_scatterplot_The_encoding_inputs_produce_output_without_validation_errors."/>
    <testcase time="3.00399999999991" classname="shinytest2_tm_g_scatterplot" name="e2e_tm_g_scatterplot_The_encoding_inputs_produce_output_without_validation_errors."/>
    <testcase time="2.09199999999998" classname="shinytest2_tm_g_scatterplot" name="e2e_tm_g_scatterplot_The_encoding_inputs_produce_output_without_validation_errors."/>
  </testsuite>
  <testsuite name="shinytest2-tm_g_scatterplotmatrix" timestamp="2024-12-11T13:19:52Z" hostname="f17b86de3dda" tests="9" skipped="0" failures="0" errors="0" time="27.985">
    <testcase time="5.09800000000007" classname="shinytest2_tm_g_scatterplotmatrix" name="e2e_tm_g_scatterplotmatrix_Initializes_without_errors"/>
    <testcase time="0.00499999999999545" classname="shinytest2_tm_g_scatterplotmatrix" name="e2e_tm_g_scatterplotmatrix_Initializes_without_errors"/>
    <testcase time="0.0040000000000191" classname="shinytest2_tm_g_scatterplotmatrix" name="e2e_tm_g_scatterplotmatrix_Initializes_without_errors"/>
    <testcase time="7.21899999999994" classname="shinytest2_tm_g_scatterplotmatrix" name="e2e_tm_g_scatterplotmatrix_Verify_module_displays_data_table"/>
    <testcase time="5.154" classname="shinytest2_tm_g_scatterplotmatrix" name="e2e_tm_g_scatterplotmatrix_Verify_default_values_and_settings_data_extracts_for_data_selection"/>
    <testcase time="0.00200000000006639" classname="shinytest2_tm_g_scatterplotmatrix" name="e2e_tm_g_scatterplotmatrix_Verify_default_values_and_settings_data_extracts_for_data_selection"/>
    <testcase time="1.40099999999995" classname="shinytest2_tm_g_scatterplotmatrix" name="e2e_tm_g_scatterplotmatrix_Verify_default_values_and_settings_data_extracts_for_data_selection"/>
    <testcase time="6.53999999999996" classname="shinytest2_tm_g_scatterplotmatrix" name="e2e_tm_g_scatterplotmatrix_Change_plot_settings"/>
    <testcase time="2.56200000000001" classname="shinytest2_tm_g_scatterplotmatrix" name="e2e_tm_g_scatterplotmatrix_Change_plot_settings"/>
  </testsuite>
  <testsuite name="shinytest2-tm_misssing_data" timestamp="2024-12-11T13:20:20Z" hostname="f17b86de3dda" tests="26" skipped="0" failures="0" errors="0" time="48.624">
    <testcase time="0.235000000000014" classname="shinytest2_tm_misssing_data" name="e2e_tm_missing_data_Initializes_without_errors"/>
    <testcase time="5.28300000000002" classname="shinytest2_tm_misssing_data" name="e2e_tm_missing_data_Initializes_without_errors"/>
    <testcase time="0.00499999999999545" classname="shinytest2_tm_misssing_data" name="e2e_tm_missing_data_Initializes_without_errors"/>
    <testcase time="0.0040000000000191" classname="shinytest2_tm_misssing_data" name="e2e_tm_missing_data_Initializes_without_errors"/>
    <testcase time="0.238000000000056" classname="shinytest2_tm_misssing_data" name="e2e_tm_missing_data_Default_settings_and_visibility_of_the_summary_graph"/>
    <testcase time="5.42199999999991" classname="shinytest2_tm_misssing_data" name="e2e_tm_missing_data_Default_settings_and_visibility_of_the_summary_graph"/>
    <testcase time="0.0520000000000209" classname="shinytest2_tm_misssing_data" name="e2e_tm_missing_data_Default_settings_and_visibility_of_the_summary_graph"/>
    <testcase time="3.024" classname="shinytest2_tm_misssing_data" name="e2e_tm_missing_data_Default_settings_and_visibility_of_the_summary_graph"/>
    <testcase time="2.76999999999998" classname="shinytest2_tm_misssing_data" name="e2e_tm_missing_data_Default_settings_and_visibility_of_the_summary_graph"/>
    <testcase time="2.10300000000007" classname="shinytest2_tm_misssing_data" name="e2e_tm_missing_data_Default_settings_and_visibility_of_the_summary_graph"/>
    <testcase time="0.221000000000004" classname="shinytest2_tm_misssing_data" name="e2e_tm_missing_data_Check_default_settings_and_visibility_of_the_combinations_graph_and_encodings"/>
    <testcase time="5.34100000000001" classname="shinytest2_tm_misssing_data" name="e2e_tm_missing_data_Check_default_settings_and_visibility_of_the_combinations_graph_and_encodings"/>
    <testcase time="1.577" classname="shinytest2_tm_misssing_data" name="e2e_tm_missing_data_Check_default_settings_and_visibility_of_the_combinations_graph_and_encodings"/>
    <testcase time="2.09299999999996" classname="shinytest2_tm_misssing_data" name="e2e_tm_missing_data_Check_default_settings_and_visibility_of_the_combinations_graph_and_encodings"/>
    <testcase time="2.09199999999998" classname="shinytest2_tm_misssing_data" name="e2e_tm_missing_data_Check_default_settings_and_visibility_of_the_combinations_graph_and_encodings"/>
    <testcase time="0.0919999999999845" classname="shinytest2_tm_misssing_data" name="e2e_tm_missing_data_Check_default_settings_and_visibility_of_the_combinations_graph_and_encodings"/>
    <testcase time="1.30700000000002" classname="shinytest2_tm_misssing_data" name="e2e_tm_missing_data_Check_default_settings_and_visibility_of_the_combinations_graph_and_encodings"/>
    <testcase time="0.22300000000007" classname="shinytest2_tm_misssing_data" name="e2e_tm_missing_data_Validate_functionality_and_UI_response_for_By_Variable_Levels_"/>
    <testcase time="6.28399999999999" classname="shinytest2_tm_misssing_data" name="e2e_tm_missing_data_Validate_functionality_and_UI_response_for_By_Variable_Levels_"/>
    <testcase time="0.0480000000000018" classname="shinytest2_tm_misssing_data" name="e2e_tm_missing_data_Validate_functionality_and_UI_response_for_By_Variable_Levels_"/>
    <testcase time="0.0520000000000209" classname="shinytest2_tm_misssing_data" name="e2e_tm_missing_data_Validate_functionality_and_UI_response_for_By_Variable_Levels_"/>
    <testcase time="0.782999999999902" classname="shinytest2_tm_misssing_data" name="e2e_tm_missing_data_Validate_functionality_and_UI_response_for_By_Variable_Levels_"/>
    <testcase time="0.00900000000001455" classname="shinytest2_tm_misssing_data" name="e2e_tm_missing_data_Validate_functionality_and_UI_response_for_By_Variable_Levels_"/>
    <testcase time="2.88900000000001" classname="shinytest2_tm_misssing_data" name="e2e_tm_missing_data_Validate_functionality_and_UI_response_for_By_Variable_Levels_"/>
    <testcase time="0.22300000000007" classname="shinytest2_tm_misssing_data" name="e2e_tm_missing_data_Validate_By_Variable_Levels_table_values"/>
    <testcase time="6.25400000000002" classname="shinytest2_tm_misssing_data" name="e2e_tm_missing_data_Validate_By_Variable_Levels_table_values"/>
  </testsuite>
  <testsuite name="shinytest2-tm_outliers" timestamp="2024-12-11T13:21:08Z" hostname="f17b86de3dda" tests="61" skipped="0" failures="0" errors="0" time="110.799">
    <testcase time="6.33199999999999" classname="shinytest2_tm_outliers" name="e2e_tm_outliers_Data_parameter_and_module_label_is_passed_properly."/>
    <testcase time="0.00499999999999545" classname="shinytest2_tm_outliers" name="e2e_tm_outliers_Data_parameter_and_module_label_is_passed_properly."/>
    <testcase time="0.0040000000000191" classname="shinytest2_tm_outliers" name="e2e_tm_outliers_Data_parameter_and_module_label_is_passed_properly."/>
    <testcase time="0.000999999999976353" classname="shinytest2_tm_outliers" name="e2e_tm_outliers_Data_parameter_and_module_label_is_passed_properly."/>
    <testcase time="6.255" classname="shinytest2_tm_outliers" name="e2e_tm_outliers_Data_extract_spec_elements_are_initialized_with_the_default_values_specified_by_outlier_var_and_categorical_var_argument."/>
    <testcase time="0.0489999999999782" classname="shinytest2_tm_outliers" name="e2e_tm_outliers_Data_extract_spec_elements_are_initialized_with_the_default_values_specified_by_outlier_var_and_categorical_var_argument."/>
    <testcase time="1.71100000000001" classname="shinytest2_tm_outliers" name="e2e_tm_outliers_Data_extract_spec_elements_are_initialized_with_the_default_values_specified_by_outlier_var_and_categorical_var_argument."/>
    <testcase time="0.00900000000001455" classname="shinytest2_tm_outliers" name="e2e_tm_outliers_Data_extract_spec_elements_are_initialized_with_the_default_values_specified_by_outlier_var_and_categorical_var_argument."/>
    <testcase time="0.0520000000000209" classname="shinytest2_tm_outliers" name="e2e_tm_outliers_Data_extract_spec_elements_are_initialized_with_the_default_values_specified_by_outlier_var_and_categorical_var_argument."/>
    <testcase time="1.12699999999995" classname="shinytest2_tm_outliers" name="e2e_tm_outliers_Data_extract_spec_elements_are_initialized_with_the_default_values_specified_by_outlier_var_and_categorical_var_argument."/>
    <testcase time="0.740000000000009" classname="shinytest2_tm_outliers" name="e2e_tm_outliers_Data_extract_spec_elements_are_initialized_with_the_default_values_specified_by_outlier_var_and_categorical_var_argument."/>
    <testcase time="6.18499999999995" classname="shinytest2_tm_outliers" name="e2e_tm_outliers_Plot_type_is_correctly_set_by_default_and_has_appropriate_possible_options."/>
    <testcase time="0.0490000000000919" classname="shinytest2_tm_outliers" name="e2e_tm_outliers_Plot_type_is_correctly_set_by_default_and_has_appropriate_possible_options."/>
    <testcase time="0.00499999999999545" classname="shinytest2_tm_outliers" name="e2e_tm_outliers_Plot_type_is_correctly_set_by_default_and_has_appropriate_possible_options."/>
    <testcase time="1.79300000000001" classname="shinytest2_tm_outliers" name="e2e_tm_outliers_Plot_type_is_correctly_set_by_default_and_has_appropriate_possible_options."/>
    <testcase time="6.23199999999997" classname="shinytest2_tm_outliers" name="e2e_tm_outliers_Module_is_divided_into_3_tabs."/>
    <testcase time="0.0499999999999545" classname="shinytest2_tm_outliers" name="e2e_tm_outliers_Module_is_divided_into_3_tabs."/>
    <testcase time="0.0080000000000382" classname="shinytest2_tm_outliers" name="e2e_tm_outliers_Module_is_divided_into_3_tabs."/>
    <testcase time="6.30700000000002" classname="shinytest2_tm_outliers" name="e2e_tm_outliers_Plot_type_is_hidden_when_Boxplot_tab_is_not_selected."/>
    <testcase time="2.10000000000002" classname="shinytest2_tm_outliers" name="e2e_tm_outliers_Plot_type_is_hidden_when_Boxplot_tab_is_not_selected."/>
    <testcase time="4.19699999999989" classname="shinytest2_tm_outliers" name="e2e_tm_outliers_Plot_type_is_hidden_when_Boxplot_tab_is_not_selected."/>
    <testcase time="4.38600000000008" classname="shinytest2_tm_outliers" name="e2e_tm_outliers_Plot_type_is_hidden_when_Boxplot_tab_is_not_selected."/>
    <testcase time="6.26900000000001" classname="shinytest2_tm_outliers" name="e2e_tm_outliers_Default_radio_buttons_are_set_properly."/>
    <testcase time="0.0509999999999309" classname="shinytest2_tm_outliers" name="e2e_tm_outliers_Default_radio_buttons_are_set_properly."/>
    <testcase time="0.0529999999999973" classname="shinytest2_tm_outliers" name="e2e_tm_outliers_Default_radio_buttons_are_set_properly."/>
    <testcase time="3.47300000000007" classname="shinytest2_tm_outliers" name="e2e_tm_outliers_Default_radio_buttons_are_set_properly."/>
    <testcase time="6.26699999999994" classname="shinytest2_tm_outliers" name="e2e_tm_outliers_Method_parameters_are_set_properly."/>
    <testcase time="0.0480000000000018" classname="shinytest2_tm_outliers" name="e2e_tm_outliers_Method_parameters_are_set_properly."/>
    <testcase time="0.00500000000010914" classname="shinytest2_tm_outliers" name="e2e_tm_outliers_Method_parameters_are_set_properly."/>
    <testcase time="0.000999999999976353" classname="shinytest2_tm_outliers" name="e2e_tm_outliers_Method_parameters_are_set_properly."/>
    <testcase time="6.31899999999996" classname="shinytest2_tm_outliers" name="e2e_tm_outliers_Outlier_definition_text_and_range_are_displayed_properly_depending_on_method."/>
    <testcase time="2.10000000000002" classname="shinytest2_tm_outliers" name="e2e_tm_outliers_Outlier_definition_text_and_range_are_displayed_properly_depending_on_method."/>
    <testcase time="2.09699999999998" classname="shinytest2_tm_outliers" name="e2e_tm_outliers_Outlier_definition_text_and_range_are_displayed_properly_depending_on_method."/>
    <testcase time="2.09900000000005" classname="shinytest2_tm_outliers" name="e2e_tm_outliers_Outlier_definition_text_and_range_are_displayed_properly_depending_on_method."/>
    <testcase time="0.0489999999999782" classname="shinytest2_tm_outliers" name="e2e_tm_outliers_Outlier_definition_text_and_range_are_displayed_properly_depending_on_method."/>
    <testcase time="0.0130000000000337" classname="shinytest2_tm_outliers" name="e2e_tm_outliers_Outlier_definition_text_and_range_are_displayed_properly_depending_on_method."/>
    <testcase time="0.0819999999999936" classname="shinytest2_tm_outliers" name="e2e_tm_outliers_Outlier_definition_text_and_range_are_displayed_properly_depending_on_method."/>
    <testcase time="1.67899999999997" classname="shinytest2_tm_outliers" name="e2e_tm_outliers_Outlier_definition_text_and_range_are_displayed_properly_depending_on_method."/>
    <testcase time="1.62599999999998" classname="shinytest2_tm_outliers" name="e2e_tm_outliers_Outlier_definition_text_and_range_are_displayed_properly_depending_on_method."/>
    <testcase time="2.30700000000002" classname="shinytest2_tm_outliers" name="e2e_tm_outliers_Outlier_definition_text_and_range_are_displayed_properly_depending_on_method."/>
    <testcase time="0.0120000000000573" classname="shinytest2_tm_outliers" name="e2e_tm_outliers_Outlier_definition_text_and_range_are_displayed_properly_depending_on_method."/>
    <testcase time="0.00900000000001455" classname="shinytest2_tm_outliers" name="e2e_tm_outliers_Outlier_definition_text_and_range_are_displayed_properly_depending_on_method."/>
    <testcase time="1.625" classname="shinytest2_tm_outliers" name="e2e_tm_outliers_Outlier_definition_text_and_range_are_displayed_properly_depending_on_method."/>
    <testcase time="1.83999999999992" classname="shinytest2_tm_outliers" name="e2e_tm_outliers_Outlier_definition_text_and_range_are_displayed_properly_depending_on_method."/>
    <testcase time="2.30500000000006" classname="shinytest2_tm_outliers" name="e2e_tm_outliers_Outlier_definition_text_and_range_are_displayed_properly_depending_on_method."/>
    <testcase time="0.0109999999999673" classname="shinytest2_tm_outliers" name="e2e_tm_outliers_Outlier_definition_text_and_range_are_displayed_properly_depending_on_method."/>
    <testcase time="0.00999999999999091" classname="shinytest2_tm_outliers" name="e2e_tm_outliers_Outlier_definition_text_and_range_are_displayed_properly_depending_on_method."/>
    <testcase time="1.52999999999997" classname="shinytest2_tm_outliers" name="e2e_tm_outliers_Outlier_definition_text_and_range_are_displayed_properly_depending_on_method."/>
    <testcase time="6.16800000000001" classname="shinytest2_tm_outliers" name="e2e_tm_outliers_Outliers_summary_table_is_displayed_with_proper_content."/>
    <testcase time="0.00499999999999545" classname="shinytest2_tm_outliers" name="e2e_tm_outliers_Outliers_summary_table_is_displayed_with_proper_content."/>
    <testcase time="0.0040000000000191" classname="shinytest2_tm_outliers" name="e2e_tm_outliers_Outliers_summary_table_is_displayed_with_proper_content."/>
    <testcase time="0.0500000000000682" classname="shinytest2_tm_outliers" name="e2e_tm_outliers_Outliers_summary_table_is_displayed_with_proper_content."/>
    <testcase time="3.40899999999999" classname="shinytest2_tm_outliers" name="e2e_tm_outliers_Outliers_summary_table_is_displayed_with_proper_content."/>
    <testcase time="0.00599999999997181" classname="shinytest2_tm_outliers" name="e2e_tm_outliers_Outliers_summary_table_is_displayed_with_proper_content."/>
    <testcase time="1.65300000000002" classname="shinytest2_tm_outliers" name="e2e_tm_outliers_Outliers_summary_table_is_displayed_with_proper_content."/>
    <testcase time="0.0040000000000191" classname="shinytest2_tm_outliers" name="e2e_tm_outliers_Outliers_summary_table_is_displayed_with_proper_content."/>
    <testcase time="6.64699999999993" classname="shinytest2_tm_outliers" name="e2e_tm_outliers_Outlier_table_is_displayed_with_proper_content."/>
    <testcase time="3.37200000000007" classname="shinytest2_tm_outliers" name="e2e_tm_outliers_Outlier_table_is_displayed_with_proper_content."/>
    <testcase time="0.000999999999976353" classname="shinytest2_tm_outliers" name="e2e_tm_outliers_Outlier_table_is_displayed_with_proper_content."/>
    <testcase time="0.00199999999995271" classname="shinytest2_tm_outliers" name="e2e_tm_outliers_Outlier_table_is_displayed_with_proper_content."/>
    <testcase time="0.000999999999976353" classname="shinytest2_tm_outliers" name="e2e_tm_outliers_Outlier_table_is_displayed_with_proper_content."/>
  </testsuite>
  <testsuite name="shinytest2-tm_t_crosstable" timestamp="2024-12-11T13:22:59Z" hostname="f17b86de3dda" tests="9" skipped="0" failures="0" errors="0" time="31.868">
    <testcase time="5.75100000000009" classname="shinytest2_tm_t_crosstable" name="e2e_tm_t_crosstable_Initializes_without_errors"/>
    <testcase time="0.00399999999990541" classname="shinytest2_tm_t_crosstable" name="e2e_tm_t_crosstable_Initializes_without_errors"/>
    <testcase time="0.0040000000000191" classname="shinytest2_tm_t_crosstable" name="e2e_tm_t_crosstable_Initializes_without_errors"/>
    <testcase time="7.79599999999994" classname="shinytest2_tm_t_crosstable" name="e2e_tm_t_crosstable_Verify_module_displays_data_table"/>
    <testcase time="5.75800000000004" classname="shinytest2_tm_t_crosstable" name="e2e_tm_t_crosstable_Verify_default_values_and_settings_data_extracts_for_data_selection"/>
    <testcase time="0.0489999999999782" classname="shinytest2_tm_t_crosstable" name="e2e_tm_t_crosstable_Verify_default_values_and_settings_data_extracts_for_data_selection"/>
    <testcase time="2" classname="shinytest2_tm_t_crosstable" name="e2e_tm_t_crosstable_Verify_default_values_and_settings_data_extracts_for_data_selection"/>
    <testcase time="8.19600000000003" classname="shinytest2_tm_t_crosstable" name="e2e_tm_t_crosstable_Change_plot_settings"/>
    <testcase time="2.30999999999995" classname="shinytest2_tm_t_crosstable" name="e2e_tm_t_crosstable_Change_plot_settings"/>
  </testsuite>
  <testsuite name="shinytest2-tm_variable_browser" timestamp="2024-12-11T13:23:31Z" hostname="f17b86de3dda" tests="24" skipped="0" failures="0" errors="0" time="59.145">
    <testcase time="5.56100000000004" classname="shinytest2_tm_variable_browser" name="e2e_tm_variable_browser_content_is_displayed_correctly."/>
    <testcase time="0.00499999999999545" classname="shinytest2_tm_variable_browser" name="e2e_tm_variable_browser_content_is_displayed_correctly."/>
    <testcase time="2.09100000000001" classname="shinytest2_tm_variable_browser" name="e2e_tm_variable_browser_content_is_displayed_correctly."/>
    <testcase time="0.00499999999999545" classname="shinytest2_tm_variable_browser" name="e2e_tm_variable_browser_content_is_displayed_correctly."/>
    <testcase time="0.0040000000000191" classname="shinytest2_tm_variable_browser" name="e2e_tm_variable_browser_content_is_displayed_correctly."/>
    <testcase time="8.32099999999991" classname="shinytest2_tm_variable_browser" name="e2e_tm_variable_browser_Selecting_treat_variable_as_factor_changes_the_table_headers."/>
    <testcase time="7.072" classname="shinytest2_tm_variable_browser" name="e2e_tm_variable_browser_selection_of_categorical_variable_has_a_table_with_level_header."/>
    <testcase time="7.88000000000011" classname="shinytest2_tm_variable_browser" name="e2e_tm_variable_browser_changing_display_density_encoding_doesn_t_show_errors."/>
    <testcase time="2.33199999999999" classname="shinytest2_tm_variable_browser" name="e2e_tm_variable_browser_changing_display_density_encoding_doesn_t_show_errors."/>
    <testcase time="5.57099999999991" classname="shinytest2_tm_variable_browser" name="e2e_tm_variable_browser_changing_outlier_definition_encoding_doesn_t_show_errors."/>
    <testcase time="2.97800000000007" classname="shinytest2_tm_variable_browser" name="e2e_tm_variable_browser_changing_outlier_definition_encoding_doesn_t_show_errors."/>
    <testcase time="0.0040000000000191" classname="shinytest2_tm_variable_browser" name="e2e_tm_variable_browser_changing_outlier_definition_encoding_doesn_t_show_errors."/>
    <testcase time="0.786999999999921" classname="shinytest2_tm_variable_browser" name="e2e_tm_variable_browser_changing_outlier_definition_encoding_doesn_t_show_errors."/>
    <testcase time="2.33400000000006" classname="shinytest2_tm_variable_browser" name="e2e_tm_variable_browser_changing_outlier_definition_encoding_doesn_t_show_errors."/>
    <testcase time="7.66800000000001" classname="shinytest2_tm_variable_browser" name="e2e_tm_variable_browser_changing_plot_setting_encodings_doesn_t_show_errors."/>
    <testcase time="0.740000000000009" classname="shinytest2_tm_variable_browser" name="e2e_tm_variable_browser_changing_plot_setting_encodings_doesn_t_show_errors."/>
    <testcase time="0.716999999999985" classname="shinytest2_tm_variable_browser" name="e2e_tm_variable_browser_changing_plot_setting_encodings_doesn_t_show_errors."/>
    <testcase time="0.716000000000008" classname="shinytest2_tm_variable_browser" name="e2e_tm_variable_browser_changing_plot_setting_encodings_doesn_t_show_errors."/>
    <testcase time="0.716000000000008" classname="shinytest2_tm_variable_browser" name="e2e_tm_variable_browser_changing_plot_setting_encodings_doesn_t_show_errors."/>
    <testcase time="0.713999999999942" classname="shinytest2_tm_variable_browser" name="e2e_tm_variable_browser_changing_plot_setting_encodings_doesn_t_show_errors."/>
    <testcase time="0.731999999999971" classname="shinytest2_tm_variable_browser" name="e2e_tm_variable_browser_changing_plot_setting_encodings_doesn_t_show_errors."/>
    <testcase time="0.73599999999999" classname="shinytest2_tm_variable_browser" name="e2e_tm_variable_browser_changing_plot_setting_encodings_doesn_t_show_errors."/>
    <testcase time="0.738000000000056" classname="shinytest2_tm_variable_browser" name="e2e_tm_variable_browser_changing_plot_setting_encodings_doesn_t_show_errors."/>
    <testcase time="0.72300000000007" classname="shinytest2_tm_variable_browser" name="e2e_tm_variable_browser_changing_plot_setting_encodings_doesn_t_show_errors."/>
  </testsuite>
  <testsuite name="tm_g_bivariate" timestamp="2024-12-11T13:24:30Z" hostname="f17b86de3dda" tests="18" skipped="0" failures="0" errors="0" time="0.186">
    <testcase time="0.0729999999999791" classname="tm_g_bivariate" name="tm_g_bivariate_creates_a_teal_module_object"/>
    <testcase time="0.00499999999999545" classname="tm_g_bivariate" name="tm_g_bivariate_creates_a_teal_module_object_with_default_options"/>
    <testcase time="0.00499999999999545" classname="tm_g_bivariate" name="tm_g_bivariate_creates_a_teal_module_object_with_multiple_data_extract_specs"/>
    <testcase time="0.0040000000000191" classname="tm_g_bivariate" name="tm_g_bivariate_creates_a_module_with_datanames_taken_from_data_extracts"/>
    <testcase time="0.00799999999992451" classname="tm_g_bivariate" name="tm_g_bivariate_fails_when_x_contains_a_spec_with_multiple_selection"/>
    <testcase time="0.00700000000006185" classname="tm_g_bivariate" name="tm_g_bivariate_fails_when_x_contains_multiple_spec_with_at_least_one_multiple_selection"/>
    <testcase time="0.00699999999994816" classname="tm_g_bivariate" name="tm_g_bivariate_fails_when_x_contains_multiple_spec_with_at_least_one_multiple_selection"/>
    <testcase time="0.00700000000006185" classname="tm_g_bivariate" name="tm_g_bivariate_fails_when_y_contains_multiple_spec_with_at_least_one_multiple_selection"/>
    <testcase time="0.00699999999994816" classname="tm_g_bivariate" name="tm_g_bivariate_fails_when_plot_height_is_not_valid"/>
    <testcase time="0.00700000000006185" classname="tm_g_bivariate" name="tm_g_bivariate_fails_when_plot_height_is_not_valid"/>
    <testcase time="0.00799999999992451" classname="tm_g_bivariate" name="tm_g_bivariate_fails_when_plot_height_is_not_valid"/>
    <testcase time="0.00700000000006185" classname="tm_g_bivariate" name="tm_g_bivariate_fails_when_plot_width_is_not_valid"/>
    <testcase time="0.00699999999994816" classname="tm_g_bivariate" name="tm_g_bivariate_fails_when_plot_width_is_not_valid"/>
    <testcase time="0.00700000000006185" classname="tm_g_bivariate" name="tm_g_bivariate_fails_when_plot_width_is_not_valid"/>
    <testcase time="0.00699999999994816" classname="tm_g_bivariate" name="tm_g_bivariate_fails_when_color_setting_is_FALSE_and_color_is_supplied"/>
    <testcase time="0.0080000000000382" classname="tm_g_bivariate" name="tm_g_bivariate_fails_when_color_setting_is_FALSE_and_size_is_supplied"/>
    <testcase time="0.00699999999994816" classname="tm_g_bivariate" name="tm_g_bivariate_fails_when_color_setting_is_FALSE_and_fill_is_supplied"/>
    <testcase time="0.00499999999999545" classname="tm_g_bivariate" name="tm_g_bivariate_determines_color_size_and_fill_when_color_setting_is_TRUE"/>
  </testsuite>
  <testsuite name="bivariate_ggplot_call" timestamp="2024-12-11T13:24:30Z" hostname="f17b86de3dda" tests="21" skipped="0" failures="0" errors="0" time="0.063">
    <testcase time="0.00700000000006185" classname="bivariate_ggplot_call" name="bivariate_ggplot_call_with_numerics"/>
    <testcase time="0.00299999999992906" classname="bivariate_ggplot_call" name="bivariate_ggplot_call_with_numerics"/>
    <testcase time="0.00200000000006639" classname="bivariate_ggplot_call" name="bivariate_ggplot_call_with_numerics"/>
    <testcase time="0.00199999999995271" classname="bivariate_ggplot_call" name="bivariate_ggplot_call_with_numerics"/>
    <testcase time="0.00499999999999545" classname="bivariate_ggplot_call" name="bivariate_ggplot_call_with_factor_char_logical"/>
    <testcase time="0.00200000000006639" classname="bivariate_ggplot_call" name="bivariate_ggplot_call_with_factor_char_logical"/>
    <testcase time="0.00299999999992906" classname="bivariate_ggplot_call" name="bivariate_ggplot_call_with_factor_char_logical"/>
    <testcase time="0.00200000000006639" classname="bivariate_ggplot_call" name="bivariate_ggplot_call_with_factor_char_logical"/>
    <testcase time="0.00199999999995271" classname="bivariate_ggplot_call" name="bivariate_ggplot_call_with_factor_char_logical"/>
    <testcase time="0.00300000000004275" classname="bivariate_ggplot_call" name="bivariate_ggplot_call_with_factor_char_logical"/>
    <testcase time="0.00199999999995271" classname="bivariate_ggplot_call" name="bivariate_ggplot_call_with_factor_char_logical"/>
    <testcase time="0.00499999999999545" classname="bivariate_ggplot_call" name="bivariate_ggplot_call_with_single_data_numeric"/>
    <testcase time="0.00200000000006639" classname="bivariate_ggplot_call" name="bivariate_ggplot_call_with_single_data_numeric"/>
    <testcase time="0.00199999999995271" classname="bivariate_ggplot_call" name="bivariate_ggplot_call_with_single_data_numeric"/>
    <testcase time="0.00300000000004275" classname="bivariate_ggplot_call" name="bivariate_ggplot_call_with_single_data_numeric"/>
    <testcase time="0.00199999999995271" classname="bivariate_ggplot_call" name="bivariate_ggplot_call_with_single_data_numeric"/>
    <testcase time="0.0040000000000191" classname="bivariate_ggplot_call" name="bivariate_ggplot_call_with_single_data_numeric"/>
    <testcase time="0.0040000000000191" classname="bivariate_ggplot_call" name="bivariate_ggplot_call_with_single_data_factor"/>
    <testcase time="0.00299999999992906" classname="bivariate_ggplot_call" name="bivariate_ggplot_call_with_single_data_factor"/>
    <testcase time="0.00200000000006639" classname="bivariate_ggplot_call" name="bivariate_ggplot_call_with_single_data_factor"/>
    <testcase time="0.00299999999992906" classname="bivariate_ggplot_call" name="bivariate_ggplot_call_with_single_data_factor"/>
  </testsuite>
  <testsuite name="front_page" timestamp="2024-12-11T13:24:30Z" hostname="f17b86de3dda" tests="4" skipped="0" failures="0" errors="0" time="0.024">
    <testcase time="0.00600000000008549" classname="front_page" name="convert_metadata_to_dataframe_returns_a_data_frame_with_no_rows_if_no_metadata"/>
    <testcase time="0.00399999999990541" classname="front_page" name="convert_metadata_to_dataframe_returns_a_data_frame_with_metadata_if_more_than_one_dataset"/>
    <testcase time="0.0100000000001046" classname="front_page" name="convert_metadata_to_dataframe_returns_a_data_frame_with_metadata_if_one_dataset"/>
    <testcase time="0.00399999999990541" classname="front_page" name="convert_metadata_to_dataframe_converts_metadata_values_to_characters"/>
  </testsuite>
  <testsuite name="g_expert_cl" timestamp="2024-12-11T13:24:30Z" hostname="f17b86de3dda" tests="15" skipped="0" failures="0" errors="0" time="0.026">
    <testcase time="0.00499999999999545" classname="g_expert_cl" name="coloring_ggplot_call_can_work_with_all_combinations"/>
    <testcase time="0.00100000000009004" classname="g_expert_cl" name="coloring_ggplot_call_can_work_with_all_combinations"/>
    <testcase time="0.00199999999995271" classname="g_expert_cl" name="coloring_ggplot_call_can_work_with_all_combinations"/>
    <testcase time="0.000999999999976353" classname="g_expert_cl" name="coloring_ggplot_call_can_work_with_all_combinations"/>
    <testcase time="0.000999999999976353" classname="g_expert_cl" name="coloring_ggplot_call_can_work_with_all_combinations"/>
    <testcase time="0.00100000000009004" classname="g_expert_cl" name="coloring_ggplot_call_can_work_with_all_combinations"/>
    <testcase time="0.000999999999976353" classname="g_expert_cl" name="coloring_ggplot_call_can_work_with_all_combinations"/>
    <testcase time="0.00299999999992906" classname="g_expert_cl" name="coloring_ggplot_call_can_work_with_all_combinations_without_colour_var"/>
    <testcase time="0.00200000000006639" classname="g_expert_cl" name="coloring_ggplot_call_can_work_with_all_combinations_without_colour_var"/>
    <testcase time="0.000999999999976353" classname="g_expert_cl" name="coloring_ggplot_call_can_work_with_all_combinations_without_colour_var"/>
    <testcase time="0.000999999999976353" classname="g_expert_cl" name="coloring_ggplot_call_can_work_with_all_combinations_without_colour_var"/>
    <testcase time="0.00100000000009004" classname="g_expert_cl" name="coloring_ggplot_call_can_work_with_all_combinations_without_colour_var"/>
    <testcase time="0.00299999999992906" classname="g_expert_cl" name="coloring_ggplot_call_can_work_size_var"/>
    <testcase time="0.00200000000006639" classname="g_expert_cl" name="coloring_ggplot_call_can_work_size_var"/>
    <testcase time="0.000999999999976353" classname="g_expert_cl" name="coloring_ggplot_call_can_work_size_var"/>
  </testsuite>
  <testsuite name="scatterplotmatrix_get_stats" timestamp="2024-12-11T13:24:30Z" hostname="f17b86de3dda" tests="6" skipped="0" failures="0" errors="0" time="0.021">
    <testcase time="0.00699999999994816" classname="scatterplotmatrix_get_stats" name="get_scatterplotmatrix_stats_x_y_numeric"/>
    <testcase time="0.00200000000006639" classname="scatterplotmatrix_get_stats" name="get_scatterplotmatrix_stats_x_y_numeric"/>
    <testcase time="0.00299999999992906" classname="scatterplotmatrix_get_stats" name="get_scatterplotmatrix_stats_x_y_numeric"/>
    <testcase time="0.0040000000000191" classname="scatterplotmatrix_get_stats" name="get_scatterplotmatrix_stats_x_y_character"/>
    <testcase time="0.00300000000004275" classname="scatterplotmatrix_get_stats" name="get_scatterplotmatrix_stats_x_y_character"/>
    <testcase time="0.00199999999995271" classname="scatterplotmatrix_get_stats" name="get_scatterplotmatrix_stats_x_y_character"/>
  </testsuite>
  <testsuite name="variable_browser" timestamp="2024-12-11T13:24:30Z" hostname="f17b86de3dda" tests="3" skipped="0" failures="0" errors="0" time="0.013">
    <testcase time="0.00499999999999545" classname="variable_browser" name="remove_outliers_from_does_not_remove_outliers_when_outlier_definition_is_zero"/>
    <testcase time="0.0040000000000191" classname="variable_browser" name="remove_outliers_from_removes_outliers_when_outlier_definition_is_non_zero"/>
    <testcase time="0.0040000000000191" classname="variable_browser" name="remove_outliers_from_keeps_missing_values_unchanged"/>
  </testsuite>
</testsuites>
